2020-10-22 10:38:16,830 - mmdet - INFO - Environment info:
------------------------------------------------------------
sys.platform: linux
Python: 3.6.12 |Anaconda, Inc.| (default, Sep  8 2020, 23:10:56) [GCC 7.3.0]
CUDA available: True
GPU 0,1: GeForce RTX 2080 Ti
CUDA_HOME: /usr/local/cuda
NVCC: Cuda compilation tools, release 10.0, V10.0.130
GCC: gcc (Ubuntu 5.4.0-6ubuntu1~16.04.11) 5.4.0 20160609
PyTorch: 1.4.0
PyTorch compiling details: PyTorch built with:
  - GCC 7.3
  - Intel(R) Math Kernel Library Version 2020.0.2 Product Build 20200624 for Intel(R) 64 architecture applications
  - Intel(R) MKL-DNN v0.21.1 (Git Hash 7d2fd500bc78936d1d648ca713b901012f470dbc)
  - OpenMP 201511 (a.k.a. OpenMP 4.5)
  - NNPACK is enabled
  - CUDA Runtime 10.0
  - NVCC architecture flags: -gencode;arch=compute_37,code=sm_37;-gencode;arch=compute_50,code=sm_50;-gencode;arch=compute_60,code=sm_60;-gencode;arch=compute_61,code=sm_61;-gencode;arch=compute_70,code=sm_70;-gencode;arch=compute_75,code=sm_75;-gencode;arch=compute_37,code=compute_37
  - CuDNN 7.6.3
  - Magma 2.5.1
  - Build settings: BLAS=MKL, BUILD_NAMEDTENSOR=OFF, BUILD_TYPE=Release, CXX_FLAGS= -Wno-deprecated -fvisibility-inlines-hidden -fopenmp -DUSE_FBGEMM -DUSE_QNNPACK -DUSE_PYTORCH_QNNPACK -O2 -fPIC -Wno-narrowing -Wall -Wextra -Wno-missing-field-initializers -Wno-type-limits -Wno-array-bounds -Wno-unknown-pragmas -Wno-sign-compare -Wno-unused-parameter -Wno-unused-variable -Wno-unused-function -Wno-unused-result -Wno-strict-overflow -Wno-strict-aliasing -Wno-error=deprecated-declarations -Wno-stringop-overflow -Wno-error=pedantic -Wno-error=redundant-decls -Wno-error=old-style-cast -fdiagnostics-color=always -faligned-new -Wno-unused-but-set-variable -Wno-maybe-uninitialized -fno-math-errno -fno-trapping-math -Wno-stringop-overflow, DISABLE_NUMA=1, PERF_WITH_AVX=1, PERF_WITH_AVX2=1, PERF_WITH_AVX512=1, USE_CUDA=ON, USE_EXCEPTION_PTR=1, USE_GFLAGS=OFF, USE_GLOG=OFF, USE_MKL=ON, USE_MKLDNN=ON, USE_MPI=OFF, USE_NCCL=ON, USE_NNPACK=ON, USE_OPENMP=ON, USE_STATIC_DISPATCH=OFF, 

TorchVision: 0.5.0
OpenCV: 4.4.0
MMCV: 1.1.5
MMCV Compiler: GCC 7.3
MMCV CUDA Compiler: 10.0
MMDetection: 2.5.0+
------------------------------------------------------------

2020-10-22 10:38:17,253 - mmdet - INFO - Distributed training: True
2020-10-22 10:38:17,618 - mmdet - INFO - Config:
dataset_type = 'VOCDataset'
data_root = '/root/userfolder/data/'
img_norm_cfg = dict(
    mean=[102.9801, 115.9465, 122.7717], std=[1.0, 1.0, 1.0], to_rgb=False)
train_pipeline = [
    dict(type='LoadImageFromFile'),
    dict(type='LoadAnnotations', with_bbox=True),
    dict(type='Resize', img_scale=(1333, 800), keep_ratio=True),
    dict(type='RandomFlip', flip_ratio=0.5),
    dict(
        type='Normalize',
        mean=[102.9801, 115.9465, 122.7717],
        std=[1.0, 1.0, 1.0],
        to_rgb=False),
    dict(type='Pad', size_divisor=32),
    dict(type='DefaultFormatBundle'),
    dict(type='Collect', keys=['img', 'gt_bboxes', 'gt_labels'])
]
test_pipeline = [
    dict(type='LoadImageFromFile'),
    dict(
        type='MultiScaleFlipAug',
        img_scale=(1333, 800),
        flip=False,
        transforms=[
            dict(type='Resize', keep_ratio=True),
            dict(type='RandomFlip'),
            dict(
                type='Normalize',
                mean=[102.9801, 115.9465, 122.7717],
                std=[1.0, 1.0, 1.0],
                to_rgb=False),
            dict(type='Pad', size_divisor=32),
            dict(type='ImageToTensor', keys=['img']),
            dict(type='Collect', keys=['img'])
        ])
]
data = dict(
    samples_per_gpu=4,
    workers_per_gpu=0,
    train=dict(
        type='RepeatDataset',
        times=3,
        dataset=dict(
            type='VOCDataset',
            ann_file=[
                '/root/userfolder/data/VOC2012/ImageSets/Main/trainval.txt'
            ],
            img_prefix=['/root/userfolder/data/VOC2012/'],
            pipeline=[
                dict(type='LoadImageFromFile'),
                dict(type='LoadAnnotations', with_bbox=True),
                dict(type='Resize', img_scale=(1000, 600), keep_ratio=True),
                dict(type='RandomFlip', flip_ratio=0.5),
                dict(
                    type='Normalize',
                    mean=[123.675, 116.28, 103.53],
                    std=[58.395, 57.12, 57.375],
                    to_rgb=True),
                dict(type='Pad', size_divisor=32),
                dict(type='DefaultFormatBundle'),
                dict(type='Collect', keys=['img', 'gt_bboxes', 'gt_labels'])
            ]),
        pipeline=[
            dict(type='LoadImageFromFile'),
            dict(type='LoadAnnotations', with_bbox=True),
            dict(type='Resize', img_scale=(1333, 800), keep_ratio=True),
            dict(type='RandomFlip', flip_ratio=0.5),
            dict(
                type='Normalize',
                mean=[102.9801, 115.9465, 122.7717],
                std=[1.0, 1.0, 1.0],
                to_rgb=False),
            dict(type='Pad', size_divisor=32),
            dict(type='DefaultFormatBundle'),
            dict(type='Collect', keys=['img', 'gt_bboxes', 'gt_labels'])
        ]),
    val=dict(
        type='VOCDataset',
        ann_file='/root/userfolder/data/VOC2012/ImageSets/Main/val.txt',
        img_prefix='/root/userfolder/data/VOC2012/',
        pipeline=[
            dict(type='LoadImageFromFile'),
            dict(
                type='MultiScaleFlipAug',
                img_scale=(1333, 800),
                flip=False,
                transforms=[
                    dict(type='Resize', keep_ratio=True),
                    dict(type='RandomFlip'),
                    dict(
                        type='Normalize',
                        mean=[102.9801, 115.9465, 122.7717],
                        std=[1.0, 1.0, 1.0],
                        to_rgb=False),
                    dict(type='Pad', size_divisor=32),
                    dict(type='ImageToTensor', keys=['img']),
                    dict(type='Collect', keys=['img'])
                ])
        ]),
    test=dict(
        type='VOCDataset',
        ann_file='/root/userfolder/data/VOC2012/ImageSets/Main/val.txt',
        img_prefix='/root/userfolder/data/VOC2012/',
        pipeline=[
            dict(type='LoadImageFromFile'),
            dict(
                type='MultiScaleFlipAug',
                img_scale=(1333, 800),
                flip=False,
                transforms=[
                    dict(type='Resize', keep_ratio=True),
                    dict(type='RandomFlip'),
                    dict(
                        type='Normalize',
                        mean=[102.9801, 115.9465, 122.7717],
                        std=[1.0, 1.0, 1.0],
                        to_rgb=False),
                    dict(type='Pad', size_divisor=32),
                    dict(type='ImageToTensor', keys=['img']),
                    dict(type='Collect', keys=['img'])
                ])
        ]))
evaluation = dict(interval=1, metric='mAP')
optimizer = dict(
    type='SGD',
    lr=0.01,
    momentum=0.9,
    weight_decay=0.0001,
    paramwise_cfg=dict(bias_lr_mult=2.0, bias_decay_mult=0.0))
optimizer_config = dict(grad_clip=dict(max_norm=35, norm_type=2))
lr_config = dict(
    policy='step',
    warmup='constant',
    warmup_iters=500,
    warmup_ratio=0.3333333333333333,
    step=[8, 11])
total_epochs = 12
checkpoint_config = dict(interval=1)
log_config = dict(interval=50, hooks=[dict(type='TextLoggerHook')])
dist_params = dict(backend='nccl')
log_level = 'INFO'
load_from = None
resume_from = None
workflow = [('train', 1)]
model = dict(
    type='FCOS',
    pretrained='open-mmlab://detectron/resnet50_caffe',
    backbone=dict(
        type='ResNet',
        depth=50,
        num_stages=4,
        out_indices=(0, 1, 2, 3),
        frozen_stages=1,
        norm_cfg=dict(type='BN', requires_grad=False),
        norm_eval=True,
        style='caffe'),
    neck=dict(
        type='FPN',
        in_channels=[256, 512, 1024, 2048],
        out_channels=256,
        start_level=1,
        add_extra_convs=True,
        extra_convs_on_inputs=False,
        num_outs=5,
        relu_before_extra_convs=True),
    bbox_head=dict(
        type='FCOSHead',
        num_classes=80,
        in_channels=256,
        stacked_convs=4,
        feat_channels=256,
        strides=[8, 16, 32, 64, 128],
        norm_cfg=None,
        loss_cls=dict(
            type='FocalLoss',
            use_sigmoid=True,
            gamma=2.0,
            alpha=0.25,
            loss_weight=1.0),
        loss_bbox=dict(type='IoULoss', loss_weight=1.0),
        loss_centerness=dict(
            type='CrossEntropyLoss', use_sigmoid=True, loss_weight=1.0)))
train_cfg = dict(
    assigner=dict(
        type='MaxIoUAssigner',
        pos_iou_thr=0.5,
        neg_iou_thr=0.4,
        min_pos_iou=0,
        ignore_iof_thr=-1),
    allowed_border=-1,
    pos_weight=-1,
    debug=False)
test_cfg = dict(
    nms_pre=1000,
    min_bbox_size=0,
    score_thr=0.05,
    nms=dict(type='nms', iou_threshold=0.5),
    max_per_img=100)
work_dir = './work_dirs/fcos_r50_caffe_fpn_4x4_1x_coco'
gpu_ids = range(0, 1)

2020-10-22 10:38:17,965 - mmdet - INFO - load model from: open-mmlab://detectron/resnet50_caffe
2020-10-22 10:38:22,515 - mmdet - WARNING - The model and loaded state dict do not match exactly

unexpected key in source state_dict: conv1.bias, layer1.0.conv1.bias, layer1.0.conv2.bias, layer1.0.conv3.bias, layer1.0.downsample.0.bias, layer1.1.conv1.bias, layer1.1.conv2.bias, layer1.1.conv3.bias, layer1.2.conv1.bias, layer1.2.conv2.bias, layer1.2.conv3.bias, layer2.0.conv1.bias, layer2.0.conv2.bias, layer2.0.conv3.bias, layer2.0.downsample.0.bias, layer2.1.conv1.bias, layer2.1.conv2.bias, layer2.1.conv3.bias, layer2.2.conv1.bias, layer2.2.conv2.bias, layer2.2.conv3.bias, layer2.3.conv1.bias, layer2.3.conv2.bias, layer2.3.conv3.bias, layer3.0.conv1.bias, layer3.0.conv2.bias, layer3.0.conv3.bias, layer3.0.downsample.0.bias, layer3.1.conv1.bias, layer3.1.conv2.bias, layer3.1.conv3.bias, layer3.2.conv1.bias, layer3.2.conv2.bias, layer3.2.conv3.bias, layer3.3.conv1.bias, layer3.3.conv2.bias, layer3.3.conv3.bias, layer3.4.conv1.bias, layer3.4.conv2.bias, layer3.4.conv3.bias, layer3.5.conv1.bias, layer3.5.conv2.bias, layer3.5.conv3.bias, layer4.0.conv1.bias, layer4.0.conv2.bias, layer4.0.conv3.bias, layer4.0.downsample.0.bias, layer4.1.conv1.bias, layer4.1.conv2.bias, layer4.1.conv3.bias, layer4.2.conv1.bias, layer4.2.conv2.bias, layer4.2.conv3.bias

2020-10-22 10:38:24,883 - mmdet - INFO - Start running, host: root@48311a6e91ab, work_dir: /root/userfolder/mmdetection/work_dirs/fcos_r50_caffe_fpn_4x4_1x_coco
2020-10-22 10:38:24,883 - mmdet - INFO - workflow: [('train', 1)], max: 12 epochs
2020-10-22 10:38:54,196 - mmdet - INFO - Epoch [1][50/4328]	lr: 3.333e-03, eta: 8:26:53, time: 0.586, data_time: 0.160, memory: 3271, loss_cls: 31.5998, loss_bbox: -10.6193, loss_centerness: nan, loss: nan, grad_norm: nan
2020-10-22 10:39:13,473 - mmdet - INFO - Epoch [1][100/4328]	lr: 3.333e-03, eta: 6:59:44, time: 0.386, data_time: 0.114, memory: 3271, loss_cls: 21.5590, loss_bbox: -24.8121, loss_centerness: nan, loss: nan, grad_norm: nan
2020-10-22 10:39:34,382 - mmdet - INFO - Epoch [1][150/4328]	lr: 3.333e-03, eta: 6:39:51, time: 0.418, data_time: 0.116, memory: 3271, loss_cls: 21.5519, loss_bbox: -24.8689, loss_centerness: nan, loss: nan, grad_norm: nan
2020-10-22 10:39:54,461 - mmdet - INFO - Epoch [1][200/4328]	lr: 3.333e-03, eta: 6:25:48, time: 0.400, data_time: 0.114, memory: 3271, loss_cls: 21.5680, loss_bbox: -24.7822, loss_centerness: nan, loss: nan, grad_norm: nan
2020-10-22 10:40:14,173 - mmdet - INFO - Epoch [1][250/4328]	lr: 3.333e-03, eta: 6:16:33, time: 0.396, data_time: 0.115, memory: 3271, loss_cls: 21.5443, loss_bbox: -24.9771, loss_centerness: nan, loss: nan, grad_norm: nan
2020-10-22 10:40:33,853 - mmdet - INFO - Epoch [1][300/4328]	lr: 3.333e-03, eta: 6:09:57, time: 0.394, data_time: 0.109, memory: 3271, loss_cls: 21.5696, loss_bbox: -24.8698, loss_centerness: nan, loss: nan, grad_norm: nan
2020-10-22 10:40:53,459 - mmdet - INFO - Epoch [1][350/4328]	lr: 3.333e-03, eta: 6:04:57, time: 0.392, data_time: 0.111, memory: 3271, loss_cls: 21.5593, loss_bbox: -24.9386, loss_centerness: nan, loss: nan, grad_norm: nan
2020-10-22 10:41:13,051 - mmdet - INFO - Epoch [1][400/4328]	lr: 3.333e-03, eta: 6:01:05, time: 0.392, data_time: 0.111, memory: 3271, loss_cls: 21.5677, loss_bbox: -24.7291, loss_centerness: nan, loss: nan, grad_norm: nan
2020-10-22 10:41:32,713 - mmdet - INFO - Epoch [1][450/4328]	lr: 3.333e-03, eta: 5:58:09, time: 0.393, data_time: 0.114, memory: 3271, loss_cls: 21.5476, loss_bbox: -24.9109, loss_centerness: nan, loss: nan, grad_norm: nan
2020-10-22 10:41:52,069 - mmdet - INFO - Epoch [1][500/4328]	lr: 3.333e-03, eta: 5:55:12, time: 0.387, data_time: 0.109, memory: 3271, loss_cls: 21.5538, loss_bbox: -24.8835, loss_centerness: nan, loss: nan, grad_norm: nan
2020-10-22 10:42:11,829 - mmdet - INFO - Epoch [1][550/4328]	lr: 1.000e-02, eta: 5:53:22, time: 0.395, data_time: 0.111, memory: 3271, loss_cls: 21.5438, loss_bbox: -24.9292, loss_centerness: nan, loss: nan, grad_norm: nan
2020-10-22 10:42:31,170 - mmdet - INFO - Epoch [1][600/4328]	lr: 1.000e-02, eta: 5:51:11, time: 0.387, data_time: 0.111, memory: 3271, loss_cls: 21.5500, loss_bbox: -24.8991, loss_centerness: nan, loss: nan, grad_norm: nan
2020-10-22 10:42:51,059 - mmdet - INFO - Epoch [1][650/4328]	lr: 1.000e-02, eta: 5:50:01, time: 0.398, data_time: 0.112, memory: 3271, loss_cls: 21.5369, loss_bbox: -24.9601, loss_centerness: nan, loss: nan, grad_norm: nan
