2020-10-15 09:21:06,239 - mmdet - INFO - Environment info:
------------------------------------------------------------
sys.platform: linux
Python: 3.7.9 (default, Aug 31 2020, 12:42:55) [GCC 7.3.0]
CUDA available: True
GPU 0,1,2,3,4,5: GeForce RTX 2080 Ti
CUDA_HOME: /usr/local/cuda
NVCC: Cuda compilation tools, release 10.0, V10.0.130
GCC: gcc (Ubuntu 5.4.0-6ubuntu1~16.04.11) 5.4.0 20160609
PyTorch: 1.4.0
PyTorch compiling details: PyTorch built with:
  - GCC 7.3
  - Intel(R) Math Kernel Library Version 2020.0.2 Product Build 20200624 for Intel(R) 64 architecture applications
  - Intel(R) MKL-DNN v0.21.1 (Git Hash 7d2fd500bc78936d1d648ca713b901012f470dbc)
  - OpenMP 201511 (a.k.a. OpenMP 4.5)
  - NNPACK is enabled
  - CUDA Runtime 10.0
  - NVCC architecture flags: -gencode;arch=compute_37,code=sm_37;-gencode;arch=compute_50,code=sm_50;-gencode;arch=compute_60,code=sm_60;-gencode;arch=compute_61,code=sm_61;-gencode;arch=compute_70,code=sm_70;-gencode;arch=compute_75,code=sm_75;-gencode;arch=compute_37,code=compute_37
  - CuDNN 7.6.3
  - Magma 2.5.1
  - Build settings: BLAS=MKL, BUILD_NAMEDTENSOR=OFF, BUILD_TYPE=Release, CXX_FLAGS= -Wno-deprecated -fvisibility-inlines-hidden -fopenmp -DUSE_FBGEMM -DUSE_QNNPACK -DUSE_PYTORCH_QNNPACK -O2 -fPIC -Wno-narrowing -Wall -Wextra -Wno-missing-field-initializers -Wno-type-limits -Wno-array-bounds -Wno-unknown-pragmas -Wno-sign-compare -Wno-unused-parameter -Wno-unused-variable -Wno-unused-function -Wno-unused-result -Wno-strict-overflow -Wno-strict-aliasing -Wno-error=deprecated-declarations -Wno-stringop-overflow -Wno-error=pedantic -Wno-error=redundant-decls -Wno-error=old-style-cast -fdiagnostics-color=always -faligned-new -Wno-unused-but-set-variable -Wno-maybe-uninitialized -fno-math-errno -fno-trapping-math -Wno-stringop-overflow, DISABLE_NUMA=1, PERF_WITH_AVX=1, PERF_WITH_AVX2=1, PERF_WITH_AVX512=1, USE_CUDA=ON, USE_EXCEPTION_PTR=1, USE_GFLAGS=OFF, USE_GLOG=OFF, USE_MKL=ON, USE_MKLDNN=ON, USE_MPI=OFF, USE_NCCL=ON, USE_NNPACK=ON, USE_OPENMP=ON, USE_STATIC_DISPATCH=OFF, 

TorchVision: 0.5.0
OpenCV: 4.4.0
MMCV: 1.1.5
MMCV Compiler: GCC 7.3
MMCV CUDA Compiler: 10.0
MMDetection: 2.5.0+
------------------------------------------------------------

2020-10-15 09:21:06,733 - mmdet - INFO - Distributed training: True
2020-10-15 09:21:07,119 - mmdet - INFO - Config:
dataset_type = 'CocoDataset'
data_root = 'data/coco/'
annotations_root = 'annotations/'
image_root = '/root/userfolder/data/TCTAnnotatedData/'
classes = ('normal', 'ascus', 'asch', 'lsil', 'hsil_scc_omn',
           'agc_adenocarcinoma_em', 'vaginalis', 'monilia',
           'dysbacteriosis_herpes_act', 'ec')
img_norm_cfg = dict(
    mean=[102.9801, 115.9465, 122.7717], std=[1.0, 1.0, 1.0], to_rgb=False)
train_pipeline = [
    dict(type='LoadImageFromFile'),
    dict(type='LoadAnnotations', with_bbox=True),
    dict(type='Resize', img_scale=(1333, 800), keep_ratio=True),
    dict(type='RandomFlip', flip_ratio=0.5),
    dict(
        type='Normalize',
        mean=[102.9801, 115.9465, 122.7717],
        std=[1.0, 1.0, 1.0],
        to_rgb=False),
    dict(type='Pad', size_divisor=32),
    dict(type='DefaultFormatBundle'),
    dict(type='Collect', keys=['img', 'gt_bboxes', 'gt_labels'])
]
test_pipeline = [
    dict(type='LoadImageFromFile'),
    dict(
        type='MultiScaleFlipAug',
        img_scale=(1333, 800),
        flip=False,
        transforms=[
            dict(type='Resize', keep_ratio=True),
            dict(type='RandomFlip'),
            dict(
                type='Normalize',
                mean=[102.9801, 115.9465, 122.7717],
                std=[1.0, 1.0, 1.0],
                to_rgb=False),
            dict(type='Pad', size_divisor=32),
            dict(type='ImageToTensor', keys=['img']),
            dict(type='Collect', keys=['img'])
        ])
]
data = dict(
    samples_per_gpu=4,
    workers_per_gpu=4,
    train=dict(
        type='CocoDataset',
        classes=('normal', 'ascus', 'asch', 'lsil', 'hsil_scc_omn',
                 'agc_adenocarcinoma_em', 'vaginalis', 'monilia',
                 'dysbacteriosis_herpes_act', 'ec'),
        ann_file='annotations/train30000-cat10.json',
        img_prefix='/root/userfolder/data/TCTAnnotatedData/',
        pipeline=[
            dict(type='LoadImageFromFile'),
            dict(type='LoadAnnotations', with_bbox=True),
            dict(type='Resize', img_scale=(1333, 800), keep_ratio=True),
            dict(type='RandomFlip', flip_ratio=0.5),
            dict(
                type='Normalize',
                mean=[102.9801, 115.9465, 122.7717],
                std=[1.0, 1.0, 1.0],
                to_rgb=False),
            dict(type='Pad', size_divisor=32),
            dict(type='DefaultFormatBundle'),
            dict(type='Collect', keys=['img', 'gt_bboxes', 'gt_labels'])
        ]),
    val=dict(
        type='CocoDataset',
        classes=('normal', 'ascus', 'asch', 'lsil', 'hsil_scc_omn',
                 'agc_adenocarcinoma_em', 'vaginalis', 'monilia',
                 'dysbacteriosis_herpes_act', 'ec'),
        ann_file='annotations/val.json',
        img_prefix='/root/userfolder/data/TCTAnnotatedData/',
        pipeline=[
            dict(type='LoadImageFromFile'),
            dict(
                type='MultiScaleFlipAug',
                img_scale=(1333, 800),
                flip=False,
                transforms=[
                    dict(type='Resize', keep_ratio=True),
                    dict(type='RandomFlip'),
                    dict(
                        type='Normalize',
                        mean=[102.9801, 115.9465, 122.7717],
                        std=[1.0, 1.0, 1.0],
                        to_rgb=False),
                    dict(type='Pad', size_divisor=32),
                    dict(type='ImageToTensor', keys=['img']),
                    dict(type='Collect', keys=['img'])
                ])
        ]),
    test=dict(
        type='CocoDataset',
        classes=('normal', 'ascus', 'asch', 'lsil', 'hsil_scc_omn',
                 'agc_adenocarcinoma_em', 'vaginalis', 'monilia',
                 'dysbacteriosis_herpes_act', 'ec'),
        ann_file='annotations/test.json',
        img_prefix='/root/userfolder/data/TCTAnnotatedData/',
        pipeline=[
            dict(type='LoadImageFromFile'),
            dict(
                type='MultiScaleFlipAug',
                img_scale=(1333, 800),
                flip=False,
                transforms=[
                    dict(type='Resize', keep_ratio=True),
                    dict(type='RandomFlip'),
                    dict(
                        type='Normalize',
                        mean=[102.9801, 115.9465, 122.7717],
                        std=[1.0, 1.0, 1.0],
                        to_rgb=False),
                    dict(type='Pad', size_divisor=32),
                    dict(type='ImageToTensor', keys=['img']),
                    dict(type='Collect', keys=['img'])
                ])
        ]))
evaluation = dict(interval=1, metric='bbox')
optimizer = dict(
    type='SGD',
    lr=0.001,
    momentum=0.9,
    weight_decay=0.0001,
    paramwise_cfg=dict(bias_lr_mult=2.0, bias_decay_mult=0.0))
optimizer_config = dict(grad_clip=dict(max_norm=35, norm_type=2))
lr_config = dict(
    policy='step',
    warmup='constant',
    warmup_iters=500,
    warmup_ratio=0.3333333333333333,
    step=[8, 11])
total_epochs = 12
checkpoint_config = dict(interval=1)
log_config = dict(interval=50, hooks=[dict(type='TextLoggerHook')])
dist_params = dict(backend='nccl')
log_level = 'INFO'
load_from = None
resume_from = None
workflow = [('train', 1)]
model = dict(
    type='FCOS',
    pretrained='open-mmlab://detectron/resnet50_caffe',
    backbone=dict(
        type='ResNet',
        depth=50,
        num_stages=4,
        out_indices=(0, 1, 2, 3),
        frozen_stages=1,
        norm_cfg=dict(type='BN', requires_grad=False),
        norm_eval=True,
        style='caffe'),
    neck=dict(
        type='FPN',
        in_channels=[256, 512, 1024, 2048],
        out_channels=256,
        start_level=1,
        add_extra_convs=True,
        extra_convs_on_inputs=False,
        num_outs=5,
        relu_before_extra_convs=True),
    bbox_head=dict(
        type='FCOSHead',
        num_classes=11,
        in_channels=256,
        stacked_convs=4,
        feat_channels=256,
        strides=[8, 16, 32, 64, 128],
        norm_cfg=None,
        loss_cls=dict(
            type='FocalLoss',
            use_sigmoid=True,
            gamma=2.0,
            alpha=0.25,
            loss_weight=1.0),
        loss_bbox=dict(type='IoULoss', loss_weight=1.0),
        loss_centerness=dict(
            type='CrossEntropyLoss', use_sigmoid=True, loss_weight=1.0)))
train_cfg = dict(
    assigner=dict(
        type='MaxIoUAssigner',
        pos_iou_thr=0.5,
        neg_iou_thr=0.4,
        min_pos_iou=0,
        ignore_iof_thr=-1),
    allowed_border=-1,
    pos_weight=-1,
    debug=False)
test_cfg = dict(
    nms_pre=1000,
    min_bbox_size=0,
    score_thr=0.05,
    nms=dict(type='nms', iou_threshold=0.5),
    max_per_img=100)
work_dir = './work_dirs/fcos_r50_caffe_fpn_4x4_1x_coco'
gpu_ids = range(0, 1)

2020-10-15 09:21:07,543 - mmdet - INFO - load model from: open-mmlab://detectron/resnet50_caffe
2020-10-15 09:21:13,118 - mmdet - WARNING - The model and loaded state dict do not match exactly

unexpected key in source state_dict: conv1.bias, layer1.0.conv1.bias, layer1.0.conv2.bias, layer1.0.conv3.bias, layer1.0.downsample.0.bias, layer1.1.conv1.bias, layer1.1.conv2.bias, layer1.1.conv3.bias, layer1.2.conv1.bias, layer1.2.conv2.bias, layer1.2.conv3.bias, layer2.0.conv1.bias, layer2.0.conv2.bias, layer2.0.conv3.bias, layer2.0.downsample.0.bias, layer2.1.conv1.bias, layer2.1.conv2.bias, layer2.1.conv3.bias, layer2.2.conv1.bias, layer2.2.conv2.bias, layer2.2.conv3.bias, layer2.3.conv1.bias, layer2.3.conv2.bias, layer2.3.conv3.bias, layer3.0.conv1.bias, layer3.0.conv2.bias, layer3.0.conv3.bias, layer3.0.downsample.0.bias, layer3.1.conv1.bias, layer3.1.conv2.bias, layer3.1.conv3.bias, layer3.2.conv1.bias, layer3.2.conv2.bias, layer3.2.conv3.bias, layer3.3.conv1.bias, layer3.3.conv2.bias, layer3.3.conv3.bias, layer3.4.conv1.bias, layer3.4.conv2.bias, layer3.4.conv3.bias, layer3.5.conv1.bias, layer3.5.conv2.bias, layer3.5.conv3.bias, layer4.0.conv1.bias, layer4.0.conv2.bias, layer4.0.conv3.bias, layer4.0.downsample.0.bias, layer4.1.conv1.bias, layer4.1.conv2.bias, layer4.1.conv3.bias, layer4.2.conv1.bias, layer4.2.conv2.bias, layer4.2.conv3.bias

2020-10-15 09:21:18,921 - mmdet - INFO - Start running, host: root@c29bb9d22aa7, work_dir: /root/userfolder/mmdetection/work_dirs/fcos_r50_caffe_fpn_4x4_1x_coco
2020-10-15 09:21:18,921 - mmdet - INFO - workflow: [('train', 1)], max: 12 epochs
2020-10-15 09:22:07,579 - mmdet - INFO - Epoch [1][50/1250]	lr: 3.333e-04, eta: 4:02:26, time: 0.973, data_time: 0.396, memory: 4894, loss_cls: 1.1152, loss_bbox: 4.4537, loss_centerness: 0.6897, loss: 6.2586, grad_norm: 31.9182
2020-10-15 09:22:34,895 - mmdet - INFO - Epoch [1][100/1250]	lr: 3.333e-04, eta: 3:08:38, time: 0.546, data_time: 0.025, memory: 4894, loss_cls: 1.0855, loss_bbox: 1.0603, loss_centerness: 0.6737, loss: 2.8194, grad_norm: 16.6867
2020-10-15 09:23:02,194 - mmdet - INFO - Epoch [1][150/1250]	lr: 3.333e-04, eta: 2:50:23, time: 0.546, data_time: 0.025, memory: 4894, loss_cls: 0.8665, loss_bbox: 0.8958, loss_centerness: 0.6657, loss: 2.4279, grad_norm: 16.5619
2020-10-15 09:23:29,223 - mmdet - INFO - Epoch [1][200/1250]	lr: 3.333e-04, eta: 2:40:41, time: 0.541, data_time: 0.026, memory: 4894, loss_cls: 0.7099, loss_bbox: 0.8736, loss_centerness: 0.6605, loss: 2.2441, grad_norm: 15.0637
2020-10-15 09:23:56,046 - mmdet - INFO - Epoch [1][250/1250]	lr: 3.333e-04, eta: 2:34:29, time: 0.536, data_time: 0.026, memory: 4894, loss_cls: 0.6703, loss_bbox: 0.8894, loss_centerness: 0.6605, loss: 2.2202, grad_norm: 23.7073
2020-10-15 09:24:23,206 - mmdet - INFO - Epoch [1][300/1250]	lr: 3.333e-04, eta: 2:30:29, time: 0.543, data_time: 0.027, memory: 4894, loss_cls: 0.6497, loss_bbox: 0.7972, loss_centerness: 0.6584, loss: 2.1053, grad_norm: 16.5413
2020-10-15 09:24:50,438 - mmdet - INFO - Epoch [1][350/1250]	lr: 3.333e-04, eta: 2:27:32, time: 0.544, data_time: 0.025, memory: 4894, loss_cls: 0.6377, loss_bbox: 0.7158, loss_centerness: 0.6576, loss: 2.0110, grad_norm: 14.3327
2020-10-15 09:25:18,074 - mmdet - INFO - Epoch [1][400/1250]	lr: 3.333e-04, eta: 2:25:28, time: 0.553, data_time: 0.029, memory: 4894, loss_cls: 0.6389, loss_bbox: 0.7634, loss_centerness: 0.6555, loss: 2.0578, grad_norm: 29.7679
2020-10-15 09:25:45,314 - mmdet - INFO - Epoch [1][450/1250]	lr: 3.333e-04, eta: 2:23:32, time: 0.545, data_time: 0.028, memory: 4894, loss_cls: 0.6263, loss_bbox: 0.7555, loss_centerness: 0.6526, loss: 2.0345, grad_norm: 28.4263
2020-10-15 09:26:12,454 - mmdet - INFO - Epoch [1][500/1250]	lr: 3.333e-04, eta: 2:21:52, time: 0.543, data_time: 0.025, memory: 4894, loss_cls: 0.6165, loss_bbox: 0.6845, loss_centerness: 0.6498, loss: 1.9508, grad_norm: 23.4564
2020-10-15 09:26:39,867 - mmdet - INFO - Epoch [1][550/1250]	lr: 1.000e-03, eta: 2:20:31, time: 0.548, data_time: 0.028, memory: 4894, loss_cls: 0.6332, loss_bbox: 1.1877, loss_centerness: 0.6446, loss: 2.4654, grad_norm: 31.6851
2020-10-15 09:27:07,052 - mmdet - INFO - Epoch [1][600/1250]	lr: 1.000e-03, eta: 2:19:14, time: 0.544, data_time: 0.025, memory: 4894, loss_cls: 0.6251, loss_bbox: 0.9358, loss_centerness: 0.6351, loss: 2.1960, grad_norm: 26.6098
2020-10-15 09:27:34,490 - mmdet - INFO - Epoch [1][650/1250]	lr: 1.000e-03, eta: 2:18:11, time: 0.549, data_time: 0.029, memory: 4894, loss_cls: 0.6134, loss_bbox: 0.6653, loss_centerness: 0.6253, loss: 1.9040, grad_norm: 13.5084
2020-10-15 09:28:01,906 - mmdet - INFO - Epoch [1][700/1250]	lr: 1.000e-03, eta: 2:17:12, time: 0.548, data_time: 0.029, memory: 4894, loss_cls: 0.6019, loss_bbox: 0.8731, loss_centerness: 0.6206, loss: 2.0956, grad_norm: 24.0384
2020-10-15 09:28:29,232 - mmdet - INFO - Epoch [1][750/1250]	lr: 1.000e-03, eta: 2:16:15, time: 0.547, data_time: 0.025, memory: 4894, loss_cls: 0.5959, loss_bbox: 0.7308, loss_centerness: 0.6187, loss: 1.9454, grad_norm: 19.6355
2020-10-15 09:28:56,534 - mmdet - INFO - Epoch [1][800/1250]	lr: 1.000e-03, eta: 2:15:22, time: 0.546, data_time: 0.025, memory: 4894, loss_cls: 0.5886, loss_bbox: 0.6516, loss_centerness: 0.6181, loss: 1.8583, grad_norm: 12.5775
2020-10-15 09:29:23,631 - mmdet - INFO - Epoch [1][850/1250]	lr: 1.000e-03, eta: 2:14:28, time: 0.542, data_time: 0.025, memory: 4894, loss_cls: 0.5733, loss_bbox: 0.6438, loss_centerness: 0.6148, loss: 1.8319, grad_norm: 14.7897
2020-10-15 09:29:50,619 - mmdet - INFO - Epoch [1][900/1250]	lr: 1.000e-03, eta: 2:13:36, time: 0.540, data_time: 0.023, memory: 4894, loss_cls: 0.5619, loss_bbox: 0.6022, loss_centerness: 0.6131, loss: 1.7773, grad_norm: 11.9797
2020-10-15 09:30:17,398 - mmdet - INFO - Epoch [1][950/1250]	lr: 1.000e-03, eta: 2:12:43, time: 0.536, data_time: 0.025, memory: 4894, loss_cls: 0.5410, loss_bbox: 0.6026, loss_centerness: 0.6114, loss: 1.7550, grad_norm: 14.3857
2020-10-15 09:30:44,520 - mmdet - INFO - Exp name: fcos_r50_caffe_fpn_4x4_1x_coco.py
2020-10-15 09:30:44,520 - mmdet - INFO - Epoch [1][1000/1250]	lr: 1.000e-03, eta: 2:11:58, time: 0.542, data_time: 0.025, memory: 4894, loss_cls: 0.5345, loss_bbox: 0.6227, loss_centerness: 0.6110, loss: 1.7681, grad_norm: 17.0459
2020-10-15 09:31:11,434 - mmdet - INFO - Epoch [1][1050/1250]	lr: 1.000e-03, eta: 2:11:11, time: 0.538, data_time: 0.025, memory: 4894, loss_cls: 0.5330, loss_bbox: 0.5755, loss_centerness: 0.6108, loss: 1.7192, grad_norm: 12.9502
2020-10-15 09:31:38,567 - mmdet - INFO - Epoch [1][1100/1250]	lr: 1.000e-03, eta: 2:10:29, time: 0.543, data_time: 0.025, memory: 4894, loss_cls: 0.5199, loss_bbox: 0.5804, loss_centerness: 0.6088, loss: 1.7091, grad_norm: 13.4628
2020-10-15 09:32:05,668 - mmdet - INFO - Epoch [1][1150/1250]	lr: 1.000e-03, eta: 2:09:48, time: 0.542, data_time: 0.024, memory: 4894, loss_cls: 0.5311, loss_bbox: 0.6840, loss_centerness: 0.6068, loss: 1.8219, grad_norm: 21.2539
2020-10-15 09:32:32,708 - mmdet - INFO - Epoch [1][1200/1250]	lr: 1.000e-03, eta: 2:09:08, time: 0.541, data_time: 0.025, memory: 4894, loss_cls: 0.5099, loss_bbox: 0.6010, loss_centerness: 0.6068, loss: 1.7177, grad_norm: 14.3539
2020-10-15 09:32:59,506 - mmdet - INFO - Exp name: fcos_r50_caffe_fpn_4x4_1x_coco.py
2020-10-15 09:32:59,507 - mmdet - INFO - Epoch [1][1250/1250]	lr: 1.000e-03, eta: 2:08:26, time: 0.536, data_time: 0.025, memory: 4894, loss_cls: 0.5050, loss_bbox: 0.5172, loss_centerness: 0.6067, loss: 1.6289, grad_norm: 9.2615
2020-10-15 09:33:01,495 - mmdet - INFO - Saving checkpoint at 1 epochs
