2021-12-06 21:26:32,118 - mmdet - INFO - Environment info:
------------------------------------------------------------
sys.platform: linux
Python: 3.7.9 (default, Aug 31 2020, 12:42:55) [GCC 7.3.0]
CUDA available: True
GPU 0,1,2,3: GeForce RTX 2080 Ti
CUDA_HOME: /usr/local/cuda
NVCC: Cuda compilation tools, release 10.0, V10.0.130
GCC: gcc (Ubuntu 5.4.0-6ubuntu1~16.04.11) 5.4.0 20160609
PyTorch: 1.6.0
PyTorch compiling details: PyTorch built with:
  - GCC 7.3
  - C++ Version: 201402
  - Intel(R) Math Kernel Library Version 2020.0.2 Product Build 20200624 for Intel(R) 64 architecture applications
  - Intel(R) MKL-DNN v1.5.0 (Git Hash e2ac1fac44c5078ca927cb9b90e1b3066a0b2ed0)
  - OpenMP 201511 (a.k.a. OpenMP 4.5)
  - NNPACK is enabled
  - CPU capability usage: AVX2
  - CUDA Runtime 10.2
  - NVCC architecture flags: -gencode;arch=compute_37,code=sm_37;-gencode;arch=compute_50,code=sm_50;-gencode;arch=compute_60,code=sm_60;-gencode;arch=compute_61,code=sm_61;-gencode;arch=compute_70,code=sm_70;-gencode;arch=compute_75,code=sm_75;-gencode;arch=compute_37,code=compute_37
  - CuDNN 7.6.5
  - Magma 2.5.2
  - Build settings: BLAS=MKL, BUILD_TYPE=Release, CXX_FLAGS= -Wno-deprecated -fvisibility-inlines-hidden -DUSE_PTHREADPOOL -fopenmp -DNDEBUG -DUSE_FBGEMM -DUSE_QNNPACK -DUSE_PYTORCH_QNNPACK -DUSE_XNNPACK -DUSE_VULKAN_WRAPPER -O2 -fPIC -Wno-narrowing -Wall -Wextra -Werror=return-type -Wno-missing-field-initializers -Wno-type-limits -Wno-array-bounds -Wno-unknown-pragmas -Wno-sign-compare -Wno-unused-parameter -Wno-unused-variable -Wno-unused-function -Wno-unused-result -Wno-unused-local-typedefs -Wno-strict-overflow -Wno-strict-aliasing -Wno-error=deprecated-declarations -Wno-stringop-overflow -Wno-error=pedantic -Wno-error=redundant-decls -Wno-error=old-style-cast -fdiagnostics-color=always -faligned-new -Wno-unused-but-set-variable -Wno-maybe-uninitialized -fno-math-errno -fno-trapping-math -Werror=format -Wno-stringop-overflow, PERF_WITH_AVX=1, PERF_WITH_AVX2=1, PERF_WITH_AVX512=1, USE_CUDA=ON, USE_EXCEPTION_PTR=1, USE_GFLAGS=OFF, USE_GLOG=OFF, USE_MKL=ON, USE_MKLDNN=ON, USE_MPI=OFF, USE_NCCL=ON, USE_NNPACK=ON, USE_OPENMP=ON, USE_STATIC_DISPATCH=OFF, 

TorchVision: 0.7.0
OpenCV: 4.4.0
MMCV: 1.3.3
MMCV Compiler: GCC 7.3
MMCV CUDA Compiler: 10.2
MMDetection: 2.12.0+
------------------------------------------------------------

2021-12-06 21:26:32,688 - mmdet - INFO - Distributed training: True
2021-12-06 21:26:33,209 - mmdet - INFO - Config:
model = dict(
    type='FasterRCNN',
    pretrained=
    '../mmclassification/work_dirs/tct_resnet50_b32x8_e100/epoch_100_pretrained.pth',
    backbone=dict(
        type='ResNet',
        depth=50,
        num_stages=4,
        out_indices=(0, 1, 2, 3),
        frozen_stages=1,
        norm_cfg=dict(type='BN', requires_grad=True),
        norm_eval=True,
        style='pytorch'),
    neck=dict(
        type='FPN',
        in_channels=[256, 512, 1024, 2048],
        out_channels=256,
        num_outs=5),
    rpn_head=dict(
        type='RPNHead',
        in_channels=256,
        feat_channels=256,
        anchor_generator=dict(
            type='AnchorGenerator',
            scales=[8],
            ratios=[0.5, 1.0, 2.0],
            strides=[4, 8, 16, 32, 64]),
        bbox_coder=dict(
            type='DeltaXYWHBBoxCoder',
            target_means=[0.0, 0.0, 0.0, 0.0],
            target_stds=[1.0, 1.0, 1.0, 1.0]),
        loss_cls=dict(
            type='CrossEntropyLoss', use_sigmoid=True, loss_weight=1.0),
        loss_bbox=dict(type='L1Loss', loss_weight=1.0)),
    roi_head=dict(
        type='StandardRoIHead',
        bbox_roi_extractor=dict(
            type='SingleRoIExtractor',
            roi_layer=dict(type='RoIAlign', output_size=7, sampling_ratio=0),
            out_channels=256,
            featmap_strides=[4, 8, 16, 32]),
        bbox_head=dict(
            type='Shared2FCBBoxHead',
            in_channels=256,
            fc_out_channels=1024,
            roi_feat_size=7,
            num_classes=10,
            bbox_coder=dict(
                type='DeltaXYWHBBoxCoder',
                target_means=[0.0, 0.0, 0.0, 0.0],
                target_stds=[0.1, 0.1, 0.2, 0.2]),
            reg_class_agnostic=False,
            loss_cls=dict(
                type='CrossEntropyLoss', use_sigmoid=False, loss_weight=1.0),
            loss_bbox=dict(type='L1Loss', loss_weight=1.0))))
train_cfg = dict(
    rpn=dict(
        assigner=dict(
            type='MaxIoUAssigner',
            pos_iou_thr=0.7,
            neg_iou_thr=0.3,
            min_pos_iou=0.3,
            match_low_quality=True,
            ignore_iof_thr=-1),
        sampler=dict(
            type='RandomSampler',
            num=256,
            pos_fraction=0.5,
            neg_pos_ub=-1,
            add_gt_as_proposals=False),
        allowed_border=-1,
        pos_weight=-1,
        debug=False),
    rpn_proposal=dict(
        nms_across_levels=False,
        nms_pre=2000,
        nms_post=1000,
        max_num=1000,
        nms_thr=0.7,
        min_bbox_size=0),
    rcnn=dict(
        assigner=dict(
            type='MaxIoUAssigner',
            pos_iou_thr=0.5,
            neg_iou_thr=0.5,
            min_pos_iou=0.5,
            match_low_quality=False,
            ignore_iof_thr=-1),
        sampler=dict(
            type='RandomSampler',
            num=512,
            pos_fraction=0.25,
            neg_pos_ub=-1,
            add_gt_as_proposals=True),
        pos_weight=-1,
        debug=False))
test_cfg = dict(
    rpn=dict(
        nms_across_levels=False,
        nms_pre=1000,
        nms_post=1000,
        max_num=1000,
        nms_thr=0.7,
        min_bbox_size=0),
    rcnn=dict(
        score_thr=0.05,
        nms=dict(type='nms', iou_threshold=0.5),
        max_per_img=100))
dataset_type = 'CocoDataset'
data_root = 'data/coco/'
annotations_root = '../data/TCT_30000/'
image_root = '../data/TCT_30000/'
classes = ('normal', 'ascus', 'asch', 'lsil', 'hsil_scc_omn',
           'agc_adenocarcinoma_em', 'vaginalis', 'monilia',
           'dysbacteriosis_herpes_act', 'ec')
img_norm_cfg = dict(
    mean=[123.675, 116.28, 103.53], std=[58.395, 57.12, 57.375], to_rgb=True)
train_pipeline = [
    dict(type='LoadImageFromFile'),
    dict(type='LoadAnnotations', with_bbox=True),
    dict(type='Resize', img_scale=(1333, 800), keep_ratio=True),
    dict(type='RandomFlip', flip_ratio=0.5),
    dict(
        type='Normalize',
        mean=[123.675, 116.28, 103.53],
        std=[58.395, 57.12, 57.375],
        to_rgb=True),
    dict(type='Pad', size_divisor=32),
    dict(type='DefaultFormatBundle'),
    dict(type='Collect', keys=['img', 'gt_bboxes', 'gt_labels'])
]
test_pipeline = [
    dict(type='LoadImageFromFile'),
    dict(
        type='MultiScaleFlipAug',
        img_scale=(1333, 800),
        flip=False,
        transforms=[
            dict(type='Resize', keep_ratio=True),
            dict(type='RandomFlip'),
            dict(
                type='Normalize',
                mean=[123.675, 116.28, 103.53],
                std=[58.395, 57.12, 57.375],
                to_rgb=True),
            dict(type='Pad', size_divisor=32),
            dict(type='ImageToTensor', keys=['img']),
            dict(type='Collect', keys=['img'])
        ])
]
data = dict(
    samples_per_gpu=2,
    workers_per_gpu=0,
    train=dict(
        type='CocoDataset',
        classes=('normal', 'ascus', 'asch', 'lsil', 'hsil_scc_omn',
                 'agc_adenocarcinoma_em', 'vaginalis', 'monilia',
                 'dysbacteriosis_herpes_act', 'ec'),
        ann_file='../data/TCT_30000/train30000-cat10.json',
        img_prefix='../data/TCT_30000/',
        pipeline=[
            dict(type='LoadImageFromFile'),
            dict(type='LoadAnnotations', with_bbox=True),
            dict(type='Resize', img_scale=(1333, 800), keep_ratio=True),
            dict(type='RandomFlip', flip_ratio=0.5),
            dict(
                type='Normalize',
                mean=[123.675, 116.28, 103.53],
                std=[58.395, 57.12, 57.375],
                to_rgb=True),
            dict(type='Pad', size_divisor=32),
            dict(type='DefaultFormatBundle'),
            dict(type='Collect', keys=['img', 'gt_bboxes', 'gt_labels'])
        ]),
    val=dict(
        type='CocoDataset',
        classes=('normal', 'ascus', 'asch', 'lsil', 'hsil_scc_omn',
                 'agc_adenocarcinoma_em', 'vaginalis', 'monilia',
                 'dysbacteriosis_herpes_act', 'ec'),
        ann_file='../data/TCT_30000/val10000-cat10.json',
        img_prefix='../data/TCT_30000/',
        pipeline=[
            dict(type='LoadImageFromFile'),
            dict(
                type='MultiScaleFlipAug',
                img_scale=(1333, 800),
                flip=False,
                transforms=[
                    dict(type='Resize', keep_ratio=True),
                    dict(type='RandomFlip'),
                    dict(
                        type='Normalize',
                        mean=[123.675, 116.28, 103.53],
                        std=[58.395, 57.12, 57.375],
                        to_rgb=True),
                    dict(type='Pad', size_divisor=32),
                    dict(type='ImageToTensor', keys=['img']),
                    dict(type='Collect', keys=['img'])
                ])
        ]),
    test=dict(
        type='CocoDataset',
        classes=('normal', 'ascus', 'asch', 'lsil', 'hsil_scc_omn',
                 'agc_adenocarcinoma_em', 'vaginalis', 'monilia',
                 'dysbacteriosis_herpes_act', 'ec'),
        ann_file='../data/TCT_30000/test10000-cat10.json',
        img_prefix='../data/TCT_30000/',
        pipeline=[
            dict(type='LoadImageFromFile'),
            dict(
                type='MultiScaleFlipAug',
                img_scale=(1333, 800),
                flip=False,
                transforms=[
                    dict(type='Resize', keep_ratio=True),
                    dict(type='RandomFlip'),
                    dict(
                        type='Normalize',
                        mean=[123.675, 116.28, 103.53],
                        std=[58.395, 57.12, 57.375],
                        to_rgb=True),
                    dict(type='Pad', size_divisor=32),
                    dict(type='ImageToTensor', keys=['img']),
                    dict(type='Collect', keys=['img'])
                ])
        ]))
evaluation = dict(interval=1, metric='bbox')
optimizer = dict(type='SGD', lr=0.03, momentum=0.9, weight_decay=0.0001)
optimizer_config = dict(grad_clip=None)
lr_config = dict(
    policy='step',
    warmup='linear',
    warmup_iters=500,
    warmup_ratio=0.001,
    step=[8, 11])
runner = dict(type='EpochBasedRunner', max_epochs=12)
checkpoint_config = dict(interval=1)
log_config = dict(interval=50, hooks=[dict(type='TextLoggerHook')])
custom_hooks = [dict(type='NumClassCheckHook')]
dist_params = dict(backend='nccl')
log_level = 'INFO'
load_from = None
resume_from = None
workflow = [('train', 1)]
work_dir = './work_dirs/faster_rcnn_r50_fpn_1x_tct_e100_lrx3'
gpu_ids = range(0, 4)

2021-12-06 21:26:39,507 - mmdet - INFO - Start running, host: root@c29bb9d22aa7, work_dir: /root/userfolder/mmdetection/work_dirs/faster_rcnn_r50_fpn_1x_tct_e100_lrx3
2021-12-06 21:26:39,507 - mmdet - INFO - workflow: [('train', 1)], max: 12 epochs
2021-12-06 21:27:15,690 - mmdet - INFO - Epoch [1][50/3750]	lr: 2.967e-03, eta: 9:00:57, time: 0.722, data_time: 0.417, memory: 3718, loss_rpn_cls: 0.5015, loss_rpn_bbox: 0.0433, loss_cls: 0.4830, acc: 90.7271, loss_bbox: 0.0390, loss: 1.0668
2021-12-06 21:27:49,063 - mmdet - INFO - Epoch [1][100/3750]	lr: 5.964e-03, eta: 8:39:54, time: 0.667, data_time: 0.379, memory: 3719, loss_rpn_cls: 0.1891, loss_rpn_bbox: 0.0457, loss_cls: 0.1514, acc: 97.6274, loss_bbox: 0.0667, loss: 0.4530
2021-12-06 21:28:22,372 - mmdet - INFO - Epoch [1][150/3750]	lr: 8.961e-03, eta: 8:32:11, time: 0.666, data_time: 0.369, memory: 3719, loss_rpn_cls: 0.1288, loss_rpn_bbox: 0.0405, loss_cls: 0.2819, acc: 94.7812, loss_bbox: 0.1798, loss: 0.6310
2021-12-06 21:28:55,673 - mmdet - INFO - Epoch [1][200/3750]	lr: 1.196e-02, eta: 8:28:03, time: 0.666, data_time: 0.355, memory: 3719, loss_rpn_cls: 0.1064, loss_rpn_bbox: 0.0382, loss_cls: 0.3007, acc: 93.8267, loss_bbox: 0.2000, loss: 0.6454
2021-12-06 21:29:29,015 - mmdet - INFO - Epoch [1][250/3750]	lr: 1.496e-02, eta: 8:25:28, time: 0.667, data_time: 0.379, memory: 3719, loss_rpn_cls: 0.0985, loss_rpn_bbox: 0.0381, loss_cls: 0.3172, acc: 93.2417, loss_bbox: 0.2087, loss: 0.6625
2021-12-06 21:30:02,241 - mmdet - INFO - Epoch [1][300/3750]	lr: 1.795e-02, eta: 8:23:15, time: 0.664, data_time: 0.375, memory: 3719, loss_rpn_cls: 0.0989, loss_rpn_bbox: 0.0376, loss_cls: 0.3346, acc: 92.6587, loss_bbox: 0.2199, loss: 0.6910
2021-12-06 21:30:35,599 - mmdet - INFO - Epoch [1][350/3750]	lr: 2.095e-02, eta: 8:21:47, time: 0.667, data_time: 0.368, memory: 3719, loss_rpn_cls: 0.0893, loss_rpn_bbox: 0.0339, loss_cls: 0.3415, acc: 91.8076, loss_bbox: 0.2418, loss: 0.7064
2021-12-06 21:31:08,944 - mmdet - INFO - Epoch [1][400/3750]	lr: 2.395e-02, eta: 8:20:33, time: 0.667, data_time: 0.361, memory: 3719, loss_rpn_cls: 0.0812, loss_rpn_bbox: 0.0345, loss_cls: 0.3279, acc: 91.7485, loss_bbox: 0.2419, loss: 0.6856
2021-12-06 21:31:41,984 - mmdet - INFO - Epoch [1][450/3750]	lr: 2.694e-02, eta: 8:18:56, time: 0.661, data_time: 0.354, memory: 3719, loss_rpn_cls: 0.0837, loss_rpn_bbox: 0.0361, loss_cls: 0.3659, acc: 91.4199, loss_bbox: 0.2422, loss: 0.7279
2021-12-06 21:32:15,171 - mmdet - INFO - Epoch [1][500/3750]	lr: 2.994e-02, eta: 8:17:46, time: 0.664, data_time: 0.364, memory: 3719, loss_rpn_cls: 0.0868, loss_rpn_bbox: 0.0377, loss_cls: 0.3650, acc: 90.9082, loss_bbox: 0.2539, loss: 0.7433
2021-12-06 21:32:48,521 - mmdet - INFO - Epoch [1][550/3750]	lr: 3.000e-02, eta: 8:16:56, time: 0.667, data_time: 0.368, memory: 3719, loss_rpn_cls: 0.0812, loss_rpn_bbox: 0.0325, loss_cls: 0.3518, acc: 91.3550, loss_bbox: 0.2423, loss: 0.7079
2021-12-06 21:33:21,764 - mmdet - INFO - Epoch [1][600/3750]	lr: 3.000e-02, eta: 8:16:01, time: 0.665, data_time: 0.364, memory: 3719, loss_rpn_cls: 0.0815, loss_rpn_bbox: 0.0349, loss_cls: 0.3251, acc: 91.8877, loss_bbox: 0.2175, loss: 0.6591
2021-12-06 21:33:54,590 - mmdet - INFO - Epoch [1][650/3750]	lr: 3.000e-02, eta: 8:14:40, time: 0.656, data_time: 0.358, memory: 3719, loss_rpn_cls: 0.0787, loss_rpn_bbox: 0.0346, loss_cls: 0.3474, acc: 91.1040, loss_bbox: 0.2439, loss: 0.7046
2021-12-06 21:34:27,715 - mmdet - INFO - Epoch [1][700/3750]	lr: 3.000e-02, eta: 8:13:45, time: 0.663, data_time: 0.357, memory: 3719, loss_rpn_cls: 0.0839, loss_rpn_bbox: 0.0342, loss_cls: 0.3015, acc: 92.1729, loss_bbox: 0.2088, loss: 0.6285
2021-12-06 21:35:01,441 - mmdet - INFO - Epoch [1][750/3750]	lr: 3.000e-02, eta: 8:13:28, time: 0.674, data_time: 0.370, memory: 3719, loss_rpn_cls: 0.0783, loss_rpn_bbox: 0.0344, loss_cls: 0.3161, acc: 91.9849, loss_bbox: 0.2141, loss: 0.6428
2021-12-06 21:35:35,048 - mmdet - INFO - Epoch [1][800/3750]	lr: 3.000e-02, eta: 8:13:03, time: 0.672, data_time: 0.369, memory: 3719, loss_rpn_cls: 0.0739, loss_rpn_bbox: 0.0322, loss_cls: 0.3268, acc: 91.0332, loss_bbox: 0.2422, loss: 0.6751
2021-12-06 21:36:08,170 - mmdet - INFO - Epoch [1][850/3750]	lr: 3.000e-02, eta: 8:12:12, time: 0.662, data_time: 0.367, memory: 3719, loss_rpn_cls: 0.0698, loss_rpn_bbox: 0.0300, loss_cls: 0.3332, acc: 91.1768, loss_bbox: 0.2361, loss: 0.6690
2021-12-06 21:36:41,763 - mmdet - INFO - Epoch [1][900/3750]	lr: 3.000e-02, eta: 8:11:46, time: 0.672, data_time: 0.370, memory: 3719, loss_rpn_cls: 0.0788, loss_rpn_bbox: 0.0350, loss_cls: 0.3377, acc: 91.2598, loss_bbox: 0.2301, loss: 0.6816
2021-12-06 21:37:15,001 - mmdet - INFO - Epoch [1][950/3750]	lr: 3.000e-02, eta: 8:11:02, time: 0.665, data_time: 0.353, memory: 3719, loss_rpn_cls: 0.0717, loss_rpn_bbox: 0.0344, loss_cls: 0.3202, acc: 91.1260, loss_bbox: 0.2291, loss: 0.6553
2021-12-06 21:37:48,406 - mmdet - INFO - Exp name: faster_rcnn_r50_fpn_1x_tct_e100_lrx3.py
2021-12-06 21:37:48,406 - mmdet - INFO - Epoch [1][1000/3750]	lr: 3.000e-02, eta: 8:10:27, time: 0.668, data_time: 0.352, memory: 3719, loss_rpn_cls: 0.0687, loss_rpn_bbox: 0.0333, loss_cls: 0.3300, acc: 90.9517, loss_bbox: 0.2359, loss: 0.6680
2021-12-06 21:38:21,625 - mmdet - INFO - Epoch [1][1050/3750]	lr: 3.000e-02, eta: 8:09:44, time: 0.664, data_time: 0.369, memory: 3719, loss_rpn_cls: 0.0658, loss_rpn_bbox: 0.0326, loss_cls: 0.3158, acc: 90.8887, loss_bbox: 0.2405, loss: 0.6548
2021-12-06 21:38:54,772 - mmdet - INFO - Epoch [1][1100/3750]	lr: 3.000e-02, eta: 8:09:00, time: 0.663, data_time: 0.368, memory: 3719, loss_rpn_cls: 0.0665, loss_rpn_bbox: 0.0315, loss_cls: 0.3041, acc: 91.5283, loss_bbox: 0.2227, loss: 0.6247
2021-12-06 21:39:28,161 - mmdet - INFO - Epoch [1][1150/3750]	lr: 3.000e-02, eta: 8:08:25, time: 0.668, data_time: 0.357, memory: 3719, loss_rpn_cls: 0.0698, loss_rpn_bbox: 0.0349, loss_cls: 0.3144, acc: 91.4839, loss_bbox: 0.2256, loss: 0.6446
2021-12-06 21:40:01,577 - mmdet - INFO - Epoch [1][1200/3750]	lr: 3.000e-02, eta: 8:07:52, time: 0.668, data_time: 0.353, memory: 3719, loss_rpn_cls: 0.0590, loss_rpn_bbox: 0.0295, loss_cls: 0.3058, acc: 91.2622, loss_bbox: 0.2275, loss: 0.6218
2021-12-06 21:40:34,725 - mmdet - INFO - Epoch [1][1250/3750]	lr: 3.000e-02, eta: 8:07:09, time: 0.663, data_time: 0.354, memory: 3719, loss_rpn_cls: 0.0681, loss_rpn_bbox: 0.0314, loss_cls: 0.2994, acc: 91.6860, loss_bbox: 0.2145, loss: 0.6134
2021-12-06 21:41:07,846 - mmdet - INFO - Epoch [1][1300/3750]	lr: 3.000e-02, eta: 8:06:26, time: 0.663, data_time: 0.370, memory: 3719, loss_rpn_cls: 0.0646, loss_rpn_bbox: 0.0312, loss_cls: 0.2981, acc: 91.7119, loss_bbox: 0.2187, loss: 0.6125
2021-12-06 21:41:41,319 - mmdet - INFO - Epoch [1][1350/3750]	lr: 3.000e-02, eta: 8:05:55, time: 0.669, data_time: 0.362, memory: 3719, loss_rpn_cls: 0.0589, loss_rpn_bbox: 0.0282, loss_cls: 0.3050, acc: 91.3867, loss_bbox: 0.2186, loss: 0.6108
2021-12-06 21:42:14,540 - mmdet - INFO - Epoch [1][1400/3750]	lr: 3.000e-02, eta: 8:05:16, time: 0.664, data_time: 0.364, memory: 3719, loss_rpn_cls: 0.0593, loss_rpn_bbox: 0.0318, loss_cls: 0.2974, acc: 91.5073, loss_bbox: 0.2209, loss: 0.6094
2021-12-06 21:42:47,828 - mmdet - INFO - Epoch [1][1450/3750]	lr: 3.000e-02, eta: 8:04:40, time: 0.666, data_time: 0.360, memory: 3719, loss_rpn_cls: 0.0618, loss_rpn_bbox: 0.0315, loss_cls: 0.2780, acc: 92.1387, loss_bbox: 0.2042, loss: 0.5754
2021-12-06 21:43:21,131 - mmdet - INFO - Epoch [1][1500/3750]	lr: 3.000e-02, eta: 8:04:04, time: 0.666, data_time: 0.363, memory: 3719, loss_rpn_cls: 0.0617, loss_rpn_bbox: 0.0313, loss_cls: 0.2992, acc: 91.1445, loss_bbox: 0.2232, loss: 0.6155
2021-12-06 21:43:54,354 - mmdet - INFO - Epoch [1][1550/3750]	lr: 3.000e-02, eta: 8:03:26, time: 0.664, data_time: 0.365, memory: 3719, loss_rpn_cls: 0.0561, loss_rpn_bbox: 0.0288, loss_cls: 0.2959, acc: 91.3306, loss_bbox: 0.2170, loss: 0.5978
2021-12-06 21:44:27,613 - mmdet - INFO - Epoch [1][1600/3750]	lr: 3.000e-02, eta: 8:02:50, time: 0.665, data_time: 0.363, memory: 3719, loss_rpn_cls: 0.0563, loss_rpn_bbox: 0.0315, loss_cls: 0.3101, acc: 90.9756, loss_bbox: 0.2303, loss: 0.6281
2021-12-06 21:45:01,072 - mmdet - INFO - Epoch [1][1650/3750]	lr: 3.000e-02, eta: 8:02:18, time: 0.669, data_time: 0.369, memory: 3719, loss_rpn_cls: 0.0613, loss_rpn_bbox: 0.0298, loss_cls: 0.2877, acc: 91.3979, loss_bbox: 0.2151, loss: 0.5939
2021-12-06 21:45:34,757 - mmdet - INFO - Epoch [1][1700/3750]	lr: 3.000e-02, eta: 8:01:53, time: 0.674, data_time: 0.371, memory: 3719, loss_rpn_cls: 0.0557, loss_rpn_bbox: 0.0301, loss_cls: 0.3016, acc: 91.0029, loss_bbox: 0.2282, loss: 0.6156
2021-12-06 21:46:08,600 - mmdet - INFO - Epoch [1][1750/3750]	lr: 3.000e-02, eta: 8:01:31, time: 0.677, data_time: 0.378, memory: 3719, loss_rpn_cls: 0.0579, loss_rpn_bbox: 0.0307, loss_cls: 0.2889, acc: 91.5820, loss_bbox: 0.2154, loss: 0.5930
2021-12-06 21:46:42,422 - mmdet - INFO - Epoch [1][1800/3750]	lr: 3.000e-02, eta: 8:01:07, time: 0.676, data_time: 0.380, memory: 3719, loss_rpn_cls: 0.0604, loss_rpn_bbox: 0.0315, loss_cls: 0.3060, acc: 91.1733, loss_bbox: 0.2217, loss: 0.6196
2021-12-06 21:47:15,625 - mmdet - INFO - Epoch [1][1850/3750]	lr: 3.000e-02, eta: 8:00:29, time: 0.664, data_time: 0.364, memory: 3719, loss_rpn_cls: 0.0542, loss_rpn_bbox: 0.0298, loss_cls: 0.2946, acc: 91.3950, loss_bbox: 0.2145, loss: 0.5931
2021-12-06 21:47:49,408 - mmdet - INFO - Epoch [1][1900/3750]	lr: 3.000e-02, eta: 8:00:04, time: 0.676, data_time: 0.373, memory: 3719, loss_rpn_cls: 0.0517, loss_rpn_bbox: 0.0267, loss_cls: 0.2798, acc: 92.0146, loss_bbox: 0.2021, loss: 0.5603
2021-12-06 21:48:22,651 - mmdet - INFO - Epoch [1][1950/3750]	lr: 3.000e-02, eta: 7:59:27, time: 0.665, data_time: 0.366, memory: 3719, loss_rpn_cls: 0.0603, loss_rpn_bbox: 0.0282, loss_cls: 0.2930, acc: 91.7158, loss_bbox: 0.2110, loss: 0.5925
2021-12-06 21:48:55,869 - mmdet - INFO - Exp name: faster_rcnn_r50_fpn_1x_tct_e100_lrx3.py
2021-12-06 21:48:55,869 - mmdet - INFO - Epoch [1][2000/3750]	lr: 3.000e-02, eta: 7:58:49, time: 0.664, data_time: 0.372, memory: 3719, loss_rpn_cls: 0.0574, loss_rpn_bbox: 0.0297, loss_cls: 0.2869, acc: 91.5762, loss_bbox: 0.2123, loss: 0.5863
2021-12-06 21:49:28,975 - mmdet - INFO - Epoch [1][2050/3750]	lr: 3.000e-02, eta: 7:58:09, time: 0.662, data_time: 0.373, memory: 3719, loss_rpn_cls: 0.0492, loss_rpn_bbox: 0.0282, loss_cls: 0.2767, acc: 91.8887, loss_bbox: 0.2038, loss: 0.5578
2021-12-06 21:50:02,311 - mmdet - INFO - Epoch [1][2100/3750]	lr: 3.000e-02, eta: 7:57:35, time: 0.667, data_time: 0.371, memory: 3719, loss_rpn_cls: 0.0575, loss_rpn_bbox: 0.0299, loss_cls: 0.2682, acc: 92.1704, loss_bbox: 0.2007, loss: 0.5564
2021-12-06 21:50:35,663 - mmdet - INFO - Epoch [1][2150/3750]	lr: 3.000e-02, eta: 7:57:01, time: 0.667, data_time: 0.370, memory: 3719, loss_rpn_cls: 0.0547, loss_rpn_bbox: 0.0299, loss_cls: 0.2772, acc: 91.5620, loss_bbox: 0.2140, loss: 0.5759
2021-12-06 21:51:08,869 - mmdet - INFO - Epoch [1][2200/3750]	lr: 3.000e-02, eta: 7:56:24, time: 0.664, data_time: 0.368, memory: 3719, loss_rpn_cls: 0.0543, loss_rpn_bbox: 0.0296, loss_cls: 0.2786, acc: 91.6377, loss_bbox: 0.2182, loss: 0.5806
2021-12-06 21:51:42,026 - mmdet - INFO - Epoch [1][2250/3750]	lr: 3.000e-02, eta: 7:55:45, time: 0.663, data_time: 0.371, memory: 3719, loss_rpn_cls: 0.0538, loss_rpn_bbox: 0.0297, loss_cls: 0.2856, acc: 91.5137, loss_bbox: 0.2176, loss: 0.5868
2021-12-06 21:52:15,411 - mmdet - INFO - Epoch [1][2300/3750]	lr: 3.000e-02, eta: 7:55:12, time: 0.668, data_time: 0.359, memory: 3719, loss_rpn_cls: 0.0510, loss_rpn_bbox: 0.0275, loss_cls: 0.2793, acc: 91.9341, loss_bbox: 0.2033, loss: 0.5612
2021-12-06 21:52:48,783 - mmdet - INFO - Epoch [1][2350/3750]	lr: 3.000e-02, eta: 7:54:38, time: 0.668, data_time: 0.365, memory: 3719, loss_rpn_cls: 0.0551, loss_rpn_bbox: 0.0293, loss_cls: 0.2806, acc: 91.7485, loss_bbox: 0.2083, loss: 0.5733
2021-12-06 21:53:22,333 - mmdet - INFO - Epoch [1][2400/3750]	lr: 3.000e-02, eta: 7:54:08, time: 0.671, data_time: 0.363, memory: 3719, loss_rpn_cls: 0.0491, loss_rpn_bbox: 0.0294, loss_cls: 0.2892, acc: 91.1470, loss_bbox: 0.2251, loss: 0.5928
2021-12-06 21:53:55,903 - mmdet - INFO - Epoch [1][2450/3750]	lr: 3.000e-02, eta: 7:53:38, time: 0.671, data_time: 0.372, memory: 3719, loss_rpn_cls: 0.0521, loss_rpn_bbox: 0.0270, loss_cls: 0.2912, acc: 91.5693, loss_bbox: 0.2063, loss: 0.5766
2021-12-06 21:54:29,693 - mmdet - INFO - Epoch [1][2500/3750]	lr: 3.000e-02, eta: 7:53:11, time: 0.676, data_time: 0.378, memory: 3719, loss_rpn_cls: 0.0583, loss_rpn_bbox: 0.0316, loss_cls: 0.2956, acc: 91.2871, loss_bbox: 0.2186, loss: 0.6041
2021-12-06 21:55:03,403 - mmdet - INFO - Epoch [1][2550/3750]	lr: 3.000e-02, eta: 7:52:43, time: 0.674, data_time: 0.374, memory: 3719, loss_rpn_cls: 0.0525, loss_rpn_bbox: 0.0322, loss_cls: 0.2840, acc: 91.3931, loss_bbox: 0.2210, loss: 0.5897
2021-12-06 21:55:36,542 - mmdet - INFO - Epoch [1][2600/3750]	lr: 3.000e-02, eta: 7:52:05, time: 0.663, data_time: 0.365, memory: 3719, loss_rpn_cls: 0.0487, loss_rpn_bbox: 0.0263, loss_cls: 0.2736, acc: 91.6963, loss_bbox: 0.2017, loss: 0.5503
2021-12-06 21:56:11,209 - mmdet - INFO - Epoch [1][2650/3750]	lr: 3.000e-02, eta: 7:51:52, time: 0.693, data_time: 0.380, memory: 3719, loss_rpn_cls: 0.0500, loss_rpn_bbox: 0.0277, loss_cls: 0.2657, acc: 91.8843, loss_bbox: 0.2086, loss: 0.5519
2021-12-06 21:56:44,711 - mmdet - INFO - Epoch [1][2700/3750]	lr: 3.000e-02, eta: 7:51:19, time: 0.670, data_time: 0.371, memory: 3719, loss_rpn_cls: 0.0500, loss_rpn_bbox: 0.0283, loss_cls: 0.2704, acc: 91.7866, loss_bbox: 0.2097, loss: 0.5585
2021-12-06 21:57:18,824 - mmdet - INFO - Epoch [1][2750/3750]	lr: 3.000e-02, eta: 7:50:57, time: 0.682, data_time: 0.389, memory: 3719, loss_rpn_cls: 0.0510, loss_rpn_bbox: 0.0280, loss_cls: 0.2521, acc: 92.2969, loss_bbox: 0.1875, loss: 0.5187
2021-12-06 21:57:52,729 - mmdet - INFO - Epoch [1][2800/3750]	lr: 3.000e-02, eta: 7:50:30, time: 0.678, data_time: 0.378, memory: 3719, loss_rpn_cls: 0.0497, loss_rpn_bbox: 0.0285, loss_cls: 0.2608, acc: 92.2051, loss_bbox: 0.1907, loss: 0.5297
2021-12-06 21:58:26,540 - mmdet - INFO - Epoch [1][2850/3750]	lr: 3.000e-02, eta: 7:50:02, time: 0.676, data_time: 0.379, memory: 3719, loss_rpn_cls: 0.0503, loss_rpn_bbox: 0.0281, loss_cls: 0.2630, acc: 91.9546, loss_bbox: 0.2031, loss: 0.5446
2021-12-06 21:59:00,273 - mmdet - INFO - Epoch [1][2900/3750]	lr: 3.000e-02, eta: 7:49:33, time: 0.675, data_time: 0.387, memory: 3719, loss_rpn_cls: 0.0502, loss_rpn_bbox: 0.0309, loss_cls: 0.2801, acc: 91.4673, loss_bbox: 0.2216, loss: 0.5827
2021-12-06 21:59:33,821 - mmdet - INFO - Epoch [1][2950/3750]	lr: 3.000e-02, eta: 7:49:00, time: 0.671, data_time: 0.376, memory: 3719, loss_rpn_cls: 0.0529, loss_rpn_bbox: 0.0264, loss_cls: 0.2705, acc: 91.9585, loss_bbox: 0.1962, loss: 0.5460
2021-12-06 22:00:07,333 - mmdet - INFO - Exp name: faster_rcnn_r50_fpn_1x_tct_e100_lrx3.py
2021-12-06 22:00:07,334 - mmdet - INFO - Epoch [1][3000/3750]	lr: 3.000e-02, eta: 7:48:28, time: 0.670, data_time: 0.368, memory: 3719, loss_rpn_cls: 0.0519, loss_rpn_bbox: 0.0274, loss_cls: 0.2814, acc: 91.2549, loss_bbox: 0.2150, loss: 0.5758
2021-12-06 22:00:41,121 - mmdet - INFO - Epoch [1][3050/3750]	lr: 3.000e-02, eta: 7:47:59, time: 0.676, data_time: 0.375, memory: 3719, loss_rpn_cls: 0.0477, loss_rpn_bbox: 0.0272, loss_cls: 0.2757, acc: 91.4888, loss_bbox: 0.2079, loss: 0.5584
2021-12-06 22:01:14,857 - mmdet - INFO - Epoch [1][3100/3750]	lr: 3.000e-02, eta: 7:47:29, time: 0.675, data_time: 0.376, memory: 3719, loss_rpn_cls: 0.0497, loss_rpn_bbox: 0.0275, loss_cls: 0.2822, acc: 91.4971, loss_bbox: 0.2124, loss: 0.5718
2021-12-06 22:01:48,366 - mmdet - INFO - Epoch [1][3150/3750]	lr: 3.000e-02, eta: 7:46:56, time: 0.670, data_time: 0.374, memory: 3719, loss_rpn_cls: 0.0491, loss_rpn_bbox: 0.0262, loss_cls: 0.2717, acc: 91.7837, loss_bbox: 0.2048, loss: 0.5518
2021-12-06 22:02:21,834 - mmdet - INFO - Epoch [1][3200/3750]	lr: 3.000e-02, eta: 7:46:22, time: 0.669, data_time: 0.369, memory: 3719, loss_rpn_cls: 0.0510, loss_rpn_bbox: 0.0293, loss_cls: 0.2868, acc: 91.1909, loss_bbox: 0.2194, loss: 0.5864
2021-12-06 22:02:55,530 - mmdet - INFO - Epoch [1][3250/3750]	lr: 3.000e-02, eta: 7:45:52, time: 0.674, data_time: 0.367, memory: 3719, loss_rpn_cls: 0.0450, loss_rpn_bbox: 0.0252, loss_cls: 0.2637, acc: 91.9570, loss_bbox: 0.2016, loss: 0.5355
2021-12-06 22:03:29,494 - mmdet - INFO - Epoch [1][3300/3750]	lr: 3.000e-02, eta: 7:45:24, time: 0.679, data_time: 0.370, memory: 3719, loss_rpn_cls: 0.0499, loss_rpn_bbox: 0.0284, loss_cls: 0.2793, acc: 91.4800, loss_bbox: 0.2145, loss: 0.5720
2021-12-06 22:04:03,190 - mmdet - INFO - Epoch [1][3350/3750]	lr: 3.000e-02, eta: 7:44:53, time: 0.674, data_time: 0.386, memory: 3719, loss_rpn_cls: 0.0467, loss_rpn_bbox: 0.0267, loss_cls: 0.2740, acc: 91.7407, loss_bbox: 0.2067, loss: 0.5541
2021-12-06 22:04:36,955 - mmdet - INFO - Epoch [1][3400/3750]	lr: 3.000e-02, eta: 7:44:23, time: 0.675, data_time: 0.367, memory: 3719, loss_rpn_cls: 0.0486, loss_rpn_bbox: 0.0256, loss_cls: 0.2569, acc: 92.1592, loss_bbox: 0.1885, loss: 0.5197
2021-12-06 22:05:11,222 - mmdet - INFO - Epoch [1][3450/3750]	lr: 3.000e-02, eta: 7:43:59, time: 0.685, data_time: 0.376, memory: 3719, loss_rpn_cls: 0.0519, loss_rpn_bbox: 0.0287, loss_cls: 0.2887, acc: 91.6016, loss_bbox: 0.2077, loss: 0.5769
2021-12-06 22:05:44,831 - mmdet - INFO - Epoch [1][3500/3750]	lr: 3.000e-02, eta: 7:43:27, time: 0.672, data_time: 0.374, memory: 3719, loss_rpn_cls: 0.0548, loss_rpn_bbox: 0.0288, loss_cls: 0.2657, acc: 92.1187, loss_bbox: 0.1980, loss: 0.5473
2021-12-06 22:06:18,835 - mmdet - INFO - Epoch [1][3550/3750]	lr: 3.000e-02, eta: 7:42:59, time: 0.680, data_time: 0.384, memory: 3719, loss_rpn_cls: 0.0487, loss_rpn_bbox: 0.0259, loss_cls: 0.2657, acc: 92.0234, loss_bbox: 0.2030, loss: 0.5433
2021-12-06 22:06:52,252 - mmdet - INFO - Epoch [1][3600/3750]	lr: 3.000e-02, eta: 7:42:25, time: 0.668, data_time: 0.374, memory: 3719, loss_rpn_cls: 0.0516, loss_rpn_bbox: 0.0266, loss_cls: 0.2632, acc: 92.1470, loss_bbox: 0.1959, loss: 0.5373
2021-12-06 22:07:26,388 - mmdet - INFO - Epoch [1][3650/3750]	lr: 3.000e-02, eta: 7:41:58, time: 0.683, data_time: 0.386, memory: 3719, loss_rpn_cls: 0.0426, loss_rpn_bbox: 0.0262, loss_cls: 0.2724, acc: 91.6318, loss_bbox: 0.2072, loss: 0.5484
2021-12-06 22:08:00,069 - mmdet - INFO - Epoch [1][3700/3750]	lr: 3.000e-02, eta: 7:41:27, time: 0.674, data_time: 0.371, memory: 3719, loss_rpn_cls: 0.0533, loss_rpn_bbox: 0.0291, loss_cls: 0.2726, acc: 91.6147, loss_bbox: 0.2093, loss: 0.5644
2021-12-06 22:08:34,105 - mmdet - INFO - Exp name: faster_rcnn_r50_fpn_1x_tct_e100_lrx3.py
2021-12-06 22:08:34,105 - mmdet - INFO - Epoch [1][3750/3750]	lr: 3.000e-02, eta: 7:40:59, time: 0.681, data_time: 0.386, memory: 3719, loss_rpn_cls: 0.0485, loss_rpn_bbox: 0.0264, loss_cls: 0.2620, acc: 91.7974, loss_bbox: 0.2059, loss: 0.5429
2021-12-06 22:08:34,106 - mmdet - INFO - Saving checkpoint at 1 epochs
2021-12-06 22:18:55,203 - mmdet - INFO - Evaluating bbox...
2021-12-06 22:20:16,002 - mmdet - INFO - Exp name: faster_rcnn_r50_fpn_1x_tct_e100_lrx3.py
2021-12-06 22:20:16,003 - mmdet - INFO - Epoch(val) [1][3750]	bbox_mAP: 0.1370, bbox_mAP_50: 0.2870, bbox_mAP_75: 0.1120, bbox_mAP_s: -1.0000, bbox_mAP_m: 0.0420, bbox_mAP_l: 0.1460, bbox_mAP_copypaste: 0.137 0.287 0.112 -1.000 0.042 0.146
2021-12-06 22:20:52,138 - mmdet - INFO - Epoch [2][50/3750]	lr: 3.000e-02, eta: 7:40:53, time: 0.721, data_time: 0.399, memory: 3719, loss_rpn_cls: 0.0453, loss_rpn_bbox: 0.0241, loss_cls: 0.2569, acc: 91.9966, loss_bbox: 0.2007, loss: 0.5269
2021-12-06 22:21:25,549 - mmdet - INFO - Epoch [2][100/3750]	lr: 3.000e-02, eta: 7:40:18, time: 0.668, data_time: 0.347, memory: 3719, loss_rpn_cls: 0.0459, loss_rpn_bbox: 0.0275, loss_cls: 0.2970, acc: 90.8735, loss_bbox: 0.2193, loss: 0.5897
2021-12-06 22:21:58,694 - mmdet - INFO - Epoch [2][150/3750]	lr: 3.000e-02, eta: 7:39:40, time: 0.663, data_time: 0.352, memory: 3719, loss_rpn_cls: 0.0464, loss_rpn_bbox: 0.0261, loss_cls: 0.2739, acc: 91.5283, loss_bbox: 0.2072, loss: 0.5537
2021-12-06 22:22:31,847 - mmdet - INFO - Epoch [2][200/3750]	lr: 3.000e-02, eta: 7:39:02, time: 0.663, data_time: 0.348, memory: 3719, loss_rpn_cls: 0.0518, loss_rpn_bbox: 0.0282, loss_cls: 0.2696, acc: 91.5366, loss_bbox: 0.2101, loss: 0.5597
2021-12-06 22:23:04,928 - mmdet - INFO - Exp name: faster_rcnn_r50_fpn_1x_tct_e100_lrx3.py
2021-12-06 22:23:04,929 - mmdet - INFO - Epoch [2][250/3750]	lr: 3.000e-02, eta: 7:38:24, time: 0.662, data_time: 0.348, memory: 3719, loss_rpn_cls: 0.0489, loss_rpn_bbox: 0.0286, loss_cls: 0.2790, acc: 91.3232, loss_bbox: 0.2177, loss: 0.5742
2021-12-06 22:23:38,250 - mmdet - INFO - Epoch [2][300/3750]	lr: 3.000e-02, eta: 7:37:48, time: 0.666, data_time: 0.350, memory: 3719, loss_rpn_cls: 0.0493, loss_rpn_bbox: 0.0273, loss_cls: 0.2685, acc: 91.8257, loss_bbox: 0.1981, loss: 0.5432
2021-12-06 22:24:11,256 - mmdet - INFO - Epoch [2][350/3750]	lr: 3.000e-02, eta: 7:37:09, time: 0.660, data_time: 0.350, memory: 3719, loss_rpn_cls: 0.0501, loss_rpn_bbox: 0.0267, loss_cls: 0.2508, acc: 92.1885, loss_bbox: 0.1890, loss: 0.5166
2021-12-06 22:24:44,090 - mmdet - INFO - Epoch [2][400/3750]	lr: 3.000e-02, eta: 7:36:29, time: 0.657, data_time: 0.344, memory: 3719, loss_rpn_cls: 0.0466, loss_rpn_bbox: 0.0261, loss_cls: 0.2703, acc: 91.6157, loss_bbox: 0.2133, loss: 0.5563
2021-12-06 22:25:16,807 - mmdet - INFO - Epoch [2][450/3750]	lr: 3.000e-02, eta: 7:35:47, time: 0.654, data_time: 0.344, memory: 3719, loss_rpn_cls: 0.0478, loss_rpn_bbox: 0.0247, loss_cls: 0.2421, acc: 92.6787, loss_bbox: 0.1828, loss: 0.4975
2021-12-06 22:25:49,576 - mmdet - INFO - Epoch [2][500/3750]	lr: 3.000e-02, eta: 7:35:07, time: 0.655, data_time: 0.348, memory: 3719, loss_rpn_cls: 0.0462, loss_rpn_bbox: 0.0258, loss_cls: 0.2638, acc: 91.7646, loss_bbox: 0.2009, loss: 0.5367
2021-12-06 22:26:22,382 - mmdet - INFO - Epoch [2][550/3750]	lr: 3.000e-02, eta: 7:34:26, time: 0.656, data_time: 0.339, memory: 3719, loss_rpn_cls: 0.0497, loss_rpn_bbox: 0.0291, loss_cls: 0.2808, acc: 91.0674, loss_bbox: 0.2205, loss: 0.5801
2021-12-06 22:26:55,403 - mmdet - INFO - Epoch [2][600/3750]	lr: 3.000e-02, eta: 7:33:48, time: 0.660, data_time: 0.346, memory: 3719, loss_rpn_cls: 0.0410, loss_rpn_bbox: 0.0254, loss_cls: 0.2594, acc: 91.8491, loss_bbox: 0.2037, loss: 0.5295
2021-12-06 22:27:28,328 - mmdet - INFO - Epoch [2][650/3750]	lr: 3.000e-02, eta: 7:33:10, time: 0.659, data_time: 0.342, memory: 3719, loss_rpn_cls: 0.0473, loss_rpn_bbox: 0.0263, loss_cls: 0.2517, acc: 92.2310, loss_bbox: 0.1928, loss: 0.5181
2021-12-06 22:28:01,244 - mmdet - INFO - Epoch [2][700/3750]	lr: 3.000e-02, eta: 7:32:31, time: 0.658, data_time: 0.350, memory: 3719, loss_rpn_cls: 0.0416, loss_rpn_bbox: 0.0265, loss_cls: 0.2751, acc: 91.3418, loss_bbox: 0.2059, loss: 0.5491
2021-12-06 22:28:34,151 - mmdet - INFO - Epoch [2][750/3750]	lr: 3.000e-02, eta: 7:31:53, time: 0.658, data_time: 0.361, memory: 3719, loss_rpn_cls: 0.0448, loss_rpn_bbox: 0.0285, loss_cls: 0.2675, acc: 91.5586, loss_bbox: 0.2077, loss: 0.5485
2021-12-06 22:29:07,507 - mmdet - INFO - Epoch [2][800/3750]	lr: 3.000e-02, eta: 7:31:18, time: 0.667, data_time: 0.342, memory: 3719, loss_rpn_cls: 0.0430, loss_rpn_bbox: 0.0257, loss_cls: 0.2566, acc: 91.8687, loss_bbox: 0.1994, loss: 0.5247
2021-12-06 22:29:41,065 - mmdet - INFO - Epoch [2][850/3750]	lr: 3.000e-02, eta: 7:30:45, time: 0.671, data_time: 0.356, memory: 3719, loss_rpn_cls: 0.0443, loss_rpn_bbox: 0.0268, loss_cls: 0.2490, acc: 92.2749, loss_bbox: 0.1917, loss: 0.5119
2021-12-06 22:30:14,073 - mmdet - INFO - Epoch [2][900/3750]	lr: 3.000e-02, eta: 7:30:08, time: 0.660, data_time: 0.345, memory: 3719, loss_rpn_cls: 0.0435, loss_rpn_bbox: 0.0259, loss_cls: 0.2664, acc: 91.5962, loss_bbox: 0.2041, loss: 0.5400
2021-12-06 22:30:46,980 - mmdet - INFO - Epoch [2][950/3750]	lr: 3.000e-02, eta: 7:29:29, time: 0.658, data_time: 0.347, memory: 3719, loss_rpn_cls: 0.0448, loss_rpn_bbox: 0.0292, loss_cls: 0.2651, acc: 91.6758, loss_bbox: 0.2033, loss: 0.5424
2021-12-06 22:31:19,784 - mmdet - INFO - Epoch [2][1000/3750]	lr: 3.000e-02, eta: 7:28:50, time: 0.656, data_time: 0.343, memory: 3719, loss_rpn_cls: 0.0465, loss_rpn_bbox: 0.0263, loss_cls: 0.2653, acc: 91.5659, loss_bbox: 0.2049, loss: 0.5430
2021-12-06 22:31:52,649 - mmdet - INFO - Epoch [2][1050/3750]	lr: 3.000e-02, eta: 7:28:12, time: 0.657, data_time: 0.344, memory: 3719, loss_rpn_cls: 0.0425, loss_rpn_bbox: 0.0263, loss_cls: 0.2759, acc: 91.3936, loss_bbox: 0.2125, loss: 0.5572
2021-12-06 22:32:25,503 - mmdet - INFO - Epoch [2][1100/3750]	lr: 3.000e-02, eta: 7:27:34, time: 0.657, data_time: 0.335, memory: 3719, loss_rpn_cls: 0.0458, loss_rpn_bbox: 0.0272, loss_cls: 0.2499, acc: 92.2163, loss_bbox: 0.1893, loss: 0.5121
2021-12-06 22:32:58,282 - mmdet - INFO - Epoch [2][1150/3750]	lr: 3.000e-02, eta: 7:26:55, time: 0.656, data_time: 0.335, memory: 3719, loss_rpn_cls: 0.0451, loss_rpn_bbox: 0.0254, loss_cls: 0.2417, acc: 92.4863, loss_bbox: 0.1818, loss: 0.4940
2021-12-06 22:33:31,074 - mmdet - INFO - Epoch [2][1200/3750]	lr: 3.000e-02, eta: 7:26:16, time: 0.656, data_time: 0.341, memory: 3719, loss_rpn_cls: 0.0498, loss_rpn_bbox: 0.0267, loss_cls: 0.2598, acc: 91.8218, loss_bbox: 0.1943, loss: 0.5306
2021-12-06 22:34:03,834 - mmdet - INFO - Exp name: faster_rcnn_r50_fpn_1x_tct_e100_lrx3.py
2021-12-06 22:34:03,834 - mmdet - INFO - Epoch [2][1250/3750]	lr: 3.000e-02, eta: 7:25:37, time: 0.655, data_time: 0.346, memory: 3719, loss_rpn_cls: 0.0448, loss_rpn_bbox: 0.0260, loss_cls: 0.2534, acc: 92.0381, loss_bbox: 0.1997, loss: 0.5238
2021-12-06 22:34:36,999 - mmdet - INFO - Epoch [2][1300/3750]	lr: 3.000e-02, eta: 7:25:02, time: 0.663, data_time: 0.337, memory: 3719, loss_rpn_cls: 0.0466, loss_rpn_bbox: 0.0284, loss_cls: 0.2583, acc: 91.7583, loss_bbox: 0.2078, loss: 0.5411
