2020-10-27 09:36:17,117 - mmdet - INFO - Environment info:
------------------------------------------------------------
sys.platform: linux
Python: 3.7.9 (default, Aug 31 2020, 12:42:55) [GCC 7.3.0]
CUDA available: True
GPU 0,1,2,3: GeForce RTX 2080 Ti
CUDA_HOME: /usr/local/cuda
NVCC: Cuda compilation tools, release 10.0, V10.0.130
GCC: gcc (Ubuntu 5.4.0-6ubuntu1~16.04.11) 5.4.0 20160609
PyTorch: 1.4.0
PyTorch compiling details: PyTorch built with:
  - GCC 7.3
  - Intel(R) Math Kernel Library Version 2020.0.2 Product Build 20200624 for Intel(R) 64 architecture applications
  - Intel(R) MKL-DNN v0.21.1 (Git Hash 7d2fd500bc78936d1d648ca713b901012f470dbc)
  - OpenMP 201511 (a.k.a. OpenMP 4.5)
  - NNPACK is enabled
  - CUDA Runtime 10.0
  - NVCC architecture flags: -gencode;arch=compute_37,code=sm_37;-gencode;arch=compute_50,code=sm_50;-gencode;arch=compute_60,code=sm_60;-gencode;arch=compute_61,code=sm_61;-gencode;arch=compute_70,code=sm_70;-gencode;arch=compute_75,code=sm_75;-gencode;arch=compute_37,code=compute_37
  - CuDNN 7.6.3
  - Magma 2.5.1
  - Build settings: BLAS=MKL, BUILD_NAMEDTENSOR=OFF, BUILD_TYPE=Release, CXX_FLAGS= -Wno-deprecated -fvisibility-inlines-hidden -fopenmp -DUSE_FBGEMM -DUSE_QNNPACK -DUSE_PYTORCH_QNNPACK -O2 -fPIC -Wno-narrowing -Wall -Wextra -Wno-missing-field-initializers -Wno-type-limits -Wno-array-bounds -Wno-unknown-pragmas -Wno-sign-compare -Wno-unused-parameter -Wno-unused-variable -Wno-unused-function -Wno-unused-result -Wno-strict-overflow -Wno-strict-aliasing -Wno-error=deprecated-declarations -Wno-stringop-overflow -Wno-error=pedantic -Wno-error=redundant-decls -Wno-error=old-style-cast -fdiagnostics-color=always -faligned-new -Wno-unused-but-set-variable -Wno-maybe-uninitialized -fno-math-errno -fno-trapping-math -Wno-stringop-overflow, DISABLE_NUMA=1, PERF_WITH_AVX=1, PERF_WITH_AVX2=1, PERF_WITH_AVX512=1, USE_CUDA=ON, USE_EXCEPTION_PTR=1, USE_GFLAGS=OFF, USE_GLOG=OFF, USE_MKL=ON, USE_MKLDNN=ON, USE_MPI=OFF, USE_NCCL=ON, USE_NNPACK=ON, USE_OPENMP=ON, USE_STATIC_DISPATCH=OFF, 

TorchVision: 0.5.0
OpenCV: 4.4.0
MMCV: 1.1.5
MMCV Compiler: GCC 7.3
MMCV CUDA Compiler: 10.0
MMDetection: 2.5.0+
------------------------------------------------------------

2020-10-27 09:36:19,286 - mmdet - INFO - Distributed training: True
2020-10-27 09:36:21,642 - mmdet - INFO - Config:
model = dict(
    type='FasterRCNN',
    pretrained=None,
    backbone=dict(
        type='ResNet',
        depth=50,
        num_stages=4,
        out_indices=(0, 1, 2, 3),
        frozen_stages=1,
        norm_cfg=dict(type='BN', requires_grad=False),
        norm_eval=True,
        style='caffe'),
    neck=dict(
        type='FPN',
        in_channels=[256, 512, 1024, 2048],
        out_channels=256,
        num_outs=5),
    rpn_head=dict(
        type='RPNHead',
        in_channels=256,
        feat_channels=256,
        anchor_generator=dict(
            type='AnchorGenerator',
            scales=[8],
            ratios=[0.5, 1.0, 2.0],
            strides=[4, 8, 16, 32, 64]),
        bbox_coder=dict(
            type='DeltaXYWHBBoxCoder',
            target_means=[0.0, 0.0, 0.0, 0.0],
            target_stds=[1.0, 1.0, 1.0, 1.0]),
        loss_cls=dict(
            type='CrossEntropyLoss', use_sigmoid=True, loss_weight=1.0),
        loss_bbox=dict(type='L1Loss', loss_weight=1.0)),
    roi_head=dict(
        type='StandardRoIHead',
        bbox_roi_extractor=dict(
            type='SingleRoIExtractor',
            roi_layer=dict(type='RoIAlign', output_size=7, sampling_ratio=0),
            out_channels=256,
            featmap_strides=[4, 8, 16, 32]),
        bbox_head=dict(
            type='Shared2FCBBoxHead',
            in_channels=256,
            fc_out_channels=1024,
            roi_feat_size=7,
            num_classes=20,
            bbox_coder=dict(
                type='DeltaXYWHBBoxCoder',
                target_means=[0.0, 0.0, 0.0, 0.0],
                target_stds=[0.1, 0.1, 0.2, 0.2]),
            reg_class_agnostic=False,
            loss_cls=dict(
                type='CrossEntropyLoss', use_sigmoid=False, loss_weight=1.0),
            loss_bbox=dict(type='L1Loss', loss_weight=1.0))))
train_cfg = dict(
    rpn=dict(
        assigner=dict(
            type='MaxIoUAssigner',
            pos_iou_thr=0.7,
            neg_iou_thr=0.3,
            min_pos_iou=0.3,
            match_low_quality=True,
            ignore_iof_thr=-1),
        sampler=dict(
            type='RandomSampler',
            num=256,
            pos_fraction=0.5,
            neg_pos_ub=-1,
            add_gt_as_proposals=False),
        allowed_border=-1,
        pos_weight=-1,
        debug=False),
    rpn_proposal=dict(
        nms_across_levels=False,
        nms_pre=2000,
        nms_post=1000,
        max_num=1000,
        nms_thr=0.7,
        min_bbox_size=0),
    rcnn=dict(
        assigner=dict(
            type='MaxIoUAssigner',
            pos_iou_thr=0.5,
            neg_iou_thr=0.5,
            min_pos_iou=0.5,
            match_low_quality=False,
            ignore_iof_thr=-1),
        sampler=dict(
            type='RandomSampler',
            num=512,
            pos_fraction=0.25,
            neg_pos_ub=-1,
            add_gt_as_proposals=True),
        pos_weight=-1,
        debug=False))
test_cfg = dict(
    rpn=dict(
        nms_across_levels=False,
        nms_pre=1000,
        nms_post=1000,
        max_num=1000,
        nms_thr=0.7,
        min_bbox_size=0),
    rcnn=dict(
        score_thr=0.05,
        nms=dict(type='nms', iou_threshold=0.5),
        max_per_img=100))
dataset_type = 'VOCDataset'
data_root = '/root/userfolder/data/voc0712/VOCdevkit/'
img_norm_cfg = dict(
    mean=[103.53, 116.28, 123.675], std=[1.0, 1.0, 1.0], to_rgb=False)
train_pipeline = [
    dict(type='LoadImageFromFile'),
    dict(type='LoadAnnotations', with_bbox=True),
    dict(type='Resize', img_scale=(1333, 800), keep_ratio=True),
    dict(type='RandomFlip', flip_ratio=0.5),
    dict(
        type='Normalize',
        mean=[103.53, 116.28, 123.675],
        std=[1.0, 1.0, 1.0],
        to_rgb=False),
    dict(type='Pad', size_divisor=32),
    dict(type='DefaultFormatBundle'),
    dict(type='Collect', keys=['img', 'gt_bboxes', 'gt_labels'])
]
test_pipeline = [
    dict(type='LoadImageFromFile'),
    dict(
        type='MultiScaleFlipAug',
        img_scale=(1333, 800),
        flip=False,
        transforms=[
            dict(type='Resize', keep_ratio=True),
            dict(type='RandomFlip'),
            dict(
                type='Normalize',
                mean=[103.53, 116.28, 123.675],
                std=[1.0, 1.0, 1.0],
                to_rgb=False),
            dict(type='Pad', size_divisor=32),
            dict(type='ImageToTensor', keys=['img']),
            dict(type='Collect', keys=['img'])
        ])
]
data = dict(
    samples_per_gpu=2,
    workers_per_gpu=0,
    train=dict(
        type='RepeatDataset',
        times=3,
        dataset=dict(
            type='VOCDataset',
            ann_file=[
                '/root/userfolder/data/voc0712/VOCdevkit/VOC2007/ImageSets/Main/trainval.txt',
                '/root/userfolder/data/voc0712/VOCdevkit/VOC2012/ImageSets/Main/trainval.txt'
            ],
            img_prefix=[
                '/root/userfolder/data/voc0712/VOCdevkit/VOC2007/',
                '/root/userfolder/data/voc0712/VOCdevkit/VOC2012/'
            ],
            pipeline=[
                dict(type='LoadImageFromFile'),
                dict(type='LoadAnnotations', with_bbox=True),
                dict(type='Resize', img_scale=(1000, 600), keep_ratio=True),
                dict(type='RandomFlip', flip_ratio=0.5),
                dict(
                    type='Normalize',
                    mean=[123.675, 116.28, 103.53],
                    std=[58.395, 57.12, 57.375],
                    to_rgb=True),
                dict(type='Pad', size_divisor=32),
                dict(type='DefaultFormatBundle'),
                dict(type='Collect', keys=['img', 'gt_bboxes', 'gt_labels'])
            ]),
        pipeline=[
            dict(type='LoadImageFromFile'),
            dict(type='LoadAnnotations', with_bbox=True),
            dict(type='Resize', img_scale=(1333, 800), keep_ratio=True),
            dict(type='RandomFlip', flip_ratio=0.5),
            dict(
                type='Normalize',
                mean=[103.53, 116.28, 123.675],
                std=[1.0, 1.0, 1.0],
                to_rgb=False),
            dict(type='Pad', size_divisor=32),
            dict(type='DefaultFormatBundle'),
            dict(type='Collect', keys=['img', 'gt_bboxes', 'gt_labels'])
        ]),
    val=dict(
        type='VOCDataset',
        ann_file=
        '/root/userfolder/data/voc0712/VOCdevkit/VOC2007/ImageSets/Main/test.txt',
        img_prefix='/root/userfolder/data/voc0712/VOCdevkit/VOC2007/',
        pipeline=[
            dict(type='LoadImageFromFile'),
            dict(
                type='MultiScaleFlipAug',
                img_scale=(1333, 800),
                flip=False,
                transforms=[
                    dict(type='Resize', keep_ratio=True),
                    dict(type='RandomFlip'),
                    dict(
                        type='Normalize',
                        mean=[103.53, 116.28, 123.675],
                        std=[1.0, 1.0, 1.0],
                        to_rgb=False),
                    dict(type='Pad', size_divisor=32),
                    dict(type='ImageToTensor', keys=['img']),
                    dict(type='Collect', keys=['img'])
                ])
        ]),
    test=dict(
        type='VOCDataset',
        ann_file=
        '/root/userfolder/data/voc0712/VOCdevkit/VOC2007/ImageSets/Main/test.txt',
        img_prefix='/root/userfolder/data/voc0712/VOCdevkit/VOC2007/',
        pipeline=[
            dict(type='LoadImageFromFile'),
            dict(
                type='MultiScaleFlipAug',
                img_scale=(1333, 800),
                flip=False,
                transforms=[
                    dict(type='Resize', keep_ratio=True),
                    dict(type='RandomFlip'),
                    dict(
                        type='Normalize',
                        mean=[103.53, 116.28, 123.675],
                        std=[1.0, 1.0, 1.0],
                        to_rgb=False),
                    dict(type='Pad', size_divisor=32),
                    dict(type='ImageToTensor', keys=['img']),
                    dict(type='Collect', keys=['img'])
                ])
        ]))
evaluation = dict(interval=1, metric='mAP')
checkpoint_config = dict(interval=1)
log_config = dict(interval=50, hooks=[dict(type='TextLoggerHook')])
dist_params = dict(backend='nccl')
log_level = 'INFO'
load_from = None
resume_from = None
workflow = [('train', 1)]
optimizer = dict(type='SGD', lr=0.0025, momentum=0.9, weight_decay=0.0001)
optimizer_config = dict(grad_clip=None)
lr_config = dict(
    policy='step',
    warmup='linear',
    warmup_iters=500,
    warmup_ratio=0.001,
    step=[16, 22])
total_epochs = 24
work_dir = './work_dirs/faster_rcnn_r50_caffe_fpn_2x_voc_random'
gpu_ids = range(0, 1)

2020-10-27 09:36:48,352 - mmdet - INFO - Start running, host: root@c29bb9d22aa7, work_dir: /root/userfolder/mmdetection/work_dirs/faster_rcnn_r50_caffe_fpn_2x_voc_random
2020-10-27 09:36:48,352 - mmdet - INFO - workflow: [('train', 1)], max: 24 epochs
2020-10-27 09:37:22,294 - mmdet - INFO - Epoch [1][50/6207]	lr: 2.473e-04, eta: 1 day, 3:56:07, time: 0.675, data_time: 0.128, memory: 2471, loss_rpn_cls: 0.6883, loss_rpn_bbox: 0.0232, loss_cls: 2.1968, acc: 71.8828, loss_bbox: 0.0026, loss: 2.9109
2020-10-27 09:37:36,915 - mmdet - INFO - Epoch [1][100/6207]	lr: 4.970e-04, eta: 20:00:39, time: 0.293, data_time: 0.078, memory: 2471, loss_rpn_cls: 0.6465, loss_rpn_bbox: 0.0248, loss_cls: 0.7906, acc: 98.8501, loss_bbox: 0.0308, loss: 1.4927
2020-10-27 09:37:52,044 - mmdet - INFO - Epoch [1][150/6207]	lr: 7.468e-04, eta: 17:30:16, time: 0.303, data_time: 0.076, memory: 2471, loss_rpn_cls: 0.4332, loss_rpn_bbox: 0.0213, loss_cls: 0.9359, acc: 97.5181, loss_bbox: 0.0923, loss: 1.4827
2020-10-27 09:38:07,134 - mmdet - INFO - Epoch [1][200/6207]	lr: 9.965e-04, eta: 16:12:05, time: 0.298, data_time: 0.077, memory: 2471, loss_rpn_cls: 0.1708, loss_rpn_bbox: 0.0206, loss_cls: 0.8296, acc: 97.3828, loss_bbox: 0.0983, loss: 1.1192
2020-10-27 09:38:22,030 - mmdet - INFO - Epoch [1][250/6207]	lr: 1.246e-03, eta: 15:27:03, time: 0.302, data_time: 0.075, memory: 2471, loss_rpn_cls: 0.1236, loss_rpn_bbox: 0.0244, loss_cls: 0.6660, acc: 97.1899, loss_bbox: 0.1045, loss: 0.9184
2020-10-27 09:38:37,020 - mmdet - INFO - Epoch [1][300/6207]	lr: 1.496e-03, eta: 14:56:03, time: 0.300, data_time: 0.079, memory: 2471, loss_rpn_cls: 0.1111, loss_rpn_bbox: 0.0202, loss_cls: 0.6344, acc: 97.2441, loss_bbox: 0.1040, loss: 0.8697
2020-10-27 09:38:51,880 - mmdet - INFO - Epoch [1][350/6207]	lr: 1.746e-03, eta: 14:32:32, time: 0.296, data_time: 0.078, memory: 2471, loss_rpn_cls: 0.1082, loss_rpn_bbox: 0.0232, loss_cls: 0.5249, acc: 96.3618, loss_bbox: 0.1415, loss: 0.7978
2020-10-27 09:39:07,024 - mmdet - INFO - Epoch [1][400/6207]	lr: 1.996e-03, eta: 14:17:19, time: 0.304, data_time: 0.081, memory: 2471, loss_rpn_cls: 0.1022, loss_rpn_bbox: 0.0213, loss_cls: 0.4602, acc: 96.5259, loss_bbox: 0.1339, loss: 0.7177
2020-10-27 09:39:22,017 - mmdet - INFO - Epoch [1][450/6207]	lr: 2.245e-03, eta: 14:04:17, time: 0.300, data_time: 0.076, memory: 2471, loss_rpn_cls: 0.1040, loss_rpn_bbox: 0.0220, loss_cls: 0.4047, acc: 96.4097, loss_bbox: 0.1397, loss: 0.6703
2020-10-27 09:39:36,899 - mmdet - INFO - Epoch [1][500/6207]	lr: 2.495e-03, eta: 13:53:16, time: 0.298, data_time: 0.075, memory: 2471, loss_rpn_cls: 0.1074, loss_rpn_bbox: 0.0246, loss_cls: 0.3818, acc: 96.1108, loss_bbox: 0.1523, loss: 0.6661
2020-10-27 09:39:51,571 - mmdet - INFO - Epoch [1][550/6207]	lr: 2.500e-03, eta: 13:43:17, time: 0.294, data_time: 0.075, memory: 2471, loss_rpn_cls: 0.0846, loss_rpn_bbox: 0.0193, loss_cls: 0.3135, acc: 96.4927, loss_bbox: 0.1386, loss: 0.5561
2020-10-27 09:40:06,418 - mmdet - INFO - Epoch [1][600/6207]	lr: 2.500e-03, eta: 13:35:33, time: 0.297, data_time: 0.076, memory: 2471, loss_rpn_cls: 0.0939, loss_rpn_bbox: 0.0214, loss_cls: 0.2879, acc: 96.4927, loss_bbox: 0.1357, loss: 0.5389
2020-10-27 09:40:21,844 - mmdet - INFO - Epoch [1][650/6207]	lr: 2.500e-03, eta: 13:31:13, time: 0.308, data_time: 0.080, memory: 2471, loss_rpn_cls: 0.1026, loss_rpn_bbox: 0.0225, loss_cls: 0.2626, acc: 96.5137, loss_bbox: 0.1354, loss: 0.5232
2020-10-27 09:40:36,625 - mmdet - INFO - Epoch [1][700/6207]	lr: 2.500e-03, eta: 13:25:13, time: 0.296, data_time: 0.076, memory: 2471, loss_rpn_cls: 0.0905, loss_rpn_bbox: 0.0229, loss_cls: 0.2461, acc: 96.3276, loss_bbox: 0.1436, loss: 0.5031
2020-10-27 09:40:51,601 - mmdet - INFO - Epoch [1][750/6207]	lr: 2.500e-03, eta: 13:20:37, time: 0.300, data_time: 0.080, memory: 2471, loss_rpn_cls: 0.0904, loss_rpn_bbox: 0.0223, loss_cls: 0.2394, acc: 96.3374, loss_bbox: 0.1434, loss: 0.4956
2020-10-27 09:41:06,561 - mmdet - INFO - Epoch [1][800/6207]	lr: 2.500e-03, eta: 13:16:20, time: 0.298, data_time: 0.076, memory: 2471, loss_rpn_cls: 0.1033, loss_rpn_bbox: 0.0236, loss_cls: 0.2272, acc: 96.3838, loss_bbox: 0.1404, loss: 0.4945
2020-10-27 09:41:21,548 - mmdet - INFO - Epoch [1][850/6207]	lr: 2.500e-03, eta: 13:12:54, time: 0.301, data_time: 0.085, memory: 2471, loss_rpn_cls: 0.0953, loss_rpn_bbox: 0.0222, loss_cls: 0.2160, acc: 96.5981, loss_bbox: 0.1314, loss: 0.4649
2020-10-27 09:41:36,388 - mmdet - INFO - Epoch [1][900/6207]	lr: 2.500e-03, eta: 13:09:16, time: 0.297, data_time: 0.074, memory: 2471, loss_rpn_cls: 0.0850, loss_rpn_bbox: 0.0201, loss_cls: 0.2121, acc: 96.5947, loss_bbox: 0.1335, loss: 0.4507
2020-10-27 09:41:51,101 - mmdet - INFO - Epoch [1][950/6207]	lr: 2.500e-03, eta: 13:05:42, time: 0.294, data_time: 0.082, memory: 2471, loss_rpn_cls: 0.0836, loss_rpn_bbox: 0.0210, loss_cls: 0.2220, acc: 96.3521, loss_bbox: 0.1426, loss: 0.4692
2020-10-27 09:42:06,312 - mmdet - INFO - Exp name: faster_rcnn_r50_caffe_fpn_2x_voc_random.py
2020-10-27 09:42:06,312 - mmdet - INFO - Epoch [1][1000/6207]	lr: 2.500e-03, eta: 13:03:40, time: 0.304, data_time: 0.077, memory: 2471, loss_rpn_cls: 0.0975, loss_rpn_bbox: 0.0226, loss_cls: 0.2143, acc: 96.5718, loss_bbox: 0.1321, loss: 0.4664
2020-10-27 09:42:21,234 - mmdet - INFO - Epoch [1][1050/6207]	lr: 2.500e-03, eta: 13:01:08, time: 0.298, data_time: 0.074, memory: 2471, loss_rpn_cls: 0.0961, loss_rpn_bbox: 0.0239, loss_cls: 0.2271, acc: 96.2354, loss_bbox: 0.1461, loss: 0.4932
2020-10-27 09:42:36,101 - mmdet - INFO - Epoch [1][1100/6207]	lr: 2.500e-03, eta: 12:58:41, time: 0.297, data_time: 0.074, memory: 2471, loss_rpn_cls: 0.0984, loss_rpn_bbox: 0.0235, loss_cls: 0.2092, acc: 96.5527, loss_bbox: 0.1335, loss: 0.4647
2020-10-27 09:42:51,252 - mmdet - INFO - Epoch [1][1150/6207]	lr: 2.500e-03, eta: 12:57:02, time: 0.303, data_time: 0.073, memory: 2471, loss_rpn_cls: 0.0935, loss_rpn_bbox: 0.0228, loss_cls: 0.2170, acc: 96.4282, loss_bbox: 0.1369, loss: 0.4702
2020-10-27 09:43:06,171 - mmdet - INFO - Epoch [1][1200/6207]	lr: 2.500e-03, eta: 12:55:03, time: 0.299, data_time: 0.077, memory: 2471, loss_rpn_cls: 0.0978, loss_rpn_bbox: 0.0241, loss_cls: 0.2137, acc: 96.4438, loss_bbox: 0.1382, loss: 0.4738
2020-10-27 09:43:21,175 - mmdet - INFO - Epoch [1][1250/6207]	lr: 2.500e-03, eta: 12:53:19, time: 0.300, data_time: 0.075, memory: 2471, loss_rpn_cls: 0.0907, loss_rpn_bbox: 0.0237, loss_cls: 0.2362, acc: 96.0000, loss_bbox: 0.1559, loss: 0.5065
2020-10-27 09:43:36,259 - mmdet - INFO - Epoch [1][1300/6207]	lr: 2.500e-03, eta: 12:51:53, time: 0.302, data_time: 0.074, memory: 2471, loss_rpn_cls: 0.0824, loss_rpn_bbox: 0.0224, loss_cls: 0.2129, acc: 96.4292, loss_bbox: 0.1396, loss: 0.4574
2020-10-27 09:43:51,266 - mmdet - INFO - Epoch [1][1350/6207]	lr: 2.500e-03, eta: 12:50:27, time: 0.301, data_time: 0.076, memory: 2471, loss_rpn_cls: 0.0897, loss_rpn_bbox: 0.0216, loss_cls: 0.2111, acc: 96.4707, loss_bbox: 0.1367, loss: 0.4591
2020-10-27 09:44:06,142 - mmdet - INFO - Epoch [1][1400/6207]	lr: 2.500e-03, eta: 12:48:45, time: 0.297, data_time: 0.073, memory: 2471, loss_rpn_cls: 0.0952, loss_rpn_bbox: 0.0239, loss_cls: 0.2298, acc: 96.1626, loss_bbox: 0.1486, loss: 0.4975
2020-10-27 09:44:21,589 - mmdet - INFO - Epoch [1][1450/6207]	lr: 2.500e-03, eta: 12:48:11, time: 0.309, data_time: 0.077, memory: 2471, loss_rpn_cls: 0.0961, loss_rpn_bbox: 0.0227, loss_cls: 0.2234, acc: 96.2554, loss_bbox: 0.1443, loss: 0.4865
2020-10-27 09:44:36,369 - mmdet - INFO - Epoch [1][1500/6207]	lr: 2.500e-03, eta: 12:46:32, time: 0.296, data_time: 0.077, memory: 2471, loss_rpn_cls: 0.0877, loss_rpn_bbox: 0.0217, loss_cls: 0.2185, acc: 96.3052, loss_bbox: 0.1444, loss: 0.4724
2020-10-27 09:44:51,463 - mmdet - INFO - Epoch [1][1550/6207]	lr: 2.500e-03, eta: 12:45:22, time: 0.300, data_time: 0.075, memory: 2471, loss_rpn_cls: 0.0844, loss_rpn_bbox: 0.0217, loss_cls: 0.2246, acc: 96.2539, loss_bbox: 0.1461, loss: 0.4767
2020-10-27 09:45:06,288 - mmdet - INFO - Epoch [1][1600/6207]	lr: 2.500e-03, eta: 12:44:05, time: 0.298, data_time: 0.075, memory: 2471, loss_rpn_cls: 0.0821, loss_rpn_bbox: 0.0218, loss_cls: 0.2067, acc: 96.4619, loss_bbox: 0.1371, loss: 0.4477
2020-10-27 09:45:21,443 - mmdet - INFO - Epoch [1][1650/6207]	lr: 2.500e-03, eta: 12:43:13, time: 0.303, data_time: 0.071, memory: 2471, loss_rpn_cls: 0.0770, loss_rpn_bbox: 0.0212, loss_cls: 0.2283, acc: 96.1372, loss_bbox: 0.1525, loss: 0.4790
2020-10-27 09:45:36,248 - mmdet - INFO - Epoch [1][1700/6207]	lr: 2.500e-03, eta: 12:41:54, time: 0.296, data_time: 0.073, memory: 2471, loss_rpn_cls: 0.0755, loss_rpn_bbox: 0.0195, loss_cls: 0.2192, acc: 96.2632, loss_bbox: 0.1466, loss: 0.4608
2020-10-27 09:45:51,009 - mmdet - INFO - Epoch [1][1750/6207]	lr: 2.500e-03, eta: 12:40:34, time: 0.295, data_time: 0.074, memory: 2471, loss_rpn_cls: 0.0825, loss_rpn_bbox: 0.0221, loss_cls: 0.2263, acc: 96.1665, loss_bbox: 0.1504, loss: 0.4813
2020-10-27 09:46:05,839 - mmdet - INFO - Epoch [1][1800/6207]	lr: 2.500e-03, eta: 12:39:24, time: 0.297, data_time: 0.078, memory: 2471, loss_rpn_cls: 0.0800, loss_rpn_bbox: 0.0200, loss_cls: 0.2211, acc: 96.2676, loss_bbox: 0.1463, loss: 0.4674
2020-10-27 09:46:20,947 - mmdet - INFO - Epoch [1][1850/6207]	lr: 2.500e-03, eta: 12:38:40, time: 0.302, data_time: 0.079, memory: 2471, loss_rpn_cls: 0.0871, loss_rpn_bbox: 0.0233, loss_cls: 0.2378, acc: 95.9502, loss_bbox: 0.1588, loss: 0.5071
2020-10-27 09:46:35,935 - mmdet - INFO - Epoch [1][1900/6207]	lr: 2.500e-03, eta: 12:37:46, time: 0.299, data_time: 0.077, memory: 2471, loss_rpn_cls: 0.0720, loss_rpn_bbox: 0.0208, loss_cls: 0.2238, acc: 96.2490, loss_bbox: 0.1479, loss: 0.4645
2020-10-27 09:46:50,704 - mmdet - INFO - Epoch [1][1950/6207]	lr: 2.500e-03, eta: 12:36:39, time: 0.295, data_time: 0.078, memory: 2471, loss_rpn_cls: 0.0936, loss_rpn_bbox: 0.0254, loss_cls: 0.2441, acc: 95.8257, loss_bbox: 0.1634, loss: 0.5265
2020-10-27 09:47:05,816 - mmdet - INFO - Exp name: faster_rcnn_r50_caffe_fpn_2x_voc_random.py
2020-10-27 09:47:05,816 - mmdet - INFO - Epoch [1][2000/6207]	lr: 2.500e-03, eta: 12:35:59, time: 0.302, data_time: 0.071, memory: 2471, loss_rpn_cls: 0.0781, loss_rpn_bbox: 0.0201, loss_cls: 0.2410, acc: 96.0356, loss_bbox: 0.1563, loss: 0.4954
2020-10-27 09:47:20,825 - mmdet - INFO - Epoch [1][2050/6207]	lr: 2.500e-03, eta: 12:35:13, time: 0.300, data_time: 0.078, memory: 2471, loss_rpn_cls: 0.0950, loss_rpn_bbox: 0.0244, loss_cls: 0.2443, acc: 95.9585, loss_bbox: 0.1560, loss: 0.5197
2020-10-27 09:47:35,671 - mmdet - INFO - Epoch [1][2100/6207]	lr: 2.500e-03, eta: 12:34:18, time: 0.297, data_time: 0.078, memory: 2471, loss_rpn_cls: 0.0784, loss_rpn_bbox: 0.0206, loss_cls: 0.2423, acc: 95.8379, loss_bbox: 0.1630, loss: 0.5043
2020-10-27 09:47:50,739 - mmdet - INFO - Epoch [1][2150/6207]	lr: 2.500e-03, eta: 12:33:39, time: 0.301, data_time: 0.072, memory: 2471, loss_rpn_cls: 0.0794, loss_rpn_bbox: 0.0198, loss_cls: 0.2249, acc: 96.2510, loss_bbox: 0.1468, loss: 0.4709
2020-10-27 09:48:05,670 - mmdet - INFO - Epoch [1][2200/6207]	lr: 2.500e-03, eta: 12:32:53, time: 0.299, data_time: 0.073, memory: 2471, loss_rpn_cls: 0.0785, loss_rpn_bbox: 0.0223, loss_cls: 0.2306, acc: 96.0742, loss_bbox: 0.1538, loss: 0.4852
2020-10-27 09:48:20,483 - mmdet - INFO - Epoch [1][2250/6207]	lr: 2.500e-03, eta: 12:31:59, time: 0.296, data_time: 0.071, memory: 2471, loss_rpn_cls: 0.0839, loss_rpn_bbox: 0.0245, loss_cls: 0.2314, acc: 96.0371, loss_bbox: 0.1563, loss: 0.4960
2020-10-27 09:48:35,569 - mmdet - INFO - Epoch [1][2300/6207]	lr: 2.500e-03, eta: 12:31:25, time: 0.302, data_time: 0.078, memory: 2471, loss_rpn_cls: 0.0807, loss_rpn_bbox: 0.0204, loss_cls: 0.2285, acc: 96.1006, loss_bbox: 0.1528, loss: 0.4823
2020-10-27 09:48:50,432 - mmdet - INFO - Epoch [1][2350/6207]	lr: 2.500e-03, eta: 12:30:36, time: 0.296, data_time: 0.077, memory: 2471, loss_rpn_cls: 0.0917, loss_rpn_bbox: 0.0240, loss_cls: 0.2419, acc: 95.8550, loss_bbox: 0.1607, loss: 0.5183
2020-10-27 09:49:05,506 - mmdet - INFO - Epoch [1][2400/6207]	lr: 2.500e-03, eta: 12:30:05, time: 0.302, data_time: 0.075, memory: 2471, loss_rpn_cls: 0.0735, loss_rpn_bbox: 0.0190, loss_cls: 0.2242, acc: 96.1577, loss_bbox: 0.1515, loss: 0.4681
2020-10-27 09:49:20,801 - mmdet - INFO - Epoch [1][2450/6207]	lr: 2.500e-03, eta: 12:29:47, time: 0.306, data_time: 0.072, memory: 2471, loss_rpn_cls: 0.0774, loss_rpn_bbox: 0.0226, loss_cls: 0.2377, acc: 95.8872, loss_bbox: 0.1625, loss: 0.5002
2020-10-27 09:49:35,769 - mmdet - INFO - Epoch [1][2500/6207]	lr: 2.500e-03, eta: 12:29:10, time: 0.300, data_time: 0.074, memory: 2471, loss_rpn_cls: 0.0830, loss_rpn_bbox: 0.0234, loss_cls: 0.2399, acc: 95.8838, loss_bbox: 0.1603, loss: 0.5066
2020-10-27 09:49:51,292 - mmdet - INFO - Epoch [1][2550/6207]	lr: 2.500e-03, eta: 12:29:04, time: 0.310, data_time: 0.076, memory: 2471, loss_rpn_cls: 0.0804, loss_rpn_bbox: 0.0211, loss_cls: 0.2252, acc: 96.1494, loss_bbox: 0.1509, loss: 0.4776
2020-10-27 09:50:06,430 - mmdet - INFO - Epoch [1][2600/6207]	lr: 2.500e-03, eta: 12:28:37, time: 0.303, data_time: 0.079, memory: 2471, loss_rpn_cls: 0.0710, loss_rpn_bbox: 0.0206, loss_cls: 0.2266, acc: 96.1235, loss_bbox: 0.1524, loss: 0.4706
2020-10-27 09:50:21,688 - mmdet - INFO - Epoch [1][2650/6207]	lr: 2.500e-03, eta: 12:28:17, time: 0.305, data_time: 0.078, memory: 2471, loss_rpn_cls: 0.0846, loss_rpn_bbox: 0.0229, loss_cls: 0.2315, acc: 95.9902, loss_bbox: 0.1568, loss: 0.4958
2020-10-27 09:50:36,478 - mmdet - INFO - Epoch [1][2700/6207]	lr: 2.500e-03, eta: 12:27:31, time: 0.296, data_time: 0.077, memory: 2471, loss_rpn_cls: 0.0804, loss_rpn_bbox: 0.0217, loss_cls: 0.2299, acc: 96.0298, loss_bbox: 0.1560, loss: 0.4879
2020-10-27 09:50:51,352 - mmdet - INFO - Epoch [1][2750/6207]	lr: 2.500e-03, eta: 12:26:51, time: 0.297, data_time: 0.077, memory: 2471, loss_rpn_cls: 0.0725, loss_rpn_bbox: 0.0216, loss_cls: 0.2225, acc: 96.1411, loss_bbox: 0.1524, loss: 0.4690
2020-10-27 09:51:06,331 - mmdet - INFO - Epoch [1][2800/6207]	lr: 2.500e-03, eta: 12:26:18, time: 0.300, data_time: 0.074, memory: 2471, loss_rpn_cls: 0.0779, loss_rpn_bbox: 0.0218, loss_cls: 0.2342, acc: 96.0640, loss_bbox: 0.1540, loss: 0.4879
2020-10-27 09:51:21,157 - mmdet - INFO - Epoch [1][2850/6207]	lr: 2.500e-03, eta: 12:25:35, time: 0.295, data_time: 0.074, memory: 2471, loss_rpn_cls: 0.0751, loss_rpn_bbox: 0.0218, loss_cls: 0.2479, acc: 95.7197, loss_bbox: 0.1685, loss: 0.5133
2020-10-27 09:51:36,166 - mmdet - INFO - Epoch [1][2900/6207]	lr: 2.500e-03, eta: 12:25:07, time: 0.301, data_time: 0.074, memory: 2471, loss_rpn_cls: 0.0870, loss_rpn_bbox: 0.0230, loss_cls: 0.2257, acc: 96.2339, loss_bbox: 0.1450, loss: 0.4807
2020-10-27 09:51:50,933 - mmdet - INFO - Epoch [1][2950/6207]	lr: 2.500e-03, eta: 12:24:25, time: 0.295, data_time: 0.079, memory: 2471, loss_rpn_cls: 0.0765, loss_rpn_bbox: 0.0215, loss_cls: 0.2233, acc: 96.2153, loss_bbox: 0.1484, loss: 0.4696
2020-10-27 09:52:05,963 - mmdet - INFO - Exp name: faster_rcnn_r50_caffe_fpn_2x_voc_random.py
2020-10-27 09:52:05,963 - mmdet - INFO - Epoch [1][3000/6207]	lr: 2.500e-03, eta: 12:23:56, time: 0.300, data_time: 0.076, memory: 2471, loss_rpn_cls: 0.0804, loss_rpn_bbox: 0.0217, loss_cls: 0.2312, acc: 96.0933, loss_bbox: 0.1521, loss: 0.4854
2020-10-27 09:52:20,953 - mmdet - INFO - Epoch [1][3050/6207]	lr: 2.500e-03, eta: 12:23:28, time: 0.300, data_time: 0.074, memory: 2471, loss_rpn_cls: 0.0788, loss_rpn_bbox: 0.0215, loss_cls: 0.2317, acc: 96.0386, loss_bbox: 0.1551, loss: 0.4871
2020-10-27 09:52:35,791 - mmdet - INFO - Epoch [1][3100/6207]	lr: 2.500e-03, eta: 12:22:51, time: 0.297, data_time: 0.076, memory: 2471, loss_rpn_cls: 0.0881, loss_rpn_bbox: 0.0254, loss_cls: 0.2344, acc: 96.0322, loss_bbox: 0.1520, loss: 0.4998
2020-10-27 09:52:50,730 - mmdet - INFO - Epoch [1][3150/6207]	lr: 2.500e-03, eta: 12:22:20, time: 0.299, data_time: 0.077, memory: 2471, loss_rpn_cls: 0.0828, loss_rpn_bbox: 0.0236, loss_cls: 0.2410, acc: 95.9150, loss_bbox: 0.1595, loss: 0.5070
2020-10-27 09:53:05,621 - mmdet - INFO - Epoch [1][3200/6207]	lr: 2.500e-03, eta: 12:21:47, time: 0.298, data_time: 0.076, memory: 2471, loss_rpn_cls: 0.0777, loss_rpn_bbox: 0.0216, loss_cls: 0.2176, acc: 96.3164, loss_bbox: 0.1431, loss: 0.4599
2020-10-27 09:53:20,683 - mmdet - INFO - Epoch [1][3250/6207]	lr: 2.500e-03, eta: 12:21:23, time: 0.301, data_time: 0.074, memory: 2471, loss_rpn_cls: 0.0766, loss_rpn_bbox: 0.0211, loss_cls: 0.2242, acc: 96.1934, loss_bbox: 0.1486, loss: 0.4706
2020-10-27 09:53:35,612 - mmdet - INFO - Epoch [1][3300/6207]	lr: 2.500e-03, eta: 12:20:53, time: 0.299, data_time: 0.074, memory: 2471, loss_rpn_cls: 0.0706, loss_rpn_bbox: 0.0209, loss_cls: 0.2306, acc: 96.0142, loss_bbox: 0.1575, loss: 0.4796
2020-10-27 09:53:51,149 - mmdet - INFO - Epoch [1][3350/6207]	lr: 2.500e-03, eta: 12:20:50, time: 0.311, data_time: 0.076, memory: 2471, loss_rpn_cls: 0.0817, loss_rpn_bbox: 0.0247, loss_cls: 0.2446, acc: 95.7886, loss_bbox: 0.1643, loss: 0.5154
2020-10-27 09:54:06,409 - mmdet - INFO - Epoch [1][3400/6207]	lr: 2.500e-03, eta: 12:20:34, time: 0.305, data_time: 0.074, memory: 2471, loss_rpn_cls: 0.0746, loss_rpn_bbox: 0.0202, loss_cls: 0.2334, acc: 96.0342, loss_bbox: 0.1564, loss: 0.4847
2020-10-27 09:54:21,278 - mmdet - INFO - Epoch [1][3450/6207]	lr: 2.500e-03, eta: 12:20:02, time: 0.297, data_time: 0.075, memory: 2471, loss_rpn_cls: 0.0789, loss_rpn_bbox: 0.0223, loss_cls: 0.2545, acc: 95.5869, loss_bbox: 0.1738, loss: 0.5295
2020-10-27 09:54:36,577 - mmdet - INFO - Epoch [1][3500/6207]	lr: 2.500e-03, eta: 12:19:49, time: 0.306, data_time: 0.077, memory: 2471, loss_rpn_cls: 0.0768, loss_rpn_bbox: 0.0217, loss_cls: 0.2397, acc: 95.8350, loss_bbox: 0.1642, loss: 0.5024
2020-10-27 09:54:51,553 - mmdet - INFO - Epoch [1][3550/6207]	lr: 2.500e-03, eta: 12:19:22, time: 0.300, data_time: 0.076, memory: 2471, loss_rpn_cls: 0.0792, loss_rpn_bbox: 0.0244, loss_cls: 0.2578, acc: 95.5498, loss_bbox: 0.1744, loss: 0.5358
2020-10-27 09:55:06,431 - mmdet - INFO - Epoch [1][3600/6207]	lr: 2.500e-03, eta: 12:18:52, time: 0.298, data_time: 0.085, memory: 2471, loss_rpn_cls: 0.0776, loss_rpn_bbox: 0.0201, loss_cls: 0.2223, acc: 96.2793, loss_bbox: 0.1453, loss: 0.4653
2020-10-27 09:55:21,224 - mmdet - INFO - Epoch [1][3650/6207]	lr: 2.500e-03, eta: 12:18:18, time: 0.296, data_time: 0.076, memory: 2471, loss_rpn_cls: 0.0873, loss_rpn_bbox: 0.0251, loss_cls: 0.2533, acc: 95.5889, loss_bbox: 0.1721, loss: 0.5378
2020-10-27 09:55:36,074 - mmdet - INFO - Epoch [1][3700/6207]	lr: 2.500e-03, eta: 12:17:48, time: 0.297, data_time: 0.083, memory: 2471, loss_rpn_cls: 0.0750, loss_rpn_bbox: 0.0213, loss_cls: 0.2411, acc: 95.8755, loss_bbox: 0.1619, loss: 0.4993
2020-10-27 09:55:50,921 - mmdet - INFO - Epoch [1][3750/6207]	lr: 2.500e-03, eta: 12:17:18, time: 0.297, data_time: 0.078, memory: 2471, loss_rpn_cls: 0.0722, loss_rpn_bbox: 0.0218, loss_cls: 0.2301, acc: 95.9771, loss_bbox: 0.1578, loss: 0.4819
2020-10-27 09:56:05,968 - mmdet - INFO - Epoch [1][3800/6207]	lr: 2.500e-03, eta: 12:16:56, time: 0.301, data_time: 0.082, memory: 2471, loss_rpn_cls: 0.0773, loss_rpn_bbox: 0.0230, loss_cls: 0.2335, acc: 95.9702, loss_bbox: 0.1577, loss: 0.4915
2020-10-27 09:56:21,023 - mmdet - INFO - Epoch [1][3850/6207]	lr: 2.500e-03, eta: 12:16:25, time: 0.296, data_time: 0.084, memory: 2471, loss_rpn_cls: 0.0878, loss_rpn_bbox: 0.0248, loss_cls: 0.2293, acc: 96.0674, loss_bbox: 0.1536, loss: 0.4955
2020-10-27 09:56:36,729 - mmdet - INFO - Epoch [1][3900/6207]	lr: 2.500e-03, eta: 12:16:36, time: 0.319, data_time: 0.085, memory: 2471, loss_rpn_cls: 0.0772, loss_rpn_bbox: 0.0220, loss_cls: 0.2354, acc: 95.9893, loss_bbox: 0.1562, loss: 0.4908
2020-10-27 09:56:51,705 - mmdet - INFO - Epoch [1][3950/6207]	lr: 2.500e-03, eta: 12:16:11, time: 0.300, data_time: 0.078, memory: 2471, loss_rpn_cls: 0.0688, loss_rpn_bbox: 0.0223, loss_cls: 0.2369, acc: 96.0200, loss_bbox: 0.1571, loss: 0.4851
2020-10-27 09:57:06,445 - mmdet - INFO - Exp name: faster_rcnn_r50_caffe_fpn_2x_voc_random.py
2020-10-27 09:57:06,445 - mmdet - INFO - Epoch [1][4000/6207]	lr: 2.500e-03, eta: 12:15:38, time: 0.295, data_time: 0.084, memory: 2471, loss_rpn_cls: 0.0748, loss_rpn_bbox: 0.0227, loss_cls: 0.2522, acc: 95.6431, loss_bbox: 0.1714, loss: 0.5210
2020-10-27 09:57:21,629 - mmdet - INFO - Epoch [1][4050/6207]	lr: 2.500e-03, eta: 12:15:21, time: 0.304, data_time: 0.080, memory: 2471, loss_rpn_cls: 0.0792, loss_rpn_bbox: 0.0229, loss_cls: 0.2435, acc: 95.8740, loss_bbox: 0.1618, loss: 0.5074
2020-10-27 09:57:36,676 - mmdet - INFO - Epoch [1][4100/6207]	lr: 2.500e-03, eta: 12:15:00, time: 0.301, data_time: 0.080, memory: 2471, loss_rpn_cls: 0.0791, loss_rpn_bbox: 0.0219, loss_cls: 0.2385, acc: 95.9678, loss_bbox: 0.1583, loss: 0.4979
2020-10-27 09:57:51,508 - mmdet - INFO - Epoch [1][4150/6207]	lr: 2.500e-03, eta: 12:14:32, time: 0.297, data_time: 0.082, memory: 2471, loss_rpn_cls: 0.0790, loss_rpn_bbox: 0.0212, loss_cls: 0.2300, acc: 96.0449, loss_bbox: 0.1545, loss: 0.4846
2020-10-27 09:58:06,430 - mmdet - INFO - Epoch [1][4200/6207]	lr: 2.500e-03, eta: 12:14:06, time: 0.298, data_time: 0.080, memory: 2471, loss_rpn_cls: 0.0659, loss_rpn_bbox: 0.0195, loss_cls: 0.2288, acc: 96.1118, loss_bbox: 0.1532, loss: 0.4674
2020-10-27 09:58:26,520 - mmdet - INFO - Epoch [1][4250/6207]	lr: 2.500e-03, eta: 12:16:34, time: 0.400, data_time: 0.093, memory: 2471, loss_rpn_cls: 0.0864, loss_rpn_bbox: 0.0254, loss_cls: 0.2519, acc: 95.7114, loss_bbox: 0.1668, loss: 0.5306
2020-10-27 09:58:43,413 - mmdet - INFO - Epoch [1][4300/6207]	lr: 2.500e-03, eta: 12:17:16, time: 0.340, data_time: 0.113, memory: 2471, loss_rpn_cls: 0.0752, loss_rpn_bbox: 0.0217, loss_cls: 0.2292, acc: 96.0347, loss_bbox: 0.1556, loss: 0.4817
2020-10-27 09:58:58,200 - mmdet - INFO - Epoch [1][4350/6207]	lr: 2.500e-03, eta: 12:16:45, time: 0.296, data_time: 0.082, memory: 2471, loss_rpn_cls: 0.0685, loss_rpn_bbox: 0.0212, loss_cls: 0.2234, acc: 96.1367, loss_bbox: 0.1528, loss: 0.4659
2020-10-27 09:59:15,115 - mmdet - INFO - Epoch [1][4400/6207]	lr: 2.500e-03, eta: 12:17:22, time: 0.338, data_time: 0.090, memory: 2471, loss_rpn_cls: 0.0774, loss_rpn_bbox: 0.0216, loss_cls: 0.2390, acc: 95.9048, loss_bbox: 0.1598, loss: 0.4978
2020-10-27 09:59:32,345 - mmdet - INFO - Epoch [1][4450/6207]	lr: 2.500e-03, eta: 12:18:10, time: 0.345, data_time: 0.101, memory: 2471, loss_rpn_cls: 0.0705, loss_rpn_bbox: 0.0217, loss_cls: 0.2393, acc: 95.7622, loss_bbox: 0.1672, loss: 0.4987
2020-10-27 09:59:49,724 - mmdet - INFO - Epoch [1][4500/6207]	lr: 2.500e-03, eta: 12:19:00, time: 0.347, data_time: 0.129, memory: 2471, loss_rpn_cls: 0.0779, loss_rpn_bbox: 0.0213, loss_cls: 0.2256, acc: 96.0103, loss_bbox: 0.1555, loss: 0.4803
2020-10-27 10:00:06,957 - mmdet - INFO - Epoch [1][4550/6207]	lr: 2.500e-03, eta: 12:19:45, time: 0.345, data_time: 0.120, memory: 2471, loss_rpn_cls: 0.0734, loss_rpn_bbox: 0.0217, loss_cls: 0.2469, acc: 95.7139, loss_bbox: 0.1679, loss: 0.5099
2020-10-27 10:00:24,822 - mmdet - INFO - Epoch [1][4600/6207]	lr: 2.500e-03, eta: 12:20:48, time: 0.357, data_time: 0.109, memory: 2471, loss_rpn_cls: 0.0713, loss_rpn_bbox: 0.0229, loss_cls: 0.2481, acc: 95.7036, loss_bbox: 0.1687, loss: 0.5110
2020-10-27 10:00:43,930 - mmdet - INFO - Epoch [1][4650/6207]	lr: 2.500e-03, eta: 12:22:28, time: 0.382, data_time: 0.116, memory: 2471, loss_rpn_cls: 0.0781, loss_rpn_bbox: 0.0258, loss_cls: 0.2369, acc: 95.9507, loss_bbox: 0.1593, loss: 0.5001
2020-10-27 10:01:03,238 - mmdet - INFO - Epoch [1][4700/6207]	lr: 2.500e-03, eta: 12:24:11, time: 0.386, data_time: 0.109, memory: 2471, loss_rpn_cls: 0.0756, loss_rpn_bbox: 0.0210, loss_cls: 0.2326, acc: 95.9624, loss_bbox: 0.1577, loss: 0.4869
2020-10-27 10:01:18,245 - mmdet - INFO - Epoch [1][4750/6207]	lr: 2.500e-03, eta: 12:23:42, time: 0.300, data_time: 0.082, memory: 2471, loss_rpn_cls: 0.0781, loss_rpn_bbox: 0.0232, loss_cls: 0.2345, acc: 95.9468, loss_bbox: 0.1577, loss: 0.4935
2020-10-27 10:01:34,596 - mmdet - INFO - Epoch [1][4800/6207]	lr: 2.500e-03, eta: 12:23:53, time: 0.327, data_time: 0.097, memory: 2471, loss_rpn_cls: 0.0747, loss_rpn_bbox: 0.0205, loss_cls: 0.2318, acc: 96.0342, loss_bbox: 0.1542, loss: 0.4812
2020-10-27 10:01:51,488 - mmdet - INFO - Epoch [1][4850/6207]	lr: 2.500e-03, eta: 12:24:19, time: 0.337, data_time: 0.105, memory: 2471, loss_rpn_cls: 0.0704, loss_rpn_bbox: 0.0199, loss_cls: 0.2256, acc: 96.0610, loss_bbox: 0.1540, loss: 0.4699
2020-10-27 10:02:10,216 - mmdet - INFO - Epoch [1][4900/6207]	lr: 2.500e-03, eta: 12:25:39, time: 0.375, data_time: 0.083, memory: 2471, loss_rpn_cls: 0.0718, loss_rpn_bbox: 0.0211, loss_cls: 0.2436, acc: 95.7656, loss_bbox: 0.1668, loss: 0.5033
2020-10-27 10:02:25,214 - mmdet - INFO - Epoch [1][4950/6207]	lr: 2.500e-03, eta: 12:25:07, time: 0.300, data_time: 0.091, memory: 2471, loss_rpn_cls: 0.0730, loss_rpn_bbox: 0.0198, loss_cls: 0.2310, acc: 96.0312, loss_bbox: 0.1554, loss: 0.4792
2020-10-27 10:02:40,229 - mmdet - INFO - Exp name: faster_rcnn_r50_caffe_fpn_2x_voc_random.py
2020-10-27 10:02:40,229 - mmdet - INFO - Epoch [1][5000/6207]	lr: 2.500e-03, eta: 12:24:37, time: 0.300, data_time: 0.088, memory: 2471, loss_rpn_cls: 0.0745, loss_rpn_bbox: 0.0229, loss_cls: 0.2335, acc: 95.9629, loss_bbox: 0.1583, loss: 0.4891
2020-10-27 10:02:56,691 - mmdet - INFO - Epoch [1][5050/6207]	lr: 2.500e-03, eta: 12:24:47, time: 0.329, data_time: 0.103, memory: 2471, loss_rpn_cls: 0.0735, loss_rpn_bbox: 0.0205, loss_cls: 0.2374, acc: 95.9219, loss_bbox: 0.1606, loss: 0.4921
2020-10-27 10:03:11,667 - mmdet - INFO - Epoch [1][5100/6207]	lr: 2.500e-03, eta: 12:24:18, time: 0.301, data_time: 0.078, memory: 2471, loss_rpn_cls: 0.0803, loss_rpn_bbox: 0.0225, loss_cls: 0.2547, acc: 95.7515, loss_bbox: 0.1645, loss: 0.5219
2020-10-27 10:03:26,702 - mmdet - INFO - Epoch [1][5150/6207]	lr: 2.500e-03, eta: 12:23:49, time: 0.301, data_time: 0.090, memory: 2471, loss_rpn_cls: 0.0771, loss_rpn_bbox: 0.0232, loss_cls: 0.2404, acc: 95.8594, loss_bbox: 0.1612, loss: 0.5019
2020-10-27 10:03:41,864 - mmdet - INFO - Epoch [1][5200/6207]	lr: 2.500e-03, eta: 12:23:23, time: 0.303, data_time: 0.083, memory: 2471, loss_rpn_cls: 0.0800, loss_rpn_bbox: 0.0216, loss_cls: 0.2262, acc: 96.1587, loss_bbox: 0.1498, loss: 0.4777
2020-10-27 10:03:56,998 - mmdet - INFO - Epoch [1][5250/6207]	lr: 2.500e-03, eta: 12:22:58, time: 0.303, data_time: 0.082, memory: 2471, loss_rpn_cls: 0.0753, loss_rpn_bbox: 0.0225, loss_cls: 0.2301, acc: 95.9697, loss_bbox: 0.1575, loss: 0.4855
2020-10-27 10:04:13,876 - mmdet - INFO - Epoch [1][5300/6207]	lr: 2.500e-03, eta: 12:23:19, time: 0.337, data_time: 0.080, memory: 2471, loss_rpn_cls: 0.0748, loss_rpn_bbox: 0.0224, loss_cls: 0.2462, acc: 95.6934, loss_bbox: 0.1693, loss: 0.5126
2020-10-27 10:04:29,875 - mmdet - INFO - Epoch [1][5350/6207]	lr: 2.500e-03, eta: 12:23:16, time: 0.320, data_time: 0.093, memory: 2471, loss_rpn_cls: 0.0742, loss_rpn_bbox: 0.0215, loss_cls: 0.2344, acc: 96.0200, loss_bbox: 0.1564, loss: 0.4865
2020-10-27 10:04:45,022 - mmdet - INFO - Epoch [1][5400/6207]	lr: 2.500e-03, eta: 12:22:51, time: 0.303, data_time: 0.085, memory: 2471, loss_rpn_cls: 0.0702, loss_rpn_bbox: 0.0207, loss_cls: 0.2208, acc: 96.0957, loss_bbox: 0.1530, loss: 0.4648
2020-10-27 10:05:05,462 - mmdet - INFO - Epoch [1][5450/6207]	lr: 2.500e-03, eta: 12:24:45, time: 0.409, data_time: 0.103, memory: 2471, loss_rpn_cls: 0.0775, loss_rpn_bbox: 0.0229, loss_cls: 0.2409, acc: 95.8584, loss_bbox: 0.1631, loss: 0.5044
2020-10-27 10:05:23,130 - mmdet - INFO - Epoch [1][5500/6207]	lr: 2.500e-03, eta: 12:25:24, time: 0.353, data_time: 0.086, memory: 2471, loss_rpn_cls: 0.0730, loss_rpn_bbox: 0.0221, loss_cls: 0.2219, acc: 96.2124, loss_bbox: 0.1481, loss: 0.4651
2020-10-27 10:05:41,907 - mmdet - INFO - Epoch [1][5550/6207]	lr: 2.500e-03, eta: 12:26:31, time: 0.376, data_time: 0.090, memory: 2471, loss_rpn_cls: 0.0697, loss_rpn_bbox: 0.0194, loss_cls: 0.2229, acc: 96.1826, loss_bbox: 0.1500, loss: 0.4620
2020-10-27 10:05:58,859 - mmdet - INFO - Epoch [1][5600/6207]	lr: 2.500e-03, eta: 12:26:49, time: 0.338, data_time: 0.109, memory: 2471, loss_rpn_cls: 0.0705, loss_rpn_bbox: 0.0202, loss_cls: 0.2498, acc: 95.7529, loss_bbox: 0.1678, loss: 0.5083
2020-10-27 10:06:16,573 - mmdet - INFO - Epoch [1][5650/6207]	lr: 2.500e-03, eta: 12:27:27, time: 0.354, data_time: 0.088, memory: 2471, loss_rpn_cls: 0.0758, loss_rpn_bbox: 0.0228, loss_cls: 0.2372, acc: 95.9443, loss_bbox: 0.1584, loss: 0.4942
2020-10-27 10:06:35,079 - mmdet - INFO - Epoch [1][5700/6207]	lr: 2.500e-03, eta: 12:28:23, time: 0.370, data_time: 0.102, memory: 2471, loss_rpn_cls: 0.0753, loss_rpn_bbox: 0.0204, loss_cls: 0.2248, acc: 96.0933, loss_bbox: 0.1530, loss: 0.4735
2020-10-27 10:06:50,043 - mmdet - INFO - Epoch [1][5750/6207]	lr: 2.500e-03, eta: 12:27:50, time: 0.299, data_time: 0.087, memory: 2471, loss_rpn_cls: 0.0675, loss_rpn_bbox: 0.0222, loss_cls: 0.2321, acc: 96.0234, loss_bbox: 0.1577, loss: 0.4795
2020-10-27 10:07:05,334 - mmdet - INFO - Epoch [1][5800/6207]	lr: 2.500e-03, eta: 12:27:24, time: 0.306, data_time: 0.082, memory: 2471, loss_rpn_cls: 0.0765, loss_rpn_bbox: 0.0216, loss_cls: 0.2377, acc: 95.9487, loss_bbox: 0.1581, loss: 0.4938
2020-10-27 10:07:23,213 - mmdet - INFO - Epoch [1][5850/6207]	lr: 2.500e-03, eta: 12:28:04, time: 0.358, data_time: 0.112, memory: 2471, loss_rpn_cls: 0.0732, loss_rpn_bbox: 0.0204, loss_cls: 0.2141, acc: 96.2070, loss_bbox: 0.1484, loss: 0.4560
2020-10-27 10:07:39,160 - mmdet - INFO - Epoch [1][5900/6207]	lr: 2.500e-03, eta: 12:27:54, time: 0.319, data_time: 0.088, memory: 2471, loss_rpn_cls: 0.0730, loss_rpn_bbox: 0.0225, loss_cls: 0.2408, acc: 95.8022, loss_bbox: 0.1658, loss: 0.5021
2020-10-27 10:07:54,775 - mmdet - INFO - Epoch [1][5950/6207]	lr: 2.500e-03, eta: 12:27:37, time: 0.312, data_time: 0.082, memory: 2471, loss_rpn_cls: 0.0743, loss_rpn_bbox: 0.0217, loss_cls: 0.2099, acc: 96.3271, loss_bbox: 0.1438, loss: 0.4498
2020-10-27 10:08:11,619 - mmdet - INFO - Exp name: faster_rcnn_r50_caffe_fpn_2x_voc_random.py
2020-10-27 10:08:11,620 - mmdet - INFO - Epoch [1][6000/6207]	lr: 2.500e-03, eta: 12:27:49, time: 0.337, data_time: 0.121, memory: 2471, loss_rpn_cls: 0.0810, loss_rpn_bbox: 0.0223, loss_cls: 0.2260, acc: 96.0894, loss_bbox: 0.1517, loss: 0.4810
2020-10-27 10:08:30,190 - mmdet - INFO - Epoch [1][6050/6207]	lr: 2.500e-03, eta: 12:28:41, time: 0.372, data_time: 0.093, memory: 2471, loss_rpn_cls: 0.0784, loss_rpn_bbox: 0.0239, loss_cls: 0.2258, acc: 96.0483, loss_bbox: 0.1540, loss: 0.4821
2020-10-27 10:08:45,631 - mmdet - INFO - Epoch [1][6100/6207]	lr: 2.500e-03, eta: 12:28:19, time: 0.308, data_time: 0.086, memory: 2471, loss_rpn_cls: 0.0783, loss_rpn_bbox: 0.0241, loss_cls: 0.2322, acc: 95.9902, loss_bbox: 0.1566, loss: 0.4912
2020-10-27 10:09:00,613 - mmdet - INFO - Epoch [1][6150/6207]	lr: 2.500e-03, eta: 12:27:46, time: 0.300, data_time: 0.088, memory: 2471, loss_rpn_cls: 0.0695, loss_rpn_bbox: 0.0198, loss_cls: 0.2275, acc: 96.1182, loss_bbox: 0.1522, loss: 0.4690
2020-10-27 10:09:17,542 - mmdet - INFO - Epoch [1][6200/6207]	lr: 2.500e-03, eta: 12:27:58, time: 0.339, data_time: 0.093, memory: 2471, loss_rpn_cls: 0.0835, loss_rpn_bbox: 0.0247, loss_cls: 0.2471, acc: 95.7124, loss_bbox: 0.1671, loss: 0.5224
2020-10-27 10:09:19,587 - mmdet - INFO - Saving checkpoint at 1 epochs
2020-10-27 10:11:15,597 - mmdet - INFO - 
+-------------+------+-------+--------+-------+
| class       | gts  | dets  | recall | ap    |
+-------------+------+-------+--------+-------+
| aeroplane   | 285  | 0     | 0.000  | 0.000 |
| bicycle     | 337  | 0     | 0.000  | 0.000 |
| bird        | 459  | 0     | 0.000  | 0.000 |
| boat        | 263  | 0     | 0.000  | 0.000 |
| bottle      | 469  | 0     | 0.000  | 0.000 |
| bus         | 213  | 0     | 0.000  | 0.000 |
| car         | 1201 | 0     | 0.000  | 0.000 |
| cat         | 358  | 0     | 0.000  | 0.000 |
| chair       | 756  | 0     | 0.000  | 0.000 |
| cow         | 244  | 0     | 0.000  | 0.000 |
| diningtable | 206  | 0     | 0.000  | 0.000 |
| dog         | 489  | 0     | 0.000  | 0.000 |
| horse       | 348  | 0     | 0.000  | 0.000 |
| motorbike   | 325  | 0     | 0.000  | 0.000 |
| person      | 4528 | 31253 | 0.136  | 0.009 |
| pottedplant | 480  | 0     | 0.000  | 0.000 |
| sheep       | 242  | 0     | 0.000  | 0.000 |
| sofa        | 239  | 0     | 0.000  | 0.000 |
| train       | 282  | 0     | 0.000  | 0.000 |
| tvmonitor   | 308  | 0     | 0.000  | 0.000 |
+-------------+------+-------+--------+-------+
| mAP         |      |       |        | 0.000 |
+-------------+------+-------+--------+-------+
2020-10-27 10:11:15,630 - mmdet - INFO - Exp name: faster_rcnn_r50_caffe_fpn_2x_voc_random.py
2020-10-27 10:11:15,632 - mmdet - INFO - Epoch(val) [1][6207]	mAP: 0.0005
2020-10-27 10:11:33,817 - mmdet - INFO - Epoch [2][50/6207]	lr: 2.500e-03, eta: 12:27:43, time: 0.360, data_time: 0.142, memory: 2471, loss_rpn_cls: 0.0818, loss_rpn_bbox: 0.0240, loss_cls: 0.2464, acc: 95.7969, loss_bbox: 0.1644, loss: 0.5165
2020-10-27 10:11:50,888 - mmdet - INFO - Epoch [2][100/6207]	lr: 2.500e-03, eta: 12:27:58, time: 0.342, data_time: 0.083, memory: 2471, loss_rpn_cls: 0.0735, loss_rpn_bbox: 0.0210, loss_cls: 0.2276, acc: 96.0239, loss_bbox: 0.1545, loss: 0.4767
