2021-05-06 11:45:55,914 - mmdet - INFO - Environment info:
------------------------------------------------------------
sys.platform: linux
Python: 3.6.12 |Anaconda, Inc.| (default, Sep  8 2020, 23:10:56) [GCC 7.3.0]
CUDA available: True
GPU 0,1,2,3,4,5,6,7: GeForce RTX 2080 Ti
CUDA_HOME: /usr/local/cuda
NVCC: Cuda compilation tools, release 10.0, V10.0.130
GCC: gcc (Ubuntu 5.4.0-6ubuntu1~16.04.11) 5.4.0 20160609
PyTorch: 1.4.0
PyTorch compiling details: PyTorch built with:
  - GCC 7.3
  - Intel(R) Math Kernel Library Version 2020.0.2 Product Build 20200624 for Intel(R) 64 architecture applications
  - Intel(R) MKL-DNN v0.21.1 (Git Hash 7d2fd500bc78936d1d648ca713b901012f470dbc)
  - OpenMP 201511 (a.k.a. OpenMP 4.5)
  - NNPACK is enabled
  - CUDA Runtime 10.0
  - NVCC architecture flags: -gencode;arch=compute_37,code=sm_37;-gencode;arch=compute_50,code=sm_50;-gencode;arch=compute_60,code=sm_60;-gencode;arch=compute_61,code=sm_61;-gencode;arch=compute_70,code=sm_70;-gencode;arch=compute_75,code=sm_75;-gencode;arch=compute_37,code=compute_37
  - CuDNN 7.6.3
  - Magma 2.5.1
  - Build settings: BLAS=MKL, BUILD_NAMEDTENSOR=OFF, BUILD_TYPE=Release, CXX_FLAGS= -Wno-deprecated -fvisibility-inlines-hidden -fopenmp -DUSE_FBGEMM -DUSE_QNNPACK -DUSE_PYTORCH_QNNPACK -O2 -fPIC -Wno-narrowing -Wall -Wextra -Wno-missing-field-initializers -Wno-type-limits -Wno-array-bounds -Wno-unknown-pragmas -Wno-sign-compare -Wno-unused-parameter -Wno-unused-variable -Wno-unused-function -Wno-unused-result -Wno-strict-overflow -Wno-strict-aliasing -Wno-error=deprecated-declarations -Wno-stringop-overflow -Wno-error=pedantic -Wno-error=redundant-decls -Wno-error=old-style-cast -fdiagnostics-color=always -faligned-new -Wno-unused-but-set-variable -Wno-maybe-uninitialized -fno-math-errno -fno-trapping-math -Wno-stringop-overflow, DISABLE_NUMA=1, PERF_WITH_AVX=1, PERF_WITH_AVX2=1, PERF_WITH_AVX512=1, USE_CUDA=ON, USE_EXCEPTION_PTR=1, USE_GFLAGS=OFF, USE_GLOG=OFF, USE_MKL=ON, USE_MKLDNN=ON, USE_MPI=OFF, USE_NCCL=ON, USE_NNPACK=ON, USE_OPENMP=ON, USE_STATIC_DISPATCH=OFF, 

TorchVision: 0.5.0
OpenCV: 4.4.0
MMCV: 1.1.5
MMCV Compiler: GCC 7.3
MMCV CUDA Compiler: 10.0
MMDetection: 2.5.0+
------------------------------------------------------------

2021-05-06 11:45:56,389 - mmdet - INFO - Distributed training: True
2021-05-06 11:45:56,787 - mmdet - INFO - Config:
model = dict(
    type='FasterRCNN',
    pretrained='torchvision://resnet50',
    backbone=dict(
        type='ResNet_carafed',
        depth=50,
        num_stages=4,
        out_indices=(0, 1, 2, 3),
        frozen_stages=1,
        norm_cfg=dict(type='BN', requires_grad=True),
        norm_eval=True,
        style='pytorch'),
    neck=dict(
        type='FPN',
        in_channels=[256, 512, 1024, 2048],
        out_channels=256,
        num_outs=5),
    rpn_head=dict(
        type='RPNHead',
        in_channels=256,
        feat_channels=256,
        anchor_generator=dict(
            type='AnchorGenerator',
            scales=[8],
            ratios=[0.5, 1.0, 2.0],
            strides=[4, 8, 16, 32, 64]),
        bbox_coder=dict(
            type='DeltaXYWHBBoxCoder',
            target_means=[0.0, 0.0, 0.0, 0.0],
            target_stds=[1.0, 1.0, 1.0, 1.0]),
        loss_cls=dict(
            type='CrossEntropyLoss', use_sigmoid=True, loss_weight=1.0),
        loss_bbox=dict(type='L1Loss', loss_weight=1.0)),
    roi_head=dict(
        type='StandardRoIHead',
        bbox_roi_extractor=dict(
            type='SingleRoIExtractor',
            roi_layer=dict(type='RoIAlign', output_size=7, sampling_ratio=0),
            out_channels=256,
            featmap_strides=[4, 8, 16, 32]),
        bbox_head=dict(
            type='Shared2FCBBoxHead',
            in_channels=256,
            fc_out_channels=1024,
            roi_feat_size=7,
            num_classes=80,
            bbox_coder=dict(
                type='DeltaXYWHBBoxCoder',
                target_means=[0.0, 0.0, 0.0, 0.0],
                target_stds=[0.1, 0.1, 0.2, 0.2]),
            reg_class_agnostic=False,
            loss_cls=dict(
                type='CrossEntropyLoss', use_sigmoid=False, loss_weight=1.0),
            loss_bbox=dict(type='L1Loss', loss_weight=1.0))))
train_cfg = dict(
    rpn=dict(
        assigner=dict(
            type='MaxIoUAssigner',
            pos_iou_thr=0.7,
            neg_iou_thr=0.3,
            min_pos_iou=0.3,
            match_low_quality=True,
            ignore_iof_thr=-1),
        sampler=dict(
            type='RandomSampler',
            num=256,
            pos_fraction=0.5,
            neg_pos_ub=-1,
            add_gt_as_proposals=False),
        allowed_border=-1,
        pos_weight=-1,
        debug=False),
    rpn_proposal=dict(
        nms_across_levels=False,
        nms_pre=2000,
        nms_post=1000,
        max_num=1000,
        nms_thr=0.7,
        min_bbox_size=0),
    rcnn=dict(
        assigner=dict(
            type='MaxIoUAssigner',
            pos_iou_thr=0.5,
            neg_iou_thr=0.5,
            min_pos_iou=0.5,
            match_low_quality=False,
            ignore_iof_thr=-1),
        sampler=dict(
            type='RandomSampler',
            num=512,
            pos_fraction=0.25,
            neg_pos_ub=-1,
            add_gt_as_proposals=True),
        pos_weight=-1,
        debug=False))
test_cfg = dict(
    rpn=dict(
        nms_across_levels=False,
        nms_pre=1000,
        nms_post=1000,
        max_num=1000,
        nms_thr=0.7,
        min_bbox_size=0),
    rcnn=dict(
        score_thr=0.05,
        nms=dict(type='nms', iou_threshold=0.5),
        max_per_img=100))
dataset_type = 'CocoDataset'
data_root = '../data/coco/'
annotations_root = '../data/coco/annotations/'
image_root = '../data/coco/'
img_scale = (1333, 800)
img_norm_cfg = dict(
    mean=[123.675, 116.28, 103.53], std=[58.395, 57.12, 57.375], to_rgb=True)
train_pipeline = [
    dict(type='LoadImageFromFile'),
    dict(type='LoadAnnotations', with_bbox=True),
    dict(type='Resize', img_scale=(1333, 800), keep_ratio=True),
    dict(type='RandomFlip', flip_ratio=0.5),
    dict(
        type='Normalize',
        mean=[123.675, 116.28, 103.53],
        std=[58.395, 57.12, 57.375],
        to_rgb=True),
    dict(type='Pad', size_divisor=32),
    dict(type='DefaultFormatBundle'),
    dict(type='Collect', keys=['img', 'gt_bboxes', 'gt_labels'])
]
test_pipeline = [
    dict(type='LoadImageFromFile'),
    dict(
        type='MultiScaleFlipAug',
        img_scale=(1333, 800),
        flip=False,
        transforms=[
            dict(type='Resize', keep_ratio=True),
            dict(type='RandomFlip'),
            dict(
                type='Normalize',
                mean=[123.675, 116.28, 103.53],
                std=[58.395, 57.12, 57.375],
                to_rgb=True),
            dict(type='Pad', size_divisor=32),
            dict(type='ImageToTensor', keys=['img']),
            dict(type='Collect', keys=['img'])
        ])
]
data = dict(
    samples_per_gpu=2,
    workers_per_gpu=0,
    train=dict(
        type='CocoDataset',
        ann_file='../data/coco/annotations/instances_train2017.json',
        img_prefix='../data/coco/train2017',
        pipeline=[
            dict(type='LoadImageFromFile'),
            dict(type='LoadAnnotations', with_bbox=True),
            dict(type='Resize', img_scale=(1333, 800), keep_ratio=True),
            dict(type='RandomFlip', flip_ratio=0.5),
            dict(
                type='Normalize',
                mean=[123.675, 116.28, 103.53],
                std=[58.395, 57.12, 57.375],
                to_rgb=True),
            dict(type='Pad', size_divisor=32),
            dict(type='DefaultFormatBundle'),
            dict(type='Collect', keys=['img', 'gt_bboxes', 'gt_labels'])
        ]),
    val=dict(
        type='CocoDataset',
        ann_file='../data/coco/annotations/instances_val2017.json',
        img_prefix='../data/coco/val2017',
        pipeline=[
            dict(type='LoadImageFromFile'),
            dict(
                type='MultiScaleFlipAug',
                img_scale=(1333, 800),
                flip=False,
                transforms=[
                    dict(type='Resize', keep_ratio=True),
                    dict(type='RandomFlip'),
                    dict(
                        type='Normalize',
                        mean=[123.675, 116.28, 103.53],
                        std=[58.395, 57.12, 57.375],
                        to_rgb=True),
                    dict(type='Pad', size_divisor=32),
                    dict(type='ImageToTensor', keys=['img']),
                    dict(type='Collect', keys=['img'])
                ])
        ]),
    test=dict(
        type='CocoDataset',
        ann_file='../data/coco/annotations/image_info_test-dev2017.json',
        img_prefix='../data/coco/test2017/',
        pipeline=[
            dict(type='LoadImageFromFile'),
            dict(
                type='MultiScaleFlipAug',
                img_scale=(1333, 800),
                flip=False,
                transforms=[
                    dict(type='Resize', keep_ratio=True),
                    dict(type='RandomFlip'),
                    dict(
                        type='Normalize',
                        mean=[123.675, 116.28, 103.53],
                        std=[58.395, 57.12, 57.375],
                        to_rgb=True),
                    dict(type='Pad', size_divisor=32),
                    dict(type='ImageToTensor', keys=['img']),
                    dict(type='Collect', keys=['img'])
                ])
        ]))
evaluation = dict(interval=1, metric='bbox')
optimizer = dict(type='SGD', lr=0.02, momentum=0.9, weight_decay=0.0001)
optimizer_config = dict(grad_clip=None)
lr_config = dict(
    policy='step',
    warmup='linear',
    warmup_iters=500,
    warmup_ratio=0.001,
    step=[16, 22])
total_epochs = 24
checkpoint_config = dict(interval=1)
log_config = dict(interval=50, hooks=[dict(type='TextLoggerHook')])
dist_params = dict(backend='nccl')
log_level = 'INFO'
load_from = None
resume_from = 'work_dirs/carafed_coco_faster_r50_2x/epoch_23.pth'
workflow = [('train', 1)]
work_dir = './work_dirs/carafed_coco_faster_r50_2x'
gpu_ids = range(0, 1)

2021-05-06 11:45:57,260 - mmdet - INFO - load model from: torchvision://resnet50
2021-05-06 11:46:04,001 - mmdet - WARNING - The model and loaded state dict do not match exactly

size mismatch for layer2.0.downsample.1.weight: copying a param with shape torch.Size([512]) from checkpoint, the shape in current model is torch.Size([512, 256, 1, 1]).
size mismatch for layer3.0.downsample.1.weight: copying a param with shape torch.Size([1024]) from checkpoint, the shape in current model is torch.Size([1024, 512, 1, 1]).
size mismatch for layer4.0.downsample.1.weight: copying a param with shape torch.Size([2048]) from checkpoint, the shape in current model is torch.Size([2048, 1024, 1, 1]).
unexpected key in source state_dict: fc.weight, fc.bias, layer1.0.conv2.weight, layer1.1.conv2.weight, layer1.2.conv2.weight, layer2.0.conv2.weight, layer2.0.downsample.0.weight, layer2.0.downsample.1.running_mean, layer2.0.downsample.1.running_var, layer2.0.downsample.1.bias, layer2.1.conv2.weight, layer2.2.conv2.weight, layer2.3.conv2.weight, layer3.0.conv2.weight, layer3.0.downsample.0.weight, layer3.0.downsample.1.running_mean, layer3.0.downsample.1.running_var, layer3.0.downsample.1.bias, layer3.1.conv2.weight, layer3.2.conv2.weight, layer3.3.conv2.weight, layer3.4.conv2.weight, layer3.5.conv2.weight, layer4.0.conv2.weight, layer4.0.downsample.0.weight, layer4.0.downsample.1.running_mean, layer4.0.downsample.1.running_var, layer4.0.downsample.1.bias, layer4.1.conv2.weight, layer4.2.conv2.weight

missing keys in source state_dict: carafe.channel_compressor.weight, carafe.channel_compressor.bias, carafe.content_encoder.weight, carafe.content_encoder.bias, layer1.0.conv2.0.weight, layer1.1.conv2.0.weight, layer1.2.conv2.0.weight, layer2.0.conv2.0.channel_compressor.weight, layer2.0.conv2.0.channel_compressor.bias, layer2.0.conv2.0.content_encoder.weight, layer2.0.conv2.0.content_encoder.bias, layer2.0.conv2.1.weight, layer2.0.downsample.0.channel_compressor.weight, layer2.0.downsample.0.channel_compressor.bias, layer2.0.downsample.0.content_encoder.weight, layer2.0.downsample.0.content_encoder.bias, layer2.0.downsample.2.weight, layer2.0.downsample.2.bias, layer2.0.downsample.2.running_mean, layer2.0.downsample.2.running_var, layer2.1.conv2.0.weight, layer2.2.conv2.0.weight, layer2.3.conv2.0.weight, layer3.0.conv2.0.channel_compressor.weight, layer3.0.conv2.0.channel_compressor.bias, layer3.0.conv2.0.content_encoder.weight, layer3.0.conv2.0.content_encoder.bias, layer3.0.conv2.1.weight, layer3.0.downsample.0.channel_compressor.weight, layer3.0.downsample.0.channel_compressor.bias, layer3.0.downsample.0.content_encoder.weight, layer3.0.downsample.0.content_encoder.bias, layer3.0.downsample.2.weight, layer3.0.downsample.2.bias, layer3.0.downsample.2.running_mean, layer3.0.downsample.2.running_var, layer3.1.conv2.0.weight, layer3.2.conv2.0.weight, layer3.3.conv2.0.weight, layer3.4.conv2.0.weight, layer3.5.conv2.0.weight, layer4.0.conv2.0.channel_compressor.weight, layer4.0.conv2.0.channel_compressor.bias, layer4.0.conv2.0.content_encoder.weight, layer4.0.conv2.0.content_encoder.bias, layer4.0.conv2.1.weight, layer4.0.downsample.0.channel_compressor.weight, layer4.0.downsample.0.channel_compressor.bias, layer4.0.downsample.0.content_encoder.weight, layer4.0.downsample.0.content_encoder.bias, layer4.0.downsample.2.weight, layer4.0.downsample.2.bias, layer4.0.downsample.2.running_mean, layer4.0.downsample.2.running_var, layer4.1.conv2.0.weight, layer4.2.conv2.0.weight

2021-05-06 11:46:24,122 - mmdet - INFO - load checkpoint from work_dirs/carafed_coco_faster_r50_2x/epoch_23.pth
2021-05-06 11:46:25,502 - mmdet - INFO - resumed epoch 23, iter 168590
2021-05-06 11:46:25,505 - mmdet - INFO - Start running, host: root@48311a6e91ab, work_dir: /root/userfolder/mmdetection/work_dirs/carafed_coco_faster_r50_2x
2021-05-06 11:46:25,505 - mmdet - INFO - workflow: [('train', 1)], max: 24 epochs
2021-05-06 11:46:58,844 - mmdet - INFO - Epoch [24][50/7330]	lr: 2.000e-04, eta: 1:20:43, time: 0.665, data_time: 0.213, memory: 8627, loss_rpn_cls: 0.0317, loss_rpn_bbox: 0.0517, loss_cls: 0.2157, acc: 93.0173, loss_bbox: 0.2267, loss: 0.5257
2021-05-06 11:47:25,598 - mmdet - INFO - Epoch [24][100/7330]	lr: 2.000e-04, eta: 1:12:18, time: 0.535, data_time: 0.138, memory: 8628, loss_rpn_cls: 0.0323, loss_rpn_bbox: 0.0499, loss_cls: 0.2144, acc: 93.0613, loss_bbox: 0.2250, loss: 0.5216
2021-05-06 11:47:51,950 - mmdet - INFO - Epoch [24][150/7330]	lr: 2.000e-04, eta: 1:08:54, time: 0.527, data_time: 0.133, memory: 8632, loss_rpn_cls: 0.0345, loss_rpn_bbox: 0.0515, loss_cls: 0.2197, acc: 92.9089, loss_bbox: 0.2262, loss: 0.5318
2021-05-06 11:48:18,571 - mmdet - INFO - Epoch [24][200/7330]	lr: 2.000e-04, eta: 1:07:08, time: 0.533, data_time: 0.132, memory: 8632, loss_rpn_cls: 0.0328, loss_rpn_bbox: 0.0507, loss_cls: 0.2239, acc: 92.7339, loss_bbox: 0.2266, loss: 0.5339
2021-05-06 11:48:45,534 - mmdet - INFO - Epoch [24][250/7330]	lr: 2.000e-04, eta: 1:06:03, time: 0.539, data_time: 0.136, memory: 8632, loss_rpn_cls: 0.0333, loss_rpn_bbox: 0.0523, loss_cls: 0.2193, acc: 92.8430, loss_bbox: 0.2294, loss: 0.5342
2021-05-06 11:49:12,113 - mmdet - INFO - Epoch [24][300/7330]	lr: 2.000e-04, eta: 1:05:02, time: 0.532, data_time: 0.135, memory: 8632, loss_rpn_cls: 0.0320, loss_rpn_bbox: 0.0485, loss_cls: 0.2100, acc: 93.1411, loss_bbox: 0.2159, loss: 0.5064
2021-05-06 11:49:38,949 - mmdet - INFO - Epoch [24][350/7330]	lr: 2.000e-04, eta: 1:04:16, time: 0.537, data_time: 0.133, memory: 8632, loss_rpn_cls: 0.0341, loss_rpn_bbox: 0.0507, loss_cls: 0.2212, acc: 92.6257, loss_bbox: 0.2346, loss: 0.5407
2021-05-06 11:50:05,651 - mmdet - INFO - Epoch [24][400/7330]	lr: 2.000e-04, eta: 1:03:32, time: 0.534, data_time: 0.133, memory: 8632, loss_rpn_cls: 0.0320, loss_rpn_bbox: 0.0483, loss_cls: 0.2141, acc: 92.9280, loss_bbox: 0.2263, loss: 0.5207
2021-05-06 11:50:32,062 - mmdet - INFO - Epoch [24][450/7330]	lr: 2.000e-04, eta: 1:02:48, time: 0.528, data_time: 0.132, memory: 8632, loss_rpn_cls: 0.0334, loss_rpn_bbox: 0.0478, loss_cls: 0.2106, acc: 92.9971, loss_bbox: 0.2224, loss: 0.5142
2021-05-06 11:50:58,717 - mmdet - INFO - Epoch [24][500/7330]	lr: 2.000e-04, eta: 1:02:11, time: 0.533, data_time: 0.138, memory: 8632, loss_rpn_cls: 0.0288, loss_rpn_bbox: 0.0452, loss_cls: 0.2132, acc: 93.1353, loss_bbox: 0.2242, loss: 0.5114
2021-05-06 11:51:25,643 - mmdet - INFO - Epoch [24][550/7330]	lr: 2.000e-04, eta: 1:01:38, time: 0.539, data_time: 0.136, memory: 8632, loss_rpn_cls: 0.0332, loss_rpn_bbox: 0.0500, loss_cls: 0.2131, acc: 92.8994, loss_bbox: 0.2314, loss: 0.5276
2021-05-06 11:51:52,074 - mmdet - INFO - Epoch [24][600/7330]	lr: 2.000e-04, eta: 1:01:01, time: 0.528, data_time: 0.134, memory: 8632, loss_rpn_cls: 0.0322, loss_rpn_bbox: 0.0494, loss_cls: 0.2154, acc: 92.8906, loss_bbox: 0.2251, loss: 0.5221
2021-05-06 11:52:19,162 - mmdet - INFO - Epoch [24][650/7330]	lr: 2.000e-04, eta: 1:00:33, time: 0.542, data_time: 0.148, memory: 8632, loss_rpn_cls: 0.0335, loss_rpn_bbox: 0.0497, loss_cls: 0.2156, acc: 92.8999, loss_bbox: 0.2250, loss: 0.5238
2021-05-06 11:52:45,629 - mmdet - INFO - Epoch [24][700/7330]	lr: 2.000e-04, eta: 0:59:59, time: 0.529, data_time: 0.138, memory: 8632, loss_rpn_cls: 0.0313, loss_rpn_bbox: 0.0482, loss_cls: 0.2108, acc: 93.1418, loss_bbox: 0.2177, loss: 0.5080
2021-05-06 11:53:11,853 - mmdet - INFO - Epoch [24][750/7330]	lr: 2.000e-04, eta: 0:59:24, time: 0.524, data_time: 0.132, memory: 8632, loss_rpn_cls: 0.0307, loss_rpn_bbox: 0.0488, loss_cls: 0.2151, acc: 92.9453, loss_bbox: 0.2283, loss: 0.5229
2021-05-06 11:53:38,964 - mmdet - INFO - Epoch [24][800/7330]	lr: 2.000e-04, eta: 0:58:57, time: 0.542, data_time: 0.137, memory: 8632, loss_rpn_cls: 0.0312, loss_rpn_bbox: 0.0513, loss_cls: 0.2204, acc: 92.7444, loss_bbox: 0.2275, loss: 0.5304
2021-05-06 11:54:05,415 - mmdet - INFO - Epoch [24][850/7330]	lr: 2.000e-04, eta: 0:58:25, time: 0.529, data_time: 0.135, memory: 8632, loss_rpn_cls: 0.0326, loss_rpn_bbox: 0.0475, loss_cls: 0.2139, acc: 92.9692, loss_bbox: 0.2215, loss: 0.5155
2021-05-06 11:54:31,771 - mmdet - INFO - Epoch [24][900/7330]	lr: 2.000e-04, eta: 0:57:53, time: 0.527, data_time: 0.130, memory: 8632, loss_rpn_cls: 0.0312, loss_rpn_bbox: 0.0486, loss_cls: 0.2138, acc: 92.9292, loss_bbox: 0.2213, loss: 0.5150
2021-05-06 11:54:58,304 - mmdet - INFO - Epoch [24][950/7330]	lr: 2.000e-04, eta: 0:57:23, time: 0.531, data_time: 0.132, memory: 8632, loss_rpn_cls: 0.0331, loss_rpn_bbox: 0.0493, loss_cls: 0.2123, acc: 92.9600, loss_bbox: 0.2217, loss: 0.5163
2021-05-06 11:55:24,741 - mmdet - INFO - Epoch [24][1000/7330]	lr: 2.000e-04, eta: 0:56:52, time: 0.529, data_time: 0.134, memory: 8632, loss_rpn_cls: 0.0323, loss_rpn_bbox: 0.0497, loss_cls: 0.2174, acc: 92.8254, loss_bbox: 0.2268, loss: 0.5263
2021-05-06 11:55:51,486 - mmdet - INFO - Epoch [24][1050/7330]	lr: 2.000e-04, eta: 0:56:24, time: 0.535, data_time: 0.141, memory: 8632, loss_rpn_cls: 0.0326, loss_rpn_bbox: 0.0488, loss_cls: 0.2111, acc: 93.1206, loss_bbox: 0.2213, loss: 0.5138
2021-05-06 11:56:18,234 - mmdet - INFO - Epoch [24][1100/7330]	lr: 2.000e-04, eta: 0:55:56, time: 0.535, data_time: 0.136, memory: 8632, loss_rpn_cls: 0.0329, loss_rpn_bbox: 0.0515, loss_cls: 0.2187, acc: 92.8533, loss_bbox: 0.2292, loss: 0.5323
2021-05-06 11:56:45,203 - mmdet - INFO - Epoch [24][1150/7330]	lr: 2.000e-04, eta: 0:55:29, time: 0.539, data_time: 0.140, memory: 8632, loss_rpn_cls: 0.0346, loss_rpn_bbox: 0.0535, loss_cls: 0.2228, acc: 92.6133, loss_bbox: 0.2310, loss: 0.5418
2021-05-06 11:57:11,976 - mmdet - INFO - Epoch [24][1200/7330]	lr: 2.000e-04, eta: 0:55:01, time: 0.535, data_time: 0.142, memory: 8632, loss_rpn_cls: 0.0317, loss_rpn_bbox: 0.0485, loss_cls: 0.2003, acc: 93.5115, loss_bbox: 0.2078, loss: 0.4884
2021-05-06 11:57:38,758 - mmdet - INFO - Epoch [24][1250/7330]	lr: 2.000e-04, eta: 0:54:34, time: 0.535, data_time: 0.134, memory: 8632, loss_rpn_cls: 0.0346, loss_rpn_bbox: 0.0515, loss_cls: 0.2219, acc: 92.8103, loss_bbox: 0.2269, loss: 0.5348
2021-05-06 11:58:05,521 - mmdet - INFO - Epoch [24][1300/7330]	lr: 2.000e-04, eta: 0:54:06, time: 0.536, data_time: 0.139, memory: 8632, loss_rpn_cls: 0.0326, loss_rpn_bbox: 0.0491, loss_cls: 0.2141, acc: 92.9619, loss_bbox: 0.2223, loss: 0.5182
2021-05-06 11:58:32,171 - mmdet - INFO - Epoch [24][1350/7330]	lr: 2.000e-04, eta: 0:53:38, time: 0.533, data_time: 0.133, memory: 8633, loss_rpn_cls: 0.0295, loss_rpn_bbox: 0.0468, loss_cls: 0.2030, acc: 93.2698, loss_bbox: 0.2187, loss: 0.4980
2021-05-06 11:58:58,667 - mmdet - INFO - Epoch [24][1400/7330]	lr: 2.000e-04, eta: 0:53:09, time: 0.531, data_time: 0.130, memory: 8633, loss_rpn_cls: 0.0334, loss_rpn_bbox: 0.0498, loss_cls: 0.2264, acc: 92.4692, loss_bbox: 0.2364, loss: 0.5461
2021-05-06 11:59:25,334 - mmdet - INFO - Epoch [24][1450/7330]	lr: 2.000e-04, eta: 0:52:42, time: 0.533, data_time: 0.136, memory: 8633, loss_rpn_cls: 0.0310, loss_rpn_bbox: 0.0487, loss_cls: 0.2107, acc: 93.0535, loss_bbox: 0.2275, loss: 0.5179
2021-05-06 11:59:52,025 - mmdet - INFO - Epoch [24][1500/7330]	lr: 2.000e-04, eta: 0:52:14, time: 0.533, data_time: 0.134, memory: 8633, loss_rpn_cls: 0.0298, loss_rpn_bbox: 0.0510, loss_cls: 0.2098, acc: 93.0225, loss_bbox: 0.2197, loss: 0.5103
2021-05-06 12:00:18,846 - mmdet - INFO - Epoch [24][1550/7330]	lr: 2.000e-04, eta: 0:51:47, time: 0.537, data_time: 0.137, memory: 8633, loss_rpn_cls: 0.0306, loss_rpn_bbox: 0.0456, loss_cls: 0.2037, acc: 93.3760, loss_bbox: 0.2121, loss: 0.4920
2021-05-06 12:00:45,463 - mmdet - INFO - Epoch [24][1600/7330]	lr: 2.000e-04, eta: 0:51:19, time: 0.532, data_time: 0.142, memory: 8633, loss_rpn_cls: 0.0333, loss_rpn_bbox: 0.0505, loss_cls: 0.2161, acc: 92.8784, loss_bbox: 0.2307, loss: 0.5307
2021-05-06 12:01:12,281 - mmdet - INFO - Epoch [24][1650/7330]	lr: 2.000e-04, eta: 0:50:52, time: 0.536, data_time: 0.142, memory: 8633, loss_rpn_cls: 0.0295, loss_rpn_bbox: 0.0466, loss_cls: 0.2059, acc: 93.2310, loss_bbox: 0.2177, loss: 0.4997
2021-05-06 12:01:39,113 - mmdet - INFO - Epoch [24][1700/7330]	lr: 2.000e-04, eta: 0:50:25, time: 0.537, data_time: 0.147, memory: 8633, loss_rpn_cls: 0.0333, loss_rpn_bbox: 0.0527, loss_cls: 0.2176, acc: 92.8330, loss_bbox: 0.2313, loss: 0.5350
2021-05-06 12:02:05,936 - mmdet - INFO - Epoch [24][1750/7330]	lr: 2.000e-04, eta: 0:49:58, time: 0.536, data_time: 0.144, memory: 8633, loss_rpn_cls: 0.0312, loss_rpn_bbox: 0.0462, loss_cls: 0.2070, acc: 93.2139, loss_bbox: 0.2161, loss: 0.5006
2021-05-06 12:02:32,975 - mmdet - INFO - Epoch [24][1800/7330]	lr: 2.000e-04, eta: 0:49:31, time: 0.541, data_time: 0.149, memory: 8633, loss_rpn_cls: 0.0292, loss_rpn_bbox: 0.0466, loss_cls: 0.1984, acc: 93.5400, loss_bbox: 0.2076, loss: 0.4817
2021-05-06 12:02:59,862 - mmdet - INFO - Epoch [24][1850/7330]	lr: 2.000e-04, eta: 0:49:05, time: 0.538, data_time: 0.144, memory: 8633, loss_rpn_cls: 0.0299, loss_rpn_bbox: 0.0482, loss_cls: 0.2117, acc: 92.9785, loss_bbox: 0.2240, loss: 0.5138
2021-05-06 12:03:26,978 - mmdet - INFO - Epoch [24][1900/7330]	lr: 2.000e-04, eta: 0:48:39, time: 0.542, data_time: 0.144, memory: 8633, loss_rpn_cls: 0.0328, loss_rpn_bbox: 0.0481, loss_cls: 0.2180, acc: 92.8982, loss_bbox: 0.2261, loss: 0.5249
2021-05-06 12:03:54,132 - mmdet - INFO - Epoch [24][1950/7330]	lr: 2.000e-04, eta: 0:48:12, time: 0.543, data_time: 0.144, memory: 8633, loss_rpn_cls: 0.0319, loss_rpn_bbox: 0.0496, loss_cls: 0.2171, acc: 92.9556, loss_bbox: 0.2201, loss: 0.5187
2021-05-06 12:04:21,160 - mmdet - INFO - Epoch [24][2000/7330]	lr: 2.000e-04, eta: 0:47:46, time: 0.541, data_time: 0.146, memory: 8633, loss_rpn_cls: 0.0300, loss_rpn_bbox: 0.0465, loss_cls: 0.2043, acc: 93.3159, loss_bbox: 0.2088, loss: 0.4896
2021-05-06 12:04:48,102 - mmdet - INFO - Epoch [24][2050/7330]	lr: 2.000e-04, eta: 0:47:19, time: 0.538, data_time: 0.143, memory: 8633, loss_rpn_cls: 0.0317, loss_rpn_bbox: 0.0482, loss_cls: 0.2147, acc: 93.0078, loss_bbox: 0.2265, loss: 0.5211
2021-05-06 12:05:15,119 - mmdet - INFO - Epoch [24][2100/7330]	lr: 2.000e-04, eta: 0:46:53, time: 0.541, data_time: 0.146, memory: 8633, loss_rpn_cls: 0.0352, loss_rpn_bbox: 0.0533, loss_cls: 0.2357, acc: 92.4434, loss_bbox: 0.2393, loss: 0.5635
2021-05-06 12:05:42,213 - mmdet - INFO - Epoch [24][2150/7330]	lr: 2.000e-04, eta: 0:46:26, time: 0.542, data_time: 0.151, memory: 8633, loss_rpn_cls: 0.0331, loss_rpn_bbox: 0.0469, loss_cls: 0.2195, acc: 92.8926, loss_bbox: 0.2305, loss: 0.5299
2021-05-06 12:06:09,083 - mmdet - INFO - Epoch [24][2200/7330]	lr: 2.000e-04, eta: 0:45:59, time: 0.538, data_time: 0.135, memory: 8633, loss_rpn_cls: 0.0311, loss_rpn_bbox: 0.0463, loss_cls: 0.2031, acc: 93.3044, loss_bbox: 0.2132, loss: 0.4937
2021-05-06 12:06:36,280 - mmdet - INFO - Epoch [24][2250/7330]	lr: 2.000e-04, eta: 0:45:33, time: 0.543, data_time: 0.146, memory: 8633, loss_rpn_cls: 0.0314, loss_rpn_bbox: 0.0456, loss_cls: 0.2175, acc: 92.9375, loss_bbox: 0.2215, loss: 0.5161
2021-05-06 12:07:02,981 - mmdet - INFO - Epoch [24][2300/7330]	lr: 2.000e-04, eta: 0:45:06, time: 0.535, data_time: 0.143, memory: 8633, loss_rpn_cls: 0.0342, loss_rpn_bbox: 0.0492, loss_cls: 0.2191, acc: 92.8542, loss_bbox: 0.2278, loss: 0.5303
2021-05-06 12:07:29,698 - mmdet - INFO - Epoch [24][2350/7330]	lr: 2.000e-04, eta: 0:44:38, time: 0.534, data_time: 0.139, memory: 8633, loss_rpn_cls: 0.0331, loss_rpn_bbox: 0.0472, loss_cls: 0.2096, acc: 93.0737, loss_bbox: 0.2202, loss: 0.5101
2021-05-06 12:07:56,446 - mmdet - INFO - Epoch [24][2400/7330]	lr: 2.000e-04, eta: 0:44:11, time: 0.535, data_time: 0.141, memory: 8633, loss_rpn_cls: 0.0319, loss_rpn_bbox: 0.0501, loss_cls: 0.2109, acc: 93.1201, loss_bbox: 0.2204, loss: 0.5134
2021-05-06 12:08:23,520 - mmdet - INFO - Epoch [24][2450/7330]	lr: 2.000e-04, eta: 0:43:45, time: 0.542, data_time: 0.145, memory: 8633, loss_rpn_cls: 0.0317, loss_rpn_bbox: 0.0506, loss_cls: 0.2112, acc: 93.1890, loss_bbox: 0.2190, loss: 0.5126
2021-05-06 12:08:50,377 - mmdet - INFO - Epoch [24][2500/7330]	lr: 2.000e-04, eta: 0:43:18, time: 0.537, data_time: 0.143, memory: 8633, loss_rpn_cls: 0.0317, loss_rpn_bbox: 0.0483, loss_cls: 0.2091, acc: 93.1123, loss_bbox: 0.2233, loss: 0.5123
2021-05-06 12:09:17,136 - mmdet - INFO - Epoch [24][2550/7330]	lr: 2.000e-04, eta: 0:42:51, time: 0.536, data_time: 0.142, memory: 8633, loss_rpn_cls: 0.0329, loss_rpn_bbox: 0.0488, loss_cls: 0.2058, acc: 93.2039, loss_bbox: 0.2181, loss: 0.5055
2021-05-06 12:09:43,999 - mmdet - INFO - Epoch [24][2600/7330]	lr: 2.000e-04, eta: 0:42:24, time: 0.537, data_time: 0.144, memory: 8633, loss_rpn_cls: 0.0327, loss_rpn_bbox: 0.0492, loss_cls: 0.2114, acc: 93.0630, loss_bbox: 0.2207, loss: 0.5140
2021-05-06 12:10:10,902 - mmdet - INFO - Epoch [24][2650/7330]	lr: 2.000e-04, eta: 0:41:57, time: 0.538, data_time: 0.146, memory: 8633, loss_rpn_cls: 0.0312, loss_rpn_bbox: 0.0476, loss_cls: 0.2137, acc: 93.0354, loss_bbox: 0.2225, loss: 0.5150
2021-05-06 12:10:37,699 - mmdet - INFO - Epoch [24][2700/7330]	lr: 2.000e-04, eta: 0:41:30, time: 0.536, data_time: 0.142, memory: 8633, loss_rpn_cls: 0.0290, loss_rpn_bbox: 0.0474, loss_cls: 0.1999, acc: 93.4199, loss_bbox: 0.2161, loss: 0.4925
2021-05-06 12:11:04,533 - mmdet - INFO - Epoch [24][2750/7330]	lr: 2.000e-04, eta: 0:41:03, time: 0.537, data_time: 0.147, memory: 8633, loss_rpn_cls: 0.0342, loss_rpn_bbox: 0.0497, loss_cls: 0.2166, acc: 92.7427, loss_bbox: 0.2344, loss: 0.5348
2021-05-06 12:11:31,481 - mmdet - INFO - Epoch [24][2800/7330]	lr: 2.000e-04, eta: 0:40:36, time: 0.539, data_time: 0.146, memory: 8633, loss_rpn_cls: 0.0319, loss_rpn_bbox: 0.0489, loss_cls: 0.2145, acc: 93.0242, loss_bbox: 0.2250, loss: 0.5204
2021-05-06 12:11:58,384 - mmdet - INFO - Epoch [24][2850/7330]	lr: 2.000e-04, eta: 0:40:09, time: 0.538, data_time: 0.143, memory: 8633, loss_rpn_cls: 0.0320, loss_rpn_bbox: 0.0486, loss_cls: 0.2176, acc: 92.9131, loss_bbox: 0.2269, loss: 0.5252
2021-05-06 12:12:25,220 - mmdet - INFO - Epoch [24][2900/7330]	lr: 2.000e-04, eta: 0:39:42, time: 0.537, data_time: 0.146, memory: 8633, loss_rpn_cls: 0.0297, loss_rpn_bbox: 0.0489, loss_cls: 0.2107, acc: 93.0073, loss_bbox: 0.2259, loss: 0.5152
2021-05-06 12:12:52,126 - mmdet - INFO - Epoch [24][2950/7330]	lr: 2.000e-04, eta: 0:39:15, time: 0.538, data_time: 0.144, memory: 8633, loss_rpn_cls: 0.0343, loss_rpn_bbox: 0.0516, loss_cls: 0.2138, acc: 92.9756, loss_bbox: 0.2281, loss: 0.5278
2021-05-06 12:13:19,061 - mmdet - INFO - Epoch [24][3000/7330]	lr: 2.000e-04, eta: 0:38:48, time: 0.539, data_time: 0.146, memory: 8633, loss_rpn_cls: 0.0332, loss_rpn_bbox: 0.0520, loss_cls: 0.2161, acc: 92.8042, loss_bbox: 0.2348, loss: 0.5360
2021-05-06 12:13:46,101 - mmdet - INFO - Epoch [24][3050/7330]	lr: 2.000e-04, eta: 0:38:22, time: 0.541, data_time: 0.147, memory: 8633, loss_rpn_cls: 0.0320, loss_rpn_bbox: 0.0481, loss_cls: 0.2110, acc: 93.1125, loss_bbox: 0.2173, loss: 0.5085
2021-05-06 12:14:13,014 - mmdet - INFO - Epoch [24][3100/7330]	lr: 2.000e-04, eta: 0:37:55, time: 0.538, data_time: 0.147, memory: 8633, loss_rpn_cls: 0.0322, loss_rpn_bbox: 0.0498, loss_cls: 0.2252, acc: 92.5437, loss_bbox: 0.2408, loss: 0.5480
2021-05-06 12:14:39,783 - mmdet - INFO - Epoch [24][3150/7330]	lr: 2.000e-04, eta: 0:37:28, time: 0.535, data_time: 0.147, memory: 8633, loss_rpn_cls: 0.0316, loss_rpn_bbox: 0.0514, loss_cls: 0.2178, acc: 92.8799, loss_bbox: 0.2262, loss: 0.5270
2021-05-06 12:15:06,671 - mmdet - INFO - Epoch [24][3200/7330]	lr: 2.000e-04, eta: 0:37:01, time: 0.538, data_time: 0.142, memory: 8633, loss_rpn_cls: 0.0324, loss_rpn_bbox: 0.0486, loss_cls: 0.2082, acc: 93.1038, loss_bbox: 0.2219, loss: 0.5111
2021-05-06 12:15:33,550 - mmdet - INFO - Epoch [24][3250/7330]	lr: 2.000e-04, eta: 0:36:34, time: 0.538, data_time: 0.145, memory: 8633, loss_rpn_cls: 0.0315, loss_rpn_bbox: 0.0508, loss_cls: 0.2150, acc: 92.9187, loss_bbox: 0.2286, loss: 0.5259
2021-05-06 12:16:00,226 - mmdet - INFO - Epoch [24][3300/7330]	lr: 2.000e-04, eta: 0:36:07, time: 0.534, data_time: 0.144, memory: 8633, loss_rpn_cls: 0.0318, loss_rpn_bbox: 0.0509, loss_cls: 0.2092, acc: 93.1216, loss_bbox: 0.2234, loss: 0.5153
2021-05-06 12:16:27,102 - mmdet - INFO - Epoch [24][3350/7330]	lr: 2.000e-04, eta: 0:35:40, time: 0.538, data_time: 0.146, memory: 8633, loss_rpn_cls: 0.0324, loss_rpn_bbox: 0.0500, loss_cls: 0.2096, acc: 93.0435, loss_bbox: 0.2231, loss: 0.5151
2021-05-06 12:16:53,913 - mmdet - INFO - Epoch [24][3400/7330]	lr: 2.000e-04, eta: 0:35:13, time: 0.536, data_time: 0.143, memory: 8633, loss_rpn_cls: 0.0324, loss_rpn_bbox: 0.0477, loss_cls: 0.2108, acc: 93.0281, loss_bbox: 0.2239, loss: 0.5148
2021-05-06 12:17:20,935 - mmdet - INFO - Epoch [24][3450/7330]	lr: 2.000e-04, eta: 0:34:46, time: 0.541, data_time: 0.139, memory: 8633, loss_rpn_cls: 0.0333, loss_rpn_bbox: 0.0495, loss_cls: 0.2171, acc: 92.8872, loss_bbox: 0.2260, loss: 0.5259
2021-05-06 12:17:47,520 - mmdet - INFO - Epoch [24][3500/7330]	lr: 2.000e-04, eta: 0:34:19, time: 0.531, data_time: 0.141, memory: 8633, loss_rpn_cls: 0.0341, loss_rpn_bbox: 0.0487, loss_cls: 0.2182, acc: 92.9089, loss_bbox: 0.2258, loss: 0.5269
2021-05-06 12:18:14,502 - mmdet - INFO - Epoch [24][3550/7330]	lr: 2.000e-04, eta: 0:33:52, time: 0.540, data_time: 0.146, memory: 8633, loss_rpn_cls: 0.0318, loss_rpn_bbox: 0.0495, loss_cls: 0.2186, acc: 92.9011, loss_bbox: 0.2261, loss: 0.5260
2021-05-06 12:18:41,137 - mmdet - INFO - Epoch [24][3600/7330]	lr: 2.000e-04, eta: 0:33:25, time: 0.532, data_time: 0.137, memory: 8633, loss_rpn_cls: 0.0337, loss_rpn_bbox: 0.0507, loss_cls: 0.2283, acc: 92.6165, loss_bbox: 0.2357, loss: 0.5484
2021-05-06 12:19:07,940 - mmdet - INFO - Epoch [24][3650/7330]	lr: 2.000e-04, eta: 0:32:58, time: 0.536, data_time: 0.143, memory: 8633, loss_rpn_cls: 0.0321, loss_rpn_bbox: 0.0509, loss_cls: 0.2118, acc: 93.0444, loss_bbox: 0.2222, loss: 0.5169
2021-05-06 12:19:34,763 - mmdet - INFO - Epoch [24][3700/7330]	lr: 2.000e-04, eta: 0:32:31, time: 0.536, data_time: 0.144, memory: 8633, loss_rpn_cls: 0.0321, loss_rpn_bbox: 0.0515, loss_cls: 0.2190, acc: 92.7886, loss_bbox: 0.2295, loss: 0.5321
2021-05-06 12:20:01,450 - mmdet - INFO - Epoch [24][3750/7330]	lr: 2.000e-04, eta: 0:32:04, time: 0.534, data_time: 0.143, memory: 8633, loss_rpn_cls: 0.0317, loss_rpn_bbox: 0.0471, loss_cls: 0.2114, acc: 93.0723, loss_bbox: 0.2216, loss: 0.5119
2021-05-06 12:20:28,099 - mmdet - INFO - Epoch [24][3800/7330]	lr: 2.000e-04, eta: 0:31:37, time: 0.533, data_time: 0.141, memory: 8633, loss_rpn_cls: 0.0317, loss_rpn_bbox: 0.0504, loss_cls: 0.2147, acc: 93.0129, loss_bbox: 0.2267, loss: 0.5236
2021-05-06 12:20:54,987 - mmdet - INFO - Epoch [24][3850/7330]	lr: 2.000e-04, eta: 0:31:10, time: 0.538, data_time: 0.142, memory: 8633, loss_rpn_cls: 0.0340, loss_rpn_bbox: 0.0532, loss_cls: 0.2252, acc: 92.5754, loss_bbox: 0.2333, loss: 0.5458
2021-05-06 12:21:21,829 - mmdet - INFO - Epoch [24][3900/7330]	lr: 2.000e-04, eta: 0:30:43, time: 0.537, data_time: 0.141, memory: 8633, loss_rpn_cls: 0.0313, loss_rpn_bbox: 0.0479, loss_cls: 0.2115, acc: 93.0962, loss_bbox: 0.2209, loss: 0.5116
2021-05-06 12:21:48,650 - mmdet - INFO - Epoch [24][3950/7330]	lr: 2.000e-04, eta: 0:30:16, time: 0.536, data_time: 0.146, memory: 8633, loss_rpn_cls: 0.0323, loss_rpn_bbox: 0.0505, loss_cls: 0.2185, acc: 92.7673, loss_bbox: 0.2405, loss: 0.5419
2021-05-06 12:22:15,563 - mmdet - INFO - Epoch [24][4000/7330]	lr: 2.000e-04, eta: 0:29:49, time: 0.538, data_time: 0.145, memory: 8633, loss_rpn_cls: 0.0336, loss_rpn_bbox: 0.0493, loss_cls: 0.2102, acc: 93.1511, loss_bbox: 0.2156, loss: 0.5087
2021-05-06 12:22:42,348 - mmdet - INFO - Epoch [24][4050/7330]	lr: 2.000e-04, eta: 0:29:22, time: 0.536, data_time: 0.143, memory: 8633, loss_rpn_cls: 0.0324, loss_rpn_bbox: 0.0497, loss_cls: 0.2174, acc: 92.9578, loss_bbox: 0.2279, loss: 0.5274
2021-05-06 12:23:09,333 - mmdet - INFO - Epoch [24][4100/7330]	lr: 2.000e-04, eta: 0:28:56, time: 0.540, data_time: 0.150, memory: 8633, loss_rpn_cls: 0.0318, loss_rpn_bbox: 0.0490, loss_cls: 0.2044, acc: 93.2083, loss_bbox: 0.2207, loss: 0.5059
2021-05-06 12:23:36,330 - mmdet - INFO - Epoch [24][4150/7330]	lr: 2.000e-04, eta: 0:28:29, time: 0.539, data_time: 0.146, memory: 8633, loss_rpn_cls: 0.0330, loss_rpn_bbox: 0.0509, loss_cls: 0.2154, acc: 93.0193, loss_bbox: 0.2184, loss: 0.5177
2021-05-06 12:24:03,244 - mmdet - INFO - Epoch [24][4200/7330]	lr: 2.000e-04, eta: 0:28:02, time: 0.538, data_time: 0.147, memory: 8633, loss_rpn_cls: 0.0325, loss_rpn_bbox: 0.0470, loss_cls: 0.2065, acc: 93.1680, loss_bbox: 0.2181, loss: 0.5040
2021-05-06 12:24:30,005 - mmdet - INFO - Epoch [24][4250/7330]	lr: 2.000e-04, eta: 0:27:35, time: 0.535, data_time: 0.143, memory: 8633, loss_rpn_cls: 0.0316, loss_rpn_bbox: 0.0467, loss_cls: 0.1993, acc: 93.4587, loss_bbox: 0.2131, loss: 0.4907
2021-05-06 12:24:56,625 - mmdet - INFO - Epoch [24][4300/7330]	lr: 2.000e-04, eta: 0:27:08, time: 0.533, data_time: 0.144, memory: 8633, loss_rpn_cls: 0.0325, loss_rpn_bbox: 0.0497, loss_cls: 0.2109, acc: 93.0771, loss_bbox: 0.2264, loss: 0.5195
2021-05-06 12:25:23,514 - mmdet - INFO - Epoch [24][4350/7330]	lr: 2.000e-04, eta: 0:26:41, time: 0.538, data_time: 0.141, memory: 8633, loss_rpn_cls: 0.0342, loss_rpn_bbox: 0.0509, loss_cls: 0.2210, acc: 92.6641, loss_bbox: 0.2339, loss: 0.5400
2021-05-06 12:25:50,134 - mmdet - INFO - Epoch [24][4400/7330]	lr: 2.000e-04, eta: 0:26:14, time: 0.532, data_time: 0.139, memory: 8633, loss_rpn_cls: 0.0312, loss_rpn_bbox: 0.0491, loss_cls: 0.2121, acc: 93.0459, loss_bbox: 0.2270, loss: 0.5194
2021-05-06 12:26:16,965 - mmdet - INFO - Epoch [24][4450/7330]	lr: 2.000e-04, eta: 0:25:47, time: 0.536, data_time: 0.142, memory: 8633, loss_rpn_cls: 0.0304, loss_rpn_bbox: 0.0461, loss_cls: 0.2155, acc: 92.8022, loss_bbox: 0.2287, loss: 0.5208
2021-05-06 12:26:43,484 - mmdet - INFO - Epoch [24][4500/7330]	lr: 2.000e-04, eta: 0:25:20, time: 0.531, data_time: 0.139, memory: 8633, loss_rpn_cls: 0.0318, loss_rpn_bbox: 0.0484, loss_cls: 0.2131, acc: 93.2119, loss_bbox: 0.2197, loss: 0.5130
2021-05-06 12:27:10,168 - mmdet - INFO - Epoch [24][4550/7330]	lr: 2.000e-04, eta: 0:24:53, time: 0.534, data_time: 0.136, memory: 8633, loss_rpn_cls: 0.0323, loss_rpn_bbox: 0.0486, loss_cls: 0.2152, acc: 93.0474, loss_bbox: 0.2204, loss: 0.5165
2021-05-06 12:27:36,867 - mmdet - INFO - Epoch [24][4600/7330]	lr: 2.000e-04, eta: 0:24:26, time: 0.534, data_time: 0.137, memory: 8633, loss_rpn_cls: 0.0332, loss_rpn_bbox: 0.0497, loss_cls: 0.2163, acc: 92.9182, loss_bbox: 0.2230, loss: 0.5222
2021-05-06 12:28:03,826 - mmdet - INFO - Epoch [24][4650/7330]	lr: 2.000e-04, eta: 0:23:59, time: 0.539, data_time: 0.146, memory: 8633, loss_rpn_cls: 0.0323, loss_rpn_bbox: 0.0489, loss_cls: 0.2134, acc: 93.1055, loss_bbox: 0.2231, loss: 0.5177
2021-05-06 12:28:30,686 - mmdet - INFO - Epoch [24][4700/7330]	lr: 2.000e-04, eta: 0:23:32, time: 0.537, data_time: 0.147, memory: 8633, loss_rpn_cls: 0.0318, loss_rpn_bbox: 0.0504, loss_cls: 0.2186, acc: 92.7617, loss_bbox: 0.2310, loss: 0.5317
2021-05-06 12:28:57,544 - mmdet - INFO - Epoch [24][4750/7330]	lr: 2.000e-04, eta: 0:23:06, time: 0.537, data_time: 0.144, memory: 8633, loss_rpn_cls: 0.0306, loss_rpn_bbox: 0.0487, loss_cls: 0.2104, acc: 93.1667, loss_bbox: 0.2193, loss: 0.5090
2021-05-06 12:29:24,440 - mmdet - INFO - Epoch [24][4800/7330]	lr: 2.000e-04, eta: 0:22:39, time: 0.538, data_time: 0.144, memory: 8633, loss_rpn_cls: 0.0348, loss_rpn_bbox: 0.0525, loss_cls: 0.2268, acc: 92.5745, loss_bbox: 0.2381, loss: 0.5522
2021-05-06 12:29:51,317 - mmdet - INFO - Epoch [24][4850/7330]	lr: 2.000e-04, eta: 0:22:12, time: 0.537, data_time: 0.142, memory: 8633, loss_rpn_cls: 0.0313, loss_rpn_bbox: 0.0511, loss_cls: 0.2219, acc: 92.7197, loss_bbox: 0.2292, loss: 0.5335
2021-05-06 12:30:18,073 - mmdet - INFO - Epoch [24][4900/7330]	lr: 2.000e-04, eta: 0:21:45, time: 0.536, data_time: 0.147, memory: 8633, loss_rpn_cls: 0.0317, loss_rpn_bbox: 0.0491, loss_cls: 0.2158, acc: 92.9683, loss_bbox: 0.2253, loss: 0.5219
2021-05-06 12:30:44,939 - mmdet - INFO - Epoch [24][4950/7330]	lr: 2.000e-04, eta: 0:21:18, time: 0.537, data_time: 0.147, memory: 8633, loss_rpn_cls: 0.0310, loss_rpn_bbox: 0.0453, loss_cls: 0.2112, acc: 93.1538, loss_bbox: 0.2176, loss: 0.5051
2021-05-06 12:31:11,941 - mmdet - INFO - Epoch [24][5000/7330]	lr: 2.000e-04, eta: 0:20:51, time: 0.540, data_time: 0.150, memory: 8633, loss_rpn_cls: 0.0319, loss_rpn_bbox: 0.0499, loss_cls: 0.2112, acc: 93.0061, loss_bbox: 0.2266, loss: 0.5196
2021-05-06 12:31:38,764 - mmdet - INFO - Epoch [24][5050/7330]	lr: 2.000e-04, eta: 0:20:24, time: 0.537, data_time: 0.141, memory: 8633, loss_rpn_cls: 0.0299, loss_rpn_bbox: 0.0475, loss_cls: 0.2152, acc: 93.0750, loss_bbox: 0.2224, loss: 0.5149
2021-05-06 12:32:05,703 - mmdet - INFO - Epoch [24][5100/7330]	lr: 2.000e-04, eta: 0:19:58, time: 0.538, data_time: 0.149, memory: 8633, loss_rpn_cls: 0.0369, loss_rpn_bbox: 0.0530, loss_cls: 0.2237, acc: 92.5972, loss_bbox: 0.2322, loss: 0.5458
2021-05-06 12:32:32,668 - mmdet - INFO - Epoch [24][5150/7330]	lr: 2.000e-04, eta: 0:19:31, time: 0.540, data_time: 0.147, memory: 8633, loss_rpn_cls: 0.0333, loss_rpn_bbox: 0.0522, loss_cls: 0.2209, acc: 92.7615, loss_bbox: 0.2327, loss: 0.5392
2021-05-06 12:32:59,380 - mmdet - INFO - Epoch [24][5200/7330]	lr: 2.000e-04, eta: 0:19:04, time: 0.534, data_time: 0.142, memory: 8633, loss_rpn_cls: 0.0354, loss_rpn_bbox: 0.0492, loss_cls: 0.2226, acc: 92.8481, loss_bbox: 0.2244, loss: 0.5316
2021-05-06 12:33:26,146 - mmdet - INFO - Epoch [24][5250/7330]	lr: 2.000e-04, eta: 0:18:37, time: 0.536, data_time: 0.143, memory: 8633, loss_rpn_cls: 0.0325, loss_rpn_bbox: 0.0508, loss_cls: 0.2154, acc: 92.9385, loss_bbox: 0.2238, loss: 0.5226
2021-05-06 12:33:52,903 - mmdet - INFO - Epoch [24][5300/7330]	lr: 2.000e-04, eta: 0:18:10, time: 0.535, data_time: 0.145, memory: 8633, loss_rpn_cls: 0.0310, loss_rpn_bbox: 0.0492, loss_cls: 0.2143, acc: 92.9697, loss_bbox: 0.2290, loss: 0.5236
2021-05-06 12:34:19,578 - mmdet - INFO - Epoch [24][5350/7330]	lr: 2.000e-04, eta: 0:17:43, time: 0.534, data_time: 0.143, memory: 8633, loss_rpn_cls: 0.0317, loss_rpn_bbox: 0.0506, loss_cls: 0.2149, acc: 92.9558, loss_bbox: 0.2248, loss: 0.5220
2021-05-06 12:34:46,228 - mmdet - INFO - Epoch [24][5400/7330]	lr: 2.000e-04, eta: 0:17:16, time: 0.533, data_time: 0.141, memory: 8633, loss_rpn_cls: 0.0313, loss_rpn_bbox: 0.0496, loss_cls: 0.2108, acc: 93.0740, loss_bbox: 0.2162, loss: 0.5079
2021-05-06 12:35:13,092 - mmdet - INFO - Epoch [24][5450/7330]	lr: 2.000e-04, eta: 0:16:49, time: 0.538, data_time: 0.145, memory: 8633, loss_rpn_cls: 0.0343, loss_rpn_bbox: 0.0514, loss_cls: 0.2180, acc: 92.8892, loss_bbox: 0.2307, loss: 0.5344
2021-05-06 12:35:39,890 - mmdet - INFO - Epoch [24][5500/7330]	lr: 2.000e-04, eta: 0:16:22, time: 0.536, data_time: 0.139, memory: 8633, loss_rpn_cls: 0.0340, loss_rpn_bbox: 0.0509, loss_cls: 0.2201, acc: 92.8389, loss_bbox: 0.2266, loss: 0.5316
2021-05-06 12:36:06,628 - mmdet - INFO - Epoch [24][5550/7330]	lr: 2.000e-04, eta: 0:15:56, time: 0.535, data_time: 0.137, memory: 8633, loss_rpn_cls: 0.0308, loss_rpn_bbox: 0.0478, loss_cls: 0.2151, acc: 92.9312, loss_bbox: 0.2274, loss: 0.5211
2021-05-06 12:36:33,403 - mmdet - INFO - Epoch [24][5600/7330]	lr: 2.000e-04, eta: 0:15:29, time: 0.535, data_time: 0.143, memory: 8633, loss_rpn_cls: 0.0331, loss_rpn_bbox: 0.0501, loss_cls: 0.2165, acc: 92.9731, loss_bbox: 0.2206, loss: 0.5203
2021-05-06 12:37:00,073 - mmdet - INFO - Epoch [24][5650/7330]	lr: 2.000e-04, eta: 0:15:02, time: 0.533, data_time: 0.138, memory: 8633, loss_rpn_cls: 0.0336, loss_rpn_bbox: 0.0508, loss_cls: 0.2204, acc: 92.7112, loss_bbox: 0.2275, loss: 0.5323
2021-05-06 12:37:26,670 - mmdet - INFO - Epoch [24][5700/7330]	lr: 2.000e-04, eta: 0:14:35, time: 0.532, data_time: 0.135, memory: 8633, loss_rpn_cls: 0.0336, loss_rpn_bbox: 0.0495, loss_cls: 0.2082, acc: 93.1223, loss_bbox: 0.2232, loss: 0.5144
2021-05-06 12:37:53,422 - mmdet - INFO - Epoch [24][5750/7330]	lr: 2.000e-04, eta: 0:14:08, time: 0.536, data_time: 0.148, memory: 8633, loss_rpn_cls: 0.0356, loss_rpn_bbox: 0.0510, loss_cls: 0.2159, acc: 92.9272, loss_bbox: 0.2272, loss: 0.5296
2021-05-06 12:38:20,362 - mmdet - INFO - Epoch [24][5800/7330]	lr: 2.000e-04, eta: 0:13:41, time: 0.538, data_time: 0.142, memory: 8633, loss_rpn_cls: 0.0321, loss_rpn_bbox: 0.0476, loss_cls: 0.2209, acc: 92.8345, loss_bbox: 0.2244, loss: 0.5251
2021-05-06 12:38:47,272 - mmdet - INFO - Epoch [24][5850/7330]	lr: 2.000e-04, eta: 0:13:14, time: 0.539, data_time: 0.146, memory: 8633, loss_rpn_cls: 0.0339, loss_rpn_bbox: 0.0502, loss_cls: 0.2126, acc: 93.0867, loss_bbox: 0.2256, loss: 0.5222
2021-05-06 12:39:14,146 - mmdet - INFO - Epoch [24][5900/7330]	lr: 2.000e-04, eta: 0:12:47, time: 0.538, data_time: 0.142, memory: 8633, loss_rpn_cls: 0.0298, loss_rpn_bbox: 0.0478, loss_cls: 0.2094, acc: 93.1675, loss_bbox: 0.2232, loss: 0.5101
2021-05-06 12:39:41,019 - mmdet - INFO - Epoch [24][5950/7330]	lr: 2.000e-04, eta: 0:12:21, time: 0.537, data_time: 0.145, memory: 8633, loss_rpn_cls: 0.0317, loss_rpn_bbox: 0.0507, loss_cls: 0.2143, acc: 92.9626, loss_bbox: 0.2250, loss: 0.5217
2021-05-06 12:40:08,025 - mmdet - INFO - Epoch [24][6000/7330]	lr: 2.000e-04, eta: 0:11:54, time: 0.540, data_time: 0.147, memory: 8633, loss_rpn_cls: 0.0338, loss_rpn_bbox: 0.0497, loss_cls: 0.2206, acc: 92.7383, loss_bbox: 0.2300, loss: 0.5341
2021-05-06 12:40:34,601 - mmdet - INFO - Epoch [24][6050/7330]	lr: 2.000e-04, eta: 0:11:27, time: 0.531, data_time: 0.145, memory: 8633, loss_rpn_cls: 0.0313, loss_rpn_bbox: 0.0506, loss_cls: 0.2053, acc: 93.1804, loss_bbox: 0.2191, loss: 0.5063
2021-05-06 12:41:01,491 - mmdet - INFO - Epoch [24][6100/7330]	lr: 2.000e-04, eta: 0:11:00, time: 0.538, data_time: 0.142, memory: 8633, loss_rpn_cls: 0.0320, loss_rpn_bbox: 0.0491, loss_cls: 0.2253, acc: 92.5574, loss_bbox: 0.2352, loss: 0.5416
2021-05-06 12:41:28,223 - mmdet - INFO - Epoch [24][6150/7330]	lr: 2.000e-04, eta: 0:10:33, time: 0.535, data_time: 0.141, memory: 8633, loss_rpn_cls: 0.0305, loss_rpn_bbox: 0.0507, loss_cls: 0.2073, acc: 93.0227, loss_bbox: 0.2188, loss: 0.5073
2021-05-06 12:41:55,034 - mmdet - INFO - Epoch [24][6200/7330]	lr: 2.000e-04, eta: 0:10:06, time: 0.536, data_time: 0.143, memory: 8633, loss_rpn_cls: 0.0351, loss_rpn_bbox: 0.0487, loss_cls: 0.2139, acc: 92.9988, loss_bbox: 0.2224, loss: 0.5201
2021-05-06 12:42:21,857 - mmdet - INFO - Epoch [24][6250/7330]	lr: 2.000e-04, eta: 0:09:39, time: 0.537, data_time: 0.149, memory: 8633, loss_rpn_cls: 0.0294, loss_rpn_bbox: 0.0479, loss_cls: 0.2087, acc: 93.1853, loss_bbox: 0.2192, loss: 0.5053
2021-05-06 12:42:48,746 - mmdet - INFO - Epoch [24][6300/7330]	lr: 2.000e-04, eta: 0:09:13, time: 0.538, data_time: 0.146, memory: 8633, loss_rpn_cls: 0.0319, loss_rpn_bbox: 0.0472, loss_cls: 0.2123, acc: 93.1328, loss_bbox: 0.2181, loss: 0.5094
2021-05-06 12:43:15,259 - mmdet - INFO - Epoch [24][6350/7330]	lr: 2.000e-04, eta: 0:08:46, time: 0.531, data_time: 0.142, memory: 8633, loss_rpn_cls: 0.0309, loss_rpn_bbox: 0.0490, loss_cls: 0.2106, acc: 93.0854, loss_bbox: 0.2217, loss: 0.5122
2021-05-06 12:43:41,926 - mmdet - INFO - Epoch [24][6400/7330]	lr: 2.000e-04, eta: 0:08:19, time: 0.533, data_time: 0.143, memory: 8633, loss_rpn_cls: 0.0310, loss_rpn_bbox: 0.0497, loss_cls: 0.2140, acc: 92.8979, loss_bbox: 0.2253, loss: 0.5201
2021-05-06 12:44:08,504 - mmdet - INFO - Epoch [24][6450/7330]	lr: 2.000e-04, eta: 0:07:52, time: 0.532, data_time: 0.144, memory: 8633, loss_rpn_cls: 0.0319, loss_rpn_bbox: 0.0482, loss_cls: 0.2032, acc: 93.2676, loss_bbox: 0.2164, loss: 0.4998
2021-05-06 12:44:35,312 - mmdet - INFO - Epoch [24][6500/7330]	lr: 2.000e-04, eta: 0:07:25, time: 0.536, data_time: 0.148, memory: 8633, loss_rpn_cls: 0.0333, loss_rpn_bbox: 0.0520, loss_cls: 0.2181, acc: 92.8447, loss_bbox: 0.2238, loss: 0.5272
2021-05-06 12:45:02,131 - mmdet - INFO - Epoch [24][6550/7330]	lr: 2.000e-04, eta: 0:06:58, time: 0.535, data_time: 0.146, memory: 8633, loss_rpn_cls: 0.0335, loss_rpn_bbox: 0.0495, loss_cls: 0.2138, acc: 93.0210, loss_bbox: 0.2259, loss: 0.5227
2021-05-06 12:45:28,905 - mmdet - INFO - Epoch [24][6600/7330]	lr: 2.000e-04, eta: 0:06:31, time: 0.536, data_time: 0.144, memory: 8633, loss_rpn_cls: 0.0336, loss_rpn_bbox: 0.0517, loss_cls: 0.2260, acc: 92.6335, loss_bbox: 0.2364, loss: 0.5477
2021-05-06 12:45:55,590 - mmdet - INFO - Epoch [24][6650/7330]	lr: 2.000e-04, eta: 0:06:05, time: 0.534, data_time: 0.141, memory: 8633, loss_rpn_cls: 0.0320, loss_rpn_bbox: 0.0479, loss_cls: 0.2089, acc: 93.1980, loss_bbox: 0.2213, loss: 0.5101
2021-05-06 12:46:22,241 - mmdet - INFO - Epoch [24][6700/7330]	lr: 2.000e-04, eta: 0:05:38, time: 0.533, data_time: 0.134, memory: 8633, loss_rpn_cls: 0.0338, loss_rpn_bbox: 0.0488, loss_cls: 0.2189, acc: 92.9243, loss_bbox: 0.2171, loss: 0.5186
2021-05-06 12:46:49,038 - mmdet - INFO - Epoch [24][6750/7330]	lr: 2.000e-04, eta: 0:05:11, time: 0.535, data_time: 0.142, memory: 8633, loss_rpn_cls: 0.0318, loss_rpn_bbox: 0.0487, loss_cls: 0.2094, acc: 93.0923, loss_bbox: 0.2212, loss: 0.5111
2021-05-06 12:47:15,830 - mmdet - INFO - Epoch [24][6800/7330]	lr: 2.000e-04, eta: 0:04:44, time: 0.536, data_time: 0.144, memory: 8633, loss_rpn_cls: 0.0331, loss_rpn_bbox: 0.0490, loss_cls: 0.2134, acc: 93.0042, loss_bbox: 0.2204, loss: 0.5159
2021-05-06 12:47:42,407 - mmdet - INFO - Epoch [24][6850/7330]	lr: 2.000e-04, eta: 0:04:17, time: 0.532, data_time: 0.140, memory: 8633, loss_rpn_cls: 0.0333, loss_rpn_bbox: 0.0500, loss_cls: 0.2149, acc: 92.9744, loss_bbox: 0.2255, loss: 0.5237
2021-05-06 12:48:09,078 - mmdet - INFO - Epoch [24][6900/7330]	lr: 2.000e-04, eta: 0:03:50, time: 0.533, data_time: 0.145, memory: 8633, loss_rpn_cls: 0.0310, loss_rpn_bbox: 0.0491, loss_cls: 0.2067, acc: 93.3149, loss_bbox: 0.2108, loss: 0.4977
2021-05-06 12:48:35,904 - mmdet - INFO - Epoch [24][6950/7330]	lr: 2.000e-04, eta: 0:03:23, time: 0.537, data_time: 0.143, memory: 8633, loss_rpn_cls: 0.0344, loss_rpn_bbox: 0.0518, loss_cls: 0.2282, acc: 92.4885, loss_bbox: 0.2362, loss: 0.5506
2021-05-06 12:49:02,715 - mmdet - INFO - Epoch [24][7000/7330]	lr: 2.000e-04, eta: 0:02:57, time: 0.536, data_time: 0.139, memory: 8633, loss_rpn_cls: 0.0324, loss_rpn_bbox: 0.0516, loss_cls: 0.2165, acc: 92.8594, loss_bbox: 0.2298, loss: 0.5303
2021-05-06 12:49:29,576 - mmdet - INFO - Epoch [24][7050/7330]	lr: 2.000e-04, eta: 0:02:30, time: 0.538, data_time: 0.143, memory: 8633, loss_rpn_cls: 0.0337, loss_rpn_bbox: 0.0518, loss_cls: 0.2245, acc: 92.5952, loss_bbox: 0.2373, loss: 0.5474
2021-05-06 12:49:56,443 - mmdet - INFO - Epoch [24][7100/7330]	lr: 2.000e-04, eta: 0:02:03, time: 0.537, data_time: 0.144, memory: 8633, loss_rpn_cls: 0.0325, loss_rpn_bbox: 0.0504, loss_cls: 0.2202, acc: 92.6929, loss_bbox: 0.2290, loss: 0.5322
2021-05-06 12:50:23,244 - mmdet - INFO - Epoch [24][7150/7330]	lr: 2.000e-04, eta: 0:01:36, time: 0.536, data_time: 0.146, memory: 8633, loss_rpn_cls: 0.0326, loss_rpn_bbox: 0.0489, loss_cls: 0.2124, acc: 92.9026, loss_bbox: 0.2301, loss: 0.5240
2021-05-06 12:50:50,192 - mmdet - INFO - Epoch [24][7200/7330]	lr: 2.000e-04, eta: 0:01:09, time: 0.539, data_time: 0.140, memory: 8633, loss_rpn_cls: 0.0330, loss_rpn_bbox: 0.0522, loss_cls: 0.2176, acc: 92.8337, loss_bbox: 0.2254, loss: 0.5282
2021-05-06 12:51:16,862 - mmdet - INFO - Epoch [24][7250/7330]	lr: 2.000e-04, eta: 0:00:42, time: 0.534, data_time: 0.144, memory: 8633, loss_rpn_cls: 0.0340, loss_rpn_bbox: 0.0547, loss_cls: 0.2199, acc: 92.6875, loss_bbox: 0.2329, loss: 0.5414
2021-05-06 12:51:43,503 - mmdet - INFO - Epoch [24][7300/7330]	lr: 2.000e-04, eta: 0:00:16, time: 0.533, data_time: 0.136, memory: 8633, loss_rpn_cls: 0.0323, loss_rpn_bbox: 0.0500, loss_cls: 0.2116, acc: 93.0249, loss_bbox: 0.2221, loss: 0.5160
2021-05-06 12:51:59,464 - mmdet - INFO - Saving checkpoint at 24 epochs
2021-05-06 12:53:17,426 - mmdet - INFO - Evaluating bbox...
2021-05-06 12:54:15,883 - mmdet - INFO - Exp name: carafed_coco_faster_r50_2x.py
2021-05-06 12:54:15,883 - mmdet - INFO - Epoch(val) [24][7330]	bbox_mAP: 0.3170, bbox_mAP_50: 0.5060, bbox_mAP_75: 0.3390, bbox_mAP_s: 0.1680, bbox_mAP_m: 0.3390, bbox_mAP_l: 0.4220, bbox_mAP_copypaste: 0.317 0.506 0.339 0.168 0.339 0.422
