2021-12-04 12:22:38,487 - mmdet - INFO - Environment info:
------------------------------------------------------------
sys.platform: linux
Python: 3.7.9 (default, Aug 31 2020, 12:42:55) [GCC 7.3.0]
CUDA available: True
GPU 0,1,2,3: GeForce RTX 2080 Ti
CUDA_HOME: /usr/local/cuda
NVCC: Cuda compilation tools, release 10.0, V10.0.130
GCC: gcc (Ubuntu 5.4.0-6ubuntu1~16.04.11) 5.4.0 20160609
PyTorch: 1.6.0
PyTorch compiling details: PyTorch built with:
  - GCC 7.3
  - C++ Version: 201402
  - Intel(R) Math Kernel Library Version 2020.0.2 Product Build 20200624 for Intel(R) 64 architecture applications
  - Intel(R) MKL-DNN v1.5.0 (Git Hash e2ac1fac44c5078ca927cb9b90e1b3066a0b2ed0)
  - OpenMP 201511 (a.k.a. OpenMP 4.5)
  - NNPACK is enabled
  - CPU capability usage: AVX2
  - CUDA Runtime 10.2
  - NVCC architecture flags: -gencode;arch=compute_37,code=sm_37;-gencode;arch=compute_50,code=sm_50;-gencode;arch=compute_60,code=sm_60;-gencode;arch=compute_61,code=sm_61;-gencode;arch=compute_70,code=sm_70;-gencode;arch=compute_75,code=sm_75;-gencode;arch=compute_37,code=compute_37
  - CuDNN 7.6.5
  - Magma 2.5.2
  - Build settings: BLAS=MKL, BUILD_TYPE=Release, CXX_FLAGS= -Wno-deprecated -fvisibility-inlines-hidden -DUSE_PTHREADPOOL -fopenmp -DNDEBUG -DUSE_FBGEMM -DUSE_QNNPACK -DUSE_PYTORCH_QNNPACK -DUSE_XNNPACK -DUSE_VULKAN_WRAPPER -O2 -fPIC -Wno-narrowing -Wall -Wextra -Werror=return-type -Wno-missing-field-initializers -Wno-type-limits -Wno-array-bounds -Wno-unknown-pragmas -Wno-sign-compare -Wno-unused-parameter -Wno-unused-variable -Wno-unused-function -Wno-unused-result -Wno-unused-local-typedefs -Wno-strict-overflow -Wno-strict-aliasing -Wno-error=deprecated-declarations -Wno-stringop-overflow -Wno-error=pedantic -Wno-error=redundant-decls -Wno-error=old-style-cast -fdiagnostics-color=always -faligned-new -Wno-unused-but-set-variable -Wno-maybe-uninitialized -fno-math-errno -fno-trapping-math -Werror=format -Wno-stringop-overflow, PERF_WITH_AVX=1, PERF_WITH_AVX2=1, PERF_WITH_AVX512=1, USE_CUDA=ON, USE_EXCEPTION_PTR=1, USE_GFLAGS=OFF, USE_GLOG=OFF, USE_MKL=ON, USE_MKLDNN=ON, USE_MPI=OFF, USE_NCCL=ON, USE_NNPACK=ON, USE_OPENMP=ON, USE_STATIC_DISPATCH=OFF, 

TorchVision: 0.7.0
OpenCV: 3.4.2
MMCV: 1.3.3
MMCV Compiler: GCC 7.3
MMCV CUDA Compiler: 10.2
MMDetection: 2.12.0+
------------------------------------------------------------

2021-12-04 12:22:38,927 - mmdet - INFO - Distributed training: True
2021-12-04 12:22:39,340 - mmdet - INFO - Config:
model = dict(
    type='FasterRCNN',
    pretrained=None,
    backbone=dict(
        type='ResNet',
        depth=50,
        num_stages=4,
        out_indices=(0, 1, 2, 3),
        frozen_stages=1,
        norm_cfg=dict(type='BN', requires_grad=True),
        norm_eval=True,
        style='pytorch'),
    neck=dict(
        type='FPN',
        in_channels=[256, 512, 1024, 2048],
        out_channels=256,
        num_outs=5),
    rpn_head=dict(
        type='RPNHead',
        in_channels=256,
        feat_channels=256,
        anchor_generator=dict(
            type='AnchorGenerator',
            scales=[8],
            ratios=[0.5, 1.0, 2.0],
            strides=[4, 8, 16, 32, 64]),
        bbox_coder=dict(
            type='DeltaXYWHBBoxCoder',
            target_means=[0.0, 0.0, 0.0, 0.0],
            target_stds=[1.0, 1.0, 1.0, 1.0]),
        loss_cls=dict(
            type='CrossEntropyLoss', use_sigmoid=True, loss_weight=1.0),
        loss_bbox=dict(type='L1Loss', loss_weight=1.0)),
    roi_head=dict(
        type='StandardRoIHead',
        bbox_roi_extractor=dict(
            type='SingleRoIExtractor',
            roi_layer=dict(type='RoIAlign', output_size=7, sampling_ratio=0),
            out_channels=256,
            featmap_strides=[4, 8, 16, 32]),
        bbox_head=dict(
            type='Shared2FCBBoxHead',
            in_channels=256,
            fc_out_channels=1024,
            roi_feat_size=7,
            num_classes=80,
            bbox_coder=dict(
                type='DeltaXYWHBBoxCoder',
                target_means=[0.0, 0.0, 0.0, 0.0],
                target_stds=[0.1, 0.1, 0.2, 0.2]),
            reg_class_agnostic=False,
            loss_cls=dict(
                type='CrossEntropyLoss', use_sigmoid=False, loss_weight=1.0),
            loss_bbox=dict(type='L1Loss', loss_weight=1.0))),
    train_cfg=dict(
        rpn=dict(
            assigner=dict(
                type='MaxIoUAssigner',
                pos_iou_thr=0.7,
                neg_iou_thr=0.3,
                min_pos_iou=0.3,
                match_low_quality=True,
                ignore_iof_thr=-1),
            sampler=dict(
                type='RandomSampler',
                num=256,
                pos_fraction=0.5,
                neg_pos_ub=-1,
                add_gt_as_proposals=False),
            allowed_border=-1,
            pos_weight=-1,
            debug=False),
        rpn_proposal=dict(
            nms_pre=2000,
            max_per_img=1000,
            nms=dict(type='nms', iou_threshold=0.7),
            min_bbox_size=0),
        rcnn=dict(
            assigner=dict(
                type='MaxIoUAssigner',
                pos_iou_thr=0.5,
                neg_iou_thr=0.5,
                min_pos_iou=0.5,
                match_low_quality=False,
                ignore_iof_thr=-1),
            sampler=dict(
                type='RandomSampler',
                num=512,
                pos_fraction=0.25,
                neg_pos_ub=-1,
                add_gt_as_proposals=True),
            pos_weight=-1,
            debug=False)),
    test_cfg=dict(
        rpn=dict(
            nms_pre=1000,
            max_per_img=1000,
            nms=dict(type='nms', iou_threshold=0.7),
            min_bbox_size=0),
        rcnn=dict(
            score_thr=0.05,
            nms=dict(type='nms', iou_threshold=0.5),
            max_per_img=100)))
dataset_type = 'CocoDataset'
data_root = '../data/coco/'
annotations_root = '../data/coco/annotations/'
image_root = '../data/coco/'
img_scale = (1333, 800)
img_norm_cfg = dict(
    mean=[123.675, 116.28, 103.53], std=[58.395, 57.12, 57.375], to_rgb=True)
train_pipeline = [
    dict(type='LoadImageFromFile'),
    dict(type='LoadAnnotations', with_bbox=True),
    dict(type='Resize', img_scale=(1333, 800), keep_ratio=True),
    dict(type='RandomFlip', flip_ratio=0.5),
    dict(
        type='Normalize',
        mean=[123.675, 116.28, 103.53],
        std=[58.395, 57.12, 57.375],
        to_rgb=True),
    dict(type='Pad', size_divisor=32),
    dict(type='DefaultFormatBundle'),
    dict(type='Collect', keys=['img', 'gt_bboxes', 'gt_labels'])
]
test_pipeline = [
    dict(type='LoadImageFromFile'),
    dict(
        type='MultiScaleFlipAug',
        img_scale=(1333, 800),
        flip=False,
        transforms=[
            dict(type='Resize', keep_ratio=True),
            dict(type='RandomFlip'),
            dict(
                type='Normalize',
                mean=[123.675, 116.28, 103.53],
                std=[58.395, 57.12, 57.375],
                to_rgb=True),
            dict(type='Pad', size_divisor=32),
            dict(type='ImageToTensor', keys=['img']),
            dict(type='Collect', keys=['img'])
        ])
]
data = dict(
    samples_per_gpu=2,
    workers_per_gpu=0,
    train=dict(
        type='CocoDataset',
        ann_file='../data/coco/annotations/instances_train2017.json',
        img_prefix='../data/coco/train2017',
        pipeline=[
            dict(type='LoadImageFromFile'),
            dict(type='LoadAnnotations', with_bbox=True),
            dict(type='Resize', img_scale=(1333, 800), keep_ratio=True),
            dict(type='RandomFlip', flip_ratio=0.5),
            dict(
                type='Normalize',
                mean=[123.675, 116.28, 103.53],
                std=[58.395, 57.12, 57.375],
                to_rgb=True),
            dict(type='Pad', size_divisor=32),
            dict(type='DefaultFormatBundle'),
            dict(type='Collect', keys=['img', 'gt_bboxes', 'gt_labels'])
        ]),
    val=dict(
        type='CocoDataset',
        ann_file='../data/coco/annotations/instances_val2017.json',
        img_prefix='../data/coco/val2017',
        pipeline=[
            dict(type='LoadImageFromFile'),
            dict(
                type='MultiScaleFlipAug',
                img_scale=(1333, 800),
                flip=False,
                transforms=[
                    dict(type='Resize', keep_ratio=True),
                    dict(type='RandomFlip'),
                    dict(
                        type='Normalize',
                        mean=[123.675, 116.28, 103.53],
                        std=[58.395, 57.12, 57.375],
                        to_rgb=True),
                    dict(type='Pad', size_divisor=32),
                    dict(type='ImageToTensor', keys=['img']),
                    dict(type='Collect', keys=['img'])
                ])
        ]),
    test=dict(
        type='CocoDataset',
        ann_file='../data/coco/annotations/instances_val2017.json',
        img_prefix='../data/coco/test2017/',
        pipeline=[
            dict(type='LoadImageFromFile'),
            dict(
                type='MultiScaleFlipAug',
                img_scale=(1333, 800),
                flip=False,
                transforms=[
                    dict(type='Resize', keep_ratio=True),
                    dict(type='RandomFlip'),
                    dict(
                        type='Normalize',
                        mean=[123.675, 116.28, 103.53],
                        std=[58.395, 57.12, 57.375],
                        to_rgb=True),
                    dict(type='Pad', size_divisor=32),
                    dict(type='ImageToTensor', keys=['img']),
                    dict(type='Collect', keys=['img'])
                ])
        ]))
evaluation = dict(interval=1, metric='bbox')
optimizer = dict(type='SGD', lr=0.02, momentum=0.9, weight_decay=0.0001)
optimizer_config = dict(grad_clip=None)
lr_config = dict(
    policy='step',
    warmup='linear',
    warmup_iters=500,
    warmup_ratio=0.001,
    step=[8, 11])
runner = dict(type='EpochBasedRunner', max_epochs=12)
checkpoint_config = dict(interval=1)
log_config = dict(interval=50, hooks=[dict(type='TextLoggerHook')])
custom_hooks = [dict(type='NumClassCheckHook')]
dist_params = dict(backend='nccl')
log_level = 'INFO'
load_from = None
resume_from = 'work_dirs/faster_rcnn_r50_fpn_1x_coco_none/epoch_11.pth'
workflow = [('train', 1)]
work_dir = './work_dirs/faster_rcnn_r50_fpn_1x_coco_none'
gpu_ids = range(0, 4)

2021-12-04 12:23:05,553 - mmdet - INFO - load checkpoint from work_dirs/faster_rcnn_r50_fpn_1x_coco_none/epoch_11.pth
2021-12-04 12:23:05,554 - mmdet - INFO - Use load_from_local loader
2021-12-04 12:23:05,901 - mmdet - INFO - resumed epoch 11, iter 161249
2021-12-04 12:23:05,902 - mmdet - INFO - Start running, host: root@0981e3d7df7c, work_dir: /root/userfolder/mmdetection/work_dirs/faster_rcnn_r50_fpn_1x_coco_none
2021-12-04 12:23:05,902 - mmdet - INFO - workflow: [('train', 1)], max: 12 epochs
2021-12-04 12:23:29,210 - mmdet - INFO - Epoch [12][50/14659]	lr: 2.000e-04, eta: 1:53:07, time: 0.465, data_time: 0.159, memory: 3950, loss_rpn_cls: 0.1025, loss_rpn_bbox: 0.0722, loss_cls: 0.2916, acc: 93.2354, loss_bbox: 0.2011, loss: 0.6674
2021-12-04 12:23:48,648 - mmdet - INFO - Epoch [12][100/14659]	lr: 2.000e-04, eta: 1:43:30, time: 0.389, data_time: 0.100, memory: 3950, loss_rpn_cls: 0.1031, loss_rpn_bbox: 0.0731, loss_cls: 0.2906, acc: 93.0928, loss_bbox: 0.2084, loss: 0.6752
2021-12-04 12:24:08,361 - mmdet - INFO - Epoch [12][150/14659]	lr: 2.000e-04, eta: 1:40:33, time: 0.394, data_time: 0.109, memory: 3950, loss_rpn_cls: 0.0950, loss_rpn_bbox: 0.0762, loss_cls: 0.2990, acc: 92.8569, loss_bbox: 0.2149, loss: 0.6851
2021-12-04 12:24:28,455 - mmdet - INFO - Epoch [12][200/14659]	lr: 2.000e-04, eta: 1:39:22, time: 0.402, data_time: 0.119, memory: 3950, loss_rpn_cls: 0.1010, loss_rpn_bbox: 0.0772, loss_cls: 0.2934, acc: 92.9692, loss_bbox: 0.2104, loss: 0.6820
2021-12-04 12:24:48,671 - mmdet - INFO - Epoch [12][250/14659]	lr: 2.000e-04, eta: 1:38:38, time: 0.404, data_time: 0.122, memory: 3950, loss_rpn_cls: 0.1077, loss_rpn_bbox: 0.0764, loss_cls: 0.2791, acc: 93.1636, loss_bbox: 0.2049, loss: 0.6681
2021-12-04 12:25:08,941 - mmdet - INFO - Epoch [12][300/14659]	lr: 2.000e-04, eta: 1:38:04, time: 0.405, data_time: 0.118, memory: 3950, loss_rpn_cls: 0.1007, loss_rpn_bbox: 0.0681, loss_cls: 0.2687, acc: 93.8506, loss_bbox: 0.1849, loss: 0.6224
2021-12-04 12:25:29,050 - mmdet - INFO - Epoch [12][350/14659]	lr: 2.000e-04, eta: 1:37:28, time: 0.403, data_time: 0.115, memory: 3950, loss_rpn_cls: 0.1075, loss_rpn_bbox: 0.0805, loss_cls: 0.3018, acc: 92.6704, loss_bbox: 0.2209, loss: 0.7107
2021-12-04 12:25:48,841 - mmdet - INFO - Epoch [12][400/14659]	lr: 2.000e-04, eta: 1:36:44, time: 0.396, data_time: 0.113, memory: 3950, loss_rpn_cls: 0.1017, loss_rpn_bbox: 0.0761, loss_cls: 0.2841, acc: 93.4912, loss_bbox: 0.1979, loss: 0.6598
2021-12-04 12:26:09,098 - mmdet - INFO - Epoch [12][450/14659]	lr: 2.000e-04, eta: 1:36:21, time: 0.405, data_time: 0.123, memory: 3950, loss_rpn_cls: 0.0965, loss_rpn_bbox: 0.0686, loss_cls: 0.2831, acc: 93.4541, loss_bbox: 0.1957, loss: 0.6439
2021-12-04 12:26:29,478 - mmdet - INFO - Epoch [12][500/14659]	lr: 2.000e-04, eta: 1:36:02, time: 0.408, data_time: 0.127, memory: 3950, loss_rpn_cls: 0.1093, loss_rpn_bbox: 0.0749, loss_cls: 0.2868, acc: 93.3032, loss_bbox: 0.2000, loss: 0.6710
2021-12-04 12:26:49,748 - mmdet - INFO - Epoch [12][550/14659]	lr: 2.000e-04, eta: 1:35:39, time: 0.405, data_time: 0.122, memory: 3950, loss_rpn_cls: 0.0994, loss_rpn_bbox: 0.0734, loss_cls: 0.2771, acc: 93.5146, loss_bbox: 0.1957, loss: 0.6456
2021-12-04 12:27:10,041 - mmdet - INFO - Epoch [12][600/14659]	lr: 2.000e-04, eta: 1:35:18, time: 0.406, data_time: 0.123, memory: 3950, loss_rpn_cls: 0.1064, loss_rpn_bbox: 0.0784, loss_cls: 0.3054, acc: 92.8989, loss_bbox: 0.2131, loss: 0.7033
2021-12-04 12:27:30,366 - mmdet - INFO - Epoch [12][650/14659]	lr: 2.000e-04, eta: 1:34:57, time: 0.406, data_time: 0.121, memory: 3950, loss_rpn_cls: 0.1090, loss_rpn_bbox: 0.0808, loss_cls: 0.2867, acc: 93.3613, loss_bbox: 0.1951, loss: 0.6717
2021-12-04 12:27:50,481 - mmdet - INFO - Epoch [12][700/14659]	lr: 2.000e-04, eta: 1:34:33, time: 0.402, data_time: 0.117, memory: 3950, loss_rpn_cls: 0.1036, loss_rpn_bbox: 0.0758, loss_cls: 0.2835, acc: 93.3667, loss_bbox: 0.1975, loss: 0.6604
2021-12-04 12:28:10,572 - mmdet - INFO - Epoch [12][750/14659]	lr: 2.000e-04, eta: 1:34:08, time: 0.402, data_time: 0.119, memory: 3950, loss_rpn_cls: 0.1026, loss_rpn_bbox: 0.0741, loss_cls: 0.2954, acc: 92.9146, loss_bbox: 0.2077, loss: 0.6798
2021-12-04 12:28:30,715 - mmdet - INFO - Epoch [12][800/14659]	lr: 2.000e-04, eta: 1:33:45, time: 0.403, data_time: 0.114, memory: 3950, loss_rpn_cls: 0.1077, loss_rpn_bbox: 0.0746, loss_cls: 0.2933, acc: 93.0879, loss_bbox: 0.2085, loss: 0.6841
2021-12-04 12:28:50,980 - mmdet - INFO - Epoch [12][850/14659]	lr: 2.000e-04, eta: 1:33:24, time: 0.405, data_time: 0.122, memory: 3950, loss_rpn_cls: 0.1117, loss_rpn_bbox: 0.0802, loss_cls: 0.3141, acc: 92.7495, loss_bbox: 0.2149, loss: 0.7208
2021-12-04 12:29:10,985 - mmdet - INFO - Epoch [12][900/14659]	lr: 2.000e-04, eta: 1:32:59, time: 0.400, data_time: 0.115, memory: 3950, loss_rpn_cls: 0.1042, loss_rpn_bbox: 0.0729, loss_cls: 0.2899, acc: 93.0322, loss_bbox: 0.2094, loss: 0.6764
2021-12-04 12:29:31,112 - mmdet - INFO - Epoch [12][950/14659]	lr: 2.000e-04, eta: 1:32:37, time: 0.402, data_time: 0.117, memory: 3950, loss_rpn_cls: 0.1153, loss_rpn_bbox: 0.0772, loss_cls: 0.3062, acc: 92.8813, loss_bbox: 0.2140, loss: 0.7126
2021-12-04 12:29:51,317 - mmdet - INFO - Epoch [12][1000/14659]	lr: 2.000e-04, eta: 1:32:16, time: 0.404, data_time: 0.123, memory: 3950, loss_rpn_cls: 0.0968, loss_rpn_bbox: 0.0740, loss_cls: 0.2780, acc: 93.3647, loss_bbox: 0.1989, loss: 0.6477
2021-12-04 12:30:11,591 - mmdet - INFO - Epoch [12][1050/14659]	lr: 2.000e-04, eta: 1:31:56, time: 0.405, data_time: 0.124, memory: 3950, loss_rpn_cls: 0.1002, loss_rpn_bbox: 0.0741, loss_cls: 0.2886, acc: 93.3252, loss_bbox: 0.2003, loss: 0.6632
2021-12-04 12:30:31,541 - mmdet - INFO - Epoch [12][1100/14659]	lr: 2.000e-04, eta: 1:31:31, time: 0.399, data_time: 0.115, memory: 3950, loss_rpn_cls: 0.1089, loss_rpn_bbox: 0.0770, loss_cls: 0.2946, acc: 92.9766, loss_bbox: 0.2128, loss: 0.6933
2021-12-04 12:30:51,697 - mmdet - INFO - Epoch [12][1150/14659]	lr: 2.000e-04, eta: 1:31:10, time: 0.403, data_time: 0.123, memory: 3950, loss_rpn_cls: 0.0984, loss_rpn_bbox: 0.0724, loss_cls: 0.2867, acc: 93.2192, loss_bbox: 0.2044, loss: 0.6619
2021-12-04 12:31:11,696 - mmdet - INFO - Epoch [12][1200/14659]	lr: 2.000e-04, eta: 1:30:47, time: 0.400, data_time: 0.110, memory: 3950, loss_rpn_cls: 0.1114, loss_rpn_bbox: 0.0747, loss_cls: 0.2924, acc: 93.1753, loss_bbox: 0.2042, loss: 0.6828
2021-12-04 12:31:31,958 - mmdet - INFO - Epoch [12][1250/14659]	lr: 2.000e-04, eta: 1:30:27, time: 0.405, data_time: 0.120, memory: 3950, loss_rpn_cls: 0.1033, loss_rpn_bbox: 0.0746, loss_cls: 0.2779, acc: 93.2827, loss_bbox: 0.2025, loss: 0.6583
2021-12-04 12:31:52,423 - mmdet - INFO - Epoch [12][1300/14659]	lr: 2.000e-04, eta: 1:30:09, time: 0.409, data_time: 0.123, memory: 3950, loss_rpn_cls: 0.1033, loss_rpn_bbox: 0.0719, loss_cls: 0.2801, acc: 93.3735, loss_bbox: 0.2007, loss: 0.6561
2021-12-04 12:32:12,348 - mmdet - INFO - Epoch [12][1350/14659]	lr: 2.000e-04, eta: 1:29:46, time: 0.399, data_time: 0.113, memory: 3950, loss_rpn_cls: 0.1031, loss_rpn_bbox: 0.0772, loss_cls: 0.2960, acc: 93.0610, loss_bbox: 0.2114, loss: 0.6877
2021-12-04 12:32:32,702 - mmdet - INFO - Epoch [12][1400/14659]	lr: 2.000e-04, eta: 1:29:27, time: 0.407, data_time: 0.119, memory: 3950, loss_rpn_cls: 0.1065, loss_rpn_bbox: 0.0782, loss_cls: 0.2814, acc: 93.3164, loss_bbox: 0.2025, loss: 0.6686
2021-12-04 12:32:52,967 - mmdet - INFO - Epoch [12][1450/14659]	lr: 2.000e-04, eta: 1:29:06, time: 0.405, data_time: 0.120, memory: 3950, loss_rpn_cls: 0.1095, loss_rpn_bbox: 0.0795, loss_cls: 0.2748, acc: 93.3730, loss_bbox: 0.1945, loss: 0.6582
2021-12-04 12:33:13,257 - mmdet - INFO - Epoch [12][1500/14659]	lr: 2.000e-04, eta: 1:28:47, time: 0.406, data_time: 0.123, memory: 3950, loss_rpn_cls: 0.1000, loss_rpn_bbox: 0.0761, loss_cls: 0.2922, acc: 93.1118, loss_bbox: 0.2079, loss: 0.6762
2021-12-04 12:33:33,471 - mmdet - INFO - Epoch [12][1550/14659]	lr: 2.000e-04, eta: 1:28:26, time: 0.405, data_time: 0.118, memory: 3950, loss_rpn_cls: 0.1050, loss_rpn_bbox: 0.0780, loss_cls: 0.2939, acc: 92.9526, loss_bbox: 0.2143, loss: 0.6912
2021-12-04 12:33:53,864 - mmdet - INFO - Epoch [12][1600/14659]	lr: 2.000e-04, eta: 1:28:07, time: 0.408, data_time: 0.119, memory: 3950, loss_rpn_cls: 0.1095, loss_rpn_bbox: 0.0760, loss_cls: 0.2836, acc: 93.2388, loss_bbox: 0.2014, loss: 0.6705
2021-12-04 12:34:13,970 - mmdet - INFO - Epoch [12][1650/14659]	lr: 2.000e-04, eta: 1:27:46, time: 0.402, data_time: 0.118, memory: 3950, loss_rpn_cls: 0.1064, loss_rpn_bbox: 0.0776, loss_cls: 0.2912, acc: 93.0122, loss_bbox: 0.2113, loss: 0.6866
2021-12-04 12:34:34,187 - mmdet - INFO - Epoch [12][1700/14659]	lr: 2.000e-04, eta: 1:27:25, time: 0.404, data_time: 0.117, memory: 3950, loss_rpn_cls: 0.1114, loss_rpn_bbox: 0.0730, loss_cls: 0.2747, acc: 93.4829, loss_bbox: 0.1934, loss: 0.6525
2021-12-04 12:34:54,390 - mmdet - INFO - Epoch [12][1750/14659]	lr: 2.000e-04, eta: 1:27:05, time: 0.404, data_time: 0.114, memory: 3950, loss_rpn_cls: 0.1048, loss_rpn_bbox: 0.0793, loss_cls: 0.2959, acc: 93.0532, loss_bbox: 0.2090, loss: 0.6889
2021-12-04 12:35:14,777 - mmdet - INFO - Epoch [12][1800/14659]	lr: 2.000e-04, eta: 1:26:46, time: 0.407, data_time: 0.122, memory: 3950, loss_rpn_cls: 0.1137, loss_rpn_bbox: 0.0825, loss_cls: 0.2985, acc: 92.8804, loss_bbox: 0.2116, loss: 0.7063
2021-12-04 12:35:34,816 - mmdet - INFO - Epoch [12][1850/14659]	lr: 2.000e-04, eta: 1:26:24, time: 0.401, data_time: 0.116, memory: 3950, loss_rpn_cls: 0.1095, loss_rpn_bbox: 0.0779, loss_cls: 0.3003, acc: 92.7812, loss_bbox: 0.2141, loss: 0.7018
2021-12-04 12:35:55,163 - mmdet - INFO - Epoch [12][1900/14659]	lr: 2.000e-04, eta: 1:26:05, time: 0.407, data_time: 0.122, memory: 3950, loss_rpn_cls: 0.1051, loss_rpn_bbox: 0.0755, loss_cls: 0.2840, acc: 93.2046, loss_bbox: 0.2015, loss: 0.6662
2021-12-04 12:36:15,607 - mmdet - INFO - Epoch [12][1950/14659]	lr: 2.000e-04, eta: 1:25:46, time: 0.409, data_time: 0.124, memory: 3950, loss_rpn_cls: 0.1045, loss_rpn_bbox: 0.0734, loss_cls: 0.2780, acc: 93.2305, loss_bbox: 0.1996, loss: 0.6555
2021-12-04 12:36:35,786 - mmdet - INFO - Epoch [12][2000/14659]	lr: 2.000e-04, eta: 1:25:25, time: 0.403, data_time: 0.120, memory: 3950, loss_rpn_cls: 0.1008, loss_rpn_bbox: 0.0762, loss_cls: 0.2778, acc: 93.3691, loss_bbox: 0.1975, loss: 0.6523
2021-12-04 12:36:56,138 - mmdet - INFO - Epoch [12][2050/14659]	lr: 2.000e-04, eta: 1:25:05, time: 0.407, data_time: 0.121, memory: 3950, loss_rpn_cls: 0.1036, loss_rpn_bbox: 0.0777, loss_cls: 0.2968, acc: 93.0190, loss_bbox: 0.2100, loss: 0.6880
2021-12-04 12:37:16,295 - mmdet - INFO - Epoch [12][2100/14659]	lr: 2.000e-04, eta: 1:24:45, time: 0.403, data_time: 0.117, memory: 3950, loss_rpn_cls: 0.1104, loss_rpn_bbox: 0.0805, loss_cls: 0.3043, acc: 92.6929, loss_bbox: 0.2205, loss: 0.7157
2021-12-04 12:37:36,521 - mmdet - INFO - Epoch [12][2150/14659]	lr: 2.000e-04, eta: 1:24:24, time: 0.404, data_time: 0.119, memory: 3950, loss_rpn_cls: 0.1097, loss_rpn_bbox: 0.0832, loss_cls: 0.2939, acc: 92.9731, loss_bbox: 0.2085, loss: 0.6953
2021-12-04 12:37:56,591 - mmdet - INFO - Epoch [12][2200/14659]	lr: 2.000e-04, eta: 1:24:03, time: 0.401, data_time: 0.116, memory: 3950, loss_rpn_cls: 0.0986, loss_rpn_bbox: 0.0751, loss_cls: 0.2895, acc: 93.2520, loss_bbox: 0.2011, loss: 0.6644
2021-12-04 12:38:16,729 - mmdet - INFO - Epoch [12][2250/14659]	lr: 2.000e-04, eta: 1:23:42, time: 0.403, data_time: 0.118, memory: 3950, loss_rpn_cls: 0.1086, loss_rpn_bbox: 0.0791, loss_cls: 0.2937, acc: 93.0005, loss_bbox: 0.2089, loss: 0.6902
2021-12-04 12:38:36,804 - mmdet - INFO - Epoch [12][2300/14659]	lr: 2.000e-04, eta: 1:23:21, time: 0.402, data_time: 0.113, memory: 3950, loss_rpn_cls: 0.1041, loss_rpn_bbox: 0.0789, loss_cls: 0.3054, acc: 92.7910, loss_bbox: 0.2108, loss: 0.6992
2021-12-04 12:38:57,094 - mmdet - INFO - Epoch [12][2350/14659]	lr: 2.000e-04, eta: 1:23:01, time: 0.406, data_time: 0.117, memory: 3950, loss_rpn_cls: 0.1102, loss_rpn_bbox: 0.0791, loss_cls: 0.3031, acc: 92.8218, loss_bbox: 0.2140, loss: 0.7065
2021-12-04 12:39:17,287 - mmdet - INFO - Epoch [12][2400/14659]	lr: 2.000e-04, eta: 1:22:41, time: 0.404, data_time: 0.117, memory: 3950, loss_rpn_cls: 0.1009, loss_rpn_bbox: 0.0757, loss_cls: 0.2813, acc: 93.4585, loss_bbox: 0.1965, loss: 0.6544
2021-12-04 12:39:37,271 - mmdet - INFO - Epoch [12][2450/14659]	lr: 2.000e-04, eta: 1:22:19, time: 0.400, data_time: 0.120, memory: 3950, loss_rpn_cls: 0.1062, loss_rpn_bbox: 0.0782, loss_cls: 0.2911, acc: 93.0020, loss_bbox: 0.2105, loss: 0.6860
2021-12-04 12:39:57,020 - mmdet - INFO - Epoch [12][2500/14659]	lr: 2.000e-04, eta: 1:21:57, time: 0.395, data_time: 0.106, memory: 3950, loss_rpn_cls: 0.1013, loss_rpn_bbox: 0.0709, loss_cls: 0.2726, acc: 93.5107, loss_bbox: 0.1944, loss: 0.6393
2021-12-04 12:40:16,769 - mmdet - INFO - Epoch [12][2550/14659]	lr: 2.000e-04, eta: 1:21:34, time: 0.395, data_time: 0.112, memory: 3950, loss_rpn_cls: 0.1130, loss_rpn_bbox: 0.0792, loss_cls: 0.3102, acc: 92.6768, loss_bbox: 0.2167, loss: 0.7191
2021-12-04 12:40:36,890 - mmdet - INFO - Epoch [12][2600/14659]	lr: 2.000e-04, eta: 1:21:14, time: 0.402, data_time: 0.120, memory: 3950, loss_rpn_cls: 0.1102, loss_rpn_bbox: 0.0738, loss_cls: 0.2777, acc: 93.2163, loss_bbox: 0.2036, loss: 0.6652
2021-12-04 12:40:57,278 - mmdet - INFO - Epoch [12][2650/14659]	lr: 2.000e-04, eta: 1:20:54, time: 0.408, data_time: 0.122, memory: 3950, loss_rpn_cls: 0.1162, loss_rpn_bbox: 0.0811, loss_cls: 0.3006, acc: 92.7778, loss_bbox: 0.2221, loss: 0.7200
2021-12-04 12:41:17,427 - mmdet - INFO - Epoch [12][2700/14659]	lr: 2.000e-04, eta: 1:20:34, time: 0.403, data_time: 0.112, memory: 3950, loss_rpn_cls: 0.0994, loss_rpn_bbox: 0.0725, loss_cls: 0.2811, acc: 93.5786, loss_bbox: 0.1928, loss: 0.6458
2021-12-04 12:41:37,983 - mmdet - INFO - Epoch [12][2750/14659]	lr: 2.000e-04, eta: 1:20:15, time: 0.411, data_time: 0.126, memory: 3950, loss_rpn_cls: 0.1030, loss_rpn_bbox: 0.0738, loss_cls: 0.2820, acc: 93.4624, loss_bbox: 0.1985, loss: 0.6573
2021-12-04 12:41:58,080 - mmdet - INFO - Epoch [12][2800/14659]	lr: 2.000e-04, eta: 1:19:54, time: 0.402, data_time: 0.116, memory: 3950, loss_rpn_cls: 0.0975, loss_rpn_bbox: 0.0716, loss_cls: 0.2806, acc: 93.4146, loss_bbox: 0.1945, loss: 0.6442
2021-12-04 12:42:18,346 - mmdet - INFO - Epoch [12][2850/14659]	lr: 2.000e-04, eta: 1:19:34, time: 0.406, data_time: 0.120, memory: 3950, loss_rpn_cls: 0.1009, loss_rpn_bbox: 0.0739, loss_cls: 0.2983, acc: 92.7852, loss_bbox: 0.2147, loss: 0.6878
2021-12-04 12:42:38,814 - mmdet - INFO - Epoch [12][2900/14659]	lr: 2.000e-04, eta: 1:19:15, time: 0.409, data_time: 0.122, memory: 3950, loss_rpn_cls: 0.1051, loss_rpn_bbox: 0.0815, loss_cls: 0.2817, acc: 93.4082, loss_bbox: 0.1977, loss: 0.6660
2021-12-04 12:42:59,034 - mmdet - INFO - Epoch [12][2950/14659]	lr: 2.000e-04, eta: 1:18:55, time: 0.404, data_time: 0.122, memory: 3950, loss_rpn_cls: 0.1033, loss_rpn_bbox: 0.0748, loss_cls: 0.2846, acc: 93.3901, loss_bbox: 0.1974, loss: 0.6602
2021-12-04 12:43:19,130 - mmdet - INFO - Epoch [12][3000/14659]	lr: 2.000e-04, eta: 1:18:34, time: 0.402, data_time: 0.109, memory: 3950, loss_rpn_cls: 0.0997, loss_rpn_bbox: 0.0713, loss_cls: 0.2748, acc: 93.4360, loss_bbox: 0.1973, loss: 0.6430
2021-12-04 12:43:39,701 - mmdet - INFO - Epoch [12][3050/14659]	lr: 2.000e-04, eta: 1:18:15, time: 0.411, data_time: 0.120, memory: 3950, loss_rpn_cls: 0.1049, loss_rpn_bbox: 0.0768, loss_cls: 0.2801, acc: 93.3008, loss_bbox: 0.1997, loss: 0.6615
2021-12-04 12:43:59,635 - mmdet - INFO - Epoch [12][3100/14659]	lr: 2.000e-04, eta: 1:17:54, time: 0.399, data_time: 0.116, memory: 3950, loss_rpn_cls: 0.0996, loss_rpn_bbox: 0.0683, loss_cls: 0.2781, acc: 93.3853, loss_bbox: 0.2025, loss: 0.6485
2021-12-04 12:44:19,485 - mmdet - INFO - Epoch [12][3150/14659]	lr: 2.000e-04, eta: 1:17:32, time: 0.397, data_time: 0.114, memory: 3950, loss_rpn_cls: 0.0975, loss_rpn_bbox: 0.0781, loss_cls: 0.2762, acc: 93.4038, loss_bbox: 0.1994, loss: 0.6512
2021-12-04 12:44:39,470 - mmdet - INFO - Epoch [12][3200/14659]	lr: 2.000e-04, eta: 1:17:11, time: 0.400, data_time: 0.111, memory: 3950, loss_rpn_cls: 0.0991, loss_rpn_bbox: 0.0751, loss_cls: 0.2738, acc: 93.5381, loss_bbox: 0.1950, loss: 0.6431
2021-12-04 12:44:59,544 - mmdet - INFO - Epoch [12][3250/14659]	lr: 2.000e-04, eta: 1:16:51, time: 0.401, data_time: 0.117, memory: 3950, loss_rpn_cls: 0.1050, loss_rpn_bbox: 0.0781, loss_cls: 0.3037, acc: 93.0513, loss_bbox: 0.2069, loss: 0.6937
2021-12-04 12:45:19,592 - mmdet - INFO - Epoch [12][3300/14659]	lr: 2.000e-04, eta: 1:16:30, time: 0.401, data_time: 0.122, memory: 3950, loss_rpn_cls: 0.1184, loss_rpn_bbox: 0.0810, loss_cls: 0.3060, acc: 92.8354, loss_bbox: 0.2163, loss: 0.7217
2021-12-04 12:45:39,590 - mmdet - INFO - Epoch [12][3350/14659]	lr: 2.000e-04, eta: 1:16:09, time: 0.400, data_time: 0.117, memory: 3950, loss_rpn_cls: 0.1152, loss_rpn_bbox: 0.0866, loss_cls: 0.3025, acc: 92.7007, loss_bbox: 0.2212, loss: 0.7255
2021-12-04 12:45:59,782 - mmdet - INFO - Epoch [12][3400/14659]	lr: 2.000e-04, eta: 1:15:49, time: 0.404, data_time: 0.122, memory: 3950, loss_rpn_cls: 0.1012, loss_rpn_bbox: 0.0702, loss_cls: 0.2970, acc: 92.9844, loss_bbox: 0.2128, loss: 0.6812
2021-12-04 12:46:19,940 - mmdet - INFO - Epoch [12][3450/14659]	lr: 2.000e-04, eta: 1:15:28, time: 0.403, data_time: 0.120, memory: 3950, loss_rpn_cls: 0.1040, loss_rpn_bbox: 0.0760, loss_cls: 0.2805, acc: 93.4014, loss_bbox: 0.1948, loss: 0.6552
2021-12-04 12:46:40,292 - mmdet - INFO - Epoch [12][3500/14659]	lr: 2.000e-04, eta: 1:15:09, time: 0.407, data_time: 0.123, memory: 3950, loss_rpn_cls: 0.1083, loss_rpn_bbox: 0.0808, loss_cls: 0.2928, acc: 93.0264, loss_bbox: 0.2096, loss: 0.6914
2021-12-04 12:47:00,431 - mmdet - INFO - Epoch [12][3550/14659]	lr: 2.000e-04, eta: 1:14:48, time: 0.403, data_time: 0.119, memory: 3950, loss_rpn_cls: 0.1054, loss_rpn_bbox: 0.0780, loss_cls: 0.2920, acc: 93.0640, loss_bbox: 0.2088, loss: 0.6843
2021-12-04 12:47:20,611 - mmdet - INFO - Epoch [12][3600/14659]	lr: 2.000e-04, eta: 1:14:28, time: 0.404, data_time: 0.117, memory: 3950, loss_rpn_cls: 0.0998, loss_rpn_bbox: 0.0717, loss_cls: 0.2820, acc: 93.3013, loss_bbox: 0.2045, loss: 0.6580
2021-12-04 12:47:40,423 - mmdet - INFO - Epoch [12][3650/14659]	lr: 2.000e-04, eta: 1:14:06, time: 0.396, data_time: 0.116, memory: 3950, loss_rpn_cls: 0.1005, loss_rpn_bbox: 0.0760, loss_cls: 0.2897, acc: 93.3042, loss_bbox: 0.1986, loss: 0.6648
2021-12-04 12:48:00,383 - mmdet - INFO - Epoch [12][3700/14659]	lr: 2.000e-04, eta: 1:13:46, time: 0.399, data_time: 0.117, memory: 3950, loss_rpn_cls: 0.1097, loss_rpn_bbox: 0.0822, loss_cls: 0.2862, acc: 93.1338, loss_bbox: 0.2043, loss: 0.6825
2021-12-04 12:48:20,640 - mmdet - INFO - Epoch [12][3750/14659]	lr: 2.000e-04, eta: 1:13:26, time: 0.405, data_time: 0.121, memory: 3950, loss_rpn_cls: 0.0963, loss_rpn_bbox: 0.0709, loss_cls: 0.2897, acc: 93.3037, loss_bbox: 0.2002, loss: 0.6570
2021-12-04 12:48:41,011 - mmdet - INFO - Epoch [12][3800/14659]	lr: 2.000e-04, eta: 1:13:06, time: 0.407, data_time: 0.122, memory: 3950, loss_rpn_cls: 0.1068, loss_rpn_bbox: 0.0765, loss_cls: 0.2829, acc: 93.3599, loss_bbox: 0.2015, loss: 0.6677
2021-12-04 12:49:01,290 - mmdet - INFO - Epoch [12][3850/14659]	lr: 2.000e-04, eta: 1:12:46, time: 0.406, data_time: 0.118, memory: 3950, loss_rpn_cls: 0.0992, loss_rpn_bbox: 0.0716, loss_cls: 0.2826, acc: 93.4150, loss_bbox: 0.1996, loss: 0.6530
2021-12-04 12:49:21,425 - mmdet - INFO - Epoch [12][3900/14659]	lr: 2.000e-04, eta: 1:12:26, time: 0.403, data_time: 0.117, memory: 3950, loss_rpn_cls: 0.0960, loss_rpn_bbox: 0.0743, loss_cls: 0.2747, acc: 93.4971, loss_bbox: 0.1986, loss: 0.6435
2021-12-04 12:49:41,559 - mmdet - INFO - Epoch [12][3950/14659]	lr: 2.000e-04, eta: 1:12:05, time: 0.402, data_time: 0.114, memory: 3950, loss_rpn_cls: 0.1026, loss_rpn_bbox: 0.0775, loss_cls: 0.2798, acc: 93.3525, loss_bbox: 0.2020, loss: 0.6620
2021-12-04 12:50:01,507 - mmdet - INFO - Epoch [12][4000/14659]	lr: 2.000e-04, eta: 1:11:44, time: 0.399, data_time: 0.114, memory: 3950, loss_rpn_cls: 0.1086, loss_rpn_bbox: 0.0714, loss_cls: 0.2799, acc: 93.3818, loss_bbox: 0.1976, loss: 0.6576
2021-12-04 12:50:21,669 - mmdet - INFO - Epoch [12][4050/14659]	lr: 2.000e-04, eta: 1:11:24, time: 0.403, data_time: 0.116, memory: 3950, loss_rpn_cls: 0.1033, loss_rpn_bbox: 0.0706, loss_cls: 0.2850, acc: 93.2080, loss_bbox: 0.2037, loss: 0.6627
2021-12-04 12:50:41,765 - mmdet - INFO - Epoch [12][4100/14659]	lr: 2.000e-04, eta: 1:11:04, time: 0.402, data_time: 0.113, memory: 3950, loss_rpn_cls: 0.1006, loss_rpn_bbox: 0.0762, loss_cls: 0.3001, acc: 92.9341, loss_bbox: 0.2133, loss: 0.6901
2021-12-04 12:51:02,063 - mmdet - INFO - Epoch [12][4150/14659]	lr: 2.000e-04, eta: 1:10:44, time: 0.406, data_time: 0.119, memory: 3950, loss_rpn_cls: 0.1051, loss_rpn_bbox: 0.0757, loss_cls: 0.2918, acc: 92.9790, loss_bbox: 0.2090, loss: 0.6816
2021-12-04 12:51:22,391 - mmdet - INFO - Epoch [12][4200/14659]	lr: 2.000e-04, eta: 1:10:24, time: 0.406, data_time: 0.113, memory: 3950, loss_rpn_cls: 0.1071, loss_rpn_bbox: 0.0739, loss_cls: 0.2959, acc: 92.9863, loss_bbox: 0.2122, loss: 0.6892
2021-12-04 12:51:42,558 - mmdet - INFO - Epoch [12][4250/14659]	lr: 2.000e-04, eta: 1:10:04, time: 0.403, data_time: 0.115, memory: 3950, loss_rpn_cls: 0.1012, loss_rpn_bbox: 0.0752, loss_cls: 0.2926, acc: 93.1587, loss_bbox: 0.2026, loss: 0.6716
2021-12-04 12:52:02,309 - mmdet - INFO - Epoch [12][4300/14659]	lr: 2.000e-04, eta: 1:09:42, time: 0.395, data_time: 0.111, memory: 3950, loss_rpn_cls: 0.1007, loss_rpn_bbox: 0.0714, loss_cls: 0.2859, acc: 93.4688, loss_bbox: 0.1970, loss: 0.6550
2021-12-04 12:52:22,226 - mmdet - INFO - Epoch [12][4350/14659]	lr: 2.000e-04, eta: 1:09:21, time: 0.398, data_time: 0.115, memory: 3950, loss_rpn_cls: 0.1047, loss_rpn_bbox: 0.0751, loss_cls: 0.2875, acc: 93.4365, loss_bbox: 0.1991, loss: 0.6664
2021-12-04 12:52:42,253 - mmdet - INFO - Epoch [12][4400/14659]	lr: 2.000e-04, eta: 1:09:01, time: 0.401, data_time: 0.114, memory: 3950, loss_rpn_cls: 0.1110, loss_rpn_bbox: 0.0775, loss_cls: 0.2945, acc: 92.9756, loss_bbox: 0.2119, loss: 0.6948
2021-12-04 12:53:02,612 - mmdet - INFO - Epoch [12][4450/14659]	lr: 2.000e-04, eta: 1:08:41, time: 0.407, data_time: 0.120, memory: 3950, loss_rpn_cls: 0.1179, loss_rpn_bbox: 0.0829, loss_cls: 0.3102, acc: 92.5747, loss_bbox: 0.2157, loss: 0.7268
2021-12-04 12:53:22,925 - mmdet - INFO - Epoch [12][4500/14659]	lr: 2.000e-04, eta: 1:08:21, time: 0.407, data_time: 0.125, memory: 3950, loss_rpn_cls: 0.1004, loss_rpn_bbox: 0.0727, loss_cls: 0.2667, acc: 93.6011, loss_bbox: 0.1927, loss: 0.6325
2021-12-04 12:53:43,279 - mmdet - INFO - Epoch [12][4550/14659]	lr: 2.000e-04, eta: 1:08:01, time: 0.407, data_time: 0.122, memory: 3950, loss_rpn_cls: 0.1061, loss_rpn_bbox: 0.0731, loss_cls: 0.2878, acc: 93.2305, loss_bbox: 0.2021, loss: 0.6692
2021-12-04 12:54:03,661 - mmdet - INFO - Epoch [12][4600/14659]	lr: 2.000e-04, eta: 1:07:42, time: 0.407, data_time: 0.121, memory: 3951, loss_rpn_cls: 0.1112, loss_rpn_bbox: 0.0737, loss_cls: 0.2944, acc: 92.9165, loss_bbox: 0.2115, loss: 0.6908
2021-12-04 12:54:23,824 - mmdet - INFO - Epoch [12][4650/14659]	lr: 2.000e-04, eta: 1:07:21, time: 0.403, data_time: 0.116, memory: 3951, loss_rpn_cls: 0.1069, loss_rpn_bbox: 0.0816, loss_cls: 0.3082, acc: 92.8320, loss_bbox: 0.2148, loss: 0.7114
2021-12-04 12:54:44,211 - mmdet - INFO - Epoch [12][4700/14659]	lr: 2.000e-04, eta: 1:07:02, time: 0.408, data_time: 0.125, memory: 3951, loss_rpn_cls: 0.1078, loss_rpn_bbox: 0.0774, loss_cls: 0.2891, acc: 93.0942, loss_bbox: 0.2062, loss: 0.6806
2021-12-04 12:55:04,608 - mmdet - INFO - Epoch [12][4750/14659]	lr: 2.000e-04, eta: 1:06:42, time: 0.408, data_time: 0.120, memory: 3951, loss_rpn_cls: 0.1013, loss_rpn_bbox: 0.0757, loss_cls: 0.2819, acc: 93.5024, loss_bbox: 0.1948, loss: 0.6538
2021-12-04 12:55:24,881 - mmdet - INFO - Epoch [12][4800/14659]	lr: 2.000e-04, eta: 1:06:22, time: 0.406, data_time: 0.122, memory: 3951, loss_rpn_cls: 0.1072, loss_rpn_bbox: 0.0714, loss_cls: 0.2956, acc: 92.8989, loss_bbox: 0.2084, loss: 0.6825
2021-12-04 12:55:45,047 - mmdet - INFO - Epoch [12][4850/14659]	lr: 2.000e-04, eta: 1:06:02, time: 0.403, data_time: 0.113, memory: 3951, loss_rpn_cls: 0.1000, loss_rpn_bbox: 0.0738, loss_cls: 0.2880, acc: 93.3398, loss_bbox: 0.2013, loss: 0.6631
2021-12-04 12:56:05,129 - mmdet - INFO - Epoch [12][4900/14659]	lr: 2.000e-04, eta: 1:05:41, time: 0.402, data_time: 0.114, memory: 3951, loss_rpn_cls: 0.1220, loss_rpn_bbox: 0.0844, loss_cls: 0.2997, acc: 93.0342, loss_bbox: 0.2049, loss: 0.7110
2021-12-04 12:56:25,353 - mmdet - INFO - Epoch [12][4950/14659]	lr: 2.000e-04, eta: 1:05:21, time: 0.405, data_time: 0.121, memory: 3951, loss_rpn_cls: 0.1073, loss_rpn_bbox: 0.0804, loss_cls: 0.2918, acc: 92.9907, loss_bbox: 0.2073, loss: 0.6867
2021-12-04 12:56:45,454 - mmdet - INFO - Epoch [12][5000/14659]	lr: 2.000e-04, eta: 1:05:01, time: 0.402, data_time: 0.114, memory: 3951, loss_rpn_cls: 0.1090, loss_rpn_bbox: 0.0766, loss_cls: 0.2897, acc: 93.1182, loss_bbox: 0.2021, loss: 0.6773
2021-12-04 12:57:05,979 - mmdet - INFO - Epoch [12][5050/14659]	lr: 2.000e-04, eta: 1:04:41, time: 0.411, data_time: 0.124, memory: 3951, loss_rpn_cls: 0.1036, loss_rpn_bbox: 0.0769, loss_cls: 0.2982, acc: 92.8374, loss_bbox: 0.2125, loss: 0.6913
2021-12-04 12:57:26,027 - mmdet - INFO - Epoch [12][5100/14659]	lr: 2.000e-04, eta: 1:04:21, time: 0.401, data_time: 0.114, memory: 3951, loss_rpn_cls: 0.1053, loss_rpn_bbox: 0.0738, loss_cls: 0.2922, acc: 93.2231, loss_bbox: 0.2009, loss: 0.6721
2021-12-04 12:57:46,519 - mmdet - INFO - Epoch [12][5150/14659]	lr: 2.000e-04, eta: 1:04:01, time: 0.410, data_time: 0.122, memory: 3951, loss_rpn_cls: 0.0969, loss_rpn_bbox: 0.0726, loss_cls: 0.2741, acc: 93.5947, loss_bbox: 0.1901, loss: 0.6337
2021-12-04 12:58:06,909 - mmdet - INFO - Epoch [12][5200/14659]	lr: 2.000e-04, eta: 1:03:41, time: 0.408, data_time: 0.122, memory: 3951, loss_rpn_cls: 0.1083, loss_rpn_bbox: 0.0737, loss_cls: 0.2814, acc: 93.4136, loss_bbox: 0.1967, loss: 0.6601
2021-12-04 12:58:27,254 - mmdet - INFO - Epoch [12][5250/14659]	lr: 2.000e-04, eta: 1:03:21, time: 0.407, data_time: 0.125, memory: 3951, loss_rpn_cls: 0.1108, loss_rpn_bbox: 0.0809, loss_cls: 0.3077, acc: 92.6274, loss_bbox: 0.2218, loss: 0.7212
2021-12-04 12:58:47,508 - mmdet - INFO - Epoch [12][5300/14659]	lr: 2.000e-04, eta: 1:03:01, time: 0.404, data_time: 0.119, memory: 3951, loss_rpn_cls: 0.1092, loss_rpn_bbox: 0.0785, loss_cls: 0.2961, acc: 92.9644, loss_bbox: 0.2092, loss: 0.6930
2021-12-04 12:59:07,793 - mmdet - INFO - Epoch [12][5350/14659]	lr: 2.000e-04, eta: 1:02:41, time: 0.406, data_time: 0.121, memory: 3951, loss_rpn_cls: 0.0971, loss_rpn_bbox: 0.0755, loss_cls: 0.2944, acc: 93.0723, loss_bbox: 0.2090, loss: 0.6761
2021-12-04 12:59:28,180 - mmdet - INFO - Epoch [12][5400/14659]	lr: 2.000e-04, eta: 1:02:21, time: 0.408, data_time: 0.119, memory: 3951, loss_rpn_cls: 0.1100, loss_rpn_bbox: 0.0776, loss_cls: 0.3014, acc: 92.8730, loss_bbox: 0.2183, loss: 0.7073
2021-12-04 12:59:48,547 - mmdet - INFO - Epoch [12][5450/14659]	lr: 2.000e-04, eta: 1:02:01, time: 0.407, data_time: 0.120, memory: 3951, loss_rpn_cls: 0.1102, loss_rpn_bbox: 0.0800, loss_cls: 0.2894, acc: 93.1475, loss_bbox: 0.2071, loss: 0.6867
2021-12-04 13:00:08,872 - mmdet - INFO - Epoch [12][5500/14659]	lr: 2.000e-04, eta: 1:01:41, time: 0.407, data_time: 0.122, memory: 3951, loss_rpn_cls: 0.1099, loss_rpn_bbox: 0.0800, loss_cls: 0.2894, acc: 93.1108, loss_bbox: 0.2094, loss: 0.6888
2021-12-04 13:00:28,908 - mmdet - INFO - Epoch [12][5550/14659]	lr: 2.000e-04, eta: 1:01:21, time: 0.401, data_time: 0.115, memory: 3951, loss_rpn_cls: 0.0988, loss_rpn_bbox: 0.0722, loss_cls: 0.2827, acc: 93.5405, loss_bbox: 0.1921, loss: 0.6458
2021-12-04 13:00:49,377 - mmdet - INFO - Epoch [12][5600/14659]	lr: 2.000e-04, eta: 1:01:01, time: 0.409, data_time: 0.119, memory: 3951, loss_rpn_cls: 0.1100, loss_rpn_bbox: 0.0753, loss_cls: 0.2924, acc: 93.1455, loss_bbox: 0.2078, loss: 0.6855
2021-12-04 13:01:09,350 - mmdet - INFO - Epoch [12][5650/14659]	lr: 2.000e-04, eta: 1:00:40, time: 0.400, data_time: 0.112, memory: 3951, loss_rpn_cls: 0.1042, loss_rpn_bbox: 0.0696, loss_cls: 0.2821, acc: 93.3745, loss_bbox: 0.1965, loss: 0.6524
2021-12-04 13:01:29,611 - mmdet - INFO - Epoch [12][5700/14659]	lr: 2.000e-04, eta: 1:00:20, time: 0.405, data_time: 0.121, memory: 3951, loss_rpn_cls: 0.1096, loss_rpn_bbox: 0.0755, loss_cls: 0.2864, acc: 93.0542, loss_bbox: 0.2127, loss: 0.6842
2021-12-04 13:01:49,834 - mmdet - INFO - Epoch [12][5750/14659]	lr: 2.000e-04, eta: 1:00:00, time: 0.404, data_time: 0.117, memory: 3951, loss_rpn_cls: 0.1043, loss_rpn_bbox: 0.0725, loss_cls: 0.2781, acc: 93.4277, loss_bbox: 0.1961, loss: 0.6510
2021-12-04 13:02:09,747 - mmdet - INFO - Epoch [12][5800/14659]	lr: 2.000e-04, eta: 0:59:39, time: 0.398, data_time: 0.110, memory: 3951, loss_rpn_cls: 0.0947, loss_rpn_bbox: 0.0705, loss_cls: 0.2794, acc: 93.4482, loss_bbox: 0.1976, loss: 0.6422
2021-12-04 13:02:29,657 - mmdet - INFO - Epoch [12][5850/14659]	lr: 2.000e-04, eta: 0:59:19, time: 0.398, data_time: 0.113, memory: 3951, loss_rpn_cls: 0.1044, loss_rpn_bbox: 0.0789, loss_cls: 0.2914, acc: 93.0166, loss_bbox: 0.2115, loss: 0.6862
2021-12-04 13:02:50,012 - mmdet - INFO - Epoch [12][5900/14659]	lr: 2.000e-04, eta: 0:58:59, time: 0.407, data_time: 0.120, memory: 3951, loss_rpn_cls: 0.1022, loss_rpn_bbox: 0.0703, loss_cls: 0.2706, acc: 93.7451, loss_bbox: 0.1876, loss: 0.6308
2021-12-04 13:03:10,229 - mmdet - INFO - Epoch [12][5950/14659]	lr: 2.000e-04, eta: 0:58:38, time: 0.404, data_time: 0.121, memory: 3951, loss_rpn_cls: 0.1041, loss_rpn_bbox: 0.0791, loss_cls: 0.2997, acc: 92.9731, loss_bbox: 0.2088, loss: 0.6917
2021-12-04 13:03:30,756 - mmdet - INFO - Epoch [12][6000/14659]	lr: 2.000e-04, eta: 0:58:19, time: 0.410, data_time: 0.128, memory: 3951, loss_rpn_cls: 0.1091, loss_rpn_bbox: 0.0778, loss_cls: 0.3126, acc: 92.7271, loss_bbox: 0.2164, loss: 0.7159
2021-12-04 13:03:50,767 - mmdet - INFO - Epoch [12][6050/14659]	lr: 2.000e-04, eta: 0:57:58, time: 0.400, data_time: 0.113, memory: 3951, loss_rpn_cls: 0.0999, loss_rpn_bbox: 0.0778, loss_cls: 0.2909, acc: 93.1655, loss_bbox: 0.2051, loss: 0.6738
2021-12-04 13:04:11,160 - mmdet - INFO - Epoch [12][6100/14659]	lr: 2.000e-04, eta: 0:57:38, time: 0.408, data_time: 0.123, memory: 3951, loss_rpn_cls: 0.1027, loss_rpn_bbox: 0.0705, loss_cls: 0.2753, acc: 93.6216, loss_bbox: 0.1898, loss: 0.6383
2021-12-04 13:04:31,511 - mmdet - INFO - Epoch [12][6150/14659]	lr: 2.000e-04, eta: 0:57:18, time: 0.407, data_time: 0.121, memory: 3951, loss_rpn_cls: 0.1034, loss_rpn_bbox: 0.0730, loss_cls: 0.2884, acc: 93.0586, loss_bbox: 0.2061, loss: 0.6710
2021-12-04 13:04:51,779 - mmdet - INFO - Epoch [12][6200/14659]	lr: 2.000e-04, eta: 0:56:58, time: 0.406, data_time: 0.121, memory: 3951, loss_rpn_cls: 0.1078, loss_rpn_bbox: 0.0859, loss_cls: 0.2980, acc: 92.9307, loss_bbox: 0.2126, loss: 0.7043
2021-12-04 13:05:11,861 - mmdet - INFO - Epoch [12][6250/14659]	lr: 2.000e-04, eta: 0:56:38, time: 0.401, data_time: 0.119, memory: 3951, loss_rpn_cls: 0.1016, loss_rpn_bbox: 0.0745, loss_cls: 0.2758, acc: 93.4370, loss_bbox: 0.1952, loss: 0.6470
2021-12-04 13:05:31,947 - mmdet - INFO - Epoch [12][6300/14659]	lr: 2.000e-04, eta: 0:56:17, time: 0.402, data_time: 0.115, memory: 3951, loss_rpn_cls: 0.1107, loss_rpn_bbox: 0.0777, loss_cls: 0.3024, acc: 93.0054, loss_bbox: 0.2081, loss: 0.6989
2021-12-04 13:05:52,078 - mmdet - INFO - Epoch [12][6350/14659]	lr: 2.000e-04, eta: 0:55:57, time: 0.403, data_time: 0.120, memory: 3951, loss_rpn_cls: 0.1014, loss_rpn_bbox: 0.0723, loss_cls: 0.2891, acc: 93.2603, loss_bbox: 0.2022, loss: 0.6650
2021-12-04 13:06:12,339 - mmdet - INFO - Epoch [12][6400/14659]	lr: 2.000e-04, eta: 0:55:37, time: 0.405, data_time: 0.119, memory: 3951, loss_rpn_cls: 0.0979, loss_rpn_bbox: 0.0725, loss_cls: 0.2805, acc: 93.3062, loss_bbox: 0.2004, loss: 0.6513
2021-12-04 13:06:32,677 - mmdet - INFO - Epoch [12][6450/14659]	lr: 2.000e-04, eta: 0:55:17, time: 0.407, data_time: 0.120, memory: 3951, loss_rpn_cls: 0.1024, loss_rpn_bbox: 0.0746, loss_cls: 0.2830, acc: 93.3120, loss_bbox: 0.1995, loss: 0.6595
2021-12-04 13:06:53,194 - mmdet - INFO - Epoch [12][6500/14659]	lr: 2.000e-04, eta: 0:54:57, time: 0.410, data_time: 0.114, memory: 3951, loss_rpn_cls: 0.1070, loss_rpn_bbox: 0.0736, loss_cls: 0.2923, acc: 93.1304, loss_bbox: 0.2078, loss: 0.6807
2021-12-04 13:07:13,555 - mmdet - INFO - Epoch [12][6550/14659]	lr: 2.000e-04, eta: 0:54:37, time: 0.407, data_time: 0.118, memory: 3951, loss_rpn_cls: 0.1076, loss_rpn_bbox: 0.0795, loss_cls: 0.2889, acc: 93.2266, loss_bbox: 0.2002, loss: 0.6762
2021-12-04 13:07:33,617 - mmdet - INFO - Epoch [12][6600/14659]	lr: 2.000e-04, eta: 0:54:17, time: 0.401, data_time: 0.116, memory: 3951, loss_rpn_cls: 0.1067, loss_rpn_bbox: 0.0746, loss_cls: 0.2819, acc: 93.2866, loss_bbox: 0.2049, loss: 0.6681
2021-12-04 13:07:53,728 - mmdet - INFO - Epoch [12][6650/14659]	lr: 2.000e-04, eta: 0:53:56, time: 0.403, data_time: 0.119, memory: 3951, loss_rpn_cls: 0.1023, loss_rpn_bbox: 0.0791, loss_cls: 0.2895, acc: 93.1123, loss_bbox: 0.2090, loss: 0.6799
2021-12-04 13:08:13,916 - mmdet - INFO - Epoch [12][6700/14659]	lr: 2.000e-04, eta: 0:53:36, time: 0.403, data_time: 0.123, memory: 3951, loss_rpn_cls: 0.1044, loss_rpn_bbox: 0.0748, loss_cls: 0.2860, acc: 93.1597, loss_bbox: 0.2073, loss: 0.6725
2021-12-04 13:08:33,811 - mmdet - INFO - Epoch [12][6750/14659]	lr: 2.000e-04, eta: 0:53:16, time: 0.398, data_time: 0.114, memory: 3951, loss_rpn_cls: 0.1118, loss_rpn_bbox: 0.0713, loss_cls: 0.2688, acc: 93.7114, loss_bbox: 0.1883, loss: 0.6402
2021-12-04 13:08:53,880 - mmdet - INFO - Epoch [12][6800/14659]	lr: 2.000e-04, eta: 0:52:55, time: 0.401, data_time: 0.116, memory: 3951, loss_rpn_cls: 0.0971, loss_rpn_bbox: 0.0705, loss_cls: 0.2830, acc: 93.3047, loss_bbox: 0.1980, loss: 0.6487
2021-12-04 13:09:14,398 - mmdet - INFO - Epoch [12][6850/14659]	lr: 2.000e-04, eta: 0:52:35, time: 0.411, data_time: 0.126, memory: 3951, loss_rpn_cls: 0.1071, loss_rpn_bbox: 0.0784, loss_cls: 0.3048, acc: 92.7056, loss_bbox: 0.2175, loss: 0.7078
2021-12-04 13:09:34,429 - mmdet - INFO - Epoch [12][6900/14659]	lr: 2.000e-04, eta: 0:52:15, time: 0.400, data_time: 0.114, memory: 3951, loss_rpn_cls: 0.1036, loss_rpn_bbox: 0.0742, loss_cls: 0.2941, acc: 93.1592, loss_bbox: 0.2062, loss: 0.6781
2021-12-04 13:09:54,693 - mmdet - INFO - Epoch [12][6950/14659]	lr: 2.000e-04, eta: 0:51:55, time: 0.405, data_time: 0.116, memory: 3951, loss_rpn_cls: 0.1124, loss_rpn_bbox: 0.0808, loss_cls: 0.2972, acc: 92.8955, loss_bbox: 0.2144, loss: 0.7047
2021-12-04 13:10:15,065 - mmdet - INFO - Epoch [12][7000/14659]	lr: 2.000e-04, eta: 0:51:35, time: 0.408, data_time: 0.123, memory: 3951, loss_rpn_cls: 0.1024, loss_rpn_bbox: 0.0715, loss_cls: 0.2862, acc: 93.3022, loss_bbox: 0.2004, loss: 0.6606
2021-12-04 13:10:35,406 - mmdet - INFO - Epoch [12][7050/14659]	lr: 2.000e-04, eta: 0:51:15, time: 0.407, data_time: 0.122, memory: 3951, loss_rpn_cls: 0.1060, loss_rpn_bbox: 0.0745, loss_cls: 0.2846, acc: 93.3306, loss_bbox: 0.1992, loss: 0.6642
2021-12-04 13:10:55,219 - mmdet - INFO - Epoch [12][7100/14659]	lr: 2.000e-04, eta: 0:50:54, time: 0.396, data_time: 0.112, memory: 3951, loss_rpn_cls: 0.1033, loss_rpn_bbox: 0.0767, loss_cls: 0.2890, acc: 93.0767, loss_bbox: 0.2059, loss: 0.6748
2021-12-04 13:11:15,500 - mmdet - INFO - Epoch [12][7150/14659]	lr: 2.000e-04, eta: 0:50:34, time: 0.406, data_time: 0.123, memory: 3951, loss_rpn_cls: 0.1076, loss_rpn_bbox: 0.0795, loss_cls: 0.2915, acc: 92.9990, loss_bbox: 0.2127, loss: 0.6913
2021-12-04 13:11:35,334 - mmdet - INFO - Epoch [12][7200/14659]	lr: 2.000e-04, eta: 0:50:13, time: 0.397, data_time: 0.106, memory: 3951, loss_rpn_cls: 0.1036, loss_rpn_bbox: 0.0735, loss_cls: 0.2945, acc: 93.1616, loss_bbox: 0.2065, loss: 0.6782
2021-12-04 13:11:55,638 - mmdet - INFO - Epoch [12][7250/14659]	lr: 2.000e-04, eta: 0:49:53, time: 0.406, data_time: 0.121, memory: 3951, loss_rpn_cls: 0.1109, loss_rpn_bbox: 0.0787, loss_cls: 0.2980, acc: 92.7534, loss_bbox: 0.2180, loss: 0.7056
2021-12-04 13:12:15,993 - mmdet - INFO - Epoch [12][7300/14659]	lr: 2.000e-04, eta: 0:49:33, time: 0.407, data_time: 0.121, memory: 3951, loss_rpn_cls: 0.1082, loss_rpn_bbox: 0.0798, loss_cls: 0.3047, acc: 92.8066, loss_bbox: 0.2137, loss: 0.7063
2021-12-04 13:12:36,200 - mmdet - INFO - Epoch [12][7350/14659]	lr: 2.000e-04, eta: 0:49:13, time: 0.404, data_time: 0.119, memory: 3951, loss_rpn_cls: 0.1060, loss_rpn_bbox: 0.0749, loss_cls: 0.2885, acc: 93.1621, loss_bbox: 0.1995, loss: 0.6689
2021-12-04 13:12:56,205 - mmdet - INFO - Epoch [12][7400/14659]	lr: 2.000e-04, eta: 0:48:53, time: 0.400, data_time: 0.112, memory: 3951, loss_rpn_cls: 0.1034, loss_rpn_bbox: 0.0707, loss_cls: 0.2799, acc: 93.4023, loss_bbox: 0.1959, loss: 0.6499
2021-12-04 13:13:16,209 - mmdet - INFO - Epoch [12][7450/14659]	lr: 2.000e-04, eta: 0:48:32, time: 0.400, data_time: 0.113, memory: 3951, loss_rpn_cls: 0.0992, loss_rpn_bbox: 0.0787, loss_cls: 0.2752, acc: 93.5566, loss_bbox: 0.1946, loss: 0.6476
2021-12-04 13:13:36,640 - mmdet - INFO - Epoch [12][7500/14659]	lr: 2.000e-04, eta: 0:48:12, time: 0.409, data_time: 0.123, memory: 3951, loss_rpn_cls: 0.1075, loss_rpn_bbox: 0.0770, loss_cls: 0.2793, acc: 93.5244, loss_bbox: 0.1958, loss: 0.6596
2021-12-04 13:13:56,764 - mmdet - INFO - Epoch [12][7550/14659]	lr: 2.000e-04, eta: 0:47:52, time: 0.402, data_time: 0.116, memory: 3951, loss_rpn_cls: 0.1081, loss_rpn_bbox: 0.0755, loss_cls: 0.2848, acc: 92.9961, loss_bbox: 0.2089, loss: 0.6773
2021-12-04 13:14:17,159 - mmdet - INFO - Epoch [12][7600/14659]	lr: 2.000e-04, eta: 0:47:32, time: 0.408, data_time: 0.120, memory: 3951, loss_rpn_cls: 0.1044, loss_rpn_bbox: 0.0757, loss_cls: 0.3006, acc: 92.8594, loss_bbox: 0.2168, loss: 0.6975
2021-12-04 13:14:37,563 - mmdet - INFO - Epoch [12][7650/14659]	lr: 2.000e-04, eta: 0:47:12, time: 0.408, data_time: 0.121, memory: 3951, loss_rpn_cls: 0.0958, loss_rpn_bbox: 0.0734, loss_cls: 0.2855, acc: 93.3325, loss_bbox: 0.1976, loss: 0.6523
2021-12-04 13:14:57,743 - mmdet - INFO - Epoch [12][7700/14659]	lr: 2.000e-04, eta: 0:46:52, time: 0.404, data_time: 0.117, memory: 3951, loss_rpn_cls: 0.1097, loss_rpn_bbox: 0.0765, loss_cls: 0.3012, acc: 92.9868, loss_bbox: 0.2052, loss: 0.6926
2021-12-04 13:15:18,110 - mmdet - INFO - Epoch [12][7750/14659]	lr: 2.000e-04, eta: 0:46:32, time: 0.407, data_time: 0.121, memory: 3951, loss_rpn_cls: 0.1131, loss_rpn_bbox: 0.0821, loss_cls: 0.3022, acc: 92.7861, loss_bbox: 0.2176, loss: 0.7149
2021-12-04 13:15:38,492 - mmdet - INFO - Epoch [12][7800/14659]	lr: 2.000e-04, eta: 0:46:12, time: 0.407, data_time: 0.119, memory: 3951, loss_rpn_cls: 0.1045, loss_rpn_bbox: 0.0751, loss_cls: 0.2842, acc: 93.4302, loss_bbox: 0.1988, loss: 0.6627
2021-12-04 13:15:58,598 - mmdet - INFO - Epoch [12][7850/14659]	lr: 2.000e-04, eta: 0:45:51, time: 0.403, data_time: 0.119, memory: 3951, loss_rpn_cls: 0.0951, loss_rpn_bbox: 0.0717, loss_cls: 0.2898, acc: 93.3032, loss_bbox: 0.2035, loss: 0.6602
2021-12-04 13:16:18,927 - mmdet - INFO - Epoch [12][7900/14659]	lr: 2.000e-04, eta: 0:45:31, time: 0.407, data_time: 0.117, memory: 3951, loss_rpn_cls: 0.1077, loss_rpn_bbox: 0.0789, loss_cls: 0.2966, acc: 93.0728, loss_bbox: 0.2033, loss: 0.6866
2021-12-04 13:16:39,435 - mmdet - INFO - Epoch [12][7950/14659]	lr: 2.000e-04, eta: 0:45:11, time: 0.410, data_time: 0.122, memory: 3951, loss_rpn_cls: 0.1090, loss_rpn_bbox: 0.0774, loss_cls: 0.2925, acc: 92.9673, loss_bbox: 0.2087, loss: 0.6876
2021-12-04 13:16:59,784 - mmdet - INFO - Epoch [12][8000/14659]	lr: 2.000e-04, eta: 0:44:51, time: 0.407, data_time: 0.121, memory: 3951, loss_rpn_cls: 0.1038, loss_rpn_bbox: 0.0747, loss_cls: 0.2976, acc: 92.8765, loss_bbox: 0.2109, loss: 0.6870
2021-12-04 13:17:19,863 - mmdet - INFO - Epoch [12][8050/14659]	lr: 2.000e-04, eta: 0:44:31, time: 0.402, data_time: 0.118, memory: 3951, loss_rpn_cls: 0.1005, loss_rpn_bbox: 0.0735, loss_cls: 0.2799, acc: 93.4790, loss_bbox: 0.1966, loss: 0.6506
2021-12-04 13:17:40,057 - mmdet - INFO - Epoch [12][8100/14659]	lr: 2.000e-04, eta: 0:44:11, time: 0.404, data_time: 0.116, memory: 3951, loss_rpn_cls: 0.1032, loss_rpn_bbox: 0.0736, loss_cls: 0.2840, acc: 93.1636, loss_bbox: 0.2020, loss: 0.6628
2021-12-04 13:18:00,336 - mmdet - INFO - Epoch [12][8150/14659]	lr: 2.000e-04, eta: 0:43:50, time: 0.406, data_time: 0.118, memory: 3951, loss_rpn_cls: 0.1076, loss_rpn_bbox: 0.0778, loss_cls: 0.2975, acc: 93.2241, loss_bbox: 0.1994, loss: 0.6824
2021-12-04 13:18:20,418 - mmdet - INFO - Epoch [12][8200/14659]	lr: 2.000e-04, eta: 0:43:30, time: 0.402, data_time: 0.113, memory: 3951, loss_rpn_cls: 0.1072, loss_rpn_bbox: 0.0763, loss_cls: 0.2870, acc: 93.1826, loss_bbox: 0.2010, loss: 0.6714
2021-12-04 13:18:40,661 - mmdet - INFO - Epoch [12][8250/14659]	lr: 2.000e-04, eta: 0:43:10, time: 0.405, data_time: 0.113, memory: 3951, loss_rpn_cls: 0.1064, loss_rpn_bbox: 0.0771, loss_cls: 0.3055, acc: 92.8447, loss_bbox: 0.2094, loss: 0.6984
2021-12-04 13:19:00,759 - mmdet - INFO - Epoch [12][8300/14659]	lr: 2.000e-04, eta: 0:42:50, time: 0.402, data_time: 0.116, memory: 3951, loss_rpn_cls: 0.1082, loss_rpn_bbox: 0.0789, loss_cls: 0.2871, acc: 93.2329, loss_bbox: 0.2000, loss: 0.6742
2021-12-04 13:19:21,144 - mmdet - INFO - Epoch [12][8350/14659]	lr: 2.000e-04, eta: 0:42:30, time: 0.408, data_time: 0.117, memory: 3951, loss_rpn_cls: 0.1029, loss_rpn_bbox: 0.0726, loss_cls: 0.2836, acc: 93.2451, loss_bbox: 0.2017, loss: 0.6609
2021-12-04 13:19:41,351 - mmdet - INFO - Epoch [12][8400/14659]	lr: 2.000e-04, eta: 0:42:09, time: 0.404, data_time: 0.118, memory: 3951, loss_rpn_cls: 0.1068, loss_rpn_bbox: 0.0787, loss_cls: 0.2792, acc: 93.2500, loss_bbox: 0.2033, loss: 0.6680
2021-12-04 13:20:01,355 - mmdet - INFO - Epoch [12][8450/14659]	lr: 2.000e-04, eta: 0:41:49, time: 0.400, data_time: 0.109, memory: 3951, loss_rpn_cls: 0.0999, loss_rpn_bbox: 0.0723, loss_cls: 0.2844, acc: 93.2144, loss_bbox: 0.2016, loss: 0.6582
2021-12-04 13:20:21,579 - mmdet - INFO - Epoch [12][8500/14659]	lr: 2.000e-04, eta: 0:41:29, time: 0.405, data_time: 0.119, memory: 3951, loss_rpn_cls: 0.0922, loss_rpn_bbox: 0.0718, loss_cls: 0.2913, acc: 92.9473, loss_bbox: 0.2118, loss: 0.6671
2021-12-04 13:20:41,365 - mmdet - INFO - Epoch [12][8550/14659]	lr: 2.000e-04, eta: 0:41:08, time: 0.396, data_time: 0.108, memory: 3951, loss_rpn_cls: 0.1038, loss_rpn_bbox: 0.0776, loss_cls: 0.2814, acc: 93.3408, loss_bbox: 0.2005, loss: 0.6632
2021-12-04 13:21:01,693 - mmdet - INFO - Epoch [12][8600/14659]	lr: 2.000e-04, eta: 0:40:48, time: 0.407, data_time: 0.123, memory: 3951, loss_rpn_cls: 0.1101, loss_rpn_bbox: 0.0800, loss_cls: 0.2834, acc: 93.1689, loss_bbox: 0.2075, loss: 0.6809
2021-12-04 13:21:21,738 - mmdet - INFO - Epoch [12][8650/14659]	lr: 2.000e-04, eta: 0:40:28, time: 0.401, data_time: 0.116, memory: 3951, loss_rpn_cls: 0.1017, loss_rpn_bbox: 0.0696, loss_cls: 0.2803, acc: 93.4312, loss_bbox: 0.1969, loss: 0.6485
2021-12-04 13:21:42,161 - mmdet - INFO - Epoch [12][8700/14659]	lr: 2.000e-04, eta: 0:40:08, time: 0.408, data_time: 0.122, memory: 3951, loss_rpn_cls: 0.1007, loss_rpn_bbox: 0.0751, loss_cls: 0.2915, acc: 93.0405, loss_bbox: 0.2090, loss: 0.6763
2021-12-04 13:22:02,535 - mmdet - INFO - Epoch [12][8750/14659]	lr: 2.000e-04, eta: 0:39:48, time: 0.408, data_time: 0.119, memory: 3951, loss_rpn_cls: 0.1014, loss_rpn_bbox: 0.0776, loss_cls: 0.3044, acc: 92.8521, loss_bbox: 0.2102, loss: 0.6936
2021-12-04 13:22:22,530 - mmdet - INFO - Epoch [12][8800/14659]	lr: 2.000e-04, eta: 0:39:27, time: 0.400, data_time: 0.117, memory: 3951, loss_rpn_cls: 0.1122, loss_rpn_bbox: 0.0821, loss_cls: 0.3069, acc: 92.6670, loss_bbox: 0.2187, loss: 0.7199
2021-12-04 13:22:42,347 - mmdet - INFO - Epoch [12][8850/14659]	lr: 2.000e-04, eta: 0:39:07, time: 0.397, data_time: 0.114, memory: 3951, loss_rpn_cls: 0.0979, loss_rpn_bbox: 0.0804, loss_cls: 0.2963, acc: 92.9927, loss_bbox: 0.2117, loss: 0.6863
2021-12-04 13:23:02,559 - mmdet - INFO - Epoch [12][8900/14659]	lr: 2.000e-04, eta: 0:38:47, time: 0.404, data_time: 0.116, memory: 3951, loss_rpn_cls: 0.1076, loss_rpn_bbox: 0.0804, loss_cls: 0.3090, acc: 92.6704, loss_bbox: 0.2221, loss: 0.7192
2021-12-04 13:23:22,918 - mmdet - INFO - Epoch [12][8950/14659]	lr: 2.000e-04, eta: 0:38:27, time: 0.407, data_time: 0.121, memory: 3951, loss_rpn_cls: 0.1039, loss_rpn_bbox: 0.0753, loss_cls: 0.2839, acc: 93.2676, loss_bbox: 0.2024, loss: 0.6655
2021-12-04 13:23:43,183 - mmdet - INFO - Epoch [12][9000/14659]	lr: 2.000e-04, eta: 0:38:06, time: 0.406, data_time: 0.121, memory: 3951, loss_rpn_cls: 0.1040, loss_rpn_bbox: 0.0743, loss_cls: 0.2969, acc: 93.2075, loss_bbox: 0.2027, loss: 0.6780
2021-12-04 13:24:03,462 - mmdet - INFO - Epoch [12][9050/14659]	lr: 2.000e-04, eta: 0:37:46, time: 0.406, data_time: 0.123, memory: 3951, loss_rpn_cls: 0.1038, loss_rpn_bbox: 0.0730, loss_cls: 0.2672, acc: 93.7153, loss_bbox: 0.1880, loss: 0.6319
2021-12-04 13:24:23,576 - mmdet - INFO - Epoch [12][9100/14659]	lr: 2.000e-04, eta: 0:37:26, time: 0.402, data_time: 0.119, memory: 3951, loss_rpn_cls: 0.1119, loss_rpn_bbox: 0.0748, loss_cls: 0.2872, acc: 93.1235, loss_bbox: 0.2071, loss: 0.6810
2021-12-04 13:24:43,732 - mmdet - INFO - Epoch [12][9150/14659]	lr: 2.000e-04, eta: 0:37:06, time: 0.403, data_time: 0.115, memory: 3951, loss_rpn_cls: 0.1072, loss_rpn_bbox: 0.0779, loss_cls: 0.2845, acc: 93.2104, loss_bbox: 0.2036, loss: 0.6732
2021-12-04 13:25:03,637 - mmdet - INFO - Epoch [12][9200/14659]	lr: 2.000e-04, eta: 0:36:45, time: 0.398, data_time: 0.116, memory: 3951, loss_rpn_cls: 0.1080, loss_rpn_bbox: 0.0758, loss_cls: 0.2920, acc: 93.1479, loss_bbox: 0.2037, loss: 0.6795
2021-12-04 13:25:23,873 - mmdet - INFO - Epoch [12][9250/14659]	lr: 2.000e-04, eta: 0:36:25, time: 0.405, data_time: 0.125, memory: 3951, loss_rpn_cls: 0.1140, loss_rpn_bbox: 0.0799, loss_cls: 0.2922, acc: 93.2280, loss_bbox: 0.2043, loss: 0.6903
2021-12-04 13:25:44,257 - mmdet - INFO - Epoch [12][9300/14659]	lr: 2.000e-04, eta: 0:36:05, time: 0.408, data_time: 0.121, memory: 3951, loss_rpn_cls: 0.0979, loss_rpn_bbox: 0.0688, loss_cls: 0.2795, acc: 93.3169, loss_bbox: 0.1973, loss: 0.6435
2021-12-04 13:26:04,307 - mmdet - INFO - Epoch [12][9350/14659]	lr: 2.000e-04, eta: 0:35:45, time: 0.401, data_time: 0.116, memory: 3951, loss_rpn_cls: 0.1057, loss_rpn_bbox: 0.0794, loss_cls: 0.3035, acc: 92.9858, loss_bbox: 0.2096, loss: 0.6981
2021-12-04 13:26:24,776 - mmdet - INFO - Epoch [12][9400/14659]	lr: 2.000e-04, eta: 0:35:25, time: 0.409, data_time: 0.126, memory: 3951, loss_rpn_cls: 0.1086, loss_rpn_bbox: 0.0769, loss_cls: 0.2840, acc: 93.0962, loss_bbox: 0.2093, loss: 0.6789
2021-12-04 13:26:45,104 - mmdet - INFO - Epoch [12][9450/14659]	lr: 2.000e-04, eta: 0:35:05, time: 0.406, data_time: 0.120, memory: 3951, loss_rpn_cls: 0.1004, loss_rpn_bbox: 0.0758, loss_cls: 0.2933, acc: 93.1997, loss_bbox: 0.2030, loss: 0.6725
2021-12-04 13:27:05,444 - mmdet - INFO - Epoch [12][9500/14659]	lr: 2.000e-04, eta: 0:34:44, time: 0.407, data_time: 0.120, memory: 3951, loss_rpn_cls: 0.1061, loss_rpn_bbox: 0.0759, loss_cls: 0.2878, acc: 93.2852, loss_bbox: 0.2028, loss: 0.6725
2021-12-04 13:27:25,459 - mmdet - INFO - Epoch [12][9550/14659]	lr: 2.000e-04, eta: 0:34:24, time: 0.400, data_time: 0.114, memory: 3951, loss_rpn_cls: 0.1062, loss_rpn_bbox: 0.0776, loss_cls: 0.2795, acc: 93.4551, loss_bbox: 0.1940, loss: 0.6574
2021-12-04 13:27:45,754 - mmdet - INFO - Epoch [12][9600/14659]	lr: 2.000e-04, eta: 0:34:04, time: 0.406, data_time: 0.118, memory: 3951, loss_rpn_cls: 0.1108, loss_rpn_bbox: 0.0790, loss_cls: 0.2918, acc: 93.0688, loss_bbox: 0.2046, loss: 0.6862
2021-12-04 13:28:06,008 - mmdet - INFO - Epoch [12][9650/14659]	lr: 2.000e-04, eta: 0:33:44, time: 0.405, data_time: 0.117, memory: 3951, loss_rpn_cls: 0.0980, loss_rpn_bbox: 0.0717, loss_cls: 0.2751, acc: 93.3789, loss_bbox: 0.1989, loss: 0.6437
2021-12-04 13:28:26,429 - mmdet - INFO - Epoch [12][9700/14659]	lr: 2.000e-04, eta: 0:33:24, time: 0.408, data_time: 0.123, memory: 3951, loss_rpn_cls: 0.1169, loss_rpn_bbox: 0.0790, loss_cls: 0.2960, acc: 92.9473, loss_bbox: 0.2083, loss: 0.7001
2021-12-04 13:28:46,420 - mmdet - INFO - Epoch [12][9750/14659]	lr: 2.000e-04, eta: 0:33:03, time: 0.400, data_time: 0.117, memory: 3951, loss_rpn_cls: 0.1095, loss_rpn_bbox: 0.0835, loss_cls: 0.3057, acc: 92.6885, loss_bbox: 0.2197, loss: 0.7183
2021-12-04 13:29:06,644 - mmdet - INFO - Epoch [12][9800/14659]	lr: 2.000e-04, eta: 0:32:43, time: 0.404, data_time: 0.120, memory: 3951, loss_rpn_cls: 0.0996, loss_rpn_bbox: 0.0735, loss_cls: 0.2887, acc: 93.3384, loss_bbox: 0.2019, loss: 0.6636
2021-12-04 13:29:27,234 - mmdet - INFO - Epoch [12][9850/14659]	lr: 2.000e-04, eta: 0:32:23, time: 0.412, data_time: 0.131, memory: 3951, loss_rpn_cls: 0.1054, loss_rpn_bbox: 0.0748, loss_cls: 0.2982, acc: 92.9897, loss_bbox: 0.2091, loss: 0.6876
2021-12-04 13:29:47,458 - mmdet - INFO - Epoch [12][9900/14659]	lr: 2.000e-04, eta: 0:32:03, time: 0.404, data_time: 0.118, memory: 3951, loss_rpn_cls: 0.1067, loss_rpn_bbox: 0.0743, loss_cls: 0.2952, acc: 93.1309, loss_bbox: 0.2069, loss: 0.6831
2021-12-04 13:30:07,826 - mmdet - INFO - Epoch [12][9950/14659]	lr: 2.000e-04, eta: 0:31:43, time: 0.407, data_time: 0.122, memory: 3951, loss_rpn_cls: 0.1047, loss_rpn_bbox: 0.0734, loss_cls: 0.2823, acc: 93.4409, loss_bbox: 0.1962, loss: 0.6566
2021-12-04 13:30:28,092 - mmdet - INFO - Epoch [12][10000/14659]	lr: 2.000e-04, eta: 0:31:23, time: 0.406, data_time: 0.119, memory: 3951, loss_rpn_cls: 0.1062, loss_rpn_bbox: 0.0768, loss_cls: 0.2896, acc: 93.0093, loss_bbox: 0.2043, loss: 0.6770
2021-12-04 13:30:48,557 - mmdet - INFO - Epoch [12][10050/14659]	lr: 2.000e-04, eta: 0:31:03, time: 0.409, data_time: 0.124, memory: 3951, loss_rpn_cls: 0.1079, loss_rpn_bbox: 0.0766, loss_cls: 0.2937, acc: 92.9678, loss_bbox: 0.2112, loss: 0.6895
2021-12-04 13:31:08,894 - mmdet - INFO - Epoch [12][10100/14659]	lr: 2.000e-04, eta: 0:30:42, time: 0.406, data_time: 0.120, memory: 3951, loss_rpn_cls: 0.1004, loss_rpn_bbox: 0.0782, loss_cls: 0.2931, acc: 93.0630, loss_bbox: 0.2122, loss: 0.6838
2021-12-04 13:31:29,542 - mmdet - INFO - Epoch [12][10150/14659]	lr: 2.000e-04, eta: 0:30:22, time: 0.413, data_time: 0.125, memory: 3951, loss_rpn_cls: 0.1121, loss_rpn_bbox: 0.0848, loss_cls: 0.3113, acc: 92.5752, loss_bbox: 0.2262, loss: 0.7344
2021-12-04 13:31:49,826 - mmdet - INFO - Epoch [12][10200/14659]	lr: 2.000e-04, eta: 0:30:02, time: 0.406, data_time: 0.121, memory: 3951, loss_rpn_cls: 0.1048, loss_rpn_bbox: 0.0729, loss_cls: 0.2952, acc: 92.9971, loss_bbox: 0.2116, loss: 0.6845
2021-12-04 13:32:09,979 - mmdet - INFO - Epoch [12][10250/14659]	lr: 2.000e-04, eta: 0:29:42, time: 0.403, data_time: 0.115, memory: 3951, loss_rpn_cls: 0.1023, loss_rpn_bbox: 0.0778, loss_cls: 0.2849, acc: 93.1660, loss_bbox: 0.2051, loss: 0.6700
2021-12-04 13:32:30,183 - mmdet - INFO - Epoch [12][10300/14659]	lr: 2.000e-04, eta: 0:29:22, time: 0.404, data_time: 0.120, memory: 3951, loss_rpn_cls: 0.1011, loss_rpn_bbox: 0.0715, loss_cls: 0.2688, acc: 93.6304, loss_bbox: 0.1879, loss: 0.6293
2021-12-04 13:32:50,617 - mmdet - INFO - Epoch [12][10350/14659]	lr: 2.000e-04, eta: 0:29:02, time: 0.409, data_time: 0.122, memory: 3951, loss_rpn_cls: 0.1042, loss_rpn_bbox: 0.0759, loss_cls: 0.2915, acc: 93.1943, loss_bbox: 0.2050, loss: 0.6766
2021-12-04 13:33:10,901 - mmdet - INFO - Epoch [12][10400/14659]	lr: 2.000e-04, eta: 0:28:41, time: 0.405, data_time: 0.121, memory: 3951, loss_rpn_cls: 0.1009, loss_rpn_bbox: 0.0767, loss_cls: 0.2887, acc: 93.2383, loss_bbox: 0.1997, loss: 0.6659
2021-12-04 13:33:31,047 - mmdet - INFO - Epoch [12][10450/14659]	lr: 2.000e-04, eta: 0:28:21, time: 0.403, data_time: 0.115, memory: 3951, loss_rpn_cls: 0.1064, loss_rpn_bbox: 0.0769, loss_cls: 0.2966, acc: 92.8525, loss_bbox: 0.2153, loss: 0.6951
2021-12-04 13:33:50,935 - mmdet - INFO - Epoch [12][10500/14659]	lr: 2.000e-04, eta: 0:28:01, time: 0.397, data_time: 0.116, memory: 3951, loss_rpn_cls: 0.1070, loss_rpn_bbox: 0.0793, loss_cls: 0.2821, acc: 93.3491, loss_bbox: 0.2050, loss: 0.6733
2021-12-04 13:34:10,982 - mmdet - INFO - Epoch [12][10550/14659]	lr: 2.000e-04, eta: 0:27:41, time: 0.401, data_time: 0.119, memory: 3951, loss_rpn_cls: 0.1024, loss_rpn_bbox: 0.0790, loss_cls: 0.2823, acc: 93.2876, loss_bbox: 0.2048, loss: 0.6685
2021-12-04 13:34:31,085 - mmdet - INFO - Epoch [12][10600/14659]	lr: 2.000e-04, eta: 0:27:20, time: 0.402, data_time: 0.114, memory: 3951, loss_rpn_cls: 0.1060, loss_rpn_bbox: 0.0806, loss_cls: 0.2936, acc: 93.2046, loss_bbox: 0.2050, loss: 0.6851
2021-12-04 13:34:50,997 - mmdet - INFO - Epoch [12][10650/14659]	lr: 2.000e-04, eta: 0:27:00, time: 0.398, data_time: 0.114, memory: 3951, loss_rpn_cls: 0.1114, loss_rpn_bbox: 0.0806, loss_cls: 0.2832, acc: 93.2993, loss_bbox: 0.2028, loss: 0.6780
2021-12-04 13:35:11,409 - mmdet - INFO - Epoch [12][10700/14659]	lr: 2.000e-04, eta: 0:26:40, time: 0.408, data_time: 0.123, memory: 3951, loss_rpn_cls: 0.1101, loss_rpn_bbox: 0.0811, loss_cls: 0.3015, acc: 92.8218, loss_bbox: 0.2181, loss: 0.7108
2021-12-04 13:35:31,329 - mmdet - INFO - Epoch [12][10750/14659]	lr: 2.000e-04, eta: 0:26:20, time: 0.398, data_time: 0.118, memory: 3951, loss_rpn_cls: 0.1053, loss_rpn_bbox: 0.0803, loss_cls: 0.3083, acc: 92.8335, loss_bbox: 0.2104, loss: 0.7043
2021-12-04 13:35:51,483 - mmdet - INFO - Epoch [12][10800/14659]	lr: 2.000e-04, eta: 0:25:59, time: 0.403, data_time: 0.116, memory: 3951, loss_rpn_cls: 0.1067, loss_rpn_bbox: 0.0772, loss_cls: 0.2948, acc: 93.0122, loss_bbox: 0.2087, loss: 0.6874
2021-12-04 13:36:11,586 - mmdet - INFO - Epoch [12][10850/14659]	lr: 2.000e-04, eta: 0:25:39, time: 0.402, data_time: 0.117, memory: 3951, loss_rpn_cls: 0.1050, loss_rpn_bbox: 0.0740, loss_cls: 0.2966, acc: 92.8740, loss_bbox: 0.2107, loss: 0.6863
2021-12-04 13:36:31,711 - mmdet - INFO - Epoch [12][10900/14659]	lr: 2.000e-04, eta: 0:25:19, time: 0.402, data_time: 0.117, memory: 3951, loss_rpn_cls: 0.1086, loss_rpn_bbox: 0.0791, loss_cls: 0.2914, acc: 92.9966, loss_bbox: 0.2102, loss: 0.6893
2021-12-04 13:36:52,005 - mmdet - INFO - Epoch [12][10950/14659]	lr: 2.000e-04, eta: 0:24:59, time: 0.406, data_time: 0.116, memory: 3951, loss_rpn_cls: 0.1100, loss_rpn_bbox: 0.0745, loss_cls: 0.2757, acc: 93.3960, loss_bbox: 0.1949, loss: 0.6551
2021-12-04 13:37:11,932 - mmdet - INFO - Epoch [12][11000/14659]	lr: 2.000e-04, eta: 0:24:38, time: 0.399, data_time: 0.111, memory: 3951, loss_rpn_cls: 0.1113, loss_rpn_bbox: 0.0844, loss_cls: 0.2990, acc: 93.0356, loss_bbox: 0.2080, loss: 0.7028
2021-12-04 13:37:31,963 - mmdet - INFO - Epoch [12][11050/14659]	lr: 2.000e-04, eta: 0:24:18, time: 0.401, data_time: 0.117, memory: 3951, loss_rpn_cls: 0.1003, loss_rpn_bbox: 0.0738, loss_cls: 0.2924, acc: 93.2334, loss_bbox: 0.2014, loss: 0.6680
2021-12-04 13:37:52,351 - mmdet - INFO - Epoch [12][11100/14659]	lr: 2.000e-04, eta: 0:23:58, time: 0.408, data_time: 0.124, memory: 3951, loss_rpn_cls: 0.1000, loss_rpn_bbox: 0.0742, loss_cls: 0.2845, acc: 93.4009, loss_bbox: 0.1944, loss: 0.6532
2021-12-04 13:38:12,538 - mmdet - INFO - Epoch [12][11150/14659]	lr: 2.000e-04, eta: 0:23:38, time: 0.403, data_time: 0.118, memory: 3951, loss_rpn_cls: 0.1119, loss_rpn_bbox: 0.0748, loss_cls: 0.3034, acc: 92.9517, loss_bbox: 0.2059, loss: 0.6961
2021-12-04 13:38:32,710 - mmdet - INFO - Epoch [12][11200/14659]	lr: 2.000e-04, eta: 0:23:17, time: 0.404, data_time: 0.122, memory: 3951, loss_rpn_cls: 0.0953, loss_rpn_bbox: 0.0724, loss_cls: 0.2862, acc: 93.2827, loss_bbox: 0.2008, loss: 0.6547
2021-12-04 13:38:53,050 - mmdet - INFO - Epoch [12][11250/14659]	lr: 2.000e-04, eta: 0:22:57, time: 0.407, data_time: 0.121, memory: 3951, loss_rpn_cls: 0.1076, loss_rpn_bbox: 0.0740, loss_cls: 0.2898, acc: 92.9756, loss_bbox: 0.2137, loss: 0.6851
2021-12-04 13:39:13,101 - mmdet - INFO - Epoch [12][11300/14659]	lr: 2.000e-04, eta: 0:22:37, time: 0.401, data_time: 0.115, memory: 3951, loss_rpn_cls: 0.1048, loss_rpn_bbox: 0.0756, loss_cls: 0.2885, acc: 93.1846, loss_bbox: 0.2066, loss: 0.6755
2021-12-04 13:39:33,451 - mmdet - INFO - Epoch [12][11350/14659]	lr: 2.000e-04, eta: 0:22:17, time: 0.407, data_time: 0.121, memory: 3951, loss_rpn_cls: 0.1058, loss_rpn_bbox: 0.0786, loss_cls: 0.2944, acc: 93.0547, loss_bbox: 0.2058, loss: 0.6846
2021-12-04 13:39:53,449 - mmdet - INFO - Epoch [12][11400/14659]	lr: 2.000e-04, eta: 0:21:57, time: 0.400, data_time: 0.112, memory: 3951, loss_rpn_cls: 0.0990, loss_rpn_bbox: 0.0705, loss_cls: 0.2904, acc: 93.1973, loss_bbox: 0.1997, loss: 0.6596
2021-12-04 13:40:13,805 - mmdet - INFO - Epoch [12][11450/14659]	lr: 2.000e-04, eta: 0:21:36, time: 0.407, data_time: 0.120, memory: 3951, loss_rpn_cls: 0.1156, loss_rpn_bbox: 0.0829, loss_cls: 0.2954, acc: 93.0942, loss_bbox: 0.2060, loss: 0.6999
2021-12-04 13:40:33,982 - mmdet - INFO - Epoch [12][11500/14659]	lr: 2.000e-04, eta: 0:21:16, time: 0.404, data_time: 0.117, memory: 3951, loss_rpn_cls: 0.1045, loss_rpn_bbox: 0.0765, loss_cls: 0.2989, acc: 92.9912, loss_bbox: 0.2058, loss: 0.6857
2021-12-04 13:40:54,117 - mmdet - INFO - Epoch [12][11550/14659]	lr: 2.000e-04, eta: 0:20:56, time: 0.403, data_time: 0.115, memory: 3951, loss_rpn_cls: 0.0964, loss_rpn_bbox: 0.0694, loss_cls: 0.2920, acc: 93.2915, loss_bbox: 0.1994, loss: 0.6572
2021-12-04 13:41:14,452 - mmdet - INFO - Epoch [12][11600/14659]	lr: 2.000e-04, eta: 0:20:36, time: 0.406, data_time: 0.123, memory: 3951, loss_rpn_cls: 0.0940, loss_rpn_bbox: 0.0690, loss_cls: 0.2876, acc: 93.1475, loss_bbox: 0.2080, loss: 0.6586
2021-12-04 13:41:34,481 - mmdet - INFO - Epoch [12][11650/14659]	lr: 2.000e-04, eta: 0:20:16, time: 0.401, data_time: 0.113, memory: 3951, loss_rpn_cls: 0.1083, loss_rpn_bbox: 0.0756, loss_cls: 0.2913, acc: 93.0620, loss_bbox: 0.2080, loss: 0.6831
2021-12-04 13:41:54,481 - mmdet - INFO - Epoch [12][11700/14659]	lr: 2.000e-04, eta: 0:19:55, time: 0.400, data_time: 0.112, memory: 3951, loss_rpn_cls: 0.1083, loss_rpn_bbox: 0.0839, loss_cls: 0.2887, acc: 93.0337, loss_bbox: 0.2125, loss: 0.6933
2021-12-04 13:42:14,997 - mmdet - INFO - Epoch [12][11750/14659]	lr: 2.000e-04, eta: 0:19:35, time: 0.410, data_time: 0.123, memory: 3951, loss_rpn_cls: 0.1030, loss_rpn_bbox: 0.0741, loss_cls: 0.2802, acc: 93.3535, loss_bbox: 0.1979, loss: 0.6552
2021-12-04 13:42:35,199 - mmdet - INFO - Epoch [12][11800/14659]	lr: 2.000e-04, eta: 0:19:15, time: 0.404, data_time: 0.117, memory: 3951, loss_rpn_cls: 0.1075, loss_rpn_bbox: 0.0775, loss_cls: 0.2765, acc: 93.3950, loss_bbox: 0.2003, loss: 0.6617
2021-12-04 13:42:55,548 - mmdet - INFO - Epoch [12][11850/14659]	lr: 2.000e-04, eta: 0:18:55, time: 0.407, data_time: 0.122, memory: 3951, loss_rpn_cls: 0.1001, loss_rpn_bbox: 0.0725, loss_cls: 0.2778, acc: 93.5244, loss_bbox: 0.1968, loss: 0.6472
2021-12-04 13:43:15,874 - mmdet - INFO - Epoch [12][11900/14659]	lr: 2.000e-04, eta: 0:18:35, time: 0.407, data_time: 0.119, memory: 3951, loss_rpn_cls: 0.0963, loss_rpn_bbox: 0.0685, loss_cls: 0.2814, acc: 93.5005, loss_bbox: 0.1914, loss: 0.6376
2021-12-04 13:43:36,042 - mmdet - INFO - Epoch [12][11950/14659]	lr: 2.000e-04, eta: 0:18:14, time: 0.403, data_time: 0.112, memory: 3951, loss_rpn_cls: 0.1066, loss_rpn_bbox: 0.0785, loss_cls: 0.2999, acc: 92.9282, loss_bbox: 0.2127, loss: 0.6978
2021-12-04 13:43:56,083 - mmdet - INFO - Epoch [12][12000/14659]	lr: 2.000e-04, eta: 0:17:54, time: 0.401, data_time: 0.120, memory: 3951, loss_rpn_cls: 0.1086, loss_rpn_bbox: 0.0811, loss_cls: 0.2927, acc: 93.1069, loss_bbox: 0.2068, loss: 0.6893
2021-12-04 13:44:16,312 - mmdet - INFO - Epoch [12][12050/14659]	lr: 2.000e-04, eta: 0:17:34, time: 0.405, data_time: 0.116, memory: 3951, loss_rpn_cls: 0.1119, loss_rpn_bbox: 0.0818, loss_cls: 0.2915, acc: 93.1445, loss_bbox: 0.2051, loss: 0.6903
2021-12-04 13:44:36,681 - mmdet - INFO - Epoch [12][12100/14659]	lr: 2.000e-04, eta: 0:17:14, time: 0.407, data_time: 0.121, memory: 3951, loss_rpn_cls: 0.1158, loss_rpn_bbox: 0.0844, loss_cls: 0.3080, acc: 92.6914, loss_bbox: 0.2179, loss: 0.7262
2021-12-04 13:44:56,672 - mmdet - INFO - Epoch [12][12150/14659]	lr: 2.000e-04, eta: 0:16:54, time: 0.399, data_time: 0.118, memory: 3951, loss_rpn_cls: 0.1122, loss_rpn_bbox: 0.0779, loss_cls: 0.2907, acc: 93.2852, loss_bbox: 0.2016, loss: 0.6825
2021-12-04 13:45:17,080 - mmdet - INFO - Epoch [12][12200/14659]	lr: 2.000e-04, eta: 0:16:33, time: 0.408, data_time: 0.124, memory: 3951, loss_rpn_cls: 0.0976, loss_rpn_bbox: 0.0783, loss_cls: 0.2929, acc: 93.0669, loss_bbox: 0.2108, loss: 0.6796
2021-12-04 13:45:37,490 - mmdet - INFO - Epoch [12][12250/14659]	lr: 2.000e-04, eta: 0:16:13, time: 0.408, data_time: 0.121, memory: 3951, loss_rpn_cls: 0.0982, loss_rpn_bbox: 0.0711, loss_cls: 0.2760, acc: 93.5640, loss_bbox: 0.1924, loss: 0.6379
2021-12-04 13:45:57,763 - mmdet - INFO - Epoch [12][12300/14659]	lr: 2.000e-04, eta: 0:15:53, time: 0.405, data_time: 0.124, memory: 3951, loss_rpn_cls: 0.1056, loss_rpn_bbox: 0.0771, loss_cls: 0.3001, acc: 92.8687, loss_bbox: 0.2115, loss: 0.6943
2021-12-04 13:46:17,962 - mmdet - INFO - Epoch [12][12350/14659]	lr: 2.000e-04, eta: 0:15:33, time: 0.404, data_time: 0.119, memory: 3951, loss_rpn_cls: 0.1029, loss_rpn_bbox: 0.0733, loss_cls: 0.2826, acc: 93.3750, loss_bbox: 0.1980, loss: 0.6568
2021-12-04 13:46:37,995 - mmdet - INFO - Epoch [12][12400/14659]	lr: 2.000e-04, eta: 0:15:13, time: 0.401, data_time: 0.117, memory: 3951, loss_rpn_cls: 0.1061, loss_rpn_bbox: 0.0805, loss_cls: 0.3042, acc: 92.8208, loss_bbox: 0.2144, loss: 0.7051
2021-12-04 13:46:58,166 - mmdet - INFO - Epoch [12][12450/14659]	lr: 2.000e-04, eta: 0:14:52, time: 0.403, data_time: 0.116, memory: 3951, loss_rpn_cls: 0.1098, loss_rpn_bbox: 0.0829, loss_cls: 0.3015, acc: 92.8115, loss_bbox: 0.2161, loss: 0.7103
2021-12-04 13:47:18,380 - mmdet - INFO - Epoch [12][12500/14659]	lr: 2.000e-04, eta: 0:14:32, time: 0.404, data_time: 0.123, memory: 3951, loss_rpn_cls: 0.1024, loss_rpn_bbox: 0.0770, loss_cls: 0.2996, acc: 92.8662, loss_bbox: 0.2156, loss: 0.6947
2021-12-04 13:47:38,428 - mmdet - INFO - Epoch [12][12550/14659]	lr: 2.000e-04, eta: 0:14:12, time: 0.401, data_time: 0.117, memory: 3951, loss_rpn_cls: 0.1090, loss_rpn_bbox: 0.0764, loss_cls: 0.2895, acc: 93.1787, loss_bbox: 0.2044, loss: 0.6793
2021-12-04 13:47:58,564 - mmdet - INFO - Epoch [12][12600/14659]	lr: 2.000e-04, eta: 0:13:52, time: 0.403, data_time: 0.117, memory: 3951, loss_rpn_cls: 0.1039, loss_rpn_bbox: 0.0725, loss_cls: 0.2915, acc: 93.2119, loss_bbox: 0.2022, loss: 0.6701
2021-12-04 13:48:18,946 - mmdet - INFO - Epoch [12][12650/14659]	lr: 2.000e-04, eta: 0:13:31, time: 0.408, data_time: 0.123, memory: 3951, loss_rpn_cls: 0.1129, loss_rpn_bbox: 0.0827, loss_cls: 0.3187, acc: 92.5215, loss_bbox: 0.2214, loss: 0.7357
2021-12-04 13:48:39,300 - mmdet - INFO - Epoch [12][12700/14659]	lr: 2.000e-04, eta: 0:13:11, time: 0.407, data_time: 0.118, memory: 3951, loss_rpn_cls: 0.1078, loss_rpn_bbox: 0.0751, loss_cls: 0.2860, acc: 93.1567, loss_bbox: 0.2067, loss: 0.6756
2021-12-04 13:48:59,651 - mmdet - INFO - Epoch [12][12750/14659]	lr: 2.000e-04, eta: 0:12:51, time: 0.407, data_time: 0.122, memory: 3951, loss_rpn_cls: 0.1095, loss_rpn_bbox: 0.0767, loss_cls: 0.2958, acc: 92.9243, loss_bbox: 0.2119, loss: 0.6940
2021-12-04 13:49:19,671 - mmdet - INFO - Epoch [12][12800/14659]	lr: 2.000e-04, eta: 0:12:31, time: 0.401, data_time: 0.116, memory: 3951, loss_rpn_cls: 0.1109, loss_rpn_bbox: 0.0827, loss_cls: 0.2943, acc: 92.9639, loss_bbox: 0.2086, loss: 0.6965
2021-12-04 13:49:39,938 - mmdet - INFO - Epoch [12][12850/14659]	lr: 2.000e-04, eta: 0:12:11, time: 0.405, data_time: 0.118, memory: 3951, loss_rpn_cls: 0.1001, loss_rpn_bbox: 0.0692, loss_cls: 0.2839, acc: 93.2246, loss_bbox: 0.2001, loss: 0.6534
2021-12-04 13:50:00,269 - mmdet - INFO - Epoch [12][12900/14659]	lr: 2.000e-04, eta: 0:11:50, time: 0.407, data_time: 0.122, memory: 3951, loss_rpn_cls: 0.1060, loss_rpn_bbox: 0.0774, loss_cls: 0.3029, acc: 92.5781, loss_bbox: 0.2231, loss: 0.7093
2021-12-04 13:50:20,800 - mmdet - INFO - Epoch [12][12950/14659]	lr: 2.000e-04, eta: 0:11:30, time: 0.411, data_time: 0.119, memory: 3951, loss_rpn_cls: 0.1038, loss_rpn_bbox: 0.0767, loss_cls: 0.2718, acc: 93.5928, loss_bbox: 0.1920, loss: 0.6444
2021-12-04 13:50:40,671 - mmdet - INFO - Epoch [12][13000/14659]	lr: 2.000e-04, eta: 0:11:10, time: 0.397, data_time: 0.110, memory: 3951, loss_rpn_cls: 0.1075, loss_rpn_bbox: 0.0761, loss_cls: 0.2911, acc: 93.2837, loss_bbox: 0.2003, loss: 0.6751
2021-12-04 13:51:01,016 - mmdet - INFO - Epoch [12][13050/14659]	lr: 2.000e-04, eta: 0:10:50, time: 0.407, data_time: 0.118, memory: 3951, loss_rpn_cls: 0.1012, loss_rpn_bbox: 0.0764, loss_cls: 0.2889, acc: 93.2212, loss_bbox: 0.2036, loss: 0.6701
2021-12-04 13:51:21,345 - mmdet - INFO - Epoch [12][13100/14659]	lr: 2.000e-04, eta: 0:10:30, time: 0.406, data_time: 0.118, memory: 3951, loss_rpn_cls: 0.1071, loss_rpn_bbox: 0.0792, loss_cls: 0.2933, acc: 93.0986, loss_bbox: 0.2069, loss: 0.6866
2021-12-04 13:51:41,529 - mmdet - INFO - Epoch [12][13150/14659]	lr: 2.000e-04, eta: 0:10:09, time: 0.404, data_time: 0.120, memory: 3951, loss_rpn_cls: 0.1020, loss_rpn_bbox: 0.0811, loss_cls: 0.3131, acc: 92.7168, loss_bbox: 0.2173, loss: 0.7136
2021-12-04 13:52:01,922 - mmdet - INFO - Epoch [12][13200/14659]	lr: 2.000e-04, eta: 0:09:49, time: 0.408, data_time: 0.120, memory: 3951, loss_rpn_cls: 0.1112, loss_rpn_bbox: 0.0828, loss_cls: 0.2948, acc: 93.0063, loss_bbox: 0.2071, loss: 0.6960
2021-12-04 13:52:22,237 - mmdet - INFO - Epoch [12][13250/14659]	lr: 2.000e-04, eta: 0:09:29, time: 0.406, data_time: 0.121, memory: 3951, loss_rpn_cls: 0.1056, loss_rpn_bbox: 0.0761, loss_cls: 0.2807, acc: 93.2466, loss_bbox: 0.1989, loss: 0.6612
2021-12-04 13:52:42,509 - mmdet - INFO - Epoch [12][13300/14659]	lr: 2.000e-04, eta: 0:09:09, time: 0.405, data_time: 0.120, memory: 3951, loss_rpn_cls: 0.1087, loss_rpn_bbox: 0.0838, loss_cls: 0.3071, acc: 92.8589, loss_bbox: 0.2141, loss: 0.7136
2021-12-04 13:53:02,628 - mmdet - INFO - Epoch [12][13350/14659]	lr: 2.000e-04, eta: 0:08:49, time: 0.402, data_time: 0.119, memory: 3951, loss_rpn_cls: 0.1046, loss_rpn_bbox: 0.0740, loss_cls: 0.2802, acc: 93.2280, loss_bbox: 0.2057, loss: 0.6645
2021-12-04 13:53:22,994 - mmdet - INFO - Epoch [12][13400/14659]	lr: 2.000e-04, eta: 0:08:28, time: 0.408, data_time: 0.121, memory: 3951, loss_rpn_cls: 0.0978, loss_rpn_bbox: 0.0705, loss_cls: 0.2783, acc: 93.4854, loss_bbox: 0.1940, loss: 0.6406
2021-12-04 13:53:43,126 - mmdet - INFO - Epoch [12][13450/14659]	lr: 2.000e-04, eta: 0:08:08, time: 0.403, data_time: 0.116, memory: 3951, loss_rpn_cls: 0.1040, loss_rpn_bbox: 0.0746, loss_cls: 0.2865, acc: 93.3608, loss_bbox: 0.1977, loss: 0.6627
2021-12-04 13:54:03,233 - mmdet - INFO - Epoch [12][13500/14659]	lr: 2.000e-04, eta: 0:07:48, time: 0.402, data_time: 0.110, memory: 3951, loss_rpn_cls: 0.0958, loss_rpn_bbox: 0.0758, loss_cls: 0.2806, acc: 93.2744, loss_bbox: 0.2028, loss: 0.6551
2021-12-04 13:54:23,489 - mmdet - INFO - Epoch [12][13550/14659]	lr: 2.000e-04, eta: 0:07:28, time: 0.405, data_time: 0.122, memory: 3951, loss_rpn_cls: 0.1076, loss_rpn_bbox: 0.0780, loss_cls: 0.2903, acc: 93.1621, loss_bbox: 0.2086, loss: 0.6844
2021-12-04 13:54:43,693 - mmdet - INFO - Epoch [12][13600/14659]	lr: 2.000e-04, eta: 0:07:08, time: 0.404, data_time: 0.117, memory: 3951, loss_rpn_cls: 0.1059, loss_rpn_bbox: 0.0722, loss_cls: 0.2964, acc: 92.9175, loss_bbox: 0.2114, loss: 0.6858
2021-12-04 13:55:03,877 - mmdet - INFO - Epoch [12][13650/14659]	lr: 2.000e-04, eta: 0:06:47, time: 0.404, data_time: 0.113, memory: 3951, loss_rpn_cls: 0.1096, loss_rpn_bbox: 0.0790, loss_cls: 0.3017, acc: 93.0664, loss_bbox: 0.2078, loss: 0.6981
2021-12-04 13:55:24,133 - mmdet - INFO - Epoch [12][13700/14659]	lr: 2.000e-04, eta: 0:06:27, time: 0.405, data_time: 0.123, memory: 3951, loss_rpn_cls: 0.1096, loss_rpn_bbox: 0.0842, loss_cls: 0.2999, acc: 92.8853, loss_bbox: 0.2098, loss: 0.7035
2021-12-04 13:55:44,186 - mmdet - INFO - Epoch [12][13750/14659]	lr: 2.000e-04, eta: 0:06:07, time: 0.401, data_time: 0.112, memory: 3951, loss_rpn_cls: 0.1107, loss_rpn_bbox: 0.0754, loss_cls: 0.2992, acc: 93.0874, loss_bbox: 0.2078, loss: 0.6930
2021-12-04 13:56:04,236 - mmdet - INFO - Epoch [12][13800/14659]	lr: 2.000e-04, eta: 0:05:47, time: 0.401, data_time: 0.115, memory: 3951, loss_rpn_cls: 0.1017, loss_rpn_bbox: 0.0762, loss_cls: 0.2949, acc: 93.0190, loss_bbox: 0.2089, loss: 0.6817
2021-12-04 13:56:24,485 - mmdet - INFO - Epoch [12][13850/14659]	lr: 2.000e-04, eta: 0:05:27, time: 0.405, data_time: 0.117, memory: 3951, loss_rpn_cls: 0.1023, loss_rpn_bbox: 0.0724, loss_cls: 0.2824, acc: 93.5474, loss_bbox: 0.1952, loss: 0.6523
2021-12-04 13:56:44,716 - mmdet - INFO - Epoch [12][13900/14659]	lr: 2.000e-04, eta: 0:05:06, time: 0.405, data_time: 0.121, memory: 3951, loss_rpn_cls: 0.1083, loss_rpn_bbox: 0.0770, loss_cls: 0.2846, acc: 93.2964, loss_bbox: 0.1985, loss: 0.6685
2021-12-04 13:57:04,956 - mmdet - INFO - Epoch [12][13950/14659]	lr: 2.000e-04, eta: 0:04:46, time: 0.405, data_time: 0.114, memory: 3951, loss_rpn_cls: 0.1016, loss_rpn_bbox: 0.0801, loss_cls: 0.2809, acc: 93.2651, loss_bbox: 0.2058, loss: 0.6684
2021-12-04 13:57:25,166 - mmdet - INFO - Epoch [12][14000/14659]	lr: 2.000e-04, eta: 0:04:26, time: 0.404, data_time: 0.122, memory: 3951, loss_rpn_cls: 0.0894, loss_rpn_bbox: 0.0685, loss_cls: 0.2784, acc: 93.3540, loss_bbox: 0.2018, loss: 0.6381
2021-12-04 13:57:45,946 - mmdet - INFO - Epoch [12][14050/14659]	lr: 2.000e-04, eta: 0:04:06, time: 0.416, data_time: 0.132, memory: 3951, loss_rpn_cls: 0.1051, loss_rpn_bbox: 0.0763, loss_cls: 0.3017, acc: 93.0640, loss_bbox: 0.2122, loss: 0.6953
2021-12-04 13:58:06,318 - mmdet - INFO - Epoch [12][14100/14659]	lr: 2.000e-04, eta: 0:03:45, time: 0.407, data_time: 0.123, memory: 3951, loss_rpn_cls: 0.1080, loss_rpn_bbox: 0.0791, loss_cls: 0.3002, acc: 92.6538, loss_bbox: 0.2178, loss: 0.7051
2021-12-04 13:58:26,699 - mmdet - INFO - Epoch [12][14150/14659]	lr: 2.000e-04, eta: 0:03:25, time: 0.408, data_time: 0.125, memory: 3951, loss_rpn_cls: 0.1066, loss_rpn_bbox: 0.0730, loss_cls: 0.2821, acc: 93.3481, loss_bbox: 0.2011, loss: 0.6628
2021-12-04 13:58:47,140 - mmdet - INFO - Epoch [12][14200/14659]	lr: 2.000e-04, eta: 0:03:05, time: 0.409, data_time: 0.118, memory: 3951, loss_rpn_cls: 0.1028, loss_rpn_bbox: 0.0726, loss_cls: 0.2886, acc: 93.3867, loss_bbox: 0.1964, loss: 0.6604
2021-12-04 13:59:07,590 - mmdet - INFO - Epoch [12][14250/14659]	lr: 2.000e-04, eta: 0:02:45, time: 0.409, data_time: 0.122, memory: 3951, loss_rpn_cls: 0.1016, loss_rpn_bbox: 0.0767, loss_cls: 0.2968, acc: 93.0767, loss_bbox: 0.2107, loss: 0.6858
2021-12-04 13:59:27,840 - mmdet - INFO - Epoch [12][14300/14659]	lr: 2.000e-04, eta: 0:02:25, time: 0.405, data_time: 0.120, memory: 3951, loss_rpn_cls: 0.1016, loss_rpn_bbox: 0.0756, loss_cls: 0.2897, acc: 93.1294, loss_bbox: 0.2057, loss: 0.6727
2021-12-04 13:59:48,035 - mmdet - INFO - Epoch [12][14350/14659]	lr: 2.000e-04, eta: 0:02:04, time: 0.404, data_time: 0.120, memory: 3951, loss_rpn_cls: 0.1025, loss_rpn_bbox: 0.0727, loss_cls: 0.3145, acc: 92.5645, loss_bbox: 0.2206, loss: 0.7102
2021-12-04 14:00:08,236 - mmdet - INFO - Epoch [12][14400/14659]	lr: 2.000e-04, eta: 0:01:44, time: 0.404, data_time: 0.117, memory: 3951, loss_rpn_cls: 0.1067, loss_rpn_bbox: 0.0795, loss_cls: 0.2812, acc: 93.4072, loss_bbox: 0.1950, loss: 0.6623
2021-12-04 14:00:28,679 - mmdet - INFO - Epoch [12][14450/14659]	lr: 2.000e-04, eta: 0:01:24, time: 0.409, data_time: 0.126, memory: 3951, loss_rpn_cls: 0.1056, loss_rpn_bbox: 0.0748, loss_cls: 0.2795, acc: 93.3042, loss_bbox: 0.2001, loss: 0.6600
2021-12-04 14:00:48,760 - mmdet - INFO - Epoch [12][14500/14659]	lr: 2.000e-04, eta: 0:01:04, time: 0.401, data_time: 0.116, memory: 3951, loss_rpn_cls: 0.1004, loss_rpn_bbox: 0.0777, loss_cls: 0.2946, acc: 93.2246, loss_bbox: 0.1983, loss: 0.6710
2021-12-04 14:01:08,831 - mmdet - INFO - Epoch [12][14550/14659]	lr: 2.000e-04, eta: 0:00:44, time: 0.402, data_time: 0.116, memory: 3951, loss_rpn_cls: 0.1044, loss_rpn_bbox: 0.0712, loss_cls: 0.2728, acc: 93.5625, loss_bbox: 0.1934, loss: 0.6418
2021-12-04 14:01:28,719 - mmdet - INFO - Epoch [12][14600/14659]	lr: 2.000e-04, eta: 0:00:23, time: 0.398, data_time: 0.113, memory: 3951, loss_rpn_cls: 0.0936, loss_rpn_bbox: 0.0713, loss_cls: 0.2702, acc: 93.4653, loss_bbox: 0.1985, loss: 0.6337
2021-12-04 14:01:48,995 - mmdet - INFO - Epoch [12][14650/14659]	lr: 2.000e-04, eta: 0:00:03, time: 0.405, data_time: 0.118, memory: 3951, loss_rpn_cls: 0.0970, loss_rpn_bbox: 0.0749, loss_cls: 0.2794, acc: 93.3799, loss_bbox: 0.1971, loss: 0.6483
2021-12-04 14:01:52,628 - mmdet - INFO - Saving checkpoint at 12 epochs
2021-12-04 14:03:55,220 - mmdet - INFO - Evaluating bbox...
2021-12-04 14:05:12,465 - mmdet - INFO - Exp name: faster_rcnn_r50_fpn_1x_coco_none.py
2021-12-04 14:05:12,465 - mmdet - INFO - Epoch(val) [12][14659]	bbox_mAP: 0.0840, bbox_mAP_50: 0.1740, bbox_mAP_75: 0.0710, bbox_mAP_s: 0.0440, bbox_mAP_m: 0.0940, bbox_mAP_l: 0.1140, bbox_mAP_copypaste: 0.084 0.174 0.071 0.044 0.094 0.114
