2021-12-09 14:36:10,804 - mmdet - INFO - Environment info:
------------------------------------------------------------
sys.platform: linux
Python: 3.7.9 (default, Aug 31 2020, 12:42:55) [GCC 7.3.0]
CUDA available: True
GPU 0,1,2,3: GeForce RTX 2080 Ti
CUDA_HOME: /usr/local/cuda
NVCC: Cuda compilation tools, release 10.0, V10.0.130
GCC: gcc (Ubuntu 5.4.0-6ubuntu1~16.04.11) 5.4.0 20160609
PyTorch: 1.6.0
PyTorch compiling details: PyTorch built with:
  - GCC 7.3
  - C++ Version: 201402
  - Intel(R) Math Kernel Library Version 2020.0.2 Product Build 20200624 for Intel(R) 64 architecture applications
  - Intel(R) MKL-DNN v1.5.0 (Git Hash e2ac1fac44c5078ca927cb9b90e1b3066a0b2ed0)
  - OpenMP 201511 (a.k.a. OpenMP 4.5)
  - NNPACK is enabled
  - CPU capability usage: AVX2
  - CUDA Runtime 10.2
  - NVCC architecture flags: -gencode;arch=compute_37,code=sm_37;-gencode;arch=compute_50,code=sm_50;-gencode;arch=compute_60,code=sm_60;-gencode;arch=compute_61,code=sm_61;-gencode;arch=compute_70,code=sm_70;-gencode;arch=compute_75,code=sm_75;-gencode;arch=compute_37,code=compute_37
  - CuDNN 7.6.5
  - Magma 2.5.2
  - Build settings: BLAS=MKL, BUILD_TYPE=Release, CXX_FLAGS= -Wno-deprecated -fvisibility-inlines-hidden -DUSE_PTHREADPOOL -fopenmp -DNDEBUG -DUSE_FBGEMM -DUSE_QNNPACK -DUSE_PYTORCH_QNNPACK -DUSE_XNNPACK -DUSE_VULKAN_WRAPPER -O2 -fPIC -Wno-narrowing -Wall -Wextra -Werror=return-type -Wno-missing-field-initializers -Wno-type-limits -Wno-array-bounds -Wno-unknown-pragmas -Wno-sign-compare -Wno-unused-parameter -Wno-unused-variable -Wno-unused-function -Wno-unused-result -Wno-unused-local-typedefs -Wno-strict-overflow -Wno-strict-aliasing -Wno-error=deprecated-declarations -Wno-stringop-overflow -Wno-error=pedantic -Wno-error=redundant-decls -Wno-error=old-style-cast -fdiagnostics-color=always -faligned-new -Wno-unused-but-set-variable -Wno-maybe-uninitialized -fno-math-errno -fno-trapping-math -Werror=format -Wno-stringop-overflow, PERF_WITH_AVX=1, PERF_WITH_AVX2=1, PERF_WITH_AVX512=1, USE_CUDA=ON, USE_EXCEPTION_PTR=1, USE_GFLAGS=OFF, USE_GLOG=OFF, USE_MKL=ON, USE_MKLDNN=ON, USE_MPI=OFF, USE_NCCL=ON, USE_NNPACK=ON, USE_OPENMP=ON, USE_STATIC_DISPATCH=OFF, 

TorchVision: 0.7.0
OpenCV: 4.4.0
MMCV: 1.3.3
MMCV Compiler: GCC 7.3
MMCV CUDA Compiler: 10.2
MMDetection: 2.12.0+
------------------------------------------------------------

2021-12-09 14:36:11,464 - mmdet - INFO - Distributed training: True
2021-12-09 14:36:11,989 - mmdet - INFO - Config:
model = dict(
    type='FasterRCNN',
    pretrained=
    '../mmclassification/work_dirs/tct_full_resnet50_b32x8/epoch_50_pretrained.pth',
    backbone=dict(
        type='ResNet',
        depth=50,
        num_stages=4,
        out_indices=(0, 1, 2, 3),
        frozen_stages=1,
        norm_cfg=dict(type='BN', requires_grad=True),
        norm_eval=True,
        style='pytorch'),
    neck=dict(
        type='FPN',
        in_channels=[256, 512, 1024, 2048],
        out_channels=256,
        num_outs=5),
    rpn_head=dict(
        type='RPNHead',
        in_channels=256,
        feat_channels=256,
        anchor_generator=dict(
            type='AnchorGenerator',
            scales=[8],
            ratios=[0.5, 1.0, 2.0],
            strides=[4, 8, 16, 32, 64]),
        bbox_coder=dict(
            type='DeltaXYWHBBoxCoder',
            target_means=[0.0, 0.0, 0.0, 0.0],
            target_stds=[1.0, 1.0, 1.0, 1.0]),
        loss_cls=dict(
            type='CrossEntropyLoss', use_sigmoid=True, loss_weight=1.0),
        loss_bbox=dict(type='L1Loss', loss_weight=1.0)),
    roi_head=dict(
        type='StandardRoIHead',
        bbox_roi_extractor=dict(
            type='SingleRoIExtractor',
            roi_layer=dict(type='RoIAlign', output_size=7, sampling_ratio=0),
            out_channels=256,
            featmap_strides=[4, 8, 16, 32]),
        bbox_head=dict(
            type='Shared2FCBBoxHead',
            in_channels=256,
            fc_out_channels=1024,
            roi_feat_size=7,
            num_classes=10,
            bbox_coder=dict(
                type='DeltaXYWHBBoxCoder',
                target_means=[0.0, 0.0, 0.0, 0.0],
                target_stds=[0.1, 0.1, 0.2, 0.2]),
            reg_class_agnostic=False,
            loss_cls=dict(
                type='CrossEntropyLoss', use_sigmoid=False, loss_weight=1.0),
            loss_bbox=dict(type='L1Loss', loss_weight=1.0))))
train_cfg = dict(
    rpn=dict(
        assigner=dict(
            type='MaxIoUAssigner',
            pos_iou_thr=0.7,
            neg_iou_thr=0.3,
            min_pos_iou=0.3,
            match_low_quality=True,
            ignore_iof_thr=-1),
        sampler=dict(
            type='RandomSampler',
            num=256,
            pos_fraction=0.5,
            neg_pos_ub=-1,
            add_gt_as_proposals=False),
        allowed_border=-1,
        pos_weight=-1,
        debug=False),
    rpn_proposal=dict(
        nms_across_levels=False,
        nms_pre=2000,
        nms_post=1000,
        max_num=1000,
        nms_thr=0.7,
        min_bbox_size=0),
    rcnn=dict(
        assigner=dict(
            type='MaxIoUAssigner',
            pos_iou_thr=0.5,
            neg_iou_thr=0.5,
            min_pos_iou=0.5,
            match_low_quality=False,
            ignore_iof_thr=-1),
        sampler=dict(
            type='RandomSampler',
            num=512,
            pos_fraction=0.25,
            neg_pos_ub=-1,
            add_gt_as_proposals=True),
        pos_weight=-1,
        debug=False))
test_cfg = dict(
    rpn=dict(
        nms_across_levels=False,
        nms_pre=1000,
        nms_post=1000,
        max_num=1000,
        nms_thr=0.7,
        min_bbox_size=0),
    rcnn=dict(
        score_thr=0.05,
        nms=dict(type='nms', iou_threshold=0.5),
        max_per_img=100))
dataset_type = 'CocoDataset'
data_root = 'data/coco/'
annotations_root = '../data/TCT_30000/'
image_root = '../data/TCT_30000/'
classes = ('normal', 'ascus', 'asch', 'lsil', 'hsil_scc_omn',
           'agc_adenocarcinoma_em', 'vaginalis', 'monilia',
           'dysbacteriosis_herpes_act', 'ec')
img_norm_cfg = dict(
    mean=[123.675, 116.28, 103.53], std=[58.395, 57.12, 57.375], to_rgb=True)
train_pipeline = [
    dict(type='LoadImageFromFile'),
    dict(type='LoadAnnotations', with_bbox=True),
    dict(type='Resize', img_scale=(1333, 800), keep_ratio=True),
    dict(type='RandomFlip', flip_ratio=0.5),
    dict(
        type='Normalize',
        mean=[123.675, 116.28, 103.53],
        std=[58.395, 57.12, 57.375],
        to_rgb=True),
    dict(type='Pad', size_divisor=32),
    dict(type='DefaultFormatBundle'),
    dict(type='Collect', keys=['img', 'gt_bboxes', 'gt_labels'])
]
test_pipeline = [
    dict(type='LoadImageFromFile'),
    dict(
        type='MultiScaleFlipAug',
        img_scale=(1333, 800),
        flip=False,
        transforms=[
            dict(type='Resize', keep_ratio=True),
            dict(type='RandomFlip'),
            dict(
                type='Normalize',
                mean=[123.675, 116.28, 103.53],
                std=[58.395, 57.12, 57.375],
                to_rgb=True),
            dict(type='Pad', size_divisor=32),
            dict(type='ImageToTensor', keys=['img']),
            dict(type='Collect', keys=['img'])
        ])
]
data = dict(
    samples_per_gpu=2,
    workers_per_gpu=0,
    train=dict(
        type='CocoDataset',
        classes=('normal', 'ascus', 'asch', 'lsil', 'hsil_scc_omn',
                 'agc_adenocarcinoma_em', 'vaginalis', 'monilia',
                 'dysbacteriosis_herpes_act', 'ec'),
        ann_file='../data/TCT_30000/train30000-cat10.json',
        img_prefix='../data/TCT_30000/',
        pipeline=[
            dict(type='LoadImageFromFile'),
            dict(type='LoadAnnotations', with_bbox=True),
            dict(type='Resize', img_scale=(1333, 800), keep_ratio=True),
            dict(type='RandomFlip', flip_ratio=0.5),
            dict(
                type='Normalize',
                mean=[123.675, 116.28, 103.53],
                std=[58.395, 57.12, 57.375],
                to_rgb=True),
            dict(type='Pad', size_divisor=32),
            dict(type='DefaultFormatBundle'),
            dict(type='Collect', keys=['img', 'gt_bboxes', 'gt_labels'])
        ]),
    val=dict(
        type='CocoDataset',
        classes=('normal', 'ascus', 'asch', 'lsil', 'hsil_scc_omn',
                 'agc_adenocarcinoma_em', 'vaginalis', 'monilia',
                 'dysbacteriosis_herpes_act', 'ec'),
        ann_file='../data/TCT_30000/val10000-cat10.json',
        img_prefix='../data/TCT_30000/',
        pipeline=[
            dict(type='LoadImageFromFile'),
            dict(
                type='MultiScaleFlipAug',
                img_scale=(1333, 800),
                flip=False,
                transforms=[
                    dict(type='Resize', keep_ratio=True),
                    dict(type='RandomFlip'),
                    dict(
                        type='Normalize',
                        mean=[123.675, 116.28, 103.53],
                        std=[58.395, 57.12, 57.375],
                        to_rgb=True),
                    dict(type='Pad', size_divisor=32),
                    dict(type='ImageToTensor', keys=['img']),
                    dict(type='Collect', keys=['img'])
                ])
        ]),
    test=dict(
        type='CocoDataset',
        classes=('normal', 'ascus', 'asch', 'lsil', 'hsil_scc_omn',
                 'agc_adenocarcinoma_em', 'vaginalis', 'monilia',
                 'dysbacteriosis_herpes_act', 'ec'),
        ann_file='../data/TCT_30000/test10000-cat10.json',
        img_prefix='../data/TCT_30000/',
        pipeline=[
            dict(type='LoadImageFromFile'),
            dict(
                type='MultiScaleFlipAug',
                img_scale=(1333, 800),
                flip=False,
                transforms=[
                    dict(type='Resize', keep_ratio=True),
                    dict(type='RandomFlip'),
                    dict(
                        type='Normalize',
                        mean=[123.675, 116.28, 103.53],
                        std=[58.395, 57.12, 57.375],
                        to_rgb=True),
                    dict(type='Pad', size_divisor=32),
                    dict(type='ImageToTensor', keys=['img']),
                    dict(type='Collect', keys=['img'])
                ])
        ]))
evaluation = dict(interval=1, metric='bbox')
optimizer = dict(type='SGD', lr=0.03, momentum=0.9, weight_decay=0.0001)
optimizer_config = dict(grad_clip=None)
lr_config = dict(
    policy='step',
    warmup='linear',
    warmup_iters=500,
    warmup_ratio=0.001,
    step=[8, 11])
runner = dict(type='EpochBasedRunner', max_epochs=12)
checkpoint_config = dict(interval=1)
log_config = dict(interval=50, hooks=[dict(type='TextLoggerHook')])
custom_hooks = [dict(type='NumClassCheckHook')]
dist_params = dict(backend='nccl')
log_level = 'INFO'
load_from = None
resume_from = None
workflow = [('train', 1)]
work_dir = './work_dirs/tct_full_e50_lrx3'
gpu_ids = range(0, 4)

2021-12-09 14:36:19,085 - mmdet - INFO - Start running, host: root@c29bb9d22aa7, work_dir: /root/userfolder/mmdetection/work_dirs/tct_full_e50_lrx3
2021-12-09 14:36:19,085 - mmdet - INFO - workflow: [('train', 1)], max: 12 epochs
2021-12-09 14:36:56,365 - mmdet - INFO - Epoch [1][50/3750]	lr: 2.967e-03, eta: 9:17:23, time: 0.744, data_time: 0.420, memory: 3718, loss_rpn_cls: 0.4543, loss_rpn_bbox: 0.0437, loss_cls: 0.3853, acc: 94.7139, loss_bbox: 0.0414, loss: 0.9247
2021-12-09 14:37:30,273 - mmdet - INFO - Epoch [1][100/3750]	lr: 5.964e-03, eta: 8:52:08, time: 0.678, data_time: 0.385, memory: 3719, loss_rpn_cls: 0.1894, loss_rpn_bbox: 0.0455, loss_cls: 0.1875, acc: 97.1807, loss_bbox: 0.0844, loss: 0.5069
2021-12-09 14:38:04,116 - mmdet - INFO - Epoch [1][150/3750]	lr: 8.961e-03, eta: 8:43:01, time: 0.677, data_time: 0.377, memory: 3719, loss_rpn_cls: 0.1321, loss_rpn_bbox: 0.0394, loss_cls: 0.3240, acc: 94.0371, loss_bbox: 0.2066, loss: 0.7020
2021-12-09 14:38:37,888 - mmdet - INFO - Epoch [1][200/3750]	lr: 1.196e-02, eta: 8:37:54, time: 0.675, data_time: 0.374, memory: 3719, loss_rpn_cls: 0.1115, loss_rpn_bbox: 0.0379, loss_cls: 0.3554, acc: 92.5830, loss_bbox: 0.2373, loss: 0.7422
2021-12-09 14:39:11,884 - mmdet - INFO - Epoch [1][250/3750]	lr: 1.496e-02, eta: 8:35:16, time: 0.680, data_time: 0.389, memory: 3719, loss_rpn_cls: 0.0979, loss_rpn_bbox: 0.0379, loss_cls: 0.3400, acc: 92.4312, loss_bbox: 0.2293, loss: 0.7050
2021-12-09 14:39:45,591 - mmdet - INFO - Epoch [1][300/3750]	lr: 1.795e-02, eta: 8:32:36, time: 0.674, data_time: 0.376, memory: 3720, loss_rpn_cls: 0.0898, loss_rpn_bbox: 0.0366, loss_cls: 0.3498, acc: 91.7378, loss_bbox: 0.2399, loss: 0.7160
2021-12-09 14:40:19,725 - mmdet - INFO - Epoch [1][350/3750]	lr: 2.095e-02, eta: 8:31:27, time: 0.683, data_time: 0.377, memory: 3720, loss_rpn_cls: 0.0824, loss_rpn_bbox: 0.0333, loss_cls: 0.3691, acc: 91.1348, loss_bbox: 0.2569, loss: 0.7418
2021-12-09 14:40:53,571 - mmdet - INFO - Epoch [1][400/3750]	lr: 2.395e-02, eta: 8:29:55, time: 0.677, data_time: 0.371, memory: 3720, loss_rpn_cls: 0.0755, loss_rpn_bbox: 0.0337, loss_cls: 0.3397, acc: 91.1328, loss_bbox: 0.2537, loss: 0.7026
2021-12-09 14:41:27,378 - mmdet - INFO - Epoch [1][450/3750]	lr: 2.694e-02, eta: 8:28:32, time: 0.676, data_time: 0.370, memory: 3720, loss_rpn_cls: 0.0849, loss_rpn_bbox: 0.0344, loss_cls: 0.3803, acc: 91.1924, loss_bbox: 0.2428, loss: 0.7424
2021-12-09 14:42:01,593 - mmdet - INFO - Epoch [1][500/3750]	lr: 2.994e-02, eta: 8:27:56, time: 0.684, data_time: 0.383, memory: 3720, loss_rpn_cls: 0.0862, loss_rpn_bbox: 0.0382, loss_cls: 0.3788, acc: 90.9839, loss_bbox: 0.2511, loss: 0.7543
2021-12-09 14:42:35,442 - mmdet - INFO - Epoch [1][550/3750]	lr: 3.000e-02, eta: 8:26:49, time: 0.677, data_time: 0.371, memory: 3720, loss_rpn_cls: 0.0816, loss_rpn_bbox: 0.0335, loss_cls: 0.3459, acc: 91.8477, loss_bbox: 0.2197, loss: 0.6807
2021-12-09 14:43:09,413 - mmdet - INFO - Epoch [1][600/3750]	lr: 3.000e-02, eta: 8:25:57, time: 0.679, data_time: 0.391, memory: 3720, loss_rpn_cls: 0.0803, loss_rpn_bbox: 0.0341, loss_cls: 0.3323, acc: 91.7886, loss_bbox: 0.2174, loss: 0.6642
2021-12-09 14:43:43,085 - mmdet - INFO - Epoch [1][650/3750]	lr: 3.000e-02, eta: 8:24:48, time: 0.674, data_time: 0.387, memory: 3720, loss_rpn_cls: 0.0754, loss_rpn_bbox: 0.0334, loss_cls: 0.3530, acc: 91.0044, loss_bbox: 0.2400, loss: 0.7018
2021-12-09 14:44:17,039 - mmdet - INFO - Epoch [1][700/3750]	lr: 3.000e-02, eta: 8:24:02, time: 0.679, data_time: 0.386, memory: 3720, loss_rpn_cls: 0.0751, loss_rpn_bbox: 0.0335, loss_cls: 0.3113, acc: 91.9185, loss_bbox: 0.2097, loss: 0.6296
2021-12-09 14:44:50,874 - mmdet - INFO - Epoch [1][750/3750]	lr: 3.000e-02, eta: 8:23:10, time: 0.677, data_time: 0.388, memory: 3720, loss_rpn_cls: 0.0741, loss_rpn_bbox: 0.0327, loss_cls: 0.3063, acc: 92.0913, loss_bbox: 0.2085, loss: 0.6215
2021-12-09 14:45:25,347 - mmdet - INFO - Epoch [1][800/3750]	lr: 3.000e-02, eta: 8:22:56, time: 0.689, data_time: 0.386, memory: 3720, loss_rpn_cls: 0.0733, loss_rpn_bbox: 0.0322, loss_cls: 0.3420, acc: 90.9614, loss_bbox: 0.2343, loss: 0.6818
2021-12-09 14:45:58,944 - mmdet - INFO - Epoch [1][850/3750]	lr: 3.000e-02, eta: 8:21:54, time: 0.672, data_time: 0.373, memory: 3720, loss_rpn_cls: 0.0696, loss_rpn_bbox: 0.0291, loss_cls: 0.3329, acc: 91.1313, loss_bbox: 0.2331, loss: 0.6648
2021-12-09 14:46:33,417 - mmdet - INFO - Epoch [1][900/3750]	lr: 3.000e-02, eta: 8:21:38, time: 0.690, data_time: 0.377, memory: 3720, loss_rpn_cls: 0.0755, loss_rpn_bbox: 0.0339, loss_cls: 0.3386, acc: 91.1758, loss_bbox: 0.2283, loss: 0.6764
2021-12-09 14:47:07,071 - mmdet - INFO - Epoch [1][950/3750]	lr: 3.000e-02, eta: 8:20:42, time: 0.673, data_time: 0.366, memory: 3720, loss_rpn_cls: 0.0703, loss_rpn_bbox: 0.0317, loss_cls: 0.3272, acc: 91.0986, loss_bbox: 0.2325, loss: 0.6618
2021-12-09 14:47:40,933 - mmdet - INFO - Exp name: tct_full_e50_lrx3.py
2021-12-09 14:47:40,934 - mmdet - INFO - Epoch [1][1000/3750]	lr: 3.000e-02, eta: 8:19:57, time: 0.677, data_time: 0.372, memory: 3720, loss_rpn_cls: 0.0663, loss_rpn_bbox: 0.0323, loss_cls: 0.3306, acc: 90.9067, loss_bbox: 0.2357, loss: 0.6649
2021-12-09 14:48:15,125 - mmdet - INFO - Epoch [1][1050/3750]	lr: 3.000e-02, eta: 8:19:27, time: 0.684, data_time: 0.381, memory: 3720, loss_rpn_cls: 0.0674, loss_rpn_bbox: 0.0317, loss_cls: 0.3314, acc: 90.8428, loss_bbox: 0.2413, loss: 0.6719
2021-12-09 14:49:25,898 - mmdet - INFO - Epoch [1][1100/3750]	lr: 3.000e-02, eta: 8:43:08, time: 1.411, data_time: 0.395, memory: 3720, loss_rpn_cls: 0.0656, loss_rpn_bbox: 0.0301, loss_cls: 0.3062, acc: 91.6421, loss_bbox: 0.2154, loss: 0.6173
2021-12-09 14:50:40,709 - mmdet - INFO - Epoch [1][1150/3750]	lr: 3.000e-02, eta: 9:07:22, time: 1.496, data_time: 0.386, memory: 3720, loss_rpn_cls: 0.0662, loss_rpn_bbox: 0.0324, loss_cls: 0.3180, acc: 91.2456, loss_bbox: 0.2239, loss: 0.6405
2021-12-09 14:51:54,611 - mmdet - INFO - Epoch [1][1200/3750]	lr: 3.000e-02, eta: 9:28:54, time: 1.478, data_time: 0.390, memory: 3720, loss_rpn_cls: 0.0599, loss_rpn_bbox: 0.0296, loss_cls: 0.3233, acc: 90.8271, loss_bbox: 0.2333, loss: 0.6461
2021-12-09 14:53:08,967 - mmdet - INFO - Epoch [1][1250/3750]	lr: 3.000e-02, eta: 9:48:54, time: 1.488, data_time: 0.394, memory: 3720, loss_rpn_cls: 0.0630, loss_rpn_bbox: 0.0300, loss_cls: 0.3028, acc: 91.3784, loss_bbox: 0.2160, loss: 0.6118
2021-12-09 14:54:22,912 - mmdet - INFO - Epoch [1][1300/3750]	lr: 3.000e-02, eta: 10:07:02, time: 1.479, data_time: 0.386, memory: 3720, loss_rpn_cls: 0.0644, loss_rpn_bbox: 0.0308, loss_cls: 0.3054, acc: 91.3618, loss_bbox: 0.2207, loss: 0.6213
2021-12-09 14:55:37,314 - mmdet - INFO - Epoch [1][1350/3750]	lr: 3.000e-02, eta: 10:23:59, time: 1.488, data_time: 0.373, memory: 3720, loss_rpn_cls: 0.0562, loss_rpn_bbox: 0.0275, loss_cls: 0.3067, acc: 91.4570, loss_bbox: 0.2147, loss: 0.6051
2021-12-09 14:56:50,970 - mmdet - INFO - Epoch [1][1400/3750]	lr: 3.000e-02, eta: 10:39:13, time: 1.473, data_time: 0.376, memory: 3720, loss_rpn_cls: 0.0620, loss_rpn_bbox: 0.0314, loss_cls: 0.3080, acc: 91.3735, loss_bbox: 0.2194, loss: 0.6208
2021-12-09 14:58:04,914 - mmdet - INFO - Epoch [1][1450/3750]	lr: 3.000e-02, eta: 10:53:29, time: 1.479, data_time: 0.386, memory: 3720, loss_rpn_cls: 0.0596, loss_rpn_bbox: 0.0295, loss_cls: 0.2777, acc: 92.0557, loss_bbox: 0.1990, loss: 0.5659
2021-12-09 14:59:18,927 - mmdet - INFO - Epoch [1][1500/3750]	lr: 3.000e-02, eta: 11:06:45, time: 1.480, data_time: 0.380, memory: 3720, loss_rpn_cls: 0.0595, loss_rpn_bbox: 0.0299, loss_cls: 0.2972, acc: 91.1821, loss_bbox: 0.2179, loss: 0.6045
2021-12-09 15:00:33,230 - mmdet - INFO - Epoch [1][1550/3750]	lr: 3.000e-02, eta: 11:19:14, time: 1.486, data_time: 0.380, memory: 3720, loss_rpn_cls: 0.0560, loss_rpn_bbox: 0.0283, loss_cls: 0.2958, acc: 91.1519, loss_bbox: 0.2168, loss: 0.5969
2021-12-09 15:01:47,519 - mmdet - INFO - Epoch [1][1600/3750]	lr: 3.000e-02, eta: 11:30:49, time: 1.485, data_time: 0.373, memory: 3720, loss_rpn_cls: 0.0569, loss_rpn_bbox: 0.0304, loss_cls: 0.3202, acc: 90.6694, loss_bbox: 0.2316, loss: 0.6390
2021-12-09 15:03:01,989 - mmdet - INFO - Epoch [1][1650/3750]	lr: 3.000e-02, eta: 11:41:43, time: 1.489, data_time: 0.372, memory: 3720, loss_rpn_cls: 0.0561, loss_rpn_bbox: 0.0299, loss_cls: 0.2968, acc: 91.2793, loss_bbox: 0.2163, loss: 0.5991
2021-12-09 15:04:16,095 - mmdet - INFO - Epoch [1][1700/3750]	lr: 3.000e-02, eta: 11:51:45, time: 1.482, data_time: 0.376, memory: 3720, loss_rpn_cls: 0.0547, loss_rpn_bbox: 0.0308, loss_cls: 0.3102, acc: 90.8159, loss_bbox: 0.2301, loss: 0.6259
2021-12-09 15:05:30,234 - mmdet - INFO - Epoch [1][1750/3750]	lr: 3.000e-02, eta: 12:01:10, time: 1.483, data_time: 0.387, memory: 3720, loss_rpn_cls: 0.0604, loss_rpn_bbox: 0.0305, loss_cls: 0.2833, acc: 91.7192, loss_bbox: 0.2070, loss: 0.5812
2021-12-09 15:06:44,848 - mmdet - INFO - Epoch [1][1800/3750]	lr: 3.000e-02, eta: 12:10:10, time: 1.492, data_time: 0.377, memory: 3720, loss_rpn_cls: 0.0562, loss_rpn_bbox: 0.0305, loss_cls: 0.2954, acc: 91.2725, loss_bbox: 0.2174, loss: 0.5994
2021-12-09 15:07:58,722 - mmdet - INFO - Epoch [1][1850/3750]	lr: 3.000e-02, eta: 12:18:20, time: 1.477, data_time: 0.362, memory: 3720, loss_rpn_cls: 0.0558, loss_rpn_bbox: 0.0292, loss_cls: 0.2927, acc: 91.4102, loss_bbox: 0.2106, loss: 0.5883
2021-12-09 15:09:11,752 - mmdet - INFO - Epoch [1][1900/3750]	lr: 3.000e-02, eta: 12:25:40, time: 1.460, data_time: 0.369, memory: 3720, loss_rpn_cls: 0.0503, loss_rpn_bbox: 0.0256, loss_cls: 0.2673, acc: 92.1299, loss_bbox: 0.1975, loss: 0.5406
2021-12-09 15:10:25,307 - mmdet - INFO - Epoch [1][1950/3750]	lr: 3.000e-02, eta: 12:32:46, time: 1.471, data_time: 0.373, memory: 3720, loss_rpn_cls: 0.0546, loss_rpn_bbox: 0.0269, loss_cls: 0.2809, acc: 91.9097, loss_bbox: 0.2007, loss: 0.5631
2021-12-09 15:11:38,873 - mmdet - INFO - Exp name: tct_full_e50_lrx3.py
2021-12-09 15:11:38,874 - mmdet - INFO - Epoch [1][2000/3750]	lr: 3.000e-02, eta: 12:39:28, time: 1.471, data_time: 0.365, memory: 3720, loss_rpn_cls: 0.0614, loss_rpn_bbox: 0.0291, loss_cls: 0.2994, acc: 91.5693, loss_bbox: 0.2088, loss: 0.5987
2021-12-09 15:12:52,693 - mmdet - INFO - Epoch [1][2050/3750]	lr: 3.000e-02, eta: 12:45:51, time: 1.477, data_time: 0.376, memory: 3720, loss_rpn_cls: 0.0524, loss_rpn_bbox: 0.0283, loss_cls: 0.2668, acc: 92.0020, loss_bbox: 0.1947, loss: 0.5422
2021-12-09 15:14:06,071 - mmdet - INFO - Epoch [1][2100/3750]	lr: 3.000e-02, eta: 12:51:44, time: 1.467, data_time: 0.367, memory: 3720, loss_rpn_cls: 0.0552, loss_rpn_bbox: 0.0289, loss_cls: 0.2697, acc: 92.0430, loss_bbox: 0.1960, loss: 0.5499
2021-12-09 15:15:20,466 - mmdet - INFO - Epoch [1][2150/3750]	lr: 3.000e-02, eta: 12:57:37, time: 1.488, data_time: 0.390, memory: 3720, loss_rpn_cls: 0.0530, loss_rpn_bbox: 0.0289, loss_cls: 0.2776, acc: 91.6592, loss_bbox: 0.2093, loss: 0.5688
2021-12-09 15:16:35,406 - mmdet - INFO - Epoch [1][2200/3750]	lr: 3.000e-02, eta: 13:03:21, time: 1.499, data_time: 0.375, memory: 3720, loss_rpn_cls: 0.0518, loss_rpn_bbox: 0.0289, loss_cls: 0.2816, acc: 91.4995, loss_bbox: 0.2130, loss: 0.5752
2021-12-09 15:17:49,885 - mmdet - INFO - Epoch [1][2250/3750]	lr: 3.000e-02, eta: 13:08:38, time: 1.490, data_time: 0.376, memory: 3720, loss_rpn_cls: 0.0541, loss_rpn_bbox: 0.0295, loss_cls: 0.2763, acc: 91.7690, loss_bbox: 0.2059, loss: 0.5658
2021-12-09 15:19:04,554 - mmdet - INFO - Epoch [1][2300/3750]	lr: 3.000e-02, eta: 13:13:41, time: 1.493, data_time: 0.378, memory: 3720, loss_rpn_cls: 0.0512, loss_rpn_bbox: 0.0272, loss_cls: 0.2823, acc: 91.8027, loss_bbox: 0.2037, loss: 0.5644
2021-12-09 15:20:18,718 - mmdet - INFO - Epoch [1][2350/3750]	lr: 3.000e-02, eta: 13:18:20, time: 1.484, data_time: 0.379, memory: 3720, loss_rpn_cls: 0.0553, loss_rpn_bbox: 0.0287, loss_cls: 0.2868, acc: 91.4482, loss_bbox: 0.2089, loss: 0.5797
2021-12-09 15:21:32,020 - mmdet - INFO - Epoch [1][2400/3750]	lr: 3.000e-02, eta: 13:22:28, time: 1.466, data_time: 0.374, memory: 3720, loss_rpn_cls: 0.0501, loss_rpn_bbox: 0.0300, loss_cls: 0.2879, acc: 91.3296, loss_bbox: 0.2212, loss: 0.5892
2021-12-09 15:22:45,601 - mmdet - INFO - Epoch [1][2450/3750]	lr: 3.000e-02, eta: 13:26:28, time: 1.472, data_time: 0.371, memory: 3720, loss_rpn_cls: 0.0520, loss_rpn_bbox: 0.0263, loss_cls: 0.2920, acc: 91.6270, loss_bbox: 0.2039, loss: 0.5743
2021-12-09 15:23:59,960 - mmdet - INFO - Epoch [1][2500/3750]	lr: 3.000e-02, eta: 13:30:29, time: 1.487, data_time: 0.376, memory: 3720, loss_rpn_cls: 0.0583, loss_rpn_bbox: 0.0304, loss_cls: 0.2873, acc: 91.4546, loss_bbox: 0.2144, loss: 0.5903
2021-12-09 15:25:14,042 - mmdet - INFO - Epoch [1][2550/3750]	lr: 3.000e-02, eta: 13:34:12, time: 1.482, data_time: 0.370, memory: 3720, loss_rpn_cls: 0.0510, loss_rpn_bbox: 0.0310, loss_cls: 0.2879, acc: 91.2505, loss_bbox: 0.2206, loss: 0.5904
2021-12-09 15:26:27,754 - mmdet - INFO - Epoch [1][2600/3750]	lr: 3.000e-02, eta: 13:37:39, time: 1.475, data_time: 0.376, memory: 3720, loss_rpn_cls: 0.0467, loss_rpn_bbox: 0.0261, loss_cls: 0.2808, acc: 91.6133, loss_bbox: 0.2049, loss: 0.5586
2021-12-09 15:27:41,638 - mmdet - INFO - Epoch [1][2650/3750]	lr: 3.000e-02, eta: 13:40:57, time: 1.477, data_time: 0.369, memory: 3720, loss_rpn_cls: 0.0488, loss_rpn_bbox: 0.0267, loss_cls: 0.2662, acc: 91.8101, loss_bbox: 0.2027, loss: 0.5444
2021-12-09 15:28:55,443 - mmdet - INFO - Epoch [1][2700/3750]	lr: 3.000e-02, eta: 13:44:04, time: 1.476, data_time: 0.371, memory: 3720, loss_rpn_cls: 0.0481, loss_rpn_bbox: 0.0270, loss_cls: 0.2629, acc: 92.1250, loss_bbox: 0.2040, loss: 0.5420
2021-12-09 15:30:09,498 - mmdet - INFO - Epoch [1][2750/3750]	lr: 3.000e-02, eta: 13:47:05, time: 1.481, data_time: 0.364, memory: 3720, loss_rpn_cls: 0.0516, loss_rpn_bbox: 0.0273, loss_cls: 0.2534, acc: 92.2217, loss_bbox: 0.1879, loss: 0.5202
2021-12-09 15:31:23,106 - mmdet - INFO - Epoch [1][2800/3750]	lr: 3.000e-02, eta: 13:49:51, time: 1.472, data_time: 0.377, memory: 3720, loss_rpn_cls: 0.0537, loss_rpn_bbox: 0.0295, loss_cls: 0.2720, acc: 92.0669, loss_bbox: 0.1931, loss: 0.5483
2021-12-09 15:32:37,045 - mmdet - INFO - Epoch [1][2850/3750]	lr: 3.000e-02, eta: 13:52:33, time: 1.479, data_time: 0.383, memory: 3720, loss_rpn_cls: 0.0494, loss_rpn_bbox: 0.0269, loss_cls: 0.2752, acc: 91.6899, loss_bbox: 0.2051, loss: 0.5566
2021-12-09 15:33:51,051 - mmdet - INFO - Epoch [1][2900/3750]	lr: 3.000e-02, eta: 13:55:07, time: 1.480, data_time: 0.367, memory: 3720, loss_rpn_cls: 0.0522, loss_rpn_bbox: 0.0296, loss_cls: 0.2880, acc: 91.2646, loss_bbox: 0.2152, loss: 0.5850
2021-12-09 15:35:03,997 - mmdet - INFO - Epoch [1][2950/3750]	lr: 3.000e-02, eta: 13:57:19, time: 1.459, data_time: 0.365, memory: 3720, loss_rpn_cls: 0.0515, loss_rpn_bbox: 0.0262, loss_cls: 0.2735, acc: 91.9961, loss_bbox: 0.1941, loss: 0.5453
2021-12-09 15:36:17,868 - mmdet - INFO - Exp name: tct_full_e50_lrx3.py
2021-12-09 15:36:17,868 - mmdet - INFO - Epoch [1][3000/3750]	lr: 3.000e-02, eta: 13:59:38, time: 1.478, data_time: 0.364, memory: 3720, loss_rpn_cls: 0.0511, loss_rpn_bbox: 0.0275, loss_cls: 0.2862, acc: 91.1499, loss_bbox: 0.2138, loss: 0.5786
2021-12-09 15:37:32,155 - mmdet - INFO - Epoch [1][3050/3750]	lr: 3.000e-02, eta: 14:01:55, time: 1.485, data_time: 0.367, memory: 3720, loss_rpn_cls: 0.0476, loss_rpn_bbox: 0.0266, loss_cls: 0.2792, acc: 91.3677, loss_bbox: 0.2033, loss: 0.5566
2021-12-09 15:38:46,961 - mmdet - INFO - Epoch [1][3100/3750]	lr: 3.000e-02, eta: 14:04:12, time: 1.496, data_time: 0.366, memory: 3720, loss_rpn_cls: 0.0467, loss_rpn_bbox: 0.0276, loss_cls: 0.2821, acc: 91.3735, loss_bbox: 0.2116, loss: 0.5679
2021-12-09 15:40:00,170 - mmdet - INFO - Epoch [1][3150/3750]	lr: 3.000e-02, eta: 14:06:01, time: 1.464, data_time: 0.373, memory: 3720, loss_rpn_cls: 0.0472, loss_rpn_bbox: 0.0259, loss_cls: 0.2725, acc: 91.6372, loss_bbox: 0.2084, loss: 0.5540
2021-12-09 15:41:13,816 - mmdet - INFO - Epoch [1][3200/3750]	lr: 3.000e-02, eta: 14:07:50, time: 1.473, data_time: 0.369, memory: 3720, loss_rpn_cls: 0.0496, loss_rpn_bbox: 0.0290, loss_cls: 0.2850, acc: 91.2700, loss_bbox: 0.2162, loss: 0.5798
2021-12-09 15:42:27,756 - mmdet - INFO - Epoch [1][3250/3750]	lr: 3.000e-02, eta: 14:09:37, time: 1.479, data_time: 0.362, memory: 3720, loss_rpn_cls: 0.0454, loss_rpn_bbox: 0.0253, loss_cls: 0.2739, acc: 91.8237, loss_bbox: 0.2026, loss: 0.5472
2021-12-09 15:43:41,772 - mmdet - INFO - Epoch [1][3300/3750]	lr: 3.000e-02, eta: 14:11:20, time: 1.481, data_time: 0.368, memory: 3720, loss_rpn_cls: 0.0507, loss_rpn_bbox: 0.0274, loss_cls: 0.2891, acc: 91.1396, loss_bbox: 0.2185, loss: 0.5858
2021-12-09 15:44:55,692 - mmdet - INFO - Epoch [1][3350/3750]	lr: 3.000e-02, eta: 14:12:56, time: 1.478, data_time: 0.379, memory: 3720, loss_rpn_cls: 0.0436, loss_rpn_bbox: 0.0259, loss_cls: 0.2629, acc: 91.9028, loss_bbox: 0.1996, loss: 0.5320
2021-12-09 15:46:10,184 - mmdet - INFO - Epoch [1][3400/3750]	lr: 3.000e-02, eta: 14:14:35, time: 1.490, data_time: 0.389, memory: 3720, loss_rpn_cls: 0.0468, loss_rpn_bbox: 0.0253, loss_cls: 0.2559, acc: 92.1646, loss_bbox: 0.1881, loss: 0.5160
2021-12-09 15:47:24,543 - mmdet - INFO - Epoch [1][3450/3750]	lr: 3.000e-02, eta: 14:16:06, time: 1.487, data_time: 0.380, memory: 3720, loss_rpn_cls: 0.0509, loss_rpn_bbox: 0.0274, loss_cls: 0.2909, acc: 91.5112, loss_bbox: 0.2100, loss: 0.5792
2021-12-09 15:48:39,061 - mmdet - INFO - Epoch [1][3500/3750]	lr: 3.000e-02, eta: 14:17:35, time: 1.490, data_time: 0.392, memory: 3720, loss_rpn_cls: 0.0533, loss_rpn_bbox: 0.0281, loss_cls: 0.2652, acc: 92.0654, loss_bbox: 0.1965, loss: 0.5432
2021-12-09 15:49:53,507 - mmdet - INFO - Epoch [1][3550/3750]	lr: 3.000e-02, eta: 14:18:59, time: 1.489, data_time: 0.391, memory: 3720, loss_rpn_cls: 0.0486, loss_rpn_bbox: 0.0259, loss_cls: 0.2683, acc: 91.8667, loss_bbox: 0.2055, loss: 0.5483
2021-12-09 15:51:08,159 - mmdet - INFO - Epoch [1][3600/3750]	lr: 3.000e-02, eta: 14:20:20, time: 1.493, data_time: 0.394, memory: 3720, loss_rpn_cls: 0.0492, loss_rpn_bbox: 0.0261, loss_cls: 0.2829, acc: 91.5674, loss_bbox: 0.2062, loss: 0.5643
2021-12-09 15:52:22,687 - mmdet - INFO - Epoch [1][3650/3750]	lr: 3.000e-02, eta: 14:21:35, time: 1.490, data_time: 0.388, memory: 3720, loss_rpn_cls: 0.0426, loss_rpn_bbox: 0.0265, loss_cls: 0.2792, acc: 91.3843, loss_bbox: 0.2149, loss: 0.5633
2021-12-09 15:53:37,519 - mmdet - INFO - Epoch [1][3700/3750]	lr: 3.000e-02, eta: 14:22:51, time: 1.497, data_time: 0.396, memory: 3720, loss_rpn_cls: 0.0504, loss_rpn_bbox: 0.0279, loss_cls: 0.2689, acc: 91.6152, loss_bbox: 0.2057, loss: 0.5529
2021-12-09 15:54:51,211 - mmdet - INFO - Exp name: tct_full_e50_lrx3.py
2021-12-09 15:54:51,211 - mmdet - INFO - Epoch [1][3750/3750]	lr: 3.000e-02, eta: 14:23:49, time: 1.474, data_time: 0.387, memory: 3720, loss_rpn_cls: 0.0468, loss_rpn_bbox: 0.0263, loss_cls: 0.2588, acc: 91.7534, loss_bbox: 0.2021, loss: 0.5339
2021-12-09 15:54:51,212 - mmdet - INFO - Saving checkpoint at 1 epochs
2021-12-09 16:14:10,361 - mmdet - INFO - Evaluating bbox...
2021-12-09 16:15:27,361 - mmdet - INFO - Exp name: tct_full_e50_lrx3.py
2021-12-09 16:15:27,362 - mmdet - INFO - Epoch(val) [1][3750]	bbox_mAP: 0.1470, bbox_mAP_50: 0.3050, bbox_mAP_75: 0.1210, bbox_mAP_s: -1.0000, bbox_mAP_m: 0.0400, bbox_mAP_l: 0.1540, bbox_mAP_copypaste: 0.147 0.305 0.121 -1.000 0.040 0.154
2021-12-09 16:16:41,723 - mmdet - INFO - Epoch [2][50/3750]	lr: 3.000e-02, eta: 14:24:48, time: 1.481, data_time: 0.388, memory: 3720, loss_rpn_cls: 0.0433, loss_rpn_bbox: 0.0241, loss_cls: 0.2591, acc: 91.8594, loss_bbox: 0.2030, loss: 0.5295
