2020-10-29 10:48:24,055 - mmdet - INFO - Environment info:
------------------------------------------------------------
sys.platform: linux
Python: 3.6.12 |Anaconda, Inc.| (default, Sep  8 2020, 23:10:56) [GCC 7.3.0]
CUDA available: True
GPU 0,1,2,3: GeForce RTX 2080 Ti
CUDA_HOME: /usr/local/cuda
NVCC: Cuda compilation tools, release 10.0, V10.0.130
GCC: gcc (Ubuntu 5.4.0-6ubuntu1~16.04.11) 5.4.0 20160609
PyTorch: 1.4.0
PyTorch compiling details: PyTorch built with:
  - GCC 7.3
  - Intel(R) Math Kernel Library Version 2020.0.2 Product Build 20200624 for Intel(R) 64 architecture applications
  - Intel(R) MKL-DNN v0.21.1 (Git Hash 7d2fd500bc78936d1d648ca713b901012f470dbc)
  - OpenMP 201511 (a.k.a. OpenMP 4.5)
  - NNPACK is enabled
  - CUDA Runtime 10.0
  - NVCC architecture flags: -gencode;arch=compute_37,code=sm_37;-gencode;arch=compute_50,code=sm_50;-gencode;arch=compute_60,code=sm_60;-gencode;arch=compute_61,code=sm_61;-gencode;arch=compute_70,code=sm_70;-gencode;arch=compute_75,code=sm_75;-gencode;arch=compute_37,code=compute_37
  - CuDNN 7.6.3
  - Magma 2.5.1
  - Build settings: BLAS=MKL, BUILD_NAMEDTENSOR=OFF, BUILD_TYPE=Release, CXX_FLAGS= -Wno-deprecated -fvisibility-inlines-hidden -fopenmp -DUSE_FBGEMM -DUSE_QNNPACK -DUSE_PYTORCH_QNNPACK -O2 -fPIC -Wno-narrowing -Wall -Wextra -Wno-missing-field-initializers -Wno-type-limits -Wno-array-bounds -Wno-unknown-pragmas -Wno-sign-compare -Wno-unused-parameter -Wno-unused-variable -Wno-unused-function -Wno-unused-result -Wno-strict-overflow -Wno-strict-aliasing -Wno-error=deprecated-declarations -Wno-stringop-overflow -Wno-error=pedantic -Wno-error=redundant-decls -Wno-error=old-style-cast -fdiagnostics-color=always -faligned-new -Wno-unused-but-set-variable -Wno-maybe-uninitialized -fno-math-errno -fno-trapping-math -Wno-stringop-overflow, DISABLE_NUMA=1, PERF_WITH_AVX=1, PERF_WITH_AVX2=1, PERF_WITH_AVX512=1, USE_CUDA=ON, USE_EXCEPTION_PTR=1, USE_GFLAGS=OFF, USE_GLOG=OFF, USE_MKL=ON, USE_MKLDNN=ON, USE_MPI=OFF, USE_NCCL=ON, USE_NNPACK=ON, USE_OPENMP=ON, USE_STATIC_DISPATCH=OFF, 

TorchVision: 0.5.0
OpenCV: 4.4.0
MMCV: 1.1.5
MMCV Compiler: GCC 7.3
MMCV CUDA Compiler: 10.0
MMDetection: 2.5.0+
------------------------------------------------------------

2020-10-29 10:48:27,127 - mmdet - INFO - Distributed training: True
2020-10-29 10:48:29,888 - mmdet - INFO - Config:
model = dict(
    type='FasterRCNN',
    pretrained='torchvision://resnet50',
    backbone=dict(
        type='ResNet',
        depth=50,
        num_stages=4,
        out_indices=(0, 1, 2, 3),
        frozen_stages=1,
        norm_cfg=dict(type='BN', requires_grad=True),
        norm_eval=True,
        style='pytorch'),
    neck=dict(
        type='FPN',
        in_channels=[256, 512, 1024, 2048],
        out_channels=256,
        num_outs=5),
    rpn_head=dict(
        type='RPNHead',
        in_channels=256,
        feat_channels=256,
        anchor_generator=dict(
            type='AnchorGenerator',
            scales=[8],
            ratios=[0.5, 1.0, 2.0],
            strides=[4, 8, 16, 32, 64]),
        bbox_coder=dict(
            type='DeltaXYWHBBoxCoder',
            target_means=[0.0, 0.0, 0.0, 0.0],
            target_stds=[1.0, 1.0, 1.0, 1.0]),
        loss_cls=dict(
            type='CrossEntropyLoss', use_sigmoid=True, loss_weight=1.0),
        loss_bbox=dict(type='L1Loss', loss_weight=1.0)),
    roi_head=dict(
        type='StandardRoIHead',
        bbox_roi_extractor=dict(
            type='SingleRoIExtractor',
            roi_layer=dict(type='RoIAlign', output_size=7, sampling_ratio=0),
            out_channels=256,
            featmap_strides=[4, 8, 16, 32]),
        bbox_head=dict(
            type='Shared2FCBBoxHead',
            in_channels=256,
            fc_out_channels=1024,
            roi_feat_size=7,
            num_classes=80,
            bbox_coder=dict(
                type='DeltaXYWHBBoxCoder',
                target_means=[0.0, 0.0, 0.0, 0.0],
                target_stds=[0.1, 0.1, 0.2, 0.2]),
            reg_class_agnostic=False,
            loss_cls=dict(
                type='CrossEntropyLoss', use_sigmoid=False, loss_weight=1.0),
            loss_bbox=dict(type='L1Loss', loss_weight=1.0))))
train_cfg = dict(
    rpn=dict(
        assigner=dict(
            type='MaxIoUAssigner',
            pos_iou_thr=0.7,
            neg_iou_thr=0.3,
            min_pos_iou=0.3,
            match_low_quality=True,
            ignore_iof_thr=-1),
        sampler=dict(
            type='RandomSampler',
            num=256,
            pos_fraction=0.5,
            neg_pos_ub=-1,
            add_gt_as_proposals=False),
        allowed_border=-1,
        pos_weight=-1,
        debug=False),
    rpn_proposal=dict(
        nms_across_levels=False,
        nms_pre=2000,
        nms_post=1000,
        max_num=1000,
        nms_thr=0.7,
        min_bbox_size=0),
    rcnn=dict(
        assigner=dict(
            type='MaxIoUAssigner',
            pos_iou_thr=0.5,
            neg_iou_thr=0.5,
            min_pos_iou=0.5,
            match_low_quality=False,
            ignore_iof_thr=-1),
        sampler=dict(
            type='RandomSampler',
            num=512,
            pos_fraction=0.25,
            neg_pos_ub=-1,
            add_gt_as_proposals=True),
        pos_weight=-1,
        debug=False))
test_cfg = dict(
    rpn=dict(
        nms_across_levels=False,
        nms_pre=1000,
        nms_post=1000,
        max_num=1000,
        nms_thr=0.7,
        min_bbox_size=0),
    rcnn=dict(
        score_thr=0.05,
        nms=dict(type='nms', iou_threshold=0.5),
        max_per_img=100))
dataset_type = 'VOCDataset'
data_root = '/root/userfolder/data/voc0712/VOCdevkit/'
img_norm_cfg = dict(
    mean=[123.675, 116.28, 103.53], std=[58.395, 57.12, 57.375], to_rgb=True)
train_pipeline = [
    dict(type='LoadImageFromFile'),
    dict(type='LoadAnnotations', with_bbox=True),
    dict(type='Resize', img_scale=(1000, 600), keep_ratio=True),
    dict(type='RandomFlip', flip_ratio=0.5),
    dict(
        type='Normalize',
        mean=[123.675, 116.28, 103.53],
        std=[58.395, 57.12, 57.375],
        to_rgb=True),
    dict(type='Pad', size_divisor=32),
    dict(type='DefaultFormatBundle'),
    dict(type='Collect', keys=['img', 'gt_bboxes', 'gt_labels'])
]
test_pipeline = [
    dict(type='LoadImageFromFile'),
    dict(
        type='MultiScaleFlipAug',
        img_scale=(1000, 600),
        flip=False,
        transforms=[
            dict(type='Resize', keep_ratio=True),
            dict(type='RandomFlip'),
            dict(
                type='Normalize',
                mean=[123.675, 116.28, 103.53],
                std=[58.395, 57.12, 57.375],
                to_rgb=True),
            dict(type='Pad', size_divisor=32),
            dict(type='ImageToTensor', keys=['img']),
            dict(type='Collect', keys=['img'])
        ])
]
data = dict(
    samples_per_gpu=2,
    workers_per_gpu=0,
    train=dict(
        type='RepeatDataset',
        times=3,
        dataset=dict(
            type='VOCDataset',
            ann_file=[
                '/root/userfolder/data/voc0712/VOCdevkit/VOC2007/ImageSets/Main/trainval.txt',
                '/root/userfolder/data/voc0712/VOCdevkit/VOC2012/ImageSets/Main/trainval.txt'
            ],
            img_prefix=[
                '/root/userfolder/data/voc0712/VOCdevkit/VOC2007/',
                '/root/userfolder/data/voc0712/VOCdevkit/VOC2012/'
            ],
            pipeline=[
                dict(type='LoadImageFromFile'),
                dict(type='LoadAnnotations', with_bbox=True),
                dict(type='Resize', img_scale=(1000, 600), keep_ratio=True),
                dict(type='RandomFlip', flip_ratio=0.5),
                dict(
                    type='Normalize',
                    mean=[123.675, 116.28, 103.53],
                    std=[58.395, 57.12, 57.375],
                    to_rgb=True),
                dict(type='Pad', size_divisor=32),
                dict(type='DefaultFormatBundle'),
                dict(type='Collect', keys=['img', 'gt_bboxes', 'gt_labels'])
            ])),
    val=dict(
        type='VOCDataset',
        ann_file=
        '/root/userfolder/data/voc0712/VOCdevkit/VOC2007/ImageSets/Main/test.txt',
        img_prefix='/root/userfolder/data/voc0712/VOCdevkit/VOC2007/',
        pipeline=[
            dict(type='LoadImageFromFile'),
            dict(
                type='MultiScaleFlipAug',
                img_scale=(1000, 600),
                flip=False,
                transforms=[
                    dict(type='Resize', keep_ratio=True),
                    dict(type='RandomFlip'),
                    dict(
                        type='Normalize',
                        mean=[123.675, 116.28, 103.53],
                        std=[58.395, 57.12, 57.375],
                        to_rgb=True),
                    dict(type='Pad', size_divisor=32),
                    dict(type='ImageToTensor', keys=['img']),
                    dict(type='Collect', keys=['img'])
                ])
        ]),
    test=dict(
        type='VOCDataset',
        ann_file=
        '/root/userfolder/data/voc0712/VOCdevkit/VOC2007/ImageSets/Main/test.txt',
        img_prefix='/root/userfolder/data/voc0712/VOCdevkit/VOC2007/',
        pipeline=[
            dict(type='LoadImageFromFile'),
            dict(
                type='MultiScaleFlipAug',
                img_scale=(1000, 600),
                flip=False,
                transforms=[
                    dict(type='Resize', keep_ratio=True),
                    dict(type='RandomFlip'),
                    dict(
                        type='Normalize',
                        mean=[123.675, 116.28, 103.53],
                        std=[58.395, 57.12, 57.375],
                        to_rgb=True),
                    dict(type='Pad', size_divisor=32),
                    dict(type='ImageToTensor', keys=['img']),
                    dict(type='Collect', keys=['img'])
                ])
        ]))
evaluation = dict(interval=1, metric='mAP')
optimizer = dict(type='SGD', lr=0.02, momentum=0.9, weight_decay=0.0001)
optimizer_config = dict(grad_clip=None)
lr_config = dict(
    policy='step',
    warmup='linear',
    warmup_iters=500,
    warmup_ratio=0.001,
    step=[8, 11])
total_epochs = 12
checkpoint_config = dict(interval=1)
log_config = dict(interval=50, hooks=[dict(type='TextLoggerHook')])
dist_params = dict(backend='nccl')
log_level = 'INFO'
load_from = None
resume_from = None
workflow = [('train', 1)]
work_dir = './work_dirs/faster_rcnn_r50_fpn_1x_voc'
gpu_ids = range(0, 1)

2020-10-29 10:48:30,285 - mmdet - INFO - load model from: torchvision://resnet50
2020-10-29 10:48:35,436 - mmdet - WARNING - The model and loaded state dict do not match exactly

unexpected key in source state_dict: fc.weight, fc.bias

2020-10-29 10:48:39,169 - mmdet - INFO - Start running, host: root@95b7482644c5, work_dir: /root/userfolder/mmdetection/work_dirs/faster_rcnn_r50_fpn_1x_voc
2020-10-29 10:48:39,170 - mmdet - INFO - workflow: [('train', 1)], max: 12 epochs
2020-10-29 10:48:59,243 - mmdet - INFO - Epoch [1][50/6207]	lr: 1.978e-03, eta: 8:15:04, time: 0.399, data_time: 0.182, memory: 2576, loss_rpn_cls: 0.3585, loss_rpn_bbox: 0.0265, loss_cls: 1.2529, acc: 87.2012, loss_bbox: 0.0617, loss: 1.6996
2020-10-29 10:49:15,314 - mmdet - INFO - Epoch [1][100/6207]	lr: 3.976e-03, eta: 7:26:29, time: 0.321, data_time: 0.115, memory: 2576, loss_rpn_cls: 0.0755, loss_rpn_bbox: 0.0240, loss_cls: 0.3436, acc: 95.7266, loss_bbox: 0.1699, loss: 0.6131
2020-10-29 10:49:30,943 - mmdet - INFO - Epoch [1][150/6207]	lr: 5.974e-03, eta: 7:06:44, time: 0.313, data_time: 0.112, memory: 2576, loss_rpn_cls: 0.0589, loss_rpn_bbox: 0.0212, loss_cls: 0.3342, acc: 95.6821, loss_bbox: 0.1711, loss: 0.5853
2020-10-29 10:49:47,163 - mmdet - INFO - Epoch [1][200/6207]	lr: 7.972e-03, eta: 7:00:12, time: 0.324, data_time: 0.121, memory: 2576, loss_rpn_cls: 0.0506, loss_rpn_bbox: 0.0203, loss_cls: 0.3256, acc: 95.1665, loss_bbox: 0.1941, loss: 0.5905
2020-10-29 10:50:03,103 - mmdet - INFO - Epoch [1][250/6207]	lr: 9.970e-03, eta: 6:54:45, time: 0.319, data_time: 0.115, memory: 2576, loss_rpn_cls: 0.0493, loss_rpn_bbox: 0.0241, loss_cls: 0.2928, acc: 95.0361, loss_bbox: 0.1958, loss: 0.5619
2020-10-29 10:50:19,214 - mmdet - INFO - Epoch [1][300/6207]	lr: 1.197e-02, eta: 6:51:52, time: 0.323, data_time: 0.122, memory: 2576, loss_rpn_cls: 0.0371, loss_rpn_bbox: 0.0206, loss_cls: 0.3067, acc: 95.1333, loss_bbox: 0.1908, loss: 0.5551
2020-10-29 10:50:35,323 - mmdet - INFO - Epoch [1][350/6207]	lr: 1.397e-02, eta: 6:49:33, time: 0.322, data_time: 0.119, memory: 2576, loss_rpn_cls: 0.0410, loss_rpn_bbox: 0.0237, loss_cls: 0.3091, acc: 94.4355, loss_bbox: 0.2137, loss: 0.5875
2020-10-29 10:50:51,420 - mmdet - INFO - Epoch [1][400/6207]	lr: 1.596e-02, eta: 6:47:52, time: 0.322, data_time: 0.122, memory: 2576, loss_rpn_cls: 0.0391, loss_rpn_bbox: 0.0214, loss_cls: 0.2724, acc: 94.6689, loss_bbox: 0.2019, loss: 0.5348
2020-10-29 10:51:07,217 - mmdet - INFO - Epoch [1][450/6207]	lr: 1.796e-02, eta: 6:45:39, time: 0.316, data_time: 0.111, memory: 2576, loss_rpn_cls: 0.0417, loss_rpn_bbox: 0.0216, loss_cls: 0.2692, acc: 94.7754, loss_bbox: 0.1940, loss: 0.5265
2020-10-29 10:51:23,344 - mmdet - INFO - Epoch [1][500/6207]	lr: 1.996e-02, eta: 6:44:35, time: 0.322, data_time: 0.121, memory: 2576, loss_rpn_cls: 0.0432, loss_rpn_bbox: 0.0244, loss_cls: 0.2796, acc: 94.2881, loss_bbox: 0.2082, loss: 0.5554
2020-10-29 10:51:39,134 - mmdet - INFO - Epoch [1][550/6207]	lr: 2.000e-02, eta: 6:43:02, time: 0.317, data_time: 0.114, memory: 2576, loss_rpn_cls: 0.0323, loss_rpn_bbox: 0.0190, loss_cls: 0.2361, acc: 95.0249, loss_bbox: 0.1874, loss: 0.4748
2020-10-29 10:51:54,849 - mmdet - INFO - Epoch [1][600/6207]	lr: 2.000e-02, eta: 6:41:23, time: 0.314, data_time: 0.107, memory: 2576, loss_rpn_cls: 0.0340, loss_rpn_bbox: 0.0208, loss_cls: 0.2414, acc: 94.6611, loss_bbox: 0.1948, loss: 0.4910
2020-10-29 10:52:10,940 - mmdet - INFO - Epoch [1][650/6207]	lr: 2.000e-02, eta: 6:40:43, time: 0.322, data_time: 0.118, memory: 2576, loss_rpn_cls: 0.0401, loss_rpn_bbox: 0.0228, loss_cls: 0.2280, acc: 94.9287, loss_bbox: 0.1833, loss: 0.4741
2020-10-29 10:52:27,241 - mmdet - INFO - Epoch [1][700/6207]	lr: 2.000e-02, eta: 6:40:29, time: 0.326, data_time: 0.125, memory: 2576, loss_rpn_cls: 0.0304, loss_rpn_bbox: 0.0218, loss_cls: 0.2384, acc: 94.3447, loss_bbox: 0.2025, loss: 0.4931
2020-10-29 10:52:43,736 - mmdet - INFO - Epoch [1][750/6207]	lr: 2.000e-02, eta: 6:40:30, time: 0.329, data_time: 0.126, memory: 2576, loss_rpn_cls: 0.0310, loss_rpn_bbox: 0.0208, loss_cls: 0.2412, acc: 94.3838, loss_bbox: 0.2007, loss: 0.4937
2020-10-29 10:52:59,699 - mmdet - INFO - Epoch [1][800/6207]	lr: 2.000e-02, eta: 6:39:44, time: 0.320, data_time: 0.118, memory: 2576, loss_rpn_cls: 0.0319, loss_rpn_bbox: 0.0218, loss_cls: 0.2552, acc: 94.4404, loss_bbox: 0.2064, loss: 0.5152
2020-10-29 10:53:15,360 - mmdet - INFO - Epoch [1][850/6207]	lr: 2.000e-02, eta: 6:38:35, time: 0.313, data_time: 0.113, memory: 2576, loss_rpn_cls: 0.0362, loss_rpn_bbox: 0.0200, loss_cls: 0.2430, acc: 94.5498, loss_bbox: 0.1948, loss: 0.4941
2020-10-29 10:53:31,228 - mmdet - INFO - Epoch [1][900/6207]	lr: 2.000e-02, eta: 6:37:46, time: 0.317, data_time: 0.113, memory: 2576, loss_rpn_cls: 0.0266, loss_rpn_bbox: 0.0183, loss_cls: 0.2223, acc: 94.6333, loss_bbox: 0.1879, loss: 0.4550
2020-10-29 10:53:47,490 - mmdet - INFO - Epoch [1][950/6207]	lr: 2.000e-02, eta: 6:37:37, time: 0.326, data_time: 0.124, memory: 2576, loss_rpn_cls: 0.0255, loss_rpn_bbox: 0.0192, loss_cls: 0.2151, acc: 94.4160, loss_bbox: 0.1994, loss: 0.4592
2020-10-29 10:54:03,814 - mmdet - INFO - Exp name: faster_rcnn_r50_fpn_1x_voc.py
2020-10-29 10:54:03,814 - mmdet - INFO - Epoch [1][1000/6207]	lr: 2.000e-02, eta: 6:37:26, time: 0.326, data_time: 0.123, memory: 2576, loss_rpn_cls: 0.0311, loss_rpn_bbox: 0.0211, loss_cls: 0.2246, acc: 94.2451, loss_bbox: 0.2027, loss: 0.4795
2020-10-29 10:54:19,836 - mmdet - INFO - Epoch [1][1050/6207]	lr: 2.000e-02, eta: 6:36:55, time: 0.320, data_time: 0.115, memory: 2576, loss_rpn_cls: 0.0296, loss_rpn_bbox: 0.0220, loss_cls: 0.2176, acc: 93.9922, loss_bbox: 0.2158, loss: 0.4850
2020-10-29 10:54:35,734 - mmdet - INFO - Epoch [1][1100/6207]	lr: 2.000e-02, eta: 6:36:19, time: 0.318, data_time: 0.113, memory: 2577, loss_rpn_cls: 0.0319, loss_rpn_bbox: 0.0223, loss_cls: 0.1916, acc: 94.8140, loss_bbox: 0.1759, loss: 0.4218
2020-10-29 10:54:51,880 - mmdet - INFO - Epoch [1][1150/6207]	lr: 2.000e-02, eta: 6:35:58, time: 0.323, data_time: 0.118, memory: 2577, loss_rpn_cls: 0.0284, loss_rpn_bbox: 0.0212, loss_cls: 0.2033, acc: 94.4399, loss_bbox: 0.1943, loss: 0.4472
2020-10-29 10:55:08,083 - mmdet - INFO - Epoch [1][1200/6207]	lr: 2.000e-02, eta: 6:35:43, time: 0.324, data_time: 0.124, memory: 2577, loss_rpn_cls: 0.0279, loss_rpn_bbox: 0.0216, loss_cls: 0.2065, acc: 94.2144, loss_bbox: 0.1994, loss: 0.4554
2020-10-29 10:55:23,986 - mmdet - INFO - Epoch [1][1250/6207]	lr: 2.000e-02, eta: 6:35:09, time: 0.318, data_time: 0.115, memory: 2577, loss_rpn_cls: 0.0272, loss_rpn_bbox: 0.0218, loss_cls: 0.2116, acc: 93.9727, loss_bbox: 0.2101, loss: 0.4706
2020-10-29 10:55:40,012 - mmdet - INFO - Epoch [1][1300/6207]	lr: 2.000e-02, eta: 6:34:43, time: 0.320, data_time: 0.116, memory: 2577, loss_rpn_cls: 0.0265, loss_rpn_bbox: 0.0201, loss_cls: 0.1934, acc: 94.5674, loss_bbox: 0.1876, loss: 0.4276
2020-10-29 10:55:55,970 - mmdet - INFO - Epoch [1][1350/6207]	lr: 2.000e-02, eta: 6:34:15, time: 0.319, data_time: 0.122, memory: 2577, loss_rpn_cls: 0.0265, loss_rpn_bbox: 0.0192, loss_cls: 0.1879, acc: 94.6157, loss_bbox: 0.1887, loss: 0.4222
2020-10-29 10:56:11,907 - mmdet - INFO - Epoch [1][1400/6207]	lr: 2.000e-02, eta: 6:33:47, time: 0.319, data_time: 0.118, memory: 2577, loss_rpn_cls: 0.0284, loss_rpn_bbox: 0.0210, loss_cls: 0.1979, acc: 94.3379, loss_bbox: 0.2000, loss: 0.4473
2020-10-29 10:56:27,744 - mmdet - INFO - Epoch [1][1450/6207]	lr: 2.000e-02, eta: 6:33:14, time: 0.317, data_time: 0.119, memory: 2577, loss_rpn_cls: 0.0276, loss_rpn_bbox: 0.0202, loss_cls: 0.1988, acc: 94.1631, loss_bbox: 0.2003, loss: 0.4469
2020-10-29 10:56:44,240 - mmdet - INFO - Epoch [1][1500/6207]	lr: 2.000e-02, eta: 6:33:14, time: 0.330, data_time: 0.125, memory: 2577, loss_rpn_cls: 0.0251, loss_rpn_bbox: 0.0187, loss_cls: 0.1912, acc: 94.5752, loss_bbox: 0.1857, loss: 0.4208
2020-10-29 10:57:00,680 - mmdet - INFO - Epoch [1][1550/6207]	lr: 2.000e-02, eta: 6:33:11, time: 0.329, data_time: 0.122, memory: 2577, loss_rpn_cls: 0.0214, loss_rpn_bbox: 0.0187, loss_cls: 0.1858, acc: 94.4150, loss_bbox: 0.1956, loss: 0.4215
2020-10-29 10:57:16,836 - mmdet - INFO - Epoch [1][1600/6207]	lr: 2.000e-02, eta: 6:32:54, time: 0.323, data_time: 0.124, memory: 2577, loss_rpn_cls: 0.0249, loss_rpn_bbox: 0.0188, loss_cls: 0.1660, acc: 95.2109, loss_bbox: 0.1719, loss: 0.3816
2020-10-29 10:57:32,904 - mmdet - INFO - Epoch [1][1650/6207]	lr: 2.000e-02, eta: 6:32:34, time: 0.321, data_time: 0.122, memory: 2577, loss_rpn_cls: 0.0255, loss_rpn_bbox: 0.0189, loss_cls: 0.1676, acc: 95.0537, loss_bbox: 0.1791, loss: 0.3911
2020-10-29 10:57:48,597 - mmdet - INFO - Epoch [1][1700/6207]	lr: 2.000e-02, eta: 6:31:57, time: 0.314, data_time: 0.113, memory: 2577, loss_rpn_cls: 0.0201, loss_rpn_bbox: 0.0168, loss_cls: 0.1694, acc: 94.8433, loss_bbox: 0.1798, loss: 0.3861
2020-10-29 10:58:04,843 - mmdet - INFO - Epoch [1][1750/6207]	lr: 2.000e-02, eta: 6:31:44, time: 0.325, data_time: 0.117, memory: 2577, loss_rpn_cls: 0.0208, loss_rpn_bbox: 0.0180, loss_cls: 0.1696, acc: 94.8257, loss_bbox: 0.1874, loss: 0.3958
2020-10-29 10:58:20,969 - mmdet - INFO - Epoch [1][1800/6207]	lr: 2.000e-02, eta: 6:31:26, time: 0.322, data_time: 0.124, memory: 2577, loss_rpn_cls: 0.0238, loss_rpn_bbox: 0.0175, loss_cls: 0.1756, acc: 95.0396, loss_bbox: 0.1786, loss: 0.3956
2020-10-29 10:58:36,919 - mmdet - INFO - Epoch [1][1850/6207]	lr: 2.000e-02, eta: 6:31:02, time: 0.319, data_time: 0.112, memory: 2577, loss_rpn_cls: 0.0247, loss_rpn_bbox: 0.0201, loss_cls: 0.1838, acc: 94.5630, loss_bbox: 0.1920, loss: 0.4207
2020-10-29 10:58:52,806 - mmdet - INFO - Epoch [1][1900/6207]	lr: 2.000e-02, eta: 6:30:37, time: 0.318, data_time: 0.115, memory: 2577, loss_rpn_cls: 0.0223, loss_rpn_bbox: 0.0173, loss_cls: 0.1728, acc: 95.1675, loss_bbox: 0.1662, loss: 0.3787
2020-10-29 10:59:09,049 - mmdet - INFO - Epoch [1][1950/6207]	lr: 2.000e-02, eta: 6:30:24, time: 0.324, data_time: 0.122, memory: 2577, loss_rpn_cls: 0.0269, loss_rpn_bbox: 0.0216, loss_cls: 0.1838, acc: 94.5317, loss_bbox: 0.1912, loss: 0.4235
2020-10-29 10:59:25,370 - mmdet - INFO - Exp name: faster_rcnn_r50_fpn_1x_voc.py
2020-10-29 10:59:25,371 - mmdet - INFO - Epoch [1][2000/6207]	lr: 2.000e-02, eta: 6:30:14, time: 0.326, data_time: 0.115, memory: 2577, loss_rpn_cls: 0.0230, loss_rpn_bbox: 0.0173, loss_cls: 0.1786, acc: 94.6753, loss_bbox: 0.1863, loss: 0.4051
2020-10-29 10:59:41,476 - mmdet - INFO - Epoch [1][2050/6207]	lr: 2.000e-02, eta: 6:29:56, time: 0.322, data_time: 0.119, memory: 2577, loss_rpn_cls: 0.0289, loss_rpn_bbox: 0.0199, loss_cls: 0.1873, acc: 94.3120, loss_bbox: 0.1995, loss: 0.4356
2020-10-29 10:59:57,764 - mmdet - INFO - Epoch [1][2100/6207]	lr: 2.000e-02, eta: 6:29:44, time: 0.325, data_time: 0.122, memory: 2577, loss_rpn_cls: 0.0217, loss_rpn_bbox: 0.0170, loss_cls: 0.1724, acc: 94.5601, loss_bbox: 0.1920, loss: 0.4031
2020-10-29 11:00:14,104 - mmdet - INFO - Epoch [1][2150/6207]	lr: 2.000e-02, eta: 6:29:34, time: 0.327, data_time: 0.127, memory: 2577, loss_rpn_cls: 0.0224, loss_rpn_bbox: 0.0164, loss_cls: 0.1742, acc: 94.8799, loss_bbox: 0.1777, loss: 0.3907
2020-10-29 11:00:30,074 - mmdet - INFO - Epoch [1][2200/6207]	lr: 2.000e-02, eta: 6:29:12, time: 0.320, data_time: 0.119, memory: 2577, loss_rpn_cls: 0.0249, loss_rpn_bbox: 0.0187, loss_cls: 0.1916, acc: 94.3970, loss_bbox: 0.1898, loss: 0.4251
2020-10-29 11:00:46,478 - mmdet - INFO - Epoch [1][2250/6207]	lr: 2.000e-02, eta: 6:29:04, time: 0.328, data_time: 0.122, memory: 2577, loss_rpn_cls: 0.0243, loss_rpn_bbox: 0.0206, loss_cls: 0.1846, acc: 94.5996, loss_bbox: 0.1880, loss: 0.4175
2020-10-29 11:01:02,639 - mmdet - INFO - Epoch [1][2300/6207]	lr: 2.000e-02, eta: 6:28:48, time: 0.323, data_time: 0.123, memory: 2577, loss_rpn_cls: 0.0234, loss_rpn_bbox: 0.0173, loss_cls: 0.1708, acc: 94.8774, loss_bbox: 0.1788, loss: 0.3902
2020-10-29 11:01:19,179 - mmdet - INFO - Epoch [1][2350/6207]	lr: 2.000e-02, eta: 6:28:43, time: 0.331, data_time: 0.130, memory: 2577, loss_rpn_cls: 0.0209, loss_rpn_bbox: 0.0205, loss_cls: 0.1834, acc: 94.2925, loss_bbox: 0.2004, loss: 0.4253
2020-10-29 11:01:35,326 - mmdet - INFO - Epoch [1][2400/6207]	lr: 2.000e-02, eta: 6:28:26, time: 0.323, data_time: 0.112, memory: 2577, loss_rpn_cls: 0.0209, loss_rpn_bbox: 0.0162, loss_cls: 0.1546, acc: 95.3667, loss_bbox: 0.1696, loss: 0.3613
2020-10-29 11:01:50,914 - mmdet - INFO - Epoch [1][2450/6207]	lr: 2.000e-02, eta: 6:27:53, time: 0.312, data_time: 0.109, memory: 2577, loss_rpn_cls: 0.0219, loss_rpn_bbox: 0.0183, loss_cls: 0.1627, acc: 94.8691, loss_bbox: 0.1873, loss: 0.3902
2020-10-29 11:02:07,140 - mmdet - INFO - Epoch [1][2500/6207]	lr: 2.000e-02, eta: 6:27:39, time: 0.324, data_time: 0.121, memory: 2577, loss_rpn_cls: 0.0237, loss_rpn_bbox: 0.0193, loss_cls: 0.1671, acc: 94.8462, loss_bbox: 0.1824, loss: 0.3925
2020-10-29 11:02:23,758 - mmdet - INFO - Epoch [1][2550/6207]	lr: 2.000e-02, eta: 6:27:36, time: 0.332, data_time: 0.123, memory: 2577, loss_rpn_cls: 0.0225, loss_rpn_bbox: 0.0175, loss_cls: 0.1653, acc: 95.0923, loss_bbox: 0.1724, loss: 0.3778
2020-10-29 11:02:39,145 - mmdet - INFO - Epoch [1][2600/6207]	lr: 2.000e-02, eta: 6:26:58, time: 0.308, data_time: 0.102, memory: 2577, loss_rpn_cls: 0.0200, loss_rpn_bbox: 0.0170, loss_cls: 0.1551, acc: 95.2285, loss_bbox: 0.1697, loss: 0.3617
2020-10-29 11:02:54,865 - mmdet - INFO - Epoch [1][2650/6207]	lr: 2.000e-02, eta: 6:26:30, time: 0.314, data_time: 0.113, memory: 2577, loss_rpn_cls: 0.0245, loss_rpn_bbox: 0.0190, loss_cls: 0.1750, acc: 94.6299, loss_bbox: 0.1923, loss: 0.4108
2020-10-29 11:03:11,006 - mmdet - INFO - Epoch [1][2700/6207]	lr: 2.000e-02, eta: 6:26:14, time: 0.323, data_time: 0.117, memory: 2577, loss_rpn_cls: 0.0195, loss_rpn_bbox: 0.0177, loss_cls: 0.1606, acc: 95.0044, loss_bbox: 0.1748, loss: 0.3726
2020-10-29 11:03:27,398 - mmdet - INFO - Epoch [1][2750/6207]	lr: 2.000e-02, eta: 6:26:05, time: 0.328, data_time: 0.126, memory: 2577, loss_rpn_cls: 0.0183, loss_rpn_bbox: 0.0174, loss_cls: 0.1607, acc: 95.1519, loss_bbox: 0.1723, loss: 0.3687
2020-10-29 11:03:43,208 - mmdet - INFO - Epoch [1][2800/6207]	lr: 2.000e-02, eta: 6:25:40, time: 0.316, data_time: 0.117, memory: 2577, loss_rpn_cls: 0.0227, loss_rpn_bbox: 0.0172, loss_cls: 0.1604, acc: 95.0977, loss_bbox: 0.1727, loss: 0.3730
2020-10-29 11:03:59,442 - mmdet - INFO - Epoch [1][2850/6207]	lr: 2.000e-02, eta: 6:25:26, time: 0.325, data_time: 0.116, memory: 2577, loss_rpn_cls: 0.0208, loss_rpn_bbox: 0.0179, loss_cls: 0.1795, acc: 94.3994, loss_bbox: 0.1909, loss: 0.4090
2020-10-29 11:04:30,117 - mmdet - INFO - Epoch [1][2900/6207]	lr: 2.000e-02, eta: 6:31:04, time: 0.610, data_time: 0.100, memory: 2577, loss_rpn_cls: 0.0203, loss_rpn_bbox: 0.0185, loss_cls: 0.1609, acc: 94.9438, loss_bbox: 0.1782, loss: 0.3780
2020-10-29 11:05:01,377 - mmdet - INFO - Epoch [1][2950/6207]	lr: 2.000e-02, eta: 6:36:52, time: 0.628, data_time: 0.122, memory: 2577, loss_rpn_cls: 0.0243, loss_rpn_bbox: 0.0177, loss_cls: 0.1634, acc: 94.9683, loss_bbox: 0.1753, loss: 0.3806
2020-10-29 11:05:32,362 - mmdet - INFO - Exp name: faster_rcnn_r50_fpn_1x_voc.py
2020-10-29 11:05:32,362 - mmdet - INFO - Epoch [1][3000/6207]	lr: 2.000e-02, eta: 6:42:19, time: 0.621, data_time: 0.131, memory: 2577, loss_rpn_cls: 0.0205, loss_rpn_bbox: 0.0175, loss_cls: 0.1606, acc: 94.9604, loss_bbox: 0.1747, loss: 0.3733
2020-10-29 11:06:05,127 - mmdet - INFO - Epoch [1][3050/6207]	lr: 2.000e-02, eta: 6:48:11, time: 0.652, data_time: 0.096, memory: 2577, loss_rpn_cls: 0.0200, loss_rpn_bbox: 0.0170, loss_cls: 0.1606, acc: 94.9297, loss_bbox: 0.1808, loss: 0.3783
2020-10-29 11:06:36,704 - mmdet - INFO - Epoch [1][3100/6207]	lr: 2.000e-02, eta: 6:53:28, time: 0.633, data_time: 0.122, memory: 2577, loss_rpn_cls: 0.0218, loss_rpn_bbox: 0.0203, loss_cls: 0.1678, acc: 94.6646, loss_bbox: 0.1902, loss: 0.4000
2020-10-29 11:07:09,309 - mmdet - INFO - Epoch [1][3150/6207]	lr: 2.000e-02, eta: 6:58:52, time: 0.650, data_time: 0.110, memory: 2577, loss_rpn_cls: 0.0239, loss_rpn_bbox: 0.0198, loss_cls: 0.1750, acc: 94.5967, loss_bbox: 0.1856, loss: 0.4043
2020-10-29 11:07:39,741 - mmdet - INFO - Epoch [1][3200/6207]	lr: 2.000e-02, eta: 7:03:21, time: 0.609, data_time: 0.110, memory: 2577, loss_rpn_cls: 0.0194, loss_rpn_bbox: 0.0170, loss_cls: 0.1512, acc: 95.1362, loss_bbox: 0.1683, loss: 0.3558
2020-10-29 11:08:13,450 - mmdet - INFO - Epoch [1][3250/6207]	lr: 2.000e-02, eta: 7:08:51, time: 0.674, data_time: 0.131, memory: 2577, loss_rpn_cls: 0.0203, loss_rpn_bbox: 0.0167, loss_cls: 0.1504, acc: 95.1909, loss_bbox: 0.1676, loss: 0.3550
2020-10-29 11:08:44,641 - mmdet - INFO - Epoch [1][3300/6207]	lr: 2.000e-02, eta: 7:13:16, time: 0.624, data_time: 0.119, memory: 2577, loss_rpn_cls: 0.0179, loss_rpn_bbox: 0.0165, loss_cls: 0.1553, acc: 95.1157, loss_bbox: 0.1755, loss: 0.3652
2020-10-29 11:09:15,403 - mmdet - INFO - Epoch [1][3350/6207]	lr: 2.000e-02, eta: 7:17:27, time: 0.619, data_time: 0.111, memory: 2577, loss_rpn_cls: 0.0197, loss_rpn_bbox: 0.0195, loss_cls: 0.1762, acc: 94.5483, loss_bbox: 0.1936, loss: 0.4091
2020-10-29 11:09:46,764 - mmdet - INFO - Epoch [1][3400/6207]	lr: 2.000e-02, eta: 7:21:35, time: 0.624, data_time: 0.118, memory: 2577, loss_rpn_cls: 0.0189, loss_rpn_bbox: 0.0162, loss_cls: 0.1661, acc: 94.8916, loss_bbox: 0.1790, loss: 0.3801
2020-10-29 11:10:19,304 - mmdet - INFO - Epoch [1][3450/6207]	lr: 2.000e-02, eta: 7:26:02, time: 0.650, data_time: 0.115, memory: 2577, loss_rpn_cls: 0.0214, loss_rpn_bbox: 0.0178, loss_cls: 0.1837, acc: 94.3140, loss_bbox: 0.1953, loss: 0.4182
2020-10-29 11:10:52,143 - mmdet - INFO - Epoch [1][3500/6207]	lr: 2.000e-02, eta: 7:30:28, time: 0.658, data_time: 0.127, memory: 2577, loss_rpn_cls: 0.0210, loss_rpn_bbox: 0.0177, loss_cls: 0.1668, acc: 94.7046, loss_bbox: 0.1844, loss: 0.3899
2020-10-29 11:11:24,020 - mmdet - INFO - Epoch [1][3550/6207]	lr: 2.000e-02, eta: 7:34:28, time: 0.640, data_time: 0.141, memory: 2577, loss_rpn_cls: 0.0213, loss_rpn_bbox: 0.0202, loss_cls: 0.1766, acc: 94.4053, loss_bbox: 0.1942, loss: 0.4122
2020-10-29 11:11:54,380 - mmdet - INFO - Epoch [1][3600/6207]	lr: 2.000e-02, eta: 7:37:49, time: 0.608, data_time: 0.120, memory: 2577, loss_rpn_cls: 0.0205, loss_rpn_bbox: 0.0157, loss_cls: 0.1528, acc: 95.1328, loss_bbox: 0.1688, loss: 0.3577
2020-10-29 11:12:26,238 - mmdet - INFO - Epoch [1][3650/6207]	lr: 2.000e-02, eta: 7:41:28, time: 0.633, data_time: 0.104, memory: 2577, loss_rpn_cls: 0.0224, loss_rpn_bbox: 0.0199, loss_cls: 0.1825, acc: 94.4468, loss_bbox: 0.1948, loss: 0.4196
2020-10-29 11:12:57,787 - mmdet - INFO - Epoch [1][3700/6207]	lr: 2.000e-02, eta: 7:45:01, time: 0.634, data_time: 0.121, memory: 2577, loss_rpn_cls: 0.0188, loss_rpn_bbox: 0.0172, loss_cls: 0.1647, acc: 94.7021, loss_bbox: 0.1872, loss: 0.3880
2020-10-29 11:13:29,919 - mmdet - INFO - Epoch [1][3750/6207]	lr: 2.000e-02, eta: 7:48:32, time: 0.639, data_time: 0.128, memory: 2577, loss_rpn_cls: 0.0176, loss_rpn_bbox: 0.0171, loss_cls: 0.1590, acc: 94.8755, loss_bbox: 0.1826, loss: 0.3764
2020-10-29 11:14:00,821 - mmdet - INFO - Epoch [1][3800/6207]	lr: 2.000e-02, eta: 7:51:41, time: 0.622, data_time: 0.123, memory: 2577, loss_rpn_cls: 0.0179, loss_rpn_bbox: 0.0179, loss_cls: 0.1559, acc: 94.9702, loss_bbox: 0.1786, loss: 0.3703
2020-10-29 11:14:32,880 - mmdet - INFO - Epoch [1][3850/6207]	lr: 2.000e-02, eta: 7:55:01, time: 0.640, data_time: 0.124, memory: 2577, loss_rpn_cls: 0.0246, loss_rpn_bbox: 0.0197, loss_cls: 0.1567, acc: 95.1509, loss_bbox: 0.1692, loss: 0.3701
2020-10-29 11:15:05,675 - mmdet - INFO - Epoch [1][3900/6207]	lr: 2.000e-02, eta: 7:58:28, time: 0.654, data_time: 0.103, memory: 2577, loss_rpn_cls: 0.0172, loss_rpn_bbox: 0.0177, loss_cls: 0.1505, acc: 95.0903, loss_bbox: 0.1725, loss: 0.3578
2020-10-29 11:15:36,788 - mmdet - INFO - Epoch [1][3950/6207]	lr: 2.000e-02, eta: 8:01:18, time: 0.621, data_time: 0.117, memory: 2577, loss_rpn_cls: 0.0202, loss_rpn_bbox: 0.0173, loss_cls: 0.1518, acc: 95.2124, loss_bbox: 0.1669, loss: 0.3560
2020-10-29 11:16:09,061 - mmdet - INFO - Exp name: faster_rcnn_r50_fpn_1x_voc.py
2020-10-29 11:16:09,062 - mmdet - INFO - Epoch [1][4000/6207]	lr: 2.000e-02, eta: 8:04:27, time: 0.646, data_time: 0.117, memory: 2577, loss_rpn_cls: 0.0167, loss_rpn_bbox: 0.0177, loss_cls: 0.1668, acc: 94.6982, loss_bbox: 0.1902, loss: 0.3914
2020-10-29 11:16:39,148 - mmdet - INFO - Epoch [1][4050/6207]	lr: 2.000e-02, eta: 8:06:52, time: 0.604, data_time: 0.106, memory: 2577, loss_rpn_cls: 0.0184, loss_rpn_bbox: 0.0179, loss_cls: 0.1689, acc: 94.6606, loss_bbox: 0.1845, loss: 0.3896
2020-10-29 11:17:09,379 - mmdet - INFO - Epoch [1][4100/6207]	lr: 2.000e-02, eta: 8:09:15, time: 0.606, data_time: 0.108, memory: 2577, loss_rpn_cls: 0.0203, loss_rpn_bbox: 0.0169, loss_cls: 0.1662, acc: 94.8438, loss_bbox: 0.1762, loss: 0.3796
2020-10-29 11:17:42,061 - mmdet - INFO - Epoch [1][4150/6207]	lr: 2.000e-02, eta: 8:12:12, time: 0.651, data_time: 0.113, memory: 2577, loss_rpn_cls: 0.0188, loss_rpn_bbox: 0.0158, loss_cls: 0.1573, acc: 94.9727, loss_bbox: 0.1819, loss: 0.3738
2020-10-29 11:18:14,740 - mmdet - INFO - Epoch [1][4200/6207]	lr: 2.000e-02, eta: 8:15:07, time: 0.654, data_time: 0.123, memory: 2577, loss_rpn_cls: 0.0161, loss_rpn_bbox: 0.0149, loss_cls: 0.1356, acc: 95.6064, loss_bbox: 0.1579, loss: 0.3244
2020-10-29 11:18:44,755 - mmdet - INFO - Epoch [1][4250/6207]	lr: 2.000e-02, eta: 8:17:15, time: 0.603, data_time: 0.114, memory: 2577, loss_rpn_cls: 0.0198, loss_rpn_bbox: 0.0194, loss_cls: 0.1544, acc: 94.8252, loss_bbox: 0.1927, loss: 0.3863
2020-10-29 11:19:15,998 - mmdet - INFO - Epoch [1][4300/6207]	lr: 2.000e-02, eta: 8:19:35, time: 0.622, data_time: 0.096, memory: 2577, loss_rpn_cls: 0.0177, loss_rpn_bbox: 0.0167, loss_cls: 0.1512, acc: 95.0635, loss_bbox: 0.1707, loss: 0.3562
2020-10-29 11:19:48,408 - mmdet - INFO - Epoch [1][4350/6207]	lr: 2.000e-02, eta: 8:22:11, time: 0.648, data_time: 0.128, memory: 2577, loss_rpn_cls: 0.0162, loss_rpn_bbox: 0.0170, loss_cls: 0.1377, acc: 95.5381, loss_bbox: 0.1606, loss: 0.3315
2020-10-29 11:20:20,395 - mmdet - INFO - Epoch [1][4400/6207]	lr: 2.000e-02, eta: 8:24:37, time: 0.640, data_time: 0.111, memory: 2577, loss_rpn_cls: 0.0154, loss_rpn_bbox: 0.0164, loss_cls: 0.1488, acc: 95.1787, loss_bbox: 0.1748, loss: 0.3554
2020-10-29 11:20:51,342 - mmdet - INFO - Epoch [1][4450/6207]	lr: 2.000e-02, eta: 8:26:45, time: 0.622, data_time: 0.118, memory: 2577, loss_rpn_cls: 0.0188, loss_rpn_bbox: 0.0158, loss_cls: 0.1602, acc: 94.9697, loss_bbox: 0.1742, loss: 0.3690
2020-10-29 11:21:22,155 - mmdet - INFO - Epoch [1][4500/6207]	lr: 2.000e-02, eta: 8:28:43, time: 0.614, data_time: 0.120, memory: 2577, loss_rpn_cls: 0.0168, loss_rpn_bbox: 0.0165, loss_cls: 0.1472, acc: 95.2227, loss_bbox: 0.1710, loss: 0.3515
2020-10-29 11:21:55,032 - mmdet - INFO - Epoch [1][4550/6207]	lr: 2.000e-02, eta: 8:31:11, time: 0.657, data_time: 0.107, memory: 2577, loss_rpn_cls: 0.0204, loss_rpn_bbox: 0.0165, loss_cls: 0.1628, acc: 94.9023, loss_bbox: 0.1762, loss: 0.3759
2020-10-29 11:22:26,609 - mmdet - INFO - Epoch [1][4600/6207]	lr: 2.000e-02, eta: 8:33:17, time: 0.634, data_time: 0.115, memory: 2577, loss_rpn_cls: 0.0207, loss_rpn_bbox: 0.0175, loss_cls: 0.1661, acc: 94.8120, loss_bbox: 0.1833, loss: 0.3875
2020-10-29 11:22:59,040 - mmdet - INFO - Epoch [1][4650/6207]	lr: 2.000e-02, eta: 8:35:32, time: 0.649, data_time: 0.116, memory: 2577, loss_rpn_cls: 0.0184, loss_rpn_bbox: 0.0192, loss_cls: 0.1504, acc: 95.1421, loss_bbox: 0.1731, loss: 0.3611
2020-10-29 11:23:30,382 - mmdet - INFO - Epoch [1][4700/6207]	lr: 2.000e-02, eta: 8:37:26, time: 0.626, data_time: 0.120, memory: 2577, loss_rpn_cls: 0.0173, loss_rpn_bbox: 0.0157, loss_cls: 0.1503, acc: 95.0566, loss_bbox: 0.1769, loss: 0.3602
2020-10-29 11:24:02,363 - mmdet - INFO - Epoch [1][4750/6207]	lr: 2.000e-02, eta: 8:39:27, time: 0.640, data_time: 0.109, memory: 2577, loss_rpn_cls: 0.0204, loss_rpn_bbox: 0.0180, loss_cls: 0.1559, acc: 94.9375, loss_bbox: 0.1787, loss: 0.3730
2020-10-29 11:24:34,953 - mmdet - INFO - Epoch [1][4800/6207]	lr: 2.000e-02, eta: 8:41:31, time: 0.650, data_time: 0.117, memory: 2577, loss_rpn_cls: 0.0162, loss_rpn_bbox: 0.0156, loss_cls: 0.1497, acc: 95.2773, loss_bbox: 0.1684, loss: 0.3498
2020-10-29 11:25:06,862 - mmdet - INFO - Epoch [1][4850/6207]	lr: 2.000e-02, eta: 8:43:25, time: 0.638, data_time: 0.102, memory: 2577, loss_rpn_cls: 0.0150, loss_rpn_bbox: 0.0147, loss_cls: 0.1486, acc: 95.1714, loss_bbox: 0.1720, loss: 0.3503
2020-10-29 11:25:39,710 - mmdet - INFO - Epoch [1][4900/6207]	lr: 2.000e-02, eta: 8:45:28, time: 0.656, data_time: 0.119, memory: 2577, loss_rpn_cls: 0.0163, loss_rpn_bbox: 0.0158, loss_cls: 0.1453, acc: 95.1743, loss_bbox: 0.1741, loss: 0.3515
2020-10-29 11:26:11,956 - mmdet - INFO - Epoch [1][4950/6207]	lr: 2.000e-02, eta: 8:47:19, time: 0.644, data_time: 0.113, memory: 2577, loss_rpn_cls: 0.0155, loss_rpn_bbox: 0.0150, loss_cls: 0.1345, acc: 95.5601, loss_bbox: 0.1570, loss: 0.3220
2020-10-29 11:26:43,738 - mmdet - INFO - Exp name: faster_rcnn_r50_fpn_1x_voc.py
2020-10-29 11:26:43,739 - mmdet - INFO - Epoch [1][5000/6207]	lr: 2.000e-02, eta: 8:49:03, time: 0.637, data_time: 0.111, memory: 2577, loss_rpn_cls: 0.0188, loss_rpn_bbox: 0.0174, loss_cls: 0.1431, acc: 95.4409, loss_bbox: 0.1591, loss: 0.3383
2020-10-29 11:27:16,461 - mmdet - INFO - Epoch [1][5050/6207]	lr: 2.000e-02, eta: 8:50:55, time: 0.653, data_time: 0.127, memory: 2577, loss_rpn_cls: 0.0184, loss_rpn_bbox: 0.0159, loss_cls: 0.1468, acc: 95.3242, loss_bbox: 0.1670, loss: 0.3482
2020-10-29 11:27:48,734 - mmdet - INFO - Epoch [1][5100/6207]	lr: 2.000e-02, eta: 8:52:40, time: 0.648, data_time: 0.121, memory: 2577, loss_rpn_cls: 0.0196, loss_rpn_bbox: 0.0169, loss_cls: 0.1654, acc: 94.6963, loss_bbox: 0.1810, loss: 0.3829
2020-10-29 11:28:17,824 - mmdet - INFO - Epoch [1][5150/6207]	lr: 2.000e-02, eta: 8:53:40, time: 0.584, data_time: 0.119, memory: 2577, loss_rpn_cls: 0.0182, loss_rpn_bbox: 0.0170, loss_cls: 0.1650, acc: 94.6709, loss_bbox: 0.1850, loss: 0.3852
2020-10-29 11:28:48,623 - mmdet - INFO - Epoch [1][5200/6207]	lr: 2.000e-02, eta: 8:55:01, time: 0.617, data_time: 0.115, memory: 2577, loss_rpn_cls: 0.0190, loss_rpn_bbox: 0.0160, loss_cls: 0.1562, acc: 95.0781, loss_bbox: 0.1688, loss: 0.3601
2020-10-29 11:29:20,837 - mmdet - INFO - Epoch [1][5250/6207]	lr: 2.000e-02, eta: 8:56:35, time: 0.641, data_time: 0.115, memory: 2577, loss_rpn_cls: 0.0177, loss_rpn_bbox: 0.0169, loss_cls: 0.1405, acc: 95.3154, loss_bbox: 0.1706, loss: 0.3457
2020-10-29 11:29:52,263 - mmdet - INFO - Epoch [1][5300/6207]	lr: 2.000e-02, eta: 8:57:58, time: 0.628, data_time: 0.118, memory: 2577, loss_rpn_cls: 0.0155, loss_rpn_bbox: 0.0172, loss_cls: 0.1521, acc: 94.8833, loss_bbox: 0.1842, loss: 0.3689
2020-10-29 11:30:24,351 - mmdet - INFO - Epoch [1][5350/6207]	lr: 2.000e-02, eta: 8:59:28, time: 0.641, data_time: 0.121, memory: 2577, loss_rpn_cls: 0.0148, loss_rpn_bbox: 0.0165, loss_cls: 0.1393, acc: 95.2300, loss_bbox: 0.1741, loss: 0.3448
2020-10-29 11:30:55,639 - mmdet - INFO - Epoch [1][5400/6207]	lr: 2.000e-02, eta: 9:00:47, time: 0.629, data_time: 0.117, memory: 2577, loss_rpn_cls: 0.0157, loss_rpn_bbox: 0.0159, loss_cls: 0.1547, acc: 95.0205, loss_bbox: 0.1742, loss: 0.3606
2020-10-29 11:31:25,601 - mmdet - INFO - Epoch [1][5450/6207]	lr: 2.000e-02, eta: 9:01:45, time: 0.598, data_time: 0.096, memory: 2577, loss_rpn_cls: 0.0161, loss_rpn_bbox: 0.0172, loss_cls: 0.1543, acc: 95.0078, loss_bbox: 0.1800, loss: 0.3676
2020-10-29 11:31:56,438 - mmdet - INFO - Epoch [1][5500/6207]	lr: 2.000e-02, eta: 9:02:53, time: 0.618, data_time: 0.111, memory: 2577, loss_rpn_cls: 0.0149, loss_rpn_bbox: 0.0160, loss_cls: 0.1378, acc: 95.3521, loss_bbox: 0.1664, loss: 0.3350
2020-10-29 11:32:28,746 - mmdet - INFO - Epoch [1][5550/6207]	lr: 2.000e-02, eta: 9:04:17, time: 0.645, data_time: 0.108, memory: 2577, loss_rpn_cls: 0.0169, loss_rpn_bbox: 0.0146, loss_cls: 0.1460, acc: 95.3413, loss_bbox: 0.1656, loss: 0.3431
2020-10-29 11:32:59,188 - mmdet - INFO - Epoch [1][5600/6207]	lr: 2.000e-02, eta: 9:05:17, time: 0.610, data_time: 0.109, memory: 2577, loss_rpn_cls: 0.0177, loss_rpn_bbox: 0.0156, loss_cls: 0.1525, acc: 95.0254, loss_bbox: 0.1761, loss: 0.3618
2020-10-29 11:33:32,321 - mmdet - INFO - Epoch [1][5650/6207]	lr: 2.000e-02, eta: 9:06:46, time: 0.660, data_time: 0.109, memory: 2577, loss_rpn_cls: 0.0151, loss_rpn_bbox: 0.0167, loss_cls: 0.1543, acc: 94.7427, loss_bbox: 0.1791, loss: 0.3652
2020-10-29 11:34:03,670 - mmdet - INFO - Epoch [1][5700/6207]	lr: 2.000e-02, eta: 9:07:54, time: 0.630, data_time: 0.128, memory: 2577, loss_rpn_cls: 0.0165, loss_rpn_bbox: 0.0153, loss_cls: 0.1340, acc: 95.5947, loss_bbox: 0.1630, loss: 0.3287
2020-10-29 11:34:34,941 - mmdet - INFO - Epoch [1][5750/6207]	lr: 2.000e-02, eta: 9:08:59, time: 0.625, data_time: 0.115, memory: 2577, loss_rpn_cls: 0.0155, loss_rpn_bbox: 0.0164, loss_cls: 0.1383, acc: 95.5679, loss_bbox: 0.1622, loss: 0.3324
2020-10-29 11:35:07,553 - mmdet - INFO - Epoch [1][5800/6207]	lr: 2.000e-02, eta: 9:10:16, time: 0.651, data_time: 0.109, memory: 2577, loss_rpn_cls: 0.0150, loss_rpn_bbox: 0.0158, loss_cls: 0.1497, acc: 95.0576, loss_bbox: 0.1830, loss: 0.3635
2020-10-29 11:35:39,172 - mmdet - INFO - Epoch [1][5850/6207]	lr: 2.000e-02, eta: 9:11:21, time: 0.631, data_time: 0.116, memory: 2577, loss_rpn_cls: 0.0146, loss_rpn_bbox: 0.0158, loss_cls: 0.1355, acc: 95.5459, loss_bbox: 0.1635, loss: 0.3294
2020-10-29 11:36:10,796 - mmdet - INFO - Epoch [1][5900/6207]	lr: 2.000e-02, eta: 9:12:24, time: 0.632, data_time: 0.119, memory: 2577, loss_rpn_cls: 0.0203, loss_rpn_bbox: 0.0168, loss_cls: 0.1487, acc: 95.0571, loss_bbox: 0.1791, loss: 0.3649
2020-10-29 11:36:42,878 - mmdet - INFO - Epoch [1][5950/6207]	lr: 2.000e-02, eta: 9:13:31, time: 0.641, data_time: 0.110, memory: 2577, loss_rpn_cls: 0.0141, loss_rpn_bbox: 0.0158, loss_cls: 0.1392, acc: 95.3901, loss_bbox: 0.1618, loss: 0.3309
2020-10-29 11:37:14,634 - mmdet - INFO - Exp name: faster_rcnn_r50_fpn_1x_voc.py
2020-10-29 11:37:14,635 - mmdet - INFO - Epoch [1][6000/6207]	lr: 2.000e-02, eta: 9:14:34, time: 0.639, data_time: 0.104, memory: 2577, loss_rpn_cls: 0.0160, loss_rpn_bbox: 0.0165, loss_cls: 0.1433, acc: 95.0859, loss_bbox: 0.1721, loss: 0.3479
2020-10-29 11:37:46,818 - mmdet - INFO - Epoch [1][6050/6207]	lr: 2.000e-02, eta: 9:15:39, time: 0.644, data_time: 0.125, memory: 2577, loss_rpn_cls: 0.0170, loss_rpn_bbox: 0.0170, loss_cls: 0.1441, acc: 95.1426, loss_bbox: 0.1720, loss: 0.3500
2020-10-29 11:38:18,120 - mmdet - INFO - Epoch [1][6100/6207]	lr: 2.000e-02, eta: 9:16:31, time: 0.623, data_time: 0.125, memory: 2577, loss_rpn_cls: 0.0213, loss_rpn_bbox: 0.0178, loss_cls: 0.1507, acc: 95.0571, loss_bbox: 0.1741, loss: 0.3638
2020-10-29 11:38:49,371 - mmdet - INFO - Epoch [1][6150/6207]	lr: 2.000e-02, eta: 9:17:22, time: 0.624, data_time: 0.119, memory: 2577, loss_rpn_cls: 0.0142, loss_rpn_bbox: 0.0146, loss_cls: 0.1418, acc: 95.3511, loss_bbox: 0.1632, loss: 0.3339
2020-10-29 11:39:22,906 - mmdet - INFO - Epoch [1][6200/6207]	lr: 2.000e-02, eta: 9:18:38, time: 0.672, data_time: 0.127, memory: 2577, loss_rpn_cls: 0.0179, loss_rpn_bbox: 0.0177, loss_cls: 0.1574, acc: 94.7803, loss_bbox: 0.1804, loss: 0.3734
2020-10-29 11:39:26,943 - mmdet - INFO - Saving checkpoint at 1 epochs
