2020-10-26 09:30:51,310 - mmdet - INFO - Environment info:
------------------------------------------------------------
sys.platform: linux
Python: 3.6.12 |Anaconda, Inc.| (default, Sep  8 2020, 23:10:56) [GCC 7.3.0]
CUDA available: True
GPU 0,1: GeForce RTX 2080 Ti
CUDA_HOME: /usr/local/cuda
NVCC: Cuda compilation tools, release 10.0, V10.0.130
GCC: gcc (Ubuntu 5.4.0-6ubuntu1~16.04.11) 5.4.0 20160609
PyTorch: 1.4.0
PyTorch compiling details: PyTorch built with:
  - GCC 7.3
  - Intel(R) Math Kernel Library Version 2020.0.2 Product Build 20200624 for Intel(R) 64 architecture applications
  - Intel(R) MKL-DNN v0.21.1 (Git Hash 7d2fd500bc78936d1d648ca713b901012f470dbc)
  - OpenMP 201511 (a.k.a. OpenMP 4.5)
  - NNPACK is enabled
  - CUDA Runtime 10.0
  - NVCC architecture flags: -gencode;arch=compute_37,code=sm_37;-gencode;arch=compute_50,code=sm_50;-gencode;arch=compute_60,code=sm_60;-gencode;arch=compute_61,code=sm_61;-gencode;arch=compute_70,code=sm_70;-gencode;arch=compute_75,code=sm_75;-gencode;arch=compute_37,code=compute_37
  - CuDNN 7.6.3
  - Magma 2.5.1
  - Build settings: BLAS=MKL, BUILD_NAMEDTENSOR=OFF, BUILD_TYPE=Release, CXX_FLAGS= -Wno-deprecated -fvisibility-inlines-hidden -fopenmp -DUSE_FBGEMM -DUSE_QNNPACK -DUSE_PYTORCH_QNNPACK -O2 -fPIC -Wno-narrowing -Wall -Wextra -Wno-missing-field-initializers -Wno-type-limits -Wno-array-bounds -Wno-unknown-pragmas -Wno-sign-compare -Wno-unused-parameter -Wno-unused-variable -Wno-unused-function -Wno-unused-result -Wno-strict-overflow -Wno-strict-aliasing -Wno-error=deprecated-declarations -Wno-stringop-overflow -Wno-error=pedantic -Wno-error=redundant-decls -Wno-error=old-style-cast -fdiagnostics-color=always -faligned-new -Wno-unused-but-set-variable -Wno-maybe-uninitialized -fno-math-errno -fno-trapping-math -Wno-stringop-overflow, DISABLE_NUMA=1, PERF_WITH_AVX=1, PERF_WITH_AVX2=1, PERF_WITH_AVX512=1, USE_CUDA=ON, USE_EXCEPTION_PTR=1, USE_GFLAGS=OFF, USE_GLOG=OFF, USE_MKL=ON, USE_MKLDNN=ON, USE_MPI=OFF, USE_NCCL=ON, USE_NNPACK=ON, USE_OPENMP=ON, USE_STATIC_DISPATCH=OFF, 

TorchVision: 0.5.0
OpenCV: 4.4.0
MMCV: 1.1.5
MMCV Compiler: GCC 7.3
MMCV CUDA Compiler: 10.0
MMDetection: 2.5.0+
------------------------------------------------------------

2020-10-26 09:30:51,726 - mmdet - INFO - Distributed training: True
2020-10-26 09:30:52,097 - mmdet - INFO - Config:
dataset_type = 'VOCDataset'
data_root = '/root/userfolder/data/'
img_norm_cfg = dict(
    mean=[102.9801, 115.9465, 122.7717], std=[1.0, 1.0, 1.0], to_rgb=False)
train_pipeline = [
    dict(type='LoadImageFromFile'),
    dict(type='LoadAnnotations', with_bbox=True),
    dict(
        type='Resize',
        img_scale=[(1333, 640), (1333, 800)],
        multiscale_mode='value',
        keep_ratio=True),
    dict(type='RandomFlip', flip_ratio=0.5),
    dict(
        type='Normalize',
        mean=[102.9801, 115.9465, 122.7717],
        std=[1.0, 1.0, 1.0],
        to_rgb=False),
    dict(type='Pad', size_divisor=32),
    dict(type='DefaultFormatBundle'),
    dict(type='Collect', keys=['img', 'gt_bboxes', 'gt_labels'])
]
test_pipeline = [
    dict(type='LoadImageFromFile'),
    dict(
        type='MultiScaleFlipAug',
        img_scale=(1333, 800),
        flip=False,
        transforms=[
            dict(type='Resize', keep_ratio=True),
            dict(type='RandomFlip'),
            dict(
                type='Normalize',
                mean=[102.9801, 115.9465, 122.7717],
                std=[1.0, 1.0, 1.0],
                to_rgb=False),
            dict(type='Pad', size_divisor=32),
            dict(type='ImageToTensor', keys=['img']),
            dict(type='Collect', keys=['img'])
        ])
]
data = dict(
    samples_per_gpu=4,
    workers_per_gpu=0,
    train=dict(
        type='RepeatDataset',
        times=3,
        dataset=dict(
            type='VOCDataset',
            ann_file=[
                '/root/userfolder/data/VOC2012/ImageSets/Main/trainval.txt'
            ],
            img_prefix=['/root/userfolder/data/VOC2012/'],
            pipeline=[
                dict(type='LoadImageFromFile'),
                dict(type='LoadAnnotations', with_bbox=True),
                dict(type='Resize', img_scale=(1000, 600), keep_ratio=True),
                dict(type='RandomFlip', flip_ratio=0.5),
                dict(
                    type='Normalize',
                    mean=[123.675, 116.28, 103.53],
                    std=[58.395, 57.12, 57.375],
                    to_rgb=True),
                dict(type='Pad', size_divisor=32),
                dict(type='DefaultFormatBundle'),
                dict(type='Collect', keys=['img', 'gt_bboxes', 'gt_labels'])
            ]),
        pipeline=[
            dict(type='LoadImageFromFile'),
            dict(type='LoadAnnotations', with_bbox=True),
            dict(
                type='Resize',
                img_scale=[(1333, 640), (1333, 800)],
                multiscale_mode='value',
                keep_ratio=True),
            dict(type='RandomFlip', flip_ratio=0.5),
            dict(
                type='Normalize',
                mean=[102.9801, 115.9465, 122.7717],
                std=[1.0, 1.0, 1.0],
                to_rgb=False),
            dict(type='Pad', size_divisor=32),
            dict(type='DefaultFormatBundle'),
            dict(type='Collect', keys=['img', 'gt_bboxes', 'gt_labels'])
        ]),
    val=dict(
        type='VOCDataset',
        ann_file='/root/userfolder/data/VOC2012/ImageSets/Main/val.txt',
        img_prefix='/root/userfolder/data/VOC2012/',
        pipeline=[
            dict(type='LoadImageFromFile'),
            dict(
                type='MultiScaleFlipAug',
                img_scale=(1333, 800),
                flip=False,
                transforms=[
                    dict(type='Resize', keep_ratio=True),
                    dict(type='RandomFlip'),
                    dict(
                        type='Normalize',
                        mean=[102.9801, 115.9465, 122.7717],
                        std=[1.0, 1.0, 1.0],
                        to_rgb=False),
                    dict(type='Pad', size_divisor=32),
                    dict(type='ImageToTensor', keys=['img']),
                    dict(type='Collect', keys=['img'])
                ])
        ]),
    test=dict(
        type='VOCDataset',
        ann_file='/root/userfolder/data/VOC2012/ImageSets/Main/val.txt',
        img_prefix='/root/userfolder/data/VOC2012/',
        pipeline=[
            dict(type='LoadImageFromFile'),
            dict(
                type='MultiScaleFlipAug',
                img_scale=(1333, 800),
                flip=False,
                transforms=[
                    dict(type='Resize', keep_ratio=True),
                    dict(type='RandomFlip'),
                    dict(
                        type='Normalize',
                        mean=[102.9801, 115.9465, 122.7717],
                        std=[1.0, 1.0, 1.0],
                        to_rgb=False),
                    dict(type='Pad', size_divisor=32),
                    dict(type='ImageToTensor', keys=['img']),
                    dict(type='Collect', keys=['img'])
                ])
        ]))
evaluation = dict(interval=1, metric='mAP')
optimizer = dict(
    type='SGD',
    lr=0.00125,
    momentum=0.9,
    weight_decay=0.0001,
    paramwise_cfg=dict(bias_lr_mult=2.0, bias_decay_mult=0.0))
optimizer_config = dict(grad_clip=dict(max_norm=35, norm_type=2))
lr_config = dict(
    policy='step',
    warmup='constant',
    warmup_iters=500,
    warmup_ratio=0.3333333333333333,
    step=[16, 22])
total_epochs = 24
checkpoint_config = dict(interval=1)
log_config = dict(interval=50, hooks=[dict(type='TextLoggerHook')])
dist_params = dict(backend='nccl')
log_level = 'INFO'
load_from = None
resume_from = None
workflow = [('train', 1)]
model = dict(
    type='FCOS',
    pretrained='icode/moco_v2_800ep_pretrain_rename.pth',
    backbone=dict(
        type='ResNet',
        depth=50,
        num_stages=4,
        out_indices=(0, 1, 2, 3),
        frozen_stages=1,
        norm_cfg=dict(type='BN', requires_grad=False),
        norm_eval=True,
        style='caffe'),
    neck=dict(
        type='FPN',
        in_channels=[256, 512, 1024, 2048],
        out_channels=256,
        start_level=1,
        add_extra_convs=True,
        extra_convs_on_inputs=False,
        num_outs=5,
        relu_before_extra_convs=True),
    bbox_head=dict(
        type='FCOSHead',
        num_classes=20,
        in_channels=256,
        stacked_convs=4,
        feat_channels=256,
        strides=[8, 16, 32, 64, 128],
        loss_cls=dict(
            type='FocalLoss',
            use_sigmoid=True,
            gamma=2.0,
            alpha=0.25,
            loss_weight=1.0),
        loss_bbox=dict(type='IoULoss', loss_weight=1.0),
        loss_centerness=dict(
            type='CrossEntropyLoss', use_sigmoid=True, loss_weight=1.0)))
train_cfg = dict(
    assigner=dict(
        type='MaxIoUAssigner',
        pos_iou_thr=0.5,
        neg_iou_thr=0.4,
        min_pos_iou=0,
        ignore_iof_thr=-1),
    allowed_border=-1,
    pos_weight=-1,
    debug=False)
test_cfg = dict(
    nms_pre=1000,
    min_bbox_size=0,
    score_thr=0.05,
    nms=dict(type='nms', iou_threshold=0.5),
    max_per_img=100)
work_dir = './work_dirs/fcos_r50_caffe_fpn_gn-head_mstrain_640-800_4x4_2x_coco_moco'
gpu_ids = range(0, 1)

2020-10-26 09:30:52,446 - mmdet - INFO - load model from: icode/moco_v2_800ep_pretrain_rename.pth
2020-10-26 09:30:52,544 - mmdet - WARNING - The model and loaded state dict do not match exactly

unexpected key in source state_dict: fc.0.weight, fc.0.bias, fc.2.weight, fc.2.bias

2020-10-26 09:31:23,407 - mmdet - INFO - Start running, host: root@48311a6e91ab, work_dir: /root/userfolder/mmdetection/work_dirs/fcos_r50_caffe_fpn_gn-head_mstrain_640-800_4x4_2x_coco_moco
2020-10-26 09:31:23,407 - mmdet - INFO - workflow: [('train', 1)], max: 24 epochs
2020-10-26 09:31:58,133 - mmdet - INFO - Epoch [1][50/4328]	lr: 4.167e-04, eta: 20:01:36, time: 0.694, data_time: 0.155, memory: 3937, loss_cls: 0.8353, loss_bbox: 1.9685, loss_centerness: 0.6708, loss: 3.4746, grad_norm: 43.2605
2020-10-26 09:32:17,928 - mmdet - INFO - Epoch [1][100/4328]	lr: 4.167e-04, eta: 15:42:52, time: 0.396, data_time: 0.107, memory: 3937, loss_cls: 0.6624, loss_bbox: 0.8580, loss_centerness: 0.6547, loss: 2.1750, grad_norm: 16.2098
2020-10-26 09:32:37,447 - mmdet - INFO - Epoch [1][150/4328]	lr: 4.167e-04, eta: 14:13:13, time: 0.390, data_time: 0.100, memory: 3937, loss_cls: 0.6290, loss_bbox: 0.8150, loss_centerness: 0.6494, loss: 2.0934, grad_norm: 16.5172
2020-10-26 09:32:57,081 - mmdet - INFO - Epoch [1][200/4328]	lr: 4.167e-04, eta: 13:29:14, time: 0.393, data_time: 0.099, memory: 3937, loss_cls: 0.6012, loss_bbox: 0.7737, loss_centerness: 0.6489, loss: 2.0238, grad_norm: 14.3955
2020-10-26 09:33:16,823 - mmdet - INFO - Epoch [1][250/4328]	lr: 4.167e-04, eta: 13:03:27, time: 0.395, data_time: 0.103, memory: 3937, loss_cls: 0.5978, loss_bbox: 0.7696, loss_centerness: 0.6467, loss: 2.0141, grad_norm: 16.9169
2020-10-26 09:33:36,669 - mmdet - INFO - Epoch [1][300/4328]	lr: 4.167e-04, eta: 12:46:45, time: 0.397, data_time: 0.108, memory: 3941, loss_cls: 0.5941, loss_bbox: 0.7302, loss_centerness: 0.6434, loss: 1.9677, grad_norm: 14.7145
2020-10-26 09:33:56,272 - mmdet - INFO - Epoch [1][350/4328]	lr: 4.167e-04, eta: 12:33:32, time: 0.392, data_time: 0.100, memory: 3941, loss_cls: 0.5960, loss_bbox: 0.6969, loss_centerness: 0.6460, loss: 1.9389, grad_norm: 15.0715
2020-10-26 09:34:15,871 - mmdet - INFO - Epoch [1][400/4328]	lr: 4.167e-04, eta: 12:23:31, time: 0.392, data_time: 0.101, memory: 3941, loss_cls: 0.5930, loss_bbox: 0.6796, loss_centerness: 0.6400, loss: 1.9126, grad_norm: 14.4656
2020-10-26 09:34:35,535 - mmdet - INFO - Epoch [1][450/4328]	lr: 4.167e-04, eta: 12:15:54, time: 0.393, data_time: 0.100, memory: 3941, loss_cls: 0.5675, loss_bbox: 0.6909, loss_centerness: 0.6377, loss: 1.8961, grad_norm: 15.5636
2020-10-26 09:34:55,288 - mmdet - INFO - Epoch [1][500/4328]	lr: 4.167e-04, eta: 12:10:03, time: 0.395, data_time: 0.100, memory: 3941, loss_cls: 0.5548, loss_bbox: 0.6621, loss_centerness: 0.6354, loss: 1.8523, grad_norm: 15.2475
2020-10-26 09:35:15,021 - mmdet - INFO - Epoch [1][550/4328]	lr: 1.250e-03, eta: 12:05:09, time: 0.395, data_time: 0.100, memory: 3941, loss_cls: 0.5864, loss_bbox: 0.8539, loss_centerness: 0.6391, loss: 2.0794, grad_norm: 18.5852
2020-10-26 09:35:34,776 - mmdet - INFO - Epoch [1][600/4328]	lr: 1.250e-03, eta: 12:01:04, time: 0.395, data_time: 0.104, memory: 3941, loss_cls: 0.5986, loss_bbox: 0.7589, loss_centerness: 0.6377, loss: 1.9952, grad_norm: 15.6131
2020-10-26 09:35:54,414 - mmdet - INFO - Epoch [1][650/4328]	lr: 1.250e-03, eta: 11:57:15, time: 0.393, data_time: 0.102, memory: 3941, loss_cls: 0.5726, loss_bbox: 0.7466, loss_centerness: 0.6353, loss: 1.9545, grad_norm: 15.6874
2020-10-26 09:36:13,758 - mmdet - INFO - Epoch [1][700/4328]	lr: 1.250e-03, eta: 11:53:13, time: 0.387, data_time: 0.098, memory: 3941, loss_cls: 0.6037, loss_bbox: 0.8090, loss_centerness: 0.6337, loss: 2.0464, grad_norm: 16.3495
2020-10-26 09:36:33,488 - mmdet - INFO - Epoch [1][750/4328]	lr: 1.250e-03, eta: 11:50:33, time: 0.395, data_time: 0.104, memory: 3941, loss_cls: 0.5595, loss_bbox: 0.7087, loss_centerness: 0.6318, loss: 1.9000, grad_norm: 13.2571
2020-10-26 09:36:53,448 - mmdet - INFO - Epoch [1][800/4328]	lr: 1.250e-03, eta: 11:48:41, time: 0.399, data_time: 0.100, memory: 3941, loss_cls: 0.5469, loss_bbox: 0.6592, loss_centerness: 0.6302, loss: 1.8362, grad_norm: 12.6656
2020-10-26 09:37:13,003 - mmdet - INFO - Epoch [1][850/4328]	lr: 1.250e-03, eta: 11:46:10, time: 0.391, data_time: 0.103, memory: 3941, loss_cls: 0.5371, loss_bbox: 0.6192, loss_centerness: 0.6259, loss: 1.7821, grad_norm: 11.5628
2020-10-26 09:37:32,510 - mmdet - INFO - Epoch [1][900/4328]	lr: 1.250e-03, eta: 11:43:49, time: 0.390, data_time: 0.100, memory: 3957, loss_cls: 0.5300, loss_bbox: 0.6413, loss_centerness: 0.6246, loss: 1.7959, grad_norm: 12.2197
2020-10-26 09:37:52,172 - mmdet - INFO - Epoch [1][950/4328]	lr: 1.250e-03, eta: 11:41:57, time: 0.393, data_time: 0.100, memory: 3957, loss_cls: 0.5191, loss_bbox: 0.6232, loss_centerness: 0.6250, loss: 1.7673, grad_norm: 12.8143
2020-10-26 09:38:11,714 - mmdet - INFO - Exp name: fcos_r50_caffe_fpn_gn-head_mstrain_640-800_4x4_2x_coco_moco.py
2020-10-26 09:38:11,714 - mmdet - INFO - Epoch [1][1000/4328]	lr: 1.250e-03, eta: 11:40:02, time: 0.391, data_time: 0.104, memory: 3957, loss_cls: 0.5122, loss_bbox: 0.6125, loss_centerness: 0.6244, loss: 1.7490, grad_norm: 11.1709
2020-10-26 09:38:31,627 - mmdet - INFO - Epoch [1][1050/4328]	lr: 1.250e-03, eta: 11:38:52, time: 0.398, data_time: 0.107, memory: 3957, loss_cls: 0.5062, loss_bbox: 0.5633, loss_centerness: 0.6206, loss: 1.6901, grad_norm: 10.5913
2020-10-26 09:38:52,586 - mmdet - INFO - Epoch [1][1100/4328]	lr: 1.250e-03, eta: 11:39:25, time: 0.419, data_time: 0.103, memory: 3957, loss_cls: 0.4770, loss_bbox: 0.5734, loss_centerness: 0.6220, loss: 1.6723, grad_norm: 10.9174
2020-10-26 09:39:12,479 - mmdet - INFO - Epoch [1][1150/4328]	lr: 1.250e-03, eta: 11:38:18, time: 0.398, data_time: 0.102, memory: 3957, loss_cls: 0.4883, loss_bbox: 0.5246, loss_centerness: 0.6159, loss: 1.6289, grad_norm: 10.6710
2020-10-26 09:39:32,658 - mmdet - INFO - Epoch [1][1200/4328]	lr: 1.250e-03, eta: 11:37:39, time: 0.404, data_time: 0.102, memory: 3957, loss_cls: 0.4826, loss_bbox: 0.5812, loss_centerness: 0.6191, loss: 1.6829, grad_norm: 10.9792
2020-10-26 09:39:52,414 - mmdet - INFO - Epoch [1][1250/4328]	lr: 1.250e-03, eta: 11:36:27, time: 0.395, data_time: 0.100, memory: 3957, loss_cls: 0.4746, loss_bbox: 0.5784, loss_centerness: 0.6161, loss: 1.6692, grad_norm: 12.4152
2020-10-26 09:40:12,433 - mmdet - INFO - Epoch [1][1300/4328]	lr: 1.250e-03, eta: 11:35:40, time: 0.400, data_time: 0.101, memory: 3957, loss_cls: 0.4522, loss_bbox: 0.5310, loss_centerness: 0.6167, loss: 1.5999, grad_norm: 10.0026
2020-10-26 09:40:32,215 - mmdet - INFO - Epoch [1][1350/4328]	lr: 1.250e-03, eta: 11:34:36, time: 0.396, data_time: 0.103, memory: 3957, loss_cls: 0.4614, loss_bbox: 0.5249, loss_centerness: 0.6159, loss: 1.6022, grad_norm: 10.8224
2020-10-26 09:40:51,702 - mmdet - INFO - Epoch [1][1400/4328]	lr: 1.250e-03, eta: 11:33:15, time: 0.390, data_time: 0.100, memory: 3957, loss_cls: 0.4563, loss_bbox: 0.5081, loss_centerness: 0.6176, loss: 1.5820, grad_norm: 10.5321
2020-10-26 09:41:11,254 - mmdet - INFO - Epoch [1][1450/4328]	lr: 1.250e-03, eta: 11:32:02, time: 0.391, data_time: 0.100, memory: 3957, loss_cls: 0.4333, loss_bbox: 0.5164, loss_centerness: 0.6151, loss: 1.5648, grad_norm: 10.6689
2020-10-26 09:41:31,071 - mmdet - INFO - Epoch [1][1500/4328]	lr: 1.250e-03, eta: 11:31:11, time: 0.396, data_time: 0.095, memory: 3957, loss_cls: 0.4616, loss_bbox: 0.5040, loss_centerness: 0.6156, loss: 1.5812, grad_norm: 10.4188
2020-10-26 09:41:50,752 - mmdet - INFO - Epoch [1][1550/4328]	lr: 1.250e-03, eta: 11:30:12, time: 0.394, data_time: 0.096, memory: 3957, loss_cls: 0.4351, loss_bbox: 0.5040, loss_centerness: 0.6165, loss: 1.5556, grad_norm: 10.2668
2020-10-26 09:42:11,426 - mmdet - INFO - Epoch [1][1600/4328]	lr: 1.250e-03, eta: 11:30:20, time: 0.413, data_time: 0.106, memory: 3957, loss_cls: 0.4400, loss_bbox: 0.5070, loss_centerness: 0.6147, loss: 1.5616, grad_norm: 11.1374
2020-10-26 09:42:30,954 - mmdet - INFO - Epoch [1][1650/4328]	lr: 1.250e-03, eta: 11:29:15, time: 0.391, data_time: 0.097, memory: 3957, loss_cls: 0.4307, loss_bbox: 0.4983, loss_centerness: 0.6153, loss: 1.5442, grad_norm: 10.5857
2020-10-26 09:42:50,960 - mmdet - INFO - Epoch [1][1700/4328]	lr: 1.250e-03, eta: 11:28:42, time: 0.400, data_time: 0.096, memory: 3957, loss_cls: 0.4385, loss_bbox: 0.4929, loss_centerness: 0.6149, loss: 1.5463, grad_norm: 10.1719
2020-10-26 09:43:10,525 - mmdet - INFO - Epoch [1][1750/4328]	lr: 1.250e-03, eta: 11:27:43, time: 0.391, data_time: 0.097, memory: 3957, loss_cls: 0.4261, loss_bbox: 0.4603, loss_centerness: 0.6132, loss: 1.4996, grad_norm: 9.6258
2020-10-26 09:43:30,247 - mmdet - INFO - Epoch [1][1800/4328]	lr: 1.250e-03, eta: 11:26:55, time: 0.394, data_time: 0.102, memory: 3957, loss_cls: 0.4006, loss_bbox: 0.4479, loss_centerness: 0.6121, loss: 1.4605, grad_norm: 9.4548
2020-10-26 09:43:50,452 - mmdet - INFO - Epoch [1][1850/4328]	lr: 1.250e-03, eta: 11:26:36, time: 0.404, data_time: 0.103, memory: 3957, loss_cls: 0.4252, loss_bbox: 0.4848, loss_centerness: 0.6141, loss: 1.5241, grad_norm: 9.8067
2020-10-26 09:44:10,077 - mmdet - INFO - Epoch [1][1900/4328]	lr: 1.250e-03, eta: 11:25:45, time: 0.392, data_time: 0.102, memory: 3957, loss_cls: 0.4031, loss_bbox: 0.4394, loss_centerness: 0.6111, loss: 1.4536, grad_norm: 8.9465
2020-10-26 09:44:30,290 - mmdet - INFO - Epoch [1][1950/4328]	lr: 1.250e-03, eta: 11:25:27, time: 0.404, data_time: 0.105, memory: 3957, loss_cls: 0.4157, loss_bbox: 0.4633, loss_centerness: 0.6122, loss: 1.4913, grad_norm: 10.0651
2020-10-26 09:44:50,358 - mmdet - INFO - Exp name: fcos_r50_caffe_fpn_gn-head_mstrain_640-800_4x4_2x_coco_moco.py
2020-10-26 09:44:50,359 - mmdet - INFO - Epoch [1][2000/4328]	lr: 1.250e-03, eta: 11:25:02, time: 0.401, data_time: 0.107, memory: 3957, loss_cls: 0.4078, loss_bbox: 0.4521, loss_centerness: 0.6077, loss: 1.4676, grad_norm: 10.0816
2020-10-26 09:45:10,588 - mmdet - INFO - Epoch [1][2050/4328]	lr: 1.250e-03, eta: 11:24:44, time: 0.405, data_time: 0.101, memory: 3957, loss_cls: 0.4063, loss_bbox: 0.4648, loss_centerness: 0.6109, loss: 1.4820, grad_norm: 9.9724
2020-10-26 09:45:30,299 - mmdet - INFO - Epoch [1][2100/4328]	lr: 1.250e-03, eta: 11:24:02, time: 0.394, data_time: 0.104, memory: 3957, loss_cls: 0.4031, loss_bbox: 0.4662, loss_centerness: 0.6131, loss: 1.4824, grad_norm: 9.8702
2020-10-26 09:45:50,512 - mmdet - INFO - Epoch [1][2150/4328]	lr: 1.250e-03, eta: 11:23:44, time: 0.404, data_time: 0.101, memory: 3957, loss_cls: 0.4045, loss_bbox: 0.5023, loss_centerness: 0.6125, loss: 1.5192, grad_norm: 11.3969
2020-10-26 09:46:10,366 - mmdet - INFO - Epoch [1][2200/4328]	lr: 1.250e-03, eta: 11:23:09, time: 0.397, data_time: 0.105, memory: 3957, loss_cls: 0.3875, loss_bbox: 0.4505, loss_centerness: 0.6108, loss: 1.4488, grad_norm: 9.7402
2020-10-26 09:46:30,144 - mmdet - INFO - Epoch [1][2250/4328]	lr: 1.250e-03, eta: 11:22:32, time: 0.396, data_time: 0.103, memory: 3957, loss_cls: 0.3969, loss_bbox: 0.4326, loss_centerness: 0.6120, loss: 1.4415, grad_norm: 9.2955
2020-10-26 09:46:49,753 - mmdet - INFO - Epoch [1][2300/4328]	lr: 1.250e-03, eta: 11:21:48, time: 0.392, data_time: 0.105, memory: 3957, loss_cls: 0.4050, loss_bbox: 0.4238, loss_centerness: 0.6086, loss: 1.4375, grad_norm: 10.0594
2020-10-26 09:47:09,719 - mmdet - INFO - Epoch [1][2350/4328]	lr: 1.250e-03, eta: 11:21:20, time: 0.399, data_time: 0.107, memory: 3957, loss_cls: 0.3837, loss_bbox: 0.4258, loss_centerness: 0.6069, loss: 1.4164, grad_norm: 9.4951
2020-10-26 09:47:29,294 - mmdet - INFO - Epoch [1][2400/4328]	lr: 1.250e-03, eta: 11:20:37, time: 0.391, data_time: 0.103, memory: 3957, loss_cls: 0.3693, loss_bbox: 0.4216, loss_centerness: 0.6061, loss: 1.3970, grad_norm: 9.2471
2020-10-26 09:47:48,812 - mmdet - INFO - Epoch [1][2450/4328]	lr: 1.250e-03, eta: 11:19:51, time: 0.390, data_time: 0.098, memory: 3957, loss_cls: 0.3849, loss_bbox: 0.4380, loss_centerness: 0.6080, loss: 1.4309, grad_norm: 9.8461
2020-10-26 09:48:08,896 - mmdet - INFO - Epoch [1][2500/4328]	lr: 1.250e-03, eta: 11:19:30, time: 0.402, data_time: 0.104, memory: 3957, loss_cls: 0.3743, loss_bbox: 0.4548, loss_centerness: 0.6084, loss: 1.4375, grad_norm: 10.3038
2020-10-26 09:48:28,848 - mmdet - INFO - Epoch [1][2550/4328]	lr: 1.250e-03, eta: 11:19:04, time: 0.399, data_time: 0.103, memory: 3957, loss_cls: 0.3788, loss_bbox: 0.4758, loss_centerness: 0.6092, loss: 1.4639, grad_norm: 11.3821
2020-10-26 09:48:48,981 - mmdet - INFO - Epoch [1][2600/4328]	lr: 1.250e-03, eta: 11:18:45, time: 0.403, data_time: 0.106, memory: 3957, loss_cls: 0.3878, loss_bbox: 0.4554, loss_centerness: 0.6088, loss: 1.4519, grad_norm: 10.4513
2020-10-26 09:49:09,236 - mmdet - INFO - Epoch [1][2650/4328]	lr: 1.250e-03, eta: 11:18:30, time: 0.405, data_time: 0.109, memory: 3957, loss_cls: 0.3760, loss_bbox: 0.4550, loss_centerness: 0.6077, loss: 1.4387, grad_norm: 10.2032
2020-10-26 09:49:29,152 - mmdet - INFO - Epoch [1][2700/4328]	lr: 1.250e-03, eta: 11:18:03, time: 0.398, data_time: 0.104, memory: 3957, loss_cls: 0.3737, loss_bbox: 0.4305, loss_centerness: 0.6079, loss: 1.4121, grad_norm: 9.9775
2020-10-26 09:49:49,251 - mmdet - INFO - Epoch [1][2750/4328]	lr: 1.250e-03, eta: 11:17:43, time: 0.402, data_time: 0.102, memory: 3957, loss_cls: 0.3753, loss_bbox: 0.4466, loss_centerness: 0.6053, loss: 1.4272, grad_norm: 11.0757
2020-10-26 09:50:09,786 - mmdet - INFO - Epoch [1][2800/4328]	lr: 1.250e-03, eta: 11:17:38, time: 0.411, data_time: 0.110, memory: 3957, loss_cls: 0.3580, loss_bbox: 0.4072, loss_centerness: 0.6067, loss: 1.3720, grad_norm: 9.0060
2020-10-26 09:50:29,957 - mmdet - INFO - Epoch [1][2850/4328]	lr: 1.250e-03, eta: 11:17:20, time: 0.403, data_time: 0.108, memory: 3957, loss_cls: 0.3629, loss_bbox: 0.4350, loss_centerness: 0.6089, loss: 1.4068, grad_norm: 10.2315
2020-10-26 09:50:49,866 - mmdet - INFO - Epoch [1][2900/4328]	lr: 1.250e-03, eta: 11:16:53, time: 0.398, data_time: 0.108, memory: 3957, loss_cls: 0.3711, loss_bbox: 0.4363, loss_centerness: 0.6073, loss: 1.4147, grad_norm: 9.9677
2020-10-26 09:51:09,998 - mmdet - INFO - Epoch [1][2950/4328]	lr: 1.250e-03, eta: 11:16:33, time: 0.403, data_time: 0.098, memory: 3957, loss_cls: 0.3523, loss_bbox: 0.4477, loss_centerness: 0.6087, loss: 1.4088, grad_norm: 10.4696
2020-10-26 09:51:30,017 - mmdet - INFO - Exp name: fcos_r50_caffe_fpn_gn-head_mstrain_640-800_4x4_2x_coco_moco.py
2020-10-26 09:51:30,018 - mmdet - INFO - Epoch [1][3000/4328]	lr: 1.250e-03, eta: 11:16:09, time: 0.400, data_time: 0.103, memory: 3957, loss_cls: 0.3541, loss_bbox: 0.4301, loss_centerness: 0.6074, loss: 1.3916, grad_norm: 9.3221
2020-10-26 09:51:49,695 - mmdet - INFO - Epoch [1][3050/4328]	lr: 1.250e-03, eta: 11:15:36, time: 0.394, data_time: 0.102, memory: 3957, loss_cls: 0.3510, loss_bbox: 0.4248, loss_centerness: 0.6035, loss: 1.3794, grad_norm: 10.5661
2020-10-26 09:52:09,336 - mmdet - INFO - Epoch [1][3100/4328]	lr: 1.250e-03, eta: 11:15:00, time: 0.393, data_time: 0.101, memory: 3957, loss_cls: 0.3473, loss_bbox: 0.4069, loss_centerness: 0.6058, loss: 1.3600, grad_norm: 9.2260
2020-10-26 09:52:29,115 - mmdet - INFO - Epoch [1][3150/4328]	lr: 1.250e-03, eta: 11:14:30, time: 0.396, data_time: 0.104, memory: 3957, loss_cls: 0.3483, loss_bbox: 0.4255, loss_centerness: 0.6067, loss: 1.3806, grad_norm: 9.6763
2020-10-26 09:52:48,738 - mmdet - INFO - Epoch [1][3200/4328]	lr: 1.250e-03, eta: 11:13:55, time: 0.392, data_time: 0.103, memory: 3957, loss_cls: 0.3249, loss_bbox: 0.4003, loss_centerness: 0.6041, loss: 1.3293, grad_norm: 9.1362
2020-10-26 09:53:08,318 - mmdet - INFO - Epoch [1][3250/4328]	lr: 1.250e-03, eta: 11:13:20, time: 0.392, data_time: 0.102, memory: 3957, loss_cls: 0.3500, loss_bbox: 0.3740, loss_centerness: 0.6021, loss: 1.3262, grad_norm: 9.3656
2020-10-26 09:53:28,064 - mmdet - INFO - Epoch [1][3300/4328]	lr: 1.250e-03, eta: 11:12:50, time: 0.395, data_time: 0.105, memory: 3957, loss_cls: 0.3430, loss_bbox: 0.4282, loss_centerness: 0.6082, loss: 1.3793, grad_norm: 10.0321
2020-10-26 09:53:48,017 - mmdet - INFO - Epoch [1][3350/4328]	lr: 1.250e-03, eta: 11:12:26, time: 0.399, data_time: 0.097, memory: 3957, loss_cls: 0.3312, loss_bbox: 0.4258, loss_centerness: 0.6055, loss: 1.3625, grad_norm: 10.1398
2020-10-26 09:54:07,738 - mmdet - INFO - Epoch [1][3400/4328]	lr: 1.250e-03, eta: 11:11:56, time: 0.394, data_time: 0.097, memory: 3957, loss_cls: 0.3290, loss_bbox: 0.4245, loss_centerness: 0.6056, loss: 1.3591, grad_norm: 9.8524
2020-10-26 09:54:27,522 - mmdet - INFO - Epoch [1][3450/4328]	lr: 1.250e-03, eta: 11:11:28, time: 0.396, data_time: 0.101, memory: 3957, loss_cls: 0.3472, loss_bbox: 0.4158, loss_centerness: 0.6057, loss: 1.3687, grad_norm: 9.9151
2020-10-26 09:54:47,133 - mmdet - INFO - Epoch [1][3500/4328]	lr: 1.250e-03, eta: 11:10:55, time: 0.392, data_time: 0.101, memory: 3957, loss_cls: 0.3464, loss_bbox: 0.3920, loss_centerness: 0.6040, loss: 1.3424, grad_norm: 9.7079
2020-10-26 09:55:07,282 - mmdet - INFO - Epoch [1][3550/4328]	lr: 1.250e-03, eta: 11:10:37, time: 0.403, data_time: 0.102, memory: 3957, loss_cls: 0.3354, loss_bbox: 0.4125, loss_centerness: 0.6089, loss: 1.3567, grad_norm: 9.0786
2020-10-26 09:55:27,213 - mmdet - INFO - Epoch [1][3600/4328]	lr: 1.250e-03, eta: 11:10:12, time: 0.397, data_time: 0.103, memory: 3957, loss_cls: 0.3378, loss_bbox: 0.3942, loss_centerness: 0.6041, loss: 1.3362, grad_norm: 10.0244
2020-10-26 09:55:47,151 - mmdet - INFO - Epoch [1][3650/4328]	lr: 1.250e-03, eta: 11:09:51, time: 0.400, data_time: 0.103, memory: 3957, loss_cls: 0.3413, loss_bbox: 0.3966, loss_centerness: 0.6055, loss: 1.3433, grad_norm: 9.1753
2020-10-26 09:56:06,954 - mmdet - INFO - Epoch [1][3700/4328]	lr: 1.250e-03, eta: 11:09:24, time: 0.396, data_time: 0.100, memory: 3957, loss_cls: 0.3214, loss_bbox: 0.3956, loss_centerness: 0.6041, loss: 1.3211, grad_norm: 9.4183
2020-10-26 09:56:27,217 - mmdet - INFO - Epoch [1][3750/4328]	lr: 1.250e-03, eta: 11:09:09, time: 0.405, data_time: 0.108, memory: 3957, loss_cls: 0.3095, loss_bbox: 0.4106, loss_centerness: 0.6040, loss: 1.3240, grad_norm: 10.2655
2020-10-26 09:56:47,075 - mmdet - INFO - Epoch [1][3800/4328]	lr: 1.250e-03, eta: 11:08:44, time: 0.397, data_time: 0.100, memory: 3957, loss_cls: 0.3201, loss_bbox: 0.4149, loss_centerness: 0.6030, loss: 1.3380, grad_norm: 10.5844
2020-10-26 09:57:06,889 - mmdet - INFO - Epoch [1][3850/4328]	lr: 1.250e-03, eta: 11:08:18, time: 0.396, data_time: 0.101, memory: 3957, loss_cls: 0.3179, loss_bbox: 0.3978, loss_centerness: 0.6015, loss: 1.3172, grad_norm: 9.7629
2020-10-26 09:57:26,580 - mmdet - INFO - Epoch [1][3900/4328]	lr: 1.250e-03, eta: 11:07:49, time: 0.394, data_time: 0.101, memory: 3957, loss_cls: 0.3057, loss_bbox: 0.3717, loss_centerness: 0.6010, loss: 1.2784, grad_norm: 8.9091
2020-10-26 09:57:46,258 - mmdet - INFO - Epoch [1][3950/4328]	lr: 1.250e-03, eta: 11:07:20, time: 0.394, data_time: 0.104, memory: 3957, loss_cls: 0.3181, loss_bbox: 0.3871, loss_centerness: 0.6026, loss: 1.3079, grad_norm: 9.5827
2020-10-26 09:58:05,937 - mmdet - INFO - Exp name: fcos_r50_caffe_fpn_gn-head_mstrain_640-800_4x4_2x_coco_moco.py
2020-10-26 09:58:05,938 - mmdet - INFO - Epoch [1][4000/4328]	lr: 1.250e-03, eta: 11:06:51, time: 0.394, data_time: 0.102, memory: 3957, loss_cls: 0.3155, loss_bbox: 0.3982, loss_centerness: 0.6057, loss: 1.3195, grad_norm: 9.7618
2020-10-26 09:58:25,470 - mmdet - INFO - Epoch [1][4050/4328]	lr: 1.250e-03, eta: 11:06:19, time: 0.391, data_time: 0.099, memory: 3957, loss_cls: 0.3130, loss_bbox: 0.3887, loss_centerness: 0.6012, loss: 1.3029, grad_norm: 9.9970
2020-10-26 09:58:45,098 - mmdet - INFO - Epoch [1][4100/4328]	lr: 1.250e-03, eta: 11:05:49, time: 0.393, data_time: 0.101, memory: 3957, loss_cls: 0.3093, loss_bbox: 0.4092, loss_centerness: 0.6023, loss: 1.3207, grad_norm: 9.9240
2020-10-26 09:59:04,710 - mmdet - INFO - Epoch [1][4150/4328]	lr: 1.250e-03, eta: 11:05:19, time: 0.392, data_time: 0.101, memory: 3957, loss_cls: 0.3131, loss_bbox: 0.3997, loss_centerness: 0.6044, loss: 1.3172, grad_norm: 9.3038
2020-10-26 09:59:24,180 - mmdet - INFO - Epoch [1][4200/4328]	lr: 1.250e-03, eta: 11:04:46, time: 0.389, data_time: 0.100, memory: 3957, loss_cls: 0.3053, loss_bbox: 0.3567, loss_centerness: 0.6011, loss: 1.2630, grad_norm: 9.3640
2020-10-26 09:59:44,046 - mmdet - INFO - Epoch [1][4250/4328]	lr: 1.250e-03, eta: 11:04:22, time: 0.397, data_time: 0.098, memory: 3957, loss_cls: 0.2993, loss_bbox: 0.3953, loss_centerness: 0.6014, loss: 1.2960, grad_norm: 10.1498
2020-10-26 10:00:03,854 - mmdet - INFO - Epoch [1][4300/4328]	lr: 1.250e-03, eta: 11:03:58, time: 0.397, data_time: 0.102, memory: 3957, loss_cls: 0.3055, loss_bbox: 0.3769, loss_centerness: 0.6043, loss: 1.2867, grad_norm: 9.6117
2020-10-26 10:00:14,829 - mmdet - INFO - Saving checkpoint at 1 epochs
2020-10-26 10:03:40,376 - mmdet - INFO - 
+-------------+------+--------+--------+-------+
| class       | gts  | dets   | recall | ap    |
+-------------+------+--------+--------+-------+
| aeroplane   | 433  | 10171  | 0.316  | 0.006 |
| bicycle     | 358  | 489    | 0.011  | 0.000 |
| bird        | 559  | 27     | 0.000  | 0.000 |
| boat        | 424  | 792    | 0.007  | 0.000 |
| bottle      | 630  | 405    | 0.002  | 0.000 |
| bus         | 301  | 1099   | 0.043  | 0.001 |
| car         | 1004 | 70013  | 0.244  | 0.004 |
| cat         | 612  | 599    | 0.007  | 0.001 |
| chair       | 1176 | 89326  | 0.151  | 0.001 |
| cow         | 298  | 386    | 0.000  | 0.000 |
| diningtable | 305  | 38681  | 0.400  | 0.003 |
| dog         | 759  | 5404   | 0.128  | 0.002 |
| horse       | 360  | 308    | 0.000  | 0.000 |
| motorbike   | 356  | 12845  | 0.374  | 0.008 |
| person      | 4372 | 191541 | 0.334  | 0.012 |
| pottedplant | 489  | 86     | 0.000  | 0.000 |
| sheep       | 413  | 14     | 0.000  | 0.000 |
| sofa        | 285  | 94527  | 0.674  | 0.007 |
| train       | 315  | 81     | 0.000  | 0.000 |
| tvmonitor   | 392  | 62707  | 0.253  | 0.001 |
+-------------+------+--------+--------+-------+
| mAP         |      |        |        | 0.002 |
+-------------+------+--------+--------+-------+
2020-10-26 10:03:40,462 - mmdet - INFO - Exp name: fcos_r50_caffe_fpn_gn-head_mstrain_640-800_4x4_2x_coco_moco.py
2020-10-26 10:03:40,463 - mmdet - INFO - Epoch(val) [1][4328]	mAP: 0.0023
2020-10-26 10:04:02,703 - mmdet - INFO - Epoch [2][50/4328]	lr: 1.250e-03, eta: 11:00:03, time: 0.445, data_time: 0.152, memory: 3957, loss_cls: 0.2955, loss_bbox: 0.3866, loss_centerness: 0.6010, loss: 1.2831, grad_norm: 10.0613
2020-10-26 10:04:22,397 - mmdet - INFO - Epoch [2][100/4328]	lr: 1.250e-03, eta: 10:59:38, time: 0.394, data_time: 0.102, memory: 3957, loss_cls: 0.2869, loss_bbox: 0.3952, loss_centerness: 0.6030, loss: 1.2852, grad_norm: 9.5079
2020-10-26 10:04:42,399 - mmdet - INFO - Epoch [2][150/4328]	lr: 1.250e-03, eta: 10:59:21, time: 0.400, data_time: 0.113, memory: 3957, loss_cls: 0.2826, loss_bbox: 0.3566, loss_centerness: 0.6015, loss: 1.2407, grad_norm: 9.0422
2020-10-26 10:05:02,519 - mmdet - INFO - Epoch [2][200/4328]	lr: 1.250e-03, eta: 10:59:05, time: 0.402, data_time: 0.106, memory: 3957, loss_cls: 0.2874, loss_bbox: 0.3766, loss_centerness: 0.5993, loss: 1.2633, grad_norm: 9.9664
2020-10-26 10:05:22,449 - mmdet - INFO - Epoch [2][250/4328]	lr: 1.250e-03, eta: 10:58:46, time: 0.399, data_time: 0.109, memory: 3957, loss_cls: 0.3021, loss_bbox: 0.3799, loss_centerness: 0.6018, loss: 1.2839, grad_norm: 10.0688
2020-10-26 10:05:42,486 - mmdet - INFO - Epoch [2][300/4328]	lr: 1.250e-03, eta: 10:58:29, time: 0.401, data_time: 0.106, memory: 3957, loss_cls: 0.2993, loss_bbox: 0.3664, loss_centerness: 0.6001, loss: 1.2658, grad_norm: 10.3963
2020-10-26 10:06:02,850 - mmdet - INFO - Epoch [2][350/4328]	lr: 1.250e-03, eta: 10:58:19, time: 0.407, data_time: 0.109, memory: 3957, loss_cls: 0.3087, loss_bbox: 0.4067, loss_centerness: 0.6016, loss: 1.3170, grad_norm: 9.9196
2020-10-26 10:06:22,481 - mmdet - INFO - Epoch [2][400/4328]	lr: 1.250e-03, eta: 10:57:53, time: 0.393, data_time: 0.103, memory: 3957, loss_cls: 0.2941, loss_bbox: 0.4233, loss_centerness: 0.6024, loss: 1.3198, grad_norm: 10.5821
2020-10-26 10:06:42,499 - mmdet - INFO - Epoch [2][450/4328]	lr: 1.250e-03, eta: 10:57:36, time: 0.400, data_time: 0.111, memory: 3957, loss_cls: 0.3049, loss_bbox: 0.3655, loss_centerness: 0.5988, loss: 1.2692, grad_norm: 10.0215
2020-10-26 10:07:02,987 - mmdet - INFO - Epoch [2][500/4328]	lr: 1.250e-03, eta: 10:57:28, time: 0.410, data_time: 0.112, memory: 3957, loss_cls: 0.2741, loss_bbox: 0.3525, loss_centerness: 0.5982, loss: 1.2248, grad_norm: 8.7789
2020-10-26 10:07:23,179 - mmdet - INFO - Epoch [2][550/4328]	lr: 1.250e-03, eta: 10:57:13, time: 0.404, data_time: 0.108, memory: 3957, loss_cls: 0.2904, loss_bbox: 0.3650, loss_centerness: 0.5989, loss: 1.2544, grad_norm: 9.3906
2020-10-26 10:07:43,222 - mmdet - INFO - Epoch [2][600/4328]	lr: 1.250e-03, eta: 10:56:56, time: 0.401, data_time: 0.104, memory: 3957, loss_cls: 0.2898, loss_bbox: 0.3723, loss_centerness: 0.5988, loss: 1.2609, grad_norm: 9.8316
2020-10-26 10:08:02,780 - mmdet - INFO - Epoch [2][650/4328]	lr: 1.250e-03, eta: 10:56:28, time: 0.391, data_time: 0.099, memory: 3957, loss_cls: 0.2973, loss_bbox: 0.3619, loss_centerness: 0.5998, loss: 1.2591, grad_norm: 9.7190
2020-10-26 10:08:22,667 - mmdet - INFO - Epoch [2][700/4328]	lr: 1.250e-03, eta: 10:56:08, time: 0.398, data_time: 0.104, memory: 3957, loss_cls: 0.2866, loss_bbox: 0.3776, loss_centerness: 0.5995, loss: 1.2637, grad_norm: 9.8646
2020-10-26 10:08:42,445 - mmdet - INFO - Epoch [2][750/4328]	lr: 1.250e-03, eta: 10:55:46, time: 0.396, data_time: 0.107, memory: 3957, loss_cls: 0.2817, loss_bbox: 0.3579, loss_centerness: 0.6005, loss: 1.2400, grad_norm: 9.0447
2020-10-26 10:09:02,159 - mmdet - INFO - Epoch [2][800/4328]	lr: 1.250e-03, eta: 10:55:22, time: 0.394, data_time: 0.106, memory: 3957, loss_cls: 0.2868, loss_bbox: 0.3915, loss_centerness: 0.5986, loss: 1.2770, grad_norm: 10.0684
2020-10-26 10:09:22,064 - mmdet - INFO - Epoch [2][850/4328]	lr: 1.250e-03, eta: 10:55:02, time: 0.398, data_time: 0.109, memory: 3957, loss_cls: 0.2770, loss_bbox: 0.3704, loss_centerness: 0.5981, loss: 1.2455, grad_norm: 9.4461
2020-10-26 10:09:42,210 - mmdet - INFO - Epoch [2][900/4328]	lr: 1.250e-03, eta: 10:54:46, time: 0.403, data_time: 0.108, memory: 3957, loss_cls: 0.2763, loss_bbox: 0.3610, loss_centerness: 0.5981, loss: 1.2354, grad_norm: 9.8104
2020-10-26 10:10:02,248 - mmdet - INFO - Epoch [2][950/4328]	lr: 1.250e-03, eta: 10:54:29, time: 0.401, data_time: 0.107, memory: 3957, loss_cls: 0.2948, loss_bbox: 0.3813, loss_centerness: 0.6017, loss: 1.2779, grad_norm: 9.8616
2020-10-26 10:10:22,766 - mmdet - INFO - Epoch [2][1000/4328]	lr: 1.250e-03, eta: 10:54:20, time: 0.410, data_time: 0.106, memory: 3957, loss_cls: 0.2963, loss_bbox: 0.4217, loss_centerness: 0.6002, loss: 1.3182, grad_norm: 10.9293
2020-10-26 10:10:43,117 - mmdet - INFO - Epoch [2][1050/4328]	lr: 1.250e-03, eta: 10:54:08, time: 0.407, data_time: 0.111, memory: 3957, loss_cls: 0.2768, loss_bbox: 0.3821, loss_centerness: 0.6004, loss: 1.2593, grad_norm: 9.7723
2020-10-26 10:11:03,285 - mmdet - INFO - Epoch [2][1100/4328]	lr: 1.250e-03, eta: 10:53:52, time: 0.403, data_time: 0.108, memory: 3957, loss_cls: 0.2869, loss_bbox: 0.3712, loss_centerness: 0.5977, loss: 1.2557, grad_norm: 9.8187
2020-10-26 10:11:23,687 - mmdet - INFO - Epoch [2][1150/4328]	lr: 1.250e-03, eta: 10:53:41, time: 0.408, data_time: 0.105, memory: 3957, loss_cls: 0.2778, loss_bbox: 0.3523, loss_centerness: 0.5969, loss: 1.2270, grad_norm: 9.5922
2020-10-26 10:11:44,061 - mmdet - INFO - Epoch [2][1200/4328]	lr: 1.250e-03, eta: 10:53:29, time: 0.407, data_time: 0.107, memory: 3957, loss_cls: 0.2776, loss_bbox: 0.3568, loss_centerness: 0.5973, loss: 1.2317, grad_norm: 9.4785
2020-10-26 10:12:04,093 - mmdet - INFO - Epoch [2][1250/4328]	lr: 1.250e-03, eta: 10:53:11, time: 0.401, data_time: 0.103, memory: 3957, loss_cls: 0.2684, loss_bbox: 0.4027, loss_centerness: 0.6013, loss: 1.2723, grad_norm: 10.5774
2020-10-26 10:12:24,514 - mmdet - INFO - Epoch [2][1300/4328]	lr: 1.250e-03, eta: 10:52:59, time: 0.408, data_time: 0.102, memory: 3957, loss_cls: 0.2650, loss_bbox: 0.3903, loss_centerness: 0.5996, loss: 1.2550, grad_norm: 10.0112
2020-10-26 10:12:44,335 - mmdet - INFO - Epoch [2][1350/4328]	lr: 1.250e-03, eta: 10:52:37, time: 0.396, data_time: 0.109, memory: 3957, loss_cls: 0.2741, loss_bbox: 0.3645, loss_centerness: 0.5990, loss: 1.2376, grad_norm: 9.8739
2020-10-26 10:13:04,880 - mmdet - INFO - Epoch [2][1400/4328]	lr: 1.250e-03, eta: 10:52:28, time: 0.411, data_time: 0.114, memory: 3957, loss_cls: 0.2687, loss_bbox: 0.3417, loss_centerness: 0.5974, loss: 1.2077, grad_norm: 9.2273
2020-10-26 10:13:25,743 - mmdet - INFO - Epoch [2][1450/4328]	lr: 1.250e-03, eta: 10:52:23, time: 0.417, data_time: 0.121, memory: 3957, loss_cls: 0.2840, loss_bbox: 0.3566, loss_centerness: 0.5978, loss: 1.2384, grad_norm: 9.2893
2020-10-26 10:13:46,775 - mmdet - INFO - Epoch [2][1500/4328]	lr: 1.250e-03, eta: 10:52:22, time: 0.421, data_time: 0.120, memory: 3957, loss_cls: 0.2768, loss_bbox: 0.3513, loss_centerness: 0.5985, loss: 1.2267, grad_norm: 9.4785
2020-10-26 10:14:07,360 - mmdet - INFO - Epoch [2][1550/4328]	lr: 1.250e-03, eta: 10:52:12, time: 0.412, data_time: 0.120, memory: 3957, loss_cls: 0.2606, loss_bbox: 0.3518, loss_centerness: 0.5977, loss: 1.2101, grad_norm: 9.5114
2020-10-26 10:14:28,259 - mmdet - INFO - Epoch [2][1600/4328]	lr: 1.250e-03, eta: 10:52:08, time: 0.418, data_time: 0.124, memory: 3957, loss_cls: 0.2808, loss_bbox: 0.3575, loss_centerness: 0.5996, loss: 1.2379, grad_norm: 9.8053
2020-10-26 10:14:49,188 - mmdet - INFO - Epoch [2][1650/4328]	lr: 1.250e-03, eta: 10:52:03, time: 0.419, data_time: 0.122, memory: 3957, loss_cls: 0.2594, loss_bbox: 0.3408, loss_centerness: 0.5972, loss: 1.1974, grad_norm: 9.6317
2020-10-26 10:15:10,378 - mmdet - INFO - Epoch [2][1700/4328]	lr: 1.250e-03, eta: 10:52:03, time: 0.424, data_time: 0.124, memory: 3957, loss_cls: 0.2704, loss_bbox: 0.3419, loss_centerness: 0.5978, loss: 1.2101, grad_norm: 9.7209
2020-10-26 10:15:31,699 - mmdet - INFO - Epoch [2][1750/4328]	lr: 1.250e-03, eta: 10:52:04, time: 0.426, data_time: 0.117, memory: 3957, loss_cls: 0.2773, loss_bbox: 0.3674, loss_centerness: 0.5968, loss: 1.2415, grad_norm: 10.2426
2020-10-26 10:15:53,119 - mmdet - INFO - Epoch [2][1800/4328]	lr: 1.250e-03, eta: 10:52:07, time: 0.428, data_time: 0.131, memory: 3957, loss_cls: 0.2584, loss_bbox: 0.3497, loss_centerness: 0.5960, loss: 1.2041, grad_norm: 9.8887
2020-10-26 10:16:14,515 - mmdet - INFO - Epoch [2][1850/4328]	lr: 1.250e-03, eta: 10:52:09, time: 0.428, data_time: 0.123, memory: 3957, loss_cls: 0.2672, loss_bbox: 0.3646, loss_centerness: 0.5965, loss: 1.2283, grad_norm: 10.0429
2020-10-26 10:16:35,650 - mmdet - INFO - Epoch [2][1900/4328]	lr: 1.250e-03, eta: 10:52:06, time: 0.423, data_time: 0.123, memory: 3957, loss_cls: 0.2627, loss_bbox: 0.3582, loss_centerness: 0.6002, loss: 1.2211, grad_norm: 9.3970
2020-10-26 10:16:56,658 - mmdet - INFO - Epoch [2][1950/4328]	lr: 1.250e-03, eta: 10:52:01, time: 0.420, data_time: 0.118, memory: 3957, loss_cls: 0.2646, loss_bbox: 0.3435, loss_centerness: 0.5969, loss: 1.2050, grad_norm: 9.4605
2020-10-26 10:17:17,612 - mmdet - INFO - Epoch [2][2000/4328]	lr: 1.250e-03, eta: 10:51:55, time: 0.419, data_time: 0.123, memory: 3957, loss_cls: 0.2679, loss_bbox: 0.3781, loss_centerness: 0.5983, loss: 1.2443, grad_norm: 10.3935
2020-10-26 10:17:38,786 - mmdet - INFO - Epoch [2][2050/4328]	lr: 1.250e-03, eta: 10:51:52, time: 0.423, data_time: 0.121, memory: 3957, loss_cls: 0.2553, loss_bbox: 0.3573, loss_centerness: 0.5982, loss: 1.2108, grad_norm: 9.9316
2020-10-26 10:18:00,105 - mmdet - INFO - Epoch [2][2100/4328]	lr: 1.250e-03, eta: 10:51:51, time: 0.426, data_time: 0.124, memory: 3957, loss_cls: 0.2605, loss_bbox: 0.3966, loss_centerness: 0.5989, loss: 1.2559, grad_norm: 10.6972
2020-10-26 10:18:21,430 - mmdet - INFO - Epoch [2][2150/4328]	lr: 1.250e-03, eta: 10:51:50, time: 0.426, data_time: 0.125, memory: 3957, loss_cls: 0.2531, loss_bbox: 0.4206, loss_centerness: 0.5966, loss: 1.2703, grad_norm: 10.2966
2020-10-26 10:18:42,788 - mmdet - INFO - Epoch [2][2200/4328]	lr: 1.250e-03, eta: 10:51:49, time: 0.427, data_time: 0.122, memory: 3957, loss_cls: 0.2588, loss_bbox: 0.3619, loss_centerness: 0.5976, loss: 1.2183, grad_norm: 9.7825
2020-10-26 10:19:04,157 - mmdet - INFO - Epoch [2][2250/4328]	lr: 1.250e-03, eta: 10:51:48, time: 0.427, data_time: 0.128, memory: 3957, loss_cls: 0.2631, loss_bbox: 0.3519, loss_centerness: 0.5963, loss: 1.2113, grad_norm: 9.4745
2020-10-26 10:19:25,001 - mmdet - INFO - Epoch [2][2300/4328]	lr: 1.250e-03, eta: 10:51:39, time: 0.417, data_time: 0.121, memory: 3957, loss_cls: 0.2523, loss_bbox: 0.3351, loss_centerness: 0.5969, loss: 1.1842, grad_norm: 9.3841
2020-10-26 10:19:45,997 - mmdet - INFO - Epoch [2][2350/4328]	lr: 1.250e-03, eta: 10:51:32, time: 0.420, data_time: 0.121, memory: 3957, loss_cls: 0.2507, loss_bbox: 0.3476, loss_centerness: 0.5987, loss: 1.1970, grad_norm: 9.3530
2020-10-26 10:20:07,129 - mmdet - INFO - Epoch [2][2400/4328]	lr: 1.250e-03, eta: 10:51:26, time: 0.423, data_time: 0.124, memory: 3957, loss_cls: 0.2495, loss_bbox: 0.3321, loss_centerness: 0.5981, loss: 1.1798, grad_norm: 9.0183
2020-10-26 10:20:28,240 - mmdet - INFO - Epoch [2][2450/4328]	lr: 1.250e-03, eta: 10:51:20, time: 0.422, data_time: 0.125, memory: 3957, loss_cls: 0.2585, loss_bbox: 0.3276, loss_centerness: 0.5952, loss: 1.1813, grad_norm: 9.5778
2020-10-26 10:20:49,437 - mmdet - INFO - Epoch [2][2500/4328]	lr: 1.250e-03, eta: 10:51:15, time: 0.424, data_time: 0.118, memory: 3957, loss_cls: 0.2727, loss_bbox: 0.3412, loss_centerness: 0.5971, loss: 1.2110, grad_norm: 9.5634
2020-10-26 10:21:10,638 - mmdet - INFO - Epoch [2][2550/4328]	lr: 1.250e-03, eta: 10:51:10, time: 0.424, data_time: 0.124, memory: 3957, loss_cls: 0.2477, loss_bbox: 0.3508, loss_centerness: 0.5989, loss: 1.1974, grad_norm: 9.2651
2020-10-26 10:21:31,601 - mmdet - INFO - Epoch [2][2600/4328]	lr: 1.250e-03, eta: 10:51:02, time: 0.419, data_time: 0.125, memory: 3957, loss_cls: 0.2396, loss_bbox: 0.3911, loss_centerness: 0.5959, loss: 1.2265, grad_norm: 10.2004
2020-10-26 10:21:52,897 - mmdet - INFO - Epoch [2][2650/4328]	lr: 1.250e-03, eta: 10:50:57, time: 0.426, data_time: 0.125, memory: 3957, loss_cls: 0.2455, loss_bbox: 0.3394, loss_centerness: 0.5983, loss: 1.1832, grad_norm: 8.9824
2020-10-26 10:22:13,698 - mmdet - INFO - Epoch [2][2700/4328]	lr: 1.250e-03, eta: 10:50:46, time: 0.416, data_time: 0.122, memory: 3957, loss_cls: 0.2598, loss_bbox: 0.3300, loss_centerness: 0.5969, loss: 1.1867, grad_norm: 9.8658
2020-10-26 10:22:34,780 - mmdet - INFO - Epoch [2][2750/4328]	lr: 1.250e-03, eta: 10:50:39, time: 0.422, data_time: 0.120, memory: 3957, loss_cls: 0.2545, loss_bbox: 0.3330, loss_centerness: 0.5961, loss: 1.1836, grad_norm: 9.0786
2020-10-26 10:22:55,775 - mmdet - INFO - Epoch [2][2800/4328]	lr: 1.250e-03, eta: 10:50:30, time: 0.420, data_time: 0.121, memory: 3957, loss_cls: 0.2592, loss_bbox: 0.3267, loss_centerness: 0.5960, loss: 1.1820, grad_norm: 9.5417
2020-10-26 10:23:16,951 - mmdet - INFO - Epoch [2][2850/4328]	lr: 1.250e-03, eta: 10:50:23, time: 0.423, data_time: 0.121, memory: 3957, loss_cls: 0.2537, loss_bbox: 0.3235, loss_centerness: 0.5958, loss: 1.1730, grad_norm: 9.3014
2020-10-26 10:23:37,910 - mmdet - INFO - Epoch [2][2900/4328]	lr: 1.250e-03, eta: 10:50:13, time: 0.419, data_time: 0.126, memory: 3957, loss_cls: 0.2619, loss_bbox: 0.3385, loss_centerness: 0.5948, loss: 1.1952, grad_norm: 9.6656
2020-10-26 10:23:59,203 - mmdet - INFO - Epoch [2][2950/4328]	lr: 1.250e-03, eta: 10:50:08, time: 0.426, data_time: 0.125, memory: 3957, loss_cls: 0.2600, loss_bbox: 0.3272, loss_centerness: 0.5959, loss: 1.1831, grad_norm: 9.1864
2020-10-26 10:24:20,559 - mmdet - INFO - Epoch [2][3000/4328]	lr: 1.250e-03, eta: 10:50:03, time: 0.427, data_time: 0.128, memory: 3957, loss_cls: 0.2439, loss_bbox: 0.3474, loss_centerness: 0.5972, loss: 1.1885, grad_norm: 9.4424
2020-10-26 10:24:41,615 - mmdet - INFO - Epoch [2][3050/4328]	lr: 1.250e-03, eta: 10:49:54, time: 0.421, data_time: 0.124, memory: 3957, loss_cls: 0.2560, loss_bbox: 0.3750, loss_centerness: 0.5986, loss: 1.2296, grad_norm: 9.4427
2020-10-26 10:25:02,823 - mmdet - INFO - Epoch [2][3100/4328]	lr: 1.250e-03, eta: 10:49:47, time: 0.424, data_time: 0.123, memory: 3957, loss_cls: 0.2338, loss_bbox: 0.3275, loss_centerness: 0.5959, loss: 1.1573, grad_norm: 8.8871
2020-10-26 10:25:23,911 - mmdet - INFO - Epoch [2][3150/4328]	lr: 1.250e-03, eta: 10:49:38, time: 0.422, data_time: 0.123, memory: 3957, loss_cls: 0.2516, loss_bbox: 0.3536, loss_centerness: 0.5948, loss: 1.2000, grad_norm: 9.9365
2020-10-26 10:25:45,247 - mmdet - INFO - Epoch [2][3200/4328]	lr: 1.250e-03, eta: 10:49:32, time: 0.427, data_time: 0.126, memory: 3957, loss_cls: 0.2499, loss_bbox: 0.3426, loss_centerness: 0.5986, loss: 1.1910, grad_norm: 9.3622
2020-10-26 10:26:06,753 - mmdet - INFO - Epoch [2][3250/4328]	lr: 1.250e-03, eta: 10:49:28, time: 0.430, data_time: 0.129, memory: 3957, loss_cls: 0.2675, loss_bbox: 0.3397, loss_centerness: 0.5944, loss: 1.2016, grad_norm: 9.5660
2020-10-26 10:26:28,044 - mmdet - INFO - Epoch [2][3300/4328]	lr: 1.250e-03, eta: 10:49:21, time: 0.426, data_time: 0.127, memory: 3957, loss_cls: 0.2371, loss_bbox: 0.3367, loss_centerness: 0.5951, loss: 1.1689, grad_norm: 9.6350
2020-10-26 10:26:49,061 - mmdet - INFO - Epoch [2][3350/4328]	lr: 1.250e-03, eta: 10:49:11, time: 0.420, data_time: 0.121, memory: 3957, loss_cls: 0.2515, loss_bbox: 0.3475, loss_centerness: 0.5929, loss: 1.1920, grad_norm: 10.4341
2020-10-26 10:27:10,185 - mmdet - INFO - Epoch [2][3400/4328]	lr: 1.250e-03, eta: 10:49:01, time: 0.423, data_time: 0.128, memory: 3957, loss_cls: 0.2419, loss_bbox: 0.3367, loss_centerness: 0.5950, loss: 1.1736, grad_norm: 9.0317
2020-10-26 10:27:31,236 - mmdet - INFO - Epoch [2][3450/4328]	lr: 1.250e-03, eta: 10:48:51, time: 0.421, data_time: 0.121, memory: 3957, loss_cls: 0.2469, loss_bbox: 0.3165, loss_centerness: 0.5949, loss: 1.1583, grad_norm: 8.7723
2020-10-26 10:27:52,463 - mmdet - INFO - Epoch [2][3500/4328]	lr: 1.250e-03, eta: 10:48:42, time: 0.424, data_time: 0.129, memory: 3957, loss_cls: 0.2396, loss_bbox: 0.3351, loss_centerness: 0.5925, loss: 1.1671, grad_norm: 9.6803
2020-10-26 10:28:13,334 - mmdet - INFO - Epoch [2][3550/4328]	lr: 1.250e-03, eta: 10:48:30, time: 0.417, data_time: 0.122, memory: 3957, loss_cls: 0.2327, loss_bbox: 0.3428, loss_centerness: 0.5951, loss: 1.1706, grad_norm: 9.3299
2020-10-26 10:28:34,540 - mmdet - INFO - Epoch [2][3600/4328]	lr: 1.250e-03, eta: 10:48:21, time: 0.424, data_time: 0.121, memory: 3957, loss_cls: 0.2308, loss_bbox: 0.3232, loss_centerness: 0.5932, loss: 1.1472, grad_norm: 9.5349
2020-10-26 10:28:55,599 - mmdet - INFO - Epoch [2][3650/4328]	lr: 1.250e-03, eta: 10:48:10, time: 0.421, data_time: 0.125, memory: 3957, loss_cls: 0.2467, loss_bbox: 0.3326, loss_centerness: 0.5955, loss: 1.1747, grad_norm: 9.6326
2020-10-26 10:29:16,828 - mmdet - INFO - Epoch [2][3700/4328]	lr: 1.250e-03, eta: 10:48:01, time: 0.425, data_time: 0.126, memory: 3957, loss_cls: 0.2379, loss_bbox: 0.3287, loss_centerness: 0.5942, loss: 1.1608, grad_norm: 9.1789
2020-10-26 10:29:37,940 - mmdet - INFO - Epoch [2][3750/4328]	lr: 1.250e-03, eta: 10:47:51, time: 0.422, data_time: 0.125, memory: 3957, loss_cls: 0.2518, loss_bbox: 0.3511, loss_centerness: 0.5982, loss: 1.2011, grad_norm: 9.7819
2020-10-26 10:29:59,003 - mmdet - INFO - Epoch [2][3800/4328]	lr: 1.250e-03, eta: 10:47:39, time: 0.421, data_time: 0.124, memory: 3957, loss_cls: 0.2525, loss_bbox: 0.3364, loss_centerness: 0.5970, loss: 1.1859, grad_norm: 9.4392
2020-10-26 10:30:20,274 - mmdet - INFO - Epoch [2][3850/4328]	lr: 1.250e-03, eta: 10:47:31, time: 0.425, data_time: 0.125, memory: 3957, loss_cls: 0.2502, loss_bbox: 0.3409, loss_centerness: 0.5951, loss: 1.1862, grad_norm: 10.0323
2020-10-26 10:30:41,422 - mmdet - INFO - Epoch [2][3900/4328]	lr: 1.250e-03, eta: 10:47:20, time: 0.423, data_time: 0.121, memory: 3957, loss_cls: 0.2517, loss_bbox: 0.3383, loss_centerness: 0.5966, loss: 1.1866, grad_norm: 9.3411
2020-10-26 10:31:02,521 - mmdet - INFO - Epoch [2][3950/4328]	lr: 1.250e-03, eta: 10:47:09, time: 0.422, data_time: 0.125, memory: 3957, loss_cls: 0.2410, loss_bbox: 0.3514, loss_centerness: 0.5934, loss: 1.1857, grad_norm: 10.3813
2020-10-26 10:31:23,712 - mmdet - INFO - Epoch [2][4000/4328]	lr: 1.250e-03, eta: 10:46:59, time: 0.424, data_time: 0.120, memory: 3957, loss_cls: 0.2368, loss_bbox: 0.3271, loss_centerness: 0.5934, loss: 1.1573, grad_norm: 9.8031
2020-10-26 10:31:44,655 - mmdet - INFO - Epoch [2][4050/4328]	lr: 1.250e-03, eta: 10:46:46, time: 0.419, data_time: 0.125, memory: 3957, loss_cls: 0.2472, loss_bbox: 0.3283, loss_centerness: 0.5939, loss: 1.1694, grad_norm: 9.3301
2020-10-26 10:32:05,774 - mmdet - INFO - Epoch [2][4100/4328]	lr: 1.250e-03, eta: 10:46:34, time: 0.422, data_time: 0.124, memory: 3957, loss_cls: 0.2326, loss_bbox: 0.3231, loss_centerness: 0.5958, loss: 1.1515, grad_norm: 8.6850
2020-10-26 10:32:26,931 - mmdet - INFO - Epoch [2][4150/4328]	lr: 1.250e-03, eta: 10:46:23, time: 0.423, data_time: 0.118, memory: 3957, loss_cls: 0.2469, loss_bbox: 0.3198, loss_centerness: 0.5939, loss: 1.1605, grad_norm: 9.0241
2020-10-26 10:32:47,950 - mmdet - INFO - Epoch [2][4200/4328]	lr: 1.250e-03, eta: 10:46:11, time: 0.420, data_time: 0.126, memory: 3957, loss_cls: 0.2314, loss_bbox: 0.3039, loss_centerness: 0.5944, loss: 1.1298, grad_norm: 8.7053
2020-10-26 10:33:09,147 - mmdet - INFO - Epoch [2][4250/4328]	lr: 1.250e-03, eta: 10:46:00, time: 0.424, data_time: 0.125, memory: 3957, loss_cls: 0.2438, loss_bbox: 0.3430, loss_centerness: 0.5938, loss: 1.1806, grad_norm: 9.3627
2020-10-26 10:33:30,301 - mmdet - INFO - Epoch [2][4300/4328]	lr: 1.250e-03, eta: 10:45:49, time: 0.423, data_time: 0.122, memory: 3957, loss_cls: 0.2346, loss_bbox: 0.3440, loss_centerness: 0.5925, loss: 1.1711, grad_norm: 10.1151
2020-10-26 10:33:42,394 - mmdet - INFO - Saving checkpoint at 2 epochs
2020-10-26 10:37:07,031 - mmdet - INFO - 
+-------------+------+--------+--------+-------+
| class       | gts  | dets   | recall | ap    |
+-------------+------+--------+--------+-------+
| aeroplane   | 433  | 3      | 0.000  | 0.000 |
| bicycle     | 358  | 0      | 0.000  | 0.000 |
| bird        | 559  | 0      | 0.000  | 0.000 |
| boat        | 424  | 12     | 0.000  | 0.000 |
| bottle      | 630  | 240    | 0.000  | 0.000 |
| bus         | 301  | 207    | 0.000  | 0.000 |
| car         | 1004 | 3241   | 0.001  | 0.000 |
| cat         | 612  | 1655   | 0.002  | 0.000 |
| chair       | 1176 | 12842  | 0.002  | 0.000 |
| cow         | 298  | 0      | 0.000  | 0.000 |
| diningtable | 305  | 182    | 0.000  | 0.000 |
| dog         | 759  | 0      | 0.000  | 0.000 |
| horse       | 360  | 0      | 0.000  | 0.000 |
| motorbike   | 356  | 0      | 0.000  | 0.000 |
| person      | 4372 | 17237  | 0.002  | 0.000 |
| pottedplant | 489  | 36     | 0.000  | 0.000 |
| sheep       | 413  | 0      | 0.000  | 0.000 |
| sofa        | 285  | 7322   | 0.004  | 0.000 |
| train       | 315  | 1      | 0.000  | 0.000 |
| tvmonitor   | 392  | 538906 | 0.329  | 0.000 |
+-------------+------+--------+--------+-------+
| mAP         |      |        |        | 0.000 |
+-------------+------+--------+--------+-------+
2020-10-26 10:37:07,078 - mmdet - INFO - Exp name: fcos_r50_caffe_fpn_gn-head_mstrain_640-800_4x4_2x_coco_moco.py
2020-10-26 10:37:07,079 - mmdet - INFO - Epoch(val) [2][4328]	mAP: 0.0000
2020-10-26 10:37:30,141 - mmdet - INFO - Epoch [3][50/4328]	lr: 1.250e-03, eta: 10:43:42, time: 0.461, data_time: 0.170, memory: 3957, loss_cls: 0.2140, loss_bbox: 0.3071, loss_centerness: 0.5917, loss: 1.1128, grad_norm: 8.9952
2020-10-26 10:37:51,134 - mmdet - INFO - Epoch [3][100/4328]	lr: 1.250e-03, eta: 10:43:29, time: 0.420, data_time: 0.122, memory: 3957, loss_cls: 0.2194, loss_bbox: 0.3113, loss_centerness: 0.5900, loss: 1.1207, grad_norm: 9.4684
2020-10-26 10:38:11,905 - mmdet - INFO - Epoch [3][150/4328]	lr: 1.250e-03, eta: 10:43:14, time: 0.415, data_time: 0.123, memory: 3957, loss_cls: 0.2293, loss_bbox: 0.3341, loss_centerness: 0.5935, loss: 1.1570, grad_norm: 9.4186
2020-10-26 10:38:32,951 - mmdet - INFO - Epoch [3][200/4328]	lr: 1.250e-03, eta: 10:43:02, time: 0.421, data_time: 0.127, memory: 3957, loss_cls: 0.2225, loss_bbox: 0.3372, loss_centerness: 0.5913, loss: 1.1510, grad_norm: 9.9067
2020-10-26 10:38:53,513 - mmdet - INFO - Epoch [3][250/4328]	lr: 1.250e-03, eta: 10:42:44, time: 0.411, data_time: 0.116, memory: 3957, loss_cls: 0.2234, loss_bbox: 0.3199, loss_centerness: 0.5932, loss: 1.1365, grad_norm: 9.1384
2020-10-26 10:39:14,620 - mmdet - INFO - Epoch [3][300/4328]	lr: 1.250e-03, eta: 10:42:33, time: 0.422, data_time: 0.122, memory: 3957, loss_cls: 0.2116, loss_bbox: 0.3014, loss_centerness: 0.5938, loss: 1.1069, grad_norm: 8.2828
2020-10-26 10:39:35,373 - mmdet - INFO - Epoch [3][350/4328]	lr: 1.250e-03, eta: 10:42:17, time: 0.415, data_time: 0.121, memory: 3957, loss_cls: 0.2120, loss_bbox: 0.2929, loss_centerness: 0.5887, loss: 1.0936, grad_norm: 8.7736
2020-10-26 10:39:56,233 - mmdet - INFO - Epoch [3][400/4328]	lr: 1.250e-03, eta: 10:42:02, time: 0.417, data_time: 0.121, memory: 3957, loss_cls: 0.2228, loss_bbox: 0.3176, loss_centerness: 0.5935, loss: 1.1339, grad_norm: 9.7858
2020-10-26 10:40:17,428 - mmdet - INFO - Epoch [3][450/4328]	lr: 1.250e-03, eta: 10:41:51, time: 0.424, data_time: 0.126, memory: 3957, loss_cls: 0.2210, loss_bbox: 0.3458, loss_centerness: 0.5948, loss: 1.1616, grad_norm: 9.7839
2020-10-26 10:40:38,442 - mmdet - INFO - Epoch [3][500/4328]	lr: 1.250e-03, eta: 10:41:38, time: 0.420, data_time: 0.124, memory: 3957, loss_cls: 0.2274, loss_bbox: 0.3306, loss_centerness: 0.5922, loss: 1.1502, grad_norm: 9.8250
2020-10-26 10:40:59,572 - mmdet - INFO - Epoch [3][550/4328]	lr: 1.250e-03, eta: 10:41:26, time: 0.423, data_time: 0.130, memory: 3957, loss_cls: 0.2320, loss_bbox: 0.3382, loss_centerness: 0.5931, loss: 1.1633, grad_norm: 9.5159
2020-10-26 10:41:21,090 - mmdet - INFO - Epoch [3][600/4328]	lr: 1.250e-03, eta: 10:41:18, time: 0.430, data_time: 0.124, memory: 3957, loss_cls: 0.2112, loss_bbox: 0.2959, loss_centerness: 0.5894, loss: 1.0966, grad_norm: 8.8032
2020-10-26 10:41:42,226 - mmdet - INFO - Epoch [3][650/4328]	lr: 1.250e-03, eta: 10:41:06, time: 0.423, data_time: 0.126, memory: 3957, loss_cls: 0.2299, loss_bbox: 0.2967, loss_centerness: 0.5913, loss: 1.1179, grad_norm: 9.2592
2020-10-26 10:42:03,376 - mmdet - INFO - Epoch [3][700/4328]	lr: 1.250e-03, eta: 10:40:54, time: 0.423, data_time: 0.127, memory: 3957, loss_cls: 0.2109, loss_bbox: 0.3247, loss_centerness: 0.5932, loss: 1.1288, grad_norm: 9.7646
2020-10-26 10:42:24,397 - mmdet - INFO - Epoch [3][750/4328]	lr: 1.250e-03, eta: 10:40:40, time: 0.420, data_time: 0.124, memory: 3957, loss_cls: 0.2216, loss_bbox: 0.3178, loss_centerness: 0.5920, loss: 1.1315, grad_norm: 9.0482
2020-10-26 10:42:45,716 - mmdet - INFO - Epoch [3][800/4328]	lr: 1.250e-03, eta: 10:40:29, time: 0.426, data_time: 0.121, memory: 3957, loss_cls: 0.2295, loss_bbox: 0.3128, loss_centerness: 0.5932, loss: 1.1355, grad_norm: 9.5152
2020-10-26 10:43:06,655 - mmdet - INFO - Epoch [3][850/4328]	lr: 1.250e-03, eta: 10:40:15, time: 0.419, data_time: 0.123, memory: 3957, loss_cls: 0.2304, loss_bbox: 0.3599, loss_centerness: 0.5938, loss: 1.1841, grad_norm: 10.3133
2020-10-26 10:43:27,756 - mmdet - INFO - Epoch [3][900/4328]	lr: 1.250e-03, eta: 10:40:02, time: 0.422, data_time: 0.125, memory: 3957, loss_cls: 0.2153, loss_bbox: 0.3031, loss_centerness: 0.5918, loss: 1.1102, grad_norm: 8.9828
2020-10-26 10:43:49,082 - mmdet - INFO - Epoch [3][950/4328]	lr: 1.250e-03, eta: 10:39:51, time: 0.426, data_time: 0.128, memory: 3957, loss_cls: 0.2116, loss_bbox: 0.3124, loss_centerness: 0.5893, loss: 1.1133, grad_norm: 9.9371
2020-10-26 10:44:10,047 - mmdet - INFO - Epoch [3][1000/4328]	lr: 1.250e-03, eta: 10:39:37, time: 0.419, data_time: 0.123, memory: 3957, loss_cls: 0.2170, loss_bbox: 0.3379, loss_centerness: 0.5917, loss: 1.1466, grad_norm: 9.9818
2020-10-26 10:44:31,108 - mmdet - INFO - Epoch [3][1050/4328]	lr: 1.250e-03, eta: 10:39:23, time: 0.421, data_time: 0.125, memory: 3957, loss_cls: 0.2159, loss_bbox: 0.3171, loss_centerness: 0.5919, loss: 1.1249, grad_norm: 9.4564
2020-10-26 10:44:52,477 - mmdet - INFO - Epoch [3][1100/4328]	lr: 1.250e-03, eta: 10:39:12, time: 0.427, data_time: 0.126, memory: 3957, loss_cls: 0.2187, loss_bbox: 0.3247, loss_centerness: 0.5936, loss: 1.1370, grad_norm: 9.7432
2020-10-26 10:45:13,866 - mmdet - INFO - Epoch [3][1150/4328]	lr: 1.250e-03, eta: 10:39:02, time: 0.428, data_time: 0.125, memory: 3957, loss_cls: 0.2187, loss_bbox: 0.3296, loss_centerness: 0.5925, loss: 1.1408, grad_norm: 9.9371
2020-10-26 10:45:35,104 - mmdet - INFO - Epoch [3][1200/4328]	lr: 1.250e-03, eta: 10:38:49, time: 0.425, data_time: 0.129, memory: 3957, loss_cls: 0.2152, loss_bbox: 0.3048, loss_centerness: 0.5938, loss: 1.1138, grad_norm: 8.6991
2020-10-26 10:45:56,198 - mmdet - INFO - Epoch [3][1250/4328]	lr: 1.250e-03, eta: 10:38:36, time: 0.422, data_time: 0.129, memory: 3957, loss_cls: 0.2206, loss_bbox: 0.2862, loss_centerness: 0.5901, loss: 1.0969, grad_norm: 9.1147
2020-10-26 10:46:17,407 - mmdet - INFO - Epoch [3][1300/4328]	lr: 1.250e-03, eta: 10:38:23, time: 0.424, data_time: 0.128, memory: 3957, loss_cls: 0.2155, loss_bbox: 0.2997, loss_centerness: 0.5918, loss: 1.1070, grad_norm: 9.2483
2020-10-26 10:46:38,540 - mmdet - INFO - Epoch [3][1350/4328]	lr: 1.250e-03, eta: 10:38:10, time: 0.423, data_time: 0.126, memory: 3957, loss_cls: 0.2238, loss_bbox: 0.3150, loss_centerness: 0.5924, loss: 1.1311, grad_norm: 9.5506
2020-10-26 10:46:59,984 - mmdet - INFO - Epoch [3][1400/4328]	lr: 1.250e-03, eta: 10:37:59, time: 0.429, data_time: 0.127, memory: 3957, loss_cls: 0.2246, loss_bbox: 0.3084, loss_centerness: 0.5930, loss: 1.1260, grad_norm: 9.4924
2020-10-26 10:47:21,480 - mmdet - INFO - Epoch [3][1450/4328]	lr: 1.250e-03, eta: 10:37:49, time: 0.430, data_time: 0.129, memory: 3957, loss_cls: 0.2263, loss_bbox: 0.3012, loss_centerness: 0.5934, loss: 1.1209, grad_norm: 9.6029
2020-10-26 10:47:43,013 - mmdet - INFO - Epoch [3][1500/4328]	lr: 1.250e-03, eta: 10:37:39, time: 0.431, data_time: 0.125, memory: 3957, loss_cls: 0.2172, loss_bbox: 0.3174, loss_centerness: 0.5907, loss: 1.1254, grad_norm: 9.6696
2020-10-26 10:48:04,235 - mmdet - INFO - Epoch [3][1550/4328]	lr: 1.250e-03, eta: 10:37:26, time: 0.424, data_time: 0.123, memory: 3957, loss_cls: 0.2171, loss_bbox: 0.3019, loss_centerness: 0.5915, loss: 1.1105, grad_norm: 8.7900
