2020-10-23 16:59:22,482 - mmdet - INFO - Environment info:
------------------------------------------------------------
sys.platform: linux
Python: 3.7.9 (default, Aug 31 2020, 12:42:55) [GCC 7.3.0]
CUDA available: True
GPU 0,1,2,3,4,5,6,7: GeForce RTX 2080 Ti
CUDA_HOME: /usr/local/cuda
NVCC: Cuda compilation tools, release 10.0, V10.0.130
GCC: gcc (Ubuntu 5.4.0-6ubuntu1~16.04.11) 5.4.0 20160609
PyTorch: 1.4.0
PyTorch compiling details: PyTorch built with:
  - GCC 7.3
  - Intel(R) Math Kernel Library Version 2020.0.2 Product Build 20200624 for Intel(R) 64 architecture applications
  - Intel(R) MKL-DNN v0.21.1 (Git Hash 7d2fd500bc78936d1d648ca713b901012f470dbc)
  - OpenMP 201511 (a.k.a. OpenMP 4.5)
  - NNPACK is enabled
  - CUDA Runtime 10.0
  - NVCC architecture flags: -gencode;arch=compute_37,code=sm_37;-gencode;arch=compute_50,code=sm_50;-gencode;arch=compute_60,code=sm_60;-gencode;arch=compute_61,code=sm_61;-gencode;arch=compute_70,code=sm_70;-gencode;arch=compute_75,code=sm_75;-gencode;arch=compute_37,code=compute_37
  - CuDNN 7.6.3
  - Magma 2.5.1
  - Build settings: BLAS=MKL, BUILD_NAMEDTENSOR=OFF, BUILD_TYPE=Release, CXX_FLAGS= -Wno-deprecated -fvisibility-inlines-hidden -fopenmp -DUSE_FBGEMM -DUSE_QNNPACK -DUSE_PYTORCH_QNNPACK -O2 -fPIC -Wno-narrowing -Wall -Wextra -Wno-missing-field-initializers -Wno-type-limits -Wno-array-bounds -Wno-unknown-pragmas -Wno-sign-compare -Wno-unused-parameter -Wno-unused-variable -Wno-unused-function -Wno-unused-result -Wno-strict-overflow -Wno-strict-aliasing -Wno-error=deprecated-declarations -Wno-stringop-overflow -Wno-error=pedantic -Wno-error=redundant-decls -Wno-error=old-style-cast -fdiagnostics-color=always -faligned-new -Wno-unused-but-set-variable -Wno-maybe-uninitialized -fno-math-errno -fno-trapping-math -Wno-stringop-overflow, DISABLE_NUMA=1, PERF_WITH_AVX=1, PERF_WITH_AVX2=1, PERF_WITH_AVX512=1, USE_CUDA=ON, USE_EXCEPTION_PTR=1, USE_GFLAGS=OFF, USE_GLOG=OFF, USE_MKL=ON, USE_MKLDNN=ON, USE_MPI=OFF, USE_NCCL=ON, USE_NNPACK=ON, USE_OPENMP=ON, USE_STATIC_DISPATCH=OFF, 

TorchVision: 0.5.0
OpenCV: 4.4.0
MMCV: 1.1.5
MMCV Compiler: GCC 7.3
MMCV CUDA Compiler: 10.0
MMDetection: 2.5.0+
------------------------------------------------------------

2020-10-23 16:59:22,934 - mmdet - INFO - Distributed training: True
2020-10-23 16:59:23,383 - mmdet - INFO - Config:
dataset_type = 'CocoDataset'
data_root = 'data/coco/'
annotations_root = 'annotations/'
image_root = '/root/userfolder/data/TCTAnnotatedData/'
classes = ('normal', 'ascus', 'asch', 'lsil', 'hsil_scc_omn',
           'agc_adenocarcinoma_em', 'vaginalis', 'monilia',
           'dysbacteriosis_herpes_act', 'ec')
img_norm_cfg = dict(
    mean=[102.9801, 115.9465, 122.7717], std=[1.0, 1.0, 1.0], to_rgb=False)
train_pipeline = [
    dict(type='LoadImageFromFile'),
    dict(type='LoadAnnotations', with_bbox=True),
    dict(
        type='Resize',
        img_scale=[(1333, 640), (1333, 800)],
        multiscale_mode='value',
        keep_ratio=True),
    dict(type='RandomFlip', flip_ratio=0.5),
    dict(
        type='Normalize',
        mean=[102.9801, 115.9465, 122.7717],
        std=[1.0, 1.0, 1.0],
        to_rgb=False),
    dict(type='Pad', size_divisor=32),
    dict(type='DefaultFormatBundle'),
    dict(type='Collect', keys=['img', 'gt_bboxes', 'gt_labels'])
]
test_pipeline = [
    dict(type='LoadImageFromFile'),
    dict(
        type='MultiScaleFlipAug',
        img_scale=(1333, 800),
        flip=False,
        transforms=[
            dict(type='Resize', keep_ratio=True),
            dict(type='RandomFlip'),
            dict(
                type='Normalize',
                mean=[102.9801, 115.9465, 122.7717],
                std=[1.0, 1.0, 1.0],
                to_rgb=False),
            dict(type='Pad', size_divisor=32),
            dict(type='ImageToTensor', keys=['img']),
            dict(type='Collect', keys=['img'])
        ])
]
data = dict(
    samples_per_gpu=4,
    workers_per_gpu=0,
    train=dict(
        type='CocoDataset',
        classes=('normal', 'ascus', 'asch', 'lsil', 'hsil_scc_omn',
                 'agc_adenocarcinoma_em', 'vaginalis', 'monilia',
                 'dysbacteriosis_herpes_act', 'ec'),
        ann_file='annotations/train30000-cat10.json',
        img_prefix='/root/userfolder/data/TCTAnnotatedData/',
        pipeline=[
            dict(type='LoadImageFromFile'),
            dict(type='LoadAnnotations', with_bbox=True),
            dict(
                type='Resize',
                img_scale=[(1333, 640), (1333, 800)],
                multiscale_mode='value',
                keep_ratio=True),
            dict(type='RandomFlip', flip_ratio=0.5),
            dict(
                type='Normalize',
                mean=[102.9801, 115.9465, 122.7717],
                std=[1.0, 1.0, 1.0],
                to_rgb=False),
            dict(type='Pad', size_divisor=32),
            dict(type='DefaultFormatBundle'),
            dict(type='Collect', keys=['img', 'gt_bboxes', 'gt_labels'])
        ]),
    val=dict(
        type='CocoDataset',
        classes=('normal', 'ascus', 'asch', 'lsil', 'hsil_scc_omn',
                 'agc_adenocarcinoma_em', 'vaginalis', 'monilia',
                 'dysbacteriosis_herpes_act', 'ec'),
        ann_file='annotations/val10000-cat10.json',
        img_prefix='/root/userfolder/data/TCTAnnotatedData/',
        pipeline=[
            dict(type='LoadImageFromFile'),
            dict(
                type='MultiScaleFlipAug',
                img_scale=(1333, 800),
                flip=False,
                transforms=[
                    dict(type='Resize', keep_ratio=True),
                    dict(type='RandomFlip'),
                    dict(
                        type='Normalize',
                        mean=[102.9801, 115.9465, 122.7717],
                        std=[1.0, 1.0, 1.0],
                        to_rgb=False),
                    dict(type='Pad', size_divisor=32),
                    dict(type='ImageToTensor', keys=['img']),
                    dict(type='Collect', keys=['img'])
                ])
        ]),
    test=dict(
        type='CocoDataset',
        classes=('normal', 'ascus', 'asch', 'lsil', 'hsil_scc_omn',
                 'agc_adenocarcinoma_em', 'vaginalis', 'monilia',
                 'dysbacteriosis_herpes_act', 'ec'),
        ann_file='annotations/test10000-cat10.json',
        img_prefix='/root/userfolder/data/TCTAnnotatedData/',
        pipeline=[
            dict(type='LoadImageFromFile'),
            dict(
                type='MultiScaleFlipAug',
                img_scale=(1333, 800),
                flip=False,
                transforms=[
                    dict(type='Resize', keep_ratio=True),
                    dict(type='RandomFlip'),
                    dict(
                        type='Normalize',
                        mean=[102.9801, 115.9465, 122.7717],
                        std=[1.0, 1.0, 1.0],
                        to_rgb=False),
                    dict(type='Pad', size_divisor=32),
                    dict(type='ImageToTensor', keys=['img']),
                    dict(type='Collect', keys=['img'])
                ])
        ]))
evaluation = dict(interval=1, metric='bbox')
optimizer = dict(
    type='SGD',
    lr=0.01,
    momentum=0.9,
    weight_decay=0.0001,
    paramwise_cfg=dict(bias_lr_mult=2.0, bias_decay_mult=0.0))
optimizer_config = dict(grad_clip=dict(max_norm=35, norm_type=2))
lr_config = dict(
    policy='step',
    warmup='constant',
    warmup_iters=500,
    warmup_ratio=0.3333333333333333,
    step=[16, 22])
total_epochs = 24
checkpoint_config = dict(interval=1)
log_config = dict(interval=50, hooks=[dict(type='TextLoggerHook')])
dist_params = dict(backend='nccl')
log_level = 'INFO'
load_from = None
resume_from = None
workflow = [('train', 1)]
model = dict(
    type='FCOS',
    pretrained='icode/moco_v2_800ep_pretrain_rename.pth',
    backbone=dict(
        type='ResNet',
        depth=50,
        num_stages=4,
        out_indices=(0, 1, 2, 3),
        frozen_stages=1,
        norm_cfg=dict(type='BN', requires_grad=False),
        norm_eval=True,
        style='caffe'),
    neck=dict(
        type='FPN',
        in_channels=[256, 512, 1024, 2048],
        out_channels=256,
        start_level=1,
        add_extra_convs=True,
        extra_convs_on_inputs=False,
        num_outs=5,
        relu_before_extra_convs=True),
    bbox_head=dict(
        type='FCOSHead',
        num_classes=10,
        in_channels=256,
        stacked_convs=4,
        feat_channels=256,
        strides=[8, 16, 32, 64, 128],
        loss_cls=dict(
            type='FocalLoss',
            use_sigmoid=True,
            gamma=2.0,
            alpha=0.25,
            loss_weight=1.0),
        loss_bbox=dict(type='IoULoss', loss_weight=1.0),
        loss_centerness=dict(
            type='CrossEntropyLoss', use_sigmoid=True, loss_weight=1.0)))
train_cfg = dict(
    assigner=dict(
        type='MaxIoUAssigner',
        pos_iou_thr=0.5,
        neg_iou_thr=0.4,
        min_pos_iou=0,
        ignore_iof_thr=-1),
    allowed_border=-1,
    pos_weight=-1,
    debug=False)
test_cfg = dict(
    nms_pre=1000,
    min_bbox_size=0,
    score_thr=0.05,
    nms=dict(type='nms', iou_threshold=0.5),
    max_per_img=100)
work_dir = './work_dirs/fcos_r50_caffe_fpn_gn-head_mstrain_640-800_4x4_2x_coco_moco'
gpu_ids = range(0, 1)

2020-10-23 16:59:23,712 - mmdet - INFO - load model from: icode/moco_v2_800ep_pretrain_rename.pth
2020-10-23 16:59:24,152 - mmdet - WARNING - The model and loaded state dict do not match exactly

unexpected key in source state_dict: fc.0.weight, fc.0.bias, fc.2.weight, fc.2.bias

2020-10-23 16:59:33,571 - mmdet - INFO - Start running, host: root@c29bb9d22aa7, work_dir: /root/userfolder/mmdetection/work_dirs/fcos_r50_caffe_fpn_gn-head_mstrain_640-800_4x4_2x_coco_moco
2020-10-23 16:59:33,571 - mmdet - INFO - workflow: [('train', 1)], max: 24 epochs
2020-10-23 17:00:55,931 - mmdet - INFO - Epoch [1][50/938]	lr: 3.333e-03, eta: 10:16:32, time: 1.647, data_time: 1.039, memory: 6007, loss_cls: 0.8563, loss_bbox: 1.3509, loss_centerness: 0.6577, loss: 2.8650, grad_norm: 18.8134
2020-10-23 17:02:14,469 - mmdet - INFO - Epoch [1][100/938]	lr: 3.333e-03, eta: 10:00:59, time: 1.571, data_time: 0.982, memory: 6016, loss_cls: 0.7659, loss_bbox: 0.9240, loss_centerness: 0.6535, loss: 2.3433, grad_norm: 5.3768
2020-10-23 17:03:32,596 - mmdet - INFO - Epoch [1][150/938]	lr: 3.333e-03, eta: 9:53:52, time: 1.562, data_time: 0.962, memory: 6018, loss_cls: 0.7649, loss_bbox: 0.9124, loss_centerness: 0.6525, loss: 2.3298, grad_norm: 3.7974
2020-10-23 17:04:51,064 - mmdet - INFO - Epoch [1][200/938]	lr: 3.333e-03, eta: 9:50:18, time: 1.569, data_time: 0.990, memory: 6018, loss_cls: 0.7488, loss_bbox: 0.8868, loss_centerness: 0.6528, loss: 2.2884, grad_norm: 3.0325
2020-10-23 17:06:09,515 - mmdet - INFO - Epoch [1][250/938]	lr: 3.333e-03, eta: 9:47:37, time: 1.569, data_time: 0.999, memory: 6024, loss_cls: 0.7504, loss_bbox: 0.8950, loss_centerness: 0.6527, loss: 2.2981, grad_norm: 3.3226
2020-10-23 17:07:27,719 - mmdet - INFO - Epoch [1][300/938]	lr: 3.333e-03, eta: 9:45:05, time: 1.564, data_time: 0.969, memory: 6024, loss_cls: 0.7563, loss_bbox: 0.9019, loss_centerness: 0.6532, loss: 2.3114, grad_norm: 3.4116
2020-10-23 17:08:46,086 - mmdet - INFO - Epoch [1][350/938]	lr: 3.333e-03, eta: 9:43:04, time: 1.567, data_time: 0.963, memory: 6024, loss_cls: 0.7488, loss_bbox: 0.8944, loss_centerness: 0.6525, loss: 2.2956, grad_norm: 3.5881
2020-10-23 17:10:04,624 - mmdet - INFO - Epoch [1][400/938]	lr: 3.333e-03, eta: 9:41:24, time: 1.571, data_time: 0.990, memory: 6024, loss_cls: 0.7461, loss_bbox: 0.8936, loss_centerness: 0.6529, loss: 2.2926, grad_norm: 3.0624
2020-10-23 17:11:25,506 - mmdet - INFO - Epoch [1][450/938]	lr: 3.333e-03, eta: 9:41:43, time: 1.618, data_time: 1.027, memory: 6024, loss_cls: 0.7436, loss_bbox: 0.8876, loss_centerness: 0.6527, loss: 2.2839, grad_norm: 3.2123
2020-10-23 17:12:44,154 - mmdet - INFO - Epoch [1][500/938]	lr: 3.333e-03, eta: 9:40:04, time: 1.573, data_time: 0.989, memory: 6024, loss_cls: 0.7395, loss_bbox: 0.8850, loss_centerness: 0.6528, loss: 2.2773, grad_norm: 3.0808
2020-10-23 17:14:02,815 - mmdet - INFO - Epoch [1][550/938]	lr: 1.000e-02, eta: 9:38:29, time: 1.573, data_time: 1.024, memory: 6024, loss_cls: 0.7553, loss_bbox: 0.9590, loss_centerness: 0.6528, loss: 2.3672, grad_norm: 5.8325
2020-10-23 17:15:21,754 - mmdet - INFO - Epoch [1][600/938]	lr: 1.000e-02, eta: 9:37:07, time: 1.579, data_time: 0.994, memory: 6024, loss_cls: 0.7474, loss_bbox: 1.0254, loss_centerness: 0.6536, loss: 2.4265, grad_norm: 6.2118
2020-10-23 17:16:40,591 - mmdet - INFO - Epoch [1][650/938]	lr: 1.000e-02, eta: 9:35:42, time: 1.577, data_time: 1.001, memory: 6024, loss_cls: 0.7555, loss_bbox: 0.9501, loss_centerness: 0.6530, loss: 2.3586, grad_norm: 3.8534
2020-10-23 17:17:59,183 - mmdet - INFO - Epoch [1][700/938]	lr: 1.000e-02, eta: 9:34:10, time: 1.572, data_time: 0.989, memory: 6024, loss_cls: 0.7497, loss_bbox: 0.9086, loss_centerness: 0.6531, loss: 2.3115, grad_norm: 3.3391
2020-10-23 17:19:17,141 - mmdet - INFO - Epoch [1][750/938]	lr: 1.000e-02, eta: 9:32:22, time: 1.559, data_time: 0.993, memory: 6024, loss_cls: 0.7425, loss_bbox: 0.9300, loss_centerness: 0.6527, loss: 2.3252, grad_norm: 4.1617
2020-10-23 17:20:35,595 - mmdet - INFO - Epoch [1][800/938]	lr: 1.000e-02, eta: 9:30:51, time: 1.569, data_time: 0.965, memory: 6024, loss_cls: 0.7088, loss_bbox: 0.9121, loss_centerness: 0.6504, loss: 2.2713, grad_norm: 5.3400
2020-10-23 17:21:53,320 - mmdet - INFO - Epoch [1][850/938]	lr: 1.000e-02, eta: 9:29:02, time: 1.555, data_time: 0.990, memory: 6024, loss_cls: 0.6980, loss_bbox: 0.8702, loss_centerness: 0.6458, loss: 2.2140, grad_norm: 5.9992
2020-10-23 17:23:11,801 - mmdet - INFO - Epoch [1][900/938]	lr: 1.000e-02, eta: 9:27:36, time: 1.570, data_time: 0.993, memory: 6024, loss_cls: 0.6754, loss_bbox: 0.8650, loss_centerness: 0.6413, loss: 2.1817, grad_norm: 5.9758
2020-10-23 17:24:11,715 - mmdet - INFO - Saving checkpoint at 1 epochs
2020-10-23 17:30:41,890 - mmdet - INFO - Evaluating bbox...
2020-10-23 17:32:23,550 - mmdet - INFO - Exp name: fcos_r50_caffe_fpn_gn-head_mstrain_640-800_4x4_2x_coco_moco.py
2020-10-23 17:32:23,550 - mmdet - INFO - Epoch(val) [1][938]	bbox_mAP: 0.0010, bbox_mAP_50: 0.0030, bbox_mAP_75: 0.0000, bbox_mAP_s: -1.0000, bbox_mAP_m: 0.0000, bbox_mAP_l: 0.0010, bbox_mAP_copypaste: 0.001 0.003 0.000 -1.000 0.000 0.001
2020-10-23 17:33:28,617 - mmdet - INFO - Epoch [2][50/938]	lr: 1.000e-02, eta: 8:58:33, time: 1.301, data_time: 0.716, memory: 6024, loss_cls: 0.6566, loss_bbox: 0.7751, loss_centerness: 0.6332, loss: 2.0649, grad_norm: 4.9760
2020-10-23 17:34:31,534 - mmdet - INFO - Epoch [2][100/938]	lr: 1.000e-02, eta: 8:53:07, time: 1.258, data_time: 0.687, memory: 6024, loss_cls: 0.6344, loss_bbox: 0.7846, loss_centerness: 0.6315, loss: 2.0505, grad_norm: 4.9884
