2021-12-09 16:21:11,188 - mmdet - INFO - Environment info:
------------------------------------------------------------
sys.platform: linux
Python: 3.7.9 (default, Aug 31 2020, 12:42:55) [GCC 7.3.0]
CUDA available: True
GPU 0,1,2,3: GeForce RTX 2080 Ti
CUDA_HOME: /usr/local/cuda
NVCC: Cuda compilation tools, release 10.0, V10.0.130
GCC: gcc (Ubuntu 5.4.0-6ubuntu1~16.04.11) 5.4.0 20160609
PyTorch: 1.6.0
PyTorch compiling details: PyTorch built with:
  - GCC 7.3
  - C++ Version: 201402
  - Intel(R) Math Kernel Library Version 2020.0.2 Product Build 20200624 for Intel(R) 64 architecture applications
  - Intel(R) MKL-DNN v1.5.0 (Git Hash e2ac1fac44c5078ca927cb9b90e1b3066a0b2ed0)
  - OpenMP 201511 (a.k.a. OpenMP 4.5)
  - NNPACK is enabled
  - CPU capability usage: AVX2
  - CUDA Runtime 10.2
  - NVCC architecture flags: -gencode;arch=compute_37,code=sm_37;-gencode;arch=compute_50,code=sm_50;-gencode;arch=compute_60,code=sm_60;-gencode;arch=compute_61,code=sm_61;-gencode;arch=compute_70,code=sm_70;-gencode;arch=compute_75,code=sm_75;-gencode;arch=compute_37,code=compute_37
  - CuDNN 7.6.5
  - Magma 2.5.2
  - Build settings: BLAS=MKL, BUILD_TYPE=Release, CXX_FLAGS= -Wno-deprecated -fvisibility-inlines-hidden -DUSE_PTHREADPOOL -fopenmp -DNDEBUG -DUSE_FBGEMM -DUSE_QNNPACK -DUSE_PYTORCH_QNNPACK -DUSE_XNNPACK -DUSE_VULKAN_WRAPPER -O2 -fPIC -Wno-narrowing -Wall -Wextra -Werror=return-type -Wno-missing-field-initializers -Wno-type-limits -Wno-array-bounds -Wno-unknown-pragmas -Wno-sign-compare -Wno-unused-parameter -Wno-unused-variable -Wno-unused-function -Wno-unused-result -Wno-unused-local-typedefs -Wno-strict-overflow -Wno-strict-aliasing -Wno-error=deprecated-declarations -Wno-stringop-overflow -Wno-error=pedantic -Wno-error=redundant-decls -Wno-error=old-style-cast -fdiagnostics-color=always -faligned-new -Wno-unused-but-set-variable -Wno-maybe-uninitialized -fno-math-errno -fno-trapping-math -Werror=format -Wno-stringop-overflow, PERF_WITH_AVX=1, PERF_WITH_AVX2=1, PERF_WITH_AVX512=1, USE_CUDA=ON, USE_EXCEPTION_PTR=1, USE_GFLAGS=OFF, USE_GLOG=OFF, USE_MKL=ON, USE_MKLDNN=ON, USE_MPI=OFF, USE_NCCL=ON, USE_NNPACK=ON, USE_OPENMP=ON, USE_STATIC_DISPATCH=OFF, 

TorchVision: 0.7.0
OpenCV: 4.4.0
MMCV: 1.3.3
MMCV Compiler: GCC 7.3
MMCV CUDA Compiler: 10.2
MMDetection: 2.12.0+
------------------------------------------------------------

2021-12-09 16:21:11,730 - mmdet - INFO - Distributed training: True
2021-12-09 16:21:12,241 - mmdet - INFO - Config:
model = dict(
    type='FasterRCNN',
    pretrained=
    '../mmclassification/work_dirs/tct_full_resnet50_b32x8/epoch_50_pretrained.pth',
    backbone=dict(
        type='ResNet',
        depth=50,
        num_stages=4,
        out_indices=(0, 1, 2, 3),
        frozen_stages=1,
        norm_cfg=dict(type='BN', requires_grad=True),
        norm_eval=True,
        style='pytorch'),
    neck=dict(
        type='FPN',
        in_channels=[256, 512, 1024, 2048],
        out_channels=256,
        num_outs=5),
    rpn_head=dict(
        type='RPNHead',
        in_channels=256,
        feat_channels=256,
        anchor_generator=dict(
            type='AnchorGenerator',
            scales=[8],
            ratios=[0.5, 1.0, 2.0],
            strides=[4, 8, 16, 32, 64]),
        bbox_coder=dict(
            type='DeltaXYWHBBoxCoder',
            target_means=[0.0, 0.0, 0.0, 0.0],
            target_stds=[1.0, 1.0, 1.0, 1.0]),
        loss_cls=dict(
            type='CrossEntropyLoss', use_sigmoid=True, loss_weight=1.0),
        loss_bbox=dict(type='L1Loss', loss_weight=1.0)),
    roi_head=dict(
        type='StandardRoIHead',
        bbox_roi_extractor=dict(
            type='SingleRoIExtractor',
            roi_layer=dict(type='RoIAlign', output_size=7, sampling_ratio=0),
            out_channels=256,
            featmap_strides=[4, 8, 16, 32]),
        bbox_head=dict(
            type='Shared2FCBBoxHead',
            in_channels=256,
            fc_out_channels=1024,
            roi_feat_size=7,
            num_classes=10,
            bbox_coder=dict(
                type='DeltaXYWHBBoxCoder',
                target_means=[0.0, 0.0, 0.0, 0.0],
                target_stds=[0.1, 0.1, 0.2, 0.2]),
            reg_class_agnostic=False,
            loss_cls=dict(
                type='CrossEntropyLoss', use_sigmoid=False, loss_weight=1.0),
            loss_bbox=dict(type='L1Loss', loss_weight=1.0))))
train_cfg = dict(
    rpn=dict(
        assigner=dict(
            type='MaxIoUAssigner',
            pos_iou_thr=0.7,
            neg_iou_thr=0.3,
            min_pos_iou=0.3,
            match_low_quality=True,
            ignore_iof_thr=-1),
        sampler=dict(
            type='RandomSampler',
            num=256,
            pos_fraction=0.5,
            neg_pos_ub=-1,
            add_gt_as_proposals=False),
        allowed_border=-1,
        pos_weight=-1,
        debug=False),
    rpn_proposal=dict(
        nms_across_levels=False,
        nms_pre=2000,
        nms_post=1000,
        max_num=1000,
        nms_thr=0.7,
        min_bbox_size=0),
    rcnn=dict(
        assigner=dict(
            type='MaxIoUAssigner',
            pos_iou_thr=0.5,
            neg_iou_thr=0.5,
            min_pos_iou=0.5,
            match_low_quality=False,
            ignore_iof_thr=-1),
        sampler=dict(
            type='RandomSampler',
            num=512,
            pos_fraction=0.25,
            neg_pos_ub=-1,
            add_gt_as_proposals=True),
        pos_weight=-1,
        debug=False))
test_cfg = dict(
    rpn=dict(
        nms_across_levels=False,
        nms_pre=1000,
        nms_post=1000,
        max_num=1000,
        nms_thr=0.7,
        min_bbox_size=0),
    rcnn=dict(
        score_thr=0.05,
        nms=dict(type='nms', iou_threshold=0.5),
        max_per_img=100))
dataset_type = 'CocoDataset'
data_root = 'data/coco/'
annotations_root = '../data/TCT_30000/'
image_root = '../data/TCT_30000/'
classes = ('normal', 'ascus', 'asch', 'lsil', 'hsil_scc_omn',
           'agc_adenocarcinoma_em', 'vaginalis', 'monilia',
           'dysbacteriosis_herpes_act', 'ec')
img_norm_cfg = dict(
    mean=[123.675, 116.28, 103.53], std=[58.395, 57.12, 57.375], to_rgb=True)
train_pipeline = [
    dict(type='LoadImageFromFile'),
    dict(type='LoadAnnotations', with_bbox=True),
    dict(type='Resize', img_scale=(1333, 800), keep_ratio=True),
    dict(type='RandomFlip', flip_ratio=0.5),
    dict(
        type='Normalize',
        mean=[123.675, 116.28, 103.53],
        std=[58.395, 57.12, 57.375],
        to_rgb=True),
    dict(type='Pad', size_divisor=32),
    dict(type='DefaultFormatBundle'),
    dict(type='Collect', keys=['img', 'gt_bboxes', 'gt_labels'])
]
test_pipeline = [
    dict(type='LoadImageFromFile'),
    dict(
        type='MultiScaleFlipAug',
        img_scale=(1333, 800),
        flip=False,
        transforms=[
            dict(type='Resize', keep_ratio=True),
            dict(type='RandomFlip'),
            dict(
                type='Normalize',
                mean=[123.675, 116.28, 103.53],
                std=[58.395, 57.12, 57.375],
                to_rgb=True),
            dict(type='Pad', size_divisor=32),
            dict(type='ImageToTensor', keys=['img']),
            dict(type='Collect', keys=['img'])
        ])
]
data = dict(
    samples_per_gpu=2,
    workers_per_gpu=0,
    train=dict(
        type='CocoDataset',
        classes=('normal', 'ascus', 'asch', 'lsil', 'hsil_scc_omn',
                 'agc_adenocarcinoma_em', 'vaginalis', 'monilia',
                 'dysbacteriosis_herpes_act', 'ec'),
        ann_file='../data/TCT_30000/train30000-cat10.json',
        img_prefix='../data/TCT_30000/',
        pipeline=[
            dict(type='LoadImageFromFile'),
            dict(type='LoadAnnotations', with_bbox=True),
            dict(type='Resize', img_scale=(1333, 800), keep_ratio=True),
            dict(type='RandomFlip', flip_ratio=0.5),
            dict(
                type='Normalize',
                mean=[123.675, 116.28, 103.53],
                std=[58.395, 57.12, 57.375],
                to_rgb=True),
            dict(type='Pad', size_divisor=32),
            dict(type='DefaultFormatBundle'),
            dict(type='Collect', keys=['img', 'gt_bboxes', 'gt_labels'])
        ]),
    val=dict(
        type='CocoDataset',
        classes=('normal', 'ascus', 'asch', 'lsil', 'hsil_scc_omn',
                 'agc_adenocarcinoma_em', 'vaginalis', 'monilia',
                 'dysbacteriosis_herpes_act', 'ec'),
        ann_file='../data/TCT_30000/val10000-cat10.json',
        img_prefix='../data/TCT_30000/',
        pipeline=[
            dict(type='LoadImageFromFile'),
            dict(
                type='MultiScaleFlipAug',
                img_scale=(1333, 800),
                flip=False,
                transforms=[
                    dict(type='Resize', keep_ratio=True),
                    dict(type='RandomFlip'),
                    dict(
                        type='Normalize',
                        mean=[123.675, 116.28, 103.53],
                        std=[58.395, 57.12, 57.375],
                        to_rgb=True),
                    dict(type='Pad', size_divisor=32),
                    dict(type='ImageToTensor', keys=['img']),
                    dict(type='Collect', keys=['img'])
                ])
        ]),
    test=dict(
        type='CocoDataset',
        classes=('normal', 'ascus', 'asch', 'lsil', 'hsil_scc_omn',
                 'agc_adenocarcinoma_em', 'vaginalis', 'monilia',
                 'dysbacteriosis_herpes_act', 'ec'),
        ann_file='../data/TCT_30000/test10000-cat10.json',
        img_prefix='../data/TCT_30000/',
        pipeline=[
            dict(type='LoadImageFromFile'),
            dict(
                type='MultiScaleFlipAug',
                img_scale=(1333, 800),
                flip=False,
                transforms=[
                    dict(type='Resize', keep_ratio=True),
                    dict(type='RandomFlip'),
                    dict(
                        type='Normalize',
                        mean=[123.675, 116.28, 103.53],
                        std=[58.395, 57.12, 57.375],
                        to_rgb=True),
                    dict(type='Pad', size_divisor=32),
                    dict(type='ImageToTensor', keys=['img']),
                    dict(type='Collect', keys=['img'])
                ])
        ]))
evaluation = dict(interval=1, metric='bbox')
optimizer = dict(type='SGD', lr=0.01, momentum=0.9, weight_decay=0.0001)
optimizer_config = dict(grad_clip=None)
lr_config = dict(
    policy='step',
    warmup='linear',
    warmup_iters=500,
    warmup_ratio=0.001,
    step=[8, 11])
runner = dict(type='EpochBasedRunner', max_epochs=12)
checkpoint_config = dict(interval=1)
log_config = dict(interval=50, hooks=[dict(type='TextLoggerHook')])
custom_hooks = [dict(type='NumClassCheckHook')]
dist_params = dict(backend='nccl')
log_level = 'INFO'
load_from = None
resume_from = 'work_dirs/tct_full_e50/epoch_1.pth'
workflow = [('train', 1)]
work_dir = './work_dirs/tct_full_e50'
gpu_ids = range(0, 4)

2021-12-09 16:21:19,170 - mmdet - INFO - load checkpoint from work_dirs/tct_full_e50/epoch_1.pth
2021-12-09 16:21:19,172 - mmdet - INFO - Use load_from_local loader
2021-12-09 16:21:19,410 - mmdet - INFO - resumed epoch 1, iter 3750
2021-12-09 16:21:19,411 - mmdet - INFO - Start running, host: root@c29bb9d22aa7, work_dir: /root/userfolder/mmdetection/work_dirs/tct_full_e50
2021-12-09 16:21:19,412 - mmdet - INFO - workflow: [('train', 1)], max: 12 epochs
2021-12-09 16:21:56,232 - mmdet - INFO - Epoch [2][50/3750]	lr: 1.000e-02, eta: 8:24:39, time: 0.735, data_time: 0.429, memory: 3716, loss_rpn_cls: 0.0432, loss_rpn_bbox: 0.0239, loss_cls: 0.2589, acc: 91.4248, loss_bbox: 0.2156, loss: 0.5417
2021-12-09 16:22:29,956 - mmdet - INFO - Epoch [2][100/3750]	lr: 1.000e-02, eta: 8:03:16, time: 0.674, data_time: 0.354, memory: 3716, loss_rpn_cls: 0.0460, loss_rpn_bbox: 0.0265, loss_cls: 0.2891, acc: 90.6250, loss_bbox: 0.2292, loss: 0.5908
2021-12-09 16:23:03,615 - mmdet - INFO - Epoch [2][150/3750]	lr: 1.000e-02, eta: 7:55:31, time: 0.673, data_time: 0.365, memory: 3717, loss_rpn_cls: 0.0468, loss_rpn_bbox: 0.0258, loss_cls: 0.2780, acc: 91.1973, loss_bbox: 0.2188, loss: 0.5694
2021-12-09 16:23:37,056 - mmdet - INFO - Epoch [2][200/3750]	lr: 1.000e-02, eta: 7:50:35, time: 0.669, data_time: 0.369, memory: 3717, loss_rpn_cls: 0.0519, loss_rpn_bbox: 0.0276, loss_cls: 0.2760, acc: 90.9214, loss_bbox: 0.2275, loss: 0.5830
2021-12-09 16:24:10,729 - mmdet - INFO - Exp name: tct_full_e50.py
2021-12-09 16:24:10,729 - mmdet - INFO - Epoch [2][250/3750]	lr: 1.000e-02, eta: 7:48:03, time: 0.674, data_time: 0.359, memory: 3717, loss_rpn_cls: 0.0475, loss_rpn_bbox: 0.0283, loss_cls: 0.2742, acc: 90.9478, loss_bbox: 0.2314, loss: 0.5814
2021-12-09 16:24:46,064 - mmdet - INFO - Epoch [2][300/3750]	lr: 1.000e-02, eta: 7:49:57, time: 0.707, data_time: 0.375, memory: 3717, loss_rpn_cls: 0.0446, loss_rpn_bbox: 0.0266, loss_cls: 0.2698, acc: 91.2456, loss_bbox: 0.2172, loss: 0.5582
2021-12-09 16:25:19,556 - mmdet - INFO - Epoch [2][350/3750]	lr: 1.000e-02, eta: 7:47:33, time: 0.670, data_time: 0.368, memory: 3717, loss_rpn_cls: 0.0440, loss_rpn_bbox: 0.0255, loss_cls: 0.2578, acc: 91.4751, loss_bbox: 0.2117, loss: 0.5390
2021-12-09 16:25:53,248 - mmdet - INFO - Epoch [2][400/3750]	lr: 1.000e-02, eta: 7:45:57, time: 0.674, data_time: 0.363, memory: 3717, loss_rpn_cls: 0.0473, loss_rpn_bbox: 0.0256, loss_cls: 0.2703, acc: 91.1982, loss_bbox: 0.2243, loss: 0.5674
2021-12-09 16:26:26,765 - mmdet - INFO - Epoch [2][450/3750]	lr: 1.000e-02, eta: 7:44:19, time: 0.670, data_time: 0.358, memory: 3717, loss_rpn_cls: 0.0452, loss_rpn_bbox: 0.0245, loss_cls: 0.2594, acc: 91.8696, loss_bbox: 0.2057, loss: 0.5348
2021-12-09 16:27:00,504 - mmdet - INFO - Epoch [2][500/3750]	lr: 1.000e-02, eta: 7:43:12, time: 0.675, data_time: 0.361, memory: 3717, loss_rpn_cls: 0.0446, loss_rpn_bbox: 0.0246, loss_cls: 0.2626, acc: 91.4741, loss_bbox: 0.2169, loss: 0.5487
2021-12-09 16:27:33,793 - mmdet - INFO - Epoch [2][550/3750]	lr: 1.000e-02, eta: 7:41:38, time: 0.666, data_time: 0.349, memory: 3717, loss_rpn_cls: 0.0484, loss_rpn_bbox: 0.0282, loss_cls: 0.2852, acc: 90.7544, loss_bbox: 0.2322, loss: 0.5940
2021-12-09 16:28:06,591 - mmdet - INFO - Epoch [2][600/3750]	lr: 1.000e-02, eta: 7:39:41, time: 0.656, data_time: 0.342, memory: 3717, loss_rpn_cls: 0.0406, loss_rpn_bbox: 0.0252, loss_cls: 0.2615, acc: 91.4287, loss_bbox: 0.2158, loss: 0.5431
2021-12-09 16:28:39,772 - mmdet - INFO - Epoch [2][650/3750]	lr: 1.000e-02, eta: 7:38:20, time: 0.664, data_time: 0.343, memory: 3717, loss_rpn_cls: 0.0444, loss_rpn_bbox: 0.0255, loss_cls: 0.2515, acc: 91.7720, loss_bbox: 0.2049, loss: 0.5263
2021-12-09 16:29:14,152 - mmdet - INFO - Epoch [2][700/3750]	lr: 1.000e-02, eta: 7:38:16, time: 0.688, data_time: 0.361, memory: 3717, loss_rpn_cls: 0.0408, loss_rpn_bbox: 0.0249, loss_cls: 0.2641, acc: 91.2476, loss_bbox: 0.2196, loss: 0.5495
2021-12-09 16:29:47,250 - mmdet - INFO - Epoch [2][750/3750]	lr: 1.000e-02, eta: 7:36:59, time: 0.662, data_time: 0.359, memory: 3717, loss_rpn_cls: 0.0441, loss_rpn_bbox: 0.0273, loss_cls: 0.2682, acc: 91.0581, loss_bbox: 0.2250, loss: 0.5646
2021-12-09 16:30:20,484 - mmdet - INFO - Epoch [2][800/3750]	lr: 1.000e-02, eta: 7:35:54, time: 0.665, data_time: 0.330, memory: 3717, loss_rpn_cls: 0.0424, loss_rpn_bbox: 0.0238, loss_cls: 0.2536, acc: 91.5889, loss_bbox: 0.2112, loss: 0.5310
2021-12-09 16:30:53,653 - mmdet - INFO - Epoch [2][850/3750]	lr: 1.000e-02, eta: 7:34:49, time: 0.663, data_time: 0.343, memory: 3717, loss_rpn_cls: 0.0419, loss_rpn_bbox: 0.0254, loss_cls: 0.2490, acc: 91.8184, loss_bbox: 0.2022, loss: 0.5185
2021-12-09 16:31:27,118 - mmdet - INFO - Epoch [2][900/3750]	lr: 1.000e-02, eta: 7:34:01, time: 0.669, data_time: 0.352, memory: 3717, loss_rpn_cls: 0.0432, loss_rpn_bbox: 0.0249, loss_cls: 0.2536, acc: 91.6021, loss_bbox: 0.2117, loss: 0.5335
2021-12-09 16:32:01,776 - mmdet - INFO - Epoch [2][950/3750]	lr: 1.000e-02, eta: 7:34:06, time: 0.693, data_time: 0.343, memory: 3717, loss_rpn_cls: 0.0442, loss_rpn_bbox: 0.0279, loss_cls: 0.2605, acc: 91.4185, loss_bbox: 0.2132, loss: 0.5458
2021-12-09 16:32:34,888 - mmdet - INFO - Epoch [2][1000/3750]	lr: 1.000e-02, eta: 7:33:04, time: 0.662, data_time: 0.350, memory: 3717, loss_rpn_cls: 0.0425, loss_rpn_bbox: 0.0253, loss_cls: 0.2644, acc: 91.2090, loss_bbox: 0.2196, loss: 0.5518
2021-12-09 16:33:08,702 - mmdet - INFO - Epoch [2][1050/3750]	lr: 1.000e-02, eta: 7:32:32, time: 0.676, data_time: 0.350, memory: 3717, loss_rpn_cls: 0.0413, loss_rpn_bbox: 0.0246, loss_cls: 0.2688, acc: 91.2222, loss_bbox: 0.2178, loss: 0.5526
2021-12-09 16:33:41,648 - mmdet - INFO - Epoch [2][1100/3750]	lr: 1.000e-02, eta: 7:31:28, time: 0.659, data_time: 0.342, memory: 3717, loss_rpn_cls: 0.0440, loss_rpn_bbox: 0.0255, loss_cls: 0.2422, acc: 92.0327, loss_bbox: 0.1996, loss: 0.5113
2021-12-09 16:34:15,032 - mmdet - INFO - Epoch [2][1150/3750]	lr: 1.000e-02, eta: 7:30:42, time: 0.668, data_time: 0.352, memory: 3717, loss_rpn_cls: 0.0429, loss_rpn_bbox: 0.0239, loss_cls: 0.2411, acc: 92.1572, loss_bbox: 0.1911, loss: 0.4990
2021-12-09 16:34:48,019 - mmdet - INFO - Epoch [2][1200/3750]	lr: 1.000e-02, eta: 7:29:44, time: 0.660, data_time: 0.343, memory: 3717, loss_rpn_cls: 0.0458, loss_rpn_bbox: 0.0247, loss_cls: 0.2446, acc: 91.9092, loss_bbox: 0.2002, loss: 0.5154
2021-12-09 16:35:21,761 - mmdet - INFO - Exp name: tct_full_e50.py
2021-12-09 16:35:21,762 - mmdet - INFO - Epoch [2][1250/3750]	lr: 1.000e-02, eta: 7:29:12, time: 0.675, data_time: 0.349, memory: 3717, loss_rpn_cls: 0.0426, loss_rpn_bbox: 0.0244, loss_cls: 0.2433, acc: 91.9922, loss_bbox: 0.2039, loss: 0.5142
2021-12-09 16:35:54,732 - mmdet - INFO - Epoch [2][1300/3750]	lr: 1.000e-02, eta: 7:28:16, time: 0.660, data_time: 0.349, memory: 3717, loss_rpn_cls: 0.0421, loss_rpn_bbox: 0.0260, loss_cls: 0.2543, acc: 91.4121, loss_bbox: 0.2171, loss: 0.5395
2021-12-09 16:36:27,989 - mmdet - INFO - Epoch [2][1350/3750]	lr: 1.000e-02, eta: 7:27:31, time: 0.665, data_time: 0.341, memory: 3717, loss_rpn_cls: 0.0440, loss_rpn_bbox: 0.0265, loss_cls: 0.2695, acc: 90.9912, loss_bbox: 0.2285, loss: 0.5685
2021-12-09 16:37:01,736 - mmdet - INFO - Epoch [2][1400/3750]	lr: 1.000e-02, eta: 7:27:00, time: 0.675, data_time: 0.361, memory: 3717, loss_rpn_cls: 0.0495, loss_rpn_bbox: 0.0278, loss_cls: 0.2642, acc: 91.2651, loss_bbox: 0.2212, loss: 0.5627
2021-12-09 16:37:34,743 - mmdet - INFO - Epoch [2][1450/3750]	lr: 1.000e-02, eta: 7:26:08, time: 0.660, data_time: 0.355, memory: 3717, loss_rpn_cls: 0.0392, loss_rpn_bbox: 0.0257, loss_cls: 0.2560, acc: 91.3970, loss_bbox: 0.2156, loss: 0.5364
2021-12-09 16:38:08,413 - mmdet - INFO - Epoch [2][1500/3750]	lr: 1.000e-02, eta: 7:25:36, time: 0.673, data_time: 0.359, memory: 3717, loss_rpn_cls: 0.0445, loss_rpn_bbox: 0.0248, loss_cls: 0.2460, acc: 91.8267, loss_bbox: 0.2046, loss: 0.5199
2021-12-09 16:38:41,991 - mmdet - INFO - Epoch [2][1550/3750]	lr: 1.000e-02, eta: 7:25:01, time: 0.671, data_time: 0.367, memory: 3717, loss_rpn_cls: 0.0474, loss_rpn_bbox: 0.0273, loss_cls: 0.2508, acc: 91.6372, loss_bbox: 0.2119, loss: 0.5374
2021-12-09 16:39:15,530 - mmdet - INFO - Epoch [2][1600/3750]	lr: 1.000e-02, eta: 7:24:25, time: 0.671, data_time: 0.369, memory: 3717, loss_rpn_cls: 0.0431, loss_rpn_bbox: 0.0257, loss_cls: 0.2572, acc: 91.5024, loss_bbox: 0.2046, loss: 0.5306
2021-12-09 16:39:49,089 - mmdet - INFO - Epoch [2][1650/3750]	lr: 1.000e-02, eta: 7:23:50, time: 0.671, data_time: 0.363, memory: 3717, loss_rpn_cls: 0.0410, loss_rpn_bbox: 0.0250, loss_cls: 0.2412, acc: 92.1367, loss_bbox: 0.1953, loss: 0.5025
2021-12-09 16:40:22,430 - mmdet - INFO - Epoch [2][1700/3750]	lr: 1.000e-02, eta: 7:23:09, time: 0.667, data_time: 0.351, memory: 3717, loss_rpn_cls: 0.0434, loss_rpn_bbox: 0.0257, loss_cls: 0.2621, acc: 91.4805, loss_bbox: 0.2047, loss: 0.5359
2021-12-09 16:40:56,096 - mmdet - INFO - Epoch [2][1750/3750]	lr: 1.000e-02, eta: 7:22:37, time: 0.673, data_time: 0.351, memory: 3717, loss_rpn_cls: 0.0413, loss_rpn_bbox: 0.0250, loss_cls: 0.2660, acc: 91.1196, loss_bbox: 0.2197, loss: 0.5520
2021-12-09 16:41:29,439 - mmdet - INFO - Epoch [2][1800/3750]	lr: 1.000e-02, eta: 7:21:57, time: 0.667, data_time: 0.362, memory: 3717, loss_rpn_cls: 0.0428, loss_rpn_bbox: 0.0257, loss_cls: 0.2549, acc: 91.5527, loss_bbox: 0.2070, loss: 0.5304
2021-12-09 16:42:02,513 - mmdet - INFO - Epoch [2][1850/3750]	lr: 1.000e-02, eta: 7:21:12, time: 0.662, data_time: 0.354, memory: 3717, loss_rpn_cls: 0.0429, loss_rpn_bbox: 0.0262, loss_cls: 0.2490, acc: 91.8135, loss_bbox: 0.2060, loss: 0.5241
2021-12-09 16:42:35,162 - mmdet - INFO - Epoch [2][1900/3750]	lr: 1.000e-02, eta: 7:20:19, time: 0.653, data_time: 0.337, memory: 3717, loss_rpn_cls: 0.0400, loss_rpn_bbox: 0.0260, loss_cls: 0.2611, acc: 91.2822, loss_bbox: 0.2180, loss: 0.5451
2021-12-09 16:43:09,209 - mmdet - INFO - Epoch [2][1950/3750]	lr: 1.000e-02, eta: 7:19:55, time: 0.681, data_time: 0.358, memory: 3717, loss_rpn_cls: 0.0457, loss_rpn_bbox: 0.0255, loss_cls: 0.2482, acc: 91.6489, loss_bbox: 0.2090, loss: 0.5285
2021-12-09 16:43:42,377 - mmdet - INFO - Epoch [2][2000/3750]	lr: 1.000e-02, eta: 7:19:13, time: 0.663, data_time: 0.364, memory: 3717, loss_rpn_cls: 0.0411, loss_rpn_bbox: 0.0246, loss_cls: 0.2563, acc: 91.5439, loss_bbox: 0.2018, loss: 0.5237
2021-12-09 16:44:15,972 - mmdet - INFO - Epoch [2][2050/3750]	lr: 1.000e-02, eta: 7:18:40, time: 0.672, data_time: 0.361, memory: 3717, loss_rpn_cls: 0.0422, loss_rpn_bbox: 0.0250, loss_cls: 0.2515, acc: 91.8501, loss_bbox: 0.2004, loss: 0.5191
2021-12-09 16:44:48,922 - mmdet - INFO - Epoch [2][2100/3750]	lr: 1.000e-02, eta: 7:17:55, time: 0.659, data_time: 0.347, memory: 3717, loss_rpn_cls: 0.0447, loss_rpn_bbox: 0.0252, loss_cls: 0.2601, acc: 91.5107, loss_bbox: 0.2058, loss: 0.5358
2021-12-09 16:45:22,068 - mmdet - INFO - Epoch [2][2150/3750]	lr: 1.000e-02, eta: 7:17:14, time: 0.663, data_time: 0.364, memory: 3717, loss_rpn_cls: 0.0414, loss_rpn_bbox: 0.0240, loss_cls: 0.2474, acc: 91.7490, loss_bbox: 0.2038, loss: 0.5166
2021-12-09 16:45:55,026 - mmdet - INFO - Epoch [2][2200/3750]	lr: 1.000e-02, eta: 7:16:30, time: 0.659, data_time: 0.356, memory: 3717, loss_rpn_cls: 0.0399, loss_rpn_bbox: 0.0229, loss_cls: 0.2551, acc: 91.5747, loss_bbox: 0.2076, loss: 0.5255
2021-12-09 16:46:28,280 - mmdet - INFO - Exp name: tct_full_e50.py
2021-12-09 16:46:28,280 - mmdet - INFO - Epoch [2][2250/3750]	lr: 1.000e-02, eta: 7:15:52, time: 0.665, data_time: 0.356, memory: 3717, loss_rpn_cls: 0.0445, loss_rpn_bbox: 0.0238, loss_cls: 0.2573, acc: 91.4238, loss_bbox: 0.2101, loss: 0.5358
2021-12-09 16:47:01,438 - mmdet - INFO - Epoch [2][2300/3750]	lr: 1.000e-02, eta: 7:15:12, time: 0.663, data_time: 0.346, memory: 3717, loss_rpn_cls: 0.0395, loss_rpn_bbox: 0.0236, loss_cls: 0.2593, acc: 91.4556, loss_bbox: 0.2092, loss: 0.5316
2021-12-09 16:47:34,785 - mmdet - INFO - Epoch [2][2350/3750]	lr: 1.000e-02, eta: 7:14:35, time: 0.667, data_time: 0.364, memory: 3717, loss_rpn_cls: 0.0411, loss_rpn_bbox: 0.0238, loss_cls: 0.2475, acc: 91.7354, loss_bbox: 0.2094, loss: 0.5218
2021-12-09 16:48:07,806 - mmdet - INFO - Epoch [2][2400/3750]	lr: 1.000e-02, eta: 7:13:54, time: 0.660, data_time: 0.356, memory: 3717, loss_rpn_cls: 0.0424, loss_rpn_bbox: 0.0252, loss_cls: 0.2698, acc: 91.0479, loss_bbox: 0.2232, loss: 0.5606
2021-12-09 16:48:41,216 - mmdet - INFO - Epoch [2][2450/3750]	lr: 1.000e-02, eta: 7:13:19, time: 0.668, data_time: 0.354, memory: 3717, loss_rpn_cls: 0.0427, loss_rpn_bbox: 0.0235, loss_cls: 0.2602, acc: 91.3613, loss_bbox: 0.2055, loss: 0.5319
2021-12-09 16:49:13,983 - mmdet - INFO - Epoch [2][2500/3750]	lr: 1.000e-02, eta: 7:12:34, time: 0.655, data_time: 0.348, memory: 3717, loss_rpn_cls: 0.0386, loss_rpn_bbox: 0.0247, loss_cls: 0.2548, acc: 91.2617, loss_bbox: 0.2161, loss: 0.5342
2021-12-09 16:49:47,117 - mmdet - INFO - Epoch [2][2550/3750]	lr: 1.000e-02, eta: 7:11:55, time: 0.663, data_time: 0.348, memory: 3717, loss_rpn_cls: 0.0439, loss_rpn_bbox: 0.0261, loss_cls: 0.2421, acc: 91.7661, loss_bbox: 0.2130, loss: 0.5250
2021-12-09 16:50:21,710 - mmdet - INFO - Epoch [2][2600/3750]	lr: 1.000e-02, eta: 7:11:38, time: 0.692, data_time: 0.377, memory: 3717, loss_rpn_cls: 0.0450, loss_rpn_bbox: 0.0267, loss_cls: 0.2516, acc: 91.3311, loss_bbox: 0.2151, loss: 0.5384
2021-12-09 16:50:59,047 - mmdet - INFO - Epoch [2][2650/3750]	lr: 1.000e-02, eta: 7:12:00, time: 0.747, data_time: 0.424, memory: 3717, loss_rpn_cls: 0.0382, loss_rpn_bbox: 0.0228, loss_cls: 0.2433, acc: 91.8228, loss_bbox: 0.2024, loss: 0.5068
2021-12-09 16:51:36,729 - mmdet - INFO - Epoch [2][2700/3750]	lr: 1.000e-02, eta: 7:12:25, time: 0.754, data_time: 0.434, memory: 3717, loss_rpn_cls: 0.0425, loss_rpn_bbox: 0.0239, loss_cls: 0.2503, acc: 91.6650, loss_bbox: 0.2083, loss: 0.5250
2021-12-09 16:52:13,922 - mmdet - INFO - Epoch [2][2750/3750]	lr: 1.000e-02, eta: 7:12:41, time: 0.744, data_time: 0.430, memory: 3717, loss_rpn_cls: 0.0383, loss_rpn_bbox: 0.0238, loss_cls: 0.2475, acc: 91.8931, loss_bbox: 0.2066, loss: 0.5162
2021-12-09 16:52:51,381 - mmdet - INFO - Epoch [2][2800/3750]	lr: 1.000e-02, eta: 7:12:59, time: 0.749, data_time: 0.430, memory: 3717, loss_rpn_cls: 0.0418, loss_rpn_bbox: 0.0244, loss_cls: 0.2434, acc: 92.0103, loss_bbox: 0.2036, loss: 0.5132
2021-12-09 16:53:24,257 - mmdet - INFO - Epoch [2][2850/3750]	lr: 1.000e-02, eta: 7:12:13, time: 0.657, data_time: 0.355, memory: 3717, loss_rpn_cls: 0.0457, loss_rpn_bbox: 0.0261, loss_cls: 0.2679, acc: 91.1406, loss_bbox: 0.2230, loss: 0.5628
2021-12-09 16:53:57,205 - mmdet - INFO - Epoch [2][2900/3750]	lr: 1.000e-02, eta: 7:11:28, time: 0.659, data_time: 0.352, memory: 3717, loss_rpn_cls: 0.0412, loss_rpn_bbox: 0.0263, loss_cls: 0.2520, acc: 91.4790, loss_bbox: 0.2167, loss: 0.5361
2021-12-09 16:54:30,066 - mmdet - INFO - Epoch [2][2950/3750]	lr: 1.000e-02, eta: 7:10:43, time: 0.657, data_time: 0.347, memory: 3717, loss_rpn_cls: 0.0440, loss_rpn_bbox: 0.0280, loss_cls: 0.2603, acc: 91.3857, loss_bbox: 0.2091, loss: 0.5414
2021-12-09 16:55:03,090 - mmdet - INFO - Epoch [2][3000/3750]	lr: 1.000e-02, eta: 7:10:00, time: 0.661, data_time: 0.343, memory: 3717, loss_rpn_cls: 0.0342, loss_rpn_bbox: 0.0223, loss_cls: 0.2476, acc: 91.8525, loss_bbox: 0.1994, loss: 0.5035
2021-12-09 16:55:36,274 - mmdet - INFO - Epoch [2][3050/3750]	lr: 1.000e-02, eta: 7:09:20, time: 0.664, data_time: 0.342, memory: 3717, loss_rpn_cls: 0.0392, loss_rpn_bbox: 0.0234, loss_cls: 0.2540, acc: 91.5562, loss_bbox: 0.2089, loss: 0.5254
2021-12-09 16:56:09,280 - mmdet - INFO - Epoch [2][3100/3750]	lr: 1.000e-02, eta: 7:08:37, time: 0.660, data_time: 0.343, memory: 3717, loss_rpn_cls: 0.0410, loss_rpn_bbox: 0.0244, loss_cls: 0.2505, acc: 91.6572, loss_bbox: 0.2063, loss: 0.5222
2021-12-09 16:56:41,724 - mmdet - INFO - Epoch [2][3150/3750]	lr: 1.000e-02, eta: 7:07:48, time: 0.649, data_time: 0.341, memory: 3717, loss_rpn_cls: 0.0406, loss_rpn_bbox: 0.0231, loss_cls: 0.2401, acc: 92.0483, loss_bbox: 0.1952, loss: 0.4991
2021-12-09 16:57:14,362 - mmdet - INFO - Epoch [2][3200/3750]	lr: 1.000e-02, eta: 7:07:02, time: 0.653, data_time: 0.354, memory: 3717, loss_rpn_cls: 0.0423, loss_rpn_bbox: 0.0265, loss_cls: 0.2460, acc: 91.6177, loss_bbox: 0.2172, loss: 0.5320
2021-12-09 16:57:47,212 - mmdet - INFO - Exp name: tct_full_e50.py
2021-12-09 16:57:47,212 - mmdet - INFO - Epoch [2][3250/3750]	lr: 1.000e-02, eta: 7:06:19, time: 0.657, data_time: 0.351, memory: 3717, loss_rpn_cls: 0.0372, loss_rpn_bbox: 0.0251, loss_cls: 0.2472, acc: 91.7915, loss_bbox: 0.2003, loss: 0.5098
2021-12-09 16:58:20,230 - mmdet - INFO - Epoch [2][3300/3750]	lr: 1.000e-02, eta: 7:05:38, time: 0.660, data_time: 0.358, memory: 3717, loss_rpn_cls: 0.0408, loss_rpn_bbox: 0.0234, loss_cls: 0.2435, acc: 91.9570, loss_bbox: 0.1921, loss: 0.4998
2021-12-09 16:58:53,243 - mmdet - INFO - Epoch [2][3350/3750]	lr: 1.000e-02, eta: 7:04:57, time: 0.660, data_time: 0.347, memory: 3717, loss_rpn_cls: 0.0439, loss_rpn_bbox: 0.0243, loss_cls: 0.2460, acc: 91.7573, loss_bbox: 0.2054, loss: 0.5196
2021-12-09 16:59:26,374 - mmdet - INFO - Epoch [2][3400/3750]	lr: 1.000e-02, eta: 7:04:18, time: 0.662, data_time: 0.344, memory: 3717, loss_rpn_cls: 0.0413, loss_rpn_bbox: 0.0246, loss_cls: 0.2472, acc: 91.8062, loss_bbox: 0.2040, loss: 0.5171
2021-12-09 17:00:02,619 - mmdet - INFO - Epoch [2][3450/3750]	lr: 1.000e-02, eta: 7:04:13, time: 0.725, data_time: 0.403, memory: 3717, loss_rpn_cls: 0.0383, loss_rpn_bbox: 0.0239, loss_cls: 0.2497, acc: 91.5703, loss_bbox: 0.2069, loss: 0.5188
2021-12-09 17:00:40,608 - mmdet - INFO - Epoch [2][3500/3750]	lr: 1.000e-02, eta: 7:04:26, time: 0.760, data_time: 0.432, memory: 3717, loss_rpn_cls: 0.0389, loss_rpn_bbox: 0.0213, loss_cls: 0.2296, acc: 92.3550, loss_bbox: 0.1881, loss: 0.4779
2021-12-09 17:01:17,947 - mmdet - INFO - Epoch [2][3550/3750]	lr: 1.000e-02, eta: 7:04:30, time: 0.747, data_time: 0.428, memory: 3717, loss_rpn_cls: 0.0395, loss_rpn_bbox: 0.0246, loss_cls: 0.2525, acc: 91.6191, loss_bbox: 0.2099, loss: 0.5264
2021-12-09 17:01:55,957 - mmdet - INFO - Epoch [2][3600/3750]	lr: 1.000e-02, eta: 7:04:41, time: 0.760, data_time: 0.436, memory: 3717, loss_rpn_cls: 0.0379, loss_rpn_bbox: 0.0234, loss_cls: 0.2612, acc: 91.1089, loss_bbox: 0.2290, loss: 0.5514
2021-12-09 17:02:30,478 - mmdet - INFO - Epoch [2][3650/3750]	lr: 1.000e-02, eta: 7:04:14, time: 0.690, data_time: 0.380, memory: 3717, loss_rpn_cls: 0.0379, loss_rpn_bbox: 0.0239, loss_cls: 0.2615, acc: 91.4854, loss_bbox: 0.2104, loss: 0.5336
2021-12-09 17:03:03,515 - mmdet - INFO - Epoch [2][3700/3750]	lr: 1.000e-02, eta: 7:03:32, time: 0.661, data_time: 0.340, memory: 3717, loss_rpn_cls: 0.0379, loss_rpn_bbox: 0.0249, loss_cls: 0.2559, acc: 91.4888, loss_bbox: 0.2149, loss: 0.5336
2021-12-09 17:03:36,683 - mmdet - INFO - Exp name: tct_full_e50.py
2021-12-09 17:03:36,683 - mmdet - INFO - Epoch [2][3750/3750]	lr: 1.000e-02, eta: 7:02:51, time: 0.663, data_time: 0.345, memory: 3717, loss_rpn_cls: 0.0416, loss_rpn_bbox: 0.0239, loss_cls: 0.2523, acc: 91.4985, loss_bbox: 0.2110, loss: 0.5288
2021-12-09 17:03:36,684 - mmdet - INFO - Saving checkpoint at 2 epochs
2021-12-09 17:14:03,668 - mmdet - INFO - Evaluating bbox...
2021-12-09 17:15:17,917 - mmdet - INFO - Exp name: tct_full_e50.py
2021-12-09 17:15:17,918 - mmdet - INFO - Epoch(val) [2][3750]	bbox_mAP: 0.1790, bbox_mAP_50: 0.3550, bbox_mAP_75: 0.1590, bbox_mAP_s: -1.0000, bbox_mAP_m: 0.0480, bbox_mAP_l: 0.1880, bbox_mAP_copypaste: 0.179 0.355 0.159 -1.000 0.048 0.188
2021-12-09 17:15:53,465 - mmdet - INFO - Epoch [3][50/3750]	lr: 1.000e-02, eta: 7:02:34, time: 0.709, data_time: 0.407, memory: 3717, loss_rpn_cls: 0.0342, loss_rpn_bbox: 0.0234, loss_cls: 0.2458, acc: 91.6255, loss_bbox: 0.2053, loss: 0.5086
2021-12-09 17:16:26,539 - mmdet - INFO - Epoch [3][100/3750]	lr: 1.000e-02, eta: 7:01:52, time: 0.661, data_time: 0.366, memory: 3717, loss_rpn_cls: 0.0370, loss_rpn_bbox: 0.0234, loss_cls: 0.2394, acc: 91.7593, loss_bbox: 0.2020, loss: 0.5018
2021-12-09 17:16:59,790 - mmdet - INFO - Epoch [3][150/3750]	lr: 1.000e-02, eta: 7:01:13, time: 0.665, data_time: 0.365, memory: 3717, loss_rpn_cls: 0.0386, loss_rpn_bbox: 0.0229, loss_cls: 0.2363, acc: 92.1680, loss_bbox: 0.1936, loss: 0.4914
2021-12-09 17:17:33,156 - mmdet - INFO - Epoch [3][200/3750]	lr: 1.000e-02, eta: 7:00:34, time: 0.667, data_time: 0.368, memory: 3717, loss_rpn_cls: 0.0416, loss_rpn_bbox: 0.0230, loss_cls: 0.2384, acc: 91.9424, loss_bbox: 0.1970, loss: 0.4999
2021-12-09 17:18:06,317 - mmdet - INFO - Epoch [3][250/3750]	lr: 1.000e-02, eta: 6:59:54, time: 0.663, data_time: 0.363, memory: 3717, loss_rpn_cls: 0.0354, loss_rpn_bbox: 0.0230, loss_cls: 0.2466, acc: 91.8286, loss_bbox: 0.1992, loss: 0.5042
2021-12-09 17:18:39,645 - mmdet - INFO - Epoch [3][300/3750]	lr: 1.000e-02, eta: 6:59:16, time: 0.667, data_time: 0.372, memory: 3717, loss_rpn_cls: 0.0357, loss_rpn_bbox: 0.0213, loss_cls: 0.2305, acc: 92.2603, loss_bbox: 0.1968, loss: 0.4843
2021-12-09 17:19:12,940 - mmdet - INFO - Epoch [3][350/3750]	lr: 1.000e-02, eta: 6:58:38, time: 0.666, data_time: 0.364, memory: 3717, loss_rpn_cls: 0.0388, loss_rpn_bbox: 0.0224, loss_cls: 0.2296, acc: 92.1782, loss_bbox: 0.1913, loss: 0.4821
2021-12-09 17:19:46,185 - mmdet - INFO - Epoch [3][400/3750]	lr: 1.000e-02, eta: 6:57:59, time: 0.665, data_time: 0.364, memory: 3717, loss_rpn_cls: 0.0349, loss_rpn_bbox: 0.0221, loss_cls: 0.2436, acc: 91.6714, loss_bbox: 0.2026, loss: 0.5032
2021-12-09 17:20:19,511 - mmdet - INFO - Epoch [3][450/3750]	lr: 1.000e-02, eta: 6:57:21, time: 0.666, data_time: 0.375, memory: 3717, loss_rpn_cls: 0.0399, loss_rpn_bbox: 0.0240, loss_cls: 0.2454, acc: 91.6333, loss_bbox: 0.2038, loss: 0.5131
2021-12-09 17:20:52,732 - mmdet - INFO - Exp name: tct_full_e50.py
2021-12-09 17:20:52,733 - mmdet - INFO - Epoch [3][500/3750]	lr: 1.000e-02, eta: 6:56:42, time: 0.664, data_time: 0.359, memory: 3717, loss_rpn_cls: 0.0398, loss_rpn_bbox: 0.0245, loss_cls: 0.2429, acc: 91.8818, loss_bbox: 0.2051, loss: 0.5123
2021-12-09 17:21:25,642 - mmdet - INFO - Epoch [3][550/3750]	lr: 1.000e-02, eta: 6:56:01, time: 0.658, data_time: 0.360, memory: 3717, loss_rpn_cls: 0.0355, loss_rpn_bbox: 0.0233, loss_cls: 0.2506, acc: 91.4180, loss_bbox: 0.2078, loss: 0.5172
2021-12-09 17:21:58,751 - mmdet - INFO - Epoch [3][600/3750]	lr: 1.000e-02, eta: 6:55:21, time: 0.662, data_time: 0.372, memory: 3717, loss_rpn_cls: 0.0412, loss_rpn_bbox: 0.0254, loss_cls: 0.2543, acc: 91.3652, loss_bbox: 0.2108, loss: 0.5317
2021-12-09 17:22:32,061 - mmdet - INFO - Epoch [3][650/3750]	lr: 1.000e-02, eta: 6:54:43, time: 0.666, data_time: 0.360, memory: 3717, loss_rpn_cls: 0.0384, loss_rpn_bbox: 0.0261, loss_cls: 0.2588, acc: 91.1514, loss_bbox: 0.2209, loss: 0.5442
2021-12-09 17:23:04,897 - mmdet - INFO - Epoch [3][700/3750]	lr: 1.000e-02, eta: 6:54:02, time: 0.657, data_time: 0.359, memory: 3717, loss_rpn_cls: 0.0341, loss_rpn_bbox: 0.0218, loss_cls: 0.2286, acc: 92.0098, loss_bbox: 0.1915, loss: 0.4760
2021-12-09 17:23:38,033 - mmdet - INFO - Epoch [3][750/3750]	lr: 1.000e-02, eta: 6:53:23, time: 0.663, data_time: 0.363, memory: 3717, loss_rpn_cls: 0.0360, loss_rpn_bbox: 0.0236, loss_cls: 0.2523, acc: 91.4204, loss_bbox: 0.2108, loss: 0.5227
2021-12-09 17:24:10,987 - mmdet - INFO - Epoch [3][800/3750]	lr: 1.000e-02, eta: 6:52:43, time: 0.659, data_time: 0.365, memory: 3717, loss_rpn_cls: 0.0385, loss_rpn_bbox: 0.0244, loss_cls: 0.2502, acc: 91.5654, loss_bbox: 0.2014, loss: 0.5146
2021-12-09 17:24:44,068 - mmdet - INFO - Epoch [3][850/3750]	lr: 1.000e-02, eta: 6:52:04, time: 0.662, data_time: 0.358, memory: 3717, loss_rpn_cls: 0.0371, loss_rpn_bbox: 0.0241, loss_cls: 0.2441, acc: 91.7676, loss_bbox: 0.2034, loss: 0.5087
2021-12-09 17:25:17,551 - mmdet - INFO - Epoch [3][900/3750]	lr: 1.000e-02, eta: 6:51:28, time: 0.670, data_time: 0.368, memory: 3717, loss_rpn_cls: 0.0383, loss_rpn_bbox: 0.0250, loss_cls: 0.2352, acc: 91.8867, loss_bbox: 0.2002, loss: 0.4986
2021-12-09 17:25:50,704 - mmdet - INFO - Epoch [3][950/3750]	lr: 1.000e-02, eta: 6:50:50, time: 0.663, data_time: 0.361, memory: 3717, loss_rpn_cls: 0.0352, loss_rpn_bbox: 0.0245, loss_cls: 0.2497, acc: 91.4468, loss_bbox: 0.2059, loss: 0.5154
2021-12-09 17:26:23,808 - mmdet - INFO - Epoch [3][1000/3750]	lr: 1.000e-02, eta: 6:50:12, time: 0.662, data_time: 0.364, memory: 3717, loss_rpn_cls: 0.0372, loss_rpn_bbox: 0.0245, loss_cls: 0.2452, acc: 91.6133, loss_bbox: 0.2138, loss: 0.5207
2021-12-09 17:26:57,116 - mmdet - INFO - Epoch [3][1050/3750]	lr: 1.000e-02, eta: 6:49:35, time: 0.666, data_time: 0.352, memory: 3717, loss_rpn_cls: 0.0374, loss_rpn_bbox: 0.0247, loss_cls: 0.2544, acc: 91.1201, loss_bbox: 0.2182, loss: 0.5347
2021-12-09 17:27:30,286 - mmdet - INFO - Epoch [3][1100/3750]	lr: 1.000e-02, eta: 6:48:57, time: 0.663, data_time: 0.369, memory: 3717, loss_rpn_cls: 0.0373, loss_rpn_bbox: 0.0244, loss_cls: 0.2597, acc: 91.3501, loss_bbox: 0.2138, loss: 0.5353
2021-12-09 17:28:03,705 - mmdet - INFO - Epoch [3][1150/3750]	lr: 1.000e-02, eta: 6:48:21, time: 0.668, data_time: 0.357, memory: 3717, loss_rpn_cls: 0.0372, loss_rpn_bbox: 0.0239, loss_cls: 0.2445, acc: 91.8696, loss_bbox: 0.2019, loss: 0.5076
2021-12-09 17:28:36,946 - mmdet - INFO - Epoch [3][1200/3750]	lr: 1.000e-02, eta: 6:47:44, time: 0.665, data_time: 0.352, memory: 3717, loss_rpn_cls: 0.0387, loss_rpn_bbox: 0.0260, loss_cls: 0.2492, acc: 91.5278, loss_bbox: 0.2124, loss: 0.5263
2021-12-09 17:29:10,271 - mmdet - INFO - Epoch [3][1250/3750]	lr: 1.000e-02, eta: 6:47:08, time: 0.666, data_time: 0.351, memory: 3717, loss_rpn_cls: 0.0343, loss_rpn_bbox: 0.0227, loss_cls: 0.2437, acc: 91.6123, loss_bbox: 0.2047, loss: 0.5054
2021-12-09 17:29:43,260 - mmdet - INFO - Epoch [3][1300/3750]	lr: 1.000e-02, eta: 6:46:29, time: 0.660, data_time: 0.353, memory: 3717, loss_rpn_cls: 0.0350, loss_rpn_bbox: 0.0227, loss_cls: 0.2454, acc: 91.7720, loss_bbox: 0.2021, loss: 0.5052
2021-12-09 17:30:16,313 - mmdet - INFO - Epoch [3][1350/3750]	lr: 1.000e-02, eta: 6:45:51, time: 0.661, data_time: 0.358, memory: 3717, loss_rpn_cls: 0.0389, loss_rpn_bbox: 0.0259, loss_cls: 0.2475, acc: 91.4839, loss_bbox: 0.2119, loss: 0.5242
2021-12-09 17:30:49,518 - mmdet - INFO - Epoch [3][1400/3750]	lr: 1.000e-02, eta: 6:45:14, time: 0.664, data_time: 0.360, memory: 3717, loss_rpn_cls: 0.0360, loss_rpn_bbox: 0.0230, loss_cls: 0.2463, acc: 91.7544, loss_bbox: 0.1945, loss: 0.4997
