2021-12-11 13:22:38,068 - mmdet - INFO - Environment info:
------------------------------------------------------------
sys.platform: linux
Python: 3.7.9 (default, Aug 31 2020, 12:42:55) [GCC 7.3.0]
CUDA available: True
GPU 0,1,2,3: GeForce RTX 2080 Ti
CUDA_HOME: /usr/local/cuda
NVCC: Cuda compilation tools, release 10.0, V10.0.130
GCC: gcc (Ubuntu 5.4.0-6ubuntu1~16.04.11) 5.4.0 20160609
PyTorch: 1.6.0
PyTorch compiling details: PyTorch built with:
  - GCC 7.3
  - C++ Version: 201402
  - Intel(R) Math Kernel Library Version 2020.0.2 Product Build 20200624 for Intel(R) 64 architecture applications
  - Intel(R) MKL-DNN v1.5.0 (Git Hash e2ac1fac44c5078ca927cb9b90e1b3066a0b2ed0)
  - OpenMP 201511 (a.k.a. OpenMP 4.5)
  - NNPACK is enabled
  - CPU capability usage: AVX2
  - CUDA Runtime 10.2
  - NVCC architecture flags: -gencode;arch=compute_37,code=sm_37;-gencode;arch=compute_50,code=sm_50;-gencode;arch=compute_60,code=sm_60;-gencode;arch=compute_61,code=sm_61;-gencode;arch=compute_70,code=sm_70;-gencode;arch=compute_75,code=sm_75;-gencode;arch=compute_37,code=compute_37
  - CuDNN 7.6.5
  - Magma 2.5.2
  - Build settings: BLAS=MKL, BUILD_TYPE=Release, CXX_FLAGS= -Wno-deprecated -fvisibility-inlines-hidden -DUSE_PTHREADPOOL -fopenmp -DNDEBUG -DUSE_FBGEMM -DUSE_QNNPACK -DUSE_PYTORCH_QNNPACK -DUSE_XNNPACK -DUSE_VULKAN_WRAPPER -O2 -fPIC -Wno-narrowing -Wall -Wextra -Werror=return-type -Wno-missing-field-initializers -Wno-type-limits -Wno-array-bounds -Wno-unknown-pragmas -Wno-sign-compare -Wno-unused-parameter -Wno-unused-variable -Wno-unused-function -Wno-unused-result -Wno-unused-local-typedefs -Wno-strict-overflow -Wno-strict-aliasing -Wno-error=deprecated-declarations -Wno-stringop-overflow -Wno-error=pedantic -Wno-error=redundant-decls -Wno-error=old-style-cast -fdiagnostics-color=always -faligned-new -Wno-unused-but-set-variable -Wno-maybe-uninitialized -fno-math-errno -fno-trapping-math -Werror=format -Wno-stringop-overflow, PERF_WITH_AVX=1, PERF_WITH_AVX2=1, PERF_WITH_AVX512=1, USE_CUDA=ON, USE_EXCEPTION_PTR=1, USE_GFLAGS=OFF, USE_GLOG=OFF, USE_MKL=ON, USE_MKLDNN=ON, USE_MPI=OFF, USE_NCCL=ON, USE_NNPACK=ON, USE_OPENMP=ON, USE_STATIC_DISPATCH=OFF, 

TorchVision: 0.7.0
OpenCV: 4.4.0
MMCV: 1.3.3
MMCV Compiler: GCC 7.3
MMCV CUDA Compiler: 10.2
MMDetection: 2.12.0+
------------------------------------------------------------

2021-12-11 13:22:38,520 - mmdet - INFO - Distributed training: True
2021-12-11 13:22:38,960 - mmdet - INFO - Config:
model = dict(
    type='FasterRCNN',
    pretrained='../mmclassification/work_dirs/mixup/epoch_100_pretrained.pth',
    backbone=dict(
        type='ResNet',
        depth=50,
        num_stages=4,
        out_indices=(0, 1, 2, 3),
        frozen_stages=1,
        norm_cfg=dict(type='BN', requires_grad=True),
        norm_eval=True,
        style='pytorch'),
    neck=dict(
        type='FPN',
        in_channels=[256, 512, 1024, 2048],
        out_channels=256,
        num_outs=5),
    rpn_head=dict(
        type='RPNHead',
        in_channels=256,
        feat_channels=256,
        anchor_generator=dict(
            type='AnchorGenerator',
            scales=[8],
            ratios=[0.5, 1.0, 2.0],
            strides=[4, 8, 16, 32, 64]),
        bbox_coder=dict(
            type='DeltaXYWHBBoxCoder',
            target_means=[0.0, 0.0, 0.0, 0.0],
            target_stds=[1.0, 1.0, 1.0, 1.0]),
        loss_cls=dict(
            type='CrossEntropyLoss', use_sigmoid=True, loss_weight=1.0),
        loss_bbox=dict(type='L1Loss', loss_weight=1.0)),
    roi_head=dict(
        type='StandardRoIHead',
        bbox_roi_extractor=dict(
            type='SingleRoIExtractor',
            roi_layer=dict(type='RoIAlign', output_size=7, sampling_ratio=0),
            out_channels=256,
            featmap_strides=[4, 8, 16, 32]),
        bbox_head=dict(
            type='Shared2FCBBoxHead',
            in_channels=256,
            fc_out_channels=1024,
            roi_feat_size=7,
            num_classes=10,
            bbox_coder=dict(
                type='DeltaXYWHBBoxCoder',
                target_means=[0.0, 0.0, 0.0, 0.0],
                target_stds=[0.1, 0.1, 0.2, 0.2]),
            reg_class_agnostic=False,
            loss_cls=dict(
                type='CrossEntropyLoss', use_sigmoid=False, loss_weight=1.0),
            loss_bbox=dict(type='L1Loss', loss_weight=1.0))))
train_cfg = dict(
    rpn=dict(
        assigner=dict(
            type='MaxIoUAssigner',
            pos_iou_thr=0.7,
            neg_iou_thr=0.3,
            min_pos_iou=0.3,
            match_low_quality=True,
            ignore_iof_thr=-1),
        sampler=dict(
            type='RandomSampler',
            num=256,
            pos_fraction=0.5,
            neg_pos_ub=-1,
            add_gt_as_proposals=False),
        allowed_border=-1,
        pos_weight=-1,
        debug=False),
    rpn_proposal=dict(
        nms_across_levels=False,
        nms_pre=2000,
        nms_post=1000,
        max_num=1000,
        nms_thr=0.7,
        min_bbox_size=0),
    rcnn=dict(
        assigner=dict(
            type='MaxIoUAssigner',
            pos_iou_thr=0.5,
            neg_iou_thr=0.5,
            min_pos_iou=0.5,
            match_low_quality=False,
            ignore_iof_thr=-1),
        sampler=dict(
            type='RandomSampler',
            num=512,
            pos_fraction=0.25,
            neg_pos_ub=-1,
            add_gt_as_proposals=True),
        pos_weight=-1,
        debug=False))
test_cfg = dict(
    rpn=dict(
        nms_across_levels=False,
        nms_pre=1000,
        nms_post=1000,
        max_num=1000,
        nms_thr=0.7,
        min_bbox_size=0),
    rcnn=dict(
        score_thr=0.05,
        nms=dict(type='nms', iou_threshold=0.5),
        max_per_img=100))
dataset_type = 'CocoDataset'
data_root = 'data/coco/'
annotations_root = '../data/TCT_30000/'
image_root = '../data/TCT_30000/'
classes = ('normal', 'ascus', 'asch', 'lsil', 'hsil_scc_omn',
           'agc_adenocarcinoma_em', 'vaginalis', 'monilia',
           'dysbacteriosis_herpes_act', 'ec')
img_norm_cfg = dict(
    mean=[123.675, 116.28, 103.53], std=[58.395, 57.12, 57.375], to_rgb=True)
train_pipeline = [
    dict(type='LoadImageFromFile'),
    dict(type='LoadAnnotations', with_bbox=True),
    dict(type='Resize', img_scale=(1333, 800), keep_ratio=True),
    dict(type='RandomFlip', flip_ratio=0.5),
    dict(
        type='Normalize',
        mean=[123.675, 116.28, 103.53],
        std=[58.395, 57.12, 57.375],
        to_rgb=True),
    dict(type='Pad', size_divisor=32),
    dict(type='DefaultFormatBundle'),
    dict(type='Collect', keys=['img', 'gt_bboxes', 'gt_labels'])
]
test_pipeline = [
    dict(type='LoadImageFromFile'),
    dict(
        type='MultiScaleFlipAug',
        img_scale=(1333, 800),
        flip=False,
        transforms=[
            dict(type='Resize', keep_ratio=True),
            dict(type='RandomFlip'),
            dict(
                type='Normalize',
                mean=[123.675, 116.28, 103.53],
                std=[58.395, 57.12, 57.375],
                to_rgb=True),
            dict(type='Pad', size_divisor=32),
            dict(type='ImageToTensor', keys=['img']),
            dict(type='Collect', keys=['img'])
        ])
]
data = dict(
    samples_per_gpu=2,
    workers_per_gpu=0,
    train=dict(
        type='CocoDataset',
        classes=('normal', 'ascus', 'asch', 'lsil', 'hsil_scc_omn',
                 'agc_adenocarcinoma_em', 'vaginalis', 'monilia',
                 'dysbacteriosis_herpes_act', 'ec'),
        ann_file='../data/TCT_30000/train30000-cat10.json',
        img_prefix='../data/TCT_30000/',
        pipeline=[
            dict(type='LoadImageFromFile'),
            dict(type='LoadAnnotations', with_bbox=True),
            dict(type='Resize', img_scale=(1333, 800), keep_ratio=True),
            dict(type='RandomFlip', flip_ratio=0.5),
            dict(
                type='Normalize',
                mean=[123.675, 116.28, 103.53],
                std=[58.395, 57.12, 57.375],
                to_rgb=True),
            dict(type='Pad', size_divisor=32),
            dict(type='DefaultFormatBundle'),
            dict(type='Collect', keys=['img', 'gt_bboxes', 'gt_labels'])
        ]),
    val=dict(
        type='CocoDataset',
        classes=('normal', 'ascus', 'asch', 'lsil', 'hsil_scc_omn',
                 'agc_adenocarcinoma_em', 'vaginalis', 'monilia',
                 'dysbacteriosis_herpes_act', 'ec'),
        ann_file='../data/TCT_30000/val10000-cat10.json',
        img_prefix='../data/TCT_30000/',
        pipeline=[
            dict(type='LoadImageFromFile'),
            dict(
                type='MultiScaleFlipAug',
                img_scale=(1333, 800),
                flip=False,
                transforms=[
                    dict(type='Resize', keep_ratio=True),
                    dict(type='RandomFlip'),
                    dict(
                        type='Normalize',
                        mean=[123.675, 116.28, 103.53],
                        std=[58.395, 57.12, 57.375],
                        to_rgb=True),
                    dict(type='Pad', size_divisor=32),
                    dict(type='ImageToTensor', keys=['img']),
                    dict(type='Collect', keys=['img'])
                ])
        ]),
    test=dict(
        type='CocoDataset',
        classes=('normal', 'ascus', 'asch', 'lsil', 'hsil_scc_omn',
                 'agc_adenocarcinoma_em', 'vaginalis', 'monilia',
                 'dysbacteriosis_herpes_act', 'ec'),
        ann_file='../data/TCT_30000/test10000-cat10.json',
        img_prefix='../data/TCT_30000/',
        pipeline=[
            dict(type='LoadImageFromFile'),
            dict(
                type='MultiScaleFlipAug',
                img_scale=(1333, 800),
                flip=False,
                transforms=[
                    dict(type='Resize', keep_ratio=True),
                    dict(type='RandomFlip'),
                    dict(
                        type='Normalize',
                        mean=[123.675, 116.28, 103.53],
                        std=[58.395, 57.12, 57.375],
                        to_rgb=True),
                    dict(type='Pad', size_divisor=32),
                    dict(type='ImageToTensor', keys=['img']),
                    dict(type='Collect', keys=['img'])
                ])
        ]))
evaluation = dict(interval=1, metric='bbox')
optimizer = dict(type='SGD', lr=0.03, momentum=0.9, weight_decay=0.0001)
optimizer_config = dict(grad_clip=None)
lr_config = dict(
    policy='step',
    warmup='linear',
    warmup_iters=500,
    warmup_ratio=0.001,
    step=[8, 11])
runner = dict(type='EpochBasedRunner', max_epochs=12)
checkpoint_config = dict(interval=1)
log_config = dict(interval=50, hooks=[dict(type='TextLoggerHook')])
custom_hooks = [dict(type='NumClassCheckHook')]
dist_params = dict(backend='nccl')
log_level = 'INFO'
load_from = None
resume_from = None
workflow = [('train', 1)]
work_dir = './work_dirs/tct_mixup_e100_lrx3'
gpu_ids = range(0, 4)

2021-12-11 13:23:08,263 - mmdet - INFO - Start running, host: root@cdbb6ec1461b, work_dir: /root/userfolder/mmdetection/work_dirs/tct_mixup_e100_lrx3
2021-12-11 13:23:08,263 - mmdet - INFO - workflow: [('train', 1)], max: 12 epochs
2021-12-11 13:24:07,762 - mmdet - INFO - Epoch [1][50/3750]	lr: 2.967e-03, eta: 14:48:20, time: 1.186, data_time: 0.519, memory: 3718, loss_rpn_cls: 0.4427, loss_rpn_bbox: 0.0442, loss_cls: 0.2931, acc: 93.4209, loss_bbox: 0.0440, loss: 0.8240
2021-12-11 13:24:56,304 - mmdet - INFO - Epoch [1][100/3750]	lr: 5.964e-03, eta: 13:27:32, time: 0.972, data_time: 0.442, memory: 3719, loss_rpn_cls: 0.1805, loss_rpn_bbox: 0.0444, loss_cls: 0.2326, acc: 96.3467, loss_bbox: 0.1195, loss: 0.5770
2021-12-11 13:25:40,661 - mmdet - INFO - Epoch [1][150/3750]	lr: 8.961e-03, eta: 12:38:52, time: 0.887, data_time: 0.423, memory: 3719, loss_rpn_cls: 0.1331, loss_rpn_bbox: 0.0406, loss_cls: 0.3496, acc: 93.6206, loss_bbox: 0.2197, loss: 0.7430
2021-12-11 13:26:24,521 - mmdet - INFO - Epoch [1][200/3750]	lr: 1.196e-02, eta: 12:12:06, time: 0.876, data_time: 0.403, memory: 3719, loss_rpn_cls: 0.1043, loss_rpn_bbox: 0.0388, loss_cls: 0.3829, acc: 92.3667, loss_bbox: 0.2469, loss: 0.7729
2021-12-11 13:27:09,616 - mmdet - INFO - Epoch [1][250/3750]	lr: 1.496e-02, eta: 11:59:28, time: 0.901, data_time: 0.411, memory: 3719, loss_rpn_cls: 0.0907, loss_rpn_bbox: 0.0382, loss_cls: 0.3608, acc: 92.0039, loss_bbox: 0.2419, loss: 0.7316
2021-12-11 13:28:01,835 - mmdet - INFO - Epoch [1][300/3750]	lr: 1.795e-02, eta: 12:08:39, time: 1.045, data_time: 0.402, memory: 3719, loss_rpn_cls: 0.0879, loss_rpn_bbox: 0.0374, loss_cls: 0.3650, acc: 91.5542, loss_bbox: 0.2499, loss: 0.7402
2021-12-11 13:28:45,731 - mmdet - INFO - Epoch [1][350/3750]	lr: 2.095e-02, eta: 11:57:15, time: 0.879, data_time: 0.407, memory: 3726, loss_rpn_cls: 0.0852, loss_rpn_bbox: 0.0346, loss_cls: 0.3801, acc: 91.2642, loss_bbox: 0.2516, loss: 0.7515
2021-12-11 13:29:32,837 - mmdet - INFO - Epoch [1][400/3750]	lr: 2.395e-02, eta: 11:54:19, time: 0.941, data_time: 0.397, memory: 3726, loss_rpn_cls: 0.0737, loss_rpn_bbox: 0.0347, loss_cls: 0.3568, acc: 91.1611, loss_bbox: 0.2449, loss: 0.7101
2021-12-11 13:30:17,121 - mmdet - INFO - Epoch [1][450/3750]	lr: 2.694e-02, eta: 11:47:15, time: 0.885, data_time: 0.392, memory: 3726, loss_rpn_cls: 0.0713, loss_rpn_bbox: 0.0343, loss_cls: 0.3804, acc: 90.9009, loss_bbox: 0.2491, loss: 0.7351
2021-12-11 13:31:00,413 - mmdet - INFO - Epoch [1][500/3750]	lr: 2.994e-02, eta: 11:40:04, time: 0.866, data_time: 0.424, memory: 3726, loss_rpn_cls: 0.0797, loss_rpn_bbox: 0.0379, loss_cls: 0.3878, acc: 90.5542, loss_bbox: 0.2580, loss: 0.7634
2021-12-11 13:31:44,800 - mmdet - INFO - Epoch [1][550/3750]	lr: 3.000e-02, eta: 11:35:34, time: 0.889, data_time: 0.399, memory: 3726, loss_rpn_cls: 0.0743, loss_rpn_bbox: 0.0325, loss_cls: 0.3600, acc: 91.1509, loss_bbox: 0.2359, loss: 0.7028
2021-12-11 13:32:34,378 - mmdet - INFO - Epoch [1][600/3750]	lr: 3.000e-02, eta: 11:38:02, time: 0.992, data_time: 0.409, memory: 3728, loss_rpn_cls: 0.0735, loss_rpn_bbox: 0.0337, loss_cls: 0.3424, acc: 90.9424, loss_bbox: 0.2320, loss: 0.6816
2021-12-11 13:33:22,881 - mmdet - INFO - Epoch [1][650/3750]	lr: 3.000e-02, eta: 11:38:48, time: 0.971, data_time: 0.408, memory: 3728, loss_rpn_cls: 0.0633, loss_rpn_bbox: 0.0329, loss_cls: 0.3690, acc: 90.1079, loss_bbox: 0.2531, loss: 0.7183
2021-12-11 13:34:06,480 - mmdet - INFO - Epoch [1][700/3750]	lr: 3.000e-02, eta: 11:33:58, time: 0.869, data_time: 0.422, memory: 3728, loss_rpn_cls: 0.0730, loss_rpn_bbox: 0.0321, loss_cls: 0.3305, acc: 91.1250, loss_bbox: 0.2192, loss: 0.6549
2021-12-11 13:34:51,078 - mmdet - INFO - Epoch [1][750/3750]	lr: 3.000e-02, eta: 11:30:50, time: 0.892, data_time: 0.405, memory: 3728, loss_rpn_cls: 0.0692, loss_rpn_bbox: 0.0322, loss_cls: 0.3206, acc: 91.4224, loss_bbox: 0.2215, loss: 0.6435
2021-12-11 13:35:38,922 - mmdet - INFO - Epoch [1][800/3750]	lr: 3.000e-02, eta: 11:31:00, time: 0.957, data_time: 0.410, memory: 3728, loss_rpn_cls: 0.0655, loss_rpn_bbox: 0.0316, loss_cls: 0.3463, acc: 90.3901, loss_bbox: 0.2405, loss: 0.6839
2021-12-11 13:36:21,872 - mmdet - INFO - Epoch [1][850/3750]	lr: 3.000e-02, eta: 11:26:49, time: 0.859, data_time: 0.432, memory: 3728, loss_rpn_cls: 0.0604, loss_rpn_bbox: 0.0294, loss_cls: 0.3287, acc: 90.8618, loss_bbox: 0.2284, loss: 0.6469
2021-12-11 13:37:05,346 - mmdet - INFO - Epoch [1][900/3750]	lr: 3.000e-02, eta: 11:23:24, time: 0.869, data_time: 0.420, memory: 3728, loss_rpn_cls: 0.0636, loss_rpn_bbox: 0.0338, loss_cls: 0.3507, acc: 90.2920, loss_bbox: 0.2436, loss: 0.6917
2021-12-11 13:37:48,801 - mmdet - INFO - Epoch [1][950/3750]	lr: 3.000e-02, eta: 11:20:21, time: 0.871, data_time: 0.414, memory: 3728, loss_rpn_cls: 0.0624, loss_rpn_bbox: 0.0315, loss_cls: 0.3334, acc: 90.9917, loss_bbox: 0.2272, loss: 0.6545
2021-12-11 13:38:32,301 - mmdet - INFO - Exp name: tct_mixup_e100_lrx3.py
2021-12-11 13:38:32,302 - mmdet - INFO - Epoch [1][1000/3750]	lr: 3.000e-02, eta: 11:17:28, time: 0.869, data_time: 0.408, memory: 3728, loss_rpn_cls: 0.0600, loss_rpn_bbox: 0.0320, loss_cls: 0.3390, acc: 90.3296, loss_bbox: 0.2354, loss: 0.6664
2021-12-11 13:39:16,600 - mmdet - INFO - Epoch [1][1050/3750]	lr: 3.000e-02, eta: 11:15:23, time: 0.886, data_time: 0.417, memory: 3728, loss_rpn_cls: 0.0591, loss_rpn_bbox: 0.0310, loss_cls: 0.3347, acc: 90.3442, loss_bbox: 0.2418, loss: 0.6665
2021-12-11 13:40:00,020 - mmdet - INFO - Epoch [1][1100/3750]	lr: 3.000e-02, eta: 11:12:49, time: 0.868, data_time: 0.432, memory: 3728, loss_rpn_cls: 0.0574, loss_rpn_bbox: 0.0294, loss_cls: 0.3145, acc: 91.0605, loss_bbox: 0.2238, loss: 0.6251
2021-12-11 13:40:43,572 - mmdet - INFO - Epoch [1][1150/3750]	lr: 3.000e-02, eta: 11:10:33, time: 0.872, data_time: 0.433, memory: 3728, loss_rpn_cls: 0.0595, loss_rpn_bbox: 0.0316, loss_cls: 0.3155, acc: 90.9414, loss_bbox: 0.2270, loss: 0.6337
2021-12-11 13:41:27,262 - mmdet - INFO - Epoch [1][1200/3750]	lr: 3.000e-02, eta: 11:08:27, time: 0.874, data_time: 0.422, memory: 3728, loss_rpn_cls: 0.0517, loss_rpn_bbox: 0.0278, loss_cls: 0.3177, acc: 90.6978, loss_bbox: 0.2310, loss: 0.6281
2021-12-11 13:42:10,723 - mmdet - INFO - Epoch [1][1250/3750]	lr: 3.000e-02, eta: 11:06:19, time: 0.869, data_time: 0.425, memory: 3728, loss_rpn_cls: 0.0568, loss_rpn_bbox: 0.0289, loss_cls: 0.3017, acc: 91.2202, loss_bbox: 0.2158, loss: 0.6032
2021-12-11 13:42:53,544 - mmdet - INFO - Epoch [1][1300/3750]	lr: 3.000e-02, eta: 11:03:56, time: 0.856, data_time: 0.410, memory: 3728, loss_rpn_cls: 0.0547, loss_rpn_bbox: 0.0293, loss_cls: 0.3129, acc: 90.9531, loss_bbox: 0.2276, loss: 0.6245
2021-12-11 13:43:40,394 - mmdet - INFO - Epoch [1][1350/3750]	lr: 3.000e-02, eta: 11:03:51, time: 0.937, data_time: 0.413, memory: 3728, loss_rpn_cls: 0.0481, loss_rpn_bbox: 0.0263, loss_cls: 0.3044, acc: 90.8618, loss_bbox: 0.2215, loss: 0.6002
2021-12-11 13:44:23,660 - mmdet - INFO - Epoch [1][1400/3750]	lr: 3.000e-02, eta: 11:01:53, time: 0.866, data_time: 0.416, memory: 3728, loss_rpn_cls: 0.0512, loss_rpn_bbox: 0.0306, loss_cls: 0.3105, acc: 90.6860, loss_bbox: 0.2286, loss: 0.6209
2021-12-11 13:45:07,878 - mmdet - INFO - Epoch [1][1450/3750]	lr: 3.000e-02, eta: 11:00:29, time: 0.885, data_time: 0.414, memory: 3728, loss_rpn_cls: 0.0516, loss_rpn_bbox: 0.0301, loss_cls: 0.2905, acc: 91.3711, loss_bbox: 0.2144, loss: 0.5866
2021-12-11 13:45:51,605 - mmdet - INFO - Epoch [1][1500/3750]	lr: 3.000e-02, eta: 10:58:50, time: 0.873, data_time: 0.423, memory: 3728, loss_rpn_cls: 0.0515, loss_rpn_bbox: 0.0290, loss_cls: 0.3135, acc: 90.5420, loss_bbox: 0.2234, loss: 0.6174
2021-12-11 13:46:45,229 - mmdet - INFO - Epoch [1][1550/3750]	lr: 3.000e-02, eta: 11:01:57, time: 1.075, data_time: 0.393, memory: 3728, loss_rpn_cls: 0.0497, loss_rpn_bbox: 0.0270, loss_cls: 0.2942, acc: 90.8359, loss_bbox: 0.2131, loss: 0.5841
2021-12-11 13:47:31,650 - mmdet - INFO - Epoch [1][1600/3750]	lr: 3.000e-02, eta: 11:00:53, time: 0.901, data_time: 0.428, memory: 3728, loss_rpn_cls: 0.0506, loss_rpn_bbox: 0.0296, loss_cls: 0.3146, acc: 90.6060, loss_bbox: 0.2297, loss: 0.6244
2021-12-11 13:48:18,198 - mmdet - INFO - Epoch [1][1650/3750]	lr: 3.000e-02, eta: 11:01:03, time: 0.956, data_time: 0.450, memory: 3728, loss_rpn_cls: 0.0498, loss_rpn_bbox: 0.0288, loss_cls: 0.2934, acc: 91.3164, loss_bbox: 0.2113, loss: 0.5833
2021-12-11 13:49:02,707 - mmdet - INFO - Epoch [1][1700/3750]	lr: 3.000e-02, eta: 10:59:48, time: 0.892, data_time: 0.426, memory: 3728, loss_rpn_cls: 0.0470, loss_rpn_bbox: 0.0283, loss_cls: 0.3060, acc: 90.5825, loss_bbox: 0.2366, loss: 0.6178
2021-12-11 13:49:50,243 - mmdet - INFO - Epoch [1][1750/3750]	lr: 3.000e-02, eta: 10:59:45, time: 0.948, data_time: 0.392, memory: 3728, loss_rpn_cls: 0.0502, loss_rpn_bbox: 0.0290, loss_cls: 0.2876, acc: 91.2144, loss_bbox: 0.2157, loss: 0.5826
2021-12-11 13:50:34,061 - mmdet - INFO - Epoch [1][1800/3750]	lr: 3.000e-02, eta: 10:58:13, time: 0.877, data_time: 0.419, memory: 3728, loss_rpn_cls: 0.0482, loss_rpn_bbox: 0.0294, loss_cls: 0.2994, acc: 90.6470, loss_bbox: 0.2294, loss: 0.6064
2021-12-11 13:51:17,924 - mmdet - INFO - Epoch [1][1850/3750]	lr: 3.000e-02, eta: 10:56:44, time: 0.877, data_time: 0.424, memory: 3728, loss_rpn_cls: 0.0499, loss_rpn_bbox: 0.0286, loss_cls: 0.2976, acc: 90.9995, loss_bbox: 0.2139, loss: 0.5900
2021-12-11 13:52:01,320 - mmdet - INFO - Epoch [1][1900/3750]	lr: 3.000e-02, eta: 10:55:07, time: 0.868, data_time: 0.408, memory: 3728, loss_rpn_cls: 0.0468, loss_rpn_bbox: 0.0248, loss_cls: 0.2769, acc: 91.7153, loss_bbox: 0.1990, loss: 0.5475
2021-12-11 13:52:44,256 - mmdet - INFO - Epoch [1][1950/3750]	lr: 3.000e-02, eta: 10:53:25, time: 0.861, data_time: 0.414, memory: 3728, loss_rpn_cls: 0.0464, loss_rpn_bbox: 0.0254, loss_cls: 0.2858, acc: 91.5269, loss_bbox: 0.2057, loss: 0.5633
2021-12-11 13:53:27,401 - mmdet - INFO - Exp name: tct_mixup_e100_lrx3.py
2021-12-11 13:53:27,402 - mmdet - INFO - Epoch [1][2000/3750]	lr: 3.000e-02, eta: 10:51:48, time: 0.863, data_time: 0.421, memory: 3728, loss_rpn_cls: 0.0517, loss_rpn_bbox: 0.0289, loss_cls: 0.2837, acc: 91.3955, loss_bbox: 0.2123, loss: 0.5766
2021-12-11 13:54:10,561 - mmdet - INFO - Epoch [1][2050/3750]	lr: 3.000e-02, eta: 10:50:13, time: 0.863, data_time: 0.420, memory: 3728, loss_rpn_cls: 0.0422, loss_rpn_bbox: 0.0278, loss_cls: 0.2859, acc: 91.2925, loss_bbox: 0.2064, loss: 0.5623
2021-12-11 13:54:54,195 - mmdet - INFO - Epoch [1][2100/3750]	lr: 3.000e-02, eta: 10:48:52, time: 0.873, data_time: 0.440, memory: 3728, loss_rpn_cls: 0.0487, loss_rpn_bbox: 0.0281, loss_cls: 0.2747, acc: 91.3989, loss_bbox: 0.2012, loss: 0.5527
2021-12-11 13:55:37,449 - mmdet - INFO - Epoch [1][2150/3750]	lr: 3.000e-02, eta: 10:47:24, time: 0.865, data_time: 0.442, memory: 3728, loss_rpn_cls: 0.0413, loss_rpn_bbox: 0.0284, loss_cls: 0.2784, acc: 91.2769, loss_bbox: 0.2198, loss: 0.5679
2021-12-11 13:56:21,052 - mmdet - INFO - Epoch [1][2200/3750]	lr: 3.000e-02, eta: 10:46:05, time: 0.872, data_time: 0.431, memory: 3728, loss_rpn_cls: 0.0434, loss_rpn_bbox: 0.0283, loss_cls: 0.2818, acc: 91.2769, loss_bbox: 0.2206, loss: 0.5740
2021-12-11 13:57:04,641 - mmdet - INFO - Epoch [1][2250/3750]	lr: 3.000e-02, eta: 10:44:46, time: 0.870, data_time: 0.432, memory: 3728, loss_rpn_cls: 0.0432, loss_rpn_bbox: 0.0274, loss_cls: 0.2877, acc: 91.0454, loss_bbox: 0.2236, loss: 0.5819
2021-12-11 13:57:47,581 - mmdet - INFO - Epoch [1][2300/3750]	lr: 3.000e-02, eta: 10:43:19, time: 0.861, data_time: 0.420, memory: 3728, loss_rpn_cls: 0.0415, loss_rpn_bbox: 0.0261, loss_cls: 0.2864, acc: 91.4126, loss_bbox: 0.2049, loss: 0.5589
2021-12-11 13:58:31,064 - mmdet - INFO - Epoch [1][2350/3750]	lr: 3.000e-02, eta: 10:42:04, time: 0.871, data_time: 0.414, memory: 3728, loss_rpn_cls: 0.0458, loss_rpn_bbox: 0.0277, loss_cls: 0.3000, acc: 90.9072, loss_bbox: 0.2153, loss: 0.5888
2021-12-11 13:59:15,695 - mmdet - INFO - Epoch [1][2400/3750]	lr: 3.000e-02, eta: 10:41:08, time: 0.891, data_time: 0.431, memory: 3728, loss_rpn_cls: 0.0409, loss_rpn_bbox: 0.0280, loss_cls: 0.2891, acc: 90.8042, loss_bbox: 0.2279, loss: 0.5859
2021-12-11 13:59:58,894 - mmdet - INFO - Epoch [1][2450/3750]	lr: 3.000e-02, eta: 10:39:49, time: 0.865, data_time: 0.416, memory: 3728, loss_rpn_cls: 0.0428, loss_rpn_bbox: 0.0249, loss_cls: 0.3004, acc: 90.9399, loss_bbox: 0.2154, loss: 0.5835
2021-12-11 14:00:42,761 - mmdet - INFO - Epoch [1][2500/3750]	lr: 3.000e-02, eta: 10:38:42, time: 0.876, data_time: 0.407, memory: 3728, loss_rpn_cls: 0.0498, loss_rpn_bbox: 0.0293, loss_cls: 0.2953, acc: 90.8447, loss_bbox: 0.2273, loss: 0.6017
2021-12-11 14:01:27,039 - mmdet - INFO - Epoch [1][2550/3750]	lr: 3.000e-02, eta: 10:37:44, time: 0.886, data_time: 0.416, memory: 3728, loss_rpn_cls: 0.0455, loss_rpn_bbox: 0.0292, loss_cls: 0.2902, acc: 91.0054, loss_bbox: 0.2257, loss: 0.5906
2021-12-11 14:02:10,701 - mmdet - INFO - Epoch [1][2600/3750]	lr: 3.000e-02, eta: 10:36:36, time: 0.874, data_time: 0.413, memory: 3728, loss_rpn_cls: 0.0380, loss_rpn_bbox: 0.0248, loss_cls: 0.2840, acc: 91.4429, loss_bbox: 0.2033, loss: 0.5501
2021-12-11 14:02:53,593 - mmdet - INFO - Epoch [1][2650/3750]	lr: 3.000e-02, eta: 10:35:17, time: 0.858, data_time: 0.426, memory: 3728, loss_rpn_cls: 0.0416, loss_rpn_bbox: 0.0266, loss_cls: 0.2749, acc: 91.4541, loss_bbox: 0.2049, loss: 0.5480
2021-12-11 14:03:36,779 - mmdet - INFO - Epoch [1][2700/3750]	lr: 3.000e-02, eta: 10:34:03, time: 0.863, data_time: 0.409, memory: 3728, loss_rpn_cls: 0.0398, loss_rpn_bbox: 0.0255, loss_cls: 0.2713, acc: 91.4702, loss_bbox: 0.2126, loss: 0.5493
2021-12-11 14:04:20,925 - mmdet - INFO - Epoch [1][2750/3750]	lr: 3.000e-02, eta: 10:33:06, time: 0.884, data_time: 0.426, memory: 3728, loss_rpn_cls: 0.0400, loss_rpn_bbox: 0.0266, loss_cls: 0.2632, acc: 91.6963, loss_bbox: 0.1997, loss: 0.5295
2021-12-11 14:05:04,303 - mmdet - INFO - Epoch [1][2800/3750]	lr: 3.000e-02, eta: 10:31:57, time: 0.867, data_time: 0.421, memory: 3728, loss_rpn_cls: 0.0411, loss_rpn_bbox: 0.0266, loss_cls: 0.2593, acc: 91.8677, loss_bbox: 0.1935, loss: 0.5205
2021-12-11 14:05:47,704 - mmdet - INFO - Epoch [1][2850/3750]	lr: 3.000e-02, eta: 10:30:49, time: 0.868, data_time: 0.450, memory: 3728, loss_rpn_cls: 0.0407, loss_rpn_bbox: 0.0268, loss_cls: 0.2767, acc: 91.3340, loss_bbox: 0.2096, loss: 0.5537
2021-12-11 14:06:30,467 - mmdet - INFO - Epoch [1][2900/3750]	lr: 3.000e-02, eta: 10:29:34, time: 0.855, data_time: 0.424, memory: 3728, loss_rpn_cls: 0.0435, loss_rpn_bbox: 0.0286, loss_cls: 0.2769, acc: 91.2661, loss_bbox: 0.2186, loss: 0.5675
2021-12-11 14:07:13,517 - mmdet - INFO - Epoch [1][2950/3750]	lr: 3.000e-02, eta: 10:28:22, time: 0.860, data_time: 0.425, memory: 3728, loss_rpn_cls: 0.0438, loss_rpn_bbox: 0.0252, loss_cls: 0.2675, acc: 91.7061, loss_bbox: 0.1974, loss: 0.5339
2021-12-11 14:07:56,421 - mmdet - INFO - Exp name: tct_mixup_e100_lrx3.py
2021-12-11 14:07:56,421 - mmdet - INFO - Epoch [1][3000/3750]	lr: 3.000e-02, eta: 10:27:10, time: 0.858, data_time: 0.420, memory: 3728, loss_rpn_cls: 0.0433, loss_rpn_bbox: 0.0255, loss_cls: 0.2821, acc: 91.1504, loss_bbox: 0.2133, loss: 0.5641
2021-12-11 14:08:40,601 - mmdet - INFO - Epoch [1][3050/3750]	lr: 3.000e-02, eta: 10:26:17, time: 0.883, data_time: 0.419, memory: 3728, loss_rpn_cls: 0.0397, loss_rpn_bbox: 0.0261, loss_cls: 0.2738, acc: 91.2744, loss_bbox: 0.2077, loss: 0.5473
2021-12-11 14:09:23,848 - mmdet - INFO - Epoch [1][3100/3750]	lr: 3.000e-02, eta: 10:25:12, time: 0.865, data_time: 0.430, memory: 3728, loss_rpn_cls: 0.0385, loss_rpn_bbox: 0.0264, loss_cls: 0.2784, acc: 91.1187, loss_bbox: 0.2157, loss: 0.5591
2021-12-11 14:10:06,902 - mmdet - INFO - Epoch [1][3150/3750]	lr: 3.000e-02, eta: 10:24:04, time: 0.861, data_time: 0.422, memory: 3728, loss_rpn_cls: 0.0401, loss_rpn_bbox: 0.0247, loss_cls: 0.2714, acc: 91.3335, loss_bbox: 0.2156, loss: 0.5518
2021-12-11 14:10:50,429 - mmdet - INFO - Epoch [1][3200/3750]	lr: 3.000e-02, eta: 10:23:04, time: 0.871, data_time: 0.416, memory: 3728, loss_rpn_cls: 0.0413, loss_rpn_bbox: 0.0270, loss_cls: 0.2933, acc: 90.7642, loss_bbox: 0.2220, loss: 0.5835
2021-12-11 14:11:33,632 - mmdet - INFO - Epoch [1][3250/3750]	lr: 3.000e-02, eta: 10:22:00, time: 0.865, data_time: 0.412, memory: 3728, loss_rpn_cls: 0.0380, loss_rpn_bbox: 0.0240, loss_cls: 0.2702, acc: 91.5347, loss_bbox: 0.2017, loss: 0.5339
2021-12-11 14:12:17,277 - mmdet - INFO - Epoch [1][3300/3750]	lr: 3.000e-02, eta: 10:21:02, time: 0.873, data_time: 0.407, memory: 3728, loss_rpn_cls: 0.0432, loss_rpn_bbox: 0.0262, loss_cls: 0.2821, acc: 91.0283, loss_bbox: 0.2136, loss: 0.5651
2021-12-11 14:13:00,534 - mmdet - INFO - Epoch [1][3350/3750]	lr: 3.000e-02, eta: 10:19:59, time: 0.864, data_time: 0.411, memory: 3728, loss_rpn_cls: 0.0369, loss_rpn_bbox: 0.0242, loss_cls: 0.2783, acc: 91.0044, loss_bbox: 0.2104, loss: 0.5500
2021-12-11 14:13:43,666 - mmdet - INFO - Epoch [1][3400/3750]	lr: 3.000e-02, eta: 10:18:56, time: 0.862, data_time: 0.421, memory: 3728, loss_rpn_cls: 0.0402, loss_rpn_bbox: 0.0248, loss_cls: 0.2584, acc: 91.8413, loss_bbox: 0.1933, loss: 0.5168
2021-12-11 14:14:26,124 - mmdet - INFO - Epoch [1][3450/3750]	lr: 3.000e-02, eta: 10:17:45, time: 0.850, data_time: 0.424, memory: 3728, loss_rpn_cls: 0.0422, loss_rpn_bbox: 0.0269, loss_cls: 0.2924, acc: 91.0854, loss_bbox: 0.2170, loss: 0.5786
2021-12-11 14:15:08,884 - mmdet - INFO - Epoch [1][3500/3750]	lr: 3.000e-02, eta: 10:16:38, time: 0.855, data_time: 0.440, memory: 3728, loss_rpn_cls: 0.0444, loss_rpn_bbox: 0.0279, loss_cls: 0.2470, acc: 92.0781, loss_bbox: 0.1904, loss: 0.5098
2021-12-11 14:15:52,448 - mmdet - INFO - Epoch [1][3550/3750]	lr: 3.000e-02, eta: 10:15:42, time: 0.872, data_time: 0.431, memory: 3728, loss_rpn_cls: 0.0390, loss_rpn_bbox: 0.0238, loss_cls: 0.2634, acc: 91.7134, loss_bbox: 0.2074, loss: 0.5336
2021-12-11 14:16:35,151 - mmdet - INFO - Epoch [1][3600/3750]	lr: 3.000e-02, eta: 10:14:35, time: 0.852, data_time: 0.416, memory: 3728, loss_rpn_cls: 0.0417, loss_rpn_bbox: 0.0250, loss_cls: 0.2802, acc: 91.2363, loss_bbox: 0.2080, loss: 0.5549
2021-12-11 14:17:19,490 - mmdet - INFO - Epoch [1][3650/3750]	lr: 3.000e-02, eta: 10:13:50, time: 0.890, data_time: 0.447, memory: 3728, loss_rpn_cls: 0.0376, loss_rpn_bbox: 0.0252, loss_cls: 0.2739, acc: 91.4316, loss_bbox: 0.2100, loss: 0.5466
2021-12-11 14:18:03,246 - mmdet - INFO - Epoch [1][3700/3750]	lr: 3.000e-02, eta: 10:12:56, time: 0.874, data_time: 0.433, memory: 3728, loss_rpn_cls: 0.0459, loss_rpn_bbox: 0.0273, loss_cls: 0.2719, acc: 91.2900, loss_bbox: 0.2081, loss: 0.5532
2021-12-11 14:18:47,049 - mmdet - INFO - Exp name: tct_mixup_e100_lrx3.py
2021-12-11 14:18:47,050 - mmdet - INFO - Epoch [1][3750/3750]	lr: 3.000e-02, eta: 10:12:04, time: 0.876, data_time: 0.480, memory: 3728, loss_rpn_cls: 0.0409, loss_rpn_bbox: 0.0257, loss_cls: 0.2610, acc: 91.5298, loss_bbox: 0.2049, loss: 0.5325
2021-12-11 14:18:47,051 - mmdet - INFO - Saving checkpoint at 1 epochs
2021-12-11 14:33:28,947 - mmdet - INFO - Evaluating bbox...
2021-12-11 14:34:40,123 - mmdet - INFO - Exp name: tct_mixup_e100_lrx3.py
2021-12-11 14:34:40,124 - mmdet - INFO - Epoch(val) [1][3750]	bbox_mAP: 0.1670, bbox_mAP_50: 0.3380, bbox_mAP_75: 0.1430, bbox_mAP_s: -1.0000, bbox_mAP_m: 0.0500, bbox_mAP_l: 0.1750, bbox_mAP_copypaste: 0.167 0.338 0.143 -1.000 0.050 0.175
2021-12-11 14:35:27,173 - mmdet - INFO - Epoch [2][50/3750]	lr: 3.000e-02, eta: 10:11:44, time: 0.936, data_time: 0.434, memory: 3728, loss_rpn_cls: 0.0364, loss_rpn_bbox: 0.0233, loss_cls: 0.2662, acc: 91.5117, loss_bbox: 0.2065, loss: 0.5324
2021-12-11 14:36:10,718 - mmdet - INFO - Epoch [2][100/3750]	lr: 3.000e-02, eta: 10:10:50, time: 0.872, data_time: 0.392, memory: 3728, loss_rpn_cls: 0.0382, loss_rpn_bbox: 0.0264, loss_cls: 0.2942, acc: 90.4727, loss_bbox: 0.2211, loss: 0.5799
2021-12-11 14:36:55,049 - mmdet - INFO - Epoch [2][150/3750]	lr: 3.000e-02, eta: 10:10:02, time: 0.885, data_time: 0.387, memory: 3728, loss_rpn_cls: 0.0374, loss_rpn_bbox: 0.0243, loss_cls: 0.2774, acc: 91.1128, loss_bbox: 0.2099, loss: 0.5490
2021-12-11 14:37:38,244 - mmdet - INFO - Epoch [2][200/3750]	lr: 3.000e-02, eta: 10:09:05, time: 0.866, data_time: 0.402, memory: 3728, loss_rpn_cls: 0.0434, loss_rpn_bbox: 0.0273, loss_cls: 0.2644, acc: 91.4126, loss_bbox: 0.2112, loss: 0.5463
2021-12-11 14:38:21,717 - mmdet - INFO - Exp name: tct_mixup_e100_lrx3.py
2021-12-11 14:38:21,717 - mmdet - INFO - Epoch [2][250/3750]	lr: 3.000e-02, eta: 10:08:10, time: 0.870, data_time: 0.390, memory: 3728, loss_rpn_cls: 0.0394, loss_rpn_bbox: 0.0266, loss_cls: 0.2823, acc: 90.8228, loss_bbox: 0.2213, loss: 0.5696
2021-12-11 14:39:05,863 - mmdet - INFO - Epoch [2][300/3750]	lr: 3.000e-02, eta: 10:07:21, time: 0.881, data_time: 0.393, memory: 3728, loss_rpn_cls: 0.0387, loss_rpn_bbox: 0.0266, loss_cls: 0.2727, acc: 91.3940, loss_bbox: 0.2037, loss: 0.5418
2021-12-11 14:39:49,649 - mmdet - INFO - Epoch [2][350/3750]	lr: 3.000e-02, eta: 10:06:30, time: 0.877, data_time: 0.411, memory: 3728, loss_rpn_cls: 0.0375, loss_rpn_bbox: 0.0256, loss_cls: 0.2629, acc: 91.4253, loss_bbox: 0.2022, loss: 0.5281
2021-12-11 14:40:34,411 - mmdet - INFO - Epoch [2][400/3750]	lr: 3.000e-02, eta: 10:05:49, time: 0.895, data_time: 0.405, memory: 3728, loss_rpn_cls: 0.0381, loss_rpn_bbox: 0.0246, loss_cls: 0.2626, acc: 91.6265, loss_bbox: 0.2139, loss: 0.5392
2021-12-11 14:41:19,097 - mmdet - INFO - Epoch [2][450/3750]	lr: 3.000e-02, eta: 10:05:06, time: 0.893, data_time: 0.410, memory: 3728, loss_rpn_cls: 0.0393, loss_rpn_bbox: 0.0237, loss_cls: 0.2504, acc: 92.1694, loss_bbox: 0.1900, loss: 0.5035
2021-12-11 14:42:04,114 - mmdet - INFO - Epoch [2][500/3750]	lr: 3.000e-02, eta: 10:04:26, time: 0.901, data_time: 0.397, memory: 3728, loss_rpn_cls: 0.0398, loss_rpn_bbox: 0.0239, loss_cls: 0.2562, acc: 91.5103, loss_bbox: 0.2028, loss: 0.5226
2021-12-11 14:42:50,457 - mmdet - INFO - Epoch [2][550/3750]	lr: 3.000e-02, eta: 10:03:59, time: 0.926, data_time: 0.417, memory: 3728, loss_rpn_cls: 0.0393, loss_rpn_bbox: 0.0276, loss_cls: 0.2744, acc: 90.9995, loss_bbox: 0.2211, loss: 0.5623
2021-12-11 14:43:34,832 - mmdet - INFO - Epoch [2][600/3750]	lr: 3.000e-02, eta: 10:03:13, time: 0.888, data_time: 0.416, memory: 3728, loss_rpn_cls: 0.0345, loss_rpn_bbox: 0.0243, loss_cls: 0.2566, acc: 91.7432, loss_bbox: 0.2015, loss: 0.5169
2021-12-11 14:44:20,145 - mmdet - INFO - Epoch [2][650/3750]	lr: 3.000e-02, eta: 10:02:36, time: 0.906, data_time: 0.385, memory: 3728, loss_rpn_cls: 0.0356, loss_rpn_bbox: 0.0252, loss_cls: 0.2520, acc: 91.8511, loss_bbox: 0.1956, loss: 0.5084
2021-12-11 14:45:03,306 - mmdet - INFO - Epoch [2][700/3750]	lr: 3.000e-02, eta: 10:01:39, time: 0.864, data_time: 0.401, memory: 3728, loss_rpn_cls: 0.0320, loss_rpn_bbox: 0.0248, loss_cls: 0.2625, acc: 91.3701, loss_bbox: 0.2070, loss: 0.5264
2021-12-11 14:45:47,225 - mmdet - INFO - Epoch [2][750/3750]	lr: 3.000e-02, eta: 10:00:49, time: 0.877, data_time: 0.400, memory: 3728, loss_rpn_cls: 0.0354, loss_rpn_bbox: 0.0268, loss_cls: 0.2732, acc: 91.1284, loss_bbox: 0.2122, loss: 0.5476
2021-12-11 14:46:31,049 - mmdet - INFO - Epoch [2][800/3750]	lr: 3.000e-02, eta: 9:59:58, time: 0.877, data_time: 0.371, memory: 3728, loss_rpn_cls: 0.0372, loss_rpn_bbox: 0.0242, loss_cls: 0.2636, acc: 91.4844, loss_bbox: 0.2001, loss: 0.5250
2021-12-11 14:47:13,835 - mmdet - INFO - Epoch [2][850/3750]	lr: 3.000e-02, eta: 9:58:59, time: 0.857, data_time: 0.372, memory: 3728, loss_rpn_cls: 0.0370, loss_rpn_bbox: 0.0252, loss_cls: 0.2540, acc: 91.7422, loss_bbox: 0.1966, loss: 0.5128
2021-12-11 14:47:56,978 - mmdet - INFO - Epoch [2][900/3750]	lr: 3.000e-02, eta: 9:58:03, time: 0.863, data_time: 0.386, memory: 3728, loss_rpn_cls: 0.0366, loss_rpn_bbox: 0.0243, loss_cls: 0.2559, acc: 91.5415, loss_bbox: 0.1996, loss: 0.5164
2021-12-11 14:48:40,733 - mmdet - INFO - Epoch [2][950/3750]	lr: 3.000e-02, eta: 9:57:13, time: 0.875, data_time: 0.398, memory: 3728, loss_rpn_cls: 0.0377, loss_rpn_bbox: 0.0271, loss_cls: 0.2627, acc: 91.1831, loss_bbox: 0.2103, loss: 0.5378
2021-12-11 14:49:26,077 - mmdet - INFO - Epoch [2][1000/3750]	lr: 3.000e-02, eta: 9:56:36, time: 0.907, data_time: 0.423, memory: 3728, loss_rpn_cls: 0.0361, loss_rpn_bbox: 0.0244, loss_cls: 0.2702, acc: 91.1924, loss_bbox: 0.2083, loss: 0.5389
2021-12-11 14:50:10,410 - mmdet - INFO - Epoch [2][1050/3750]	lr: 3.000e-02, eta: 9:55:50, time: 0.886, data_time: 0.416, memory: 3728, loss_rpn_cls: 0.0337, loss_rpn_bbox: 0.0236, loss_cls: 0.2749, acc: 91.2324, loss_bbox: 0.2067, loss: 0.5388
2021-12-11 14:50:55,015 - mmdet - INFO - Epoch [2][1100/3750]	lr: 3.000e-02, eta: 9:55:06, time: 0.892, data_time: 0.429, memory: 3728, loss_rpn_cls: 0.0396, loss_rpn_bbox: 0.0247, loss_cls: 0.2516, acc: 91.8955, loss_bbox: 0.1916, loss: 0.5075
2021-12-11 14:51:39,088 - mmdet - INFO - Epoch [2][1150/3750]	lr: 3.000e-02, eta: 9:54:19, time: 0.883, data_time: 0.406, memory: 3728, loss_rpn_cls: 0.0357, loss_rpn_bbox: 0.0232, loss_cls: 0.2476, acc: 92.0200, loss_bbox: 0.1881, loss: 0.4946
2021-12-11 14:52:22,196 - mmdet - INFO - Epoch [2][1200/3750]	lr: 3.000e-02, eta: 9:53:24, time: 0.862, data_time: 0.386, memory: 3728, loss_rpn_cls: 0.0372, loss_rpn_bbox: 0.0246, loss_cls: 0.2556, acc: 91.6890, loss_bbox: 0.1985, loss: 0.5159
2021-12-11 14:53:05,699 - mmdet - INFO - Exp name: tct_mixup_e100_lrx3.py
2021-12-11 14:53:05,699 - mmdet - INFO - Epoch [2][1250/3750]	lr: 3.000e-02, eta: 9:52:32, time: 0.870, data_time: 0.402, memory: 3728, loss_rpn_cls: 0.0363, loss_rpn_bbox: 0.0243, loss_cls: 0.2604, acc: 91.4854, loss_bbox: 0.2101, loss: 0.5311
2021-12-11 14:53:50,157 - mmdet - INFO - Epoch [2][1300/3750]	lr: 3.000e-02, eta: 9:51:47, time: 0.888, data_time: 0.420, memory: 3728, loss_rpn_cls: 0.0358, loss_rpn_bbox: 0.0257, loss_cls: 0.2670, acc: 91.2944, loss_bbox: 0.2130, loss: 0.5414
2021-12-11 14:54:35,100 - mmdet - INFO - Epoch [2][1350/3750]	lr: 3.000e-02, eta: 9:51:07, time: 0.900, data_time: 0.438, memory: 3728, loss_rpn_cls: 0.0372, loss_rpn_bbox: 0.0262, loss_cls: 0.2838, acc: 90.7051, loss_bbox: 0.2171, loss: 0.5643
2021-12-11 14:55:19,937 - mmdet - INFO - Epoch [2][1400/3750]	lr: 3.000e-02, eta: 9:50:25, time: 0.897, data_time: 0.420, memory: 3728, loss_rpn_cls: 0.0415, loss_rpn_bbox: 0.0274, loss_cls: 0.2690, acc: 90.9727, loss_bbox: 0.2142, loss: 0.5521
2021-12-11 14:56:04,570 - mmdet - INFO - Epoch [2][1450/3750]	lr: 3.000e-02, eta: 9:49:42, time: 0.892, data_time: 0.423, memory: 3728, loss_rpn_cls: 0.0347, loss_rpn_bbox: 0.0255, loss_cls: 0.2691, acc: 91.1147, loss_bbox: 0.2050, loss: 0.5342
