2021-05-04 13:06:59,191 - mmdet - INFO - Environment info:
------------------------------------------------------------
sys.platform: linux
Python: 3.7.9 (default, Aug 31 2020, 12:42:55) [GCC 7.3.0]
CUDA available: True
GPU 0,1,2,3,4,5,6,7: GeForce RTX 2080 Ti
CUDA_HOME: /usr/local/cuda
NVCC: Cuda compilation tools, release 10.0, V10.0.130
GCC: gcc (Ubuntu 5.4.0-6ubuntu1~16.04.11) 5.4.0 20160609
PyTorch: 1.4.0
PyTorch compiling details: PyTorch built with:
  - GCC 7.3
  - Intel(R) Math Kernel Library Version 2020.0.2 Product Build 20200624 for Intel(R) 64 architecture applications
  - Intel(R) MKL-DNN v0.21.1 (Git Hash 7d2fd500bc78936d1d648ca713b901012f470dbc)
  - OpenMP 201511 (a.k.a. OpenMP 4.5)
  - NNPACK is enabled
  - CUDA Runtime 10.0
  - NVCC architecture flags: -gencode;arch=compute_37,code=sm_37;-gencode;arch=compute_50,code=sm_50;-gencode;arch=compute_60,code=sm_60;-gencode;arch=compute_61,code=sm_61;-gencode;arch=compute_70,code=sm_70;-gencode;arch=compute_75,code=sm_75;-gencode;arch=compute_37,code=compute_37
  - CuDNN 7.6.3
  - Magma 2.5.1
  - Build settings: BLAS=MKL, BUILD_NAMEDTENSOR=OFF, BUILD_TYPE=Release, CXX_FLAGS= -Wno-deprecated -fvisibility-inlines-hidden -fopenmp -DUSE_FBGEMM -DUSE_QNNPACK -DUSE_PYTORCH_QNNPACK -O2 -fPIC -Wno-narrowing -Wall -Wextra -Wno-missing-field-initializers -Wno-type-limits -Wno-array-bounds -Wno-unknown-pragmas -Wno-sign-compare -Wno-unused-parameter -Wno-unused-variable -Wno-unused-function -Wno-unused-result -Wno-strict-overflow -Wno-strict-aliasing -Wno-error=deprecated-declarations -Wno-stringop-overflow -Wno-error=pedantic -Wno-error=redundant-decls -Wno-error=old-style-cast -fdiagnostics-color=always -faligned-new -Wno-unused-but-set-variable -Wno-maybe-uninitialized -fno-math-errno -fno-trapping-math -Wno-stringop-overflow, DISABLE_NUMA=1, PERF_WITH_AVX=1, PERF_WITH_AVX2=1, PERF_WITH_AVX512=1, USE_CUDA=ON, USE_EXCEPTION_PTR=1, USE_GFLAGS=OFF, USE_GLOG=OFF, USE_MKL=ON, USE_MKLDNN=ON, USE_MPI=OFF, USE_NCCL=ON, USE_NNPACK=ON, USE_OPENMP=ON, USE_STATIC_DISPATCH=OFF, 

TorchVision: 0.5.0
OpenCV: 4.4.0
MMCV: 1.1.5
MMCV Compiler: GCC 7.3
MMCV CUDA Compiler: 10.0
MMDetection: 2.5.0+
------------------------------------------------------------

2021-05-04 13:06:59,571 - mmdet - INFO - Distributed training: True
2021-05-04 13:07:00,079 - mmdet - INFO - Config:
model = dict(
    type='MaskRCNN',
    pretrained='work_dirs/ipth/pretrained.pth',
    backbone=dict(
        type='ResNet_carafed_3_kernelexp',
        depth=50,
        num_stages=4,
        out_indices=(0, 1, 2, 3),
        frozen_stages=1,
        norm_cfg=dict(type='BN', requires_grad=True),
        norm_eval=True,
        style='pytorch'),
    neck=dict(
        type='FPN',
        in_channels=[256, 512, 1024, 2048],
        out_channels=256,
        num_outs=5),
    rpn_head=dict(
        type='RPNHead',
        in_channels=256,
        feat_channels=256,
        anchor_generator=dict(
            type='AnchorGenerator',
            scales=[8],
            ratios=[0.5, 1.0, 2.0],
            strides=[4, 8, 16, 32, 64]),
        bbox_coder=dict(
            type='DeltaXYWHBBoxCoder',
            target_means=[0.0, 0.0, 0.0, 0.0],
            target_stds=[1.0, 1.0, 1.0, 1.0]),
        loss_cls=dict(
            type='CrossEntropyLoss', use_sigmoid=True, loss_weight=1.0),
        loss_bbox=dict(type='L1Loss', loss_weight=1.0)),
    roi_head=dict(
        type='StandardRoIHead',
        bbox_roi_extractor=dict(
            type='SingleRoIExtractor',
            roi_layer=dict(type='RoIAlign', output_size=7, sampling_ratio=0),
            out_channels=256,
            featmap_strides=[4, 8, 16, 32]),
        bbox_head=dict(
            type='Shared2FCBBoxHead',
            in_channels=256,
            fc_out_channels=1024,
            roi_feat_size=7,
            num_classes=80,
            bbox_coder=dict(
                type='DeltaXYWHBBoxCoder',
                target_means=[0.0, 0.0, 0.0, 0.0],
                target_stds=[0.1, 0.1, 0.2, 0.2]),
            reg_class_agnostic=False,
            loss_cls=dict(
                type='CrossEntropyLoss', use_sigmoid=False, loss_weight=1.0),
            loss_bbox=dict(type='L1Loss', loss_weight=1.0)),
        mask_roi_extractor=dict(
            type='SingleRoIExtractor',
            roi_layer=dict(type='RoIAlign', output_size=14, sampling_ratio=0),
            out_channels=256,
            featmap_strides=[4, 8, 16, 32]),
        mask_head=dict(
            type='FCNMaskHead',
            num_convs=4,
            in_channels=256,
            conv_out_channels=256,
            num_classes=80,
            loss_mask=dict(
                type='CrossEntropyLoss', use_mask=True, loss_weight=1.0),
            upsample_cfg=dict(type='deconv', scale_factor=2))))
train_cfg = dict(
    rpn=dict(
        assigner=dict(
            type='MaxIoUAssigner',
            pos_iou_thr=0.7,
            neg_iou_thr=0.3,
            min_pos_iou=0.3,
            match_low_quality=True,
            ignore_iof_thr=-1),
        sampler=dict(
            type='RandomSampler',
            num=256,
            pos_fraction=0.5,
            neg_pos_ub=-1,
            add_gt_as_proposals=False),
        allowed_border=-1,
        pos_weight=-1,
        debug=False),
    rpn_proposal=dict(
        nms_across_levels=False,
        nms_pre=2000,
        nms_post=1000,
        max_num=1000,
        nms_thr=0.7,
        min_bbox_size=0),
    rcnn=dict(
        assigner=dict(
            type='MaxIoUAssigner',
            pos_iou_thr=0.5,
            neg_iou_thr=0.5,
            min_pos_iou=0.5,
            match_low_quality=True,
            ignore_iof_thr=-1),
        sampler=dict(
            type='RandomSampler',
            num=512,
            pos_fraction=0.25,
            neg_pos_ub=-1,
            add_gt_as_proposals=True),
        mask_size=28,
        pos_weight=-1,
        debug=False))
test_cfg = dict(
    rpn=dict(
        nms_across_levels=False,
        nms_pre=1000,
        nms_post=1000,
        max_num=1000,
        nms_thr=0.7,
        min_bbox_size=0),
    rcnn=dict(
        score_thr=0.05,
        nms=dict(type='nms', iou_threshold=0.5),
        max_per_img=100,
        mask_thr_binary=0.5))
dataset_type = 'CocoDataset'
data_root = '../data/coco/'
img_norm_cfg = dict(
    mean=[123.675, 116.28, 103.53], std=[58.395, 57.12, 57.375], to_rgb=True)
train_pipeline = [
    dict(type='LoadImageFromFile'),
    dict(type='LoadAnnotations', with_bbox=True, with_mask=True),
    dict(type='Resize', img_scale=(1333, 800), keep_ratio=True),
    dict(type='RandomFlip', flip_ratio=0.5),
    dict(
        type='Normalize',
        mean=[123.675, 116.28, 103.53],
        std=[58.395, 57.12, 57.375],
        to_rgb=True),
    dict(type='Pad', size_divisor=32),
    dict(type='DefaultFormatBundle'),
    dict(type='Collect', keys=['img', 'gt_bboxes', 'gt_labels', 'gt_masks'])
]
test_pipeline = [
    dict(type='LoadImageFromFile'),
    dict(
        type='MultiScaleFlipAug',
        img_scale=(1333, 800),
        flip=False,
        transforms=[
            dict(type='Resize', keep_ratio=True),
            dict(type='RandomFlip'),
            dict(
                type='Normalize',
                mean=[123.675, 116.28, 103.53],
                std=[58.395, 57.12, 57.375],
                to_rgb=True),
            dict(type='Pad', size_divisor=32),
            dict(type='ImageToTensor', keys=['img']),
            dict(type='Collect', keys=['img'])
        ])
]
data = dict(
    samples_per_gpu=2,
    workers_per_gpu=0,
    train=dict(
        type='CocoDataset',
        ann_file='../data/coco/annotations/instances_train2017.json',
        img_prefix='../data/coco/train2017/',
        pipeline=[
            dict(type='LoadImageFromFile'),
            dict(type='LoadAnnotations', with_bbox=True, with_mask=True),
            dict(type='Resize', img_scale=(1333, 800), keep_ratio=True),
            dict(type='RandomFlip', flip_ratio=0.5),
            dict(
                type='Normalize',
                mean=[123.675, 116.28, 103.53],
                std=[58.395, 57.12, 57.375],
                to_rgb=True),
            dict(type='Pad', size_divisor=32),
            dict(type='DefaultFormatBundle'),
            dict(
                type='Collect',
                keys=['img', 'gt_bboxes', 'gt_labels', 'gt_masks'])
        ]),
    val=dict(
        type='CocoDataset',
        ann_file='../data/coco/annotations/instances_val2017.json',
        img_prefix='../data/coco/val2017/',
        pipeline=[
            dict(type='LoadImageFromFile'),
            dict(
                type='MultiScaleFlipAug',
                img_scale=(1333, 800),
                flip=False,
                transforms=[
                    dict(type='Resize', keep_ratio=True),
                    dict(type='RandomFlip'),
                    dict(
                        type='Normalize',
                        mean=[123.675, 116.28, 103.53],
                        std=[58.395, 57.12, 57.375],
                        to_rgb=True),
                    dict(type='Pad', size_divisor=32),
                    dict(type='ImageToTensor', keys=['img']),
                    dict(type='Collect', keys=['img'])
                ])
        ]),
    test=dict(
        type='CocoDataset',
        ann_file='../data/coco/annotations/image_info_test-dev2017.json',
        img_prefix='../data/coco/test2017/',
        pipeline=[
            dict(type='LoadImageFromFile'),
            dict(
                type='MultiScaleFlipAug',
                img_scale=(1333, 800),
                flip=False,
                transforms=[
                    dict(type='Resize', keep_ratio=True),
                    dict(type='RandomFlip'),
                    dict(
                        type='Normalize',
                        mean=[123.675, 116.28, 103.53],
                        std=[58.395, 57.12, 57.375],
                        to_rgb=True),
                    dict(type='Pad', size_divisor=32),
                    dict(type='ImageToTensor', keys=['img']),
                    dict(type='Collect', keys=['img'])
                ])
        ]))
evaluation = dict(metric=['bbox', 'segm'])
optimizer = dict(type='SGD', lr=0.02, momentum=0.9, weight_decay=0.0001)
optimizer_config = dict(grad_clip=None)
lr_config = dict(
    policy='step',
    warmup='linear',
    warmup_iters=500,
    warmup_ratio=0.001,
    step=[8, 11])
total_epochs = 12
checkpoint_config = dict(interval=1)
log_config = dict(interval=50, hooks=[dict(type='TextLoggerHook')])
dist_params = dict(backend='nccl')
log_level = 'INFO'
load_from = None
resume_from = None
workflow = [('train', 1)]
work_dir = './work_dirs/carafeppp_coco_mask_r50_1x_3_kernelexp__BK'
gpu_ids = range(0, 1)

2021-05-04 13:07:00,554 - mmdet - INFO - load model from: work_dirs/ipth/pretrained.pth
2021-05-04 13:07:00,698 - mmdet - WARNING - The model and loaded state dict do not match exactly

unexpected key in source state_dict: lateral_convs.0.conv.weight, lateral_convs.0.conv.bias, lateral_convs.1.conv.weight, lateral_convs.1.conv.bias, lateral_convs.2.conv.weight, lateral_convs.2.conv.bias, lateral_convs.3.conv.weight, lateral_convs.3.conv.bias, fpn_convs.0.conv.weight, fpn_convs.0.conv.bias, fpn_convs.1.conv.weight, fpn_convs.1.conv.bias, fpn_convs.2.conv.weight, fpn_convs.2.conv.bias, fpn_convs.3.conv.weight, fpn_convs.3.conv.bias, rpn_head.rpn_conv.weight, rpn_head.rpn_conv.bias, rpn_head.rpn_cls.weight, rpn_head.rpn_cls.bias, rpn_head.rpn_reg.weight, rpn_head.rpn_reg.bias, roi_head.bbox_head.fc_cls.weight, roi_head.bbox_head.fc_cls.bias, roi_head.bbox_head.fc_reg.weight, roi_head.bbox_head.fc_reg.bias, roi_head.bbox_head.shared_fcs.0.weight, roi_head.bbox_head.shared_fcs.0.bias, roi_head.bbox_head.shared_fcs.1.weight, roi_head.bbox_head.shared_fcs.1.bias

2021-05-04 13:07:26,850 - mmdet - INFO - Start running, host: root@c29bb9d22aa7, work_dir: /root/userfolder/mmdetection/work_dirs/carafeppp_coco_mask_r50_1x_3_kernelexp__BK
2021-05-04 13:07:26,850 - mmdet - INFO - workflow: [('train', 1)], max: 12 epochs
2021-05-04 13:08:15,364 - mmdet - INFO - Epoch [1][50/7330]	lr: 1.978e-03, eta: 23:41:06, time: 0.970, data_time: 0.398, memory: 8729, loss_rpn_cls: 0.4572, loss_rpn_bbox: 0.1050, loss_cls: 1.0069, acc: 88.8848, loss_bbox: 0.0644, loss_mask: 0.8034, loss: 2.4369
2021-05-04 13:08:59,008 - mmdet - INFO - Epoch [1][100/7330]	lr: 3.976e-03, eta: 22:28:59, time: 0.873, data_time: 0.309, memory: 8801, loss_rpn_cls: 0.2038, loss_rpn_bbox: 0.0978, loss_cls: 0.5023, acc: 94.5928, loss_bbox: 0.1818, loss_mask: 0.6923, loss: 1.6781
2021-05-04 13:09:42,821 - mmdet - INFO - Epoch [1][150/7330]	lr: 5.974e-03, eta: 22:06:31, time: 0.877, data_time: 0.334, memory: 8801, loss_rpn_cls: 0.1647, loss_rpn_bbox: 0.0961, loss_cls: 0.5215, acc: 93.0645, loss_bbox: 0.2430, loss_mask: 0.6613, loss: 1.6866
2021-05-04 13:10:28,020 - mmdet - INFO - Epoch [1][200/7330]	lr: 7.972e-03, eta: 22:04:32, time: 0.903, data_time: 0.329, memory: 9054, loss_rpn_cls: 0.1234, loss_rpn_bbox: 0.0939, loss_cls: 0.5440, acc: 91.1646, loss_bbox: 0.3329, loss_mask: 0.6191, loss: 1.7133
2021-05-04 13:11:12,664 - mmdet - INFO - Epoch [1][250/7330]	lr: 9.970e-03, eta: 22:00:20, time: 0.894, data_time: 0.322, memory: 9054, loss_rpn_cls: 0.0995, loss_rpn_bbox: 0.0898, loss_cls: 0.5857, acc: 89.7312, loss_bbox: 0.3954, loss_mask: 0.5761, loss: 1.7465
2021-05-04 13:11:57,752 - mmdet - INFO - Epoch [1][300/7330]	lr: 1.197e-02, eta: 21:59:13, time: 0.902, data_time: 0.354, memory: 9054, loss_rpn_cls: 0.0883, loss_rpn_bbox: 0.0810, loss_cls: 0.5873, acc: 89.3506, loss_bbox: 0.4055, loss_mask: 0.5491, loss: 1.7112
2021-05-04 13:12:41,915 - mmdet - INFO - Epoch [1][350/7330]	lr: 1.397e-02, eta: 21:54:12, time: 0.883, data_time: 0.319, memory: 9125, loss_rpn_cls: 0.0813, loss_rpn_bbox: 0.0803, loss_cls: 0.5596, acc: 89.7429, loss_bbox: 0.3772, loss_mask: 0.5205, loss: 1.6190
2021-05-04 13:13:26,859 - mmdet - INFO - Epoch [1][400/7330]	lr: 1.596e-02, eta: 21:53:19, time: 0.899, data_time: 0.331, memory: 9125, loss_rpn_cls: 0.0818, loss_rpn_bbox: 0.0810, loss_cls: 0.5624, acc: 89.3120, loss_bbox: 0.3859, loss_mask: 0.5018, loss: 1.6130
2021-05-04 13:14:10,864 - mmdet - INFO - Epoch [1][450/7330]	lr: 1.796e-02, eta: 21:49:22, time: 0.880, data_time: 0.322, memory: 9125, loss_rpn_cls: 0.0831, loss_rpn_bbox: 0.0796, loss_cls: 0.5161, acc: 89.6265, loss_bbox: 0.3687, loss_mask: 0.4828, loss: 1.5302
2021-05-04 13:14:55,383 - mmdet - INFO - Epoch [1][500/7330]	lr: 1.996e-02, eta: 21:47:28, time: 0.890, data_time: 0.323, memory: 9125, loss_rpn_cls: 0.0793, loss_rpn_bbox: 0.0775, loss_cls: 0.5138, acc: 89.6194, loss_bbox: 0.3645, loss_mask: 0.4769, loss: 1.5120
2021-05-04 13:15:39,943 - mmdet - INFO - Epoch [1][550/7330]	lr: 2.000e-02, eta: 21:46:00, time: 0.891, data_time: 0.303, memory: 9125, loss_rpn_cls: 0.0786, loss_rpn_bbox: 0.0748, loss_cls: 0.5076, acc: 89.5215, loss_bbox: 0.3568, loss_mask: 0.4569, loss: 1.4748
2021-05-04 13:16:24,270 - mmdet - INFO - Epoch [1][600/7330]	lr: 2.000e-02, eta: 21:44:04, time: 0.887, data_time: 0.301, memory: 9125, loss_rpn_cls: 0.0836, loss_rpn_bbox: 0.0768, loss_cls: 0.4964, acc: 89.6819, loss_bbox: 0.3450, loss_mask: 0.4472, loss: 1.4489
2021-05-04 13:17:08,302 - mmdet - INFO - Epoch [1][650/7330]	lr: 2.000e-02, eta: 21:41:38, time: 0.881, data_time: 0.286, memory: 9125, loss_rpn_cls: 0.0837, loss_rpn_bbox: 0.0797, loss_cls: 0.4979, acc: 89.3508, loss_bbox: 0.3484, loss_mask: 0.4440, loss: 1.4537
2021-05-04 13:17:53,658 - mmdet - INFO - Epoch [1][700/7330]	lr: 2.000e-02, eta: 21:42:09, time: 0.907, data_time: 0.282, memory: 9126, loss_rpn_cls: 0.0840, loss_rpn_bbox: 0.0776, loss_cls: 0.4799, acc: 89.4700, loss_bbox: 0.3487, loss_mask: 0.4337, loss: 1.4239
2021-05-04 13:18:38,531 - mmdet - INFO - Epoch [1][750/7330]	lr: 2.000e-02, eta: 21:41:37, time: 0.897, data_time: 0.284, memory: 9126, loss_rpn_cls: 0.0801, loss_rpn_bbox: 0.0783, loss_cls: 0.4780, acc: 89.4727, loss_bbox: 0.3403, loss_mask: 0.4248, loss: 1.4015
2021-05-04 13:19:23,214 - mmdet - INFO - Epoch [1][800/7330]	lr: 2.000e-02, eta: 21:40:45, time: 0.894, data_time: 0.274, memory: 9126, loss_rpn_cls: 0.0763, loss_rpn_bbox: 0.0783, loss_cls: 0.4779, acc: 89.4355, loss_bbox: 0.3415, loss_mask: 0.4266, loss: 1.4005
2021-05-04 13:20:08,547 - mmdet - INFO - Epoch [1][850/7330]	lr: 2.000e-02, eta: 21:40:58, time: 0.907, data_time: 0.291, memory: 9126, loss_rpn_cls: 0.0762, loss_rpn_bbox: 0.0742, loss_cls: 0.4647, acc: 89.8264, loss_bbox: 0.3278, loss_mask: 0.4161, loss: 1.3590
2021-05-04 13:20:53,776 - mmdet - INFO - Epoch [1][900/7330]	lr: 2.000e-02, eta: 21:40:52, time: 0.904, data_time: 0.305, memory: 9126, loss_rpn_cls: 0.0757, loss_rpn_bbox: 0.0747, loss_cls: 0.4660, acc: 89.3823, loss_bbox: 0.3419, loss_mask: 0.4181, loss: 1.3764
2021-05-04 13:21:39,010 - mmdet - INFO - Epoch [1][950/7330]	lr: 2.000e-02, eta: 21:40:43, time: 0.904, data_time: 0.283, memory: 9126, loss_rpn_cls: 0.0735, loss_rpn_bbox: 0.0734, loss_cls: 0.4550, acc: 89.7666, loss_bbox: 0.3266, loss_mask: 0.4103, loss: 1.3388
2021-05-04 13:22:24,301 - mmdet - INFO - Exp name: carafeppp_coco_mask_r50_1x_3_kernelexp__BK.py
2021-05-04 13:22:24,302 - mmdet - INFO - Epoch [1][1000/7330]	lr: 2.000e-02, eta: 21:40:39, time: 0.906, data_time: 0.285, memory: 9126, loss_rpn_cls: 0.0746, loss_rpn_bbox: 0.0728, loss_cls: 0.4396, acc: 89.9375, loss_bbox: 0.3241, loss_mask: 0.3990, loss: 1.3101
2021-05-04 13:23:09,270 - mmdet - INFO - Epoch [1][1050/7330]	lr: 2.000e-02, eta: 21:40:03, time: 0.900, data_time: 0.288, memory: 9126, loss_rpn_cls: 0.0710, loss_rpn_bbox: 0.0728, loss_cls: 0.4578, acc: 89.6982, loss_bbox: 0.3257, loss_mask: 0.4048, loss: 1.3322
2021-05-04 13:23:53,356 - mmdet - INFO - Epoch [1][1100/7330]	lr: 2.000e-02, eta: 21:38:14, time: 0.881, data_time: 0.274, memory: 9126, loss_rpn_cls: 0.0677, loss_rpn_bbox: 0.0687, loss_cls: 0.4389, acc: 89.9724, loss_bbox: 0.3185, loss_mask: 0.4028, loss: 1.2966
2021-05-04 13:24:38,639 - mmdet - INFO - Epoch [1][1150/7330]	lr: 2.000e-02, eta: 21:38:02, time: 0.905, data_time: 0.269, memory: 9126, loss_rpn_cls: 0.0727, loss_rpn_bbox: 0.0769, loss_cls: 0.4539, acc: 89.4265, loss_bbox: 0.3333, loss_mask: 0.4050, loss: 1.3418
2021-05-04 13:25:23,825 - mmdet - INFO - Epoch [1][1200/7330]	lr: 2.000e-02, eta: 21:37:43, time: 0.904, data_time: 0.293, memory: 9126, loss_rpn_cls: 0.0778, loss_rpn_bbox: 0.0771, loss_cls: 0.4434, acc: 89.5222, loss_bbox: 0.3298, loss_mask: 0.3960, loss: 1.3241
2021-05-04 13:26:08,072 - mmdet - INFO - Epoch [1][1250/7330]	lr: 2.000e-02, eta: 21:36:15, time: 0.885, data_time: 0.269, memory: 9126, loss_rpn_cls: 0.0676, loss_rpn_bbox: 0.0676, loss_cls: 0.4394, acc: 90.0479, loss_bbox: 0.3112, loss_mask: 0.3977, loss: 1.2835
2021-05-04 13:26:52,913 - mmdet - INFO - Epoch [1][1300/7330]	lr: 2.000e-02, eta: 21:35:28, time: 0.896, data_time: 0.274, memory: 9126, loss_rpn_cls: 0.0690, loss_rpn_bbox: 0.0696, loss_cls: 0.4322, acc: 90.0659, loss_bbox: 0.3134, loss_mask: 0.3938, loss: 1.2780
2021-05-04 13:27:37,852 - mmdet - INFO - Epoch [1][1350/7330]	lr: 2.000e-02, eta: 21:34:49, time: 0.899, data_time: 0.279, memory: 9126, loss_rpn_cls: 0.0798, loss_rpn_bbox: 0.0757, loss_cls: 0.4383, acc: 89.7070, loss_bbox: 0.3164, loss_mask: 0.3916, loss: 1.3016
2021-05-04 13:28:21,621 - mmdet - INFO - Epoch [1][1400/7330]	lr: 2.000e-02, eta: 21:32:57, time: 0.875, data_time: 0.263, memory: 9126, loss_rpn_cls: 0.0740, loss_rpn_bbox: 0.0689, loss_cls: 0.4212, acc: 90.3884, loss_bbox: 0.3051, loss_mask: 0.3829, loss: 1.2521
2021-05-04 13:29:06,999 - mmdet - INFO - Epoch [1][1450/7330]	lr: 2.000e-02, eta: 21:32:47, time: 0.908, data_time: 0.266, memory: 9126, loss_rpn_cls: 0.0687, loss_rpn_bbox: 0.0708, loss_cls: 0.4180, acc: 89.7771, loss_bbox: 0.3220, loss_mask: 0.3853, loss: 1.2648
2021-05-04 13:29:52,384 - mmdet - INFO - Epoch [1][1500/7330]	lr: 2.000e-02, eta: 21:32:33, time: 0.907, data_time: 0.275, memory: 9126, loss_rpn_cls: 0.0808, loss_rpn_bbox: 0.0787, loss_cls: 0.4186, acc: 90.1072, loss_bbox: 0.3167, loss_mask: 0.3889, loss: 1.2837
2021-05-04 13:30:36,809 - mmdet - INFO - Epoch [1][1550/7330]	lr: 2.000e-02, eta: 21:31:25, time: 0.889, data_time: 0.272, memory: 9126, loss_rpn_cls: 0.0656, loss_rpn_bbox: 0.0697, loss_cls: 0.4120, acc: 90.0608, loss_bbox: 0.3124, loss_mask: 0.3872, loss: 1.2469
2021-05-04 13:31:21,880 - mmdet - INFO - Epoch [1][1600/7330]	lr: 2.000e-02, eta: 21:30:53, time: 0.902, data_time: 0.269, memory: 9126, loss_rpn_cls: 0.0722, loss_rpn_bbox: 0.0717, loss_cls: 0.4116, acc: 89.9153, loss_bbox: 0.3175, loss_mask: 0.3877, loss: 1.2607
2021-05-04 13:32:06,403 - mmdet - INFO - Epoch [1][1650/7330]	lr: 2.000e-02, eta: 21:29:52, time: 0.891, data_time: 0.277, memory: 9126, loss_rpn_cls: 0.0718, loss_rpn_bbox: 0.0723, loss_cls: 0.4007, acc: 90.4006, loss_bbox: 0.2999, loss_mask: 0.3815, loss: 1.2262
2021-05-04 13:32:51,918 - mmdet - INFO - Epoch [1][1700/7330]	lr: 2.000e-02, eta: 21:29:41, time: 0.910, data_time: 0.281, memory: 9126, loss_rpn_cls: 0.0765, loss_rpn_bbox: 0.0671, loss_cls: 0.4237, acc: 89.9021, loss_bbox: 0.3096, loss_mask: 0.3875, loss: 1.2645
2021-05-04 13:33:37,441 - mmdet - INFO - Epoch [1][1750/7330]	lr: 2.000e-02, eta: 21:29:28, time: 0.910, data_time: 0.280, memory: 9126, loss_rpn_cls: 0.0736, loss_rpn_bbox: 0.0717, loss_cls: 0.4292, acc: 89.7439, loss_bbox: 0.3172, loss_mask: 0.3812, loss: 1.2729
2021-05-04 13:34:22,126 - mmdet - INFO - Epoch [1][1800/7330]	lr: 2.000e-02, eta: 21:28:34, time: 0.894, data_time: 0.269, memory: 9126, loss_rpn_cls: 0.0771, loss_rpn_bbox: 0.0744, loss_cls: 0.4127, acc: 90.2571, loss_bbox: 0.3041, loss_mask: 0.3948, loss: 1.2632
2021-05-04 13:35:07,088 - mmdet - INFO - Epoch [1][1850/7330]	lr: 2.000e-02, eta: 21:27:56, time: 0.900, data_time: 0.280, memory: 9126, loss_rpn_cls: 0.0710, loss_rpn_bbox: 0.0727, loss_cls: 0.4197, acc: 89.8882, loss_bbox: 0.3129, loss_mask: 0.3851, loss: 1.2615
2021-05-04 13:35:51,819 - mmdet - INFO - Epoch [1][1900/7330]	lr: 2.000e-02, eta: 21:27:04, time: 0.895, data_time: 0.275, memory: 9126, loss_rpn_cls: 0.0692, loss_rpn_bbox: 0.0705, loss_cls: 0.4031, acc: 90.2317, loss_bbox: 0.3029, loss_mask: 0.3806, loss: 1.2263
2021-05-04 13:36:36,521 - mmdet - INFO - Epoch [1][1950/7330]	lr: 2.000e-02, eta: 21:26:11, time: 0.894, data_time: 0.283, memory: 9126, loss_rpn_cls: 0.0663, loss_rpn_bbox: 0.0717, loss_cls: 0.3970, acc: 90.1082, loss_bbox: 0.3066, loss_mask: 0.3761, loss: 1.2177
2021-05-04 13:37:21,365 - mmdet - INFO - Exp name: carafeppp_coco_mask_r50_1x_3_kernelexp__BK.py
2021-05-04 13:37:21,365 - mmdet - INFO - Epoch [1][2000/7330]	lr: 2.000e-02, eta: 21:25:26, time: 0.897, data_time: 0.276, memory: 9126, loss_rpn_cls: 0.0695, loss_rpn_bbox: 0.0694, loss_cls: 0.4172, acc: 90.0352, loss_bbox: 0.3069, loss_mask: 0.3802, loss: 1.2431
2021-05-04 13:38:06,198 - mmdet - INFO - Epoch [1][2050/7330]	lr: 2.000e-02, eta: 21:24:39, time: 0.897, data_time: 0.264, memory: 9126, loss_rpn_cls: 0.0675, loss_rpn_bbox: 0.0705, loss_cls: 0.4016, acc: 90.0859, loss_bbox: 0.3077, loss_mask: 0.3822, loss: 1.2295
2021-05-04 13:38:50,702 - mmdet - INFO - Epoch [1][2100/7330]	lr: 2.000e-02, eta: 21:23:41, time: 0.891, data_time: 0.261, memory: 9126, loss_rpn_cls: 0.0663, loss_rpn_bbox: 0.0666, loss_cls: 0.3908, acc: 90.3062, loss_bbox: 0.3007, loss_mask: 0.3679, loss: 1.1924
2021-05-04 13:39:35,022 - mmdet - INFO - Epoch [1][2150/7330]	lr: 2.000e-02, eta: 21:22:34, time: 0.886, data_time: 0.266, memory: 9126, loss_rpn_cls: 0.0667, loss_rpn_bbox: 0.0665, loss_cls: 0.3870, acc: 90.3933, loss_bbox: 0.2962, loss_mask: 0.3667, loss: 1.1831
2021-05-04 13:40:20,394 - mmdet - INFO - Epoch [1][2200/7330]	lr: 2.000e-02, eta: 21:22:10, time: 0.907, data_time: 0.263, memory: 9126, loss_rpn_cls: 0.0740, loss_rpn_bbox: 0.0717, loss_cls: 0.4023, acc: 90.1677, loss_bbox: 0.2966, loss_mask: 0.3732, loss: 1.2179
2021-05-04 13:41:04,943 - mmdet - INFO - Epoch [1][2250/7330]	lr: 2.000e-02, eta: 21:21:13, time: 0.891, data_time: 0.279, memory: 9126, loss_rpn_cls: 0.0677, loss_rpn_bbox: 0.0706, loss_cls: 0.3947, acc: 90.3516, loss_bbox: 0.2949, loss_mask: 0.3673, loss: 1.1952
2021-05-04 13:41:50,469 - mmdet - INFO - Epoch [1][2300/7330]	lr: 2.000e-02, eta: 21:20:54, time: 0.911, data_time: 0.270, memory: 9126, loss_rpn_cls: 0.0718, loss_rpn_bbox: 0.0711, loss_cls: 0.3995, acc: 90.0393, loss_bbox: 0.3145, loss_mask: 0.3758, loss: 1.2327
2021-05-04 13:42:34,992 - mmdet - INFO - Epoch [1][2350/7330]	lr: 2.000e-02, eta: 21:19:57, time: 0.891, data_time: 0.277, memory: 9126, loss_rpn_cls: 0.0643, loss_rpn_bbox: 0.0695, loss_cls: 0.3899, acc: 90.3181, loss_bbox: 0.3002, loss_mask: 0.3669, loss: 1.1909
2021-05-04 13:43:19,477 - mmdet - INFO - Epoch [1][2400/7330]	lr: 2.000e-02, eta: 21:18:59, time: 0.889, data_time: 0.266, memory: 9126, loss_rpn_cls: 0.0689, loss_rpn_bbox: 0.0704, loss_cls: 0.3942, acc: 90.2417, loss_bbox: 0.2998, loss_mask: 0.3752, loss: 1.2085
2021-05-04 13:44:04,587 - mmdet - INFO - Epoch [1][2450/7330]	lr: 2.000e-02, eta: 21:18:23, time: 0.902, data_time: 0.264, memory: 9126, loss_rpn_cls: 0.0713, loss_rpn_bbox: 0.0682, loss_cls: 0.3946, acc: 90.0662, loss_bbox: 0.3030, loss_mask: 0.3686, loss: 1.2056
2021-05-04 13:44:49,149 - mmdet - INFO - Epoch [1][2500/7330]	lr: 2.000e-02, eta: 21:17:29, time: 0.892, data_time: 0.254, memory: 9126, loss_rpn_cls: 0.0647, loss_rpn_bbox: 0.0666, loss_cls: 0.3813, acc: 90.4199, loss_bbox: 0.2987, loss_mask: 0.3583, loss: 1.1696
2021-05-04 13:45:34,016 - mmdet - INFO - Epoch [1][2550/7330]	lr: 2.000e-02, eta: 21:16:45, time: 0.898, data_time: 0.268, memory: 9126, loss_rpn_cls: 0.0681, loss_rpn_bbox: 0.0677, loss_cls: 0.3930, acc: 90.0535, loss_bbox: 0.3075, loss_mask: 0.3812, loss: 1.2175
2021-05-04 13:46:18,391 - mmdet - INFO - Epoch [1][2600/7330]	lr: 2.000e-02, eta: 21:15:45, time: 0.887, data_time: 0.263, memory: 9126, loss_rpn_cls: 0.0674, loss_rpn_bbox: 0.0668, loss_cls: 0.3877, acc: 90.2556, loss_bbox: 0.2982, loss_mask: 0.3577, loss: 1.1778
2021-05-04 13:47:03,452 - mmdet - INFO - Epoch [1][2650/7330]	lr: 2.000e-02, eta: 21:15:06, time: 0.901, data_time: 0.265, memory: 9126, loss_rpn_cls: 0.0672, loss_rpn_bbox: 0.0689, loss_cls: 0.3900, acc: 89.9673, loss_bbox: 0.3112, loss_mask: 0.3672, loss: 1.2046
2021-05-04 13:47:48,843 - mmdet - INFO - Epoch [1][2700/7330]	lr: 2.000e-02, eta: 21:14:38, time: 0.907, data_time: 0.282, memory: 9126, loss_rpn_cls: 0.0681, loss_rpn_bbox: 0.0701, loss_cls: 0.4005, acc: 90.0525, loss_bbox: 0.3072, loss_mask: 0.3725, loss: 1.2184
2021-05-04 13:48:33,606 - mmdet - INFO - Epoch [1][2750/7330]	lr: 2.000e-02, eta: 21:13:51, time: 0.896, data_time: 0.282, memory: 9126, loss_rpn_cls: 0.0688, loss_rpn_bbox: 0.0667, loss_cls: 0.3767, acc: 90.5564, loss_bbox: 0.2916, loss_mask: 0.3572, loss: 1.1610
2021-05-04 13:49:17,630 - mmdet - INFO - Epoch [1][2800/7330]	lr: 2.000e-02, eta: 21:12:41, time: 0.880, data_time: 0.269, memory: 9126, loss_rpn_cls: 0.0675, loss_rpn_bbox: 0.0668, loss_cls: 0.3665, acc: 90.6917, loss_bbox: 0.2838, loss_mask: 0.3629, loss: 1.1475
2021-05-04 13:50:03,187 - mmdet - INFO - Epoch [1][2850/7330]	lr: 2.000e-02, eta: 21:12:19, time: 0.912, data_time: 0.269, memory: 9126, loss_rpn_cls: 0.0644, loss_rpn_bbox: 0.0685, loss_cls: 0.3803, acc: 90.2358, loss_bbox: 0.3021, loss_mask: 0.3643, loss: 1.1796
2021-05-04 13:50:48,014 - mmdet - INFO - Epoch [1][2900/7330]	lr: 2.000e-02, eta: 21:11:32, time: 0.896, data_time: 0.278, memory: 9126, loss_rpn_cls: 0.0619, loss_rpn_bbox: 0.0650, loss_cls: 0.3820, acc: 90.2468, loss_bbox: 0.3055, loss_mask: 0.3679, loss: 1.1823
2021-05-04 13:51:33,145 - mmdet - INFO - Epoch [1][2950/7330]	lr: 2.000e-02, eta: 21:10:57, time: 0.903, data_time: 0.256, memory: 9126, loss_rpn_cls: 0.0651, loss_rpn_bbox: 0.0684, loss_cls: 0.3741, acc: 90.4438, loss_bbox: 0.2944, loss_mask: 0.3609, loss: 1.1629
2021-05-04 13:52:18,007 - mmdet - INFO - Exp name: carafeppp_coco_mask_r50_1x_3_kernelexp__BK.py
2021-05-04 13:52:18,008 - mmdet - INFO - Epoch [1][3000/7330]	lr: 2.000e-02, eta: 21:10:10, time: 0.896, data_time: 0.262, memory: 9126, loss_rpn_cls: 0.0734, loss_rpn_bbox: 0.0743, loss_cls: 0.3885, acc: 90.3215, loss_bbox: 0.2950, loss_mask: 0.3709, loss: 1.2021
2021-05-04 13:53:03,634 - mmdet - INFO - Epoch [1][3050/7330]	lr: 2.000e-02, eta: 21:09:48, time: 0.914, data_time: 0.281, memory: 9126, loss_rpn_cls: 0.0708, loss_rpn_bbox: 0.0671, loss_cls: 0.3870, acc: 90.0969, loss_bbox: 0.3036, loss_mask: 0.3734, loss: 1.2019
2021-05-04 13:53:48,367 - mmdet - INFO - Epoch [1][3100/7330]	lr: 2.000e-02, eta: 21:08:59, time: 0.894, data_time: 0.270, memory: 9126, loss_rpn_cls: 0.0673, loss_rpn_bbox: 0.0649, loss_cls: 0.3760, acc: 90.3262, loss_bbox: 0.2946, loss_mask: 0.3642, loss: 1.1670
2021-05-04 13:54:32,850 - mmdet - INFO - Epoch [1][3150/7330]	lr: 2.000e-02, eta: 21:08:04, time: 0.889, data_time: 0.261, memory: 9126, loss_rpn_cls: 0.0611, loss_rpn_bbox: 0.0683, loss_cls: 0.3786, acc: 90.4719, loss_bbox: 0.2940, loss_mask: 0.3638, loss: 1.1658
2021-05-04 13:55:18,355 - mmdet - INFO - Epoch [1][3200/7330]	lr: 2.000e-02, eta: 21:07:37, time: 0.911, data_time: 0.265, memory: 9126, loss_rpn_cls: 0.0718, loss_rpn_bbox: 0.0683, loss_cls: 0.3821, acc: 90.5818, loss_bbox: 0.2912, loss_mask: 0.3604, loss: 1.1739
2021-05-04 13:56:03,345 - mmdet - INFO - Epoch [1][3250/7330]	lr: 2.000e-02, eta: 21:06:56, time: 0.900, data_time: 0.252, memory: 9126, loss_rpn_cls: 0.0653, loss_rpn_bbox: 0.0666, loss_cls: 0.3945, acc: 89.8513, loss_bbox: 0.3080, loss_mask: 0.3601, loss: 1.1945
2021-05-04 13:56:48,324 - mmdet - INFO - Epoch [1][3300/7330]	lr: 2.000e-02, eta: 21:06:13, time: 0.899, data_time: 0.261, memory: 9126, loss_rpn_cls: 0.0666, loss_rpn_bbox: 0.0700, loss_cls: 0.3888, acc: 90.1836, loss_bbox: 0.3045, loss_mask: 0.3630, loss: 1.1929
2021-05-04 13:57:32,811 - mmdet - INFO - Epoch [1][3350/7330]	lr: 2.000e-02, eta: 21:05:19, time: 0.890, data_time: 0.264, memory: 9126, loss_rpn_cls: 0.0715, loss_rpn_bbox: 0.0641, loss_cls: 0.3767, acc: 90.4849, loss_bbox: 0.2866, loss_mask: 0.3597, loss: 1.1586
2021-05-04 13:58:17,568 - mmdet - INFO - Epoch [1][3400/7330]	lr: 2.000e-02, eta: 21:04:31, time: 0.895, data_time: 0.279, memory: 9126, loss_rpn_cls: 0.0718, loss_rpn_bbox: 0.0715, loss_cls: 0.3729, acc: 90.4253, loss_bbox: 0.2936, loss_mask: 0.3635, loss: 1.1735
2021-05-04 13:59:02,496 - mmdet - INFO - Epoch [1][3450/7330]	lr: 2.000e-02, eta: 21:03:48, time: 0.899, data_time: 0.259, memory: 9126, loss_rpn_cls: 0.0695, loss_rpn_bbox: 0.0708, loss_cls: 0.3859, acc: 90.2732, loss_bbox: 0.2995, loss_mask: 0.3598, loss: 1.1855
2021-05-04 13:59:47,877 - mmdet - INFO - Epoch [1][3500/7330]	lr: 2.000e-02, eta: 21:03:15, time: 0.907, data_time: 0.278, memory: 9126, loss_rpn_cls: 0.0671, loss_rpn_bbox: 0.0663, loss_cls: 0.3734, acc: 90.3752, loss_bbox: 0.3011, loss_mask: 0.3593, loss: 1.1673
2021-05-04 14:00:33,231 - mmdet - INFO - Epoch [1][3550/7330]	lr: 2.000e-02, eta: 21:02:43, time: 0.908, data_time: 0.270, memory: 9126, loss_rpn_cls: 0.0622, loss_rpn_bbox: 0.0674, loss_cls: 0.3860, acc: 90.1157, loss_bbox: 0.3006, loss_mask: 0.3635, loss: 1.1798
2021-05-04 14:01:18,560 - mmdet - INFO - Epoch [1][3600/7330]	lr: 2.000e-02, eta: 21:02:07, time: 0.905, data_time: 0.271, memory: 9126, loss_rpn_cls: 0.0637, loss_rpn_bbox: 0.0640, loss_cls: 0.3785, acc: 90.0408, loss_bbox: 0.3026, loss_mask: 0.3592, loss: 1.1681
2021-05-04 14:02:04,048 - mmdet - INFO - Epoch [1][3650/7330]	lr: 2.000e-02, eta: 21:01:37, time: 0.911, data_time: 0.288, memory: 9126, loss_rpn_cls: 0.0700, loss_rpn_bbox: 0.0705, loss_cls: 0.3796, acc: 90.2273, loss_bbox: 0.2960, loss_mask: 0.3539, loss: 1.1700
2021-05-04 14:02:49,613 - mmdet - INFO - Epoch [1][3700/7330]	lr: 2.000e-02, eta: 21:01:07, time: 0.911, data_time: 0.279, memory: 9126, loss_rpn_cls: 0.0641, loss_rpn_bbox: 0.0668, loss_cls: 0.3639, acc: 90.4258, loss_bbox: 0.2957, loss_mask: 0.3528, loss: 1.1434
2021-05-04 14:03:34,987 - mmdet - INFO - Epoch [1][3750/7330]	lr: 2.000e-02, eta: 21:00:33, time: 0.907, data_time: 0.278, memory: 9126, loss_rpn_cls: 0.0678, loss_rpn_bbox: 0.0731, loss_cls: 0.3963, acc: 89.8301, loss_bbox: 0.3144, loss_mask: 0.3690, loss: 1.2206
2021-05-04 14:04:20,057 - mmdet - INFO - Epoch [1][3800/7330]	lr: 2.000e-02, eta: 20:59:52, time: 0.902, data_time: 0.269, memory: 9126, loss_rpn_cls: 0.0628, loss_rpn_bbox: 0.0668, loss_cls: 0.3851, acc: 90.2573, loss_bbox: 0.2970, loss_mask: 0.3549, loss: 1.1665
2021-05-04 14:05:05,576 - mmdet - INFO - Epoch [1][3850/7330]	lr: 2.000e-02, eta: 20:59:20, time: 0.910, data_time: 0.283, memory: 9126, loss_rpn_cls: 0.0669, loss_rpn_bbox: 0.0695, loss_cls: 0.3799, acc: 90.2681, loss_bbox: 0.2980, loss_mask: 0.3641, loss: 1.1784
2021-05-04 14:05:50,852 - mmdet - INFO - Epoch [1][3900/7330]	lr: 2.000e-02, eta: 20:58:43, time: 0.905, data_time: 0.268, memory: 9126, loss_rpn_cls: 0.0622, loss_rpn_bbox: 0.0650, loss_cls: 0.3795, acc: 90.0500, loss_bbox: 0.3066, loss_mask: 0.3582, loss: 1.1715
2021-05-04 14:06:35,524 - mmdet - INFO - Epoch [1][3950/7330]	lr: 2.000e-02, eta: 20:57:52, time: 0.894, data_time: 0.267, memory: 9126, loss_rpn_cls: 0.0628, loss_rpn_bbox: 0.0645, loss_cls: 0.3665, acc: 90.6641, loss_bbox: 0.2901, loss_mask: 0.3555, loss: 1.1395
2021-05-04 14:07:20,225 - mmdet - INFO - Exp name: carafeppp_coco_mask_r50_1x_3_kernelexp__BK.py
2021-05-04 14:07:20,226 - mmdet - INFO - Epoch [1][4000/7330]	lr: 2.000e-02, eta: 20:57:03, time: 0.895, data_time: 0.265, memory: 9126, loss_rpn_cls: 0.0620, loss_rpn_bbox: 0.0665, loss_cls: 0.3706, acc: 90.5874, loss_bbox: 0.2868, loss_mask: 0.3602, loss: 1.1460
2021-05-04 14:08:04,686 - mmdet - INFO - Epoch [1][4050/7330]	lr: 2.000e-02, eta: 20:56:09, time: 0.889, data_time: 0.258, memory: 9126, loss_rpn_cls: 0.0639, loss_rpn_bbox: 0.0674, loss_cls: 0.3723, acc: 90.4175, loss_bbox: 0.2918, loss_mask: 0.3580, loss: 1.1534
2021-05-04 14:08:49,701 - mmdet - INFO - Epoch [1][4100/7330]	lr: 2.000e-02, eta: 20:55:26, time: 0.900, data_time: 0.260, memory: 9126, loss_rpn_cls: 0.0696, loss_rpn_bbox: 0.0683, loss_cls: 0.3608, acc: 90.7710, loss_bbox: 0.2784, loss_mask: 0.3574, loss: 1.1345
2021-05-04 14:09:34,742 - mmdet - INFO - Epoch [1][4150/7330]	lr: 2.000e-02, eta: 20:54:44, time: 0.901, data_time: 0.269, memory: 9126, loss_rpn_cls: 0.0669, loss_rpn_bbox: 0.0673, loss_cls: 0.3810, acc: 90.0667, loss_bbox: 0.2997, loss_mask: 0.3626, loss: 1.1775
2021-05-04 14:10:19,229 - mmdet - INFO - Epoch [1][4200/7330]	lr: 2.000e-02, eta: 20:53:50, time: 0.890, data_time: 0.268, memory: 9126, loss_rpn_cls: 0.0644, loss_rpn_bbox: 0.0646, loss_cls: 0.3633, acc: 90.7156, loss_bbox: 0.2856, loss_mask: 0.3471, loss: 1.1250
2021-05-04 14:11:04,105 - mmdet - INFO - Epoch [1][4250/7330]	lr: 2.000e-02, eta: 20:53:05, time: 0.897, data_time: 0.257, memory: 9126, loss_rpn_cls: 0.0646, loss_rpn_bbox: 0.0669, loss_cls: 0.3717, acc: 90.3438, loss_bbox: 0.2962, loss_mask: 0.3506, loss: 1.1500
2021-05-04 14:11:49,832 - mmdet - INFO - Epoch [1][4300/7330]	lr: 2.000e-02, eta: 20:52:35, time: 0.914, data_time: 0.259, memory: 9126, loss_rpn_cls: 0.0657, loss_rpn_bbox: 0.0650, loss_cls: 0.3631, acc: 90.3525, loss_bbox: 0.2995, loss_mask: 0.3556, loss: 1.1488
2021-05-04 14:12:34,048 - mmdet - INFO - Epoch [1][4350/7330]	lr: 2.000e-02, eta: 20:51:37, time: 0.885, data_time: 0.256, memory: 9126, loss_rpn_cls: 0.0635, loss_rpn_bbox: 0.0619, loss_cls: 0.3561, acc: 90.8428, loss_bbox: 0.2778, loss_mask: 0.3507, loss: 1.1100
2021-05-04 14:13:18,703 - mmdet - INFO - Epoch [1][4400/7330]	lr: 2.000e-02, eta: 20:50:48, time: 0.893, data_time: 0.256, memory: 9126, loss_rpn_cls: 0.0696, loss_rpn_bbox: 0.0671, loss_cls: 0.3659, acc: 90.6470, loss_bbox: 0.2869, loss_mask: 0.3633, loss: 1.1528
2021-05-04 14:14:04,010 - mmdet - INFO - Epoch [1][4450/7330]	lr: 2.000e-02, eta: 20:50:10, time: 0.906, data_time: 0.264, memory: 9126, loss_rpn_cls: 0.0706, loss_rpn_bbox: 0.0638, loss_cls: 0.3690, acc: 90.5576, loss_bbox: 0.2848, loss_mask: 0.3505, loss: 1.1387
2021-05-04 14:14:48,758 - mmdet - INFO - Epoch [1][4500/7330]	lr: 2.000e-02, eta: 20:49:22, time: 0.895, data_time: 0.273, memory: 9126, loss_rpn_cls: 0.0635, loss_rpn_bbox: 0.0652, loss_cls: 0.3575, acc: 90.5757, loss_bbox: 0.2886, loss_mask: 0.3438, loss: 1.1186
2021-05-04 14:15:33,336 - mmdet - INFO - Epoch [1][4550/7330]	lr: 2.000e-02, eta: 20:48:32, time: 0.892, data_time: 0.274, memory: 9126, loss_rpn_cls: 0.0644, loss_rpn_bbox: 0.0636, loss_cls: 0.3439, acc: 91.0759, loss_bbox: 0.2709, loss_mask: 0.3495, loss: 1.0922
2021-05-04 14:16:17,688 - mmdet - INFO - Epoch [1][4600/7330]	lr: 2.000e-02, eta: 20:47:36, time: 0.887, data_time: 0.266, memory: 9126, loss_rpn_cls: 0.0623, loss_rpn_bbox: 0.0634, loss_cls: 0.3455, acc: 91.1111, loss_bbox: 0.2718, loss_mask: 0.3517, loss: 1.0946
2021-05-04 14:17:02,718 - mmdet - INFO - Epoch [1][4650/7330]	lr: 2.000e-02, eta: 20:46:53, time: 0.900, data_time: 0.275, memory: 9126, loss_rpn_cls: 0.0675, loss_rpn_bbox: 0.0673, loss_cls: 0.3707, acc: 90.3770, loss_bbox: 0.2917, loss_mask: 0.3544, loss: 1.1517
2021-05-04 14:17:47,297 - mmdet - INFO - Epoch [1][4700/7330]	lr: 2.000e-02, eta: 20:46:03, time: 0.892, data_time: 0.265, memory: 9126, loss_rpn_cls: 0.0649, loss_rpn_bbox: 0.0615, loss_cls: 0.3653, acc: 90.5596, loss_bbox: 0.2855, loss_mask: 0.3517, loss: 1.1289
2021-05-04 14:18:32,659 - mmdet - INFO - Epoch [1][4750/7330]	lr: 2.000e-02, eta: 20:45:27, time: 0.908, data_time: 0.276, memory: 9126, loss_rpn_cls: 0.0715, loss_rpn_bbox: 0.0682, loss_cls: 0.3694, acc: 90.3347, loss_bbox: 0.2928, loss_mask: 0.3549, loss: 1.1569
2021-05-04 14:19:18,100 - mmdet - INFO - Epoch [1][4800/7330]	lr: 2.000e-02, eta: 20:44:51, time: 0.908, data_time: 0.280, memory: 9126, loss_rpn_cls: 0.0661, loss_rpn_bbox: 0.0673, loss_cls: 0.3494, acc: 90.8411, loss_bbox: 0.2807, loss_mask: 0.3568, loss: 1.1204
2021-05-04 14:20:03,516 - mmdet - INFO - Epoch [1][4850/7330]	lr: 2.000e-02, eta: 20:44:14, time: 0.908, data_time: 0.283, memory: 9129, loss_rpn_cls: 0.0680, loss_rpn_bbox: 0.0653, loss_cls: 0.3593, acc: 90.5784, loss_bbox: 0.2883, loss_mask: 0.3490, loss: 1.1299
2021-05-04 14:20:48,648 - mmdet - INFO - Epoch [1][4900/7330]	lr: 2.000e-02, eta: 20:43:34, time: 0.903, data_time: 0.278, memory: 9129, loss_rpn_cls: 0.0681, loss_rpn_bbox: 0.0704, loss_cls: 0.3588, acc: 90.6265, loss_bbox: 0.2874, loss_mask: 0.3576, loss: 1.1422
2021-05-04 14:21:34,387 - mmdet - INFO - Epoch [1][4950/7330]	lr: 2.000e-02, eta: 20:43:02, time: 0.915, data_time: 0.285, memory: 9129, loss_rpn_cls: 0.0681, loss_rpn_bbox: 0.0682, loss_cls: 0.3624, acc: 90.4238, loss_bbox: 0.2928, loss_mask: 0.3499, loss: 1.1414
2021-05-04 14:22:18,345 - mmdet - INFO - Exp name: carafeppp_coco_mask_r50_1x_3_kernelexp__BK.py
2021-05-04 14:22:18,346 - mmdet - INFO - Epoch [1][5000/7330]	lr: 2.000e-02, eta: 20:42:01, time: 0.879, data_time: 0.256, memory: 9129, loss_rpn_cls: 0.0606, loss_rpn_bbox: 0.0609, loss_cls: 0.3476, acc: 91.1213, loss_bbox: 0.2716, loss_mask: 0.3461, loss: 1.0869
2021-05-04 14:23:02,719 - mmdet - INFO - Epoch [1][5050/7330]	lr: 2.000e-02, eta: 20:41:08, time: 0.887, data_time: 0.270, memory: 9129, loss_rpn_cls: 0.0648, loss_rpn_bbox: 0.0656, loss_cls: 0.3678, acc: 90.3252, loss_bbox: 0.2939, loss_mask: 0.3466, loss: 1.1387
2021-05-04 14:23:46,226 - mmdet - INFO - Epoch [1][5100/7330]	lr: 2.000e-02, eta: 20:39:59, time: 0.870, data_time: 0.258, memory: 9129, loss_rpn_cls: 0.0653, loss_rpn_bbox: 0.0611, loss_cls: 0.3654, acc: 90.6387, loss_bbox: 0.2822, loss_mask: 0.3463, loss: 1.1202
2021-05-04 14:24:31,361 - mmdet - INFO - Epoch [1][5150/7330]	lr: 2.000e-02, eta: 20:39:19, time: 0.904, data_time: 0.269, memory: 9129, loss_rpn_cls: 0.0644, loss_rpn_bbox: 0.0665, loss_cls: 0.3526, acc: 90.6082, loss_bbox: 0.2948, loss_mask: 0.3506, loss: 1.1289
2021-05-04 14:25:16,399 - mmdet - INFO - Epoch [1][5200/7330]	lr: 2.000e-02, eta: 20:38:36, time: 0.901, data_time: 0.277, memory: 9129, loss_rpn_cls: 0.0727, loss_rpn_bbox: 0.0679, loss_cls: 0.3595, acc: 90.5273, loss_bbox: 0.2893, loss_mask: 0.3502, loss: 1.1395
2021-05-04 14:26:01,783 - mmdet - INFO - Epoch [1][5250/7330]	lr: 2.000e-02, eta: 20:37:59, time: 0.908, data_time: 0.270, memory: 9129, loss_rpn_cls: 0.0675, loss_rpn_bbox: 0.0661, loss_cls: 0.3703, acc: 90.2827, loss_bbox: 0.2962, loss_mask: 0.3538, loss: 1.1539
2021-05-04 14:26:46,958 - mmdet - INFO - Epoch [1][5300/7330]	lr: 2.000e-02, eta: 20:37:18, time: 0.903, data_time: 0.266, memory: 9129, loss_rpn_cls: 0.0658, loss_rpn_bbox: 0.0659, loss_cls: 0.3669, acc: 90.4756, loss_bbox: 0.2927, loss_mask: 0.3580, loss: 1.1493
2021-05-04 14:27:31,793 - mmdet - INFO - Epoch [1][5350/7330]	lr: 2.000e-02, eta: 20:36:32, time: 0.897, data_time: 0.273, memory: 9129, loss_rpn_cls: 0.0635, loss_rpn_bbox: 0.0645, loss_cls: 0.3627, acc: 90.5095, loss_bbox: 0.2910, loss_mask: 0.3510, loss: 1.1327
2021-05-04 14:28:16,493 - mmdet - INFO - Epoch [1][5400/7330]	lr: 2.000e-02, eta: 20:35:44, time: 0.894, data_time: 0.257, memory: 9129, loss_rpn_cls: 0.0648, loss_rpn_bbox: 0.0626, loss_cls: 0.3577, acc: 90.7144, loss_bbox: 0.2830, loss_mask: 0.3473, loss: 1.1153
2021-05-04 14:29:01,992 - mmdet - INFO - Epoch [1][5450/7330]	lr: 2.000e-02, eta: 20:35:08, time: 0.909, data_time: 0.266, memory: 9129, loss_rpn_cls: 0.0672, loss_rpn_bbox: 0.0687, loss_cls: 0.3486, acc: 90.8723, loss_bbox: 0.2834, loss_mask: 0.3435, loss: 1.1114
2021-05-04 14:29:46,557 - mmdet - INFO - Epoch [1][5500/7330]	lr: 2.000e-02, eta: 20:34:18, time: 0.892, data_time: 0.266, memory: 9129, loss_rpn_cls: 0.0636, loss_rpn_bbox: 0.0661, loss_cls: 0.3493, acc: 90.8503, loss_bbox: 0.2878, loss_mask: 0.3488, loss: 1.1156
2021-05-04 14:30:31,648 - mmdet - INFO - Epoch [1][5550/7330]	lr: 2.000e-02, eta: 20:33:36, time: 0.901, data_time: 0.272, memory: 9129, loss_rpn_cls: 0.0624, loss_rpn_bbox: 0.0664, loss_cls: 0.3585, acc: 90.4753, loss_bbox: 0.2925, loss_mask: 0.3470, loss: 1.1267
2021-05-04 14:31:16,209 - mmdet - INFO - Epoch [1][5600/7330]	lr: 2.000e-02, eta: 20:32:46, time: 0.892, data_time: 0.263, memory: 9129, loss_rpn_cls: 0.0675, loss_rpn_bbox: 0.0630, loss_cls: 0.3571, acc: 90.6316, loss_bbox: 0.2803, loss_mask: 0.3475, loss: 1.1153
2021-05-04 14:32:01,548 - mmdet - INFO - Epoch [1][5650/7330]	lr: 2.000e-02, eta: 20:32:07, time: 0.906, data_time: 0.262, memory: 9129, loss_rpn_cls: 0.0663, loss_rpn_bbox: 0.0699, loss_cls: 0.3733, acc: 90.3838, loss_bbox: 0.2904, loss_mask: 0.3479, loss: 1.1478
2021-05-04 14:32:47,204 - mmdet - INFO - Epoch [1][5700/7330]	lr: 2.000e-02, eta: 20:31:33, time: 0.913, data_time: 0.261, memory: 9129, loss_rpn_cls: 0.0642, loss_rpn_bbox: 0.0639, loss_cls: 0.3523, acc: 90.5442, loss_bbox: 0.2884, loss_mask: 0.3398, loss: 1.1087
2021-05-04 14:33:32,668 - mmdet - INFO - Epoch [1][5750/7330]	lr: 2.000e-02, eta: 20:30:56, time: 0.909, data_time: 0.271, memory: 9129, loss_rpn_cls: 0.0664, loss_rpn_bbox: 0.0678, loss_cls: 0.3603, acc: 90.6379, loss_bbox: 0.2923, loss_mask: 0.3513, loss: 1.1381
2021-05-04 14:34:18,361 - mmdet - INFO - Epoch [1][5800/7330]	lr: 2.000e-02, eta: 20:30:22, time: 0.914, data_time: 0.282, memory: 9129, loss_rpn_cls: 0.0671, loss_rpn_bbox: 0.0694, loss_cls: 0.3677, acc: 90.2607, loss_bbox: 0.2992, loss_mask: 0.3446, loss: 1.1480
2021-05-04 14:35:03,354 - mmdet - INFO - Epoch [1][5850/7330]	lr: 2.000e-02, eta: 20:29:38, time: 0.900, data_time: 0.256, memory: 9129, loss_rpn_cls: 0.0632, loss_rpn_bbox: 0.0625, loss_cls: 0.3418, acc: 90.8975, loss_bbox: 0.2747, loss_mask: 0.3402, loss: 1.0824
2021-05-04 14:35:49,298 - mmdet - INFO - Epoch [1][5900/7330]	lr: 2.000e-02, eta: 20:29:07, time: 0.919, data_time: 0.275, memory: 9129, loss_rpn_cls: 0.0649, loss_rpn_bbox: 0.0704, loss_cls: 0.3696, acc: 90.1501, loss_bbox: 0.3010, loss_mask: 0.3488, loss: 1.1546
2021-05-04 14:36:34,039 - mmdet - INFO - Epoch [1][5950/7330]	lr: 2.000e-02, eta: 20:28:20, time: 0.895, data_time: 0.256, memory: 9129, loss_rpn_cls: 0.0588, loss_rpn_bbox: 0.0609, loss_cls: 0.3533, acc: 90.6533, loss_bbox: 0.2857, loss_mask: 0.3431, loss: 1.1017
2021-05-04 14:37:18,436 - mmdet - INFO - Exp name: carafeppp_coco_mask_r50_1x_3_kernelexp__BK.py
2021-05-04 14:37:18,437 - mmdet - INFO - Epoch [1][6000/7330]	lr: 2.000e-02, eta: 20:27:28, time: 0.888, data_time: 0.263, memory: 9129, loss_rpn_cls: 0.0660, loss_rpn_bbox: 0.0641, loss_cls: 0.3581, acc: 90.6206, loss_bbox: 0.2854, loss_mask: 0.3412, loss: 1.1148
2021-05-04 14:38:03,615 - mmdet - INFO - Epoch [1][6050/7330]	lr: 2.000e-02, eta: 20:26:46, time: 0.903, data_time: 0.271, memory: 9129, loss_rpn_cls: 0.0637, loss_rpn_bbox: 0.0650, loss_cls: 0.3575, acc: 90.5061, loss_bbox: 0.2897, loss_mask: 0.3435, loss: 1.1194
2021-05-04 14:38:48,262 - mmdet - INFO - Epoch [1][6100/7330]	lr: 2.000e-02, eta: 20:25:57, time: 0.893, data_time: 0.269, memory: 9129, loss_rpn_cls: 0.0668, loss_rpn_bbox: 0.0648, loss_cls: 0.3531, acc: 90.7810, loss_bbox: 0.2772, loss_mask: 0.3365, loss: 1.0984
2021-05-04 14:39:32,592 - mmdet - INFO - Epoch [1][6150/7330]	lr: 2.000e-02, eta: 20:25:05, time: 0.887, data_time: 0.267, memory: 9129, loss_rpn_cls: 0.0620, loss_rpn_bbox: 0.0607, loss_cls: 0.3429, acc: 90.9912, loss_bbox: 0.2761, loss_mask: 0.3441, loss: 1.0858
2021-05-04 14:40:17,863 - mmdet - INFO - Epoch [1][6200/7330]	lr: 2.000e-02, eta: 20:24:24, time: 0.905, data_time: 0.272, memory: 9129, loss_rpn_cls: 0.0657, loss_rpn_bbox: 0.0706, loss_cls: 0.3664, acc: 90.3582, loss_bbox: 0.2923, loss_mask: 0.3485, loss: 1.1435
2021-05-04 14:41:02,764 - mmdet - INFO - Epoch [1][6250/7330]	lr: 2.000e-02, eta: 20:23:39, time: 0.899, data_time: 0.286, memory: 9129, loss_rpn_cls: 0.0570, loss_rpn_bbox: 0.0652, loss_cls: 0.3500, acc: 90.7876, loss_bbox: 0.2773, loss_mask: 0.3445, loss: 1.0940
2021-05-04 14:41:47,615 - mmdet - INFO - Epoch [1][6300/7330]	lr: 2.000e-02, eta: 20:22:53, time: 0.896, data_time: 0.281, memory: 9129, loss_rpn_cls: 0.0637, loss_rpn_bbox: 0.0635, loss_cls: 0.3572, acc: 90.6602, loss_bbox: 0.2819, loss_mask: 0.3472, loss: 1.1134
2021-05-04 14:42:32,135 - mmdet - INFO - Epoch [1][6350/7330]	lr: 2.000e-02, eta: 20:22:02, time: 0.890, data_time: 0.266, memory: 9129, loss_rpn_cls: 0.0638, loss_rpn_bbox: 0.0652, loss_cls: 0.3437, acc: 90.9558, loss_bbox: 0.2762, loss_mask: 0.3429, loss: 1.0917
2021-05-04 14:43:16,352 - mmdet - INFO - Epoch [1][6400/7330]	lr: 2.000e-02, eta: 20:21:09, time: 0.885, data_time: 0.259, memory: 9129, loss_rpn_cls: 0.0621, loss_rpn_bbox: 0.0630, loss_cls: 0.3414, acc: 91.0803, loss_bbox: 0.2727, loss_mask: 0.3443, loss: 1.0834
2021-05-04 14:44:01,411 - mmdet - INFO - Epoch [1][6450/7330]	lr: 2.000e-02, eta: 20:20:25, time: 0.901, data_time: 0.275, memory: 9129, loss_rpn_cls: 0.0632, loss_rpn_bbox: 0.0606, loss_cls: 0.3369, acc: 90.9851, loss_bbox: 0.2801, loss_mask: 0.3411, loss: 1.0819
2021-05-04 14:44:46,740 - mmdet - INFO - Epoch [1][6500/7330]	lr: 2.000e-02, eta: 20:19:46, time: 0.907, data_time: 0.281, memory: 9129, loss_rpn_cls: 0.0628, loss_rpn_bbox: 0.0646, loss_cls: 0.3512, acc: 90.6086, loss_bbox: 0.2870, loss_mask: 0.3380, loss: 1.1036
2021-05-04 14:45:31,293 - mmdet - INFO - Epoch [1][6550/7330]	lr: 2.000e-02, eta: 20:18:56, time: 0.891, data_time: 0.246, memory: 9129, loss_rpn_cls: 0.0611, loss_rpn_bbox: 0.0632, loss_cls: 0.3395, acc: 91.1958, loss_bbox: 0.2720, loss_mask: 0.3502, loss: 1.0861
2021-05-04 14:46:16,571 - mmdet - INFO - Epoch [1][6600/7330]	lr: 2.000e-02, eta: 20:18:16, time: 0.906, data_time: 0.268, memory: 9129, loss_rpn_cls: 0.0629, loss_rpn_bbox: 0.0637, loss_cls: 0.3412, acc: 90.9351, loss_bbox: 0.2824, loss_mask: 0.3376, loss: 1.0878
2021-05-04 14:47:01,578 - mmdet - INFO - Epoch [1][6650/7330]	lr: 2.000e-02, eta: 20:17:32, time: 0.900, data_time: 0.280, memory: 9129, loss_rpn_cls: 0.0608, loss_rpn_bbox: 0.0639, loss_cls: 0.3513, acc: 90.7124, loss_bbox: 0.2858, loss_mask: 0.3442, loss: 1.1061
2021-05-04 14:47:46,889 - mmdet - INFO - Epoch [1][6700/7330]	lr: 2.000e-02, eta: 20:16:52, time: 0.906, data_time: 0.252, memory: 9129, loss_rpn_cls: 0.0626, loss_rpn_bbox: 0.0678, loss_cls: 0.3451, acc: 90.8103, loss_bbox: 0.2851, loss_mask: 0.3445, loss: 1.1050
2021-05-04 14:48:32,758 - mmdet - INFO - Epoch [1][6750/7330]	lr: 2.000e-02, eta: 20:16:18, time: 0.917, data_time: 0.287, memory: 9129, loss_rpn_cls: 0.0674, loss_rpn_bbox: 0.0651, loss_cls: 0.3564, acc: 90.4658, loss_bbox: 0.2878, loss_mask: 0.3406, loss: 1.1174
2021-05-04 14:49:18,346 - mmdet - INFO - Epoch [1][6800/7330]	lr: 2.000e-02, eta: 20:15:41, time: 0.912, data_time: 0.277, memory: 9129, loss_rpn_cls: 0.0668, loss_rpn_bbox: 0.0700, loss_cls: 0.3665, acc: 90.3477, loss_bbox: 0.2939, loss_mask: 0.3484, loss: 1.1456
2021-05-04 14:50:04,690 - mmdet - INFO - Epoch [1][6850/7330]	lr: 2.000e-02, eta: 20:15:13, time: 0.926, data_time: 0.269, memory: 9129, loss_rpn_cls: 0.0693, loss_rpn_bbox: 0.0665, loss_cls: 0.3651, acc: 90.0544, loss_bbox: 0.2982, loss_mask: 0.3403, loss: 1.1394
2021-05-04 14:50:49,213 - mmdet - INFO - Epoch [1][6900/7330]	lr: 2.000e-02, eta: 20:14:23, time: 0.891, data_time: 0.273, memory: 9129, loss_rpn_cls: 0.0620, loss_rpn_bbox: 0.0666, loss_cls: 0.3441, acc: 90.9224, loss_bbox: 0.2713, loss_mask: 0.3361, loss: 1.0802
2021-05-04 14:51:33,939 - mmdet - INFO - Epoch [1][6950/7330]	lr: 2.000e-02, eta: 20:13:35, time: 0.895, data_time: 0.261, memory: 9129, loss_rpn_cls: 0.0598, loss_rpn_bbox: 0.0614, loss_cls: 0.3463, acc: 90.6750, loss_bbox: 0.2883, loss_mask: 0.3420, loss: 1.0979
2021-05-04 14:52:19,157 - mmdet - INFO - Exp name: carafeppp_coco_mask_r50_1x_3_kernelexp__BK.py
2021-05-04 14:52:19,157 - mmdet - INFO - Epoch [1][7000/7330]	lr: 2.000e-02, eta: 20:12:54, time: 0.904, data_time: 0.260, memory: 9129, loss_rpn_cls: 0.0646, loss_rpn_bbox: 0.0677, loss_cls: 0.3500, acc: 90.7495, loss_bbox: 0.2866, loss_mask: 0.3426, loss: 1.1115
2021-05-04 14:53:04,099 - mmdet - INFO - Epoch [1][7050/7330]	lr: 2.000e-02, eta: 20:12:08, time: 0.899, data_time: 0.284, memory: 9129, loss_rpn_cls: 0.0673, loss_rpn_bbox: 0.0653, loss_cls: 0.3533, acc: 90.6160, loss_bbox: 0.2856, loss_mask: 0.3417, loss: 1.1132
2021-05-04 14:53:48,582 - mmdet - INFO - Epoch [1][7100/7330]	lr: 2.000e-02, eta: 20:11:18, time: 0.890, data_time: 0.279, memory: 9129, loss_rpn_cls: 0.0598, loss_rpn_bbox: 0.0615, loss_cls: 0.3527, acc: 90.6133, loss_bbox: 0.2860, loss_mask: 0.3383, loss: 1.0984
2021-05-04 14:54:33,368 - mmdet - INFO - Epoch [1][7150/7330]	lr: 2.000e-02, eta: 20:10:32, time: 0.896, data_time: 0.271, memory: 9129, loss_rpn_cls: 0.0619, loss_rpn_bbox: 0.0653, loss_cls: 0.3483, acc: 90.5779, loss_bbox: 0.2932, loss_mask: 0.3487, loss: 1.1174
2021-05-04 14:55:17,881 - mmdet - INFO - Epoch [1][7200/7330]	lr: 2.000e-02, eta: 20:09:42, time: 0.890, data_time: 0.263, memory: 9129, loss_rpn_cls: 0.0619, loss_rpn_bbox: 0.0628, loss_cls: 0.3447, acc: 90.8154, loss_bbox: 0.2782, loss_mask: 0.3364, loss: 1.0840
2021-05-04 14:56:02,528 - mmdet - INFO - Epoch [1][7250/7330]	lr: 2.000e-02, eta: 20:08:54, time: 0.893, data_time: 0.255, memory: 9129, loss_rpn_cls: 0.0649, loss_rpn_bbox: 0.0618, loss_cls: 0.3310, acc: 91.2075, loss_bbox: 0.2677, loss_mask: 0.3424, loss: 1.0678
2021-05-04 14:56:47,174 - mmdet - INFO - Epoch [1][7300/7330]	lr: 2.000e-02, eta: 20:08:05, time: 0.893, data_time: 0.264, memory: 9129, loss_rpn_cls: 0.0612, loss_rpn_bbox: 0.0650, loss_cls: 0.3516, acc: 90.6414, loss_bbox: 0.2857, loss_mask: 0.3388, loss: 1.1023
2021-05-04 14:57:13,453 - mmdet - INFO - Saving checkpoint at 1 epochs
2021-05-04 14:59:09,195 - mmdet - INFO - Evaluating bbox...
2021-05-04 15:00:11,349 - mmdet - INFO - Evaluating segm...
2021-05-04 15:01:11,727 - mmdet - INFO - Exp name: carafeppp_coco_mask_r50_1x_3_kernelexp__BK.py
2021-05-04 15:01:11,728 - mmdet - INFO - Epoch(val) [1][7330]	bbox_mAP: 0.1450, bbox_mAP_50: 0.2700, bbox_mAP_75: 0.1420, bbox_mAP_s: 0.0650, bbox_mAP_m: 0.1540, bbox_mAP_l: 0.2000, bbox_mAP_copypaste: 0.145 0.270 0.142 0.065 0.154 0.200, segm_mAP: 0.1370, segm_mAP_50: 0.2500, segm_mAP_75: 0.1350, segm_mAP_s: 0.0560, segm_mAP_m: 0.1450, segm_mAP_l: 0.1980, segm_mAP_copypaste: 0.137 0.250 0.135 0.056 0.145 0.198
2021-05-04 15:01:59,463 - mmdet - INFO - Epoch [2][50/7330]	lr: 2.000e-02, eta: 20:02:29, time: 0.954, data_time: 0.358, memory: 9129, loss_rpn_cls: 0.0628, loss_rpn_bbox: 0.0644, loss_cls: 0.3544, acc: 90.5403, loss_bbox: 0.2874, loss_mask: 0.3422, loss: 1.1112
2021-05-04 15:02:43,923 - mmdet - INFO - Epoch [2][100/7330]	lr: 2.000e-02, eta: 20:01:41, time: 0.889, data_time: 0.283, memory: 9129, loss_rpn_cls: 0.0601, loss_rpn_bbox: 0.0651, loss_cls: 0.3513, acc: 90.5283, loss_bbox: 0.2869, loss_mask: 0.3327, loss: 1.0961
2021-05-04 15:03:28,965 - mmdet - INFO - Epoch [2][150/7330]	lr: 2.000e-02, eta: 20:00:59, time: 0.900, data_time: 0.274, memory: 9129, loss_rpn_cls: 0.0594, loss_rpn_bbox: 0.0651, loss_cls: 0.3487, acc: 90.6284, loss_bbox: 0.2925, loss_mask: 0.3431, loss: 1.1087
2021-05-04 15:04:13,791 - mmdet - INFO - Epoch [2][200/7330]	lr: 2.000e-02, eta: 20:00:15, time: 0.897, data_time: 0.288, memory: 9129, loss_rpn_cls: 0.0607, loss_rpn_bbox: 0.0656, loss_cls: 0.3444, acc: 90.6201, loss_bbox: 0.2866, loss_mask: 0.3381, loss: 1.0954
2021-05-04 15:04:58,677 - mmdet - INFO - Epoch [2][250/7330]	lr: 2.000e-02, eta: 19:59:32, time: 0.898, data_time: 0.276, memory: 9129, loss_rpn_cls: 0.0603, loss_rpn_bbox: 0.0666, loss_cls: 0.3399, acc: 90.8936, loss_bbox: 0.2779, loss_mask: 0.3404, loss: 1.0852
2021-05-04 15:05:43,507 - mmdet - INFO - Epoch [2][300/7330]	lr: 2.000e-02, eta: 19:58:48, time: 0.896, data_time: 0.278, memory: 9129, loss_rpn_cls: 0.0649, loss_rpn_bbox: 0.0642, loss_cls: 0.3383, acc: 90.9009, loss_bbox: 0.2744, loss_mask: 0.3403, loss: 1.0822
2021-05-04 15:06:28,483 - mmdet - INFO - Epoch [2][350/7330]	lr: 2.000e-02, eta: 19:58:05, time: 0.899, data_time: 0.264, memory: 9129, loss_rpn_cls: 0.0578, loss_rpn_bbox: 0.0607, loss_cls: 0.3379, acc: 90.9465, loss_bbox: 0.2814, loss_mask: 0.3384, loss: 1.0763
2021-05-04 15:07:12,749 - mmdet - INFO - Epoch [2][400/7330]	lr: 2.000e-02, eta: 19:57:15, time: 0.885, data_time: 0.259, memory: 9129, loss_rpn_cls: 0.0577, loss_rpn_bbox: 0.0610, loss_cls: 0.3381, acc: 91.0793, loss_bbox: 0.2749, loss_mask: 0.3416, loss: 1.0733
2021-05-04 15:07:57,888 - mmdet - INFO - Epoch [2][450/7330]	lr: 2.000e-02, eta: 19:56:34, time: 0.903, data_time: 0.261, memory: 9129, loss_rpn_cls: 0.0631, loss_rpn_bbox: 0.0648, loss_cls: 0.3450, acc: 90.7358, loss_bbox: 0.2846, loss_mask: 0.3434, loss: 1.1010
2021-05-04 15:08:42,289 - mmdet - INFO - Epoch [2][500/7330]	lr: 2.000e-02, eta: 19:55:45, time: 0.888, data_time: 0.266, memory: 9129, loss_rpn_cls: 0.0658, loss_rpn_bbox: 0.0623, loss_cls: 0.3488, acc: 90.6882, loss_bbox: 0.2765, loss_mask: 0.3398, loss: 1.0931
2021-05-04 15:09:26,921 - mmdet - INFO - Epoch [2][550/7330]	lr: 2.000e-02, eta: 19:54:59, time: 0.893, data_time: 0.274, memory: 9129, loss_rpn_cls: 0.0595, loss_rpn_bbox: 0.0640, loss_cls: 0.3415, acc: 90.8167, loss_bbox: 0.2773, loss_mask: 0.3387, loss: 1.0810
2021-05-04 15:10:13,090 - mmdet - INFO - Epoch [2][600/7330]	lr: 2.000e-02, eta: 19:54:28, time: 0.923, data_time: 0.297, memory: 9129, loss_rpn_cls: 0.0638, loss_rpn_bbox: 0.0687, loss_cls: 0.3416, acc: 90.5510, loss_bbox: 0.2876, loss_mask: 0.3332, loss: 1.0948
2021-05-04 15:10:58,120 - mmdet - INFO - Epoch [2][650/7330]	lr: 2.000e-02, eta: 19:53:47, time: 0.901, data_time: 0.276, memory: 9129, loss_rpn_cls: 0.0589, loss_rpn_bbox: 0.0625, loss_cls: 0.3496, acc: 90.6021, loss_bbox: 0.2878, loss_mask: 0.3432, loss: 1.1020
2021-05-04 15:11:42,313 - mmdet - INFO - Epoch [2][700/7330]	lr: 2.000e-02, eta: 19:52:56, time: 0.883, data_time: 0.265, memory: 9129, loss_rpn_cls: 0.0581, loss_rpn_bbox: 0.0609, loss_cls: 0.3340, acc: 91.0330, loss_bbox: 0.2781, loss_mask: 0.3399, loss: 1.0710
2021-05-04 15:12:26,891 - mmdet - INFO - Epoch [2][750/7330]	lr: 2.000e-02, eta: 19:52:09, time: 0.892, data_time: 0.277, memory: 9129, loss_rpn_cls: 0.0581, loss_rpn_bbox: 0.0607, loss_cls: 0.3311, acc: 91.0464, loss_bbox: 0.2781, loss_mask: 0.3382, loss: 1.0662
2021-05-04 15:13:11,719 - mmdet - INFO - Epoch [2][800/7330]	lr: 2.000e-02, eta: 19:51:25, time: 0.897, data_time: 0.278, memory: 9129, loss_rpn_cls: 0.0612, loss_rpn_bbox: 0.0620, loss_cls: 0.3537, acc: 90.5034, loss_bbox: 0.2855, loss_mask: 0.3323, loss: 1.0947
2021-05-04 15:13:56,852 - mmdet - INFO - Epoch [2][850/7330]	lr: 2.000e-02, eta: 19:50:43, time: 0.902, data_time: 0.285, memory: 9129, loss_rpn_cls: 0.0588, loss_rpn_bbox: 0.0637, loss_cls: 0.3371, acc: 90.7119, loss_bbox: 0.2802, loss_mask: 0.3349, loss: 1.0746
2021-05-04 15:14:41,622 - mmdet - INFO - Epoch [2][900/7330]	lr: 2.000e-02, eta: 19:49:59, time: 0.896, data_time: 0.270, memory: 9129, loss_rpn_cls: 0.0571, loss_rpn_bbox: 0.0623, loss_cls: 0.3292, acc: 91.0896, loss_bbox: 0.2778, loss_mask: 0.3335, loss: 1.0599
2021-05-04 15:15:26,868 - mmdet - INFO - Epoch [2][950/7330]	lr: 2.000e-02, eta: 19:49:19, time: 0.905, data_time: 0.272, memory: 9129, loss_rpn_cls: 0.0600, loss_rpn_bbox: 0.0625, loss_cls: 0.3400, acc: 90.9868, loss_bbox: 0.2765, loss_mask: 0.3298, loss: 1.0689
2021-05-04 15:16:11,099 - mmdet - INFO - Epoch [2][1000/7330]	lr: 2.000e-02, eta: 19:48:29, time: 0.885, data_time: 0.268, memory: 9129, loss_rpn_cls: 0.0556, loss_rpn_bbox: 0.0606, loss_cls: 0.3347, acc: 90.9753, loss_bbox: 0.2777, loss_mask: 0.3396, loss: 1.0682
2021-05-04 15:16:56,606 - mmdet - INFO - Epoch [2][1050/7330]	lr: 2.000e-02, eta: 19:47:51, time: 0.910, data_time: 0.272, memory: 9129, loss_rpn_cls: 0.0634, loss_rpn_bbox: 0.0640, loss_cls: 0.3478, acc: 90.5266, loss_bbox: 0.2916, loss_mask: 0.3380, loss: 1.1048
2021-05-04 15:17:41,269 - mmdet - INFO - Epoch [2][1100/7330]	lr: 2.000e-02, eta: 19:47:05, time: 0.894, data_time: 0.264, memory: 9129, loss_rpn_cls: 0.0577, loss_rpn_bbox: 0.0627, loss_cls: 0.3386, acc: 90.8118, loss_bbox: 0.2800, loss_mask: 0.3422, loss: 1.0813
2021-05-04 15:18:26,196 - mmdet - INFO - Epoch [2][1150/7330]	lr: 2.000e-02, eta: 19:46:21, time: 0.898, data_time: 0.281, memory: 9129, loss_rpn_cls: 0.0563, loss_rpn_bbox: 0.0612, loss_cls: 0.3317, acc: 91.1111, loss_bbox: 0.2686, loss_mask: 0.3396, loss: 1.0574
2021-05-04 15:19:11,349 - mmdet - INFO - Epoch [2][1200/7330]	lr: 2.000e-02, eta: 19:45:40, time: 0.903, data_time: 0.280, memory: 9129, loss_rpn_cls: 0.0596, loss_rpn_bbox: 0.0611, loss_cls: 0.3419, acc: 90.7114, loss_bbox: 0.2847, loss_mask: 0.3301, loss: 1.0774
2021-05-04 15:19:56,847 - mmdet - INFO - Epoch [2][1250/7330]	lr: 2.000e-02, eta: 19:45:02, time: 0.910, data_time: 0.276, memory: 9129, loss_rpn_cls: 0.0648, loss_rpn_bbox: 0.0674, loss_cls: 0.3611, acc: 90.2705, loss_bbox: 0.2935, loss_mask: 0.3436, loss: 1.1304
2021-05-04 15:20:42,285 - mmdet - INFO - Epoch [2][1300/7330]	lr: 2.000e-02, eta: 19:44:23, time: 0.909, data_time: 0.271, memory: 9129, loss_rpn_cls: 0.0632, loss_rpn_bbox: 0.0616, loss_cls: 0.3452, acc: 90.7671, loss_bbox: 0.2801, loss_mask: 0.3343, loss: 1.0845
2021-05-04 15:21:26,566 - mmdet - INFO - Epoch [2][1350/7330]	lr: 2.000e-02, eta: 19:43:34, time: 0.886, data_time: 0.271, memory: 9129, loss_rpn_cls: 0.0623, loss_rpn_bbox: 0.0646, loss_cls: 0.3347, acc: 90.9595, loss_bbox: 0.2780, loss_mask: 0.3371, loss: 1.0766
2021-05-04 15:22:11,567 - mmdet - INFO - Epoch [2][1400/7330]	lr: 2.000e-02, eta: 19:42:51, time: 0.900, data_time: 0.267, memory: 9129, loss_rpn_cls: 0.0621, loss_rpn_bbox: 0.0632, loss_cls: 0.3381, acc: 90.9763, loss_bbox: 0.2701, loss_mask: 0.3289, loss: 1.0625
2021-05-04 15:22:56,884 - mmdet - INFO - Epoch [2][1450/7330]	lr: 2.000e-02, eta: 19:42:11, time: 0.906, data_time: 0.273, memory: 9129, loss_rpn_cls: 0.0639, loss_rpn_bbox: 0.0668, loss_cls: 0.3421, acc: 90.7239, loss_bbox: 0.2838, loss_mask: 0.3370, loss: 1.0936
2021-05-04 15:23:42,997 - mmdet - INFO - Epoch [2][1500/7330]	lr: 2.000e-02, eta: 19:41:38, time: 0.922, data_time: 0.270, memory: 9129, loss_rpn_cls: 0.0649, loss_rpn_bbox: 0.0670, loss_cls: 0.3545, acc: 90.2549, loss_bbox: 0.2930, loss_mask: 0.3335, loss: 1.1129
2021-05-04 15:24:27,479 - mmdet - INFO - Epoch [2][1550/7330]	lr: 2.000e-02, eta: 19:40:50, time: 0.891, data_time: 0.269, memory: 9129, loss_rpn_cls: 0.0606, loss_rpn_bbox: 0.0600, loss_cls: 0.3363, acc: 90.9221, loss_bbox: 0.2757, loss_mask: 0.3357, loss: 1.0682
2021-05-04 15:25:12,694 - mmdet - INFO - Epoch [2][1600/7330]	lr: 2.000e-02, eta: 19:40:09, time: 0.904, data_time: 0.271, memory: 9129, loss_rpn_cls: 0.0581, loss_rpn_bbox: 0.0644, loss_cls: 0.3372, acc: 90.8850, loss_bbox: 0.2815, loss_mask: 0.3359, loss: 1.0771
2021-05-04 15:25:57,064 - mmdet - INFO - Epoch [2][1650/7330]	lr: 2.000e-02, eta: 19:39:20, time: 0.887, data_time: 0.276, memory: 9129, loss_rpn_cls: 0.0577, loss_rpn_bbox: 0.0628, loss_cls: 0.3275, acc: 91.1694, loss_bbox: 0.2742, loss_mask: 0.3294, loss: 1.0516
2021-05-04 15:26:41,790 - mmdet - INFO - Epoch [2][1700/7330]	lr: 2.000e-02, eta: 19:38:35, time: 0.895, data_time: 0.268, memory: 9129, loss_rpn_cls: 0.0618, loss_rpn_bbox: 0.0640, loss_cls: 0.3287, acc: 91.0227, loss_bbox: 0.2760, loss_mask: 0.3358, loss: 1.0663
2021-05-04 15:27:26,944 - mmdet - INFO - Epoch [2][1750/7330]	lr: 2.000e-02, eta: 19:37:53, time: 0.903, data_time: 0.264, memory: 9129, loss_rpn_cls: 0.0598, loss_rpn_bbox: 0.0638, loss_cls: 0.3413, acc: 90.8579, loss_bbox: 0.2848, loss_mask: 0.3362, loss: 1.0859
2021-05-04 15:28:12,383 - mmdet - INFO - Epoch [2][1800/7330]	lr: 2.000e-02, eta: 19:37:14, time: 0.910, data_time: 0.277, memory: 9129, loss_rpn_cls: 0.0615, loss_rpn_bbox: 0.0680, loss_cls: 0.3456, acc: 90.6799, loss_bbox: 0.2770, loss_mask: 0.3461, loss: 1.0982
2021-05-04 15:28:56,364 - mmdet - INFO - Epoch [2][1850/7330]	lr: 2.000e-02, eta: 19:36:22, time: 0.879, data_time: 0.267, memory: 9129, loss_rpn_cls: 0.0589, loss_rpn_bbox: 0.0609, loss_cls: 0.3380, acc: 91.0957, loss_bbox: 0.2686, loss_mask: 0.3391, loss: 1.0656
2021-05-04 15:29:41,285 - mmdet - INFO - Epoch [2][1900/7330]	lr: 2.000e-02, eta: 19:35:38, time: 0.899, data_time: 0.283, memory: 9129, loss_rpn_cls: 0.0625, loss_rpn_bbox: 0.0653, loss_cls: 0.3264, acc: 91.0991, loss_bbox: 0.2691, loss_mask: 0.3356, loss: 1.0590
2021-05-04 15:30:26,341 - mmdet - INFO - Epoch [2][1950/7330]	lr: 2.000e-02, eta: 19:34:56, time: 0.902, data_time: 0.286, memory: 9129, loss_rpn_cls: 0.0631, loss_rpn_bbox: 0.0637, loss_cls: 0.3338, acc: 91.1418, loss_bbox: 0.2657, loss_mask: 0.3377, loss: 1.0641
2021-05-04 15:31:12,039 - mmdet - INFO - Epoch [2][2000/7330]	lr: 2.000e-02, eta: 19:34:19, time: 0.914, data_time: 0.276, memory: 9129, loss_rpn_cls: 0.0588, loss_rpn_bbox: 0.0650, loss_cls: 0.3480, acc: 90.5383, loss_bbox: 0.2893, loss_mask: 0.3406, loss: 1.1016
2021-05-04 15:31:57,234 - mmdet - INFO - Epoch [2][2050/7330]	lr: 2.000e-02, eta: 19:33:37, time: 0.904, data_time: 0.279, memory: 9129, loss_rpn_cls: 0.0570, loss_rpn_bbox: 0.0629, loss_cls: 0.3370, acc: 90.9294, loss_bbox: 0.2740, loss_mask: 0.3377, loss: 1.0686
2021-05-04 15:32:42,479 - mmdet - INFO - Epoch [2][2100/7330]	lr: 2.000e-02, eta: 19:32:56, time: 0.905, data_time: 0.266, memory: 9129, loss_rpn_cls: 0.0604, loss_rpn_bbox: 0.0649, loss_cls: 0.3415, acc: 90.8137, loss_bbox: 0.2792, loss_mask: 0.3390, loss: 1.0850
2021-05-04 15:33:27,799 - mmdet - INFO - Epoch [2][2150/7330]	lr: 2.000e-02, eta: 19:32:15, time: 0.906, data_time: 0.272, memory: 9129, loss_rpn_cls: 0.0603, loss_rpn_bbox: 0.0669, loss_cls: 0.3377, acc: 90.7756, loss_bbox: 0.2810, loss_mask: 0.3369, loss: 1.0829
2021-05-04 15:34:12,183 - mmdet - INFO - Epoch [2][2200/7330]	lr: 2.000e-02, eta: 19:31:27, time: 0.888, data_time: 0.261, memory: 9129, loss_rpn_cls: 0.0578, loss_rpn_bbox: 0.0624, loss_cls: 0.3225, acc: 91.1836, loss_bbox: 0.2675, loss_mask: 0.3332, loss: 1.0434
2021-05-04 15:34:57,428 - mmdet - INFO - Epoch [2][2250/7330]	lr: 2.000e-02, eta: 19:30:46, time: 0.904, data_time: 0.261, memory: 9129, loss_rpn_cls: 0.0602, loss_rpn_bbox: 0.0647, loss_cls: 0.3383, acc: 90.8362, loss_bbox: 0.2764, loss_mask: 0.3343, loss: 1.0739
2021-05-04 15:35:42,800 - mmdet - INFO - Epoch [2][2300/7330]	lr: 2.000e-02, eta: 19:30:06, time: 0.908, data_time: 0.262, memory: 9129, loss_rpn_cls: 0.0614, loss_rpn_bbox: 0.0624, loss_cls: 0.3524, acc: 90.3354, loss_bbox: 0.2923, loss_mask: 0.3382, loss: 1.1067
2021-05-04 15:36:28,015 - mmdet - INFO - Epoch [2][2350/7330]	lr: 2.000e-02, eta: 19:29:24, time: 0.904, data_time: 0.269, memory: 9129, loss_rpn_cls: 0.0613, loss_rpn_bbox: 0.0640, loss_cls: 0.3353, acc: 91.0759, loss_bbox: 0.2737, loss_mask: 0.3350, loss: 1.0694
2021-05-04 15:37:17,437 - mmdet - INFO - Epoch [2][2400/7330]	lr: 2.000e-02, eta: 19:29:16, time: 0.989, data_time: 0.239, memory: 9129, loss_rpn_cls: 0.0583, loss_rpn_bbox: 0.0605, loss_cls: 0.3262, acc: 91.2903, loss_bbox: 0.2642, loss_mask: 0.3344, loss: 1.0436
2021-05-04 15:38:07,345 - mmdet - INFO - Epoch [2][2450/7330]	lr: 2.000e-02, eta: 19:29:12, time: 0.997, data_time: 0.213, memory: 9129, loss_rpn_cls: 0.0585, loss_rpn_bbox: 0.0622, loss_cls: 0.3298, acc: 91.0315, loss_bbox: 0.2767, loss_mask: 0.3340, loss: 1.0612
2021-05-04 15:38:52,040 - mmdet - INFO - Epoch [2][2500/7330]	lr: 2.000e-02, eta: 19:28:26, time: 0.895, data_time: 0.236, memory: 9129, loss_rpn_cls: 0.0616, loss_rpn_bbox: 0.0612, loss_cls: 0.3368, acc: 91.1313, loss_bbox: 0.2692, loss_mask: 0.3362, loss: 1.0650
2021-05-04 15:39:36,479 - mmdet - INFO - Epoch [2][2550/7330]	lr: 2.000e-02, eta: 19:27:37, time: 0.888, data_time: 0.237, memory: 9129, loss_rpn_cls: 0.0633, loss_rpn_bbox: 0.0613, loss_cls: 0.3231, acc: 91.1775, loss_bbox: 0.2723, loss_mask: 0.3286, loss: 1.0486
2021-05-04 15:40:21,531 - mmdet - INFO - Epoch [2][2600/7330]	lr: 2.000e-02, eta: 19:26:54, time: 0.902, data_time: 0.252, memory: 9129, loss_rpn_cls: 0.0665, loss_rpn_bbox: 0.0651, loss_cls: 0.3379, acc: 90.9417, loss_bbox: 0.2709, loss_mask: 0.3335, loss: 1.0738
2021-05-04 15:41:06,201 - mmdet - INFO - Epoch [2][2650/7330]	lr: 2.000e-02, eta: 19:26:08, time: 0.893, data_time: 0.241, memory: 9129, loss_rpn_cls: 0.0644, loss_rpn_bbox: 0.0643, loss_cls: 0.3352, acc: 90.9861, loss_bbox: 0.2724, loss_mask: 0.3342, loss: 1.0705
2021-05-04 15:41:51,915 - mmdet - INFO - Epoch [2][2700/7330]	lr: 2.000e-02, eta: 19:25:29, time: 0.914, data_time: 0.261, memory: 9129, loss_rpn_cls: 0.0649, loss_rpn_bbox: 0.0648, loss_cls: 0.3343, acc: 90.8730, loss_bbox: 0.2787, loss_mask: 0.3320, loss: 1.0747
2021-05-04 15:42:36,864 - mmdet - INFO - Epoch [2][2750/7330]	lr: 2.000e-02, eta: 19:24:45, time: 0.899, data_time: 0.263, memory: 9129, loss_rpn_cls: 0.0556, loss_rpn_bbox: 0.0637, loss_cls: 0.3387, acc: 90.6592, loss_bbox: 0.2784, loss_mask: 0.3359, loss: 1.0723
2021-05-04 15:43:21,425 - mmdet - INFO - Epoch [2][2800/7330]	lr: 2.000e-02, eta: 19:23:58, time: 0.891, data_time: 0.267, memory: 9129, loss_rpn_cls: 0.0619, loss_rpn_bbox: 0.0617, loss_cls: 0.3332, acc: 90.9866, loss_bbox: 0.2746, loss_mask: 0.3366, loss: 1.0679
2021-05-04 15:44:06,415 - mmdet - INFO - Epoch [2][2850/7330]	lr: 2.000e-02, eta: 19:23:14, time: 0.899, data_time: 0.279, memory: 9129, loss_rpn_cls: 0.0573, loss_rpn_bbox: 0.0644, loss_cls: 0.3469, acc: 90.5615, loss_bbox: 0.2830, loss_mask: 0.3338, loss: 1.0855
2021-05-04 15:44:50,940 - mmdet - INFO - Epoch [2][2900/7330]	lr: 2.000e-02, eta: 19:22:27, time: 0.892, data_time: 0.267, memory: 9129, loss_rpn_cls: 0.0636, loss_rpn_bbox: 0.0643, loss_cls: 0.3320, acc: 91.0342, loss_bbox: 0.2725, loss_mask: 0.3385, loss: 1.0709
2021-05-04 15:45:35,903 - mmdet - INFO - Epoch [2][2950/7330]	lr: 2.000e-02, eta: 19:21:42, time: 0.899, data_time: 0.261, memory: 9129, loss_rpn_cls: 0.0642, loss_rpn_bbox: 0.0668, loss_cls: 0.3499, acc: 90.6069, loss_bbox: 0.2842, loss_mask: 0.3362, loss: 1.1013
2021-05-04 15:46:20,981 - mmdet - INFO - Epoch [2][3000/7330]	lr: 2.000e-02, eta: 19:20:59, time: 0.902, data_time: 0.262, memory: 9129, loss_rpn_cls: 0.0632, loss_rpn_bbox: 0.0643, loss_cls: 0.3379, acc: 91.0007, loss_bbox: 0.2770, loss_mask: 0.3321, loss: 1.0745
2021-05-04 15:47:06,771 - mmdet - INFO - Epoch [2][3050/7330]	lr: 2.000e-02, eta: 19:20:21, time: 0.916, data_time: 0.272, memory: 9129, loss_rpn_cls: 0.0595, loss_rpn_bbox: 0.0647, loss_cls: 0.3348, acc: 90.8159, loss_bbox: 0.2791, loss_mask: 0.3297, loss: 1.0677
2021-05-04 15:47:51,798 - mmdet - INFO - Epoch [2][3100/7330]	lr: 2.000e-02, eta: 19:19:37, time: 0.901, data_time: 0.261, memory: 9129, loss_rpn_cls: 0.0590, loss_rpn_bbox: 0.0624, loss_cls: 0.3333, acc: 91.0632, loss_bbox: 0.2743, loss_mask: 0.3369, loss: 1.0660
2021-05-04 15:48:36,680 - mmdet - INFO - Epoch [2][3150/7330]	lr: 2.000e-02, eta: 19:18:53, time: 0.898, data_time: 0.255, memory: 9129, loss_rpn_cls: 0.0591, loss_rpn_bbox: 0.0620, loss_cls: 0.3281, acc: 91.1472, loss_bbox: 0.2723, loss_mask: 0.3304, loss: 1.0519
2021-05-04 15:49:20,816 - mmdet - INFO - Epoch [2][3200/7330]	lr: 2.000e-02, eta: 19:18:02, time: 0.883, data_time: 0.263, memory: 9129, loss_rpn_cls: 0.0558, loss_rpn_bbox: 0.0613, loss_cls: 0.3261, acc: 91.2620, loss_bbox: 0.2663, loss_mask: 0.3317, loss: 1.0412
2021-05-04 15:50:05,660 - mmdet - INFO - Epoch [2][3250/7330]	lr: 2.000e-02, eta: 19:17:17, time: 0.897, data_time: 0.265, memory: 9129, loss_rpn_cls: 0.0586, loss_rpn_bbox: 0.0620, loss_cls: 0.3224, acc: 91.1521, loss_bbox: 0.2719, loss_mask: 0.3286, loss: 1.0436
2021-05-04 15:50:49,822 - mmdet - INFO - Epoch [2][3300/7330]	lr: 2.000e-02, eta: 19:16:27, time: 0.883, data_time: 0.259, memory: 9129, loss_rpn_cls: 0.0602, loss_rpn_bbox: 0.0604, loss_cls: 0.3184, acc: 91.5049, loss_bbox: 0.2622, loss_mask: 0.3300, loss: 1.0311
2021-05-04 15:51:34,808 - mmdet - INFO - Epoch [2][3350/7330]	lr: 2.000e-02, eta: 19:15:43, time: 0.900, data_time: 0.260, memory: 9129, loss_rpn_cls: 0.0568, loss_rpn_bbox: 0.0630, loss_cls: 0.3466, acc: 90.7031, loss_bbox: 0.2782, loss_mask: 0.3309, loss: 1.0755
2021-05-04 15:52:19,592 - mmdet - INFO - Epoch [2][3400/7330]	lr: 2.000e-02, eta: 19:14:58, time: 0.896, data_time: 0.251, memory: 9129, loss_rpn_cls: 0.0613, loss_rpn_bbox: 0.0635, loss_cls: 0.3328, acc: 90.9849, loss_bbox: 0.2704, loss_mask: 0.3351, loss: 1.0632
2021-05-04 15:53:03,538 - mmdet - INFO - Epoch [2][3450/7330]	lr: 2.000e-02, eta: 19:14:07, time: 0.879, data_time: 0.248, memory: 9129, loss_rpn_cls: 0.0578, loss_rpn_bbox: 0.0582, loss_cls: 0.3124, acc: 91.5415, loss_bbox: 0.2563, loss_mask: 0.3246, loss: 1.0093
2021-05-04 15:53:49,171 - mmdet - INFO - Epoch [2][3500/7330]	lr: 2.000e-02, eta: 19:13:27, time: 0.913, data_time: 0.272, memory: 9129, loss_rpn_cls: 0.0641, loss_rpn_bbox: 0.0664, loss_cls: 0.3464, acc: 90.5662, loss_bbox: 0.2874, loss_mask: 0.3359, loss: 1.1003
2021-05-04 15:54:34,064 - mmdet - INFO - Epoch [2][3550/7330]	lr: 2.000e-02, eta: 19:12:43, time: 0.898, data_time: 0.267, memory: 9129, loss_rpn_cls: 0.0628, loss_rpn_bbox: 0.0650, loss_cls: 0.3413, acc: 90.8335, loss_bbox: 0.2811, loss_mask: 0.3403, loss: 1.0905
2021-05-04 15:55:18,668 - mmdet - INFO - Epoch [2][3600/7330]	lr: 2.000e-02, eta: 19:11:56, time: 0.891, data_time: 0.251, memory: 9129, loss_rpn_cls: 0.0601, loss_rpn_bbox: 0.0608, loss_cls: 0.3266, acc: 91.2661, loss_bbox: 0.2646, loss_mask: 0.3262, loss: 1.0382
2021-05-04 15:56:03,621 - mmdet - INFO - Epoch [2][3650/7330]	lr: 2.000e-02, eta: 19:11:12, time: 0.900, data_time: 0.261, memory: 9129, loss_rpn_cls: 0.0626, loss_rpn_bbox: 0.0650, loss_cls: 0.3329, acc: 90.9048, loss_bbox: 0.2764, loss_mask: 0.3331, loss: 1.0699
2021-05-04 15:56:48,264 - mmdet - INFO - Epoch [2][3700/7330]	lr: 2.000e-02, eta: 19:10:25, time: 0.893, data_time: 0.271, memory: 9129, loss_rpn_cls: 0.0567, loss_rpn_bbox: 0.0612, loss_cls: 0.3343, acc: 90.8423, loss_bbox: 0.2710, loss_mask: 0.3303, loss: 1.0535
2021-05-04 15:57:33,138 - mmdet - INFO - Epoch [2][3750/7330]	lr: 2.000e-02, eta: 19:09:40, time: 0.898, data_time: 0.284, memory: 9129, loss_rpn_cls: 0.0593, loss_rpn_bbox: 0.0632, loss_cls: 0.3313, acc: 90.8962, loss_bbox: 0.2697, loss_mask: 0.3271, loss: 1.0507
2021-05-04 15:58:18,551 - mmdet - INFO - Epoch [2][3800/7330]	lr: 2.000e-02, eta: 19:08:59, time: 0.908, data_time: 0.281, memory: 9129, loss_rpn_cls: 0.0618, loss_rpn_bbox: 0.0675, loss_cls: 0.3432, acc: 90.6523, loss_bbox: 0.2827, loss_mask: 0.3340, loss: 1.0893
2021-05-04 15:59:03,478 - mmdet - INFO - Epoch [2][3850/7330]	lr: 2.000e-02, eta: 19:08:15, time: 0.898, data_time: 0.276, memory: 9129, loss_rpn_cls: 0.0600, loss_rpn_bbox: 0.0623, loss_cls: 0.3258, acc: 91.2449, loss_bbox: 0.2716, loss_mask: 0.3195, loss: 1.0393
2021-05-04 15:59:48,969 - mmdet - INFO - Epoch [2][3900/7330]	lr: 2.000e-02, eta: 19:07:34, time: 0.910, data_time: 0.271, memory: 9129, loss_rpn_cls: 0.0628, loss_rpn_bbox: 0.0650, loss_cls: 0.3409, acc: 90.6050, loss_bbox: 0.2828, loss_mask: 0.3331, loss: 1.0847
2021-05-04 16:00:35,018 - mmdet - INFO - Epoch [2][3950/7330]	lr: 2.000e-02, eta: 19:06:57, time: 0.921, data_time: 0.286, memory: 9129, loss_rpn_cls: 0.0645, loss_rpn_bbox: 0.0655, loss_cls: 0.3398, acc: 90.6277, loss_bbox: 0.2863, loss_mask: 0.3330, loss: 1.0892
2021-05-04 16:01:19,965 - mmdet - INFO - Epoch [2][4000/7330]	lr: 2.000e-02, eta: 19:06:13, time: 0.899, data_time: 0.269, memory: 9129, loss_rpn_cls: 0.0613, loss_rpn_bbox: 0.0642, loss_cls: 0.3353, acc: 91.0298, loss_bbox: 0.2697, loss_mask: 0.3255, loss: 1.0560
2021-05-04 16:02:04,566 - mmdet - INFO - Epoch [2][4050/7330]	lr: 2.000e-02, eta: 19:05:26, time: 0.892, data_time: 0.260, memory: 9129, loss_rpn_cls: 0.0567, loss_rpn_bbox: 0.0628, loss_cls: 0.3288, acc: 90.9307, loss_bbox: 0.2758, loss_mask: 0.3289, loss: 1.0530
2021-05-04 16:02:49,531 - mmdet - INFO - Epoch [2][4100/7330]	lr: 2.000e-02, eta: 19:04:42, time: 0.900, data_time: 0.248, memory: 9129, loss_rpn_cls: 0.0596, loss_rpn_bbox: 0.0617, loss_cls: 0.3279, acc: 91.0032, loss_bbox: 0.2712, loss_mask: 0.3293, loss: 1.0497
2021-05-04 16:03:33,637 - mmdet - INFO - Epoch [2][4150/7330]	lr: 2.000e-02, eta: 19:03:52, time: 0.882, data_time: 0.246, memory: 9129, loss_rpn_cls: 0.0563, loss_rpn_bbox: 0.0604, loss_cls: 0.3174, acc: 91.3254, loss_bbox: 0.2603, loss_mask: 0.3233, loss: 1.0177
2021-05-04 16:04:19,069 - mmdet - INFO - Epoch [2][4200/7330]	lr: 2.000e-02, eta: 19:03:11, time: 0.909, data_time: 0.272, memory: 9129, loss_rpn_cls: 0.0606, loss_rpn_bbox: 0.0682, loss_cls: 0.3316, acc: 90.9824, loss_bbox: 0.2773, loss_mask: 0.3316, loss: 1.0693
2021-05-04 16:05:03,711 - mmdet - INFO - Epoch [2][4250/7330]	lr: 2.000e-02, eta: 19:02:25, time: 0.893, data_time: 0.266, memory: 9129, loss_rpn_cls: 0.0623, loss_rpn_bbox: 0.0607, loss_cls: 0.3149, acc: 91.4290, loss_bbox: 0.2634, loss_mask: 0.3261, loss: 1.0275
2021-05-04 16:05:49,456 - mmdet - INFO - Epoch [2][4300/7330]	lr: 2.000e-02, eta: 19:01:45, time: 0.914, data_time: 0.258, memory: 9129, loss_rpn_cls: 0.0629, loss_rpn_bbox: 0.0679, loss_cls: 0.3588, acc: 90.2822, loss_bbox: 0.2887, loss_mask: 0.3339, loss: 1.1123
2021-05-04 16:06:34,835 - mmdet - INFO - Epoch [2][4350/7330]	lr: 2.000e-02, eta: 19:01:04, time: 0.908, data_time: 0.267, memory: 9129, loss_rpn_cls: 0.0619, loss_rpn_bbox: 0.0622, loss_cls: 0.3331, acc: 90.7791, loss_bbox: 0.2751, loss_mask: 0.3242, loss: 1.0565
2021-05-04 16:07:20,422 - mmdet - INFO - Epoch [2][4400/7330]	lr: 2.000e-02, eta: 19:00:23, time: 0.912, data_time: 0.266, memory: 9129, loss_rpn_cls: 0.0585, loss_rpn_bbox: 0.0624, loss_cls: 0.3368, acc: 90.9675, loss_bbox: 0.2754, loss_mask: 0.3288, loss: 1.0620
2021-05-04 16:08:06,048 - mmdet - INFO - Epoch [2][4450/7330]	lr: 2.000e-02, eta: 18:59:44, time: 0.913, data_time: 0.270, memory: 9129, loss_rpn_cls: 0.0601, loss_rpn_bbox: 0.0624, loss_cls: 0.3421, acc: 90.5728, loss_bbox: 0.2856, loss_mask: 0.3322, loss: 1.0824
2021-05-04 16:08:50,216 - mmdet - INFO - Epoch [2][4500/7330]	lr: 2.000e-02, eta: 18:58:54, time: 0.883, data_time: 0.262, memory: 9129, loss_rpn_cls: 0.0579, loss_rpn_bbox: 0.0605, loss_cls: 0.3226, acc: 91.3552, loss_bbox: 0.2674, loss_mask: 0.3248, loss: 1.0332
2021-05-04 16:09:35,761 - mmdet - INFO - Epoch [2][4550/7330]	lr: 2.000e-02, eta: 18:58:13, time: 0.911, data_time: 0.273, memory: 9129, loss_rpn_cls: 0.0669, loss_rpn_bbox: 0.0666, loss_cls: 0.3405, acc: 90.8015, loss_bbox: 0.2776, loss_mask: 0.3324, loss: 1.0840
2021-05-04 16:10:21,073 - mmdet - INFO - Epoch [2][4600/7330]	lr: 2.000e-02, eta: 18:57:31, time: 0.906, data_time: 0.265, memory: 9129, loss_rpn_cls: 0.0614, loss_rpn_bbox: 0.0633, loss_cls: 0.3428, acc: 90.7017, loss_bbox: 0.2790, loss_mask: 0.3300, loss: 1.0765
2021-05-04 16:11:06,770 - mmdet - INFO - Epoch [2][4650/7330]	lr: 2.000e-02, eta: 18:56:51, time: 0.914, data_time: 0.272, memory: 9129, loss_rpn_cls: 0.0630, loss_rpn_bbox: 0.0617, loss_cls: 0.3319, acc: 90.8618, loss_bbox: 0.2790, loss_mask: 0.3325, loss: 1.0682
2021-05-04 16:11:52,238 - mmdet - INFO - Epoch [2][4700/7330]	lr: 2.000e-02, eta: 18:56:10, time: 0.910, data_time: 0.267, memory: 9129, loss_rpn_cls: 0.0607, loss_rpn_bbox: 0.0618, loss_cls: 0.3291, acc: 91.2378, loss_bbox: 0.2662, loss_mask: 0.3240, loss: 1.0418
2021-05-04 16:12:36,907 - mmdet - INFO - Epoch [2][4750/7330]	lr: 2.000e-02, eta: 18:55:24, time: 0.893, data_time: 0.255, memory: 9129, loss_rpn_cls: 0.0639, loss_rpn_bbox: 0.0610, loss_cls: 0.3216, acc: 91.2673, loss_bbox: 0.2678, loss_mask: 0.3228, loss: 1.0371
2021-05-04 16:13:21,820 - mmdet - INFO - Epoch [2][4800/7330]	lr: 2.000e-02, eta: 18:54:39, time: 0.898, data_time: 0.268, memory: 9129, loss_rpn_cls: 0.0610, loss_rpn_bbox: 0.0621, loss_cls: 0.3180, acc: 91.3374, loss_bbox: 0.2641, loss_mask: 0.3261, loss: 1.0312
2021-05-04 16:14:06,124 - mmdet - INFO - Epoch [2][4850/7330]	lr: 2.000e-02, eta: 18:53:51, time: 0.886, data_time: 0.259, memory: 9129, loss_rpn_cls: 0.0584, loss_rpn_bbox: 0.0621, loss_cls: 0.3238, acc: 91.1809, loss_bbox: 0.2644, loss_mask: 0.3230, loss: 1.0316
2021-05-04 16:14:51,324 - mmdet - INFO - Epoch [2][4900/7330]	lr: 2.000e-02, eta: 18:53:08, time: 0.904, data_time: 0.267, memory: 9129, loss_rpn_cls: 0.0596, loss_rpn_bbox: 0.0616, loss_cls: 0.3318, acc: 90.8843, loss_bbox: 0.2776, loss_mask: 0.3209, loss: 1.0515
2021-05-04 16:15:36,952 - mmdet - INFO - Epoch [2][4950/7330]	lr: 2.000e-02, eta: 18:52:27, time: 0.912, data_time: 0.273, memory: 9129, loss_rpn_cls: 0.0567, loss_rpn_bbox: 0.0612, loss_cls: 0.3382, acc: 90.6951, loss_bbox: 0.2805, loss_mask: 0.3203, loss: 1.0569
2021-05-04 16:16:23,072 - mmdet - INFO - Epoch [2][5000/7330]	lr: 2.000e-02, eta: 18:51:50, time: 0.922, data_time: 0.274, memory: 9129, loss_rpn_cls: 0.0592, loss_rpn_bbox: 0.0616, loss_cls: 0.3305, acc: 90.8037, loss_bbox: 0.2830, loss_mask: 0.3218, loss: 1.0560
2021-05-04 16:17:08,011 - mmdet - INFO - Epoch [2][5050/7330]	lr: 2.000e-02, eta: 18:51:05, time: 0.898, data_time: 0.270, memory: 9129, loss_rpn_cls: 0.0567, loss_rpn_bbox: 0.0639, loss_cls: 0.3234, acc: 91.0552, loss_bbox: 0.2720, loss_mask: 0.3255, loss: 1.0414
2021-05-04 16:17:53,211 - mmdet - INFO - Epoch [2][5100/7330]	lr: 2.000e-02, eta: 18:50:22, time: 0.904, data_time: 0.262, memory: 9129, loss_rpn_cls: 0.0618, loss_rpn_bbox: 0.0605, loss_cls: 0.3245, acc: 91.1033, loss_bbox: 0.2754, loss_mask: 0.3321, loss: 1.0542
2021-05-04 16:18:38,542 - mmdet - INFO - Epoch [2][5150/7330]	lr: 2.000e-02, eta: 18:49:40, time: 0.907, data_time: 0.253, memory: 9129, loss_rpn_cls: 0.0561, loss_rpn_bbox: 0.0616, loss_cls: 0.3373, acc: 90.6914, loss_bbox: 0.2839, loss_mask: 0.3356, loss: 1.0745
2021-05-04 16:19:23,871 - mmdet - INFO - Epoch [2][5200/7330]	lr: 2.000e-02, eta: 18:48:58, time: 0.907, data_time: 0.261, memory: 9129, loss_rpn_cls: 0.0625, loss_rpn_bbox: 0.0642, loss_cls: 0.3400, acc: 90.8203, loss_bbox: 0.2739, loss_mask: 0.3314, loss: 1.0720
2021-05-04 16:20:10,155 - mmdet - INFO - Epoch [2][5250/7330]	lr: 2.000e-02, eta: 18:48:21, time: 0.926, data_time: 0.276, memory: 9129, loss_rpn_cls: 0.0646, loss_rpn_bbox: 0.0670, loss_cls: 0.3380, acc: 90.7446, loss_bbox: 0.2835, loss_mask: 0.3263, loss: 1.0794
2021-05-04 16:20:55,720 - mmdet - INFO - Epoch [2][5300/7330]	lr: 2.000e-02, eta: 18:47:40, time: 0.911, data_time: 0.259, memory: 9129, loss_rpn_cls: 0.0602, loss_rpn_bbox: 0.0625, loss_cls: 0.3360, acc: 90.7598, loss_bbox: 0.2776, loss_mask: 0.3259, loss: 1.0621
2021-05-04 16:21:41,739 - mmdet - INFO - Epoch [2][5350/7330]	lr: 2.000e-02, eta: 18:47:02, time: 0.920, data_time: 0.259, memory: 9129, loss_rpn_cls: 0.0613, loss_rpn_bbox: 0.0656, loss_cls: 0.3334, acc: 90.7930, loss_bbox: 0.2784, loss_mask: 0.3287, loss: 1.0674
2021-05-04 16:22:26,421 - mmdet - INFO - Epoch [2][5400/7330]	lr: 2.000e-02, eta: 18:46:15, time: 0.893, data_time: 0.268, memory: 9129, loss_rpn_cls: 0.0583, loss_rpn_bbox: 0.0612, loss_cls: 0.3395, acc: 91.0588, loss_bbox: 0.2699, loss_mask: 0.3290, loss: 1.0578
2021-05-04 16:23:11,860 - mmdet - INFO - Epoch [2][5450/7330]	lr: 2.000e-02, eta: 18:45:34, time: 0.909, data_time: 0.277, memory: 9129, loss_rpn_cls: 0.0602, loss_rpn_bbox: 0.0649, loss_cls: 0.3329, acc: 90.9204, loss_bbox: 0.2733, loss_mask: 0.3302, loss: 1.0615
2021-05-04 16:23:57,266 - mmdet - INFO - Epoch [2][5500/7330]	lr: 2.000e-02, eta: 18:44:52, time: 0.908, data_time: 0.279, memory: 9129, loss_rpn_cls: 0.0600, loss_rpn_bbox: 0.0633, loss_cls: 0.3356, acc: 90.8018, loss_bbox: 0.2835, loss_mask: 0.3280, loss: 1.0704
2021-05-04 16:24:42,665 - mmdet - INFO - Epoch [2][5550/7330]	lr: 2.000e-02, eta: 18:44:10, time: 0.908, data_time: 0.279, memory: 9129, loss_rpn_cls: 0.0589, loss_rpn_bbox: 0.0646, loss_cls: 0.3260, acc: 91.0283, loss_bbox: 0.2755, loss_mask: 0.3228, loss: 1.0477
2021-05-04 16:25:27,598 - mmdet - INFO - Epoch [2][5600/7330]	lr: 2.000e-02, eta: 18:43:25, time: 0.899, data_time: 0.270, memory: 9129, loss_rpn_cls: 0.0619, loss_rpn_bbox: 0.0665, loss_cls: 0.3361, acc: 91.0276, loss_bbox: 0.2731, loss_mask: 0.3296, loss: 1.0672
2021-05-04 16:26:12,190 - mmdet - INFO - Epoch [2][5650/7330]	lr: 2.000e-02, eta: 18:42:38, time: 0.891, data_time: 0.249, memory: 9129, loss_rpn_cls: 0.0568, loss_rpn_bbox: 0.0597, loss_cls: 0.3240, acc: 91.1519, loss_bbox: 0.2716, loss_mask: 0.3288, loss: 1.0409
2021-05-04 16:26:57,327 - mmdet - INFO - Epoch [2][5700/7330]	lr: 2.000e-02, eta: 18:41:54, time: 0.903, data_time: 0.260, memory: 9129, loss_rpn_cls: 0.0599, loss_rpn_bbox: 0.0633, loss_cls: 0.3319, acc: 90.9331, loss_bbox: 0.2756, loss_mask: 0.3282, loss: 1.0590
2021-05-04 16:27:42,606 - mmdet - INFO - Epoch [2][5750/7330]	lr: 2.000e-02, eta: 18:41:11, time: 0.906, data_time: 0.268, memory: 9129, loss_rpn_cls: 0.0612, loss_rpn_bbox: 0.0631, loss_cls: 0.3274, acc: 91.1736, loss_bbox: 0.2678, loss_mask: 0.3286, loss: 1.0481
2021-05-04 16:28:28,681 - mmdet - INFO - Epoch [2][5800/7330]	lr: 2.000e-02, eta: 18:40:33, time: 0.921, data_time: 0.260, memory: 9129, loss_rpn_cls: 0.0591, loss_rpn_bbox: 0.0654, loss_cls: 0.3345, acc: 90.7849, loss_bbox: 0.2782, loss_mask: 0.3332, loss: 1.0703
2021-05-04 16:29:13,420 - mmdet - INFO - Epoch [2][5850/7330]	lr: 2.000e-02, eta: 18:39:47, time: 0.895, data_time: 0.259, memory: 9129, loss_rpn_cls: 0.0606, loss_rpn_bbox: 0.0641, loss_cls: 0.3146, acc: 91.4583, loss_bbox: 0.2613, loss_mask: 0.3217, loss: 1.0224
2021-05-04 16:29:58,760 - mmdet - INFO - Epoch [2][5900/7330]	lr: 2.000e-02, eta: 18:39:04, time: 0.906, data_time: 0.256, memory: 9129, loss_rpn_cls: 0.0607, loss_rpn_bbox: 0.0612, loss_cls: 0.3392, acc: 90.6726, loss_bbox: 0.2805, loss_mask: 0.3267, loss: 1.0683
2021-05-04 16:30:43,971 - mmdet - INFO - Epoch [2][5950/7330]	lr: 2.000e-02, eta: 18:38:21, time: 0.904, data_time: 0.257, memory: 9129, loss_rpn_cls: 0.0575, loss_rpn_bbox: 0.0608, loss_cls: 0.3198, acc: 91.2356, loss_bbox: 0.2676, loss_mask: 0.3235, loss: 1.0291
2021-05-04 16:31:29,031 - mmdet - INFO - Epoch [2][6000/7330]	lr: 2.000e-02, eta: 18:37:37, time: 0.901, data_time: 0.258, memory: 9129, loss_rpn_cls: 0.0615, loss_rpn_bbox: 0.0633, loss_cls: 0.3366, acc: 90.8474, loss_bbox: 0.2744, loss_mask: 0.3220, loss: 1.0578
2021-05-04 16:32:13,845 - mmdet - INFO - Epoch [2][6050/7330]	lr: 2.000e-02, eta: 18:36:51, time: 0.897, data_time: 0.259, memory: 9129, loss_rpn_cls: 0.0578, loss_rpn_bbox: 0.0634, loss_cls: 0.3215, acc: 91.1731, loss_bbox: 0.2666, loss_mask: 0.3261, loss: 1.0353
2021-05-04 16:32:58,557 - mmdet - INFO - Epoch [2][6100/7330]	lr: 2.000e-02, eta: 18:36:05, time: 0.894, data_time: 0.257, memory: 9129, loss_rpn_cls: 0.0570, loss_rpn_bbox: 0.0592, loss_cls: 0.3247, acc: 91.0620, loss_bbox: 0.2691, loss_mask: 0.3253, loss: 1.0354
2021-05-04 16:33:44,102 - mmdet - INFO - Epoch [2][6150/7330]	lr: 2.000e-02, eta: 18:35:24, time: 0.911, data_time: 0.255, memory: 9129, loss_rpn_cls: 0.0594, loss_rpn_bbox: 0.0653, loss_cls: 0.3209, acc: 91.0322, loss_bbox: 0.2751, loss_mask: 0.3275, loss: 1.0481
2021-05-04 16:34:29,510 - mmdet - INFO - Epoch [2][6200/7330]	lr: 2.000e-02, eta: 18:34:41, time: 0.908, data_time: 0.253, memory: 9129, loss_rpn_cls: 0.0632, loss_rpn_bbox: 0.0630, loss_cls: 0.3334, acc: 90.8770, loss_bbox: 0.2771, loss_mask: 0.3257, loss: 1.0623
2021-05-04 16:35:15,188 - mmdet - INFO - Epoch [2][6250/7330]	lr: 2.000e-02, eta: 18:34:01, time: 0.913, data_time: 0.261, memory: 9129, loss_rpn_cls: 0.0629, loss_rpn_bbox: 0.0656, loss_cls: 0.3336, acc: 90.8936, loss_bbox: 0.2770, loss_mask: 0.3259, loss: 1.0649
2021-05-04 16:35:59,930 - mmdet - INFO - Epoch [2][6300/7330]	lr: 2.000e-02, eta: 18:33:15, time: 0.895, data_time: 0.261, memory: 9129, loss_rpn_cls: 0.0594, loss_rpn_bbox: 0.0644, loss_cls: 0.3232, acc: 91.0332, loss_bbox: 0.2733, loss_mask: 0.3323, loss: 1.0526
2021-05-04 16:36:45,434 - mmdet - INFO - Epoch [2][6350/7330]	lr: 2.000e-02, eta: 18:32:33, time: 0.909, data_time: 0.244, memory: 9129, loss_rpn_cls: 0.0590, loss_rpn_bbox: 0.0605, loss_cls: 0.3379, acc: 90.9131, loss_bbox: 0.2696, loss_mask: 0.3258, loss: 1.0528
2021-05-04 16:37:31,167 - mmdet - INFO - Epoch [2][6400/7330]	lr: 2.000e-02, eta: 18:31:52, time: 0.915, data_time: 0.267, memory: 9129, loss_rpn_cls: 0.0584, loss_rpn_bbox: 0.0662, loss_cls: 0.3454, acc: 90.4990, loss_bbox: 0.2849, loss_mask: 0.3311, loss: 1.0860
2021-05-04 16:38:14,900 - mmdet - INFO - Epoch [2][6450/7330]	lr: 2.000e-02, eta: 18:31:01, time: 0.875, data_time: 0.249, memory: 9129, loss_rpn_cls: 0.0547, loss_rpn_bbox: 0.0600, loss_cls: 0.3028, acc: 91.6277, loss_bbox: 0.2529, loss_mask: 0.3219, loss: 0.9923
2021-05-04 16:39:00,070 - mmdet - INFO - Epoch [2][6500/7330]	lr: 2.000e-02, eta: 18:30:17, time: 0.903, data_time: 0.260, memory: 9129, loss_rpn_cls: 0.0596, loss_rpn_bbox: 0.0658, loss_cls: 0.3250, acc: 90.9922, loss_bbox: 0.2723, loss_mask: 0.3321, loss: 1.0547
2021-05-04 16:39:45,405 - mmdet - INFO - Epoch [2][6550/7330]	lr: 2.000e-02, eta: 18:29:34, time: 0.907, data_time: 0.262, memory: 9129, loss_rpn_cls: 0.0581, loss_rpn_bbox: 0.0605, loss_cls: 0.3201, acc: 91.3147, loss_bbox: 0.2632, loss_mask: 0.3269, loss: 1.0287
2021-05-04 16:40:30,152 - mmdet - INFO - Epoch [2][6600/7330]	lr: 2.000e-02, eta: 18:28:48, time: 0.894, data_time: 0.250, memory: 9129, loss_rpn_cls: 0.0609, loss_rpn_bbox: 0.0596, loss_cls: 0.3333, acc: 90.9238, loss_bbox: 0.2673, loss_mask: 0.3180, loss: 1.0391
2021-05-04 16:41:15,987 - mmdet - INFO - Epoch [2][6650/7330]	lr: 2.000e-02, eta: 18:28:08, time: 0.917, data_time: 0.270, memory: 9129, loss_rpn_cls: 0.0572, loss_rpn_bbox: 0.0646, loss_cls: 0.3420, acc: 90.5125, loss_bbox: 0.2867, loss_mask: 0.3257, loss: 1.0762
2021-05-04 16:42:01,733 - mmdet - INFO - Epoch [2][6700/7330]	lr: 2.000e-02, eta: 18:27:28, time: 0.915, data_time: 0.253, memory: 9129, loss_rpn_cls: 0.0587, loss_rpn_bbox: 0.0630, loss_cls: 0.3410, acc: 90.6565, loss_bbox: 0.2851, loss_mask: 0.3296, loss: 1.0773
2021-05-04 16:42:46,366 - mmdet - INFO - Epoch [2][6750/7330]	lr: 2.000e-02, eta: 18:26:41, time: 0.893, data_time: 0.267, memory: 9129, loss_rpn_cls: 0.0593, loss_rpn_bbox: 0.0649, loss_cls: 0.3169, acc: 91.2800, loss_bbox: 0.2610, loss_mask: 0.3369, loss: 1.0391
2021-05-04 16:43:30,943 - mmdet - INFO - Epoch [2][6800/7330]	lr: 2.000e-02, eta: 18:25:54, time: 0.892, data_time: 0.260, memory: 9129, loss_rpn_cls: 0.0556, loss_rpn_bbox: 0.0599, loss_cls: 0.3295, acc: 91.0171, loss_bbox: 0.2679, loss_mask: 0.3261, loss: 1.0392
2021-05-04 16:44:16,077 - mmdet - INFO - Epoch [2][6850/7330]	lr: 2.000e-02, eta: 18:25:10, time: 0.903, data_time: 0.264, memory: 9129, loss_rpn_cls: 0.0612, loss_rpn_bbox: 0.0595, loss_cls: 0.3174, acc: 91.3647, loss_bbox: 0.2610, loss_mask: 0.3225, loss: 1.0215
2021-05-04 16:45:00,829 - mmdet - INFO - Epoch [2][6900/7330]	lr: 2.000e-02, eta: 18:24:24, time: 0.895, data_time: 0.263, memory: 9129, loss_rpn_cls: 0.0593, loss_rpn_bbox: 0.0632, loss_cls: 0.3301, acc: 90.9233, loss_bbox: 0.2718, loss_mask: 0.3270, loss: 1.0513
2021-05-04 16:45:45,778 - mmdet - INFO - Epoch [2][6950/7330]	lr: 2.000e-02, eta: 18:23:39, time: 0.899, data_time: 0.272, memory: 9129, loss_rpn_cls: 0.0602, loss_rpn_bbox: 0.0616, loss_cls: 0.3207, acc: 91.1851, loss_bbox: 0.2639, loss_mask: 0.3243, loss: 1.0306
2021-05-04 16:46:31,192 - mmdet - INFO - Epoch [2][7000/7330]	lr: 2.000e-02, eta: 18:22:57, time: 0.908, data_time: 0.275, memory: 9129, loss_rpn_cls: 0.0568, loss_rpn_bbox: 0.0641, loss_cls: 0.3238, acc: 91.0374, loss_bbox: 0.2742, loss_mask: 0.3234, loss: 1.0424
2021-05-04 16:47:16,136 - mmdet - INFO - Epoch [2][7050/7330]	lr: 2.000e-02, eta: 18:22:12, time: 0.899, data_time: 0.272, memory: 9129, loss_rpn_cls: 0.0566, loss_rpn_bbox: 0.0619, loss_cls: 0.3327, acc: 90.8760, loss_bbox: 0.2712, loss_mask: 0.3234, loss: 1.0458
2021-05-04 16:48:01,894 - mmdet - INFO - Epoch [2][7100/7330]	lr: 2.000e-02, eta: 18:21:31, time: 0.915, data_time: 0.275, memory: 9129, loss_rpn_cls: 0.0586, loss_rpn_bbox: 0.0627, loss_cls: 0.3225, acc: 91.1963, loss_bbox: 0.2691, loss_mask: 0.3244, loss: 1.0373
2021-05-04 16:48:46,714 - mmdet - INFO - Epoch [2][7150/7330]	lr: 2.000e-02, eta: 18:20:46, time: 0.896, data_time: 0.267, memory: 9129, loss_rpn_cls: 0.0592, loss_rpn_bbox: 0.0631, loss_cls: 0.3218, acc: 91.3005, loss_bbox: 0.2619, loss_mask: 0.3199, loss: 1.0258
2021-05-04 16:49:31,475 - mmdet - INFO - Epoch [2][7200/7330]	lr: 2.000e-02, eta: 18:20:00, time: 0.896, data_time: 0.262, memory: 9129, loss_rpn_cls: 0.0543, loss_rpn_bbox: 0.0577, loss_cls: 0.3164, acc: 91.3638, loss_bbox: 0.2603, loss_mask: 0.3240, loss: 1.0126
2021-05-04 16:50:16,162 - mmdet - INFO - Epoch [2][7250/7330]	lr: 2.000e-02, eta: 18:19:14, time: 0.894, data_time: 0.261, memory: 9129, loss_rpn_cls: 0.0579, loss_rpn_bbox: 0.0597, loss_cls: 0.3161, acc: 91.3374, loss_bbox: 0.2612, loss_mask: 0.3186, loss: 1.0136
2021-05-04 16:51:00,976 - mmdet - INFO - Epoch [2][7300/7330]	lr: 2.000e-02, eta: 18:18:28, time: 0.896, data_time: 0.269, memory: 9129, loss_rpn_cls: 0.0567, loss_rpn_bbox: 0.0609, loss_cls: 0.3245, acc: 91.1702, loss_bbox: 0.2713, loss_mask: 0.3197, loss: 1.0331
2021-05-04 16:51:28,033 - mmdet - INFO - Saving checkpoint at 2 epochs
2021-05-04 16:53:29,936 - mmdet - INFO - Evaluating bbox...
2021-05-04 16:54:32,496 - mmdet - INFO - Evaluating segm...
2021-05-04 16:55:40,034 - mmdet - INFO - Exp name: carafeppp_coco_mask_r50_1x_3_kernelexp__BK.py
2021-05-04 16:55:40,034 - mmdet - INFO - Epoch(val) [2][7330]	bbox_mAP: 0.1710, bbox_mAP_50: 0.3080, bbox_mAP_75: 0.1720, bbox_mAP_s: 0.0890, bbox_mAP_m: 0.1810, bbox_mAP_l: 0.2350, bbox_mAP_copypaste: 0.171 0.308 0.172 0.089 0.181 0.235, segm_mAP: 0.1610, segm_mAP_50: 0.2860, segm_mAP_75: 0.1590, segm_mAP_s: 0.0760, segm_mAP_m: 0.1670, segm_mAP_l: 0.2340, segm_mAP_copypaste: 0.161 0.286 0.159 0.076 0.167 0.234
2021-05-04 16:56:28,290 - mmdet - INFO - Epoch [3][50/7330]	lr: 2.000e-02, eta: 18:15:18, time: 0.965, data_time: 0.338, memory: 9129, loss_rpn_cls: 0.0556, loss_rpn_bbox: 0.0627, loss_cls: 0.3137, acc: 91.2820, loss_bbox: 0.2658, loss_mask: 0.3232, loss: 1.0210
2021-05-04 16:57:12,989 - mmdet - INFO - Epoch [3][100/7330]	lr: 2.000e-02, eta: 18:14:33, time: 0.894, data_time: 0.269, memory: 9129, loss_rpn_cls: 0.0560, loss_rpn_bbox: 0.0619, loss_cls: 0.3192, acc: 91.1538, loss_bbox: 0.2663, loss_mask: 0.3244, loss: 1.0278
2021-05-04 16:57:57,202 - mmdet - INFO - Epoch [3][150/7330]	lr: 2.000e-02, eta: 18:13:45, time: 0.884, data_time: 0.255, memory: 9129, loss_rpn_cls: 0.0538, loss_rpn_bbox: 0.0606, loss_cls: 0.3185, acc: 91.1702, loss_bbox: 0.2635, loss_mask: 0.3154, loss: 1.0118
