2021-05-03 16:28:36,087 - mmdet - INFO - Environment info:
------------------------------------------------------------
sys.platform: linux
Python: 3.6.12 |Anaconda, Inc.| (default, Sep  8 2020, 23:10:56) [GCC 7.3.0]
CUDA available: True
GPU 0,1,2,3: GeForce RTX 2080 Ti
CUDA_HOME: /usr/local/cuda
NVCC: Cuda compilation tools, release 10.0, V10.0.130
GCC: gcc (Ubuntu 5.4.0-6ubuntu1~16.04.11) 5.4.0 20160609
PyTorch: 1.4.0
PyTorch compiling details: PyTorch built with:
  - GCC 7.3
  - Intel(R) Math Kernel Library Version 2020.0.2 Product Build 20200624 for Intel(R) 64 architecture applications
  - Intel(R) MKL-DNN v0.21.1 (Git Hash 7d2fd500bc78936d1d648ca713b901012f470dbc)
  - OpenMP 201511 (a.k.a. OpenMP 4.5)
  - NNPACK is enabled
  - CUDA Runtime 10.0
  - NVCC architecture flags: -gencode;arch=compute_37,code=sm_37;-gencode;arch=compute_50,code=sm_50;-gencode;arch=compute_60,code=sm_60;-gencode;arch=compute_61,code=sm_61;-gencode;arch=compute_70,code=sm_70;-gencode;arch=compute_75,code=sm_75;-gencode;arch=compute_37,code=compute_37
  - CuDNN 7.6.3
  - Magma 2.5.1
  - Build settings: BLAS=MKL, BUILD_NAMEDTENSOR=OFF, BUILD_TYPE=Release, CXX_FLAGS= -Wno-deprecated -fvisibility-inlines-hidden -fopenmp -DUSE_FBGEMM -DUSE_QNNPACK -DUSE_PYTORCH_QNNPACK -O2 -fPIC -Wno-narrowing -Wall -Wextra -Wno-missing-field-initializers -Wno-type-limits -Wno-array-bounds -Wno-unknown-pragmas -Wno-sign-compare -Wno-unused-parameter -Wno-unused-variable -Wno-unused-function -Wno-unused-result -Wno-strict-overflow -Wno-strict-aliasing -Wno-error=deprecated-declarations -Wno-stringop-overflow -Wno-error=pedantic -Wno-error=redundant-decls -Wno-error=old-style-cast -fdiagnostics-color=always -faligned-new -Wno-unused-but-set-variable -Wno-maybe-uninitialized -fno-math-errno -fno-trapping-math -Wno-stringop-overflow, DISABLE_NUMA=1, PERF_WITH_AVX=1, PERF_WITH_AVX2=1, PERF_WITH_AVX512=1, USE_CUDA=ON, USE_EXCEPTION_PTR=1, USE_GFLAGS=OFF, USE_GLOG=OFF, USE_MKL=ON, USE_MKLDNN=ON, USE_MPI=OFF, USE_NCCL=ON, USE_NNPACK=ON, USE_OPENMP=ON, USE_STATIC_DISPATCH=OFF, 

TorchVision: 0.5.0
OpenCV: 4.4.0
MMCV: 1.1.5
MMCV Compiler: GCC 7.3
MMCV CUDA Compiler: 10.0
MMDetection: 2.5.0+
------------------------------------------------------------

2021-05-03 16:28:36,588 - mmdet - INFO - Distributed training: True
2021-05-03 16:28:37,064 - mmdet - INFO - Config:
model = dict(
    type='MaskRCNN',
    pretrained='torchvision://resnet50',
    backbone=dict(
        type='ResNet_carafed_3_kernelexp',
        depth=50,
        num_stages=4,
        out_indices=(0, 1, 2, 3),
        frozen_stages=1,
        norm_cfg=dict(type='BN', requires_grad=True),
        norm_eval=True,
        style='pytorch'),
    neck=dict(
        type='FPN',
        in_channels=[256, 512, 1024, 2048],
        out_channels=256,
        num_outs=5),
    rpn_head=dict(
        type='RPNHead',
        in_channels=256,
        feat_channels=256,
        anchor_generator=dict(
            type='AnchorGenerator',
            scales=[8],
            ratios=[0.5, 1.0, 2.0],
            strides=[4, 8, 16, 32, 64]),
        bbox_coder=dict(
            type='DeltaXYWHBBoxCoder',
            target_means=[0.0, 0.0, 0.0, 0.0],
            target_stds=[1.0, 1.0, 1.0, 1.0]),
        loss_cls=dict(
            type='CrossEntropyLoss', use_sigmoid=True, loss_weight=1.0),
        loss_bbox=dict(type='L1Loss', loss_weight=1.0)),
    roi_head=dict(
        type='StandardRoIHead',
        bbox_roi_extractor=dict(
            type='SingleRoIExtractor',
            roi_layer=dict(type='RoIAlign', output_size=7, sampling_ratio=0),
            out_channels=256,
            featmap_strides=[4, 8, 16, 32]),
        bbox_head=dict(
            type='Shared2FCBBoxHead',
            in_channels=256,
            fc_out_channels=1024,
            roi_feat_size=7,
            num_classes=80,
            bbox_coder=dict(
                type='DeltaXYWHBBoxCoder',
                target_means=[0.0, 0.0, 0.0, 0.0],
                target_stds=[0.1, 0.1, 0.2, 0.2]),
            reg_class_agnostic=False,
            loss_cls=dict(
                type='CrossEntropyLoss', use_sigmoid=False, loss_weight=1.0),
            loss_bbox=dict(type='L1Loss', loss_weight=1.0)),
        mask_roi_extractor=dict(
            type='SingleRoIExtractor',
            roi_layer=dict(type='RoIAlign', output_size=14, sampling_ratio=0),
            out_channels=256,
            featmap_strides=[4, 8, 16, 32]),
        mask_head=dict(
            type='FCNMaskHead',
            num_convs=4,
            in_channels=256,
            conv_out_channels=256,
            num_classes=80,
            loss_mask=dict(
                type='CrossEntropyLoss', use_mask=True, loss_weight=1.0),
            upsample_cfg=dict(type='deconv', scale_factor=2))))
train_cfg = dict(
    rpn=dict(
        assigner=dict(
            type='MaxIoUAssigner',
            pos_iou_thr=0.7,
            neg_iou_thr=0.3,
            min_pos_iou=0.3,
            match_low_quality=True,
            ignore_iof_thr=-1),
        sampler=dict(
            type='RandomSampler',
            num=256,
            pos_fraction=0.5,
            neg_pos_ub=-1,
            add_gt_as_proposals=False),
        allowed_border=-1,
        pos_weight=-1,
        debug=False),
    rpn_proposal=dict(
        nms_across_levels=False,
        nms_pre=2000,
        nms_post=1000,
        max_num=1000,
        nms_thr=0.7,
        min_bbox_size=0),
    rcnn=dict(
        assigner=dict(
            type='MaxIoUAssigner',
            pos_iou_thr=0.5,
            neg_iou_thr=0.5,
            min_pos_iou=0.5,
            match_low_quality=True,
            ignore_iof_thr=-1),
        sampler=dict(
            type='RandomSampler',
            num=512,
            pos_fraction=0.25,
            neg_pos_ub=-1,
            add_gt_as_proposals=True),
        mask_size=28,
        pos_weight=-1,
        debug=False))
test_cfg = dict(
    rpn=dict(
        nms_across_levels=False,
        nms_pre=1000,
        nms_post=1000,
        max_num=1000,
        nms_thr=0.7,
        min_bbox_size=0),
    rcnn=dict(
        score_thr=0.05,
        nms=dict(type='nms', iou_threshold=0.5),
        max_per_img=100,
        mask_thr_binary=0.5))
dataset_type = 'CocoDataset'
data_root = '../data/coco/'
img_norm_cfg = dict(
    mean=[123.675, 116.28, 103.53], std=[58.395, 57.12, 57.375], to_rgb=True)
train_pipeline = [
    dict(type='LoadImageFromFile'),
    dict(type='LoadAnnotations', with_bbox=True, with_mask=True),
    dict(type='Resize', img_scale=(1333, 800), keep_ratio=True),
    dict(type='RandomFlip', flip_ratio=0.5),
    dict(
        type='Normalize',
        mean=[123.675, 116.28, 103.53],
        std=[58.395, 57.12, 57.375],
        to_rgb=True),
    dict(type='Pad', size_divisor=32),
    dict(type='DefaultFormatBundle'),
    dict(type='Collect', keys=['img', 'gt_bboxes', 'gt_labels', 'gt_masks'])
]
test_pipeline = [
    dict(type='LoadImageFromFile'),
    dict(
        type='MultiScaleFlipAug',
        img_scale=(1333, 800),
        flip=False,
        transforms=[
            dict(type='Resize', keep_ratio=True),
            dict(type='RandomFlip'),
            dict(
                type='Normalize',
                mean=[123.675, 116.28, 103.53],
                std=[58.395, 57.12, 57.375],
                to_rgb=True),
            dict(type='Pad', size_divisor=32),
            dict(type='ImageToTensor', keys=['img']),
            dict(type='Collect', keys=['img'])
        ])
]
data = dict(
    samples_per_gpu=2,
    workers_per_gpu=0,
    train=dict(
        type='CocoDataset',
        ann_file='../data/coco/annotations/instances_train2017.json',
        img_prefix='../data/coco/train2017/',
        pipeline=[
            dict(type='LoadImageFromFile'),
            dict(type='LoadAnnotations', with_bbox=True, with_mask=True),
            dict(type='Resize', img_scale=(1333, 800), keep_ratio=True),
            dict(type='RandomFlip', flip_ratio=0.5),
            dict(
                type='Normalize',
                mean=[123.675, 116.28, 103.53],
                std=[58.395, 57.12, 57.375],
                to_rgb=True),
            dict(type='Pad', size_divisor=32),
            dict(type='DefaultFormatBundle'),
            dict(
                type='Collect',
                keys=['img', 'gt_bboxes', 'gt_labels', 'gt_masks'])
        ]),
    val=dict(
        type='CocoDataset',
        ann_file='../data/coco/annotations/instances_val2017.json',
        img_prefix='../data/coco/val2017/',
        pipeline=[
            dict(type='LoadImageFromFile'),
            dict(
                type='MultiScaleFlipAug',
                img_scale=(1333, 800),
                flip=False,
                transforms=[
                    dict(type='Resize', keep_ratio=True),
                    dict(type='RandomFlip'),
                    dict(
                        type='Normalize',
                        mean=[123.675, 116.28, 103.53],
                        std=[58.395, 57.12, 57.375],
                        to_rgb=True),
                    dict(type='Pad', size_divisor=32),
                    dict(type='ImageToTensor', keys=['img']),
                    dict(type='Collect', keys=['img'])
                ])
        ]),
    test=dict(
        type='CocoDataset',
        ann_file='../data/coco/annotations/image_info_test-dev2017.json',
        img_prefix='../data/coco/test2017/',
        pipeline=[
            dict(type='LoadImageFromFile'),
            dict(
                type='MultiScaleFlipAug',
                img_scale=(1333, 800),
                flip=False,
                transforms=[
                    dict(type='Resize', keep_ratio=True),
                    dict(type='RandomFlip'),
                    dict(
                        type='Normalize',
                        mean=[123.675, 116.28, 103.53],
                        std=[58.395, 57.12, 57.375],
                        to_rgb=True),
                    dict(type='Pad', size_divisor=32),
                    dict(type='ImageToTensor', keys=['img']),
                    dict(type='Collect', keys=['img'])
                ])
        ]))
evaluation = dict(metric=['bbox', 'segm'])
optimizer = dict(type='SGD', lr=0.02, momentum=0.9, weight_decay=0.0001)
optimizer_config = dict(grad_clip=None)
lr_config = dict(
    policy='step',
    warmup='linear',
    warmup_iters=500,
    warmup_ratio=0.001,
    step=[8, 11])
total_epochs = 12
checkpoint_config = dict(interval=1)
log_config = dict(interval=50, hooks=[dict(type='TextLoggerHook')])
dist_params = dict(backend='nccl')
log_level = 'INFO'
load_from = None
resume_from = None
workflow = [('train', 1)]
work_dir = './work_dirs/carafeppp_coco_mask_r50_1x_3_kernelexp__BK'
gpu_ids = range(0, 1)

2021-05-03 16:28:37,517 - mmdet - INFO - load model from: torchvision://resnet50
2021-05-03 16:28:40,995 - mmdet - WARNING - The model and loaded state dict do not match exactly

size mismatch for layer2.0.downsample.1.weight: copying a param with shape torch.Size([512]) from checkpoint, the shape in current model is torch.Size([512, 256, 1, 1]).
size mismatch for layer3.0.downsample.1.weight: copying a param with shape torch.Size([1024]) from checkpoint, the shape in current model is torch.Size([1024, 512, 1, 1]).
size mismatch for layer4.0.downsample.1.weight: copying a param with shape torch.Size([2048]) from checkpoint, the shape in current model is torch.Size([2048, 1024, 1, 1]).
unexpected key in source state_dict: fc.weight, fc.bias, layer1.0.conv2.weight, layer1.1.conv2.weight, layer1.2.conv2.weight, layer2.0.conv2.weight, layer2.0.downsample.0.weight, layer2.0.downsample.1.running_mean, layer2.0.downsample.1.running_var, layer2.0.downsample.1.bias, layer2.1.conv2.weight, layer2.2.conv2.weight, layer2.3.conv2.weight, layer3.0.conv2.weight, layer3.0.downsample.0.weight, layer3.0.downsample.1.running_mean, layer3.0.downsample.1.running_var, layer3.0.downsample.1.bias, layer3.1.conv2.weight, layer3.2.conv2.weight, layer3.3.conv2.weight, layer3.4.conv2.weight, layer3.5.conv2.weight, layer4.0.conv2.weight, layer4.0.downsample.0.weight, layer4.0.downsample.1.running_mean, layer4.0.downsample.1.running_var, layer4.0.downsample.1.bias, layer4.1.conv2.weight, layer4.2.conv2.weight

missing keys in source state_dict: carafe.channel_compressor.weight, carafe.channel_compressor.bias, carafe.content_encoder.weight, carafe.content_encoder.bias, carafe.kernel_encoder.weight, carafe.kernel_encoder.bias, carafe.PI.conv.weight, layer1.0.conv2.0.weight, layer1.1.conv2.0.weight, layer1.2.conv2.0.weight, layer2.0.conv2.0.channel_compressor.weight, layer2.0.conv2.0.channel_compressor.bias, layer2.0.conv2.0.content_encoder.weight, layer2.0.conv2.0.content_encoder.bias, layer2.0.conv2.0.kernel_encoder.weight, layer2.0.conv2.0.kernel_encoder.bias, layer2.0.conv2.0.PI.conv.weight, layer2.0.conv2.1.weight, layer2.0.downsample.0.channel_compressor.weight, layer2.0.downsample.0.channel_compressor.bias, layer2.0.downsample.0.content_encoder.weight, layer2.0.downsample.0.content_encoder.bias, layer2.0.downsample.0.kernel_encoder.weight, layer2.0.downsample.0.kernel_encoder.bias, layer2.0.downsample.0.PI.conv.weight, layer2.0.downsample.2.weight, layer2.0.downsample.2.bias, layer2.0.downsample.2.running_mean, layer2.0.downsample.2.running_var, layer2.1.conv2.0.weight, layer2.2.conv2.0.weight, layer2.3.conv2.0.weight, layer3.0.conv2.0.channel_compressor.weight, layer3.0.conv2.0.channel_compressor.bias, layer3.0.conv2.0.content_encoder.weight, layer3.0.conv2.0.content_encoder.bias, layer3.0.conv2.0.kernel_encoder.weight, layer3.0.conv2.0.kernel_encoder.bias, layer3.0.conv2.0.PI.conv.weight, layer3.0.conv2.1.weight, layer3.0.downsample.0.channel_compressor.weight, layer3.0.downsample.0.channel_compressor.bias, layer3.0.downsample.0.content_encoder.weight, layer3.0.downsample.0.content_encoder.bias, layer3.0.downsample.0.kernel_encoder.weight, layer3.0.downsample.0.kernel_encoder.bias, layer3.0.downsample.0.PI.conv.weight, layer3.0.downsample.2.weight, layer3.0.downsample.2.bias, layer3.0.downsample.2.running_mean, layer3.0.downsample.2.running_var, layer3.1.conv2.0.weight, layer3.2.conv2.0.weight, layer3.3.conv2.0.weight, layer3.4.conv2.0.weight, layer3.5.conv2.0.weight, layer4.0.conv2.0.channel_compressor.weight, layer4.0.conv2.0.channel_compressor.bias, layer4.0.conv2.0.content_encoder.weight, layer4.0.conv2.0.content_encoder.bias, layer4.0.conv2.0.kernel_encoder.weight, layer4.0.conv2.0.kernel_encoder.bias, layer4.0.conv2.0.PI.conv.weight, layer4.0.conv2.1.weight, layer4.0.downsample.0.channel_compressor.weight, layer4.0.downsample.0.channel_compressor.bias, layer4.0.downsample.0.content_encoder.weight, layer4.0.downsample.0.content_encoder.bias, layer4.0.downsample.0.kernel_encoder.weight, layer4.0.downsample.0.kernel_encoder.bias, layer4.0.downsample.0.PI.conv.weight, layer4.0.downsample.2.weight, layer4.0.downsample.2.bias, layer4.0.downsample.2.running_mean, layer4.0.downsample.2.running_var, layer4.1.conv2.0.weight, layer4.2.conv2.0.weight

2021-05-03 16:28:59,785 - mmdet - INFO - Start running, host: root@0981e3d7df7c, work_dir: /root/userfolder/mmdetection/work_dirs/carafeppp_coco_mask_r50_1x_3_kernelexp__BK
2021-05-03 16:28:59,785 - mmdet - INFO - workflow: [('train', 1)], max: 12 epochs
2021-05-03 16:29:40,817 - mmdet - INFO - Epoch [1][50/14659]	lr: 1.978e-03, eta: 1 day, 16:04:41, time: 0.820, data_time: 0.281, memory: 8695, loss_rpn_cls: 0.4365, loss_rpn_bbox: 0.1160, loss_cls: 1.2732, acc: 89.3706, loss_bbox: 0.1011, loss_mask: 0.7651, loss: 2.6920
