2020-10-15 15:41:40,454 - mmdet - INFO - Environment info:
------------------------------------------------------------
sys.platform: linux
Python: 3.7.9 (default, Aug 31 2020, 12:42:55) [GCC 7.3.0]
CUDA available: True
GPU 0,1,2,3: GeForce RTX 2080 Ti
CUDA_HOME: /usr/local/cuda
NVCC: Cuda compilation tools, release 10.0, V10.0.130
GCC: gcc (Ubuntu 5.4.0-6ubuntu1~16.04.11) 5.4.0 20160609
PyTorch: 1.4.0
PyTorch compiling details: PyTorch built with:
  - GCC 7.3
  - Intel(R) Math Kernel Library Version 2020.0.2 Product Build 20200624 for Intel(R) 64 architecture applications
  - Intel(R) MKL-DNN v0.21.1 (Git Hash 7d2fd500bc78936d1d648ca713b901012f470dbc)
  - OpenMP 201511 (a.k.a. OpenMP 4.5)
  - NNPACK is enabled
  - CUDA Runtime 10.0
  - NVCC architecture flags: -gencode;arch=compute_37,code=sm_37;-gencode;arch=compute_50,code=sm_50;-gencode;arch=compute_60,code=sm_60;-gencode;arch=compute_61,code=sm_61;-gencode;arch=compute_70,code=sm_70;-gencode;arch=compute_75,code=sm_75;-gencode;arch=compute_37,code=compute_37
  - CuDNN 7.6.3
  - Magma 2.5.1
  - Build settings: BLAS=MKL, BUILD_NAMEDTENSOR=OFF, BUILD_TYPE=Release, CXX_FLAGS= -Wno-deprecated -fvisibility-inlines-hidden -fopenmp -DUSE_FBGEMM -DUSE_QNNPACK -DUSE_PYTORCH_QNNPACK -O2 -fPIC -Wno-narrowing -Wall -Wextra -Wno-missing-field-initializers -Wno-type-limits -Wno-array-bounds -Wno-unknown-pragmas -Wno-sign-compare -Wno-unused-parameter -Wno-unused-variable -Wno-unused-function -Wno-unused-result -Wno-strict-overflow -Wno-strict-aliasing -Wno-error=deprecated-declarations -Wno-stringop-overflow -Wno-error=pedantic -Wno-error=redundant-decls -Wno-error=old-style-cast -fdiagnostics-color=always -faligned-new -Wno-unused-but-set-variable -Wno-maybe-uninitialized -fno-math-errno -fno-trapping-math -Wno-stringop-overflow, DISABLE_NUMA=1, PERF_WITH_AVX=1, PERF_WITH_AVX2=1, PERF_WITH_AVX512=1, USE_CUDA=ON, USE_EXCEPTION_PTR=1, USE_GFLAGS=OFF, USE_GLOG=OFF, USE_MKL=ON, USE_MKLDNN=ON, USE_MPI=OFF, USE_NCCL=ON, USE_NNPACK=ON, USE_OPENMP=ON, USE_STATIC_DISPATCH=OFF, 

TorchVision: 0.5.0
OpenCV: 4.4.0
MMCV: 1.1.5
MMCV Compiler: GCC 7.3
MMCV CUDA Compiler: 10.0
MMDetection: 2.5.0+
------------------------------------------------------------

2020-10-15 15:41:40,967 - mmdet - INFO - Distributed training: True
2020-10-15 15:41:41,346 - mmdet - INFO - Config:
dataset_type = 'CocoDataset'
data_root = 'data/coco/'
annotations_root = 'annotations/'
image_root = '/root/userfolder/data/TCTAnnotatedData/'
classes = ('normal', 'ascus', 'asch', 'lsil', 'hsil_scc_omn',
           'agc_adenocarcinoma_em', 'vaginalis', 'monilia',
           'dysbacteriosis_herpes_act', 'ec')
img_norm_cfg = dict(
    mean=[102.9801, 115.9465, 122.7717], std=[1.0, 1.0, 1.0], to_rgb=False)
train_pipeline = [
    dict(type='LoadImageFromFile'),
    dict(type='LoadAnnotations', with_bbox=True),
    dict(type='Resize', img_scale=(1333, 800), keep_ratio=True),
    dict(type='RandomFlip', flip_ratio=0.5),
    dict(
        type='Normalize',
        mean=[102.9801, 115.9465, 122.7717],
        std=[1.0, 1.0, 1.0],
        to_rgb=False),
    dict(type='Pad', size_divisor=32),
    dict(type='DefaultFormatBundle'),
    dict(type='Collect', keys=['img', 'gt_bboxes', 'gt_labels'])
]
test_pipeline = [
    dict(type='LoadImageFromFile'),
    dict(
        type='MultiScaleFlipAug',
        img_scale=(1333, 800),
        flip=False,
        transforms=[
            dict(type='Resize', keep_ratio=True),
            dict(type='RandomFlip'),
            dict(
                type='Normalize',
                mean=[102.9801, 115.9465, 122.7717],
                std=[1.0, 1.0, 1.0],
                to_rgb=False),
            dict(type='Pad', size_divisor=32),
            dict(type='ImageToTensor', keys=['img']),
            dict(type='Collect', keys=['img'])
        ])
]
data = dict(
    samples_per_gpu=4,
    workers_per_gpu=0,
    train=dict(
        type='CocoDataset',
        classes=('normal', 'ascus', 'asch', 'lsil', 'hsil_scc_omn',
                 'agc_adenocarcinoma_em', 'vaginalis', 'monilia',
                 'dysbacteriosis_herpes_act', 'ec'),
        ann_file='annotations/train30000-cat10.json',
        img_prefix='/root/userfolder/data/TCTAnnotatedData/',
        pipeline=[
            dict(type='LoadImageFromFile'),
            dict(type='LoadAnnotations', with_bbox=True),
            dict(type='Resize', img_scale=(1333, 800), keep_ratio=True),
            dict(type='RandomFlip', flip_ratio=0.5),
            dict(
                type='Normalize',
                mean=[102.9801, 115.9465, 122.7717],
                std=[1.0, 1.0, 1.0],
                to_rgb=False),
            dict(type='Pad', size_divisor=32),
            dict(type='DefaultFormatBundle'),
            dict(type='Collect', keys=['img', 'gt_bboxes', 'gt_labels'])
        ]),
    val=dict(
        type='CocoDataset',
        classes=('normal', 'ascus', 'asch', 'lsil', 'hsil_scc_omn',
                 'agc_adenocarcinoma_em', 'vaginalis', 'monilia',
                 'dysbacteriosis_herpes_act', 'ec'),
        ann_file='annotations/val10000-cat10.json',
        img_prefix='/root/userfolder/data/TCTAnnotatedData/',
        pipeline=[
            dict(type='LoadImageFromFile'),
            dict(
                type='MultiScaleFlipAug',
                img_scale=(1333, 800),
                flip=False,
                transforms=[
                    dict(type='Resize', keep_ratio=True),
                    dict(type='RandomFlip'),
                    dict(
                        type='Normalize',
                        mean=[102.9801, 115.9465, 122.7717],
                        std=[1.0, 1.0, 1.0],
                        to_rgb=False),
                    dict(type='Pad', size_divisor=32),
                    dict(type='ImageToTensor', keys=['img']),
                    dict(type='Collect', keys=['img'])
                ])
        ]),
    test=dict(
        type='CocoDataset',
        classes=('normal', 'ascus', 'asch', 'lsil', 'hsil_scc_omn',
                 'agc_adenocarcinoma_em', 'vaginalis', 'monilia',
                 'dysbacteriosis_herpes_act', 'ec'),
        ann_file='annotations/test10000-cat10.json',
        img_prefix='/root/userfolder/data/TCTAnnotatedData/',
        pipeline=[
            dict(type='LoadImageFromFile'),
            dict(
                type='MultiScaleFlipAug',
                img_scale=(1333, 800),
                flip=False,
                transforms=[
                    dict(type='Resize', keep_ratio=True),
                    dict(type='RandomFlip'),
                    dict(
                        type='Normalize',
                        mean=[102.9801, 115.9465, 122.7717],
                        std=[1.0, 1.0, 1.0],
                        to_rgb=False),
                    dict(type='Pad', size_divisor=32),
                    dict(type='ImageToTensor', keys=['img']),
                    dict(type='Collect', keys=['img'])
                ])
        ]))
evaluation = dict(interval=1, metric='bbox')
optimizer = dict(
    type='SGD',
    lr=0.001,
    momentum=0.9,
    weight_decay=0.0001,
    paramwise_cfg=dict(bias_lr_mult=2.0, bias_decay_mult=0.0))
optimizer_config = dict(grad_clip=dict(max_norm=35, norm_type=2))
lr_config = dict(
    policy='step',
    warmup='constant',
    warmup_iters=500,
    warmup_ratio=0.3333333333333333,
    step=[8, 11])
total_epochs = 12
checkpoint_config = dict(interval=1)
log_config = dict(interval=50, hooks=[dict(type='TextLoggerHook')])
dist_params = dict(backend='nccl')
log_level = 'INFO'
load_from = None
resume_from = None
workflow = [('train', 1)]
model = dict(
    type='FCOS',
    pretrained='open-mmlab://detectron/resnet50_caffe',
    backbone=dict(
        type='ResNet',
        depth=50,
        num_stages=4,
        out_indices=(0, 1, 2, 3),
        frozen_stages=1,
        norm_cfg=dict(type='BN', requires_grad=False),
        norm_eval=True,
        style='caffe'),
    neck=dict(
        type='FPN',
        in_channels=[256, 512, 1024, 2048],
        out_channels=256,
        start_level=1,
        add_extra_convs=True,
        extra_convs_on_inputs=False,
        num_outs=5,
        relu_before_extra_convs=True),
    bbox_head=dict(
        type='FCOSHead',
        num_classes=10,
        in_channels=256,
        stacked_convs=4,
        feat_channels=256,
        strides=[8, 16, 32, 64, 128],
        norm_cfg=None,
        loss_cls=dict(
            type='FocalLoss',
            use_sigmoid=True,
            gamma=2.0,
            alpha=0.25,
            loss_weight=1.0),
        loss_bbox=dict(type='IoULoss', loss_weight=1.0),
        loss_centerness=dict(
            type='CrossEntropyLoss', use_sigmoid=True, loss_weight=1.0)))
train_cfg = dict(
    assigner=dict(
        type='MaxIoUAssigner',
        pos_iou_thr=0.5,
        neg_iou_thr=0.4,
        min_pos_iou=0,
        ignore_iof_thr=-1),
    allowed_border=-1,
    pos_weight=-1,
    debug=False)
test_cfg = dict(
    nms_pre=1000,
    min_bbox_size=0,
    score_thr=0.05,
    nms=dict(type='nms', iou_threshold=0.5),
    max_per_img=100)
work_dir = './work_dirs/fcos_r50_caffe_fpn_4x4_1x_coco'
gpu_ids = range(0, 1)

2020-10-15 15:41:41,701 - mmdet - INFO - load model from: open-mmlab://detectron/resnet50_caffe
2020-10-15 15:41:45,259 - mmdet - WARNING - The model and loaded state dict do not match exactly

unexpected key in source state_dict: conv1.bias, layer1.0.conv1.bias, layer1.0.conv2.bias, layer1.0.conv3.bias, layer1.0.downsample.0.bias, layer1.1.conv1.bias, layer1.1.conv2.bias, layer1.1.conv3.bias, layer1.2.conv1.bias, layer1.2.conv2.bias, layer1.2.conv3.bias, layer2.0.conv1.bias, layer2.0.conv2.bias, layer2.0.conv3.bias, layer2.0.downsample.0.bias, layer2.1.conv1.bias, layer2.1.conv2.bias, layer2.1.conv3.bias, layer2.2.conv1.bias, layer2.2.conv2.bias, layer2.2.conv3.bias, layer2.3.conv1.bias, layer2.3.conv2.bias, layer2.3.conv3.bias, layer3.0.conv1.bias, layer3.0.conv2.bias, layer3.0.conv3.bias, layer3.0.downsample.0.bias, layer3.1.conv1.bias, layer3.1.conv2.bias, layer3.1.conv3.bias, layer3.2.conv1.bias, layer3.2.conv2.bias, layer3.2.conv3.bias, layer3.3.conv1.bias, layer3.3.conv2.bias, layer3.3.conv3.bias, layer3.4.conv1.bias, layer3.4.conv2.bias, layer3.4.conv3.bias, layer3.5.conv1.bias, layer3.5.conv2.bias, layer3.5.conv3.bias, layer4.0.conv1.bias, layer4.0.conv2.bias, layer4.0.conv3.bias, layer4.0.downsample.0.bias, layer4.1.conv1.bias, layer4.1.conv2.bias, layer4.1.conv3.bias, layer4.2.conv1.bias, layer4.2.conv2.bias, layer4.2.conv3.bias

2020-10-15 15:41:48,190 - mmdet - INFO - Start running, host: root@c29bb9d22aa7, work_dir: /root/userfolder/mmdetection/work_dirs/fcos_r50_caffe_fpn_4x4_1x_coco
2020-10-15 15:41:48,190 - mmdet - INFO - workflow: [('train', 1)], max: 12 epochs
2020-10-15 15:43:05,206 - mmdet - INFO - Epoch [1][50/1875]	lr: 3.333e-04, eta: 9:36:18, time: 1.540, data_time: 0.972, memory: 4893, loss_cls: 1.1169, loss_bbox: 4.8037, loss_centerness: 0.6857, loss: 6.6063, grad_norm: 40.0678
2020-10-15 15:44:19,530 - mmdet - INFO - Epoch [1][100/1875]	lr: 3.333e-04, eta: 9:24:59, time: 1.486, data_time: 0.943, memory: 4893, loss_cls: 1.0853, loss_bbox: 1.0708, loss_centerness: 0.6726, loss: 2.8287, grad_norm: 17.8903
2020-10-15 15:45:32,530 - mmdet - INFO - Epoch [1][150/1875]	lr: 3.333e-04, eta: 9:17:05, time: 1.460, data_time: 0.932, memory: 4894, loss_cls: 0.8665, loss_bbox: 0.9127, loss_centerness: 0.6669, loss: 2.4460, grad_norm: 16.4894
2020-10-15 15:46:46,015 - mmdet - INFO - Epoch [1][200/1875]	lr: 3.333e-04, eta: 9:13:26, time: 1.470, data_time: 0.928, memory: 4894, loss_cls: 0.7295, loss_bbox: 0.9017, loss_centerness: 0.6635, loss: 2.2946, grad_norm: 14.9817
2020-10-15 15:48:00,592 - mmdet - INFO - Epoch [1][250/1875]	lr: 3.333e-04, eta: 9:12:23, time: 1.492, data_time: 0.955, memory: 4894, loss_cls: 0.6634, loss_bbox: 0.8560, loss_centerness: 0.6635, loss: 2.1829, grad_norm: 16.2093
2020-10-15 15:49:14,420 - mmdet - INFO - Epoch [1][300/1875]	lr: 3.333e-04, eta: 9:10:20, time: 1.476, data_time: 0.906, memory: 4894, loss_cls: 0.6559, loss_bbox: 0.8217, loss_centerness: 0.6613, loss: 2.1389, grad_norm: 14.4668
2020-10-15 15:50:28,865 - mmdet - INFO - Epoch [1][350/1875]	lr: 3.333e-04, eta: 9:09:10, time: 1.489, data_time: 0.935, memory: 4894, loss_cls: 0.6401, loss_bbox: 0.7488, loss_centerness: 0.6598, loss: 2.0487, grad_norm: 15.6750
2020-10-15 15:51:43,240 - mmdet - INFO - Epoch [1][400/1875]	lr: 3.333e-04, eta: 9:07:55, time: 1.487, data_time: 0.938, memory: 4894, loss_cls: 0.6463, loss_bbox: 0.7025, loss_centerness: 0.6578, loss: 2.0066, grad_norm: 16.6131
2020-10-15 15:52:58,611 - mmdet - INFO - Epoch [1][450/1875]	lr: 3.333e-04, eta: 9:07:30, time: 1.507, data_time: 0.971, memory: 4894, loss_cls: 0.6240, loss_bbox: 0.7375, loss_centerness: 0.6546, loss: 2.0162, grad_norm: 25.2647
2020-10-15 15:54:14,293 - mmdet - INFO - Epoch [1][500/1875]	lr: 3.333e-04, eta: 9:07:08, time: 1.514, data_time: 0.984, memory: 4894, loss_cls: 0.6311, loss_bbox: 0.6677, loss_centerness: 0.6527, loss: 1.9515, grad_norm: 17.2919
2020-10-15 15:55:28,963 - mmdet - INFO - Epoch [1][550/1875]	lr: 1.000e-03, eta: 9:05:56, time: 1.493, data_time: 0.968, memory: 4894, loss_cls: 0.6312, loss_bbox: 1.3844, loss_centerness: 0.6494, loss: 2.6650, grad_norm: 38.8315
2020-10-15 15:56:43,970 - mmdet - INFO - Epoch [1][600/1875]	lr: 1.000e-03, eta: 9:04:55, time: 1.500, data_time: 0.978, memory: 4894, loss_cls: 0.6252, loss_bbox: 0.8364, loss_centerness: 0.6420, loss: 2.1036, grad_norm: 19.1409
2020-10-15 15:57:58,868 - mmdet - INFO - Epoch [1][650/1875]	lr: 1.000e-03, eta: 9:03:49, time: 1.498, data_time: 0.963, memory: 4894, loss_cls: 0.6171, loss_bbox: 0.8149, loss_centerness: 0.6318, loss: 2.0638, grad_norm: 20.8283
2020-10-15 15:59:12,585 - mmdet - INFO - Epoch [1][700/1875]	lr: 1.000e-03, eta: 9:02:05, time: 1.474, data_time: 0.934, memory: 4894, loss_cls: 0.6180, loss_bbox: 0.7857, loss_centerness: 0.6240, loss: 2.0276, grad_norm: 22.1989
2020-10-15 16:00:26,023 - mmdet - INFO - Epoch [1][750/1875]	lr: 1.000e-03, eta: 9:00:16, time: 1.469, data_time: 0.937, memory: 4894, loss_cls: 0.6055, loss_bbox: 0.6619, loss_centerness: 0.6206, loss: 1.8879, grad_norm: 13.0765
2020-10-15 16:01:40,204 - mmdet - INFO - Epoch [1][800/1875]	lr: 1.000e-03, eta: 8:58:53, time: 1.484, data_time: 0.926, memory: 4894, loss_cls: 0.5992, loss_bbox: 0.7817, loss_centerness: 0.6177, loss: 1.9986, grad_norm: 20.3125
2020-10-15 16:02:54,174 - mmdet - INFO - Epoch [1][850/1875]	lr: 1.000e-03, eta: 8:57:25, time: 1.479, data_time: 0.911, memory: 4894, loss_cls: 0.5883, loss_bbox: 0.6747, loss_centerness: 0.6152, loss: 1.8782, grad_norm: 16.5859
2020-10-15 16:04:09,340 - mmdet - INFO - Epoch [1][900/1875]	lr: 1.000e-03, eta: 8:56:27, time: 1.503, data_time: 0.917, memory: 4894, loss_cls: 0.5754, loss_bbox: 0.6553, loss_centerness: 0.6150, loss: 1.8457, grad_norm: 15.6574
2020-10-15 16:05:21,930 - mmdet - INFO - Epoch [1][950/1875]	lr: 1.000e-03, eta: 8:54:29, time: 1.452, data_time: 0.920, memory: 4894, loss_cls: 0.5623, loss_bbox: 0.7118, loss_centerness: 0.6141, loss: 1.8883, grad_norm: 20.5031
2020-10-15 16:06:31,160 - mmdet - INFO - Exp name: fcos_r50_caffe_fpn_4x4_1x_coco.py
2020-10-15 16:06:31,160 - mmdet - INFO - Epoch [1][1000/1875]	lr: 1.000e-03, eta: 8:51:23, time: 1.385, data_time: 0.867, memory: 4894, loss_cls: 0.5486, loss_bbox: 0.6017, loss_centerness: 0.6124, loss: 1.7627, grad_norm: 12.9117
2020-10-15 16:07:39,633 - mmdet - INFO - Epoch [1][1050/1875]	lr: 1.000e-03, eta: 8:48:13, time: 1.370, data_time: 0.873, memory: 4894, loss_cls: 0.5633, loss_bbox: 0.6157, loss_centerness: 0.6111, loss: 1.7901, grad_norm: 14.9817
2020-10-15 16:08:53,368 - mmdet - INFO - Epoch [1][1100/1875]	lr: 1.000e-03, eta: 8:46:56, time: 1.475, data_time: 0.945, memory: 4894, loss_cls: 0.5400, loss_bbox: 0.5906, loss_centerness: 0.6080, loss: 1.7386, grad_norm: 13.8095
2020-10-15 16:10:09,367 - mmdet - INFO - Epoch [1][1150/1875]	lr: 1.000e-03, eta: 8:46:22, time: 1.520, data_time: 1.008, memory: 4894, loss_cls: 0.5315, loss_bbox: 0.6007, loss_centerness: 0.6088, loss: 1.7410, grad_norm: 15.3640
2020-10-15 16:11:23,987 - mmdet - INFO - Epoch [1][1200/1875]	lr: 1.000e-03, eta: 8:45:20, time: 1.492, data_time: 0.976, memory: 4894, loss_cls: 0.5286, loss_bbox: 0.5801, loss_centerness: 0.6094, loss: 1.7181, grad_norm: 13.2324
2020-10-15 16:12:40,270 - mmdet - INFO - Epoch [1][1250/1875]	lr: 1.000e-03, eta: 8:44:45, time: 1.526, data_time: 0.995, memory: 4894, loss_cls: 0.5189, loss_bbox: 0.5487, loss_centerness: 0.6049, loss: 1.6724, grad_norm: 12.4439
2020-10-15 16:13:57,151 - mmdet - INFO - Epoch [1][1300/1875]	lr: 1.000e-03, eta: 8:44:16, time: 1.538, data_time: 1.024, memory: 4894, loss_cls: 0.5174, loss_bbox: 0.5479, loss_centerness: 0.6061, loss: 1.6714, grad_norm: 12.2601
2020-10-15 16:15:12,911 - mmdet - INFO - Epoch [1][1350/1875]	lr: 1.000e-03, eta: 8:43:27, time: 1.515, data_time: 0.983, memory: 4894, loss_cls: 0.5213, loss_bbox: 0.5154, loss_centerness: 0.6060, loss: 1.6427, grad_norm: 9.9347
2020-10-15 16:16:28,758 - mmdet - INFO - Epoch [1][1400/1875]	lr: 1.000e-03, eta: 8:42:36, time: 1.517, data_time: 0.999, memory: 4894, loss_cls: 0.5107, loss_bbox: 0.5584, loss_centerness: 0.6047, loss: 1.6738, grad_norm: 13.2980
2020-10-15 16:17:43,893 - mmdet - INFO - Epoch [1][1450/1875]	lr: 1.000e-03, eta: 8:41:34, time: 1.503, data_time: 0.997, memory: 4894, loss_cls: 0.5065, loss_bbox: 0.5215, loss_centerness: 0.6047, loss: 1.6328, grad_norm: 10.1353
2020-10-15 16:18:56,062 - mmdet - INFO - Epoch [1][1500/1875]	lr: 1.000e-03, eta: 8:39:49, time: 1.443, data_time: 0.933, memory: 4894, loss_cls: 0.5100, loss_bbox: 0.5082, loss_centerness: 0.6052, loss: 1.6233, grad_norm: 9.7869
2020-10-15 16:20:13,426 - mmdet - INFO - Epoch [1][1550/1875]	lr: 1.000e-03, eta: 8:39:17, time: 1.548, data_time: 1.009, memory: 4894, loss_cls: 0.4965, loss_bbox: 0.5379, loss_centerness: 0.6026, loss: 1.6369, grad_norm: 13.8714
2020-10-15 16:21:33,635 - mmdet - INFO - Epoch [1][1600/1875]	lr: 1.000e-03, eta: 8:39:19, time: 1.604, data_time: 1.110, memory: 4894, loss_cls: 0.4884, loss_bbox: 0.5069, loss_centerness: 0.6038, loss: 1.5990, grad_norm: 11.3688
2020-10-15 16:22:57,314 - mmdet - INFO - Epoch [1][1650/1875]	lr: 1.000e-03, eta: 8:40:00, time: 1.673, data_time: 1.171, memory: 4894, loss_cls: 0.4874, loss_bbox: 0.4875, loss_centerness: 0.6019, loss: 1.5769, grad_norm: 9.7373
2020-10-15 16:24:18,430 - mmdet - INFO - Epoch [1][1700/1875]	lr: 1.000e-03, eta: 8:40:02, time: 1.622, data_time: 1.129, memory: 4894, loss_cls: 0.4828, loss_bbox: 0.5176, loss_centerness: 0.6030, loss: 1.6034, grad_norm: 12.0736
2020-10-15 16:25:33,289 - mmdet - INFO - Epoch [1][1750/1875]	lr: 1.000e-03, eta: 8:38:46, time: 1.497, data_time: 0.950, memory: 4894, loss_cls: 0.4772, loss_bbox: 0.4600, loss_centerness: 0.6003, loss: 1.5375, grad_norm: 7.1058
2020-10-15 16:26:46,741 - mmdet - INFO - Epoch [1][1800/1875]	lr: 1.000e-03, eta: 8:37:13, time: 1.469, data_time: 0.933, memory: 4894, loss_cls: 0.4784, loss_bbox: 0.4866, loss_centerness: 0.6018, loss: 1.5668, grad_norm: 8.5589
2020-10-15 16:28:00,865 - mmdet - INFO - Epoch [1][1850/1875]	lr: 1.000e-03, eta: 8:35:48, time: 1.482, data_time: 0.963, memory: 4894, loss_cls: 0.4802, loss_bbox: 0.4610, loss_centerness: 0.6004, loss: 1.5416, grad_norm: 7.8892
2020-10-15 16:28:37,933 - mmdet - INFO - Saving checkpoint at 1 epochs
2020-10-15 16:40:50,917 - mmdet - INFO - Evaluating bbox...
2020-10-15 16:42:58,854 - mmdet - INFO - Exp name: fcos_r50_caffe_fpn_4x4_1x_coco.py
2020-10-15 16:42:58,855 - mmdet - INFO - Epoch(val) [1][1875]	bbox_mAP: 0.0690, bbox_mAP_50: 0.1570, bbox_mAP_75: 0.0490, bbox_mAP_s: -1.0000, bbox_mAP_m: 0.0130, bbox_mAP_l: 0.0720, bbox_mAP_copypaste: 0.069 0.157 0.049 -1.000 0.013 0.072
2020-10-15 16:44:12,361 - mmdet - INFO - Epoch [2][50/1875]	lr: 1.000e-03, eta: 8:27:00, time: 1.470, data_time: 0.759, memory: 4894, loss_cls: 0.4687, loss_bbox: 0.4860, loss_centerness: 0.6026, loss: 1.5573, grad_norm: 10.1910
2020-10-15 16:45:21,100 - mmdet - INFO - Epoch [2][100/1875]	lr: 1.000e-03, eta: 8:24:52, time: 1.375, data_time: 0.709, memory: 4894, loss_cls: 0.4639, loss_bbox: 0.4802, loss_centerness: 0.6006, loss: 1.5446, grad_norm: 10.2655
2020-10-15 16:46:28,597 - mmdet - INFO - Epoch [2][150/1875]	lr: 1.000e-03, eta: 8:22:35, time: 1.350, data_time: 0.729, memory: 4894, loss_cls: 0.4603, loss_bbox: 0.4651, loss_centerness: 0.6010, loss: 1.5264, grad_norm: 7.7633
