2020-10-16 09:04:45,496 - mmdet - INFO - Environment info:
------------------------------------------------------------
sys.platform: linux
Python: 3.7.9 (default, Aug 31 2020, 12:42:55) [GCC 7.3.0]
CUDA available: True
GPU 0,1,2,3,4,5,6,7: GeForce RTX 2080 Ti
CUDA_HOME: /usr/local/cuda
NVCC: Cuda compilation tools, release 10.0, V10.0.130
GCC: gcc (Ubuntu 5.4.0-6ubuntu1~16.04.11) 5.4.0 20160609
PyTorch: 1.4.0
PyTorch compiling details: PyTorch built with:
  - GCC 7.3
  - Intel(R) Math Kernel Library Version 2020.0.2 Product Build 20200624 for Intel(R) 64 architecture applications
  - Intel(R) MKL-DNN v0.21.1 (Git Hash 7d2fd500bc78936d1d648ca713b901012f470dbc)
  - OpenMP 201511 (a.k.a. OpenMP 4.5)
  - NNPACK is enabled
  - CUDA Runtime 10.0
  - NVCC architecture flags: -gencode;arch=compute_37,code=sm_37;-gencode;arch=compute_50,code=sm_50;-gencode;arch=compute_60,code=sm_60;-gencode;arch=compute_61,code=sm_61;-gencode;arch=compute_70,code=sm_70;-gencode;arch=compute_75,code=sm_75;-gencode;arch=compute_37,code=compute_37
  - CuDNN 7.6.3
  - Magma 2.5.1
  - Build settings: BLAS=MKL, BUILD_NAMEDTENSOR=OFF, BUILD_TYPE=Release, CXX_FLAGS= -Wno-deprecated -fvisibility-inlines-hidden -fopenmp -DUSE_FBGEMM -DUSE_QNNPACK -DUSE_PYTORCH_QNNPACK -O2 -fPIC -Wno-narrowing -Wall -Wextra -Wno-missing-field-initializers -Wno-type-limits -Wno-array-bounds -Wno-unknown-pragmas -Wno-sign-compare -Wno-unused-parameter -Wno-unused-variable -Wno-unused-function -Wno-unused-result -Wno-strict-overflow -Wno-strict-aliasing -Wno-error=deprecated-declarations -Wno-stringop-overflow -Wno-error=pedantic -Wno-error=redundant-decls -Wno-error=old-style-cast -fdiagnostics-color=always -faligned-new -Wno-unused-but-set-variable -Wno-maybe-uninitialized -fno-math-errno -fno-trapping-math -Wno-stringop-overflow, DISABLE_NUMA=1, PERF_WITH_AVX=1, PERF_WITH_AVX2=1, PERF_WITH_AVX512=1, USE_CUDA=ON, USE_EXCEPTION_PTR=1, USE_GFLAGS=OFF, USE_GLOG=OFF, USE_MKL=ON, USE_MKLDNN=ON, USE_MPI=OFF, USE_NCCL=ON, USE_NNPACK=ON, USE_OPENMP=ON, USE_STATIC_DISPATCH=OFF, 

TorchVision: 0.5.0
OpenCV: 4.4.0
MMCV: 1.1.5
MMCV Compiler: GCC 7.3
MMCV CUDA Compiler: 10.0
MMDetection: 2.5.0+
------------------------------------------------------------

2020-10-16 09:04:45,937 - mmdet - INFO - Distributed training: True
2020-10-16 09:04:46,321 - mmdet - INFO - Config:
dataset_type = 'CocoDataset'
data_root = 'data/coco/'
annotations_root = 'annotations/'
image_root = '/root/userfolder/data/TCTAnnotatedData/'
classes = ('normal', 'ascus', 'asch', 'lsil', 'hsil_scc_omn',
           'agc_adenocarcinoma_em', 'vaginalis', 'monilia',
           'dysbacteriosis_herpes_act', 'ec')
img_norm_cfg = dict(
    mean=[102.9801, 115.9465, 122.7717], std=[1.0, 1.0, 1.0], to_rgb=False)
train_pipeline = [
    dict(type='LoadImageFromFile'),
    dict(type='LoadAnnotations', with_bbox=True),
    dict(type='Resize', img_scale=(1333, 800), keep_ratio=True),
    dict(type='RandomFlip', flip_ratio=0.5),
    dict(
        type='Normalize',
        mean=[102.9801, 115.9465, 122.7717],
        std=[1.0, 1.0, 1.0],
        to_rgb=False),
    dict(type='Pad', size_divisor=32),
    dict(type='DefaultFormatBundle'),
    dict(type='Collect', keys=['img', 'gt_bboxes', 'gt_labels'])
]
test_pipeline = [
    dict(type='LoadImageFromFile'),
    dict(
        type='MultiScaleFlipAug',
        img_scale=(1333, 800),
        flip=False,
        transforms=[
            dict(type='Resize', keep_ratio=True),
            dict(type='RandomFlip'),
            dict(
                type='Normalize',
                mean=[102.9801, 115.9465, 122.7717],
                std=[1.0, 1.0, 1.0],
                to_rgb=False),
            dict(type='Pad', size_divisor=32),
            dict(type='ImageToTensor', keys=['img']),
            dict(type='Collect', keys=['img'])
        ])
]
data = dict(
    samples_per_gpu=4,
    workers_per_gpu=0,
    train=dict(
        type='CocoDataset',
        classes=('normal', 'ascus', 'asch', 'lsil', 'hsil_scc_omn',
                 'agc_adenocarcinoma_em', 'vaginalis', 'monilia',
                 'dysbacteriosis_herpes_act', 'ec'),
        ann_file='annotations/train30000-cat10.json',
        img_prefix='/root/userfolder/data/TCTAnnotatedData/',
        pipeline=[
            dict(type='LoadImageFromFile'),
            dict(type='LoadAnnotations', with_bbox=True),
            dict(type='Resize', img_scale=(1333, 800), keep_ratio=True),
            dict(type='RandomFlip', flip_ratio=0.5),
            dict(
                type='Normalize',
                mean=[102.9801, 115.9465, 122.7717],
                std=[1.0, 1.0, 1.0],
                to_rgb=False),
            dict(type='Pad', size_divisor=32),
            dict(type='DefaultFormatBundle'),
            dict(type='Collect', keys=['img', 'gt_bboxes', 'gt_labels'])
        ]),
    val=dict(
        type='CocoDataset',
        classes=('normal', 'ascus', 'asch', 'lsil', 'hsil_scc_omn',
                 'agc_adenocarcinoma_em', 'vaginalis', 'monilia',
                 'dysbacteriosis_herpes_act', 'ec'),
        ann_file='annotations/val10000-cat10.json',
        img_prefix='/root/userfolder/data/TCTAnnotatedData/',
        pipeline=[
            dict(type='LoadImageFromFile'),
            dict(
                type='MultiScaleFlipAug',
                img_scale=(1333, 800),
                flip=False,
                transforms=[
                    dict(type='Resize', keep_ratio=True),
                    dict(type='RandomFlip'),
                    dict(
                        type='Normalize',
                        mean=[102.9801, 115.9465, 122.7717],
                        std=[1.0, 1.0, 1.0],
                        to_rgb=False),
                    dict(type='Pad', size_divisor=32),
                    dict(type='ImageToTensor', keys=['img']),
                    dict(type='Collect', keys=['img'])
                ])
        ]),
    test=dict(
        type='CocoDataset',
        classes=('normal', 'ascus', 'asch', 'lsil', 'hsil_scc_omn',
                 'agc_adenocarcinoma_em', 'vaginalis', 'monilia',
                 'dysbacteriosis_herpes_act', 'ec'),
        ann_file='annotations/test10000-cat10.json',
        img_prefix='/root/userfolder/data/TCTAnnotatedData/',
        pipeline=[
            dict(type='LoadImageFromFile'),
            dict(
                type='MultiScaleFlipAug',
                img_scale=(1333, 800),
                flip=False,
                transforms=[
                    dict(type='Resize', keep_ratio=True),
                    dict(type='RandomFlip'),
                    dict(
                        type='Normalize',
                        mean=[102.9801, 115.9465, 122.7717],
                        std=[1.0, 1.0, 1.0],
                        to_rgb=False),
                    dict(type='Pad', size_divisor=32),
                    dict(type='ImageToTensor', keys=['img']),
                    dict(type='Collect', keys=['img'])
                ])
        ]))
evaluation = dict(interval=1, metric='bbox')
optimizer = dict(
    type='SGD',
    lr=0.003,
    momentum=0.9,
    weight_decay=0.0001,
    paramwise_cfg=dict(bias_lr_mult=2.0, bias_decay_mult=0.0))
optimizer_config = dict(grad_clip=dict(max_norm=35, norm_type=2))
lr_config = dict(
    policy='step',
    warmup='constant',
    warmup_iters=500,
    warmup_ratio=0.3333333333333333,
    step=[8, 11])
total_epochs = 12
checkpoint_config = dict(interval=1)
log_config = dict(interval=50, hooks=[dict(type='TextLoggerHook')])
dist_params = dict(backend='nccl')
log_level = 'INFO'
load_from = None
resume_from = None
workflow = [('train', 1)]
model = dict(
    type='FCOS',
    pretrained='open-mmlab://detectron/resnet50_caffe',
    backbone=dict(
        type='ResNet',
        depth=50,
        num_stages=4,
        out_indices=(0, 1, 2, 3),
        frozen_stages=1,
        norm_cfg=dict(type='BN', requires_grad=False),
        norm_eval=True,
        style='caffe'),
    neck=dict(
        type='FPN',
        in_channels=[256, 512, 1024, 2048],
        out_channels=256,
        start_level=1,
        add_extra_convs=True,
        extra_convs_on_inputs=False,
        num_outs=5,
        relu_before_extra_convs=True),
    bbox_head=dict(
        type='FCOSHead',
        num_classes=10,
        in_channels=256,
        stacked_convs=4,
        feat_channels=256,
        strides=[8, 16, 32, 64, 128],
        norm_cfg=None,
        loss_cls=dict(
            type='FocalLoss',
            use_sigmoid=True,
            gamma=2.0,
            alpha=0.25,
            loss_weight=1.0),
        loss_bbox=dict(type='IoULoss', loss_weight=1.0),
        loss_centerness=dict(
            type='CrossEntropyLoss', use_sigmoid=True, loss_weight=1.0)))
train_cfg = dict(
    assigner=dict(
        type='MaxIoUAssigner',
        pos_iou_thr=0.5,
        neg_iou_thr=0.4,
        min_pos_iou=0,
        ignore_iof_thr=-1),
    allowed_border=-1,
    pos_weight=-1,
    debug=False)
test_cfg = dict(
    nms_pre=1000,
    min_bbox_size=0,
    score_thr=0.05,
    nms=dict(type='nms', iou_threshold=0.5),
    max_per_img=100)
work_dir = './work_dirs/ifcos'
gpu_ids = range(0, 1)

2020-10-16 09:04:46,667 - mmdet - INFO - load model from: open-mmlab://detectron/resnet50_caffe
2020-10-16 09:04:52,081 - mmdet - WARNING - The model and loaded state dict do not match exactly

unexpected key in source state_dict: conv1.bias, layer1.0.conv1.bias, layer1.0.conv2.bias, layer1.0.conv3.bias, layer1.0.downsample.0.bias, layer1.1.conv1.bias, layer1.1.conv2.bias, layer1.1.conv3.bias, layer1.2.conv1.bias, layer1.2.conv2.bias, layer1.2.conv3.bias, layer2.0.conv1.bias, layer2.0.conv2.bias, layer2.0.conv3.bias, layer2.0.downsample.0.bias, layer2.1.conv1.bias, layer2.1.conv2.bias, layer2.1.conv3.bias, layer2.2.conv1.bias, layer2.2.conv2.bias, layer2.2.conv3.bias, layer2.3.conv1.bias, layer2.3.conv2.bias, layer2.3.conv3.bias, layer3.0.conv1.bias, layer3.0.conv2.bias, layer3.0.conv3.bias, layer3.0.downsample.0.bias, layer3.1.conv1.bias, layer3.1.conv2.bias, layer3.1.conv3.bias, layer3.2.conv1.bias, layer3.2.conv2.bias, layer3.2.conv3.bias, layer3.3.conv1.bias, layer3.3.conv2.bias, layer3.3.conv3.bias, layer3.4.conv1.bias, layer3.4.conv2.bias, layer3.4.conv3.bias, layer3.5.conv1.bias, layer3.5.conv2.bias, layer3.5.conv3.bias, layer4.0.conv1.bias, layer4.0.conv2.bias, layer4.0.conv3.bias, layer4.0.downsample.0.bias, layer4.1.conv1.bias, layer4.1.conv2.bias, layer4.1.conv3.bias, layer4.2.conv1.bias, layer4.2.conv2.bias, layer4.2.conv3.bias

2020-10-16 09:04:54,425 - mmdet - INFO - Start running, host: root@c29bb9d22aa7, work_dir: /root/userfolder/mmdetection/work_dirs/ifcos
2020-10-16 09:04:54,425 - mmdet - INFO - workflow: [('train', 1)], max: 12 epochs
2020-10-16 09:06:09,549 - mmdet - INFO - Epoch [1][50/938]	lr: 1.000e-03, eta: 4:40:35, time: 1.502, data_time: 0.951, memory: 4893, loss_cls: 1.0975, loss_bbox: 3.2659, loss_centerness: 0.6786, loss: 5.0420, grad_norm: 34.7841
2020-10-16 09:07:21,334 - mmdet - INFO - Epoch [1][100/938]	lr: 1.000e-03, eta: 4:33:08, time: 1.436, data_time: 0.903, memory: 4894, loss_cls: 0.8346, loss_bbox: 1.0213, loss_centerness: 0.6658, loss: 2.5217, grad_norm: 16.0187
2020-10-16 09:08:32,970 - mmdet - INFO - Epoch [1][150/938]	lr: 1.000e-03, eta: 4:29:40, time: 1.433, data_time: 0.905, memory: 4894, loss_cls: 0.6633, loss_bbox: 0.8628, loss_centerness: 0.6635, loss: 2.1896, grad_norm: 10.7432
2020-10-16 09:09:44,573 - mmdet - INFO - Epoch [1][200/938]	lr: 1.000e-03, eta: 4:27:19, time: 1.432, data_time: 0.929, memory: 4894, loss_cls: 0.6392, loss_bbox: 0.8172, loss_centerness: 0.6613, loss: 2.1177, grad_norm: 12.0326
2020-10-16 09:10:56,057 - mmdet - INFO - Epoch [1][250/938]	lr: 1.000e-03, eta: 4:25:20, time: 1.430, data_time: 0.906, memory: 4894, loss_cls: 0.6304, loss_bbox: 0.7122, loss_centerness: 0.6549, loss: 1.9974, grad_norm: 13.5067
2020-10-16 09:12:07,337 - mmdet - INFO - Epoch [1][300/938]	lr: 1.000e-03, eta: 4:23:29, time: 1.426, data_time: 0.918, memory: 4894, loss_cls: 0.6252, loss_bbox: 0.6638, loss_centerness: 0.6450, loss: 1.9340, grad_norm: 12.3686
2020-10-16 09:13:18,484 - mmdet - INFO - Epoch [1][350/938]	lr: 1.000e-03, eta: 4:21:46, time: 1.423, data_time: 0.913, memory: 4894, loss_cls: 0.6083, loss_bbox: 0.7667, loss_centerness: 0.6341, loss: 2.0091, grad_norm: 18.2840
2020-10-16 09:14:30,704 - mmdet - INFO - Epoch [1][400/938]	lr: 1.000e-03, eta: 4:20:39, time: 1.444, data_time: 0.930, memory: 4894, loss_cls: 0.5969, loss_bbox: 0.7997, loss_centerness: 0.6258, loss: 2.0224, grad_norm: 19.5138
2020-10-16 09:15:43,108 - mmdet - INFO - Epoch [1][450/938]	lr: 1.000e-03, eta: 4:19:36, time: 1.448, data_time: 0.929, memory: 4894, loss_cls: 0.5831, loss_bbox: 0.6274, loss_centerness: 0.6203, loss: 1.8308, grad_norm: 11.9100
2020-10-16 09:16:55,725 - mmdet - INFO - Epoch [1][500/938]	lr: 1.000e-03, eta: 4:18:36, time: 1.452, data_time: 0.929, memory: 4894, loss_cls: 0.5655, loss_bbox: 0.6005, loss_centerness: 0.6170, loss: 1.7830, grad_norm: 11.7592
2020-10-16 09:18:08,344 - mmdet - INFO - Epoch [1][550/938]	lr: 3.000e-03, eta: 4:17:33, time: 1.452, data_time: 0.940, memory: 4894, loss_cls: 0.6083, loss_bbox: 1.7031, loss_centerness: 0.6191, loss: 2.9305, grad_norm: 28.6444
2020-10-16 09:19:20,877 - mmdet - INFO - Epoch [1][600/938]	lr: 3.000e-03, eta: 4:16:28, time: 1.451, data_time: 0.937, memory: 4894, loss_cls: 0.5959, loss_bbox: 0.8093, loss_centerness: 0.6193, loss: 2.0245, grad_norm: 8.8577
2020-10-16 09:20:33,021 - mmdet - INFO - Epoch [1][650/938]	lr: 3.000e-03, eta: 4:15:14, time: 1.443, data_time: 0.922, memory: 4894, loss_cls: 0.5505, loss_bbox: 0.5779, loss_centerness: 0.6110, loss: 1.7394, grad_norm: 5.2826
2020-10-16 09:21:44,892 - mmdet - INFO - Epoch [1][700/938]	lr: 3.000e-03, eta: 4:13:57, time: 1.437, data_time: 0.909, memory: 4894, loss_cls: 0.5253, loss_bbox: 0.5222, loss_centerness: 0.6072, loss: 1.6547, grad_norm: 4.9874
2020-10-16 09:22:57,359 - mmdet - INFO - Epoch [1][750/938]	lr: 3.000e-03, eta: 4:12:49, time: 1.450, data_time: 0.925, memory: 4894, loss_cls: 0.5036, loss_bbox: 0.4990, loss_centerness: 0.6046, loss: 1.6072, grad_norm: 4.4728
2020-10-16 09:24:09,156 - mmdet - INFO - Epoch [1][800/938]	lr: 3.000e-03, eta: 4:11:32, time: 1.436, data_time: 0.920, memory: 4894, loss_cls: 0.4899, loss_bbox: 0.4712, loss_centerness: 0.6027, loss: 1.5638, grad_norm: 5.0864
2020-10-16 09:25:21,935 - mmdet - INFO - Epoch [1][850/938]	lr: 3.000e-03, eta: 4:10:27, time: 1.456, data_time: 0.939, memory: 4894, loss_cls: 0.4935, loss_bbox: 0.4593, loss_centerness: 0.6022, loss: 1.5551, grad_norm: 5.3511
2020-10-16 09:26:34,418 - mmdet - INFO - Epoch [1][900/938]	lr: 3.000e-03, eta: 4:09:18, time: 1.450, data_time: 0.942, memory: 4894, loss_cls: 0.4723, loss_bbox: 0.4431, loss_centerness: 0.5999, loss: 1.5153, grad_norm: 4.6346
2020-10-16 09:27:29,057 - mmdet - INFO - Saving checkpoint at 1 epochs
2020-10-16 09:33:22,681 - mmdet - INFO - Evaluating bbox...
2020-10-16 09:35:27,721 - mmdet - INFO - Exp name: ifcos.py
2020-10-16 09:35:27,721 - mmdet - INFO - Epoch(val) [1][938]	bbox_mAP: 0.0740, bbox_mAP_50: 0.1630, bbox_mAP_75: 0.0550, bbox_mAP_s: -1.0000, bbox_mAP_m: 0.0060, bbox_mAP_l: 0.0760, bbox_mAP_copypaste: 0.074 0.163 0.055 -1.000 0.006 0.076
2020-10-16 09:36:42,048 - mmdet - INFO - Epoch [2][50/938]	lr: 3.000e-03, eta: 3:58:02, time: 1.486, data_time: 0.726, memory: 4894, loss_cls: 0.4577, loss_bbox: 0.4398, loss_centerness: 0.5990, loss: 1.4966, grad_norm: 4.6777
2020-10-16 09:37:53,394 - mmdet - INFO - Epoch [2][100/938]	lr: 3.000e-03, eta: 3:57:10, time: 1.427, data_time: 0.687, memory: 4894, loss_cls: 0.4577, loss_bbox: 0.4318, loss_centerness: 0.5985, loss: 1.4881, grad_norm: 4.2408
2020-10-16 09:39:05,664 - mmdet - INFO - Epoch [2][150/938]	lr: 3.000e-03, eta: 3:56:25, time: 1.445, data_time: 0.668, memory: 4894, loss_cls: 0.4506, loss_bbox: 0.4260, loss_centerness: 0.5999, loss: 1.4765, grad_norm: 4.3826
2020-10-16 09:40:17,370 - mmdet - INFO - Epoch [2][200/938]	lr: 3.000e-03, eta: 3:55:33, time: 1.434, data_time: 0.681, memory: 4894, loss_cls: 0.4506, loss_bbox: 0.4282, loss_centerness: 0.5972, loss: 1.4759, grad_norm: 4.5678
2020-10-16 09:41:29,134 - mmdet - INFO - Epoch [2][250/938]	lr: 3.000e-03, eta: 3:54:39, time: 1.435, data_time: 0.685, memory: 4894, loss_cls: 0.4456, loss_bbox: 0.4081, loss_centerness: 0.5968, loss: 1.4504, grad_norm: 4.0847
2020-10-16 09:42:41,090 - mmdet - INFO - Epoch [2][300/938]	lr: 3.000e-03, eta: 3:53:46, time: 1.439, data_time: 0.670, memory: 4894, loss_cls: 0.4333, loss_bbox: 0.3989, loss_centerness: 0.5961, loss: 1.4284, grad_norm: 3.8374
2020-10-16 09:43:53,114 - mmdet - INFO - Epoch [2][350/938]	lr: 3.000e-03, eta: 3:52:51, time: 1.440, data_time: 0.673, memory: 4894, loss_cls: 0.4308, loss_bbox: 0.3925, loss_centerness: 0.5948, loss: 1.4180, grad_norm: 3.7958
2020-10-16 09:45:04,921 - mmdet - INFO - Epoch [2][400/938]	lr: 3.000e-03, eta: 3:51:54, time: 1.436, data_time: 0.663, memory: 4894, loss_cls: 0.4302, loss_bbox: 0.3892, loss_centerness: 0.5944, loss: 1.4138, grad_norm: 3.6748
2020-10-16 09:46:17,820 - mmdet - INFO - Epoch [2][450/938]	lr: 3.000e-03, eta: 3:51:04, time: 1.458, data_time: 0.672, memory: 4894, loss_cls: 0.4239, loss_bbox: 0.3896, loss_centerness: 0.5942, loss: 1.4077, grad_norm: 4.4333
2020-10-16 09:47:30,564 - mmdet - INFO - Epoch [2][500/938]	lr: 3.000e-03, eta: 3:50:10, time: 1.455, data_time: 0.663, memory: 4894, loss_cls: 0.4377, loss_bbox: 0.4129, loss_centerness: 0.5963, loss: 1.4469, grad_norm: 5.3174
2020-10-16 09:48:42,407 - mmdet - INFO - Epoch [2][550/938]	lr: 3.000e-03, eta: 3:49:10, time: 1.437, data_time: 0.676, memory: 4894, loss_cls: 0.4199, loss_bbox: 0.3908, loss_centerness: 0.5956, loss: 1.4063, grad_norm: 3.9563
2020-10-16 09:49:54,706 - mmdet - INFO - Epoch [2][600/938]	lr: 3.000e-03, eta: 3:48:12, time: 1.446, data_time: 0.675, memory: 4894, loss_cls: 0.4076, loss_bbox: 0.3828, loss_centerness: 0.5938, loss: 1.3843, grad_norm: 3.9174
2020-10-16 09:51:06,984 - mmdet - INFO - Epoch [2][650/938]	lr: 3.000e-03, eta: 3:47:12, time: 1.445, data_time: 0.661, memory: 4894, loss_cls: 0.4168, loss_bbox: 0.3934, loss_centerness: 0.5936, loss: 1.4038, grad_norm: 4.5876
2020-10-16 09:52:18,530 - mmdet - INFO - Epoch [2][700/938]	lr: 3.000e-03, eta: 3:46:08, time: 1.431, data_time: 0.666, memory: 4894, loss_cls: 0.4144, loss_bbox: 0.3805, loss_centerness: 0.5927, loss: 1.3877, grad_norm: 4.2430
2020-10-16 09:53:30,971 - mmdet - INFO - Epoch [2][750/938]	lr: 3.000e-03, eta: 3:45:08, time: 1.449, data_time: 0.671, memory: 4894, loss_cls: 0.4059, loss_bbox: 0.3885, loss_centerness: 0.5935, loss: 1.3878, grad_norm: 4.1832
2020-10-16 09:54:42,873 - mmdet - INFO - Epoch [2][800/938]	lr: 3.000e-03, eta: 3:44:05, time: 1.438, data_time: 0.684, memory: 4894, loss_cls: 0.3978, loss_bbox: 0.3697, loss_centerness: 0.5918, loss: 1.3593, grad_norm: 3.5661
2020-10-16 09:55:54,766 - mmdet - INFO - Epoch [2][850/938]	lr: 3.000e-03, eta: 3:43:01, time: 1.438, data_time: 0.687, memory: 4894, loss_cls: 0.3994, loss_bbox: 0.3782, loss_centerness: 0.5932, loss: 1.3708, grad_norm: 4.2840
2020-10-16 09:57:07,294 - mmdet - INFO - Epoch [2][900/938]	lr: 3.000e-03, eta: 3:42:00, time: 1.450, data_time: 0.697, memory: 4894, loss_cls: 0.3972, loss_bbox: 0.3647, loss_centerness: 0.5918, loss: 1.3537, grad_norm: 3.8667
2020-10-16 09:58:01,854 - mmdet - INFO - Saving checkpoint at 2 epochs
2020-10-16 10:03:55,319 - mmdet - INFO - Evaluating bbox...
2020-10-16 10:06:07,886 - mmdet - INFO - Exp name: ifcos.py
2020-10-16 10:06:07,886 - mmdet - INFO - Epoch(val) [2][938]	bbox_mAP: 0.1330, bbox_mAP_50: 0.2690, bbox_mAP_75: 0.1180, bbox_mAP_s: -1.0000, bbox_mAP_m: 0.0190, bbox_mAP_l: 0.1430, bbox_mAP_copypaste: 0.133 0.269 0.118 -1.000 0.019 0.143
2020-10-16 10:07:20,939 - mmdet - INFO - Epoch [3][50/938]	lr: 3.000e-03, eta: 3:35:46, time: 1.461, data_time: 0.714, memory: 4894, loss_cls: 0.3965, loss_bbox: 0.3704, loss_centerness: 0.5935, loss: 1.3605, grad_norm: 3.9065
2020-10-16 10:08:32,216 - mmdet - INFO - Epoch [3][100/938]	lr: 3.000e-03, eta: 3:34:46, time: 1.426, data_time: 0.674, memory: 4894, loss_cls: 0.3898, loss_bbox: 0.3599, loss_centerness: 0.5905, loss: 1.3402, grad_norm: 4.1054
2020-10-16 10:09:43,016 - mmdet - INFO - Epoch [3][150/938]	lr: 3.000e-03, eta: 3:33:42, time: 1.416, data_time: 0.672, memory: 4894, loss_cls: 0.3917, loss_bbox: 0.3710, loss_centerness: 0.5903, loss: 1.3530, grad_norm: 4.7157
2020-10-16 10:10:53,447 - mmdet - INFO - Epoch [3][200/938]	lr: 3.000e-03, eta: 3:32:37, time: 1.409, data_time: 0.671, memory: 4894, loss_cls: 0.3913, loss_bbox: 0.3595, loss_centerness: 0.5909, loss: 1.3417, grad_norm: 4.2220
2020-10-16 10:12:04,322 - mmdet - INFO - Epoch [3][250/938]	lr: 3.000e-03, eta: 3:31:34, time: 1.417, data_time: 0.680, memory: 4894, loss_cls: 0.3837, loss_bbox: 0.3698, loss_centerness: 0.5902, loss: 1.3437, grad_norm: 4.2408
2020-10-16 10:13:16,009 - mmdet - INFO - Epoch [3][300/938]	lr: 3.000e-03, eta: 3:30:33, time: 1.434, data_time: 0.671, memory: 4894, loss_cls: 0.3878, loss_bbox: 0.3557, loss_centerness: 0.5892, loss: 1.3328, grad_norm: 4.3503
2020-10-16 10:14:27,287 - mmdet - INFO - Epoch [3][350/938]	lr: 3.000e-03, eta: 3:29:31, time: 1.426, data_time: 0.673, memory: 4894, loss_cls: 0.3867, loss_bbox: 0.3675, loss_centerness: 0.5896, loss: 1.3438, grad_norm: 4.3711
2020-10-16 10:15:38,561 - mmdet - INFO - Epoch [3][400/938]	lr: 3.000e-03, eta: 3:28:28, time: 1.425, data_time: 0.679, memory: 4894, loss_cls: 0.3875, loss_bbox: 0.3605, loss_centerness: 0.5901, loss: 1.3381, grad_norm: 4.1217
2020-10-16 10:16:50,069 - mmdet - INFO - Epoch [3][450/938]	lr: 3.000e-03, eta: 3:27:25, time: 1.430, data_time: 0.673, memory: 4894, loss_cls: 0.3841, loss_bbox: 0.3509, loss_centerness: 0.5905, loss: 1.3254, grad_norm: 3.5677
2020-10-16 10:18:01,476 - mmdet - INFO - Epoch [3][500/938]	lr: 3.000e-03, eta: 3:26:22, time: 1.428, data_time: 0.672, memory: 4894, loss_cls: 0.3789, loss_bbox: 0.3625, loss_centerness: 0.5905, loss: 1.3318, grad_norm: 4.4647
2020-10-16 10:19:12,783 - mmdet - INFO - Epoch [3][550/938]	lr: 3.000e-03, eta: 3:25:18, time: 1.426, data_time: 0.676, memory: 4894, loss_cls: 0.3882, loss_bbox: 0.3470, loss_centerness: 0.5895, loss: 1.3247, grad_norm: 3.5894
2020-10-16 10:20:24,193 - mmdet - INFO - Epoch [3][600/938]	lr: 3.000e-03, eta: 3:24:14, time: 1.428, data_time: 0.693, memory: 4894, loss_cls: 0.3787, loss_bbox: 0.3512, loss_centerness: 0.5904, loss: 1.3203, grad_norm: 4.0559
2020-10-16 10:21:35,492 - mmdet - INFO - Epoch [3][650/938]	lr: 3.000e-03, eta: 3:23:09, time: 1.426, data_time: 0.673, memory: 4894, loss_cls: 0.3798, loss_bbox: 0.3532, loss_centerness: 0.5895, loss: 1.3225, grad_norm: 3.7500
2020-10-16 10:22:47,215 - mmdet - INFO - Epoch [3][700/938]	lr: 3.000e-03, eta: 3:22:06, time: 1.434, data_time: 0.699, memory: 4894, loss_cls: 0.3810, loss_bbox: 0.3500, loss_centerness: 0.5898, loss: 1.3208, grad_norm: 4.0847
2020-10-16 10:23:57,427 - mmdet - INFO - Epoch [3][750/938]	lr: 3.000e-03, eta: 3:20:57, time: 1.404, data_time: 0.678, memory: 4894, loss_cls: 0.3690, loss_bbox: 0.3524, loss_centerness: 0.5883, loss: 1.3097, grad_norm: 3.9687
2020-10-16 10:25:07,977 - mmdet - INFO - Epoch [3][800/938]	lr: 3.000e-03, eta: 3:19:50, time: 1.411, data_time: 0.696, memory: 4894, loss_cls: 0.3723, loss_bbox: 0.3418, loss_centerness: 0.5894, loss: 1.3034, grad_norm: 3.6104
2020-10-16 10:26:18,644 - mmdet - INFO - Epoch [3][850/938]	lr: 3.000e-03, eta: 3:18:42, time: 1.413, data_time: 0.672, memory: 4894, loss_cls: 0.3793, loss_bbox: 0.3498, loss_centerness: 0.5894, loss: 1.3185, grad_norm: 4.0539
2020-10-16 10:27:29,487 - mmdet - INFO - Epoch [3][900/938]	lr: 3.000e-03, eta: 3:17:35, time: 1.417, data_time: 0.670, memory: 4894, loss_cls: 0.3788, loss_bbox: 0.3609, loss_centerness: 0.5897, loss: 1.3294, grad_norm: 4.6642
2020-10-16 10:28:23,231 - mmdet - INFO - Saving checkpoint at 3 epochs
2020-10-16 10:34:16,625 - mmdet - INFO - Evaluating bbox...
2020-10-16 10:36:32,024 - mmdet - INFO - Exp name: ifcos.py
2020-10-16 10:36:32,025 - mmdet - INFO - Epoch(val) [3][938]	bbox_mAP: 0.1580, bbox_mAP_50: 0.3150, bbox_mAP_75: 0.1430, bbox_mAP_s: -1.0000, bbox_mAP_m: 0.0260, bbox_mAP_l: 0.1690, bbox_mAP_copypaste: 0.158 0.315 0.143 -1.000 0.026 0.169
2020-10-16 10:37:44,835 - mmdet - INFO - Epoch [4][50/938]	lr: 3.000e-03, eta: 3:13:05, time: 1.456, data_time: 0.736, memory: 4894, loss_cls: 0.3712, loss_bbox: 0.3438, loss_centerness: 0.5881, loss: 1.3031, grad_norm: 3.9891
2020-10-16 10:38:56,180 - mmdet - INFO - Epoch [4][100/938]	lr: 3.000e-03, eta: 3:12:03, time: 1.427, data_time: 0.698, memory: 4894, loss_cls: 0.3695, loss_bbox: 0.3358, loss_centerness: 0.5880, loss: 1.2932, grad_norm: 3.5483
2020-10-16 10:40:07,530 - mmdet - INFO - Epoch [4][150/938]	lr: 3.000e-03, eta: 3:11:00, time: 1.427, data_time: 0.673, memory: 4894, loss_cls: 0.3711, loss_bbox: 0.3306, loss_centerness: 0.5879, loss: 1.2896, grad_norm: 3.4630
2020-10-16 10:41:19,233 - mmdet - INFO - Epoch [4][200/938]	lr: 3.000e-03, eta: 3:09:58, time: 1.434, data_time: 0.689, memory: 4894, loss_cls: 0.3653, loss_bbox: 0.3542, loss_centerness: 0.5872, loss: 1.3066, grad_norm: 4.7093
2020-10-16 10:42:29,920 - mmdet - INFO - Epoch [4][250/938]	lr: 3.000e-03, eta: 3:08:53, time: 1.414, data_time: 0.688, memory: 4894, loss_cls: 0.3661, loss_bbox: 0.3372, loss_centerness: 0.5873, loss: 1.2906, grad_norm: 3.7508
2020-10-16 10:43:41,074 - mmdet - INFO - Epoch [4][300/938]	lr: 3.000e-03, eta: 3:07:49, time: 1.423, data_time: 0.665, memory: 4894, loss_cls: 0.3542, loss_bbox: 0.3356, loss_centerness: 0.5862, loss: 1.2759, grad_norm: 3.8156
2020-10-16 10:44:52,302 - mmdet - INFO - Epoch [4][350/938]	lr: 3.000e-03, eta: 3:06:45, time: 1.425, data_time: 0.660, memory: 4894, loss_cls: 0.3667, loss_bbox: 0.3448, loss_centerness: 0.5875, loss: 1.2991, grad_norm: 4.2125
2020-10-16 10:46:03,443 - mmdet - INFO - Epoch [4][400/938]	lr: 3.000e-03, eta: 3:05:41, time: 1.423, data_time: 0.672, memory: 4894, loss_cls: 0.3636, loss_bbox: 0.3360, loss_centerness: 0.5866, loss: 1.2862, grad_norm: 3.8100
2020-10-16 10:47:14,635 - mmdet - INFO - Epoch [4][450/938]	lr: 3.000e-03, eta: 3:04:36, time: 1.424, data_time: 0.678, memory: 4894, loss_cls: 0.3591, loss_bbox: 0.3255, loss_centerness: 0.5867, loss: 1.2713, grad_norm: 3.3558
2020-10-16 10:48:26,057 - mmdet - INFO - Epoch [4][500/938]	lr: 3.000e-03, eta: 3:03:32, time: 1.428, data_time: 0.675, memory: 4894, loss_cls: 0.3636, loss_bbox: 0.3322, loss_centerness: 0.5881, loss: 1.2839, grad_norm: 3.3943
2020-10-16 10:49:37,608 - mmdet - INFO - Epoch [4][550/938]	lr: 3.000e-03, eta: 3:02:28, time: 1.431, data_time: 0.672, memory: 4894, loss_cls: 0.3631, loss_bbox: 0.3491, loss_centerness: 0.5878, loss: 1.3001, grad_norm: 3.9496
2020-10-16 10:50:48,724 - mmdet - INFO - Epoch [4][600/938]	lr: 3.000e-03, eta: 3:01:22, time: 1.422, data_time: 0.668, memory: 4894, loss_cls: 0.3644, loss_bbox: 0.3337, loss_centerness: 0.5865, loss: 1.2845, grad_norm: 4.0605
2020-10-16 10:52:00,089 - mmdet - INFO - Epoch [4][650/938]	lr: 3.000e-03, eta: 3:00:17, time: 1.427, data_time: 0.672, memory: 4894, loss_cls: 0.3570, loss_bbox: 0.3319, loss_centerness: 0.5868, loss: 1.2757, grad_norm: 3.6179
2020-10-16 10:53:11,574 - mmdet - INFO - Epoch [4][700/938]	lr: 3.000e-03, eta: 2:59:13, time: 1.430, data_time: 0.668, memory: 4894, loss_cls: 0.3557, loss_bbox: 0.3256, loss_centerness: 0.5866, loss: 1.2678, grad_norm: 3.1679
2020-10-16 10:54:22,910 - mmdet - INFO - Epoch [4][750/938]	lr: 3.000e-03, eta: 2:58:07, time: 1.427, data_time: 0.675, memory: 4894, loss_cls: 0.3535, loss_bbox: 0.3227, loss_centerness: 0.5865, loss: 1.2628, grad_norm: 3.3103
2020-10-16 10:55:34,636 - mmdet - INFO - Epoch [4][800/938]	lr: 3.000e-03, eta: 2:57:02, time: 1.435, data_time: 0.686, memory: 4894, loss_cls: 0.3572, loss_bbox: 0.3289, loss_centerness: 0.5859, loss: 1.2720, grad_norm: 3.7742
2020-10-16 10:56:46,050 - mmdet - INFO - Epoch [4][850/938]	lr: 3.000e-03, eta: 2:55:57, time: 1.428, data_time: 0.680, memory: 4894, loss_cls: 0.3612, loss_bbox: 0.3296, loss_centerness: 0.5860, loss: 1.2768, grad_norm: 3.6585
2020-10-16 10:57:57,600 - mmdet - INFO - Epoch [4][900/938]	lr: 3.000e-03, eta: 2:54:51, time: 1.431, data_time: 0.670, memory: 4894, loss_cls: 0.3572, loss_bbox: 0.3162, loss_centerness: 0.5860, loss: 1.2594, grad_norm: 3.3621
2020-10-16 10:58:51,452 - mmdet - INFO - Saving checkpoint at 4 epochs
2020-10-16 11:04:41,131 - mmdet - INFO - Evaluating bbox...
2020-10-16 11:06:53,472 - mmdet - INFO - Exp name: ifcos.py
2020-10-16 11:06:53,472 - mmdet - INFO - Epoch(val) [4][938]	bbox_mAP: 0.1700, bbox_mAP_50: 0.3290, bbox_mAP_75: 0.1560, bbox_mAP_s: -1.0000, bbox_mAP_m: 0.0380, bbox_mAP_l: 0.1800, bbox_mAP_copypaste: 0.170 0.329 0.156 -1.000 0.038 0.180
2020-10-16 11:08:06,441 - mmdet - INFO - Epoch [5][50/938]	lr: 3.000e-03, eta: 2:51:12, time: 1.459, data_time: 0.704, memory: 4894, loss_cls: 0.3500, loss_bbox: 0.3171, loss_centerness: 0.5855, loss: 1.2527, grad_norm: 3.3463
2020-10-16 11:09:17,610 - mmdet - INFO - Epoch [5][100/938]	lr: 3.000e-03, eta: 2:50:08, time: 1.423, data_time: 0.670, memory: 4894, loss_cls: 0.3502, loss_bbox: 0.3216, loss_centerness: 0.5861, loss: 1.2579, grad_norm: 3.3134
2020-10-16 11:10:28,496 - mmdet - INFO - Epoch [5][150/938]	lr: 3.000e-03, eta: 2:49:02, time: 1.418, data_time: 0.680, memory: 4894, loss_cls: 0.3501, loss_bbox: 0.3278, loss_centerness: 0.5851, loss: 1.2630, grad_norm: 4.0480
2020-10-16 11:11:39,693 - mmdet - INFO - Epoch [5][200/938]	lr: 3.000e-03, eta: 2:47:57, time: 1.424, data_time: 0.668, memory: 4894, loss_cls: 0.3525, loss_bbox: 0.3306, loss_centerness: 0.5861, loss: 1.2692, grad_norm: 3.8368
2020-10-16 11:12:51,386 - mmdet - INFO - Epoch [5][250/938]	lr: 3.000e-03, eta: 2:46:53, time: 1.434, data_time: 0.679, memory: 4894, loss_cls: 0.3536, loss_bbox: 0.3263, loss_centerness: 0.5855, loss: 1.2653, grad_norm: 4.1040
2020-10-16 11:14:02,034 - mmdet - INFO - Epoch [5][300/938]	lr: 3.000e-03, eta: 2:45:47, time: 1.413, data_time: 0.661, memory: 4894, loss_cls: 0.3565, loss_bbox: 0.3201, loss_centerness: 0.5853, loss: 1.2619, grad_norm: 3.4583
2020-10-16 11:15:13,298 - mmdet - INFO - Epoch [5][350/938]	lr: 3.000e-03, eta: 2:44:42, time: 1.425, data_time: 0.678, memory: 4894, loss_cls: 0.3455, loss_bbox: 0.3168, loss_centerness: 0.5851, loss: 1.2474, grad_norm: 3.6558
2020-10-16 11:16:23,547 - mmdet - INFO - Epoch [5][400/938]	lr: 3.000e-03, eta: 2:43:35, time: 1.405, data_time: 0.670, memory: 4894, loss_cls: 0.3441, loss_bbox: 0.3176, loss_centerness: 0.5837, loss: 1.2454, grad_norm: 3.5147
2020-10-16 11:17:34,213 - mmdet - INFO - Epoch [5][450/938]	lr: 3.000e-03, eta: 2:42:29, time: 1.413, data_time: 0.677, memory: 4894, loss_cls: 0.3611, loss_bbox: 0.3212, loss_centerness: 0.5858, loss: 1.2681, grad_norm: 4.0133
2020-10-16 11:18:44,866 - mmdet - INFO - Epoch [5][500/938]	lr: 3.000e-03, eta: 2:41:22, time: 1.413, data_time: 0.668, memory: 4894, loss_cls: 0.3527, loss_bbox: 0.3233, loss_centerness: 0.5861, loss: 1.2621, grad_norm: 3.4820
2020-10-16 11:19:55,431 - mmdet - INFO - Epoch [5][550/938]	lr: 3.000e-03, eta: 2:40:15, time: 1.411, data_time: 0.683, memory: 4894, loss_cls: 0.3475, loss_bbox: 0.3165, loss_centerness: 0.5846, loss: 1.2486, grad_norm: 3.3201
2020-10-16 11:21:06,050 - mmdet - INFO - Epoch [5][600/938]	lr: 3.000e-03, eta: 2:39:08, time: 1.412, data_time: 0.668, memory: 4894, loss_cls: 0.3519, loss_bbox: 0.3216, loss_centerness: 0.5841, loss: 1.2576, grad_norm: 3.5109
2020-10-16 11:22:16,735 - mmdet - INFO - Epoch [5][650/938]	lr: 3.000e-03, eta: 2:38:02, time: 1.414, data_time: 0.665, memory: 4894, loss_cls: 0.3515, loss_bbox: 0.3146, loss_centerness: 0.5844, loss: 1.2506, grad_norm: 3.3436
2020-10-16 11:23:27,830 - mmdet - INFO - Epoch [5][700/938]	lr: 3.000e-03, eta: 2:36:55, time: 1.422, data_time: 0.669, memory: 4894, loss_cls: 0.3426, loss_bbox: 0.3131, loss_centerness: 0.5852, loss: 1.2409, grad_norm: 3.0623
2020-10-16 11:24:38,462 - mmdet - INFO - Epoch [5][750/938]	lr: 3.000e-03, eta: 2:35:48, time: 1.413, data_time: 0.683, memory: 4894, loss_cls: 0.3394, loss_bbox: 0.3121, loss_centerness: 0.5843, loss: 1.2358, grad_norm: 3.3288
2020-10-16 11:25:49,580 - mmdet - INFO - Epoch [5][800/938]	lr: 3.000e-03, eta: 2:34:42, time: 1.422, data_time: 0.686, memory: 4894, loss_cls: 0.3476, loss_bbox: 0.3090, loss_centerness: 0.5854, loss: 1.2420, grad_norm: 3.2040
2020-10-16 11:27:00,696 - mmdet - INFO - Epoch [5][850/938]	lr: 3.000e-03, eta: 2:33:35, time: 1.422, data_time: 0.673, memory: 4894, loss_cls: 0.3432, loss_bbox: 0.3156, loss_centerness: 0.5849, loss: 1.2437, grad_norm: 3.5276
2020-10-16 11:28:11,003 - mmdet - INFO - Epoch [5][900/938]	lr: 3.000e-03, eta: 2:32:28, time: 1.406, data_time: 0.658, memory: 4894, loss_cls: 0.3490, loss_bbox: 0.3047, loss_centerness: 0.5833, loss: 1.2370, grad_norm: 3.4593
2020-10-16 11:29:04,175 - mmdet - INFO - Saving checkpoint at 5 epochs
2020-10-16 11:34:52,057 - mmdet - INFO - Evaluating bbox...
2020-10-16 11:37:09,525 - mmdet - INFO - Exp name: ifcos.py
2020-10-16 11:37:09,525 - mmdet - INFO - Epoch(val) [5][938]	bbox_mAP: 0.1880, bbox_mAP_50: 0.3580, bbox_mAP_75: 0.1790, bbox_mAP_s: -1.0000, bbox_mAP_m: 0.0490, bbox_mAP_l: 0.1980, bbox_mAP_copypaste: 0.188 0.358 0.179 -1.000 0.049 0.198
2020-10-16 11:38:22,603 - mmdet - INFO - Epoch [6][50/938]	lr: 3.000e-03, eta: 2:29:19, time: 1.461, data_time: 0.707, memory: 4894, loss_cls: 0.3421, loss_bbox: 0.3052, loss_centerness: 0.5831, loss: 1.2304, grad_norm: 2.9245
2020-10-16 11:39:33,030 - mmdet - INFO - Epoch [6][100/938]	lr: 3.000e-03, eta: 2:28:12, time: 1.409, data_time: 0.678, memory: 4894, loss_cls: 0.3377, loss_bbox: 0.3121, loss_centerness: 0.5841, loss: 1.2338, grad_norm: 3.5924
2020-10-16 11:40:44,349 - mmdet - INFO - Epoch [6][150/938]	lr: 3.000e-03, eta: 2:27:07, time: 1.426, data_time: 0.690, memory: 4894, loss_cls: 0.3497, loss_bbox: 0.3033, loss_centerness: 0.5828, loss: 1.2358, grad_norm: 3.6319
2020-10-16 11:41:55,039 - mmdet - INFO - Epoch [6][200/938]	lr: 3.000e-03, eta: 2:26:01, time: 1.414, data_time: 0.681, memory: 4894, loss_cls: 0.3469, loss_bbox: 0.3233, loss_centerness: 0.5842, loss: 1.2544, grad_norm: 4.2973
2020-10-16 11:43:06,667 - mmdet - INFO - Epoch [6][250/938]	lr: 3.000e-03, eta: 2:24:55, time: 1.433, data_time: 0.669, memory: 4894, loss_cls: 0.3440, loss_bbox: 0.3126, loss_centerness: 0.5839, loss: 1.2405, grad_norm: 3.8413
2020-10-16 11:44:18,914 - mmdet - INFO - Epoch [6][300/938]	lr: 3.000e-03, eta: 2:23:51, time: 1.445, data_time: 0.689, memory: 4894, loss_cls: 0.3473, loss_bbox: 0.3163, loss_centerness: 0.5840, loss: 1.2476, grad_norm: 3.6098
2020-10-16 11:45:30,684 - mmdet - INFO - Epoch [6][350/938]	lr: 3.000e-03, eta: 2:22:45, time: 1.435, data_time: 0.670, memory: 4894, loss_cls: 0.3388, loss_bbox: 0.3061, loss_centerness: 0.5844, loss: 1.2293, grad_norm: 2.9355
2020-10-16 11:46:41,351 - mmdet - INFO - Epoch [6][400/938]	lr: 3.000e-03, eta: 2:21:39, time: 1.413, data_time: 0.670, memory: 4894, loss_cls: 0.3364, loss_bbox: 0.3046, loss_centerness: 0.5836, loss: 1.2247, grad_norm: 3.2864
2020-10-16 11:47:51,637 - mmdet - INFO - Epoch [6][450/938]	lr: 3.000e-03, eta: 2:20:31, time: 1.406, data_time: 0.682, memory: 4894, loss_cls: 0.3400, loss_bbox: 0.3034, loss_centerness: 0.5831, loss: 1.2265, grad_norm: 3.1702
2020-10-16 11:49:03,065 - mmdet - INFO - Epoch [6][500/938]	lr: 3.000e-03, eta: 2:19:25, time: 1.429, data_time: 0.684, memory: 4894, loss_cls: 0.3392, loss_bbox: 0.3079, loss_centerness: 0.5835, loss: 1.2307, grad_norm: 3.2205
2020-10-16 11:50:14,410 - mmdet - INFO - Epoch [6][550/938]	lr: 3.000e-03, eta: 2:18:19, time: 1.427, data_time: 0.669, memory: 4894, loss_cls: 0.3293, loss_bbox: 0.3049, loss_centerness: 0.5825, loss: 1.2167, grad_norm: 3.4443
2020-10-16 11:51:25,022 - mmdet - INFO - Epoch [6][600/938]	lr: 3.000e-03, eta: 2:17:12, time: 1.412, data_time: 0.659, memory: 4894, loss_cls: 0.3354, loss_bbox: 0.2992, loss_centerness: 0.5836, loss: 1.2183, grad_norm: 2.9768
2020-10-16 11:52:36,310 - mmdet - INFO - Epoch [6][650/938]	lr: 3.000e-03, eta: 2:16:06, time: 1.426, data_time: 0.685, memory: 4894, loss_cls: 0.3419, loss_bbox: 0.3035, loss_centerness: 0.5842, loss: 1.2295, grad_norm: 3.1978
2020-10-16 11:53:46,960 - mmdet - INFO - Epoch [6][700/938]	lr: 3.000e-03, eta: 2:14:58, time: 1.413, data_time: 0.677, memory: 4894, loss_cls: 0.3391, loss_bbox: 0.3017, loss_centerness: 0.5837, loss: 1.2245, grad_norm: 3.0863
2020-10-16 11:54:57,933 - mmdet - INFO - Epoch [6][750/938]	lr: 3.000e-03, eta: 2:13:51, time: 1.419, data_time: 0.669, memory: 4894, loss_cls: 0.3367, loss_bbox: 0.3043, loss_centerness: 0.5834, loss: 1.2243, grad_norm: 3.1819
2020-10-16 11:56:09,150 - mmdet - INFO - Epoch [6][800/938]	lr: 3.000e-03, eta: 2:12:45, time: 1.425, data_time: 0.692, memory: 4894, loss_cls: 0.3312, loss_bbox: 0.3054, loss_centerness: 0.5840, loss: 1.2206, grad_norm: 3.1421
2020-10-16 11:57:20,510 - mmdet - INFO - Epoch [6][850/938]	lr: 3.000e-03, eta: 2:11:38, time: 1.427, data_time: 0.689, memory: 4894, loss_cls: 0.3323, loss_bbox: 0.2958, loss_centerness: 0.5826, loss: 1.2107, grad_norm: 3.1016
2020-10-16 11:58:30,909 - mmdet - INFO - Epoch [6][900/938]	lr: 3.000e-03, eta: 2:10:30, time: 1.408, data_time: 0.663, memory: 4894, loss_cls: 0.3318, loss_bbox: 0.3021, loss_centerness: 0.5825, loss: 1.2164, grad_norm: 3.1266
2020-10-16 11:59:24,666 - mmdet - INFO - Saving checkpoint at 6 epochs
2020-10-16 12:05:12,344 - mmdet - INFO - Evaluating bbox...
2020-10-16 12:07:32,010 - mmdet - INFO - Exp name: ifcos.py
2020-10-16 12:07:32,010 - mmdet - INFO - Epoch(val) [6][938]	bbox_mAP: 0.1960, bbox_mAP_50: 0.3740, bbox_mAP_75: 0.1860, bbox_mAP_s: -1.0000, bbox_mAP_m: 0.0550, bbox_mAP_l: 0.2060, bbox_mAP_copypaste: 0.196 0.374 0.186 -1.000 0.055 0.206
2020-10-16 12:08:44,333 - mmdet - INFO - Epoch [7][50/938]	lr: 3.000e-03, eta: 2:07:40, time: 1.446, data_time: 0.717, memory: 4894, loss_cls: 0.3348, loss_bbox: 0.2980, loss_centerness: 0.5835, loss: 1.2163, grad_norm: 3.2541
2020-10-16 12:09:55,774 - mmdet - INFO - Epoch [7][100/938]	lr: 3.000e-03, eta: 2:06:34, time: 1.429, data_time: 0.690, memory: 4894, loss_cls: 0.3316, loss_bbox: 0.3042, loss_centerness: 0.5829, loss: 1.2187, grad_norm: 3.4739
2020-10-16 12:11:06,003 - mmdet - INFO - Epoch [7][150/938]	lr: 3.000e-03, eta: 2:05:27, time: 1.405, data_time: 0.657, memory: 4894, loss_cls: 0.3256, loss_bbox: 0.2945, loss_centerness: 0.5824, loss: 1.2025, grad_norm: 3.2633
2020-10-16 12:12:17,304 - mmdet - INFO - Epoch [7][200/938]	lr: 3.000e-03, eta: 2:04:21, time: 1.426, data_time: 0.675, memory: 4894, loss_cls: 0.3306, loss_bbox: 0.3016, loss_centerness: 0.5807, loss: 1.2129, grad_norm: 3.5063
2020-10-16 12:13:27,766 - mmdet - INFO - Epoch [7][250/938]	lr: 3.000e-03, eta: 2:03:13, time: 1.409, data_time: 0.670, memory: 4894, loss_cls: 0.3281, loss_bbox: 0.2951, loss_centerness: 0.5826, loss: 1.2057, grad_norm: 3.2081
2020-10-16 12:14:38,671 - mmdet - INFO - Epoch [7][300/938]	lr: 3.000e-03, eta: 2:02:07, time: 1.418, data_time: 0.666, memory: 4894, loss_cls: 0.3232, loss_bbox: 0.2940, loss_centerness: 0.5818, loss: 1.1990, grad_norm: 3.0697
2020-10-16 12:15:49,547 - mmdet - INFO - Epoch [7][350/938]	lr: 3.000e-03, eta: 2:01:00, time: 1.417, data_time: 0.663, memory: 4894, loss_cls: 0.3307, loss_bbox: 0.3010, loss_centerness: 0.5827, loss: 1.2145, grad_norm: 3.1960
2020-10-16 12:17:00,279 - mmdet - INFO - Epoch [7][400/938]	lr: 3.000e-03, eta: 1:59:53, time: 1.415, data_time: 0.663, memory: 4894, loss_cls: 0.3269, loss_bbox: 0.2996, loss_centerness: 0.5829, loss: 1.2093, grad_norm: 3.1986
2020-10-16 12:18:11,041 - mmdet - INFO - Epoch [7][450/938]	lr: 3.000e-03, eta: 1:58:46, time: 1.415, data_time: 0.678, memory: 4894, loss_cls: 0.3333, loss_bbox: 0.2969, loss_centerness: 0.5818, loss: 1.2120, grad_norm: 3.3683
2020-10-16 12:19:22,159 - mmdet - INFO - Epoch [7][500/938]	lr: 3.000e-03, eta: 1:57:39, time: 1.422, data_time: 0.682, memory: 4894, loss_cls: 0.3344, loss_bbox: 0.2976, loss_centerness: 0.5832, loss: 1.2152, grad_norm: 3.4118
2020-10-16 12:20:33,023 - mmdet - INFO - Epoch [7][550/938]	lr: 3.000e-03, eta: 1:56:31, time: 1.417, data_time: 0.679, memory: 4894, loss_cls: 0.3284, loss_bbox: 0.2943, loss_centerness: 0.5816, loss: 1.2043, grad_norm: 3.1639
2020-10-16 12:21:43,757 - mmdet - INFO - Epoch [7][600/938]	lr: 3.000e-03, eta: 1:55:24, time: 1.415, data_time: 0.669, memory: 4894, loss_cls: 0.3325, loss_bbox: 0.2945, loss_centerness: 0.5834, loss: 1.2103, grad_norm: 3.1703
2020-10-16 12:22:54,627 - mmdet - INFO - Epoch [7][650/938]	lr: 3.000e-03, eta: 1:54:17, time: 1.417, data_time: 0.673, memory: 4894, loss_cls: 0.3270, loss_bbox: 0.2986, loss_centerness: 0.5821, loss: 1.2077, grad_norm: 3.5239
2020-10-16 12:24:06,068 - mmdet - INFO - Epoch [7][700/938]	lr: 3.000e-03, eta: 1:53:10, time: 1.429, data_time: 0.675, memory: 4894, loss_cls: 0.3304, loss_bbox: 0.2992, loss_centerness: 0.5823, loss: 1.2120, grad_norm: 3.5964
2020-10-16 12:25:17,019 - mmdet - INFO - Epoch [7][750/938]	lr: 3.000e-03, eta: 1:52:03, time: 1.419, data_time: 0.686, memory: 4894, loss_cls: 0.3334, loss_bbox: 0.3073, loss_centerness: 0.5826, loss: 1.2233, grad_norm: 4.0623
2020-10-16 12:26:28,379 - mmdet - INFO - Epoch [7][800/938]	lr: 3.000e-03, eta: 1:50:56, time: 1.427, data_time: 0.671, memory: 4894, loss_cls: 0.3268, loss_bbox: 0.3027, loss_centerness: 0.5821, loss: 1.2116, grad_norm: 3.4930
2020-10-16 12:27:39,237 - mmdet - INFO - Epoch [7][850/938]	lr: 3.000e-03, eta: 1:49:48, time: 1.417, data_time: 0.665, memory: 4894, loss_cls: 0.3330, loss_bbox: 0.2958, loss_centerness: 0.5822, loss: 1.2110, grad_norm: 2.9769
2020-10-16 12:28:49,941 - mmdet - INFO - Epoch [7][900/938]	lr: 3.000e-03, eta: 1:48:40, time: 1.414, data_time: 0.673, memory: 4894, loss_cls: 0.3356, loss_bbox: 0.2970, loss_centerness: 0.5827, loss: 1.2153, grad_norm: 3.0799
2020-10-16 12:29:43,809 - mmdet - INFO - Saving checkpoint at 7 epochs
2020-10-16 12:35:35,117 - mmdet - INFO - Evaluating bbox...
2020-10-16 12:37:54,139 - mmdet - INFO - Exp name: ifcos.py
2020-10-16 12:37:54,139 - mmdet - INFO - Epoch(val) [7][938]	bbox_mAP: 0.2000, bbox_mAP_50: 0.3860, bbox_mAP_75: 0.1870, bbox_mAP_s: -1.0000, bbox_mAP_m: 0.0580, bbox_mAP_l: 0.2090, bbox_mAP_copypaste: 0.200 0.386 0.187 -1.000 0.058 0.209
2020-10-16 12:39:07,084 - mmdet - INFO - Epoch [8][50/938]	lr: 3.000e-03, eta: 1:46:05, time: 1.459, data_time: 0.718, memory: 4894, loss_cls: 0.3227, loss_bbox: 0.2895, loss_centerness: 0.5819, loss: 1.1941, grad_norm: 3.1859
2020-10-16 12:40:18,158 - mmdet - INFO - Epoch [8][100/938]	lr: 3.000e-03, eta: 1:44:58, time: 1.422, data_time: 0.668, memory: 4894, loss_cls: 0.3323, loss_bbox: 0.2919, loss_centerness: 0.5811, loss: 1.2053, grad_norm: 3.4282
2020-10-16 12:41:29,245 - mmdet - INFO - Epoch [8][150/938]	lr: 3.000e-03, eta: 1:43:51, time: 1.422, data_time: 0.659, memory: 4894, loss_cls: 0.3314, loss_bbox: 0.2923, loss_centerness: 0.5807, loss: 1.2044, grad_norm: 3.0537
2020-10-16 12:42:39,619 - mmdet - INFO - Epoch [8][200/938]	lr: 3.000e-03, eta: 1:42:44, time: 1.407, data_time: 0.660, memory: 4894, loss_cls: 0.3225, loss_bbox: 0.2911, loss_centerness: 0.5818, loss: 1.1954, grad_norm: 3.0243
2020-10-16 12:43:50,867 - mmdet - INFO - Epoch [8][250/938]	lr: 3.000e-03, eta: 1:41:37, time: 1.425, data_time: 0.669, memory: 4894, loss_cls: 0.3195, loss_bbox: 0.2968, loss_centerness: 0.5814, loss: 1.1978, grad_norm: 3.3425
2020-10-16 12:45:01,604 - mmdet - INFO - Epoch [8][300/938]	lr: 3.000e-03, eta: 1:40:29, time: 1.415, data_time: 0.662, memory: 4894, loss_cls: 0.3252, loss_bbox: 0.2895, loss_centerness: 0.5820, loss: 1.1968, grad_norm: 2.9862
2020-10-16 12:46:12,668 - mmdet - INFO - Epoch [8][350/938]	lr: 3.000e-03, eta: 1:39:22, time: 1.421, data_time: 0.668, memory: 4894, loss_cls: 0.3215, loss_bbox: 0.2818, loss_centerness: 0.5801, loss: 1.1834, grad_norm: 2.9181
2020-10-16 12:47:23,422 - mmdet - INFO - Epoch [8][400/938]	lr: 3.000e-03, eta: 1:38:15, time: 1.415, data_time: 0.666, memory: 4894, loss_cls: 0.3227, loss_bbox: 0.2880, loss_centerness: 0.5818, loss: 1.1924, grad_norm: 2.9342
2020-10-16 12:48:34,102 - mmdet - INFO - Epoch [8][450/938]	lr: 3.000e-03, eta: 1:37:07, time: 1.414, data_time: 0.670, memory: 4894, loss_cls: 0.3260, loss_bbox: 0.2951, loss_centerness: 0.5811, loss: 1.2022, grad_norm: 3.5365
2020-10-16 12:49:45,636 - mmdet - INFO - Epoch [8][500/938]	lr: 3.000e-03, eta: 1:36:00, time: 1.431, data_time: 0.665, memory: 4894, loss_cls: 0.3291, loss_bbox: 0.2962, loss_centerness: 0.5818, loss: 1.2071, grad_norm: 3.3772
2020-10-16 12:50:56,341 - mmdet - INFO - Epoch [8][550/938]	lr: 3.000e-03, eta: 1:34:53, time: 1.414, data_time: 0.665, memory: 4894, loss_cls: 0.3197, loss_bbox: 0.2887, loss_centerness: 0.5813, loss: 1.1897, grad_norm: 3.2068
2020-10-16 12:52:07,089 - mmdet - INFO - Epoch [8][600/938]	lr: 3.000e-03, eta: 1:33:45, time: 1.415, data_time: 0.667, memory: 4894, loss_cls: 0.3245, loss_bbox: 0.2919, loss_centerness: 0.5807, loss: 1.1971, grad_norm: 3.4493
2020-10-16 12:53:17,510 - mmdet - INFO - Epoch [8][650/938]	lr: 3.000e-03, eta: 1:32:37, time: 1.408, data_time: 0.676, memory: 4894, loss_cls: 0.3235, loss_bbox: 0.3009, loss_centerness: 0.5810, loss: 1.2054, grad_norm: 3.9575
2020-10-16 12:54:28,740 - mmdet - INFO - Epoch [8][700/938]	lr: 3.000e-03, eta: 1:31:30, time: 1.425, data_time: 0.674, memory: 4894, loss_cls: 0.3254, loss_bbox: 0.2990, loss_centerness: 0.5827, loss: 1.2071, grad_norm: 3.5199
2020-10-16 12:55:40,067 - mmdet - INFO - Epoch [8][750/938]	lr: 3.000e-03, eta: 1:30:22, time: 1.427, data_time: 0.672, memory: 4894, loss_cls: 0.3246, loss_bbox: 0.2962, loss_centerness: 0.5808, loss: 1.2016, grad_norm: 3.6272
2020-10-16 12:56:51,503 - mmdet - INFO - Epoch [8][800/938]	lr: 3.000e-03, eta: 1:29:15, time: 1.429, data_time: 0.656, memory: 4894, loss_cls: 0.3221, loss_bbox: 0.2904, loss_centerness: 0.5808, loss: 1.1933, grad_norm: 3.2689
2020-10-16 12:58:02,333 - mmdet - INFO - Epoch [8][850/938]	lr: 3.000e-03, eta: 1:28:07, time: 1.417, data_time: 0.664, memory: 4894, loss_cls: 0.3182, loss_bbox: 0.2875, loss_centerness: 0.5804, loss: 1.1861, grad_norm: 2.9620
2020-10-16 12:59:13,415 - mmdet - INFO - Epoch [8][900/938]	lr: 3.000e-03, eta: 1:26:59, time: 1.422, data_time: 0.662, memory: 4894, loss_cls: 0.3205, loss_bbox: 0.2837, loss_centerness: 0.5815, loss: 1.1857, grad_norm: 2.8698
2020-10-16 13:00:07,205 - mmdet - INFO - Saving checkpoint at 8 epochs
2020-10-16 13:05:53,207 - mmdet - INFO - Evaluating bbox...
2020-10-16 13:08:08,201 - mmdet - INFO - Exp name: ifcos.py
2020-10-16 13:08:08,201 - mmdet - INFO - Epoch(val) [8][938]	bbox_mAP: 0.2110, bbox_mAP_50: 0.3910, bbox_mAP_75: 0.2040, bbox_mAP_s: -1.0000, bbox_mAP_m: 0.0570, bbox_mAP_l: 0.2230, bbox_mAP_copypaste: 0.211 0.391 0.204 -1.000 0.057 0.223
2020-10-16 13:09:20,784 - mmdet - INFO - Epoch [9][50/938]	lr: 3.000e-04, eta: 1:24:34, time: 1.452, data_time: 0.714, memory: 4894, loss_cls: 0.3100, loss_bbox: 0.2737, loss_centerness: 0.5793, loss: 1.1630, grad_norm: 2.3089
2020-10-16 13:10:31,456 - mmdet - INFO - Epoch [9][100/938]	lr: 3.000e-04, eta: 1:23:27, time: 1.413, data_time: 0.667, memory: 4894, loss_cls: 0.3084, loss_bbox: 0.2650, loss_centerness: 0.5797, loss: 1.1531, grad_norm: 2.1657
2020-10-16 13:11:42,369 - mmdet - INFO - Epoch [9][150/938]	lr: 3.000e-04, eta: 1:22:19, time: 1.418, data_time: 0.677, memory: 4894, loss_cls: 0.3096, loss_bbox: 0.2728, loss_centerness: 0.5805, loss: 1.1629, grad_norm: 2.1303
2020-10-16 13:12:53,404 - mmdet - INFO - Epoch [9][200/938]	lr: 3.000e-04, eta: 1:21:12, time: 1.421, data_time: 0.671, memory: 4894, loss_cls: 0.3031, loss_bbox: 0.2696, loss_centerness: 0.5803, loss: 1.1529, grad_norm: 2.2207
2020-10-16 13:14:04,787 - mmdet - INFO - Epoch [9][250/938]	lr: 3.000e-04, eta: 1:20:05, time: 1.428, data_time: 0.674, memory: 4894, loss_cls: 0.3060, loss_bbox: 0.2725, loss_centerness: 0.5799, loss: 1.1584, grad_norm: 2.1098
2020-10-16 13:15:15,435 - mmdet - INFO - Epoch [9][300/938]	lr: 3.000e-04, eta: 1:18:57, time: 1.413, data_time: 0.666, memory: 4894, loss_cls: 0.3054, loss_bbox: 0.2735, loss_centerness: 0.5797, loss: 1.1586, grad_norm: 2.2286
2020-10-16 13:16:26,299 - mmdet - INFO - Epoch [9][350/938]	lr: 3.000e-04, eta: 1:17:49, time: 1.417, data_time: 0.679, memory: 4894, loss_cls: 0.3033, loss_bbox: 0.2649, loss_centerness: 0.5785, loss: 1.1468, grad_norm: 2.1987
2020-10-16 13:17:36,830 - mmdet - INFO - Epoch [9][400/938]	lr: 3.000e-04, eta: 1:16:41, time: 1.411, data_time: 0.671, memory: 4894, loss_cls: 0.3003, loss_bbox: 0.2625, loss_centerness: 0.5786, loss: 1.1414, grad_norm: 2.0840
2020-10-16 13:18:48,102 - mmdet - INFO - Epoch [9][450/938]	lr: 3.000e-04, eta: 1:15:34, time: 1.425, data_time: 0.679, memory: 4894, loss_cls: 0.3035, loss_bbox: 0.2707, loss_centerness: 0.5802, loss: 1.1543, grad_norm: 2.2498
2020-10-16 13:19:58,720 - mmdet - INFO - Epoch [9][500/938]	lr: 3.000e-04, eta: 1:14:26, time: 1.412, data_time: 0.655, memory: 4894, loss_cls: 0.3055, loss_bbox: 0.2709, loss_centerness: 0.5800, loss: 1.1564, grad_norm: 2.2245
2020-10-16 13:21:09,950 - mmdet - INFO - Epoch [9][550/938]	lr: 3.000e-04, eta: 1:13:18, time: 1.425, data_time: 0.673, memory: 4894, loss_cls: 0.3066, loss_bbox: 0.2694, loss_centerness: 0.5787, loss: 1.1546, grad_norm: 2.3010
2020-10-16 13:22:21,084 - mmdet - INFO - Epoch [9][600/938]	lr: 3.000e-04, eta: 1:12:11, time: 1.423, data_time: 0.672, memory: 4894, loss_cls: 0.3074, loss_bbox: 0.2716, loss_centerness: 0.5798, loss: 1.1588, grad_norm: 2.3623
2020-10-16 13:23:31,734 - mmdet - INFO - Epoch [9][650/938]	lr: 3.000e-04, eta: 1:11:03, time: 1.413, data_time: 0.669, memory: 4894, loss_cls: 0.3050, loss_bbox: 0.2683, loss_centerness: 0.5794, loss: 1.1527, grad_norm: 2.1539
2020-10-16 13:24:42,113 - mmdet - INFO - Epoch [9][700/938]	lr: 3.000e-04, eta: 1:09:55, time: 1.408, data_time: 0.674, memory: 4894, loss_cls: 0.3013, loss_bbox: 0.2730, loss_centerness: 0.5790, loss: 1.1534, grad_norm: 2.3483
2020-10-16 13:25:52,575 - mmdet - INFO - Epoch [9][750/938]	lr: 3.000e-04, eta: 1:08:46, time: 1.409, data_time: 0.667, memory: 4894, loss_cls: 0.3028, loss_bbox: 0.2711, loss_centerness: 0.5795, loss: 1.1533, grad_norm: 2.2691
2020-10-16 13:27:03,450 - mmdet - INFO - Epoch [9][800/938]	lr: 3.000e-04, eta: 1:07:39, time: 1.418, data_time: 0.668, memory: 4894, loss_cls: 0.3047, loss_bbox: 0.2751, loss_centerness: 0.5797, loss: 1.1595, grad_norm: 2.3632
2020-10-16 13:28:13,889 - mmdet - INFO - Epoch [9][850/938]	lr: 3.000e-04, eta: 1:06:30, time: 1.409, data_time: 0.675, memory: 4894, loss_cls: 0.3028, loss_bbox: 0.2718, loss_centerness: 0.5797, loss: 1.1543, grad_norm: 2.3363
2020-10-16 13:29:24,551 - mmdet - INFO - Epoch [9][900/938]	lr: 3.000e-04, eta: 1:05:22, time: 1.413, data_time: 0.680, memory: 4894, loss_cls: 0.3089, loss_bbox: 0.2695, loss_centerness: 0.5795, loss: 1.1578, grad_norm: 2.3450
2020-10-16 13:30:17,753 - mmdet - INFO - Saving checkpoint at 9 epochs
2020-10-16 13:36:08,153 - mmdet - INFO - Evaluating bbox...
2020-10-16 13:38:27,951 - mmdet - INFO - Exp name: ifcos.py
2020-10-16 13:38:27,952 - mmdet - INFO - Epoch(val) [9][938]	bbox_mAP: 0.2260, bbox_mAP_50: 0.4130, bbox_mAP_75: 0.2230, bbox_mAP_s: -1.0000, bbox_mAP_m: 0.0620, bbox_mAP_l: 0.2370, bbox_mAP_copypaste: 0.226 0.413 0.223 -1.000 0.062 0.237
2020-10-16 13:39:40,425 - mmdet - INFO - Epoch [10][50/938]	lr: 3.000e-04, eta: 1:03:05, time: 1.449, data_time: 0.727, memory: 4894, loss_cls: 0.3046, loss_bbox: 0.2693, loss_centerness: 0.5799, loss: 1.1537, grad_norm: 2.3532
2020-10-16 13:40:50,948 - mmdet - INFO - Epoch [10][100/938]	lr: 3.000e-04, eta: 1:01:58, time: 1.410, data_time: 0.671, memory: 4894, loss_cls: 0.3031, loss_bbox: 0.2705, loss_centerness: 0.5796, loss: 1.1533, grad_norm: 2.2851
2020-10-16 13:42:01,673 - mmdet - INFO - Epoch [10][150/938]	lr: 3.000e-04, eta: 1:00:50, time: 1.414, data_time: 0.668, memory: 4894, loss_cls: 0.2980, loss_bbox: 0.2639, loss_centerness: 0.5788, loss: 1.1407, grad_norm: 2.1932
2020-10-16 13:43:12,380 - mmdet - INFO - Epoch [10][200/938]	lr: 3.000e-04, eta: 0:59:42, time: 1.414, data_time: 0.676, memory: 4894, loss_cls: 0.3073, loss_bbox: 0.2736, loss_centerness: 0.5800, loss: 1.1608, grad_norm: 2.2618
2020-10-16 13:44:23,040 - mmdet - INFO - Epoch [10][250/938]	lr: 3.000e-04, eta: 0:58:34, time: 1.413, data_time: 0.670, memory: 4894, loss_cls: 0.3040, loss_bbox: 0.2635, loss_centerness: 0.5782, loss: 1.1457, grad_norm: 2.2707
2020-10-16 13:45:33,272 - mmdet - INFO - Epoch [10][300/938]	lr: 3.000e-04, eta: 0:57:26, time: 1.405, data_time: 0.677, memory: 4894, loss_cls: 0.3017, loss_bbox: 0.2692, loss_centerness: 0.5796, loss: 1.1506, grad_norm: 2.1293
2020-10-16 13:46:43,998 - mmdet - INFO - Epoch [10][350/938]	lr: 3.000e-04, eta: 0:56:18, time: 1.415, data_time: 0.697, memory: 4894, loss_cls: 0.3005, loss_bbox: 0.2707, loss_centerness: 0.5806, loss: 1.1519, grad_norm: 2.3296
2020-10-16 13:47:54,353 - mmdet - INFO - Epoch [10][400/938]	lr: 3.000e-04, eta: 0:55:10, time: 1.407, data_time: 0.679, memory: 4894, loss_cls: 0.3039, loss_bbox: 0.2674, loss_centerness: 0.5789, loss: 1.1502, grad_norm: 2.3214
2020-10-16 13:49:05,008 - mmdet - INFO - Epoch [10][450/938]	lr: 3.000e-04, eta: 0:54:02, time: 1.413, data_time: 0.672, memory: 4894, loss_cls: 0.3028, loss_bbox: 0.2614, loss_centerness: 0.5782, loss: 1.1424, grad_norm: 2.3939
2020-10-16 13:50:15,574 - mmdet - INFO - Epoch [10][500/938]	lr: 3.000e-04, eta: 0:52:54, time: 1.411, data_time: 0.676, memory: 4894, loss_cls: 0.3034, loss_bbox: 0.2737, loss_centerness: 0.5798, loss: 1.1569, grad_norm: 2.4078
2020-10-16 13:51:25,459 - mmdet - INFO - Epoch [10][550/938]	lr: 3.000e-04, eta: 0:51:46, time: 1.398, data_time: 0.678, memory: 4894, loss_cls: 0.3021, loss_bbox: 0.2742, loss_centerness: 0.5800, loss: 1.1564, grad_norm: 2.3345
2020-10-16 13:52:35,536 - mmdet - INFO - Epoch [10][600/938]	lr: 3.000e-04, eta: 0:50:37, time: 1.402, data_time: 0.681, memory: 4894, loss_cls: 0.3019, loss_bbox: 0.2668, loss_centerness: 0.5793, loss: 1.1481, grad_norm: 2.2762
2020-10-16 13:53:45,624 - mmdet - INFO - Epoch [10][650/938]	lr: 3.000e-04, eta: 0:49:29, time: 1.402, data_time: 0.675, memory: 4894, loss_cls: 0.3036, loss_bbox: 0.2644, loss_centerness: 0.5787, loss: 1.1467, grad_norm: 2.4545
2020-10-16 13:54:56,736 - mmdet - INFO - Epoch [10][700/938]	lr: 3.000e-04, eta: 0:48:21, time: 1.422, data_time: 0.672, memory: 4894, loss_cls: 0.3049, loss_bbox: 0.2711, loss_centerness: 0.5790, loss: 1.1551, grad_norm: 2.3969
2020-10-16 13:56:06,906 - mmdet - INFO - Epoch [10][750/938]	lr: 3.000e-04, eta: 0:47:13, time: 1.403, data_time: 0.691, memory: 4894, loss_cls: 0.3025, loss_bbox: 0.2741, loss_centerness: 0.5798, loss: 1.1563, grad_norm: 2.3644
2020-10-16 13:57:16,904 - mmdet - INFO - Epoch [10][800/938]	lr: 3.000e-04, eta: 0:46:04, time: 1.400, data_time: 0.678, memory: 4894, loss_cls: 0.3063, loss_bbox: 0.2702, loss_centerness: 0.5794, loss: 1.1559, grad_norm: 2.4159
2020-10-16 13:58:27,015 - mmdet - INFO - Epoch [10][850/938]	lr: 3.000e-04, eta: 0:44:56, time: 1.402, data_time: 0.681, memory: 4894, loss_cls: 0.3051, loss_bbox: 0.2688, loss_centerness: 0.5797, loss: 1.1535, grad_norm: 2.4041
2020-10-16 13:59:37,376 - mmdet - INFO - Epoch [10][900/938]	lr: 3.000e-04, eta: 0:43:48, time: 1.407, data_time: 0.661, memory: 4894, loss_cls: 0.3005, loss_bbox: 0.2714, loss_centerness: 0.5797, loss: 1.1517, grad_norm: 2.3162
2020-10-16 14:00:30,579 - mmdet - INFO - Saving checkpoint at 10 epochs
2020-10-16 14:06:19,164 - mmdet - INFO - Evaluating bbox...
2020-10-16 14:08:37,856 - mmdet - INFO - Exp name: ifcos.py
2020-10-16 14:08:37,857 - mmdet - INFO - Epoch(val) [10][938]	bbox_mAP: 0.2260, bbox_mAP_50: 0.4160, bbox_mAP_75: 0.2230, bbox_mAP_s: -1.0000, bbox_mAP_m: 0.0640, bbox_mAP_l: 0.2370, bbox_mAP_copypaste: 0.226 0.416 0.223 -1.000 0.064 0.237
2020-10-16 14:09:50,899 - mmdet - INFO - Epoch [11][50/938]	lr: 3.000e-04, eta: 0:41:38, time: 1.461, data_time: 0.704, memory: 4894, loss_cls: 0.3053, loss_bbox: 0.2703, loss_centerness: 0.5799, loss: 1.1555, grad_norm: 2.5483
2020-10-16 14:11:01,507 - mmdet - INFO - Epoch [11][100/938]	lr: 3.000e-04, eta: 0:40:30, time: 1.412, data_time: 0.674, memory: 4894, loss_cls: 0.3038, loss_bbox: 0.2682, loss_centerness: 0.5787, loss: 1.1506, grad_norm: 2.4460
2020-10-16 14:12:11,910 - mmdet - INFO - Epoch [11][150/938]	lr: 3.000e-04, eta: 0:39:22, time: 1.408, data_time: 0.675, memory: 4894, loss_cls: 0.3015, loss_bbox: 0.2665, loss_centerness: 0.5791, loss: 1.1472, grad_norm: 2.3482
2020-10-16 14:13:22,768 - mmdet - INFO - Epoch [11][200/938]	lr: 3.000e-04, eta: 0:38:14, time: 1.417, data_time: 0.680, memory: 4894, loss_cls: 0.3051, loss_bbox: 0.2676, loss_centerness: 0.5782, loss: 1.1509, grad_norm: 2.3762
2020-10-16 14:14:32,818 - mmdet - INFO - Epoch [11][250/938]	lr: 3.000e-04, eta: 0:37:05, time: 1.401, data_time: 0.658, memory: 4894, loss_cls: 0.3021, loss_bbox: 0.2644, loss_centerness: 0.5784, loss: 1.1449, grad_norm: 2.3182
2020-10-16 14:15:42,606 - mmdet - INFO - Epoch [11][300/938]	lr: 3.000e-04, eta: 0:35:57, time: 1.396, data_time: 0.674, memory: 4894, loss_cls: 0.3032, loss_bbox: 0.2662, loss_centerness: 0.5793, loss: 1.1486, grad_norm: 2.3370
2020-10-16 14:16:53,279 - mmdet - INFO - Epoch [11][350/938]	lr: 3.000e-04, eta: 0:34:49, time: 1.413, data_time: 0.664, memory: 4894, loss_cls: 0.3028, loss_bbox: 0.2682, loss_centerness: 0.5799, loss: 1.1509, grad_norm: 2.3738
2020-10-16 14:18:03,470 - mmdet - INFO - Epoch [11][400/938]	lr: 3.000e-04, eta: 0:33:41, time: 1.404, data_time: 0.671, memory: 4894, loss_cls: 0.3025, loss_bbox: 0.2651, loss_centerness: 0.5781, loss: 1.1458, grad_norm: 2.3428
2020-10-16 14:19:14,447 - mmdet - INFO - Epoch [11][450/938]	lr: 3.000e-04, eta: 0:32:33, time: 1.420, data_time: 0.672, memory: 4894, loss_cls: 0.2983, loss_bbox: 0.2657, loss_centerness: 0.5794, loss: 1.1434, grad_norm: 2.3196
2020-10-16 14:20:24,861 - mmdet - INFO - Epoch [11][500/938]	lr: 3.000e-04, eta: 0:31:25, time: 1.408, data_time: 0.695, memory: 4894, loss_cls: 0.3036, loss_bbox: 0.2706, loss_centerness: 0.5793, loss: 1.1536, grad_norm: 2.3875
2020-10-16 14:21:36,371 - mmdet - INFO - Epoch [11][550/938]	lr: 3.000e-04, eta: 0:30:17, time: 1.430, data_time: 0.664, memory: 4894, loss_cls: 0.3053, loss_bbox: 0.2703, loss_centerness: 0.5804, loss: 1.1560, grad_norm: 2.3609
2020-10-16 14:22:47,009 - mmdet - INFO - Epoch [11][600/938]	lr: 3.000e-04, eta: 0:29:08, time: 1.413, data_time: 0.666, memory: 4894, loss_cls: 0.3001, loss_bbox: 0.2697, loss_centerness: 0.5804, loss: 1.1501, grad_norm: 2.3578
2020-10-16 14:23:57,239 - mmdet - INFO - Epoch [11][650/938]	lr: 3.000e-04, eta: 0:28:00, time: 1.405, data_time: 0.664, memory: 4894, loss_cls: 0.3019, loss_bbox: 0.2704, loss_centerness: 0.5795, loss: 1.1518, grad_norm: 2.3451
2020-10-16 14:25:08,001 - mmdet - INFO - Epoch [11][700/938]	lr: 3.000e-04, eta: 0:26:52, time: 1.415, data_time: 0.660, memory: 4894, loss_cls: 0.3051, loss_bbox: 0.2731, loss_centerness: 0.5796, loss: 1.1578, grad_norm: 2.2937
2020-10-16 14:26:18,412 - mmdet - INFO - Epoch [11][750/938]	lr: 3.000e-04, eta: 0:25:43, time: 1.408, data_time: 0.665, memory: 4894, loss_cls: 0.2991, loss_bbox: 0.2689, loss_centerness: 0.5794, loss: 1.1474, grad_norm: 2.3948
2020-10-16 14:27:29,338 - mmdet - INFO - Epoch [11][800/938]	lr: 3.000e-04, eta: 0:24:35, time: 1.419, data_time: 0.670, memory: 4894, loss_cls: 0.2981, loss_bbox: 0.2656, loss_centerness: 0.5798, loss: 1.1435, grad_norm: 2.3292
2020-10-16 14:28:39,841 - mmdet - INFO - Epoch [11][850/938]	lr: 3.000e-04, eta: 0:23:27, time: 1.410, data_time: 0.679, memory: 4894, loss_cls: 0.3011, loss_bbox: 0.2654, loss_centerness: 0.5788, loss: 1.1453, grad_norm: 2.3428
2020-10-16 14:29:50,749 - mmdet - INFO - Epoch [11][900/938]	lr: 3.000e-04, eta: 0:22:18, time: 1.418, data_time: 0.675, memory: 4894, loss_cls: 0.2956, loss_bbox: 0.2656, loss_centerness: 0.5790, loss: 1.1402, grad_norm: 2.2836
2020-10-16 14:30:44,286 - mmdet - INFO - Saving checkpoint at 11 epochs
2020-10-16 14:36:33,913 - mmdet - INFO - Evaluating bbox...
2020-10-16 14:38:53,044 - mmdet - INFO - Exp name: ifcos.py
2020-10-16 14:38:53,044 - mmdet - INFO - Epoch(val) [11][938]	bbox_mAP: 0.2280, bbox_mAP_50: 0.4190, bbox_mAP_75: 0.2250, bbox_mAP_s: -1.0000, bbox_mAP_m: 0.0620, bbox_mAP_l: 0.2390, bbox_mAP_copypaste: 0.228 0.419 0.225 -1.000 0.062 0.239
2020-10-16 14:40:05,785 - mmdet - INFO - Epoch [12][50/938]	lr: 3.000e-05, eta: 0:20:13, time: 1.455, data_time: 0.723, memory: 4894, loss_cls: 0.3009, loss_bbox: 0.2653, loss_centerness: 0.5795, loss: 1.1456, grad_norm: 2.2242
2020-10-16 14:41:16,408 - mmdet - INFO - Epoch [12][100/938]	lr: 3.000e-05, eta: 0:19:05, time: 1.412, data_time: 0.678, memory: 4894, loss_cls: 0.2974, loss_bbox: 0.2654, loss_centerness: 0.5790, loss: 1.1418, grad_norm: 2.2079
2020-10-16 14:42:26,759 - mmdet - INFO - Epoch [12][150/938]	lr: 3.000e-05, eta: 0:17:57, time: 1.407, data_time: 0.685, memory: 4894, loss_cls: 0.2966, loss_bbox: 0.2639, loss_centerness: 0.5785, loss: 1.1391, grad_norm: 2.2388
2020-10-16 14:43:37,696 - mmdet - INFO - Epoch [12][200/938]	lr: 3.000e-05, eta: 0:16:49, time: 1.419, data_time: 0.679, memory: 4894, loss_cls: 0.3013, loss_bbox: 0.2666, loss_centerness: 0.5790, loss: 1.1469, grad_norm: 2.2305
2020-10-16 14:44:48,019 - mmdet - INFO - Epoch [12][250/938]	lr: 3.000e-05, eta: 0:15:41, time: 1.407, data_time: 0.687, memory: 4894, loss_cls: 0.2972, loss_bbox: 0.2650, loss_centerness: 0.5791, loss: 1.1414, grad_norm: 2.1682
2020-10-16 14:45:58,631 - mmdet - INFO - Epoch [12][300/938]	lr: 3.000e-05, eta: 0:14:32, time: 1.412, data_time: 0.688, memory: 4894, loss_cls: 0.3019, loss_bbox: 0.2695, loss_centerness: 0.5792, loss: 1.1507, grad_norm: 2.1677
2020-10-16 14:47:08,994 - mmdet - INFO - Epoch [12][350/938]	lr: 3.000e-05, eta: 0:13:24, time: 1.407, data_time: 0.691, memory: 4894, loss_cls: 0.3008, loss_bbox: 0.2691, loss_centerness: 0.5795, loss: 1.1494, grad_norm: 2.2647
2020-10-16 14:48:19,607 - mmdet - INFO - Epoch [12][400/938]	lr: 3.000e-05, eta: 0:12:16, time: 1.412, data_time: 0.684, memory: 4894, loss_cls: 0.3039, loss_bbox: 0.2679, loss_centerness: 0.5794, loss: 1.1512, grad_norm: 2.2576
2020-10-16 14:49:30,330 - mmdet - INFO - Epoch [12][450/938]	lr: 3.000e-05, eta: 0:11:07, time: 1.414, data_time: 0.683, memory: 4894, loss_cls: 0.2974, loss_bbox: 0.2634, loss_centerness: 0.5792, loss: 1.1399, grad_norm: 2.2254
2020-10-16 14:50:40,464 - mmdet - INFO - Epoch [12][500/938]	lr: 3.000e-05, eta: 0:09:59, time: 1.403, data_time: 0.667, memory: 4894, loss_cls: 0.3006, loss_bbox: 0.2657, loss_centerness: 0.5788, loss: 1.1451, grad_norm: 2.3010
2020-10-16 14:51:50,454 - mmdet - INFO - Epoch [12][550/938]	lr: 3.000e-05, eta: 0:08:51, time: 1.400, data_time: 0.660, memory: 4894, loss_cls: 0.3015, loss_bbox: 0.2645, loss_centerness: 0.5789, loss: 1.1450, grad_norm: 2.3248
2020-10-16 14:53:00,571 - mmdet - INFO - Epoch [12][600/938]	lr: 3.000e-05, eta: 0:07:42, time: 1.402, data_time: 0.660, memory: 4894, loss_cls: 0.2996, loss_bbox: 0.2716, loss_centerness: 0.5798, loss: 1.1510, grad_norm: 2.2974
2020-10-16 14:54:11,844 - mmdet - INFO - Epoch [12][650/938]	lr: 3.000e-05, eta: 0:06:34, time: 1.425, data_time: 0.678, memory: 4894, loss_cls: 0.2991, loss_bbox: 0.2661, loss_centerness: 0.5794, loss: 1.1446, grad_norm: 2.1401
2020-10-16 14:55:22,293 - mmdet - INFO - Epoch [12][700/938]	lr: 3.000e-05, eta: 0:05:25, time: 1.409, data_time: 0.653, memory: 4894, loss_cls: 0.2981, loss_bbox: 0.2644, loss_centerness: 0.5789, loss: 1.1414, grad_norm: 2.2631
2020-10-16 14:56:32,748 - mmdet - INFO - Epoch [12][750/938]	lr: 3.000e-05, eta: 0:04:17, time: 1.409, data_time: 0.677, memory: 4894, loss_cls: 0.2970, loss_bbox: 0.2627, loss_centerness: 0.5788, loss: 1.1384, grad_norm: 2.2069
2020-10-16 14:57:44,155 - mmdet - INFO - Epoch [12][800/938]	lr: 3.000e-05, eta: 0:03:09, time: 1.428, data_time: 0.674, memory: 4894, loss_cls: 0.3003, loss_bbox: 0.2660, loss_centerness: 0.5793, loss: 1.1456, grad_norm: 2.2029
2020-10-16 14:58:53,592 - mmdet - INFO - Epoch [12][850/938]	lr: 3.000e-05, eta: 0:02:00, time: 1.389, data_time: 0.671, memory: 4894, loss_cls: 0.2978, loss_bbox: 0.2676, loss_centerness: 0.5791, loss: 1.1446, grad_norm: 2.2552
2020-10-16 15:00:03,721 - mmdet - INFO - Epoch [12][900/938]	lr: 3.000e-05, eta: 0:00:52, time: 1.403, data_time: 0.667, memory: 4894, loss_cls: 0.2970, loss_bbox: 0.2619, loss_centerness: 0.5787, loss: 1.1376, grad_norm: 2.2224
2020-10-16 15:00:57,285 - mmdet - INFO - Saving checkpoint at 12 epochs
2020-10-16 15:06:49,578 - mmdet - INFO - Evaluating bbox...
2020-10-16 15:09:12,818 - mmdet - INFO - Exp name: ifcos.py
2020-10-16 15:09:12,819 - mmdet - INFO - Epoch(val) [12][938]	bbox_mAP: 0.2290, bbox_mAP_50: 0.4180, bbox_mAP_75: 0.2250, bbox_mAP_s: -1.0000, bbox_mAP_m: 0.0630, bbox_mAP_l: 0.2390, bbox_mAP_copypaste: 0.229 0.418 0.225 -1.000 0.063 0.239
