2021-01-13 15:55:30,741 - mmdet - INFO - Environment info:
------------------------------------------------------------
sys.platform: linux
Python: 3.6.12 |Anaconda, Inc.| (default, Sep  8 2020, 23:10:56) [GCC 7.3.0]
CUDA available: True
GPU 0,1,2,3: GeForce RTX 2080 Ti
CUDA_HOME: None
GCC: gcc (GCC) 4.8.5 20150623 (Red Hat 4.8.5-44)
PyTorch: 1.4.0
PyTorch compiling details: PyTorch built with:
  - GCC 7.3
  - Intel(R) Math Kernel Library Version 2020.0.2 Product Build 20200624 for Intel(R) 64 architecture applications
  - Intel(R) MKL-DNN v0.21.1 (Git Hash 7d2fd500bc78936d1d648ca713b901012f470dbc)
  - OpenMP 201511 (a.k.a. OpenMP 4.5)
  - NNPACK is enabled
  - CUDA Runtime 10.0
  - NVCC architecture flags: -gencode;arch=compute_37,code=sm_37;-gencode;arch=compute_50,code=sm_50;-gencode;arch=compute_60,code=sm_60;-gencode;arch=compute_61,code=sm_61;-gencode;arch=compute_70,code=sm_70;-gencode;arch=compute_75,code=sm_75;-gencode;arch=compute_37,code=compute_37
  - CuDNN 7.6.3
  - Magma 2.5.1
  - Build settings: BLAS=MKL, BUILD_NAMEDTENSOR=OFF, BUILD_TYPE=Release, CXX_FLAGS= -Wno-deprecated -fvisibility-inlines-hidden -fopenmp -DUSE_FBGEMM -DUSE_QNNPACK -DUSE_PYTORCH_QNNPACK -O2 -fPIC -Wno-narrowing -Wall -Wextra -Wno-missing-field-initializers -Wno-type-limits -Wno-array-bounds -Wno-unknown-pragmas -Wno-sign-compare -Wno-unused-parameter -Wno-unused-variable -Wno-unused-function -Wno-unused-result -Wno-strict-overflow -Wno-strict-aliasing -Wno-error=deprecated-declarations -Wno-stringop-overflow -Wno-error=pedantic -Wno-error=redundant-decls -Wno-error=old-style-cast -fdiagnostics-color=always -faligned-new -Wno-unused-but-set-variable -Wno-maybe-uninitialized -fno-math-errno -fno-trapping-math -Wno-stringop-overflow, DISABLE_NUMA=1, PERF_WITH_AVX=1, PERF_WITH_AVX2=1, PERF_WITH_AVX512=1, USE_CUDA=ON, USE_EXCEPTION_PTR=1, USE_GFLAGS=OFF, USE_GLOG=OFF, USE_MKL=ON, USE_MKLDNN=ON, USE_MPI=OFF, USE_NCCL=ON, USE_NNPACK=ON, USE_OPENMP=ON, USE_STATIC_DISPATCH=OFF, 

TorchVision: 0.5.0
OpenCV: 4.5.1
MMCV: 1.1.6
MMCV Compiler: GCC 7.3
MMCV CUDA Compiler: 10.0
MMDetection: 2.5.0+
------------------------------------------------------------

2021-01-13 15:55:31,091 - mmdet - INFO - Distributed training: True
2021-01-13 15:55:31,442 - mmdet - INFO - Config:
model = dict(
    type='MaskRCNN',
    pretrained='torchvision://resnet101',
    backbone=dict(
        type='ResNet',
        depth=101,
        num_stages=4,
        out_indices=(0, 1, 2, 3),
        frozen_stages=1,
        norm_cfg=dict(type='BN', requires_grad=True),
        norm_eval=True,
        style='pytorch'),
    neck=dict(
        type='FPN_CARAFE_2',
        in_channels=[256, 512, 1024, 2048],
        out_channels=256,
        num_outs=5,
        start_level=0,
        end_level=-1,
        norm_cfg=None,
        act_cfg=None,
        order=('conv', 'norm', 'act'),
        upsample_cfg=dict(
            type='carafe',
            up_kernel=5,
            up_group=1,
            encoder_kernel=3,
            encoder_dilation=1,
            compressed_channels=64)),
    rpn_head=dict(
        type='RPNHead',
        in_channels=256,
        feat_channels=256,
        anchor_generator=dict(
            type='AnchorGenerator',
            scales=[8],
            ratios=[0.5, 1.0, 2.0],
            strides=[4, 8, 16, 32, 64]),
        bbox_coder=dict(
            type='DeltaXYWHBBoxCoder',
            target_means=[0.0, 0.0, 0.0, 0.0],
            target_stds=[1.0, 1.0, 1.0, 1.0]),
        loss_cls=dict(
            type='CrossEntropyLoss', use_sigmoid=True, loss_weight=1.0),
        loss_bbox=dict(type='L1Loss', loss_weight=1.0)),
    roi_head=dict(
        type='StandardRoIHead',
        bbox_roi_extractor=dict(
            type='SingleRoIExtractor',
            roi_layer=dict(type='RoIAlign', output_size=7, sampling_ratio=0),
            out_channels=256,
            featmap_strides=[4, 8, 16, 32]),
        bbox_head=dict(
            type='Shared2FCBBoxHead',
            in_channels=256,
            fc_out_channels=1024,
            roi_feat_size=7,
            num_classes=80,
            bbox_coder=dict(
                type='DeltaXYWHBBoxCoder',
                target_means=[0.0, 0.0, 0.0, 0.0],
                target_stds=[0.1, 0.1, 0.2, 0.2]),
            reg_class_agnostic=False,
            loss_cls=dict(
                type='CrossEntropyLoss', use_sigmoid=False, loss_weight=1.0),
            loss_bbox=dict(type='L1Loss', loss_weight=1.0)),
        mask_roi_extractor=dict(
            type='SingleRoIExtractor',
            roi_layer=dict(type='RoIAlign', output_size=14, sampling_ratio=0),
            out_channels=256,
            featmap_strides=[4, 8, 16, 32]),
        mask_head=dict(
            type='FCNMaskHead',
            num_convs=4,
            in_channels=256,
            conv_out_channels=256,
            num_classes=80,
            loss_mask=dict(
                type='CrossEntropyLoss', use_mask=True, loss_weight=1.0),
            upsample_cfg=dict(
                type='carafe',
                scale_factor=2,
                up_kernel=5,
                up_group=1,
                encoder_kernel=3,
                encoder_dilation=1,
                compressed_channels=64))))
train_cfg = dict(
    rpn=dict(
        assigner=dict(
            type='MaxIoUAssigner',
            pos_iou_thr=0.7,
            neg_iou_thr=0.3,
            min_pos_iou=0.3,
            match_low_quality=True,
            ignore_iof_thr=-1),
        sampler=dict(
            type='RandomSampler',
            num=256,
            pos_fraction=0.5,
            neg_pos_ub=-1,
            add_gt_as_proposals=False),
        allowed_border=-1,
        pos_weight=-1,
        debug=False),
    rpn_proposal=dict(
        nms_across_levels=False,
        nms_pre=2000,
        nms_post=1000,
        max_num=1000,
        nms_thr=0.7,
        min_bbox_size=0),
    rcnn=dict(
        assigner=dict(
            type='MaxIoUAssigner',
            pos_iou_thr=0.5,
            neg_iou_thr=0.5,
            min_pos_iou=0.5,
            match_low_quality=True,
            ignore_iof_thr=-1),
        sampler=dict(
            type='RandomSampler',
            num=512,
            pos_fraction=0.25,
            neg_pos_ub=-1,
            add_gt_as_proposals=True),
        mask_size=28,
        pos_weight=-1,
        debug=False))
test_cfg = dict(
    rpn=dict(
        nms_across_levels=False,
        nms_pre=1000,
        nms_post=1000,
        max_num=1000,
        nms_thr=0.7,
        min_bbox_size=0),
    rcnn=dict(
        score_thr=0.05,
        nms=dict(type='nms', iou_threshold=0.5),
        max_per_img=100,
        mask_thr_binary=0.5))
dataset_type = 'CocoDataset'
data_root = '../data/coco/'
img_norm_cfg = dict(
    mean=[123.675, 116.28, 103.53], std=[58.395, 57.12, 57.375], to_rgb=True)
train_pipeline = [
    dict(type='LoadImageFromFile'),
    dict(type='LoadAnnotations', with_bbox=True, with_mask=True),
    dict(type='Resize', img_scale=(1333, 800), keep_ratio=True),
    dict(type='RandomFlip', flip_ratio=0.5),
    dict(
        type='Normalize',
        mean=[123.675, 116.28, 103.53],
        std=[58.395, 57.12, 57.375],
        to_rgb=True),
    dict(type='Pad', size_divisor=64),
    dict(type='DefaultFormatBundle'),
    dict(type='Collect', keys=['img', 'gt_bboxes', 'gt_labels', 'gt_masks'])
]
test_pipeline = [
    dict(type='LoadImageFromFile'),
    dict(
        type='MultiScaleFlipAug',
        img_scale=(1333, 800),
        flip=False,
        transforms=[
            dict(type='Resize', keep_ratio=True),
            dict(type='RandomFlip'),
            dict(
                type='Normalize',
                mean=[123.675, 116.28, 103.53],
                std=[58.395, 57.12, 57.375],
                to_rgb=True),
            dict(type='Pad', size_divisor=64),
            dict(type='ImageToTensor', keys=['img']),
            dict(type='Collect', keys=['img'])
        ])
]
data = dict(
    samples_per_gpu=2,
    workers_per_gpu=0,
    train=dict(
        type='CocoDataset',
        ann_file='../data/coco/annotations/instances_train2017.json',
        img_prefix='../data/coco/train2017/',
        pipeline=[
            dict(type='LoadImageFromFile'),
            dict(type='LoadAnnotations', with_bbox=True, with_mask=True),
            dict(type='Resize', img_scale=(1333, 800), keep_ratio=True),
            dict(type='RandomFlip', flip_ratio=0.5),
            dict(
                type='Normalize',
                mean=[123.675, 116.28, 103.53],
                std=[58.395, 57.12, 57.375],
                to_rgb=True),
            dict(type='Pad', size_divisor=64),
            dict(type='DefaultFormatBundle'),
            dict(
                type='Collect',
                keys=['img', 'gt_bboxes', 'gt_labels', 'gt_masks'])
        ]),
    val=dict(
        type='CocoDataset',
        ann_file='../data/coco/annotations/instances_val2017.json',
        img_prefix='../data/coco/val2017/',
        pipeline=[
            dict(type='LoadImageFromFile'),
            dict(
                type='MultiScaleFlipAug',
                img_scale=(1333, 800),
                flip=False,
                transforms=[
                    dict(type='Resize', keep_ratio=True),
                    dict(type='RandomFlip'),
                    dict(
                        type='Normalize',
                        mean=[123.675, 116.28, 103.53],
                        std=[58.395, 57.12, 57.375],
                        to_rgb=True),
                    dict(type='Pad', size_divisor=64),
                    dict(type='ImageToTensor', keys=['img']),
                    dict(type='Collect', keys=['img'])
                ])
        ]),
    test=dict(
        type='CocoDataset',
        ann_file='../data/coco/annotations/instances_val2017.json',
        img_prefix='../data/coco/val2017/',
        pipeline=[
            dict(type='LoadImageFromFile'),
            dict(
                type='MultiScaleFlipAug',
                img_scale=(1333, 800),
                flip=False,
                transforms=[
                    dict(type='Resize', keep_ratio=True),
                    dict(type='RandomFlip'),
                    dict(
                        type='Normalize',
                        mean=[123.675, 116.28, 103.53],
                        std=[58.395, 57.12, 57.375],
                        to_rgb=True),
                    dict(type='Pad', size_divisor=64),
                    dict(type='ImageToTensor', keys=['img']),
                    dict(type='Collect', keys=['img'])
                ])
        ]))
evaluation = dict(metric=['bbox', 'segm'])
optimizer = dict(type='SGD', lr=0.02, momentum=0.9, weight_decay=0.0001)
optimizer_config = dict(grad_clip=None)
lr_config = dict(
    policy='step',
    warmup='linear',
    warmup_iters=500,
    warmup_ratio=0.001,
    step=[16, 22])
total_epochs = 24
checkpoint_config = dict(interval=1)
log_config = dict(interval=50, hooks=[dict(type='TextLoggerHook')])
dist_params = dict(backend='nccl')
log_level = 'INFO'
load_from = None
resume_from = None
workflow = [('train', 1)]
work_dir = './work_dirs/coco_mask_r101_carafe2'
gpu_ids = range(0, 1)

2021-01-13 15:55:32,077 - mmdet - INFO - load model from: torchvision://resnet101
2021-01-13 15:55:37,507 - mmdet - WARNING - The model and loaded state dict do not match exactly

unexpected key in source state_dict: fc.weight, fc.bias

2021-01-13 15:55:54,276 - mmdet - INFO - Start running, host: zhaoyang@node03, work_dir: /home/zhaoyang/container/mmdetection/work_dirs/coco_mask_r101_carafe2
2021-01-13 15:55:54,277 - mmdet - INFO - workflow: [('train', 1)], max: 24 epochs
2021-01-13 15:56:32,315 - mmdet - INFO - Epoch [1][50/14659]	lr: 1.978e-03, eta: 3 days, 2:19:27, time: 0.761, data_time: 0.230, memory: 6333, loss_rpn_cls: 0.5278, loss_rpn_bbox: 0.1172, loss_cls: 1.2786, acc: 85.6421, loss_bbox: 0.0881, loss_mask: 0.8153, loss: 2.8270
2021-01-13 15:57:05,361 - mmdet - INFO - Epoch [1][100/14659]	lr: 3.976e-03, eta: 2 days, 21:26:11, time: 0.661, data_time: 0.154, memory: 6529, loss_rpn_cls: 0.2327, loss_rpn_bbox: 0.0879, loss_cls: 0.5265, acc: 94.5278, loss_bbox: 0.1858, loss_mask: 0.6861, loss: 1.7190
2021-01-13 15:57:39,540 - mmdet - INFO - Epoch [1][150/14659]	lr: 5.974e-03, eta: 2 days, 20:32:44, time: 0.684, data_time: 0.156, memory: 6612, loss_rpn_cls: 0.2180, loss_rpn_bbox: 0.0976, loss_cls: 0.4759, acc: 93.4946, loss_bbox: 0.2243, loss_mask: 0.6759, loss: 1.6917
2021-01-13 15:58:13,364 - mmdet - INFO - Epoch [1][200/14659]	lr: 7.972e-03, eta: 2 days, 19:55:05, time: 0.676, data_time: 0.148, memory: 6612, loss_rpn_cls: 0.1724, loss_rpn_bbox: 0.0911, loss_cls: 0.4497, acc: 93.5830, loss_bbox: 0.2240, loss_mask: 0.6705, loss: 1.6077
2021-01-13 15:58:47,812 - mmdet - INFO - Epoch [1][250/14659]	lr: 9.970e-03, eta: 2 days, 19:46:59, time: 0.689, data_time: 0.144, memory: 6612, loss_rpn_cls: 0.1714, loss_rpn_bbox: 0.1018, loss_cls: 0.4781, acc: 93.3887, loss_bbox: 0.2238, loss_mask: 0.6582, loss: 1.6332
2021-01-13 15:59:20,620 - mmdet - INFO - Epoch [1][300/14659]	lr: 1.197e-02, eta: 2 days, 19:09:23, time: 0.656, data_time: 0.144, memory: 6612, loss_rpn_cls: 0.1299, loss_rpn_bbox: 0.0887, loss_cls: 0.4625, acc: 92.9868, loss_bbox: 0.2507, loss_mask: 0.6375, loss: 1.5693
2021-01-13 15:59:54,984 - mmdet - INFO - Epoch [1][350/14659]	lr: 1.397e-02, eta: 2 days, 19:08:20, time: 0.687, data_time: 0.165, memory: 6612, loss_rpn_cls: 0.1524, loss_rpn_bbox: 0.0973, loss_cls: 0.4875, acc: 92.3467, loss_bbox: 0.2723, loss_mask: 0.6141, loss: 1.6236
2021-01-13 16:00:28,424 - mmdet - INFO - Epoch [1][400/14659]	lr: 1.596e-02, eta: 2 days, 18:53:59, time: 0.669, data_time: 0.147, memory: 6634, loss_rpn_cls: 0.1353, loss_rpn_bbox: 0.0845, loss_cls: 0.4862, acc: 92.4253, loss_bbox: 0.2716, loss_mask: 0.6104, loss: 1.5880
2021-01-13 16:01:02,300 - mmdet - INFO - Epoch [1][450/14659]	lr: 1.796e-02, eta: 2 days, 18:48:17, time: 0.677, data_time: 0.157, memory: 6671, loss_rpn_cls: 0.1245, loss_rpn_bbox: 0.0893, loss_cls: 0.5077, acc: 92.0767, loss_bbox: 0.2796, loss_mask: 0.5858, loss: 1.5869
2021-01-13 16:01:36,874 - mmdet - INFO - Epoch [1][500/14659]	lr: 1.996e-02, eta: 2 days, 18:51:51, time: 0.692, data_time: 0.160, memory: 6686, loss_rpn_cls: 0.1291, loss_rpn_bbox: 0.0946, loss_cls: 0.5241, acc: 91.4912, loss_bbox: 0.2978, loss_mask: 0.5717, loss: 1.6174
2021-01-13 16:02:11,937 - mmdet - INFO - Epoch [1][550/14659]	lr: 2.000e-02, eta: 2 days, 18:59:49, time: 0.701, data_time: 0.160, memory: 6750, loss_rpn_cls: 0.1320, loss_rpn_bbox: 0.0993, loss_cls: 0.5447, acc: 90.7603, loss_bbox: 0.3236, loss_mask: 0.5437, loss: 1.6434
2021-01-13 16:02:46,537 - mmdet - INFO - Epoch [1][600/14659]	lr: 2.000e-02, eta: 2 days, 19:01:52, time: 0.692, data_time: 0.152, memory: 6754, loss_rpn_cls: 0.1151, loss_rpn_bbox: 0.0849, loss_cls: 0.4926, acc: 91.8369, loss_bbox: 0.2856, loss_mask: 0.5211, loss: 1.4994
2021-01-13 16:03:20,593 - mmdet - INFO - Epoch [1][650/14659]	lr: 2.000e-02, eta: 2 days, 18:58:34, time: 0.681, data_time: 0.156, memory: 6754, loss_rpn_cls: 0.1150, loss_rpn_bbox: 0.0946, loss_cls: 0.4829, acc: 91.7983, loss_bbox: 0.2883, loss_mask: 0.5031, loss: 1.4839
2021-01-13 16:03:54,679 - mmdet - INFO - Epoch [1][700/14659]	lr: 2.000e-02, eta: 2 days, 18:56:00, time: 0.682, data_time: 0.145, memory: 6754, loss_rpn_cls: 0.1064, loss_rpn_bbox: 0.0845, loss_cls: 0.5072, acc: 91.0977, loss_bbox: 0.3162, loss_mask: 0.4916, loss: 1.5059
2021-01-13 16:04:28,985 - mmdet - INFO - Epoch [1][750/14659]	lr: 2.000e-02, eta: 2 days, 18:55:20, time: 0.686, data_time: 0.154, memory: 6754, loss_rpn_cls: 0.1086, loss_rpn_bbox: 0.0896, loss_cls: 0.5034, acc: 91.3569, loss_bbox: 0.3025, loss_mask: 0.4920, loss: 1.4962
2021-01-13 16:05:03,328 - mmdet - INFO - Epoch [1][800/14659]	lr: 2.000e-02, eta: 2 days, 18:55:00, time: 0.687, data_time: 0.147, memory: 6754, loss_rpn_cls: 0.0924, loss_rpn_bbox: 0.0809, loss_cls: 0.5176, acc: 90.4854, loss_bbox: 0.3327, loss_mask: 0.4674, loss: 1.4910
2021-01-13 16:05:38,221 - mmdet - INFO - Epoch [1][850/14659]	lr: 2.000e-02, eta: 2 days, 18:58:23, time: 0.698, data_time: 0.156, memory: 6816, loss_rpn_cls: 0.0952, loss_rpn_bbox: 0.0823, loss_cls: 0.5342, acc: 90.1377, loss_bbox: 0.3472, loss_mask: 0.4685, loss: 1.5274
2021-01-13 16:06:12,795 - mmdet - INFO - Epoch [1][900/14659]	lr: 2.000e-02, eta: 2 days, 18:59:12, time: 0.691, data_time: 0.158, memory: 6816, loss_rpn_cls: 0.0957, loss_rpn_bbox: 0.0835, loss_cls: 0.5295, acc: 89.6733, loss_bbox: 0.3613, loss_mask: 0.4693, loss: 1.5393
2021-01-13 16:06:47,213 - mmdet - INFO - Epoch [1][950/14659]	lr: 2.000e-02, eta: 2 days, 18:59:04, time: 0.689, data_time: 0.157, memory: 6816, loss_rpn_cls: 0.0931, loss_rpn_bbox: 0.0830, loss_cls: 0.5229, acc: 89.8599, loss_bbox: 0.3387, loss_mask: 0.4446, loss: 1.4824
2021-01-13 16:07:21,298 - mmdet - INFO - Exp name: coco_mask_r101_carafe2.py
2021-01-13 16:07:21,299 - mmdet - INFO - Epoch [1][1000/14659]	lr: 2.000e-02, eta: 2 days, 18:56:51, time: 0.682, data_time: 0.154, memory: 6816, loss_rpn_cls: 0.0922, loss_rpn_bbox: 0.0806, loss_cls: 0.5130, acc: 90.3550, loss_bbox: 0.3326, loss_mask: 0.4394, loss: 1.4578
2021-01-13 16:07:56,009 - mmdet - INFO - Epoch [1][1050/14659]	lr: 2.000e-02, eta: 2 days, 18:58:17, time: 0.694, data_time: 0.154, memory: 6816, loss_rpn_cls: 0.0732, loss_rpn_bbox: 0.0720, loss_cls: 0.4704, acc: 90.4766, loss_bbox: 0.3210, loss_mask: 0.4274, loss: 1.3640
2021-01-13 16:08:29,694 - mmdet - INFO - Epoch [1][1100/14659]	lr: 2.000e-02, eta: 2 days, 18:54:05, time: 0.674, data_time: 0.149, memory: 6816, loss_rpn_cls: 0.0835, loss_rpn_bbox: 0.0792, loss_cls: 0.4994, acc: 89.9155, loss_bbox: 0.3399, loss_mask: 0.4424, loss: 1.4443
2021-01-13 16:09:03,939 - mmdet - INFO - Epoch [1][1150/14659]	lr: 2.000e-02, eta: 2 days, 18:53:03, time: 0.685, data_time: 0.145, memory: 6816, loss_rpn_cls: 0.0767, loss_rpn_bbox: 0.0818, loss_cls: 0.4873, acc: 90.2046, loss_bbox: 0.3308, loss_mask: 0.4184, loss: 1.3951
2021-01-13 16:09:38,289 - mmdet - INFO - Epoch [1][1200/14659]	lr: 2.000e-02, eta: 2 days, 18:52:31, time: 0.687, data_time: 0.151, memory: 6816, loss_rpn_cls: 0.0812, loss_rpn_bbox: 0.0794, loss_cls: 0.4596, acc: 90.3276, loss_bbox: 0.3261, loss_mask: 0.4220, loss: 1.3684
2021-01-13 16:10:13,508 - mmdet - INFO - Epoch [1][1250/14659]	lr: 2.000e-02, eta: 2 days, 18:56:08, time: 0.705, data_time: 0.166, memory: 6866, loss_rpn_cls: 0.0832, loss_rpn_bbox: 0.0799, loss_cls: 0.4981, acc: 89.4722, loss_bbox: 0.3492, loss_mask: 0.4264, loss: 1.4369
2021-01-13 16:10:48,817 - mmdet - INFO - Epoch [1][1300/14659]	lr: 2.000e-02, eta: 2 days, 18:59:43, time: 0.706, data_time: 0.158, memory: 6866, loss_rpn_cls: 0.0893, loss_rpn_bbox: 0.0818, loss_cls: 0.4679, acc: 89.9185, loss_bbox: 0.3356, loss_mask: 0.4203, loss: 1.3949
2021-01-13 16:11:23,950 - mmdet - INFO - Epoch [1][1350/14659]	lr: 2.000e-02, eta: 2 days, 19:02:20, time: 0.703, data_time: 0.154, memory: 6866, loss_rpn_cls: 0.0782, loss_rpn_bbox: 0.0865, loss_cls: 0.4630, acc: 90.1064, loss_bbox: 0.3295, loss_mask: 0.4180, loss: 1.3752
2021-01-13 16:11:58,619 - mmdet - INFO - Epoch [1][1400/14659]	lr: 2.000e-02, eta: 2 days, 19:02:46, time: 0.693, data_time: 0.149, memory: 6866, loss_rpn_cls: 0.0705, loss_rpn_bbox: 0.0744, loss_cls: 0.4558, acc: 90.1191, loss_bbox: 0.3239, loss_mask: 0.4024, loss: 1.3269
2021-01-13 16:12:33,562 - mmdet - INFO - Epoch [1][1450/14659]	lr: 2.000e-02, eta: 2 days, 19:04:13, time: 0.699, data_time: 0.166, memory: 6866, loss_rpn_cls: 0.0830, loss_rpn_bbox: 0.0755, loss_cls: 0.4514, acc: 90.3232, loss_bbox: 0.3198, loss_mask: 0.3890, loss: 1.3186
2021-01-13 16:13:08,530 - mmdet - INFO - Epoch [1][1500/14659]	lr: 2.000e-02, eta: 2 days, 19:05:38, time: 0.699, data_time: 0.151, memory: 6866, loss_rpn_cls: 0.0802, loss_rpn_bbox: 0.0821, loss_cls: 0.4892, acc: 89.4702, loss_bbox: 0.3427, loss_mask: 0.4035, loss: 1.3977
2021-01-13 16:13:43,422 - mmdet - INFO - Epoch [1][1550/14659]	lr: 2.000e-02, eta: 2 days, 19:06:38, time: 0.698, data_time: 0.147, memory: 6866, loss_rpn_cls: 0.0696, loss_rpn_bbox: 0.0737, loss_cls: 0.4694, acc: 89.9712, loss_bbox: 0.3195, loss_mask: 0.3923, loss: 1.3245
2021-01-13 16:14:18,241 - mmdet - INFO - Epoch [1][1600/14659]	lr: 2.000e-02, eta: 2 days, 19:07:16, time: 0.696, data_time: 0.163, memory: 6866, loss_rpn_cls: 0.0801, loss_rpn_bbox: 0.0753, loss_cls: 0.4342, acc: 90.2021, loss_bbox: 0.3212, loss_mask: 0.3969, loss: 1.3077
2021-01-13 16:14:52,562 - mmdet - INFO - Epoch [1][1650/14659]	lr: 2.000e-02, eta: 2 days, 19:06:03, time: 0.686, data_time: 0.146, memory: 6866, loss_rpn_cls: 0.0782, loss_rpn_bbox: 0.0772, loss_cls: 0.4438, acc: 90.3691, loss_bbox: 0.3107, loss_mask: 0.4085, loss: 1.3184
2021-01-13 16:15:27,467 - mmdet - INFO - Epoch [1][1700/14659]	lr: 2.000e-02, eta: 2 days, 19:06:53, time: 0.698, data_time: 0.157, memory: 6866, loss_rpn_cls: 0.0758, loss_rpn_bbox: 0.0779, loss_cls: 0.4527, acc: 89.7964, loss_bbox: 0.3327, loss_mask: 0.3817, loss: 1.3207
2021-01-13 16:16:03,369 - mmdet - INFO - Epoch [1][1750/14659]	lr: 2.000e-02, eta: 2 days, 19:10:58, time: 0.718, data_time: 0.179, memory: 6868, loss_rpn_cls: 0.0723, loss_rpn_bbox: 0.0703, loss_cls: 0.4534, acc: 89.7017, loss_bbox: 0.3334, loss_mask: 0.3870, loss: 1.3163
2021-01-13 16:16:40,010 - mmdet - INFO - Epoch [1][1800/14659]	lr: 2.000e-02, eta: 2 days, 19:17:12, time: 0.733, data_time: 0.196, memory: 6868, loss_rpn_cls: 0.0700, loss_rpn_bbox: 0.0782, loss_cls: 0.4553, acc: 89.5840, loss_bbox: 0.3387, loss_mask: 0.3863, loss: 1.3285
2021-01-13 16:17:15,098 - mmdet - INFO - Epoch [1][1850/14659]	lr: 2.000e-02, eta: 2 days, 19:18:09, time: 0.702, data_time: 0.153, memory: 6868, loss_rpn_cls: 0.0799, loss_rpn_bbox: 0.0776, loss_cls: 0.4647, acc: 89.5889, loss_bbox: 0.3342, loss_mask: 0.3954, loss: 1.3518
2021-01-13 16:17:49,807 - mmdet - INFO - Epoch [1][1900/14659]	lr: 2.000e-02, eta: 2 days, 19:17:51, time: 0.694, data_time: 0.153, memory: 6868, loss_rpn_cls: 0.0739, loss_rpn_bbox: 0.0742, loss_cls: 0.4462, acc: 90.1094, loss_bbox: 0.3186, loss_mask: 0.3942, loss: 1.3072
2021-01-13 16:18:24,493 - mmdet - INFO - Epoch [1][1950/14659]	lr: 2.000e-02, eta: 2 days, 19:17:29, time: 0.694, data_time: 0.150, memory: 6868, loss_rpn_cls: 0.0758, loss_rpn_bbox: 0.0710, loss_cls: 0.4299, acc: 90.1807, loss_bbox: 0.3143, loss_mask: 0.3858, loss: 1.2767
2021-01-13 16:18:59,679 - mmdet - INFO - Exp name: coco_mask_r101_carafe2.py
2021-01-13 16:18:59,680 - mmdet - INFO - Epoch [1][2000/14659]	lr: 2.000e-02, eta: 2 days, 19:18:32, time: 0.704, data_time: 0.167, memory: 6868, loss_rpn_cls: 0.0687, loss_rpn_bbox: 0.0772, loss_cls: 0.4377, acc: 89.9238, loss_bbox: 0.3316, loss_mask: 0.3848, loss: 1.3000
2021-01-13 16:19:34,659 - mmdet - INFO - Epoch [1][2050/14659]	lr: 2.000e-02, eta: 2 days, 19:18:56, time: 0.700, data_time: 0.147, memory: 6868, loss_rpn_cls: 0.0814, loss_rpn_bbox: 0.0811, loss_cls: 0.4335, acc: 89.6343, loss_bbox: 0.3353, loss_mask: 0.3984, loss: 1.3298
2021-01-13 16:20:11,011 - mmdet - INFO - Epoch [1][2100/14659]	lr: 2.000e-02, eta: 2 days, 19:23:07, time: 0.727, data_time: 0.172, memory: 6868, loss_rpn_cls: 0.0813, loss_rpn_bbox: 0.0829, loss_cls: 0.4172, acc: 89.9712, loss_bbox: 0.3285, loss_mask: 0.3809, loss: 1.2908
2021-01-13 16:20:45,844 - mmdet - INFO - Epoch [1][2150/14659]	lr: 2.000e-02, eta: 2 days, 19:22:56, time: 0.697, data_time: 0.144, memory: 6868, loss_rpn_cls: 0.0693, loss_rpn_bbox: 0.0738, loss_cls: 0.4073, acc: 90.4136, loss_bbox: 0.3007, loss_mask: 0.3705, loss: 1.2216
2021-01-13 16:21:20,787 - mmdet - INFO - Epoch [1][2200/14659]	lr: 2.000e-02, eta: 2 days, 19:23:02, time: 0.699, data_time: 0.156, memory: 6868, loss_rpn_cls: 0.0624, loss_rpn_bbox: 0.0702, loss_cls: 0.4308, acc: 89.9946, loss_bbox: 0.3246, loss_mask: 0.3653, loss: 1.2533
2021-01-13 16:21:55,310 - mmdet - INFO - Epoch [1][2250/14659]	lr: 2.000e-02, eta: 2 days, 19:22:01, time: 0.690, data_time: 0.156, memory: 6868, loss_rpn_cls: 0.0684, loss_rpn_bbox: 0.0721, loss_cls: 0.4064, acc: 90.2500, loss_bbox: 0.3067, loss_mask: 0.3679, loss: 1.2215
2021-01-13 16:22:30,629 - mmdet - INFO - Epoch [1][2300/14659]	lr: 2.000e-02, eta: 2 days, 19:23:02, time: 0.706, data_time: 0.152, memory: 6868, loss_rpn_cls: 0.0727, loss_rpn_bbox: 0.0789, loss_cls: 0.3948, acc: 90.3242, loss_bbox: 0.3120, loss_mask: 0.3611, loss: 1.2195
2021-01-13 16:23:05,831 - mmdet - INFO - Epoch [1][2350/14659]	lr: 2.000e-02, eta: 2 days, 19:23:42, time: 0.704, data_time: 0.167, memory: 6868, loss_rpn_cls: 0.0708, loss_rpn_bbox: 0.0748, loss_cls: 0.4272, acc: 89.5474, loss_bbox: 0.3346, loss_mask: 0.3620, loss: 1.2693
2021-01-13 16:23:40,493 - mmdet - INFO - Epoch [1][2400/14659]	lr: 2.000e-02, eta: 2 days, 19:22:59, time: 0.693, data_time: 0.155, memory: 6868, loss_rpn_cls: 0.0736, loss_rpn_bbox: 0.0718, loss_cls: 0.4167, acc: 90.2271, loss_bbox: 0.3204, loss_mask: 0.3695, loss: 1.2520
2021-01-13 16:24:15,471 - mmdet - INFO - Epoch [1][2450/14659]	lr: 2.000e-02, eta: 2 days, 19:23:02, time: 0.700, data_time: 0.144, memory: 6868, loss_rpn_cls: 0.0717, loss_rpn_bbox: 0.0740, loss_cls: 0.3901, acc: 90.7549, loss_bbox: 0.2954, loss_mask: 0.3636, loss: 1.1949
2021-01-13 16:24:50,277 - mmdet - INFO - Epoch [1][2500/14659]	lr: 2.000e-02, eta: 2 days, 19:22:40, time: 0.696, data_time: 0.157, memory: 6868, loss_rpn_cls: 0.0691, loss_rpn_bbox: 0.0703, loss_cls: 0.4035, acc: 90.3823, loss_bbox: 0.3142, loss_mask: 0.3622, loss: 1.2193
2021-01-13 16:25:25,825 - mmdet - INFO - Epoch [1][2550/14659]	lr: 2.000e-02, eta: 2 days, 19:23:59, time: 0.711, data_time: 0.157, memory: 6868, loss_rpn_cls: 0.0673, loss_rpn_bbox: 0.0732, loss_cls: 0.4238, acc: 89.7041, loss_bbox: 0.3263, loss_mask: 0.3713, loss: 1.2619
2021-01-13 16:26:01,540 - mmdet - INFO - Epoch [1][2600/14659]	lr: 2.000e-02, eta: 2 days, 19:25:35, time: 0.714, data_time: 0.160, memory: 6868, loss_rpn_cls: 0.0627, loss_rpn_bbox: 0.0738, loss_cls: 0.4020, acc: 89.8433, loss_bbox: 0.3220, loss_mask: 0.3612, loss: 1.2217
2021-01-13 16:26:36,111 - mmdet - INFO - Epoch [1][2650/14659]	lr: 2.000e-02, eta: 2 days, 19:24:36, time: 0.691, data_time: 0.149, memory: 6868, loss_rpn_cls: 0.0658, loss_rpn_bbox: 0.0722, loss_cls: 0.4275, acc: 89.7134, loss_bbox: 0.3198, loss_mask: 0.3724, loss: 1.2577
2021-01-13 16:27:11,445 - mmdet - INFO - Epoch [1][2700/14659]	lr: 2.000e-02, eta: 2 days, 19:25:17, time: 0.707, data_time: 0.159, memory: 6868, loss_rpn_cls: 0.0806, loss_rpn_bbox: 0.0792, loss_cls: 0.3974, acc: 90.3345, loss_bbox: 0.3092, loss_mask: 0.3655, loss: 1.2318
2021-01-13 16:27:46,963 - mmdet - INFO - Epoch [1][2750/14659]	lr: 2.000e-02, eta: 2 days, 19:26:18, time: 0.710, data_time: 0.157, memory: 6868, loss_rpn_cls: 0.0619, loss_rpn_bbox: 0.0705, loss_cls: 0.4067, acc: 89.9644, loss_bbox: 0.3239, loss_mask: 0.3601, loss: 1.2231
2021-01-13 16:28:21,700 - mmdet - INFO - Epoch [1][2800/14659]	lr: 2.000e-02, eta: 2 days, 19:25:39, time: 0.695, data_time: 0.156, memory: 6868, loss_rpn_cls: 0.0757, loss_rpn_bbox: 0.0762, loss_cls: 0.3983, acc: 90.5356, loss_bbox: 0.2864, loss_mask: 0.3664, loss: 1.2029
2021-01-13 16:28:56,823 - mmdet - INFO - Epoch [1][2850/14659]	lr: 2.000e-02, eta: 2 days, 19:25:46, time: 0.702, data_time: 0.163, memory: 6868, loss_rpn_cls: 0.0662, loss_rpn_bbox: 0.0717, loss_cls: 0.3738, acc: 90.5747, loss_bbox: 0.3003, loss_mask: 0.3671, loss: 1.1790
2021-01-13 16:29:31,713 - mmdet - INFO - Epoch [1][2900/14659]	lr: 2.000e-02, eta: 2 days, 19:25:24, time: 0.698, data_time: 0.158, memory: 6868, loss_rpn_cls: 0.0673, loss_rpn_bbox: 0.0693, loss_cls: 0.3997, acc: 89.7305, loss_bbox: 0.3330, loss_mask: 0.3531, loss: 1.2224
2021-01-13 16:30:06,464 - mmdet - INFO - Epoch [1][2950/14659]	lr: 2.000e-02, eta: 2 days, 19:24:46, time: 0.695, data_time: 0.145, memory: 6868, loss_rpn_cls: 0.0643, loss_rpn_bbox: 0.0734, loss_cls: 0.4075, acc: 90.0049, loss_bbox: 0.3215, loss_mask: 0.3617, loss: 1.2283
2021-01-13 16:30:41,479 - mmdet - INFO - Exp name: coco_mask_r101_carafe2.py
2021-01-13 16:30:41,479 - mmdet - INFO - Epoch [1][3000/14659]	lr: 2.000e-02, eta: 2 days, 19:24:38, time: 0.700, data_time: 0.155, memory: 6869, loss_rpn_cls: 0.0668, loss_rpn_bbox: 0.0727, loss_cls: 0.3640, acc: 90.9082, loss_bbox: 0.2962, loss_mask: 0.3704, loss: 1.1701
2021-01-13 16:31:17,297 - mmdet - INFO - Epoch [1][3050/14659]	lr: 2.000e-02, eta: 2 days, 19:26:01, time: 0.716, data_time: 0.163, memory: 6869, loss_rpn_cls: 0.0695, loss_rpn_bbox: 0.0759, loss_cls: 0.3915, acc: 89.8545, loss_bbox: 0.3259, loss_mask: 0.3542, loss: 1.2170
2021-01-13 16:31:51,790 - mmdet - INFO - Epoch [1][3100/14659]	lr: 2.000e-02, eta: 2 days, 19:24:51, time: 0.690, data_time: 0.144, memory: 6869, loss_rpn_cls: 0.0621, loss_rpn_bbox: 0.0639, loss_cls: 0.3680, acc: 90.8379, loss_bbox: 0.2899, loss_mask: 0.3409, loss: 1.1248
2021-01-13 16:32:26,292 - mmdet - INFO - Epoch [1][3150/14659]	lr: 2.000e-02, eta: 2 days, 19:23:44, time: 0.690, data_time: 0.155, memory: 6869, loss_rpn_cls: 0.0642, loss_rpn_bbox: 0.0660, loss_cls: 0.3733, acc: 90.6279, loss_bbox: 0.2985, loss_mask: 0.3521, loss: 1.1542
2021-01-13 16:33:01,542 - mmdet - INFO - Epoch [1][3200/14659]	lr: 2.000e-02, eta: 2 days, 19:23:59, time: 0.705, data_time: 0.155, memory: 6869, loss_rpn_cls: 0.0666, loss_rpn_bbox: 0.0741, loss_cls: 0.4046, acc: 89.6699, loss_bbox: 0.3214, loss_mask: 0.3492, loss: 1.2159
2021-01-13 16:33:37,031 - mmdet - INFO - Epoch [1][3250/14659]	lr: 2.000e-02, eta: 2 days, 19:24:38, time: 0.710, data_time: 0.161, memory: 6869, loss_rpn_cls: 0.0663, loss_rpn_bbox: 0.0705, loss_cls: 0.3991, acc: 89.7227, loss_bbox: 0.3315, loss_mask: 0.3546, loss: 1.2219
2021-01-13 16:34:12,076 - mmdet - INFO - Epoch [1][3300/14659]	lr: 2.000e-02, eta: 2 days, 19:24:28, time: 0.701, data_time: 0.160, memory: 6869, loss_rpn_cls: 0.0600, loss_rpn_bbox: 0.0699, loss_cls: 0.3713, acc: 90.3955, loss_bbox: 0.3117, loss_mask: 0.3409, loss: 1.1538
2021-01-13 16:34:47,702 - mmdet - INFO - Epoch [1][3350/14659]	lr: 2.000e-02, eta: 2 days, 19:25:18, time: 0.713, data_time: 0.157, memory: 6869, loss_rpn_cls: 0.0663, loss_rpn_bbox: 0.0751, loss_cls: 0.3775, acc: 90.1367, loss_bbox: 0.3197, loss_mask: 0.3474, loss: 1.1861
2021-01-13 16:35:22,874 - mmdet - INFO - Epoch [1][3400/14659]	lr: 2.000e-02, eta: 2 days, 19:25:18, time: 0.703, data_time: 0.156, memory: 6869, loss_rpn_cls: 0.0661, loss_rpn_bbox: 0.0721, loss_cls: 0.3785, acc: 90.1050, loss_bbox: 0.3149, loss_mask: 0.3531, loss: 1.1846
2021-01-13 16:35:57,423 - mmdet - INFO - Epoch [1][3450/14659]	lr: 2.000e-02, eta: 2 days, 19:24:15, time: 0.691, data_time: 0.160, memory: 6869, loss_rpn_cls: 0.0644, loss_rpn_bbox: 0.0687, loss_cls: 0.3655, acc: 90.2969, loss_bbox: 0.3000, loss_mask: 0.3427, loss: 1.1413
2021-01-13 16:36:32,647 - mmdet - INFO - Epoch [1][3500/14659]	lr: 2.000e-02, eta: 2 days, 19:24:19, time: 0.704, data_time: 0.150, memory: 6869, loss_rpn_cls: 0.0685, loss_rpn_bbox: 0.0711, loss_cls: 0.3588, acc: 90.5303, loss_bbox: 0.2995, loss_mask: 0.3469, loss: 1.1448
2021-01-13 16:37:09,001 - mmdet - INFO - Epoch [1][3550/14659]	lr: 2.000e-02, eta: 2 days, 19:26:13, time: 0.727, data_time: 0.164, memory: 6869, loss_rpn_cls: 0.0655, loss_rpn_bbox: 0.0760, loss_cls: 0.3735, acc: 90.3110, loss_bbox: 0.3126, loss_mask: 0.3543, loss: 1.1819
2021-01-13 16:37:43,358 - mmdet - INFO - Epoch [1][3600/14659]	lr: 2.000e-02, eta: 2 days, 19:24:51, time: 0.687, data_time: 0.145, memory: 6869, loss_rpn_cls: 0.0627, loss_rpn_bbox: 0.0667, loss_cls: 0.3684, acc: 90.6265, loss_bbox: 0.2927, loss_mask: 0.3552, loss: 1.1458
2021-01-13 16:38:17,932 - mmdet - INFO - Epoch [1][3650/14659]	lr: 2.000e-02, eta: 2 days, 19:23:50, time: 0.691, data_time: 0.147, memory: 6869, loss_rpn_cls: 0.0658, loss_rpn_bbox: 0.0697, loss_cls: 0.3725, acc: 90.2930, loss_bbox: 0.2990, loss_mask: 0.3497, loss: 1.1568
2021-01-13 16:38:52,234 - mmdet - INFO - Epoch [1][3700/14659]	lr: 2.000e-02, eta: 2 days, 19:22:23, time: 0.686, data_time: 0.151, memory: 6869, loss_rpn_cls: 0.0601, loss_rpn_bbox: 0.0655, loss_cls: 0.3564, acc: 90.7920, loss_bbox: 0.2956, loss_mask: 0.3477, loss: 1.1253
2021-01-13 16:39:26,554 - mmdet - INFO - Epoch [1][3750/14659]	lr: 2.000e-02, eta: 2 days, 19:21:01, time: 0.686, data_time: 0.155, memory: 6869, loss_rpn_cls: 0.0688, loss_rpn_bbox: 0.0717, loss_cls: 0.3668, acc: 90.2930, loss_bbox: 0.3049, loss_mask: 0.3450, loss: 1.1572
2021-01-13 16:40:01,433 - mmdet - INFO - Epoch [1][3800/14659]	lr: 2.000e-02, eta: 2 days, 19:20:31, time: 0.698, data_time: 0.150, memory: 6869, loss_rpn_cls: 0.0642, loss_rpn_bbox: 0.0706, loss_cls: 0.3711, acc: 90.1221, loss_bbox: 0.3131, loss_mask: 0.3356, loss: 1.1547
2021-01-13 16:40:36,665 - mmdet - INFO - Epoch [1][3850/14659]	lr: 2.000e-02, eta: 2 days, 19:20:32, time: 0.705, data_time: 0.151, memory: 6869, loss_rpn_cls: 0.0622, loss_rpn_bbox: 0.0738, loss_cls: 0.3665, acc: 90.2822, loss_bbox: 0.3039, loss_mask: 0.3411, loss: 1.1475
2021-01-13 16:41:11,552 - mmdet - INFO - Epoch [1][3900/14659]	lr: 2.000e-02, eta: 2 days, 19:20:02, time: 0.698, data_time: 0.153, memory: 6869, loss_rpn_cls: 0.0624, loss_rpn_bbox: 0.0705, loss_cls: 0.3613, acc: 90.4111, loss_bbox: 0.3035, loss_mask: 0.3389, loss: 1.1367
2021-01-13 16:41:46,522 - mmdet - INFO - Epoch [1][3950/14659]	lr: 2.000e-02, eta: 2 days, 19:19:38, time: 0.699, data_time: 0.160, memory: 6869, loss_rpn_cls: 0.0613, loss_rpn_bbox: 0.0723, loss_cls: 0.3624, acc: 90.2778, loss_bbox: 0.3058, loss_mask: 0.3397, loss: 1.1414
2021-01-13 16:42:20,980 - mmdet - INFO - Exp name: coco_mask_r101_carafe2.py
2021-01-13 16:42:20,981 - mmdet - INFO - Epoch [1][4000/14659]	lr: 2.000e-02, eta: 2 days, 19:18:31, time: 0.689, data_time: 0.147, memory: 6869, loss_rpn_cls: 0.0650, loss_rpn_bbox: 0.0733, loss_cls: 0.3854, acc: 90.0293, loss_bbox: 0.3149, loss_mask: 0.3477, loss: 1.1864
2021-01-13 16:42:55,707 - mmdet - INFO - Epoch [1][4050/14659]	lr: 2.000e-02, eta: 2 days, 19:17:47, time: 0.695, data_time: 0.156, memory: 6869, loss_rpn_cls: 0.0659, loss_rpn_bbox: 0.0647, loss_cls: 0.3543, acc: 90.7031, loss_bbox: 0.2931, loss_mask: 0.3367, loss: 1.1148
2021-01-13 16:43:30,150 - mmdet - INFO - Epoch [1][4100/14659]	lr: 2.000e-02, eta: 2 days, 19:16:39, time: 0.689, data_time: 0.156, memory: 6869, loss_rpn_cls: 0.0595, loss_rpn_bbox: 0.0714, loss_cls: 0.3648, acc: 90.5269, loss_bbox: 0.2924, loss_mask: 0.3524, loss: 1.1405
2021-01-13 16:44:05,444 - mmdet - INFO - Epoch [1][4150/14659]	lr: 2.000e-02, eta: 2 days, 19:16:43, time: 0.706, data_time: 0.164, memory: 6869, loss_rpn_cls: 0.0598, loss_rpn_bbox: 0.0720, loss_cls: 0.3860, acc: 90.1309, loss_bbox: 0.3023, loss_mask: 0.3418, loss: 1.1620
2021-01-13 16:44:39,980 - mmdet - INFO - Epoch [1][4200/14659]	lr: 2.000e-02, eta: 2 days, 19:15:43, time: 0.691, data_time: 0.151, memory: 6869, loss_rpn_cls: 0.0622, loss_rpn_bbox: 0.0711, loss_cls: 0.3775, acc: 90.3555, loss_bbox: 0.3030, loss_mask: 0.3452, loss: 1.1590
2021-01-13 16:45:15,258 - mmdet - INFO - Epoch [1][4250/14659]	lr: 2.000e-02, eta: 2 days, 19:15:45, time: 0.706, data_time: 0.155, memory: 6871, loss_rpn_cls: 0.0624, loss_rpn_bbox: 0.0696, loss_cls: 0.3605, acc: 90.3716, loss_bbox: 0.2985, loss_mask: 0.3299, loss: 1.1208
2021-01-13 16:45:49,798 - mmdet - INFO - Epoch [1][4300/14659]	lr: 2.000e-02, eta: 2 days, 19:14:47, time: 0.691, data_time: 0.158, memory: 6871, loss_rpn_cls: 0.0592, loss_rpn_bbox: 0.0617, loss_cls: 0.3530, acc: 90.5229, loss_bbox: 0.2992, loss_mask: 0.3207, loss: 1.0937
2021-01-13 16:46:25,324 - mmdet - INFO - Epoch [1][4350/14659]	lr: 2.000e-02, eta: 2 days, 19:15:07, time: 0.710, data_time: 0.168, memory: 6871, loss_rpn_cls: 0.0538, loss_rpn_bbox: 0.0652, loss_cls: 0.3600, acc: 90.3511, loss_bbox: 0.3005, loss_mask: 0.3358, loss: 1.1153
2021-01-13 16:47:00,728 - mmdet - INFO - Epoch [1][4400/14659]	lr: 2.000e-02, eta: 2 days, 19:15:17, time: 0.708, data_time: 0.159, memory: 6871, loss_rpn_cls: 0.0581, loss_rpn_bbox: 0.0693, loss_cls: 0.3706, acc: 90.0464, loss_bbox: 0.3152, loss_mask: 0.3366, loss: 1.1498
2021-01-13 16:47:35,723 - mmdet - INFO - Epoch [1][4450/14659]	lr: 2.000e-02, eta: 2 days, 19:14:54, time: 0.700, data_time: 0.146, memory: 6871, loss_rpn_cls: 0.0615, loss_rpn_bbox: 0.0697, loss_cls: 0.3513, acc: 90.7598, loss_bbox: 0.2993, loss_mask: 0.3271, loss: 1.1090
2021-01-13 16:48:11,131 - mmdet - INFO - Epoch [1][4500/14659]	lr: 2.000e-02, eta: 2 days, 19:15:02, time: 0.708, data_time: 0.153, memory: 6871, loss_rpn_cls: 0.0582, loss_rpn_bbox: 0.0653, loss_cls: 0.3502, acc: 90.4795, loss_bbox: 0.2998, loss_mask: 0.3352, loss: 1.1087
2021-01-13 16:48:45,591 - mmdet - INFO - Epoch [1][4550/14659]	lr: 2.000e-02, eta: 2 days, 19:13:57, time: 0.689, data_time: 0.153, memory: 6871, loss_rpn_cls: 0.0574, loss_rpn_bbox: 0.0656, loss_cls: 0.3652, acc: 90.5708, loss_bbox: 0.3004, loss_mask: 0.3476, loss: 1.1362
2021-01-13 16:49:19,777 - mmdet - INFO - Epoch [1][4600/14659]	lr: 2.000e-02, eta: 2 days, 19:12:32, time: 0.684, data_time: 0.150, memory: 6871, loss_rpn_cls: 0.0553, loss_rpn_bbox: 0.0680, loss_cls: 0.3628, acc: 90.2988, loss_bbox: 0.3097, loss_mask: 0.3309, loss: 1.1266
2021-01-13 16:49:55,166 - mmdet - INFO - Epoch [1][4650/14659]	lr: 2.000e-02, eta: 2 days, 19:12:38, time: 0.708, data_time: 0.158, memory: 6871, loss_rpn_cls: 0.0603, loss_rpn_bbox: 0.0699, loss_cls: 0.3728, acc: 90.0977, loss_bbox: 0.3095, loss_mask: 0.3246, loss: 1.1371
2021-01-13 16:50:29,665 - mmdet - INFO - Epoch [1][4700/14659]	lr: 2.000e-02, eta: 2 days, 19:11:38, time: 0.690, data_time: 0.151, memory: 6871, loss_rpn_cls: 0.0625, loss_rpn_bbox: 0.0671, loss_cls: 0.3556, acc: 90.7070, loss_bbox: 0.2910, loss_mask: 0.3319, loss: 1.1080
2021-01-13 16:51:04,837 - mmdet - INFO - Epoch [1][4750/14659]	lr: 2.000e-02, eta: 2 days, 19:11:27, time: 0.703, data_time: 0.150, memory: 6871, loss_rpn_cls: 0.0647, loss_rpn_bbox: 0.0688, loss_cls: 0.3646, acc: 90.0742, loss_bbox: 0.3068, loss_mask: 0.3462, loss: 1.1510
2021-01-13 16:51:39,097 - mmdet - INFO - Epoch [1][4800/14659]	lr: 2.000e-02, eta: 2 days, 19:10:09, time: 0.685, data_time: 0.144, memory: 6871, loss_rpn_cls: 0.0557, loss_rpn_bbox: 0.0609, loss_cls: 0.3580, acc: 90.7915, loss_bbox: 0.2822, loss_mask: 0.3275, loss: 1.0843
2021-01-13 16:52:13,557 - mmdet - INFO - Epoch [1][4850/14659]	lr: 2.000e-02, eta: 2 days, 19:09:07, time: 0.689, data_time: 0.147, memory: 6871, loss_rpn_cls: 0.0608, loss_rpn_bbox: 0.0706, loss_cls: 0.3479, acc: 90.6416, loss_bbox: 0.2988, loss_mask: 0.3391, loss: 1.1172
2021-01-13 16:52:48,112 - mmdet - INFO - Epoch [1][4900/14659]	lr: 2.000e-02, eta: 2 days, 19:08:12, time: 0.691, data_time: 0.149, memory: 6871, loss_rpn_cls: 0.0671, loss_rpn_bbox: 0.0822, loss_cls: 0.3834, acc: 90.1821, loss_bbox: 0.2973, loss_mask: 0.3492, loss: 1.1792
2021-01-13 16:53:22,680 - mmdet - INFO - Epoch [1][4950/14659]	lr: 2.000e-02, eta: 2 days, 19:07:19, time: 0.691, data_time: 0.150, memory: 6871, loss_rpn_cls: 0.0537, loss_rpn_bbox: 0.0691, loss_cls: 0.3545, acc: 90.4790, loss_bbox: 0.2988, loss_mask: 0.3356, loss: 1.1116
2021-01-13 16:53:57,889 - mmdet - INFO - Exp name: coco_mask_r101_carafe2.py
2021-01-13 16:53:57,890 - mmdet - INFO - Epoch [1][5000/14659]	lr: 2.000e-02, eta: 2 days, 19:07:10, time: 0.704, data_time: 0.165, memory: 6871, loss_rpn_cls: 0.0595, loss_rpn_bbox: 0.0656, loss_cls: 0.3502, acc: 89.9600, loss_bbox: 0.3209, loss_mask: 0.3261, loss: 1.1223
2021-01-13 16:54:32,020 - mmdet - INFO - Epoch [1][5050/14659]	lr: 2.000e-02, eta: 2 days, 19:05:47, time: 0.683, data_time: 0.138, memory: 6871, loss_rpn_cls: 0.0547, loss_rpn_bbox: 0.0640, loss_cls: 0.3402, acc: 90.8726, loss_bbox: 0.2854, loss_mask: 0.3295, loss: 1.0739
2021-01-13 16:55:06,323 - mmdet - INFO - Epoch [1][5100/14659]	lr: 2.000e-02, eta: 2 days, 19:04:36, time: 0.686, data_time: 0.152, memory: 6871, loss_rpn_cls: 0.0609, loss_rpn_bbox: 0.0698, loss_cls: 0.3599, acc: 90.2861, loss_bbox: 0.3051, loss_mask: 0.3343, loss: 1.1300
2021-01-13 16:55:40,929 - mmdet - INFO - Epoch [1][5150/14659]	lr: 2.000e-02, eta: 2 days, 19:03:47, time: 0.692, data_time: 0.161, memory: 6871, loss_rpn_cls: 0.0620, loss_rpn_bbox: 0.0707, loss_cls: 0.3598, acc: 90.3613, loss_bbox: 0.3033, loss_mask: 0.3322, loss: 1.1281
2021-01-13 16:56:15,172 - mmdet - INFO - Epoch [1][5200/14659]	lr: 2.000e-02, eta: 2 days, 19:02:34, time: 0.685, data_time: 0.155, memory: 6871, loss_rpn_cls: 0.0497, loss_rpn_bbox: 0.0626, loss_cls: 0.3328, acc: 90.7944, loss_bbox: 0.2840, loss_mask: 0.3304, loss: 1.0595
2021-01-13 16:56:50,755 - mmdet - INFO - Epoch [1][5250/14659]	lr: 2.000e-02, eta: 2 days, 19:02:49, time: 0.712, data_time: 0.165, memory: 6871, loss_rpn_cls: 0.0570, loss_rpn_bbox: 0.0741, loss_cls: 0.3636, acc: 90.1001, loss_bbox: 0.3105, loss_mask: 0.3360, loss: 1.1413
2021-01-13 16:57:25,659 - mmdet - INFO - Epoch [1][5300/14659]	lr: 2.000e-02, eta: 2 days, 19:02:20, time: 0.698, data_time: 0.153, memory: 6871, loss_rpn_cls: 0.0563, loss_rpn_bbox: 0.0687, loss_cls: 0.3540, acc: 90.4141, loss_bbox: 0.2979, loss_mask: 0.3326, loss: 1.1096
2021-01-13 16:58:01,782 - mmdet - INFO - Epoch [1][5350/14659]	lr: 2.000e-02, eta: 2 days, 19:03:09, time: 0.722, data_time: 0.171, memory: 6871, loss_rpn_cls: 0.0696, loss_rpn_bbox: 0.0735, loss_cls: 0.3405, acc: 90.7275, loss_bbox: 0.3001, loss_mask: 0.3300, loss: 1.1137
2021-01-13 16:58:37,200 - mmdet - INFO - Epoch [1][5400/14659]	lr: 2.000e-02, eta: 2 days, 19:03:11, time: 0.708, data_time: 0.177, memory: 6871, loss_rpn_cls: 0.0534, loss_rpn_bbox: 0.0688, loss_cls: 0.3521, acc: 90.3481, loss_bbox: 0.3045, loss_mask: 0.3325, loss: 1.1113
2021-01-13 16:59:13,938 - mmdet - INFO - Epoch [1][5450/14659]	lr: 2.000e-02, eta: 2 days, 19:04:37, time: 0.735, data_time: 0.180, memory: 6871, loss_rpn_cls: 0.0584, loss_rpn_bbox: 0.0696, loss_cls: 0.3536, acc: 90.3584, loss_bbox: 0.2928, loss_mask: 0.3256, loss: 1.1001
2021-01-13 16:59:50,143 - mmdet - INFO - Epoch [1][5500/14659]	lr: 2.000e-02, eta: 2 days, 19:05:27, time: 0.724, data_time: 0.178, memory: 6871, loss_rpn_cls: 0.0599, loss_rpn_bbox: 0.0738, loss_cls: 0.3620, acc: 89.9995, loss_bbox: 0.3118, loss_mask: 0.3366, loss: 1.1440
2021-01-13 17:00:26,794 - mmdet - INFO - Epoch [1][5550/14659]	lr: 2.000e-02, eta: 2 days, 19:06:43, time: 0.733, data_time: 0.199, memory: 6871, loss_rpn_cls: 0.0617, loss_rpn_bbox: 0.0690, loss_cls: 0.3550, acc: 90.5552, loss_bbox: 0.2995, loss_mask: 0.3310, loss: 1.1161
2021-01-13 17:01:03,136 - mmdet - INFO - Epoch [1][5600/14659]	lr: 2.000e-02, eta: 2 days, 19:07:38, time: 0.727, data_time: 0.186, memory: 6871, loss_rpn_cls: 0.0629, loss_rpn_bbox: 0.0730, loss_cls: 0.3638, acc: 89.9702, loss_bbox: 0.3212, loss_mask: 0.3306, loss: 1.1515
2021-01-13 17:01:38,852 - mmdet - INFO - Epoch [1][5650/14659]	lr: 2.000e-02, eta: 2 days, 19:07:53, time: 0.714, data_time: 0.180, memory: 6871, loss_rpn_cls: 0.0622, loss_rpn_bbox: 0.0666, loss_cls: 0.3579, acc: 90.5225, loss_bbox: 0.2987, loss_mask: 0.3263, loss: 1.1117
2021-01-13 17:02:15,089 - mmdet - INFO - Epoch [1][5700/14659]	lr: 2.000e-02, eta: 2 days, 19:08:39, time: 0.725, data_time: 0.178, memory: 6871, loss_rpn_cls: 0.0563, loss_rpn_bbox: 0.0695, loss_cls: 0.3336, acc: 90.8457, loss_bbox: 0.2881, loss_mask: 0.3241, loss: 1.0716
2021-01-13 17:02:50,507 - mmdet - INFO - Epoch [1][5750/14659]	lr: 2.000e-02, eta: 2 days, 19:08:34, time: 0.708, data_time: 0.164, memory: 6871, loss_rpn_cls: 0.0628, loss_rpn_bbox: 0.0773, loss_cls: 0.3465, acc: 90.4399, loss_bbox: 0.3019, loss_mask: 0.3337, loss: 1.1222
2021-01-13 17:03:24,673 - mmdet - INFO - Epoch [1][5800/14659]	lr: 2.000e-02, eta: 2 days, 19:07:14, time: 0.683, data_time: 0.158, memory: 6871, loss_rpn_cls: 0.0554, loss_rpn_bbox: 0.0667, loss_cls: 0.3338, acc: 90.9824, loss_bbox: 0.2801, loss_mask: 0.3266, loss: 1.0626
2021-01-13 17:04:00,651 - mmdet - INFO - Epoch [1][5850/14659]	lr: 2.000e-02, eta: 2 days, 19:07:42, time: 0.719, data_time: 0.167, memory: 6871, loss_rpn_cls: 0.0628, loss_rpn_bbox: 0.0753, loss_cls: 0.3532, acc: 90.3057, loss_bbox: 0.3107, loss_mask: 0.3381, loss: 1.1400
2021-01-13 17:04:35,605 - mmdet - INFO - Epoch [1][5900/14659]	lr: 2.000e-02, eta: 2 days, 19:07:08, time: 0.699, data_time: 0.161, memory: 6871, loss_rpn_cls: 0.0578, loss_rpn_bbox: 0.0710, loss_cls: 0.3447, acc: 90.5513, loss_bbox: 0.2962, loss_mask: 0.3323, loss: 1.1019
2021-01-13 17:05:11,117 - mmdet - INFO - Epoch [1][5950/14659]	lr: 2.000e-02, eta: 2 days, 19:07:07, time: 0.710, data_time: 0.154, memory: 6871, loss_rpn_cls: 0.0560, loss_rpn_bbox: 0.0634, loss_cls: 0.3454, acc: 90.6992, loss_bbox: 0.2902, loss_mask: 0.3208, loss: 1.0757
2021-01-13 17:05:45,937 - mmdet - INFO - Exp name: coco_mask_r101_carafe2.py
2021-01-13 17:05:45,938 - mmdet - INFO - Epoch [1][6000/14659]	lr: 2.000e-02, eta: 2 days, 19:06:26, time: 0.697, data_time: 0.145, memory: 6871, loss_rpn_cls: 0.0582, loss_rpn_bbox: 0.0698, loss_cls: 0.3544, acc: 90.1782, loss_bbox: 0.3108, loss_mask: 0.3269, loss: 1.1201
2021-01-13 17:06:20,904 - mmdet - INFO - Epoch [1][6050/14659]	lr: 2.000e-02, eta: 2 days, 19:05:53, time: 0.699, data_time: 0.149, memory: 6871, loss_rpn_cls: 0.0589, loss_rpn_bbox: 0.0688, loss_cls: 0.3440, acc: 90.3706, loss_bbox: 0.3053, loss_mask: 0.3236, loss: 1.1007
2021-01-13 17:06:56,505 - mmdet - INFO - Epoch [1][6100/14659]	lr: 2.000e-02, eta: 2 days, 19:05:57, time: 0.712, data_time: 0.164, memory: 6871, loss_rpn_cls: 0.0596, loss_rpn_bbox: 0.0719, loss_cls: 0.3606, acc: 90.1719, loss_bbox: 0.3093, loss_mask: 0.3291, loss: 1.1305
2021-01-13 17:07:30,607 - mmdet - INFO - Epoch [1][6150/14659]	lr: 2.000e-02, eta: 2 days, 19:04:35, time: 0.682, data_time: 0.153, memory: 6871, loss_rpn_cls: 0.0555, loss_rpn_bbox: 0.0662, loss_cls: 0.3394, acc: 90.7861, loss_bbox: 0.2882, loss_mask: 0.3301, loss: 1.0794
2021-01-13 17:08:05,155 - mmdet - INFO - Epoch [1][6200/14659]	lr: 2.000e-02, eta: 2 days, 19:03:38, time: 0.691, data_time: 0.143, memory: 6871, loss_rpn_cls: 0.0556, loss_rpn_bbox: 0.0651, loss_cls: 0.3402, acc: 90.6475, loss_bbox: 0.2875, loss_mask: 0.3246, loss: 1.0730
2021-01-13 17:08:40,011 - mmdet - INFO - Epoch [1][6250/14659]	lr: 2.000e-02, eta: 2 days, 19:03:00, time: 0.697, data_time: 0.153, memory: 6871, loss_rpn_cls: 0.0541, loss_rpn_bbox: 0.0637, loss_cls: 0.3407, acc: 90.6943, loss_bbox: 0.2834, loss_mask: 0.3218, loss: 1.0639
2021-01-13 17:09:14,657 - mmdet - INFO - Epoch [1][6300/14659]	lr: 2.000e-02, eta: 2 days, 19:02:09, time: 0.693, data_time: 0.157, memory: 6871, loss_rpn_cls: 0.0503, loss_rpn_bbox: 0.0650, loss_cls: 0.3366, acc: 90.4888, loss_bbox: 0.2941, loss_mask: 0.3173, loss: 1.0633
2021-01-13 17:09:50,194 - mmdet - INFO - Epoch [1][6350/14659]	lr: 2.000e-02, eta: 2 days, 19:02:07, time: 0.711, data_time: 0.157, memory: 6871, loss_rpn_cls: 0.0617, loss_rpn_bbox: 0.0736, loss_cls: 0.3655, acc: 89.8506, loss_bbox: 0.3181, loss_mask: 0.3357, loss: 1.1546
2021-01-13 17:10:24,601 - mmdet - INFO - Epoch [1][6400/14659]	lr: 2.000e-02, eta: 2 days, 19:01:05, time: 0.688, data_time: 0.148, memory: 6871, loss_rpn_cls: 0.0524, loss_rpn_bbox: 0.0668, loss_cls: 0.3350, acc: 90.9106, loss_bbox: 0.2747, loss_mask: 0.3154, loss: 1.0443
2021-01-13 17:10:59,404 - mmdet - INFO - Epoch [1][6450/14659]	lr: 2.000e-02, eta: 2 days, 19:00:23, time: 0.696, data_time: 0.156, memory: 6871, loss_rpn_cls: 0.0577, loss_rpn_bbox: 0.0653, loss_cls: 0.3386, acc: 90.5898, loss_bbox: 0.3016, loss_mask: 0.3264, loss: 1.0896
2021-01-13 17:11:34,911 - mmdet - INFO - Epoch [1][6500/14659]	lr: 2.000e-02, eta: 2 days, 19:00:20, time: 0.710, data_time: 0.166, memory: 6871, loss_rpn_cls: 0.0513, loss_rpn_bbox: 0.0680, loss_cls: 0.3370, acc: 90.5122, loss_bbox: 0.2971, loss_mask: 0.3209, loss: 1.0743
2021-01-13 17:12:09,291 - mmdet - INFO - Epoch [1][6550/14659]	lr: 2.000e-02, eta: 2 days, 18:59:16, time: 0.688, data_time: 0.150, memory: 6871, loss_rpn_cls: 0.0532, loss_rpn_bbox: 0.0641, loss_cls: 0.3284, acc: 90.9878, loss_bbox: 0.2813, loss_mask: 0.3219, loss: 1.0490
2021-01-13 17:12:45,145 - mmdet - INFO - Epoch [1][6600/14659]	lr: 2.000e-02, eta: 2 days, 18:59:29, time: 0.717, data_time: 0.154, memory: 6871, loss_rpn_cls: 0.0577, loss_rpn_bbox: 0.0662, loss_cls: 0.3608, acc: 90.0898, loss_bbox: 0.3066, loss_mask: 0.3227, loss: 1.1141
2021-01-13 17:13:20,481 - mmdet - INFO - Epoch [1][6650/14659]	lr: 2.000e-02, eta: 2 days, 18:59:15, time: 0.707, data_time: 0.148, memory: 6871, loss_rpn_cls: 0.0606, loss_rpn_bbox: 0.0722, loss_cls: 0.3567, acc: 89.9712, loss_bbox: 0.3180, loss_mask: 0.3329, loss: 1.1403
2021-01-13 17:13:55,494 - mmdet - INFO - Epoch [1][6700/14659]	lr: 2.000e-02, eta: 2 days, 18:58:45, time: 0.700, data_time: 0.158, memory: 6871, loss_rpn_cls: 0.0550, loss_rpn_bbox: 0.0671, loss_cls: 0.3491, acc: 90.0771, loss_bbox: 0.3140, loss_mask: 0.3188, loss: 1.1040
2021-01-13 17:14:30,432 - mmdet - INFO - Epoch [1][6750/14659]	lr: 2.000e-02, eta: 2 days, 18:58:10, time: 0.699, data_time: 0.161, memory: 6871, loss_rpn_cls: 0.0602, loss_rpn_bbox: 0.0733, loss_cls: 0.3416, acc: 90.5264, loss_bbox: 0.3000, loss_mask: 0.3372, loss: 1.1123
2021-01-13 17:15:05,131 - mmdet - INFO - Epoch [1][6800/14659]	lr: 2.000e-02, eta: 2 days, 18:57:23, time: 0.694, data_time: 0.152, memory: 6871, loss_rpn_cls: 0.0693, loss_rpn_bbox: 0.0684, loss_cls: 0.3234, acc: 91.0791, loss_bbox: 0.2823, loss_mask: 0.3248, loss: 1.0683
2021-01-13 17:15:40,639 - mmdet - INFO - Epoch [1][6850/14659]	lr: 2.000e-02, eta: 2 days, 18:57:17, time: 0.710, data_time: 0.153, memory: 6871, loss_rpn_cls: 0.0620, loss_rpn_bbox: 0.0722, loss_cls: 0.3208, acc: 90.8564, loss_bbox: 0.2948, loss_mask: 0.3167, loss: 1.0664
2021-01-13 17:16:14,670 - mmdet - INFO - Epoch [1][6900/14659]	lr: 2.000e-02, eta: 2 days, 18:55:57, time: 0.681, data_time: 0.147, memory: 6871, loss_rpn_cls: 0.0574, loss_rpn_bbox: 0.0658, loss_cls: 0.3318, acc: 90.7471, loss_bbox: 0.2921, loss_mask: 0.3186, loss: 1.0658
2021-01-13 17:16:49,493 - mmdet - INFO - Epoch [1][6950/14659]	lr: 2.000e-02, eta: 2 days, 18:55:17, time: 0.697, data_time: 0.159, memory: 6871, loss_rpn_cls: 0.0581, loss_rpn_bbox: 0.0633, loss_cls: 0.3292, acc: 90.8271, loss_bbox: 0.2903, loss_mask: 0.3193, loss: 1.0603
2021-01-13 17:17:23,582 - mmdet - INFO - Exp name: coco_mask_r101_carafe2.py
2021-01-13 17:17:23,582 - mmdet - INFO - Epoch [1][7000/14659]	lr: 2.000e-02, eta: 2 days, 18:54:00, time: 0.682, data_time: 0.148, memory: 6871, loss_rpn_cls: 0.0513, loss_rpn_bbox: 0.0649, loss_cls: 0.3092, acc: 91.3594, loss_bbox: 0.2728, loss_mask: 0.3133, loss: 1.0114
2021-01-13 17:17:58,272 - mmdet - INFO - Epoch [1][7050/14659]	lr: 2.000e-02, eta: 2 days, 18:53:13, time: 0.694, data_time: 0.146, memory: 6871, loss_rpn_cls: 0.0544, loss_rpn_bbox: 0.0611, loss_cls: 0.3234, acc: 90.9570, loss_bbox: 0.2904, loss_mask: 0.3166, loss: 1.0459
2021-01-13 17:18:33,629 - mmdet - INFO - Epoch [1][7100/14659]	lr: 2.000e-02, eta: 2 days, 18:53:00, time: 0.707, data_time: 0.154, memory: 6871, loss_rpn_cls: 0.0573, loss_rpn_bbox: 0.0650, loss_cls: 0.3409, acc: 90.4019, loss_bbox: 0.2967, loss_mask: 0.3193, loss: 1.0791
2021-01-13 17:19:08,818 - mmdet - INFO - Epoch [1][7150/14659]	lr: 2.000e-02, eta: 2 days, 18:52:38, time: 0.704, data_time: 0.154, memory: 6871, loss_rpn_cls: 0.0560, loss_rpn_bbox: 0.0713, loss_cls: 0.3308, acc: 90.5020, loss_bbox: 0.2946, loss_mask: 0.3349, loss: 1.0877
2021-01-13 17:19:43,527 - mmdet - INFO - Epoch [1][7200/14659]	lr: 2.000e-02, eta: 2 days, 18:51:52, time: 0.694, data_time: 0.153, memory: 6871, loss_rpn_cls: 0.0575, loss_rpn_bbox: 0.0633, loss_cls: 0.3293, acc: 90.8823, loss_bbox: 0.2874, loss_mask: 0.3274, loss: 1.0650
2021-01-13 17:20:18,734 - mmdet - INFO - Epoch [1][7250/14659]	lr: 2.000e-02, eta: 2 days, 18:51:31, time: 0.704, data_time: 0.151, memory: 6871, loss_rpn_cls: 0.0542, loss_rpn_bbox: 0.0668, loss_cls: 0.3394, acc: 90.5435, loss_bbox: 0.2970, loss_mask: 0.3180, loss: 1.0754
2021-01-13 17:20:53,916 - mmdet - INFO - Epoch [1][7300/14659]	lr: 2.000e-02, eta: 2 days, 18:51:08, time: 0.704, data_time: 0.160, memory: 6871, loss_rpn_cls: 0.0555, loss_rpn_bbox: 0.0657, loss_cls: 0.3419, acc: 90.3481, loss_bbox: 0.3049, loss_mask: 0.3171, loss: 1.0851
2021-01-13 17:21:29,802 - mmdet - INFO - Epoch [1][7350/14659]	lr: 2.000e-02, eta: 2 days, 18:51:18, time: 0.718, data_time: 0.167, memory: 6871, loss_rpn_cls: 0.0578, loss_rpn_bbox: 0.0662, loss_cls: 0.3334, acc: 90.6270, loss_bbox: 0.2913, loss_mask: 0.3170, loss: 1.0657
2021-01-13 17:22:04,199 - mmdet - INFO - Epoch [1][7400/14659]	lr: 2.000e-02, eta: 2 days, 18:50:18, time: 0.688, data_time: 0.148, memory: 6871, loss_rpn_cls: 0.0552, loss_rpn_bbox: 0.0644, loss_cls: 0.3143, acc: 91.3882, loss_bbox: 0.2672, loss_mask: 0.3185, loss: 1.0197
2021-01-13 17:22:39,916 - mmdet - INFO - Epoch [1][7450/14659]	lr: 2.000e-02, eta: 2 days, 18:50:19, time: 0.714, data_time: 0.161, memory: 6871, loss_rpn_cls: 0.0639, loss_rpn_bbox: 0.0744, loss_cls: 0.3579, acc: 90.0532, loss_bbox: 0.3168, loss_mask: 0.3267, loss: 1.1397
2021-01-13 17:23:14,608 - mmdet - INFO - Epoch [1][7500/14659]	lr: 2.000e-02, eta: 2 days, 18:49:33, time: 0.694, data_time: 0.149, memory: 6871, loss_rpn_cls: 0.0527, loss_rpn_bbox: 0.0614, loss_cls: 0.3071, acc: 91.2568, loss_bbox: 0.2813, loss_mask: 0.3234, loss: 1.0260
2021-01-13 17:23:49,775 - mmdet - INFO - Epoch [1][7550/14659]	lr: 2.000e-02, eta: 2 days, 18:49:09, time: 0.703, data_time: 0.168, memory: 6871, loss_rpn_cls: 0.0592, loss_rpn_bbox: 0.0711, loss_cls: 0.3382, acc: 90.5752, loss_bbox: 0.3033, loss_mask: 0.3148, loss: 1.0865
2021-01-13 17:24:24,866 - mmdet - INFO - Epoch [1][7600/14659]	lr: 2.000e-02, eta: 2 days, 18:48:41, time: 0.702, data_time: 0.154, memory: 6871, loss_rpn_cls: 0.0510, loss_rpn_bbox: 0.0653, loss_cls: 0.3244, acc: 90.9131, loss_bbox: 0.2875, loss_mask: 0.3180, loss: 1.0463
2021-01-13 17:25:00,047 - mmdet - INFO - Epoch [1][7650/14659]	lr: 2.000e-02, eta: 2 days, 18:48:17, time: 0.704, data_time: 0.159, memory: 6871, loss_rpn_cls: 0.0459, loss_rpn_bbox: 0.0609, loss_cls: 0.3166, acc: 91.2949, loss_bbox: 0.2788, loss_mask: 0.3149, loss: 1.0172
2021-01-13 17:25:34,650 - mmdet - INFO - Epoch [1][7700/14659]	lr: 2.000e-02, eta: 2 days, 18:47:27, time: 0.692, data_time: 0.159, memory: 6871, loss_rpn_cls: 0.0549, loss_rpn_bbox: 0.0680, loss_cls: 0.3318, acc: 90.9761, loss_bbox: 0.2881, loss_mask: 0.3203, loss: 1.0630
2021-01-13 17:26:10,187 - mmdet - INFO - Epoch [1][7750/14659]	lr: 2.000e-02, eta: 2 days, 18:47:19, time: 0.711, data_time: 0.153, memory: 6871, loss_rpn_cls: 0.0560, loss_rpn_bbox: 0.0652, loss_cls: 0.3329, acc: 90.7529, loss_bbox: 0.2914, loss_mask: 0.3186, loss: 1.0640
2021-01-13 17:26:44,688 - mmdet - INFO - Epoch [1][7800/14659]	lr: 2.000e-02, eta: 2 days, 18:46:24, time: 0.690, data_time: 0.149, memory: 6871, loss_rpn_cls: 0.0472, loss_rpn_bbox: 0.0617, loss_cls: 0.3250, acc: 90.8457, loss_bbox: 0.2853, loss_mask: 0.3083, loss: 1.0276
2021-01-13 17:27:20,003 - mmdet - INFO - Epoch [1][7850/14659]	lr: 2.000e-02, eta: 2 days, 18:46:06, time: 0.706, data_time: 0.155, memory: 6871, loss_rpn_cls: 0.0588, loss_rpn_bbox: 0.0710, loss_cls: 0.3305, acc: 90.7715, loss_bbox: 0.2904, loss_mask: 0.3130, loss: 1.0636
2021-01-13 17:27:55,118 - mmdet - INFO - Epoch [1][7900/14659]	lr: 2.000e-02, eta: 2 days, 18:45:38, time: 0.702, data_time: 0.160, memory: 6871, loss_rpn_cls: 0.0504, loss_rpn_bbox: 0.0633, loss_cls: 0.3134, acc: 91.1514, loss_bbox: 0.2799, loss_mask: 0.3220, loss: 1.0291
2021-01-13 17:28:30,333 - mmdet - INFO - Epoch [1][7950/14659]	lr: 2.000e-02, eta: 2 days, 18:45:15, time: 0.704, data_time: 0.155, memory: 6871, loss_rpn_cls: 0.0595, loss_rpn_bbox: 0.0696, loss_cls: 0.3229, acc: 90.9199, loss_bbox: 0.2879, loss_mask: 0.3165, loss: 1.0563
2021-01-13 17:29:05,586 - mmdet - INFO - Exp name: coco_mask_r101_carafe2.py
2021-01-13 17:29:05,588 - mmdet - INFO - Epoch [1][8000/14659]	lr: 2.000e-02, eta: 2 days, 18:44:54, time: 0.705, data_time: 0.155, memory: 6871, loss_rpn_cls: 0.0612, loss_rpn_bbox: 0.0706, loss_cls: 0.3304, acc: 90.7173, loss_bbox: 0.2900, loss_mask: 0.3233, loss: 1.0756
2021-01-13 17:29:40,661 - mmdet - INFO - Epoch [1][8050/14659]	lr: 2.000e-02, eta: 2 days, 18:44:24, time: 0.701, data_time: 0.156, memory: 6871, loss_rpn_cls: 0.0516, loss_rpn_bbox: 0.0635, loss_cls: 0.3427, acc: 90.4365, loss_bbox: 0.3033, loss_mask: 0.3226, loss: 1.0837
2021-01-13 17:30:15,182 - mmdet - INFO - Epoch [1][8100/14659]	lr: 2.000e-02, eta: 2 days, 18:43:31, time: 0.690, data_time: 0.146, memory: 6871, loss_rpn_cls: 0.0582, loss_rpn_bbox: 0.0668, loss_cls: 0.3418, acc: 90.5005, loss_bbox: 0.2944, loss_mask: 0.3185, loss: 1.0798
2021-01-13 17:30:50,329 - mmdet - INFO - Epoch [1][8150/14659]	lr: 2.000e-02, eta: 2 days, 18:43:05, time: 0.703, data_time: 0.152, memory: 6871, loss_rpn_cls: 0.0646, loss_rpn_bbox: 0.0706, loss_cls: 0.3411, acc: 90.1973, loss_bbox: 0.3003, loss_mask: 0.3138, loss: 1.0904
2021-01-13 17:31:24,943 - mmdet - INFO - Epoch [1][8200/14659]	lr: 2.000e-02, eta: 2 days, 18:42:16, time: 0.692, data_time: 0.157, memory: 6871, loss_rpn_cls: 0.0607, loss_rpn_bbox: 0.0693, loss_cls: 0.3187, acc: 91.1489, loss_bbox: 0.2866, loss_mask: 0.3274, loss: 1.0627
2021-01-13 17:31:59,910 - mmdet - INFO - Epoch [1][8250/14659]	lr: 2.000e-02, eta: 2 days, 18:41:42, time: 0.699, data_time: 0.148, memory: 6871, loss_rpn_cls: 0.0514, loss_rpn_bbox: 0.0642, loss_cls: 0.3377, acc: 90.7739, loss_bbox: 0.2835, loss_mask: 0.3206, loss: 1.0575
2021-01-13 17:32:34,519 - mmdet - INFO - Epoch [1][8300/14659]	lr: 2.000e-02, eta: 2 days, 18:40:53, time: 0.692, data_time: 0.155, memory: 6871, loss_rpn_cls: 0.0588, loss_rpn_bbox: 0.0696, loss_cls: 0.3277, acc: 91.0029, loss_bbox: 0.2777, loss_mask: 0.3064, loss: 1.0403
2021-01-13 17:33:10,365 - mmdet - INFO - Epoch [1][8350/14659]	lr: 2.000e-02, eta: 2 days, 18:40:55, time: 0.717, data_time: 0.157, memory: 6871, loss_rpn_cls: 0.0506, loss_rpn_bbox: 0.0666, loss_cls: 0.3365, acc: 90.3726, loss_bbox: 0.3007, loss_mask: 0.3139, loss: 1.0683
2021-01-13 17:33:46,083 - mmdet - INFO - Epoch [1][8400/14659]	lr: 2.000e-02, eta: 2 days, 18:40:52, time: 0.714, data_time: 0.165, memory: 6871, loss_rpn_cls: 0.0615, loss_rpn_bbox: 0.0754, loss_cls: 0.3474, acc: 90.0933, loss_bbox: 0.3027, loss_mask: 0.3326, loss: 1.1196
2021-01-13 17:34:21,752 - mmdet - INFO - Epoch [1][8450/14659]	lr: 2.000e-02, eta: 2 days, 18:40:46, time: 0.713, data_time: 0.162, memory: 6871, loss_rpn_cls: 0.0592, loss_rpn_bbox: 0.0680, loss_cls: 0.3227, acc: 91.0303, loss_bbox: 0.2913, loss_mask: 0.3277, loss: 1.0690
2021-01-13 17:34:56,918 - mmdet - INFO - Epoch [1][8500/14659]	lr: 2.000e-02, eta: 2 days, 18:40:20, time: 0.703, data_time: 0.152, memory: 6871, loss_rpn_cls: 0.0541, loss_rpn_bbox: 0.0705, loss_cls: 0.3456, acc: 90.4141, loss_bbox: 0.2979, loss_mask: 0.3116, loss: 1.0796
2021-01-13 17:35:32,132 - mmdet - INFO - Epoch [1][8550/14659]	lr: 2.000e-02, eta: 2 days, 18:39:55, time: 0.704, data_time: 0.161, memory: 6871, loss_rpn_cls: 0.0634, loss_rpn_bbox: 0.0758, loss_cls: 0.3312, acc: 90.6191, loss_bbox: 0.2957, loss_mask: 0.3277, loss: 1.0938
2021-01-13 17:36:06,658 - mmdet - INFO - Epoch [1][8600/14659]	lr: 2.000e-02, eta: 2 days, 18:39:03, time: 0.691, data_time: 0.154, memory: 6871, loss_rpn_cls: 0.0527, loss_rpn_bbox: 0.0613, loss_cls: 0.3246, acc: 90.9917, loss_bbox: 0.2785, loss_mask: 0.3173, loss: 1.0343
2021-01-13 17:36:40,973 - mmdet - INFO - Epoch [1][8650/14659]	lr: 2.000e-02, eta: 2 days, 18:38:03, time: 0.686, data_time: 0.163, memory: 6871, loss_rpn_cls: 0.0545, loss_rpn_bbox: 0.0637, loss_cls: 0.3120, acc: 91.1055, loss_bbox: 0.2851, loss_mask: 0.3121, loss: 1.0274
2021-01-13 17:37:15,552 - mmdet - INFO - Epoch [1][8700/14659]	lr: 2.000e-02, eta: 2 days, 18:37:13, time: 0.692, data_time: 0.137, memory: 6871, loss_rpn_cls: 0.0514, loss_rpn_bbox: 0.0614, loss_cls: 0.2979, acc: 91.2852, loss_bbox: 0.2709, loss_mask: 0.3038, loss: 0.9854
2021-01-13 17:37:51,532 - mmdet - INFO - Epoch [1][8750/14659]	lr: 2.000e-02, eta: 2 days, 18:37:18, time: 0.720, data_time: 0.171, memory: 6871, loss_rpn_cls: 0.0620, loss_rpn_bbox: 0.0704, loss_cls: 0.3282, acc: 90.6694, loss_bbox: 0.2921, loss_mask: 0.3162, loss: 1.0689
2021-01-13 17:38:25,903 - mmdet - INFO - Epoch [1][8800/14659]	lr: 2.000e-02, eta: 2 days, 18:36:21, time: 0.687, data_time: 0.153, memory: 6871, loss_rpn_cls: 0.0515, loss_rpn_bbox: 0.0629, loss_cls: 0.3091, acc: 91.2207, loss_bbox: 0.2722, loss_mask: 0.3227, loss: 1.0184
2021-01-13 17:39:00,900 - mmdet - INFO - Epoch [1][8850/14659]	lr: 2.000e-02, eta: 2 days, 18:35:48, time: 0.700, data_time: 0.162, memory: 6871, loss_rpn_cls: 0.0561, loss_rpn_bbox: 0.0707, loss_cls: 0.3465, acc: 90.0342, loss_bbox: 0.3037, loss_mask: 0.3265, loss: 1.1035
2021-01-13 17:39:35,575 - mmdet - INFO - Epoch [1][8900/14659]	lr: 2.000e-02, eta: 2 days, 18:35:02, time: 0.694, data_time: 0.155, memory: 6871, loss_rpn_cls: 0.0547, loss_rpn_bbox: 0.0650, loss_cls: 0.3271, acc: 90.8706, loss_bbox: 0.2855, loss_mask: 0.3132, loss: 1.0453
2021-01-13 17:40:09,742 - mmdet - INFO - Epoch [1][8950/14659]	lr: 2.000e-02, eta: 2 days, 18:33:57, time: 0.683, data_time: 0.144, memory: 6871, loss_rpn_cls: 0.0483, loss_rpn_bbox: 0.0641, loss_cls: 0.3030, acc: 91.3125, loss_bbox: 0.2699, loss_mask: 0.3025, loss: 0.9877
2021-01-13 17:40:44,099 - mmdet - INFO - Exp name: coco_mask_r101_carafe2.py
2021-01-13 17:40:44,100 - mmdet - INFO - Epoch [1][9000/14659]	lr: 2.000e-02, eta: 2 days, 18:33:00, time: 0.687, data_time: 0.156, memory: 6871, loss_rpn_cls: 0.0581, loss_rpn_bbox: 0.0661, loss_cls: 0.3244, acc: 90.7607, loss_bbox: 0.2894, loss_mask: 0.3170, loss: 1.0551
2021-01-13 17:41:18,685 - mmdet - INFO - Epoch [1][9050/14659]	lr: 2.000e-02, eta: 2 days, 18:32:11, time: 0.692, data_time: 0.148, memory: 6871, loss_rpn_cls: 0.0551, loss_rpn_bbox: 0.0663, loss_cls: 0.3233, acc: 90.5405, loss_bbox: 0.2904, loss_mask: 0.3128, loss: 1.0480
2021-01-13 17:41:53,524 - mmdet - INFO - Epoch [1][9100/14659]	lr: 2.000e-02, eta: 2 days, 18:31:32, time: 0.697, data_time: 0.150, memory: 6871, loss_rpn_cls: 0.0561, loss_rpn_bbox: 0.0602, loss_cls: 0.3286, acc: 91.0298, loss_bbox: 0.2739, loss_mask: 0.2967, loss: 1.0154
2021-01-13 17:42:29,072 - mmdet - INFO - Epoch [1][9150/14659]	lr: 2.000e-02, eta: 2 days, 18:31:20, time: 0.711, data_time: 0.162, memory: 6871, loss_rpn_cls: 0.0603, loss_rpn_bbox: 0.0711, loss_cls: 0.3311, acc: 90.5571, loss_bbox: 0.2982, loss_mask: 0.3188, loss: 1.0795
2021-01-13 17:43:03,720 - mmdet - INFO - Epoch [1][9200/14659]	lr: 2.000e-02, eta: 2 days, 18:30:34, time: 0.693, data_time: 0.149, memory: 6871, loss_rpn_cls: 0.0534, loss_rpn_bbox: 0.0649, loss_cls: 0.2990, acc: 91.4639, loss_bbox: 0.2734, loss_mask: 0.3211, loss: 1.0117
2021-01-13 17:43:38,237 - mmdet - INFO - Epoch [1][9250/14659]	lr: 2.000e-02, eta: 2 days, 18:29:43, time: 0.690, data_time: 0.148, memory: 6871, loss_rpn_cls: 0.0577, loss_rpn_bbox: 0.0644, loss_cls: 0.3231, acc: 91.0337, loss_bbox: 0.2847, loss_mask: 0.3052, loss: 1.0351
2021-01-13 17:44:12,997 - mmdet - INFO - Epoch [1][9300/14659]	lr: 2.000e-02, eta: 2 days, 18:29:02, time: 0.695, data_time: 0.164, memory: 6871, loss_rpn_cls: 0.0528, loss_rpn_bbox: 0.0623, loss_cls: 0.3178, acc: 91.0288, loss_bbox: 0.2865, loss_mask: 0.3052, loss: 1.0246
2021-01-13 17:44:48,974 - mmdet - INFO - Epoch [1][9350/14659]	lr: 2.000e-02, eta: 2 days, 18:29:05, time: 0.719, data_time: 0.184, memory: 6871, loss_rpn_cls: 0.0487, loss_rpn_bbox: 0.0630, loss_cls: 0.3256, acc: 90.6353, loss_bbox: 0.2942, loss_mask: 0.3019, loss: 1.0334
2021-01-13 17:45:24,287 - mmdet - INFO - Epoch [1][9400/14659]	lr: 2.000e-02, eta: 2 days, 18:28:43, time: 0.706, data_time: 0.161, memory: 6871, loss_rpn_cls: 0.0538, loss_rpn_bbox: 0.0690, loss_cls: 0.3576, acc: 89.9766, loss_bbox: 0.3071, loss_mask: 0.3107, loss: 1.0981
2021-01-13 17:45:59,238 - mmdet - INFO - Epoch [1][9450/14659]	lr: 2.000e-02, eta: 2 days, 18:28:08, time: 0.699, data_time: 0.158, memory: 6871, loss_rpn_cls: 0.0524, loss_rpn_bbox: 0.0624, loss_cls: 0.3218, acc: 90.8481, loss_bbox: 0.2977, loss_mask: 0.3146, loss: 1.0488
2021-01-13 17:46:35,173 - mmdet - INFO - Epoch [1][9500/14659]	lr: 2.000e-02, eta: 2 days, 18:28:09, time: 0.719, data_time: 0.166, memory: 6871, loss_rpn_cls: 0.0517, loss_rpn_bbox: 0.0637, loss_cls: 0.3304, acc: 90.6484, loss_bbox: 0.2866, loss_mask: 0.3095, loss: 1.0419
2021-01-13 17:47:11,556 - mmdet - INFO - Epoch [1][9550/14659]	lr: 2.000e-02, eta: 2 days, 18:28:25, time: 0.728, data_time: 0.192, memory: 6871, loss_rpn_cls: 0.0586, loss_rpn_bbox: 0.0593, loss_cls: 0.3192, acc: 91.1328, loss_bbox: 0.2816, loss_mask: 0.3063, loss: 1.0251
2021-01-13 17:47:47,686 - mmdet - INFO - Epoch [1][9600/14659]	lr: 2.000e-02, eta: 2 days, 18:28:32, time: 0.723, data_time: 0.191, memory: 6871, loss_rpn_cls: 0.0530, loss_rpn_bbox: 0.0635, loss_cls: 0.3151, acc: 91.2441, loss_bbox: 0.2655, loss_mask: 0.3169, loss: 1.0140
2021-01-13 17:48:25,034 - mmdet - INFO - Epoch [1][9650/14659]	lr: 2.000e-02, eta: 2 days, 18:29:22, time: 0.747, data_time: 0.197, memory: 6871, loss_rpn_cls: 0.0539, loss_rpn_bbox: 0.0668, loss_cls: 0.3284, acc: 90.6465, loss_bbox: 0.2958, loss_mask: 0.3173, loss: 1.0621
2021-01-13 17:49:02,028 - mmdet - INFO - Epoch [1][9700/14659]	lr: 2.000e-02, eta: 2 days, 18:29:58, time: 0.740, data_time: 0.197, memory: 6871, loss_rpn_cls: 0.0530, loss_rpn_bbox: 0.0651, loss_cls: 0.3122, acc: 91.2202, loss_bbox: 0.2812, loss_mask: 0.3057, loss: 1.0172
2021-01-13 17:49:38,135 - mmdet - INFO - Epoch [1][9750/14659]	lr: 2.000e-02, eta: 2 days, 18:30:02, time: 0.722, data_time: 0.188, memory: 6871, loss_rpn_cls: 0.0569, loss_rpn_bbox: 0.0668, loss_cls: 0.3286, acc: 90.5693, loss_bbox: 0.2872, loss_mask: 0.3111, loss: 1.0506
2021-01-13 17:50:15,276 - mmdet - INFO - Epoch [1][9800/14659]	lr: 2.000e-02, eta: 2 days, 18:30:42, time: 0.743, data_time: 0.200, memory: 6871, loss_rpn_cls: 0.0558, loss_rpn_bbox: 0.0697, loss_cls: 0.3358, acc: 90.6450, loss_bbox: 0.2983, loss_mask: 0.3232, loss: 1.0829
2021-01-13 17:50:52,267 - mmdet - INFO - Epoch [1][9850/14659]	lr: 2.000e-02, eta: 2 days, 18:31:16, time: 0.740, data_time: 0.194, memory: 6871, loss_rpn_cls: 0.0580, loss_rpn_bbox: 0.0656, loss_cls: 0.3038, acc: 91.5835, loss_bbox: 0.2558, loss_mask: 0.3114, loss: 0.9945
2021-01-13 17:51:28,934 - mmdet - INFO - Epoch [1][9900/14659]	lr: 2.000e-02, eta: 2 days, 18:31:38, time: 0.733, data_time: 0.192, memory: 6871, loss_rpn_cls: 0.0561, loss_rpn_bbox: 0.0635, loss_cls: 0.3175, acc: 91.0654, loss_bbox: 0.2824, loss_mask: 0.3202, loss: 1.0398
2021-01-13 17:52:05,302 - mmdet - INFO - Epoch [1][9950/14659]	lr: 2.000e-02, eta: 2 days, 18:31:49, time: 0.727, data_time: 0.189, memory: 6871, loss_rpn_cls: 0.0484, loss_rpn_bbox: 0.0587, loss_cls: 0.2982, acc: 91.2427, loss_bbox: 0.2846, loss_mask: 0.3001, loss: 0.9900
2021-01-13 17:52:40,996 - mmdet - INFO - Exp name: coco_mask_r101_carafe2.py
2021-01-13 17:52:40,997 - mmdet - INFO - Epoch [1][10000/14659]	lr: 2.000e-02, eta: 2 days, 18:31:37, time: 0.714, data_time: 0.150, memory: 6871, loss_rpn_cls: 0.0524, loss_rpn_bbox: 0.0652, loss_cls: 0.3088, acc: 91.3218, loss_bbox: 0.2784, loss_mask: 0.3058, loss: 1.0106
2021-01-13 17:53:16,735 - mmdet - INFO - Epoch [1][10050/14659]	lr: 2.000e-02, eta: 2 days, 18:31:26, time: 0.715, data_time: 0.167, memory: 6871, loss_rpn_cls: 0.0552, loss_rpn_bbox: 0.0666, loss_cls: 0.3196, acc: 90.8936, loss_bbox: 0.2876, loss_mask: 0.3066, loss: 1.0355
2021-01-13 17:53:53,419 - mmdet - INFO - Epoch [1][10100/14659]	lr: 2.000e-02, eta: 2 days, 18:31:47, time: 0.734, data_time: 0.170, memory: 6871, loss_rpn_cls: 0.0541, loss_rpn_bbox: 0.0714, loss_cls: 0.3245, acc: 90.4971, loss_bbox: 0.2924, loss_mask: 0.3053, loss: 1.0476
2021-01-13 17:54:29,751 - mmdet - INFO - Epoch [1][10150/14659]	lr: 2.000e-02, eta: 2 days, 18:31:55, time: 0.727, data_time: 0.187, memory: 6871, loss_rpn_cls: 0.0559, loss_rpn_bbox: 0.0625, loss_cls: 0.3274, acc: 90.7666, loss_bbox: 0.2820, loss_mask: 0.3039, loss: 1.0317
2021-01-13 17:55:04,423 - mmdet - INFO - Epoch [1][10200/14659]	lr: 2.000e-02, eta: 2 days, 18:31:07, time: 0.693, data_time: 0.153, memory: 6871, loss_rpn_cls: 0.0484, loss_rpn_bbox: 0.0587, loss_cls: 0.3027, acc: 91.2017, loss_bbox: 0.2823, loss_mask: 0.3121, loss: 1.0043
2021-01-13 17:55:39,179 - mmdet - INFO - Epoch [1][10250/14659]	lr: 2.000e-02, eta: 2 days, 18:30:22, time: 0.695, data_time: 0.162, memory: 6871, loss_rpn_cls: 0.0569, loss_rpn_bbox: 0.0660, loss_cls: 0.3080, acc: 90.9810, loss_bbox: 0.2837, loss_mask: 0.3046, loss: 1.0191
2021-01-13 17:56:14,668 - mmdet - INFO - Epoch [1][10300/14659]	lr: 2.000e-02, eta: 2 days, 18:30:02, time: 0.710, data_time: 0.151, memory: 6871, loss_rpn_cls: 0.0522, loss_rpn_bbox: 0.0635, loss_cls: 0.3271, acc: 90.6558, loss_bbox: 0.2873, loss_mask: 0.3061, loss: 1.0362
2021-01-13 17:56:49,438 - mmdet - INFO - Epoch [1][10350/14659]	lr: 2.000e-02, eta: 2 days, 18:29:17, time: 0.695, data_time: 0.153, memory: 6871, loss_rpn_cls: 0.0579, loss_rpn_bbox: 0.0641, loss_cls: 0.3251, acc: 90.8916, loss_bbox: 0.2835, loss_mask: 0.3129, loss: 1.0435
2021-01-13 17:57:24,600 - mmdet - INFO - Epoch [1][10400/14659]	lr: 2.000e-02, eta: 2 days, 18:28:46, time: 0.703, data_time: 0.160, memory: 6871, loss_rpn_cls: 0.0578, loss_rpn_bbox: 0.0675, loss_cls: 0.2924, acc: 91.5771, loss_bbox: 0.2657, loss_mask: 0.3021, loss: 0.9856
2021-01-13 17:58:01,552 - mmdet - INFO - Epoch [1][10450/14659]	lr: 2.000e-02, eta: 2 days, 18:29:13, time: 0.739, data_time: 0.176, memory: 6871, loss_rpn_cls: 0.0575, loss_rpn_bbox: 0.0639, loss_cls: 0.3480, acc: 90.1694, loss_bbox: 0.2980, loss_mask: 0.3081, loss: 1.0755
2021-01-13 17:58:37,341 - mmdet - INFO - Epoch [1][10500/14659]	lr: 2.000e-02, eta: 2 days, 18:29:02, time: 0.716, data_time: 0.165, memory: 6871, loss_rpn_cls: 0.0465, loss_rpn_bbox: 0.0608, loss_cls: 0.3164, acc: 90.7354, loss_bbox: 0.2903, loss_mask: 0.3020, loss: 1.0160
2021-01-13 17:59:14,001 - mmdet - INFO - Epoch [1][10550/14659]	lr: 2.000e-02, eta: 2 days, 18:29:19, time: 0.733, data_time: 0.181, memory: 6871, loss_rpn_cls: 0.0486, loss_rpn_bbox: 0.0648, loss_cls: 0.3063, acc: 91.0469, loss_bbox: 0.2810, loss_mask: 0.3070, loss: 1.0076
2021-01-13 17:59:51,406 - mmdet - INFO - Epoch [1][10600/14659]	lr: 2.000e-02, eta: 2 days, 18:29:59, time: 0.748, data_time: 0.204, memory: 6871, loss_rpn_cls: 0.0523, loss_rpn_bbox: 0.0704, loss_cls: 0.3438, acc: 90.4297, loss_bbox: 0.3039, loss_mask: 0.3146, loss: 1.0850
2021-01-13 18:00:26,270 - mmdet - INFO - Epoch [1][10650/14659]	lr: 2.000e-02, eta: 2 days, 18:29:17, time: 0.697, data_time: 0.143, memory: 6871, loss_rpn_cls: 0.0611, loss_rpn_bbox: 0.0605, loss_cls: 0.3199, acc: 91.0303, loss_bbox: 0.2815, loss_mask: 0.3113, loss: 1.0343
2021-01-13 18:01:00,323 - mmdet - INFO - Epoch [1][10700/14659]	lr: 2.000e-02, eta: 2 days, 18:28:09, time: 0.681, data_time: 0.154, memory: 6871, loss_rpn_cls: 0.0501, loss_rpn_bbox: 0.0590, loss_cls: 0.3076, acc: 91.2954, loss_bbox: 0.2741, loss_mask: 0.3019, loss: 0.9928
2021-01-13 18:01:35,140 - mmdet - INFO - Epoch [1][10750/14659]	lr: 2.000e-02, eta: 2 days, 18:27:26, time: 0.696, data_time: 0.152, memory: 6871, loss_rpn_cls: 0.0536, loss_rpn_bbox: 0.0635, loss_cls: 0.3023, acc: 91.3696, loss_bbox: 0.2758, loss_mask: 0.3014, loss: 0.9965
2021-01-13 18:02:11,319 - mmdet - INFO - Epoch [1][10800/14659]	lr: 2.000e-02, eta: 2 days, 18:27:25, time: 0.724, data_time: 0.158, memory: 6871, loss_rpn_cls: 0.0588, loss_rpn_bbox: 0.0689, loss_cls: 0.3416, acc: 90.6777, loss_bbox: 0.2902, loss_mask: 0.3088, loss: 1.0684
2021-01-13 18:02:46,523 - mmdet - INFO - Epoch [1][10850/14659]	lr: 2.000e-02, eta: 2 days, 18:26:54, time: 0.704, data_time: 0.159, memory: 6871, loss_rpn_cls: 0.0529, loss_rpn_bbox: 0.0639, loss_cls: 0.3160, acc: 90.8706, loss_bbox: 0.2885, loss_mask: 0.3119, loss: 1.0331
2021-01-13 18:03:22,132 - mmdet - INFO - Epoch [1][10900/14659]	lr: 2.000e-02, eta: 2 days, 18:26:36, time: 0.712, data_time: 0.148, memory: 6871, loss_rpn_cls: 0.0555, loss_rpn_bbox: 0.0694, loss_cls: 0.3015, acc: 91.2065, loss_bbox: 0.2746, loss_mask: 0.3102, loss: 1.0111
2021-01-13 18:03:56,605 - mmdet - INFO - Epoch [1][10950/14659]	lr: 2.000e-02, eta: 2 days, 18:25:42, time: 0.689, data_time: 0.155, memory: 6871, loss_rpn_cls: 0.0493, loss_rpn_bbox: 0.0610, loss_cls: 0.2998, acc: 91.4014, loss_bbox: 0.2731, loss_mask: 0.2970, loss: 0.9801
2021-01-13 18:04:31,988 - mmdet - INFO - Exp name: coco_mask_r101_carafe2.py
2021-01-13 18:04:31,988 - mmdet - INFO - Epoch [1][11000/14659]	lr: 2.000e-02, eta: 2 days, 18:25:16, time: 0.708, data_time: 0.146, memory: 6871, loss_rpn_cls: 0.0576, loss_rpn_bbox: 0.0649, loss_cls: 0.3039, acc: 91.4175, loss_bbox: 0.2720, loss_mask: 0.2960, loss: 0.9944
2021-01-13 18:05:06,560 - mmdet - INFO - Epoch [1][11050/14659]	lr: 2.000e-02, eta: 2 days, 18:24:25, time: 0.691, data_time: 0.148, memory: 6871, loss_rpn_cls: 0.0467, loss_rpn_bbox: 0.0675, loss_cls: 0.3130, acc: 90.8457, loss_bbox: 0.2903, loss_mask: 0.3139, loss: 1.0313
2021-01-13 18:05:42,533 - mmdet - INFO - Epoch [1][11100/14659]	lr: 2.000e-02, eta: 2 days, 18:24:17, time: 0.719, data_time: 0.171, memory: 6871, loss_rpn_cls: 0.0574, loss_rpn_bbox: 0.0650, loss_cls: 0.3217, acc: 90.4946, loss_bbox: 0.3005, loss_mask: 0.3092, loss: 1.0538
2021-01-13 18:06:17,733 - mmdet - INFO - Epoch [1][11150/14659]	lr: 2.000e-02, eta: 2 days, 18:23:46, time: 0.704, data_time: 0.153, memory: 6871, loss_rpn_cls: 0.0569, loss_rpn_bbox: 0.0625, loss_cls: 0.3091, acc: 90.9961, loss_bbox: 0.2811, loss_mask: 0.3099, loss: 1.0195
2021-01-13 18:06:53,302 - mmdet - INFO - Epoch [1][11200/14659]	lr: 2.000e-02, eta: 2 days, 18:23:26, time: 0.712, data_time: 0.167, memory: 6871, loss_rpn_cls: 0.0603, loss_rpn_bbox: 0.0692, loss_cls: 0.3297, acc: 90.3950, loss_bbox: 0.3099, loss_mask: 0.3160, loss: 1.0851
2021-01-13 18:07:28,020 - mmdet - INFO - Epoch [1][11250/14659]	lr: 2.000e-02, eta: 2 days, 18:22:39, time: 0.694, data_time: 0.148, memory: 6871, loss_rpn_cls: 0.0462, loss_rpn_bbox: 0.0697, loss_cls: 0.2879, acc: 91.5342, loss_bbox: 0.2728, loss_mask: 0.3189, loss: 0.9956
2021-01-13 18:08:02,700 - mmdet - INFO - Epoch [1][11300/14659]	lr: 2.000e-02, eta: 2 days, 18:21:52, time: 0.694, data_time: 0.150, memory: 6871, loss_rpn_cls: 0.0485, loss_rpn_bbox: 0.0631, loss_cls: 0.2962, acc: 91.1279, loss_bbox: 0.2808, loss_mask: 0.2968, loss: 0.9854
2021-01-13 18:08:36,989 - mmdet - INFO - Epoch [1][11350/14659]	lr: 2.000e-02, eta: 2 days, 18:20:53, time: 0.686, data_time: 0.151, memory: 6871, loss_rpn_cls: 0.0521, loss_rpn_bbox: 0.0654, loss_cls: 0.3134, acc: 91.2119, loss_bbox: 0.2752, loss_mask: 0.3100, loss: 1.0161
2021-01-13 18:09:12,338 - mmdet - INFO - Epoch [1][11400/14659]	lr: 2.000e-02, eta: 2 days, 18:20:26, time: 0.707, data_time: 0.154, memory: 6871, loss_rpn_cls: 0.0650, loss_rpn_bbox: 0.0727, loss_cls: 0.3318, acc: 90.5229, loss_bbox: 0.2931, loss_mask: 0.3116, loss: 1.0742
2021-01-13 18:09:47,114 - mmdet - INFO - Epoch [1][11450/14659]	lr: 2.000e-02, eta: 2 days, 18:19:42, time: 0.696, data_time: 0.157, memory: 6871, loss_rpn_cls: 0.0510, loss_rpn_bbox: 0.0649, loss_cls: 0.3214, acc: 90.7788, loss_bbox: 0.2964, loss_mask: 0.3136, loss: 1.0473
2021-01-13 18:10:22,921 - mmdet - INFO - Epoch [1][11500/14659]	lr: 2.000e-02, eta: 2 days, 18:19:29, time: 0.716, data_time: 0.163, memory: 6871, loss_rpn_cls: 0.0606, loss_rpn_bbox: 0.0643, loss_cls: 0.3118, acc: 90.9712, loss_bbox: 0.2887, loss_mask: 0.3157, loss: 1.0410
2021-01-13 18:10:57,673 - mmdet - INFO - Epoch [1][11550/14659]	lr: 2.000e-02, eta: 2 days, 18:18:44, time: 0.695, data_time: 0.159, memory: 6871, loss_rpn_cls: 0.0510, loss_rpn_bbox: 0.0596, loss_cls: 0.3000, acc: 91.2974, loss_bbox: 0.2734, loss_mask: 0.2987, loss: 0.9826
2021-01-13 18:11:33,470 - mmdet - INFO - Epoch [1][11600/14659]	lr: 2.000e-02, eta: 2 days, 18:18:30, time: 0.716, data_time: 0.167, memory: 6871, loss_rpn_cls: 0.0553, loss_rpn_bbox: 0.0588, loss_cls: 0.3145, acc: 90.8252, loss_bbox: 0.2903, loss_mask: 0.3017, loss: 1.0206
2021-01-13 18:12:08,820 - mmdet - INFO - Epoch [1][11650/14659]	lr: 2.000e-02, eta: 2 days, 18:18:03, time: 0.707, data_time: 0.160, memory: 6871, loss_rpn_cls: 0.0519, loss_rpn_bbox: 0.0674, loss_cls: 0.3102, acc: 90.9097, loss_bbox: 0.2805, loss_mask: 0.2978, loss: 1.0078
2021-01-13 18:12:44,329 - mmdet - INFO - Epoch [1][11700/14659]	lr: 2.000e-02, eta: 2 days, 18:17:40, time: 0.710, data_time: 0.154, memory: 6871, loss_rpn_cls: 0.0497, loss_rpn_bbox: 0.0664, loss_cls: 0.3128, acc: 91.0776, loss_bbox: 0.2810, loss_mask: 0.3155, loss: 1.0254
2021-01-13 18:13:19,660 - mmdet - INFO - Epoch [1][11750/14659]	lr: 2.000e-02, eta: 2 days, 18:17:12, time: 0.707, data_time: 0.162, memory: 6871, loss_rpn_cls: 0.0524, loss_rpn_bbox: 0.0643, loss_cls: 0.3139, acc: 90.9702, loss_bbox: 0.2827, loss_mask: 0.3019, loss: 1.0150
2021-01-13 18:13:55,007 - mmdet - INFO - Epoch [1][11800/14659]	lr: 2.000e-02, eta: 2 days, 18:16:44, time: 0.707, data_time: 0.151, memory: 6871, loss_rpn_cls: 0.0555, loss_rpn_bbox: 0.0660, loss_cls: 0.3162, acc: 90.6475, loss_bbox: 0.2920, loss_mask: 0.2957, loss: 1.0254
2021-01-13 18:14:30,964 - mmdet - INFO - Epoch [1][11850/14659]	lr: 2.000e-02, eta: 2 days, 18:16:34, time: 0.719, data_time: 0.160, memory: 6871, loss_rpn_cls: 0.0543, loss_rpn_bbox: 0.0635, loss_cls: 0.3048, acc: 91.0376, loss_bbox: 0.2826, loss_mask: 0.3016, loss: 1.0068
2021-01-13 18:15:06,931 - mmdet - INFO - Epoch [1][11900/14659]	lr: 2.000e-02, eta: 2 days, 18:16:24, time: 0.719, data_time: 0.168, memory: 6871, loss_rpn_cls: 0.0553, loss_rpn_bbox: 0.0626, loss_cls: 0.3172, acc: 90.9307, loss_bbox: 0.2856, loss_mask: 0.2992, loss: 1.0199
