2021-12-05 11:13:26,725 - mmdet - INFO - Environment info:
------------------------------------------------------------
sys.platform: linux
Python: 3.7.9 (default, Aug 31 2020, 12:42:55) [GCC 7.3.0]
CUDA available: True
GPU 0,1,2,3: GeForce RTX 2080 Ti
CUDA_HOME: /usr/local/cuda
NVCC: Cuda compilation tools, release 10.0, V10.0.130
GCC: gcc (Ubuntu 5.4.0-6ubuntu1~16.04.11) 5.4.0 20160609
PyTorch: 1.6.0
PyTorch compiling details: PyTorch built with:
  - GCC 7.3
  - C++ Version: 201402
  - Intel(R) Math Kernel Library Version 2020.0.2 Product Build 20200624 for Intel(R) 64 architecture applications
  - Intel(R) MKL-DNN v1.5.0 (Git Hash e2ac1fac44c5078ca927cb9b90e1b3066a0b2ed0)
  - OpenMP 201511 (a.k.a. OpenMP 4.5)
  - NNPACK is enabled
  - CPU capability usage: AVX2
  - CUDA Runtime 10.2
  - NVCC architecture flags: -gencode;arch=compute_37,code=sm_37;-gencode;arch=compute_50,code=sm_50;-gencode;arch=compute_60,code=sm_60;-gencode;arch=compute_61,code=sm_61;-gencode;arch=compute_70,code=sm_70;-gencode;arch=compute_75,code=sm_75;-gencode;arch=compute_37,code=compute_37
  - CuDNN 7.6.5
  - Magma 2.5.2
  - Build settings: BLAS=MKL, BUILD_TYPE=Release, CXX_FLAGS= -Wno-deprecated -fvisibility-inlines-hidden -DUSE_PTHREADPOOL -fopenmp -DNDEBUG -DUSE_FBGEMM -DUSE_QNNPACK -DUSE_PYTORCH_QNNPACK -DUSE_XNNPACK -DUSE_VULKAN_WRAPPER -O2 -fPIC -Wno-narrowing -Wall -Wextra -Werror=return-type -Wno-missing-field-initializers -Wno-type-limits -Wno-array-bounds -Wno-unknown-pragmas -Wno-sign-compare -Wno-unused-parameter -Wno-unused-variable -Wno-unused-function -Wno-unused-result -Wno-unused-local-typedefs -Wno-strict-overflow -Wno-strict-aliasing -Wno-error=deprecated-declarations -Wno-stringop-overflow -Wno-error=pedantic -Wno-error=redundant-decls -Wno-error=old-style-cast -fdiagnostics-color=always -faligned-new -Wno-unused-but-set-variable -Wno-maybe-uninitialized -fno-math-errno -fno-trapping-math -Werror=format -Wno-stringop-overflow, PERF_WITH_AVX=1, PERF_WITH_AVX2=1, PERF_WITH_AVX512=1, USE_CUDA=ON, USE_EXCEPTION_PTR=1, USE_GFLAGS=OFF, USE_GLOG=OFF, USE_MKL=ON, USE_MKLDNN=ON, USE_MPI=OFF, USE_NCCL=ON, USE_NNPACK=ON, USE_OPENMP=ON, USE_STATIC_DISPATCH=OFF, 

TorchVision: 0.7.0
OpenCV: 3.4.2
MMCV: 1.3.3
MMCV Compiler: GCC 7.3
MMCV CUDA Compiler: 10.2
MMDetection: 2.12.0+
------------------------------------------------------------

2021-12-05 11:13:27,263 - mmdet - INFO - Distributed training: True
2021-12-05 11:13:27,775 - mmdet - INFO - Config:
model = dict(
    type='FasterRCNN',
    pretrained=None,
    backbone=dict(
        type='ResNet',
        depth=50,
        num_stages=4,
        out_indices=(0, 1, 2, 3),
        frozen_stages=1,
        norm_cfg=dict(type='BN', requires_grad=True),
        norm_eval=True,
        style='pytorch'),
    neck=dict(
        type='FPN',
        in_channels=[256, 512, 1024, 2048],
        out_channels=256,
        num_outs=5),
    rpn_head=dict(
        type='RPNHead',
        in_channels=256,
        feat_channels=256,
        anchor_generator=dict(
            type='AnchorGenerator',
            scales=[8],
            ratios=[0.5, 1.0, 2.0],
            strides=[4, 8, 16, 32, 64]),
        bbox_coder=dict(
            type='DeltaXYWHBBoxCoder',
            target_means=[0.0, 0.0, 0.0, 0.0],
            target_stds=[1.0, 1.0, 1.0, 1.0]),
        loss_cls=dict(
            type='CrossEntropyLoss', use_sigmoid=True, loss_weight=1.0),
        loss_bbox=dict(type='L1Loss', loss_weight=1.0)),
    roi_head=dict(
        type='StandardRoIHead',
        bbox_roi_extractor=dict(
            type='SingleRoIExtractor',
            roi_layer=dict(type='RoIAlign', output_size=7, sampling_ratio=0),
            out_channels=256,
            featmap_strides=[4, 8, 16, 32]),
        bbox_head=dict(
            type='Shared2FCBBoxHead',
            in_channels=256,
            fc_out_channels=1024,
            roi_feat_size=7,
            num_classes=10,
            bbox_coder=dict(
                type='DeltaXYWHBBoxCoder',
                target_means=[0.0, 0.0, 0.0, 0.0],
                target_stds=[0.1, 0.1, 0.2, 0.2]),
            reg_class_agnostic=False,
            loss_cls=dict(
                type='CrossEntropyLoss', use_sigmoid=False, loss_weight=1.0),
            loss_bbox=dict(type='L1Loss', loss_weight=1.0))))
train_cfg = dict(
    rpn=dict(
        assigner=dict(
            type='MaxIoUAssigner',
            pos_iou_thr=0.7,
            neg_iou_thr=0.3,
            min_pos_iou=0.3,
            match_low_quality=True,
            ignore_iof_thr=-1),
        sampler=dict(
            type='RandomSampler',
            num=256,
            pos_fraction=0.5,
            neg_pos_ub=-1,
            add_gt_as_proposals=False),
        allowed_border=-1,
        pos_weight=-1,
        debug=False),
    rpn_proposal=dict(
        nms_across_levels=False,
        nms_pre=2000,
        nms_post=1000,
        max_num=1000,
        nms_thr=0.7,
        min_bbox_size=0),
    rcnn=dict(
        assigner=dict(
            type='MaxIoUAssigner',
            pos_iou_thr=0.5,
            neg_iou_thr=0.5,
            min_pos_iou=0.5,
            match_low_quality=False,
            ignore_iof_thr=-1),
        sampler=dict(
            type='RandomSampler',
            num=512,
            pos_fraction=0.25,
            neg_pos_ub=-1,
            add_gt_as_proposals=True),
        pos_weight=-1,
        debug=False))
test_cfg = dict(
    rpn=dict(
        nms_across_levels=False,
        nms_pre=1000,
        nms_post=1000,
        max_num=1000,
        nms_thr=0.7,
        min_bbox_size=0),
    rcnn=dict(
        score_thr=0.05,
        nms=dict(type='nms', iou_threshold=0.5),
        max_per_img=100))
dataset_type = 'CocoDataset'
data_root = 'data/coco/'
annotations_root = '../data/TCT_30000/'
image_root = '../data/TCT_30000/'
classes = ('normal', 'ascus', 'asch', 'lsil', 'hsil_scc_omn',
           'agc_adenocarcinoma_em', 'vaginalis', 'monilia',
           'dysbacteriosis_herpes_act', 'ec')
img_norm_cfg = dict(
    mean=[123.675, 116.28, 103.53], std=[58.395, 57.12, 57.375], to_rgb=True)
train_pipeline = [
    dict(type='LoadImageFromFile'),
    dict(type='LoadAnnotations', with_bbox=True),
    dict(type='Resize', img_scale=(1333, 800), keep_ratio=True),
    dict(type='RandomFlip', flip_ratio=0.5),
    dict(
        type='Normalize',
        mean=[123.675, 116.28, 103.53],
        std=[58.395, 57.12, 57.375],
        to_rgb=True),
    dict(type='Pad', size_divisor=32),
    dict(type='DefaultFormatBundle'),
    dict(type='Collect', keys=['img', 'gt_bboxes', 'gt_labels'])
]
test_pipeline = [
    dict(type='LoadImageFromFile'),
    dict(
        type='MultiScaleFlipAug',
        img_scale=(1333, 800),
        flip=False,
        transforms=[
            dict(type='Resize', keep_ratio=True),
            dict(type='RandomFlip'),
            dict(
                type='Normalize',
                mean=[123.675, 116.28, 103.53],
                std=[58.395, 57.12, 57.375],
                to_rgb=True),
            dict(type='Pad', size_divisor=32),
            dict(type='ImageToTensor', keys=['img']),
            dict(type='Collect', keys=['img'])
        ])
]
data = dict(
    samples_per_gpu=2,
    workers_per_gpu=0,
    train=dict(
        type='CocoDataset',
        classes=('normal', 'ascus', 'asch', 'lsil', 'hsil_scc_omn',
                 'agc_adenocarcinoma_em', 'vaginalis', 'monilia',
                 'dysbacteriosis_herpes_act', 'ec'),
        ann_file='../data/TCT_30000/train30000-cat10.json',
        img_prefix='../data/TCT_30000/',
        pipeline=[
            dict(type='LoadImageFromFile'),
            dict(type='LoadAnnotations', with_bbox=True),
            dict(type='Resize', img_scale=(1333, 800), keep_ratio=True),
            dict(type='RandomFlip', flip_ratio=0.5),
            dict(
                type='Normalize',
                mean=[123.675, 116.28, 103.53],
                std=[58.395, 57.12, 57.375],
                to_rgb=True),
            dict(type='Pad', size_divisor=32),
            dict(type='DefaultFormatBundle'),
            dict(type='Collect', keys=['img', 'gt_bboxes', 'gt_labels'])
        ]),
    val=dict(
        type='CocoDataset',
        classes=('normal', 'ascus', 'asch', 'lsil', 'hsil_scc_omn',
                 'agc_adenocarcinoma_em', 'vaginalis', 'monilia',
                 'dysbacteriosis_herpes_act', 'ec'),
        ann_file='../data/TCT_30000/val10000-cat10.json',
        img_prefix='../data/TCT_30000/',
        pipeline=[
            dict(type='LoadImageFromFile'),
            dict(
                type='MultiScaleFlipAug',
                img_scale=(1333, 800),
                flip=False,
                transforms=[
                    dict(type='Resize', keep_ratio=True),
                    dict(type='RandomFlip'),
                    dict(
                        type='Normalize',
                        mean=[123.675, 116.28, 103.53],
                        std=[58.395, 57.12, 57.375],
                        to_rgb=True),
                    dict(type='Pad', size_divisor=32),
                    dict(type='ImageToTensor', keys=['img']),
                    dict(type='Collect', keys=['img'])
                ])
        ]),
    test=dict(
        type='CocoDataset',
        classes=('normal', 'ascus', 'asch', 'lsil', 'hsil_scc_omn',
                 'agc_adenocarcinoma_em', 'vaginalis', 'monilia',
                 'dysbacteriosis_herpes_act', 'ec'),
        ann_file='../data/TCT_30000/test10000-cat10.json',
        img_prefix='../data/TCT_30000/',
        pipeline=[
            dict(type='LoadImageFromFile'),
            dict(
                type='MultiScaleFlipAug',
                img_scale=(1333, 800),
                flip=False,
                transforms=[
                    dict(type='Resize', keep_ratio=True),
                    dict(type='RandomFlip'),
                    dict(
                        type='Normalize',
                        mean=[123.675, 116.28, 103.53],
                        std=[58.395, 57.12, 57.375],
                        to_rgb=True),
                    dict(type='Pad', size_divisor=32),
                    dict(type='ImageToTensor', keys=['img']),
                    dict(type='Collect', keys=['img'])
                ])
        ]))
evaluation = dict(interval=1, metric='bbox')
optimizer = dict(type='SGD', lr=0.01, momentum=0.9, weight_decay=0.0001)
optimizer_config = dict(grad_clip=None)
lr_config = dict(
    policy='step',
    warmup='linear',
    warmup_iters=500,
    warmup_ratio=0.001,
    step=[8, 11])
runner = dict(type='EpochBasedRunner', max_epochs=12)
checkpoint_config = dict(interval=1)
log_config = dict(interval=50, hooks=[dict(type='TextLoggerHook')])
custom_hooks = [dict(type='NumClassCheckHook')]
dist_params = dict(backend='nccl')
log_level = 'INFO'
load_from = None
resume_from = None
workflow = [('train', 1)]
work_dir = './work_dirs/faster_rcnn_r50_fpn_1x_tct_none'
gpu_ids = range(0, 4)

2021-12-05 11:13:34,853 - mmdet - INFO - Start running, host: root@0981e3d7df7c, work_dir: /root/userfolder/mmdetection/work_dirs/faster_rcnn_r50_fpn_1x_tct_none
2021-12-05 11:13:34,853 - mmdet - INFO - workflow: [('train', 1)], max: 12 epochs
2021-12-05 11:14:08,047 - mmdet - INFO - Epoch [1][50/3750]	lr: 9.890e-04, eta: 8:16:09, time: 0.662, data_time: 0.366, memory: 3717, loss_rpn_cls: 0.6533, loss_rpn_bbox: 0.0439, loss_cls: 0.6679, acc: 89.6616, loss_bbox: 0.0209, loss: 1.3859
2021-12-05 11:14:37,712 - mmdet - INFO - Epoch [1][100/3750]	lr: 1.988e-03, eta: 7:49:48, time: 0.593, data_time: 0.317, memory: 3719, loss_rpn_cls: 0.3206, loss_rpn_bbox: 0.0461, loss_cls: 0.2450, acc: 98.8154, loss_bbox: 0.0195, loss: 0.6312
2021-12-05 11:15:07,426 - mmdet - INFO - Epoch [1][150/3750]	lr: 2.987e-03, eta: 7:40:57, time: 0.594, data_time: 0.305, memory: 3719, loss_rpn_cls: 0.2197, loss_rpn_bbox: 0.0436, loss_cls: 0.4808, acc: 98.9229, loss_bbox: 0.0094, loss: 0.7534
2021-12-05 11:15:37,277 - mmdet - INFO - Epoch [1][200/3750]	lr: 3.986e-03, eta: 7:36:46, time: 0.597, data_time: 0.311, memory: 3719, loss_rpn_cls: 0.2135, loss_rpn_bbox: 0.0420, loss_cls: 0.3636, acc: 98.6919, loss_bbox: 0.0172, loss: 0.6362
2021-12-05 11:16:06,988 - mmdet - INFO - Epoch [1][250/3750]	lr: 4.985e-03, eta: 7:33:38, time: 0.594, data_time: 0.308, memory: 3719, loss_rpn_cls: 0.2107, loss_rpn_bbox: 0.0431, loss_cls: 0.2028, acc: 98.4341, loss_bbox: 0.0282, loss: 0.4848
2021-12-05 11:16:36,568 - mmdet - INFO - Epoch [1][300/3750]	lr: 5.984e-03, eta: 7:31:04, time: 0.592, data_time: 0.310, memory: 3720, loss_rpn_cls: 0.2051, loss_rpn_bbox: 0.0423, loss_cls: 0.1632, acc: 97.7607, loss_bbox: 0.0550, loss: 0.4656
2021-12-05 11:17:06,308 - mmdet - INFO - Epoch [1][350/3750]	lr: 6.983e-03, eta: 7:29:26, time: 0.595, data_time: 0.311, memory: 3720, loss_rpn_cls: 0.1935, loss_rpn_bbox: 0.0398, loss_cls: 0.1419, acc: 97.6147, loss_bbox: 0.0611, loss: 0.4363
2021-12-05 11:17:35,878 - mmdet - INFO - Epoch [1][400/3750]	lr: 7.982e-03, eta: 7:27:45, time: 0.591, data_time: 0.307, memory: 3720, loss_rpn_cls: 0.1846, loss_rpn_bbox: 0.0405, loss_cls: 0.1677, acc: 97.1279, loss_bbox: 0.0806, loss: 0.4733
2021-12-05 11:18:05,669 - mmdet - INFO - Epoch [1][450/3750]	lr: 8.981e-03, eta: 7:26:43, time: 0.596, data_time: 0.309, memory: 3720, loss_rpn_cls: 0.1795, loss_rpn_bbox: 0.0418, loss_cls: 0.1816, acc: 96.7476, loss_bbox: 0.0914, loss: 0.4943
2021-12-05 11:18:36,111 - mmdet - INFO - Epoch [1][500/3750]	lr: 9.980e-03, eta: 7:26:45, time: 0.609, data_time: 0.317, memory: 3720, loss_rpn_cls: 0.1675, loss_rpn_bbox: 0.0439, loss_cls: 0.2262, acc: 95.8867, loss_bbox: 0.1215, loss: 0.5590
2021-12-05 11:19:05,876 - mmdet - INFO - Epoch [1][550/3750]	lr: 1.000e-02, eta: 7:25:46, time: 0.595, data_time: 0.309, memory: 3720, loss_rpn_cls: 0.1584, loss_rpn_bbox: 0.0397, loss_cls: 0.2100, acc: 96.1831, loss_bbox: 0.1121, loss: 0.5201
2021-12-05 11:19:35,631 - mmdet - INFO - Epoch [1][600/3750]	lr: 1.000e-02, eta: 7:24:51, time: 0.595, data_time: 0.309, memory: 3720, loss_rpn_cls: 0.1501, loss_rpn_bbox: 0.0396, loss_cls: 0.2116, acc: 96.2417, loss_bbox: 0.1098, loss: 0.5110
2021-12-05 11:20:05,218 - mmdet - INFO - Epoch [1][650/3750]	lr: 1.000e-02, eta: 7:23:49, time: 0.592, data_time: 0.306, memory: 3720, loss_rpn_cls: 0.1480, loss_rpn_bbox: 0.0400, loss_cls: 0.2273, acc: 95.7979, loss_bbox: 0.1221, loss: 0.5376
2021-12-05 11:20:34,743 - mmdet - INFO - Epoch [1][700/3750]	lr: 1.000e-02, eta: 7:22:47, time: 0.591, data_time: 0.311, memory: 3720, loss_rpn_cls: 0.1432, loss_rpn_bbox: 0.0378, loss_cls: 0.2060, acc: 96.2622, loss_bbox: 0.1057, loss: 0.4928
2021-12-05 11:21:04,645 - mmdet - INFO - Epoch [1][750/3750]	lr: 1.000e-02, eta: 7:22:13, time: 0.598, data_time: 0.311, memory: 3720, loss_rpn_cls: 0.1417, loss_rpn_bbox: 0.0382, loss_cls: 0.2098, acc: 96.2573, loss_bbox: 0.1046, loss: 0.4943
2021-12-05 11:21:34,506 - mmdet - INFO - Epoch [1][800/3750]	lr: 1.000e-02, eta: 7:21:36, time: 0.597, data_time: 0.311, memory: 3720, loss_rpn_cls: 0.1366, loss_rpn_bbox: 0.0367, loss_cls: 0.2209, acc: 95.8203, loss_bbox: 0.1172, loss: 0.5114
2021-12-05 11:22:04,428 - mmdet - INFO - Epoch [1][850/3750]	lr: 1.000e-02, eta: 7:21:03, time: 0.598, data_time: 0.321, memory: 3720, loss_rpn_cls: 0.1317, loss_rpn_bbox: 0.0350, loss_cls: 0.2161, acc: 95.9976, loss_bbox: 0.1127, loss: 0.4954
2021-12-05 11:22:34,031 - mmdet - INFO - Epoch [1][900/3750]	lr: 1.000e-02, eta: 7:20:15, time: 0.592, data_time: 0.311, memory: 3720, loss_rpn_cls: 0.1454, loss_rpn_bbox: 0.0395, loss_cls: 0.2239, acc: 95.8984, loss_bbox: 0.1155, loss: 0.5243
2021-12-05 11:23:03,876 - mmdet - INFO - Epoch [1][950/3750]	lr: 1.000e-02, eta: 7:19:40, time: 0.597, data_time: 0.310, memory: 3720, loss_rpn_cls: 0.1385, loss_rpn_bbox: 0.0385, loss_cls: 0.2246, acc: 95.8857, loss_bbox: 0.1165, loss: 0.5181
2021-12-05 11:23:34,090 - mmdet - INFO - Exp name: faster_rcnn_r50_fpn_1x_tct_none.py
2021-12-05 11:23:34,090 - mmdet - INFO - Epoch [1][1000/3750]	lr: 1.000e-02, eta: 7:19:22, time: 0.604, data_time: 0.320, memory: 3720, loss_rpn_cls: 0.1334, loss_rpn_bbox: 0.0391, loss_cls: 0.2344, acc: 95.5518, loss_bbox: 0.1244, loss: 0.5312
2021-12-05 11:24:04,338 - mmdet - INFO - Epoch [1][1050/3750]	lr: 1.000e-02, eta: 7:19:04, time: 0.605, data_time: 0.319, memory: 3720, loss_rpn_cls: 0.1295, loss_rpn_bbox: 0.0377, loss_cls: 0.2367, acc: 95.4116, loss_bbox: 0.1287, loss: 0.5327
2021-12-05 11:24:34,218 - mmdet - INFO - Epoch [1][1100/3750]	lr: 1.000e-02, eta: 7:18:31, time: 0.598, data_time: 0.315, memory: 3720, loss_rpn_cls: 0.1386, loss_rpn_bbox: 0.0370, loss_cls: 0.2302, acc: 95.6689, loss_bbox: 0.1215, loss: 0.5272
2021-12-05 11:25:04,349 - mmdet - INFO - Epoch [1][1150/3750]	lr: 1.000e-02, eta: 7:18:07, time: 0.603, data_time: 0.324, memory: 3720, loss_rpn_cls: 0.1347, loss_rpn_bbox: 0.0386, loss_cls: 0.2351, acc: 95.5303, loss_bbox: 0.1259, loss: 0.5342
2021-12-05 11:25:34,549 - mmdet - INFO - Epoch [1][1200/3750]	lr: 1.000e-02, eta: 7:17:45, time: 0.604, data_time: 0.320, memory: 3720, loss_rpn_cls: 0.1208, loss_rpn_bbox: 0.0346, loss_cls: 0.2252, acc: 95.7241, loss_bbox: 0.1194, loss: 0.4999
2021-12-05 11:26:04,954 - mmdet - INFO - Epoch [1][1250/3750]	lr: 1.000e-02, eta: 7:17:30, time: 0.608, data_time: 0.326, memory: 3720, loss_rpn_cls: 0.1265, loss_rpn_bbox: 0.0371, loss_cls: 0.2291, acc: 95.5366, loss_bbox: 0.1238, loss: 0.5165
2021-12-05 11:26:35,476 - mmdet - INFO - Epoch [1][1300/3750]	lr: 1.000e-02, eta: 7:17:17, time: 0.610, data_time: 0.327, memory: 3720, loss_rpn_cls: 0.1276, loss_rpn_bbox: 0.0364, loss_cls: 0.2201, acc: 95.7568, loss_bbox: 0.1140, loss: 0.4982
2021-12-05 11:27:05,745 - mmdet - INFO - Epoch [1][1350/3750]	lr: 1.000e-02, eta: 7:16:56, time: 0.605, data_time: 0.325, memory: 3720, loss_rpn_cls: 0.1217, loss_rpn_bbox: 0.0334, loss_cls: 0.2237, acc: 95.6719, loss_bbox: 0.1195, loss: 0.4984
2021-12-05 11:27:35,153 - mmdet - INFO - Epoch [1][1400/3750]	lr: 1.000e-02, eta: 7:16:06, time: 0.588, data_time: 0.307, memory: 3720, loss_rpn_cls: 0.1226, loss_rpn_bbox: 0.0364, loss_cls: 0.2265, acc: 95.6274, loss_bbox: 0.1194, loss: 0.5050
2021-12-05 11:28:05,122 - mmdet - INFO - Epoch [1][1450/3750]	lr: 1.000e-02, eta: 7:15:35, time: 0.599, data_time: 0.318, memory: 3720, loss_rpn_cls: 0.1283, loss_rpn_bbox: 0.0373, loss_cls: 0.2275, acc: 95.5552, loss_bbox: 0.1214, loss: 0.5145
2021-12-05 11:28:34,869 - mmdet - INFO - Epoch [1][1500/3750]	lr: 1.000e-02, eta: 7:14:57, time: 0.595, data_time: 0.315, memory: 3720, loss_rpn_cls: 0.1273, loss_rpn_bbox: 0.0375, loss_cls: 0.2422, acc: 95.1753, loss_bbox: 0.1339, loss: 0.5409
2021-12-05 11:29:04,884 - mmdet - INFO - Epoch [1][1550/3750]	lr: 1.000e-02, eta: 7:14:28, time: 0.600, data_time: 0.313, memory: 3720, loss_rpn_cls: 0.1215, loss_rpn_bbox: 0.0348, loss_cls: 0.2319, acc: 95.4004, loss_bbox: 0.1254, loss: 0.5136
2021-12-05 11:29:34,934 - mmdet - INFO - Epoch [1][1600/3750]	lr: 1.000e-02, eta: 7:13:59, time: 0.601, data_time: 0.313, memory: 3720, loss_rpn_cls: 0.1233, loss_rpn_bbox: 0.0370, loss_cls: 0.2605, acc: 94.7144, loss_bbox: 0.1441, loss: 0.5649
2021-12-05 11:30:05,026 - mmdet - INFO - Epoch [1][1650/3750]	lr: 1.000e-02, eta: 7:13:32, time: 0.602, data_time: 0.312, memory: 3720, loss_rpn_cls: 0.1180, loss_rpn_bbox: 0.0352, loss_cls: 0.2466, acc: 95.0591, loss_bbox: 0.1360, loss: 0.5359
2021-12-05 11:30:35,220 - mmdet - INFO - Epoch [1][1700/3750]	lr: 1.000e-02, eta: 7:13:07, time: 0.604, data_time: 0.313, memory: 3720, loss_rpn_cls: 0.1167, loss_rpn_bbox: 0.0369, loss_cls: 0.2522, acc: 94.9990, loss_bbox: 0.1374, loss: 0.5432
2021-12-05 11:31:05,146 - mmdet - INFO - Epoch [1][1750/3750]	lr: 1.000e-02, eta: 7:12:35, time: 0.599, data_time: 0.315, memory: 3720, loss_rpn_cls: 0.1222, loss_rpn_bbox: 0.0370, loss_cls: 0.2323, acc: 95.4644, loss_bbox: 0.1219, loss: 0.5133
2021-12-05 11:31:35,256 - mmdet - INFO - Epoch [1][1800/3750]	lr: 1.000e-02, eta: 7:12:07, time: 0.602, data_time: 0.318, memory: 3720, loss_rpn_cls: 0.1226, loss_rpn_bbox: 0.0380, loss_cls: 0.2533, acc: 94.9521, loss_bbox: 0.1372, loss: 0.5511
2021-12-05 11:32:05,620 - mmdet - INFO - Epoch [1][1850/3750]	lr: 1.000e-02, eta: 7:11:45, time: 0.607, data_time: 0.316, memory: 3720, loss_rpn_cls: 0.1184, loss_rpn_bbox: 0.0357, loss_cls: 0.2418, acc: 95.2578, loss_bbox: 0.1282, loss: 0.5241
2021-12-05 11:32:35,954 - mmdet - INFO - Epoch [1][1900/3750]	lr: 1.000e-02, eta: 7:11:22, time: 0.607, data_time: 0.320, memory: 3720, loss_rpn_cls: 0.1123, loss_rpn_bbox: 0.0312, loss_cls: 0.2348, acc: 95.3955, loss_bbox: 0.1260, loss: 0.5043
2021-12-05 11:33:05,904 - mmdet - INFO - Epoch [1][1950/3750]	lr: 1.000e-02, eta: 7:10:51, time: 0.599, data_time: 0.318, memory: 3720, loss_rpn_cls: 0.1153, loss_rpn_bbox: 0.0343, loss_cls: 0.2439, acc: 95.1543, loss_bbox: 0.1331, loss: 0.5266
2021-12-05 11:33:36,176 - mmdet - INFO - Exp name: faster_rcnn_r50_fpn_1x_tct_none.py
2021-12-05 11:33:36,176 - mmdet - INFO - Epoch [1][2000/3750]	lr: 1.000e-02, eta: 7:10:26, time: 0.605, data_time: 0.315, memory: 3720, loss_rpn_cls: 0.1238, loss_rpn_bbox: 0.0369, loss_cls: 0.2510, acc: 94.9756, loss_bbox: 0.1375, loss: 0.5492
2021-12-05 11:34:06,166 - mmdet - INFO - Epoch [1][2050/3750]	lr: 1.000e-02, eta: 7:09:55, time: 0.600, data_time: 0.313, memory: 3720, loss_rpn_cls: 0.1158, loss_rpn_bbox: 0.0343, loss_cls: 0.2375, acc: 95.2515, loss_bbox: 0.1279, loss: 0.5156
2021-12-05 11:34:36,331 - mmdet - INFO - Epoch [1][2100/3750]	lr: 1.000e-02, eta: 7:09:28, time: 0.604, data_time: 0.309, memory: 3720, loss_rpn_cls: 0.1185, loss_rpn_bbox: 0.0354, loss_cls: 0.2500, acc: 94.9946, loss_bbox: 0.1344, loss: 0.5384
2021-12-05 11:35:06,679 - mmdet - INFO - Epoch [1][2150/3750]	lr: 1.000e-02, eta: 7:09:04, time: 0.607, data_time: 0.319, memory: 3720, loss_rpn_cls: 0.1183, loss_rpn_bbox: 0.0375, loss_cls: 0.2576, acc: 94.6665, loss_bbox: 0.1438, loss: 0.5571
2021-12-05 11:35:36,784 - mmdet - INFO - Epoch [1][2200/3750]	lr: 1.000e-02, eta: 7:08:35, time: 0.602, data_time: 0.317, memory: 3720, loss_rpn_cls: 0.1123, loss_rpn_bbox: 0.0362, loss_cls: 0.2589, acc: 94.5796, loss_bbox: 0.1452, loss: 0.5526
2021-12-05 11:36:07,315 - mmdet - INFO - Epoch [1][2250/3750]	lr: 1.000e-02, eta: 7:08:14, time: 0.610, data_time: 0.316, memory: 3720, loss_rpn_cls: 0.1136, loss_rpn_bbox: 0.0370, loss_cls: 0.2620, acc: 94.4692, loss_bbox: 0.1472, loss: 0.5598
2021-12-05 11:36:37,880 - mmdet - INFO - Epoch [1][2300/3750]	lr: 1.000e-02, eta: 7:07:54, time: 0.611, data_time: 0.321, memory: 3720, loss_rpn_cls: 0.1151, loss_rpn_bbox: 0.0349, loss_cls: 0.2510, acc: 94.9590, loss_bbox: 0.1357, loss: 0.5367
2021-12-05 11:37:07,968 - mmdet - INFO - Epoch [1][2350/3750]	lr: 1.000e-02, eta: 7:07:24, time: 0.602, data_time: 0.314, memory: 3720, loss_rpn_cls: 0.1211, loss_rpn_bbox: 0.0358, loss_cls: 0.2500, acc: 94.9927, loss_bbox: 0.1332, loss: 0.5402
2021-12-05 11:37:38,075 - mmdet - INFO - Epoch [1][2400/3750]	lr: 1.000e-02, eta: 7:06:55, time: 0.602, data_time: 0.318, memory: 3720, loss_rpn_cls: 0.1149, loss_rpn_bbox: 0.0362, loss_cls: 0.2679, acc: 94.5342, loss_bbox: 0.1489, loss: 0.5680
