2021-05-03 18:21:05,880 - mmdet - INFO - Environment info:
------------------------------------------------------------
sys.platform: linux
Python: 3.6.12 |Anaconda, Inc.| (default, Sep  8 2020, 23:10:56) [GCC 7.3.0]
CUDA available: True
GPU 0,1,2,3,4,5,6,7: GeForce RTX 2080 Ti
CUDA_HOME: /usr/local/cuda
NVCC: Cuda compilation tools, release 10.0, V10.0.130
GCC: gcc (Ubuntu 5.4.0-6ubuntu1~16.04.11) 5.4.0 20160609
PyTorch: 1.4.0
PyTorch compiling details: PyTorch built with:
  - GCC 7.3
  - Intel(R) Math Kernel Library Version 2020.0.2 Product Build 20200624 for Intel(R) 64 architecture applications
  - Intel(R) MKL-DNN v0.21.1 (Git Hash 7d2fd500bc78936d1d648ca713b901012f470dbc)
  - OpenMP 201511 (a.k.a. OpenMP 4.5)
  - NNPACK is enabled
  - CUDA Runtime 10.0
  - NVCC architecture flags: -gencode;arch=compute_37,code=sm_37;-gencode;arch=compute_50,code=sm_50;-gencode;arch=compute_60,code=sm_60;-gencode;arch=compute_61,code=sm_61;-gencode;arch=compute_70,code=sm_70;-gencode;arch=compute_75,code=sm_75;-gencode;arch=compute_37,code=compute_37
  - CuDNN 7.6.3
  - Magma 2.5.1
  - Build settings: BLAS=MKL, BUILD_NAMEDTENSOR=OFF, BUILD_TYPE=Release, CXX_FLAGS= -Wno-deprecated -fvisibility-inlines-hidden -fopenmp -DUSE_FBGEMM -DUSE_QNNPACK -DUSE_PYTORCH_QNNPACK -O2 -fPIC -Wno-narrowing -Wall -Wextra -Wno-missing-field-initializers -Wno-type-limits -Wno-array-bounds -Wno-unknown-pragmas -Wno-sign-compare -Wno-unused-parameter -Wno-unused-variable -Wno-unused-function -Wno-unused-result -Wno-strict-overflow -Wno-strict-aliasing -Wno-error=deprecated-declarations -Wno-stringop-overflow -Wno-error=pedantic -Wno-error=redundant-decls -Wno-error=old-style-cast -fdiagnostics-color=always -faligned-new -Wno-unused-but-set-variable -Wno-maybe-uninitialized -fno-math-errno -fno-trapping-math -Wno-stringop-overflow, DISABLE_NUMA=1, PERF_WITH_AVX=1, PERF_WITH_AVX2=1, PERF_WITH_AVX512=1, USE_CUDA=ON, USE_EXCEPTION_PTR=1, USE_GFLAGS=OFF, USE_GLOG=OFF, USE_MKL=ON, USE_MKLDNN=ON, USE_MPI=OFF, USE_NCCL=ON, USE_NNPACK=ON, USE_OPENMP=ON, USE_STATIC_DISPATCH=OFF, 

TorchVision: 0.5.0
OpenCV: 4.4.0
MMCV: 1.1.5
MMCV Compiler: GCC 7.3
MMCV CUDA Compiler: 10.0
MMDetection: 2.5.0+
------------------------------------------------------------

2021-05-03 18:21:06,315 - mmdet - INFO - Distributed training: True
2021-05-03 18:21:06,701 - mmdet - INFO - Config:
model = dict(
    type='FasterRCNN',
    pretrained='torchvision://resnet50',
    backbone=dict(
        type='ResNet_carafed',
        depth=50,
        num_stages=4,
        out_indices=(0, 1, 2, 3),
        frozen_stages=1,
        norm_cfg=dict(type='BN', requires_grad=True),
        norm_eval=True,
        style='pytorch'),
    neck=dict(
        type='FPN',
        in_channels=[256, 512, 1024, 2048],
        out_channels=256,
        num_outs=5),
    rpn_head=dict(
        type='RPNHead',
        in_channels=256,
        feat_channels=256,
        anchor_generator=dict(
            type='AnchorGenerator',
            scales=[8],
            ratios=[0.5, 1.0, 2.0],
            strides=[4, 8, 16, 32, 64]),
        bbox_coder=dict(
            type='DeltaXYWHBBoxCoder',
            target_means=[0.0, 0.0, 0.0, 0.0],
            target_stds=[1.0, 1.0, 1.0, 1.0]),
        loss_cls=dict(
            type='CrossEntropyLoss', use_sigmoid=True, loss_weight=1.0),
        loss_bbox=dict(type='L1Loss', loss_weight=1.0)),
    roi_head=dict(
        type='StandardRoIHead',
        bbox_roi_extractor=dict(
            type='SingleRoIExtractor',
            roi_layer=dict(type='RoIAlign', output_size=7, sampling_ratio=0),
            out_channels=256,
            featmap_strides=[4, 8, 16, 32]),
        bbox_head=dict(
            type='Shared2FCBBoxHead',
            in_channels=256,
            fc_out_channels=1024,
            roi_feat_size=7,
            num_classes=80,
            bbox_coder=dict(
                type='DeltaXYWHBBoxCoder',
                target_means=[0.0, 0.0, 0.0, 0.0],
                target_stds=[0.1, 0.1, 0.2, 0.2]),
            reg_class_agnostic=False,
            loss_cls=dict(
                type='CrossEntropyLoss', use_sigmoid=False, loss_weight=1.0),
            loss_bbox=dict(type='L1Loss', loss_weight=1.0))))
train_cfg = dict(
    rpn=dict(
        assigner=dict(
            type='MaxIoUAssigner',
            pos_iou_thr=0.7,
            neg_iou_thr=0.3,
            min_pos_iou=0.3,
            match_low_quality=True,
            ignore_iof_thr=-1),
        sampler=dict(
            type='RandomSampler',
            num=256,
            pos_fraction=0.5,
            neg_pos_ub=-1,
            add_gt_as_proposals=False),
        allowed_border=-1,
        pos_weight=-1,
        debug=False),
    rpn_proposal=dict(
        nms_across_levels=False,
        nms_pre=2000,
        nms_post=1000,
        max_num=1000,
        nms_thr=0.7,
        min_bbox_size=0),
    rcnn=dict(
        assigner=dict(
            type='MaxIoUAssigner',
            pos_iou_thr=0.5,
            neg_iou_thr=0.5,
            min_pos_iou=0.5,
            match_low_quality=False,
            ignore_iof_thr=-1),
        sampler=dict(
            type='RandomSampler',
            num=512,
            pos_fraction=0.25,
            neg_pos_ub=-1,
            add_gt_as_proposals=True),
        pos_weight=-1,
        debug=False))
test_cfg = dict(
    rpn=dict(
        nms_across_levels=False,
        nms_pre=1000,
        nms_post=1000,
        max_num=1000,
        nms_thr=0.7,
        min_bbox_size=0),
    rcnn=dict(
        score_thr=0.05,
        nms=dict(type='nms', iou_threshold=0.5),
        max_per_img=100))
dataset_type = 'CocoDataset'
data_root = '../data/coco/'
annotations_root = '../data/coco/annotations/'
image_root = '../data/coco/'
img_scale = (1333, 800)
img_norm_cfg = dict(
    mean=[123.675, 116.28, 103.53], std=[58.395, 57.12, 57.375], to_rgb=True)
train_pipeline = [
    dict(type='LoadImageFromFile'),
    dict(type='LoadAnnotations', with_bbox=True),
    dict(type='Resize', img_scale=(1333, 800), keep_ratio=True),
    dict(type='RandomFlip', flip_ratio=0.5),
    dict(
        type='Normalize',
        mean=[123.675, 116.28, 103.53],
        std=[58.395, 57.12, 57.375],
        to_rgb=True),
    dict(type='Pad', size_divisor=32),
    dict(type='DefaultFormatBundle'),
    dict(type='Collect', keys=['img', 'gt_bboxes', 'gt_labels'])
]
test_pipeline = [
    dict(type='LoadImageFromFile'),
    dict(
        type='MultiScaleFlipAug',
        img_scale=(1333, 800),
        flip=False,
        transforms=[
            dict(type='Resize', keep_ratio=True),
            dict(type='RandomFlip'),
            dict(
                type='Normalize',
                mean=[123.675, 116.28, 103.53],
                std=[58.395, 57.12, 57.375],
                to_rgb=True),
            dict(type='Pad', size_divisor=32),
            dict(type='ImageToTensor', keys=['img']),
            dict(type='Collect', keys=['img'])
        ])
]
data = dict(
    samples_per_gpu=2,
    workers_per_gpu=0,
    train=dict(
        type='CocoDataset',
        ann_file='../data/coco/annotations/instances_train2017.json',
        img_prefix='../data/coco/train2017',
        pipeline=[
            dict(type='LoadImageFromFile'),
            dict(type='LoadAnnotations', with_bbox=True),
            dict(type='Resize', img_scale=(1333, 800), keep_ratio=True),
            dict(type='RandomFlip', flip_ratio=0.5),
            dict(
                type='Normalize',
                mean=[123.675, 116.28, 103.53],
                std=[58.395, 57.12, 57.375],
                to_rgb=True),
            dict(type='Pad', size_divisor=32),
            dict(type='DefaultFormatBundle'),
            dict(type='Collect', keys=['img', 'gt_bboxes', 'gt_labels'])
        ]),
    val=dict(
        type='CocoDataset',
        ann_file='../data/coco/annotations/instances_val2017.json',
        img_prefix='../data/coco/val2017',
        pipeline=[
            dict(type='LoadImageFromFile'),
            dict(
                type='MultiScaleFlipAug',
                img_scale=(1333, 800),
                flip=False,
                transforms=[
                    dict(type='Resize', keep_ratio=True),
                    dict(type='RandomFlip'),
                    dict(
                        type='Normalize',
                        mean=[123.675, 116.28, 103.53],
                        std=[58.395, 57.12, 57.375],
                        to_rgb=True),
                    dict(type='Pad', size_divisor=32),
                    dict(type='ImageToTensor', keys=['img']),
                    dict(type='Collect', keys=['img'])
                ])
        ]),
    test=dict(
        type='CocoDataset',
        ann_file='../data/coco/annotations/image_info_test-dev2017.json',
        img_prefix='../data/coco/test2017/',
        pipeline=[
            dict(type='LoadImageFromFile'),
            dict(
                type='MultiScaleFlipAug',
                img_scale=(1333, 800),
                flip=False,
                transforms=[
                    dict(type='Resize', keep_ratio=True),
                    dict(type='RandomFlip'),
                    dict(
                        type='Normalize',
                        mean=[123.675, 116.28, 103.53],
                        std=[58.395, 57.12, 57.375],
                        to_rgb=True),
                    dict(type='Pad', size_divisor=32),
                    dict(type='ImageToTensor', keys=['img']),
                    dict(type='Collect', keys=['img'])
                ])
        ]))
evaluation = dict(interval=1, metric='bbox')
optimizer = dict(type='SGD', lr=0.02, momentum=0.9, weight_decay=0.0001)
optimizer_config = dict(grad_clip=None)
lr_config = dict(
    policy='step',
    warmup='linear',
    warmup_iters=500,
    warmup_ratio=0.001,
    step=[8, 11])
total_epochs = 12
checkpoint_config = dict(interval=1)
log_config = dict(interval=50, hooks=[dict(type='TextLoggerHook')])
dist_params = dict(backend='nccl')
log_level = 'INFO'
load_from = None
resume_from = None
workflow = [('train', 1)]
work_dir = './work_dirs/carafed_coco_faster_r50_1x'
gpu_ids = range(0, 1)

2021-05-03 18:21:07,088 - mmdet - INFO - load model from: torchvision://resnet50
2021-05-03 18:21:11,488 - mmdet - WARNING - The model and loaded state dict do not match exactly

unexpected key in source state_dict: fc.weight, fc.bias

missing keys in source state_dict: carafe.channel_compressor.weight, carafe.channel_compressor.bias, carafe.content_encoder.weight, carafe.content_encoder.bias

2021-05-03 18:21:29,477 - mmdet - INFO - Start running, host: root@0981e3d7df7c, work_dir: /root/userfolder/mmdetection/work_dirs/carafed_coco_faster_r50_1x
2021-05-03 18:21:29,478 - mmdet - INFO - workflow: [('train', 1)], max: 12 epochs
2021-05-03 18:21:58,672 - mmdet - INFO - Epoch [1][50/7330]	lr: 1.978e-03, eta: 14:12:51, time: 0.582, data_time: 0.200, memory: 6278, loss_rpn_cls: 0.4935, loss_rpn_bbox: 0.1037, loss_cls: 1.1179, acc: 87.7046, loss_bbox: 0.0911, loss: 1.8061
2021-05-03 18:22:20,222 - mmdet - INFO - Epoch [1][100/7330]	lr: 3.976e-03, eta: 12:21:33, time: 0.431, data_time: 0.127, memory: 6278, loss_rpn_cls: 0.2274, loss_rpn_bbox: 0.0937, loss_cls: 0.4744, acc: 94.3499, loss_bbox: 0.1917, loss: 0.9872
2021-05-03 18:22:42,018 - mmdet - INFO - Epoch [1][150/7330]	lr: 5.974e-03, eta: 11:46:56, time: 0.436, data_time: 0.133, memory: 6278, loss_rpn_cls: 0.1902, loss_rpn_bbox: 0.0960, loss_cls: 0.4993, acc: 93.9373, loss_bbox: 0.2049, loss: 0.9904
2021-05-03 18:23:03,898 - mmdet - INFO - Epoch [1][200/7330]	lr: 7.972e-03, eta: 11:29:45, time: 0.437, data_time: 0.131, memory: 6278, loss_rpn_cls: 0.1712, loss_rpn_bbox: 0.0988, loss_cls: 0.5035, acc: 92.4521, loss_bbox: 0.2652, loss: 1.0387
2021-05-03 18:23:25,533 - mmdet - INFO - Epoch [1][250/7330]	lr: 9.970e-03, eta: 11:18:04, time: 0.433, data_time: 0.132, memory: 6278, loss_rpn_cls: 0.1499, loss_rpn_bbox: 0.0985, loss_cls: 0.5062, acc: 91.9265, loss_bbox: 0.2871, loss: 1.0416
2021-05-03 18:23:47,210 - mmdet - INFO - Epoch [1][300/7330]	lr: 1.197e-02, eta: 11:10:17, time: 0.433, data_time: 0.127, memory: 6278, loss_rpn_cls: 0.1348, loss_rpn_bbox: 0.0921, loss_cls: 0.5279, acc: 91.2576, loss_bbox: 0.3130, loss: 1.0677
2021-05-03 18:24:09,024 - mmdet - INFO - Epoch [1][350/7330]	lr: 1.397e-02, eta: 11:05:09, time: 0.436, data_time: 0.127, memory: 6278, loss_rpn_cls: 0.1207, loss_rpn_bbox: 0.0889, loss_cls: 0.5160, acc: 91.2639, loss_bbox: 0.3137, loss: 1.0393
2021-05-03 18:24:30,923 - mmdet - INFO - Epoch [1][400/7330]	lr: 1.596e-02, eta: 11:01:36, time: 0.438, data_time: 0.130, memory: 6278, loss_rpn_cls: 0.1182, loss_rpn_bbox: 0.0892, loss_cls: 0.5579, acc: 90.2012, loss_bbox: 0.3523, loss: 1.1176
2021-05-03 18:24:53,652 - mmdet - INFO - Epoch [1][450/7330]	lr: 1.796e-02, eta: 11:01:25, time: 0.455, data_time: 0.143, memory: 6278, loss_rpn_cls: 0.1086, loss_rpn_bbox: 0.0877, loss_cls: 0.5518, acc: 90.2817, loss_bbox: 0.3565, loss: 1.1047
2021-05-03 18:25:16,412 - mmdet - INFO - Epoch [1][500/7330]	lr: 1.996e-02, eta: 11:01:15, time: 0.455, data_time: 0.152, memory: 6278, loss_rpn_cls: 0.1027, loss_rpn_bbox: 0.0839, loss_cls: 0.5318, acc: 90.3845, loss_bbox: 0.3501, loss: 1.0686
2021-05-03 18:25:39,117 - mmdet - INFO - Epoch [1][550/7330]	lr: 2.000e-02, eta: 11:00:57, time: 0.454, data_time: 0.150, memory: 6278, loss_rpn_cls: 0.1037, loss_rpn_bbox: 0.0817, loss_cls: 0.5382, acc: 90.3181, loss_bbox: 0.3499, loss: 1.0735
2021-05-03 18:26:01,943 - mmdet - INFO - Epoch [1][600/7330]	lr: 2.000e-02, eta: 11:00:56, time: 0.457, data_time: 0.155, memory: 6278, loss_rpn_cls: 0.1043, loss_rpn_bbox: 0.0837, loss_cls: 0.5222, acc: 90.1892, loss_bbox: 0.3514, loss: 1.0616
2021-05-03 18:26:24,707 - mmdet - INFO - Epoch [1][650/7330]	lr: 2.000e-02, eta: 11:00:43, time: 0.455, data_time: 0.154, memory: 6278, loss_rpn_cls: 0.0985, loss_rpn_bbox: 0.0867, loss_cls: 0.5105, acc: 89.9766, loss_bbox: 0.3576, loss: 1.0534
2021-05-03 18:26:47,678 - mmdet - INFO - Epoch [1][700/7330]	lr: 2.000e-02, eta: 11:00:52, time: 0.459, data_time: 0.154, memory: 6278, loss_rpn_cls: 0.0956, loss_rpn_bbox: 0.0843, loss_cls: 0.5058, acc: 89.5947, loss_bbox: 0.3640, loss: 1.0498
2021-05-03 18:27:10,470 - mmdet - INFO - Epoch [1][750/7330]	lr: 2.000e-02, eta: 11:00:36, time: 0.455, data_time: 0.153, memory: 6278, loss_rpn_cls: 0.0961, loss_rpn_bbox: 0.0839, loss_cls: 0.4897, acc: 89.7693, loss_bbox: 0.3591, loss: 1.0289
2021-05-03 18:27:33,047 - mmdet - INFO - Epoch [1][800/7330]	lr: 2.000e-02, eta: 11:00:00, time: 0.452, data_time: 0.146, memory: 6278, loss_rpn_cls: 0.0913, loss_rpn_bbox: 0.0841, loss_cls: 0.4918, acc: 89.5835, loss_bbox: 0.3576, loss: 1.0248
2021-05-03 18:27:55,198 - mmdet - INFO - Epoch [1][850/7330]	lr: 2.000e-02, eta: 10:58:39, time: 0.443, data_time: 0.144, memory: 6278, loss_rpn_cls: 0.0866, loss_rpn_bbox: 0.0809, loss_cls: 0.4911, acc: 89.8853, loss_bbox: 0.3459, loss: 1.0045
2021-05-03 18:28:17,503 - mmdet - INFO - Epoch [1][900/7330]	lr: 2.000e-02, eta: 10:57:36, time: 0.445, data_time: 0.143, memory: 6278, loss_rpn_cls: 0.0886, loss_rpn_bbox: 0.0808, loss_cls: 0.4804, acc: 89.6877, loss_bbox: 0.3536, loss: 1.0034
2021-05-03 18:28:39,845 - mmdet - INFO - Epoch [1][950/7330]	lr: 2.000e-02, eta: 10:56:45, time: 0.447, data_time: 0.145, memory: 6278, loss_rpn_cls: 0.0871, loss_rpn_bbox: 0.0793, loss_cls: 0.4872, acc: 89.7507, loss_bbox: 0.3453, loss: 0.9989
2021-05-03 18:29:02,032 - mmdet - INFO - Exp name: carafed_coco_faster_r50_1x.py
2021-05-03 18:29:02,032 - mmdet - INFO - Epoch [1][1000/7330]	lr: 2.000e-02, eta: 10:55:43, time: 0.444, data_time: 0.138, memory: 6278, loss_rpn_cls: 0.0866, loss_rpn_bbox: 0.0790, loss_cls: 0.4538, acc: 89.9004, loss_bbox: 0.3452, loss: 0.9647
2021-05-03 18:29:23,912 - mmdet - INFO - Epoch [1][1050/7330]	lr: 2.000e-02, eta: 10:54:19, time: 0.437, data_time: 0.138, memory: 6278, loss_rpn_cls: 0.0827, loss_rpn_bbox: 0.0785, loss_cls: 0.4638, acc: 89.8125, loss_bbox: 0.3427, loss: 0.9677
2021-05-03 18:29:45,904 - mmdet - INFO - Epoch [1][1100/7330]	lr: 2.000e-02, eta: 10:53:09, time: 0.440, data_time: 0.142, memory: 6278, loss_rpn_cls: 0.0762, loss_rpn_bbox: 0.0749, loss_cls: 0.4407, acc: 89.9846, loss_bbox: 0.3390, loss: 0.9307
2021-05-03 18:30:08,131 - mmdet - INFO - Epoch [1][1150/7330]	lr: 2.000e-02, eta: 10:52:22, time: 0.445, data_time: 0.143, memory: 6278, loss_rpn_cls: 0.0830, loss_rpn_bbox: 0.0834, loss_cls: 0.4551, acc: 89.2280, loss_bbox: 0.3586, loss: 0.9801
2021-05-03 18:30:30,228 - mmdet - INFO - Epoch [1][1200/7330]	lr: 2.000e-02, eta: 10:51:28, time: 0.442, data_time: 0.141, memory: 6278, loss_rpn_cls: 0.0870, loss_rpn_bbox: 0.0834, loss_cls: 0.4411, acc: 89.5972, loss_bbox: 0.3516, loss: 0.9632
2021-05-03 18:30:52,243 - mmdet - INFO - Epoch [1][1250/7330]	lr: 2.000e-02, eta: 10:50:29, time: 0.440, data_time: 0.139, memory: 6278, loss_rpn_cls: 0.0727, loss_rpn_bbox: 0.0730, loss_cls: 0.4249, acc: 90.1233, loss_bbox: 0.3329, loss: 0.9035
2021-05-03 18:31:14,292 - mmdet - INFO - Epoch [1][1300/7330]	lr: 2.000e-02, eta: 10:49:36, time: 0.441, data_time: 0.144, memory: 6278, loss_rpn_cls: 0.0762, loss_rpn_bbox: 0.0751, loss_cls: 0.4188, acc: 90.1106, loss_bbox: 0.3298, loss: 0.8999
2021-05-03 18:31:36,299 - mmdet - INFO - Epoch [1][1350/7330]	lr: 2.000e-02, eta: 10:48:42, time: 0.440, data_time: 0.142, memory: 6278, loss_rpn_cls: 0.0906, loss_rpn_bbox: 0.0815, loss_cls: 0.4305, acc: 89.7539, loss_bbox: 0.3363, loss: 0.9388
2021-05-03 18:31:58,518 - mmdet - INFO - Epoch [1][1400/7330]	lr: 2.000e-02, eta: 10:48:04, time: 0.444, data_time: 0.144, memory: 6279, loss_rpn_cls: 0.0784, loss_rpn_bbox: 0.0729, loss_cls: 0.4070, acc: 90.2551, loss_bbox: 0.3236, loss: 0.8817
2021-05-03 18:32:20,441 - mmdet - INFO - Epoch [1][1450/7330]	lr: 2.000e-02, eta: 10:47:10, time: 0.439, data_time: 0.138, memory: 6279, loss_rpn_cls: 0.0736, loss_rpn_bbox: 0.0752, loss_cls: 0.4156, acc: 89.5442, loss_bbox: 0.3496, loss: 0.9141
2021-05-03 18:32:42,517 - mmdet - INFO - Epoch [1][1500/7330]	lr: 2.000e-02, eta: 10:46:26, time: 0.441, data_time: 0.141, memory: 6279, loss_rpn_cls: 0.0866, loss_rpn_bbox: 0.0821, loss_cls: 0.4072, acc: 90.0571, loss_bbox: 0.3353, loss: 0.9112
2021-05-03 18:33:04,812 - mmdet - INFO - Epoch [1][1550/7330]	lr: 2.000e-02, eta: 10:45:57, time: 0.446, data_time: 0.148, memory: 6279, loss_rpn_cls: 0.0736, loss_rpn_bbox: 0.0749, loss_cls: 0.4020, acc: 90.1177, loss_bbox: 0.3284, loss: 0.8789
2021-05-03 18:33:27,010 - mmdet - INFO - Epoch [1][1600/7330]	lr: 2.000e-02, eta: 10:45:22, time: 0.444, data_time: 0.144, memory: 6279, loss_rpn_cls: 0.0778, loss_rpn_bbox: 0.0780, loss_cls: 0.4073, acc: 89.9419, loss_bbox: 0.3326, loss: 0.8956
2021-05-03 18:33:49,249 - mmdet - INFO - Epoch [1][1650/7330]	lr: 2.000e-02, eta: 10:44:49, time: 0.445, data_time: 0.143, memory: 6279, loss_rpn_cls: 0.0764, loss_rpn_bbox: 0.0773, loss_cls: 0.3946, acc: 90.3682, loss_bbox: 0.3186, loss: 0.8668
2021-05-03 18:34:11,614 - mmdet - INFO - Epoch [1][1700/7330]	lr: 2.000e-02, eta: 10:44:25, time: 0.448, data_time: 0.142, memory: 6279, loss_rpn_cls: 0.0793, loss_rpn_bbox: 0.0726, loss_cls: 0.4158, acc: 89.7441, loss_bbox: 0.3313, loss: 0.8990
2021-05-03 18:34:33,754 - mmdet - INFO - Epoch [1][1750/7330]	lr: 2.000e-02, eta: 10:43:49, time: 0.443, data_time: 0.137, memory: 6279, loss_rpn_cls: 0.0777, loss_rpn_bbox: 0.0766, loss_cls: 0.4068, acc: 89.6545, loss_bbox: 0.3392, loss: 0.9003
2021-05-03 18:34:55,834 - mmdet - INFO - Epoch [1][1800/7330]	lr: 2.000e-02, eta: 10:43:10, time: 0.441, data_time: 0.145, memory: 6279, loss_rpn_cls: 0.0757, loss_rpn_bbox: 0.0787, loss_cls: 0.3994, acc: 89.9929, loss_bbox: 0.3257, loss: 0.8794
2021-05-03 18:35:17,941 - mmdet - INFO - Epoch [1][1850/7330]	lr: 2.000e-02, eta: 10:42:36, time: 0.443, data_time: 0.145, memory: 6279, loss_rpn_cls: 0.0765, loss_rpn_bbox: 0.0788, loss_cls: 0.4030, acc: 89.8442, loss_bbox: 0.3308, loss: 0.8891
2021-05-03 18:35:40,135 - mmdet - INFO - Epoch [1][1900/7330]	lr: 2.000e-02, eta: 10:42:04, time: 0.444, data_time: 0.143, memory: 6279, loss_rpn_cls: 0.0732, loss_rpn_bbox: 0.0755, loss_cls: 0.3917, acc: 90.2976, loss_bbox: 0.3149, loss: 0.8554
2021-05-03 18:36:02,250 - mmdet - INFO - Epoch [1][1950/7330]	lr: 2.000e-02, eta: 10:41:30, time: 0.442, data_time: 0.142, memory: 6279, loss_rpn_cls: 0.0704, loss_rpn_bbox: 0.0772, loss_cls: 0.3830, acc: 90.1309, loss_bbox: 0.3212, loss: 0.8518
2021-05-03 18:36:24,389 - mmdet - INFO - Exp name: carafed_coco_faster_r50_1x.py
2021-05-03 18:36:24,390 - mmdet - INFO - Epoch [1][2000/7330]	lr: 2.000e-02, eta: 10:40:57, time: 0.443, data_time: 0.142, memory: 6279, loss_rpn_cls: 0.0715, loss_rpn_bbox: 0.0732, loss_cls: 0.3949, acc: 89.9819, loss_bbox: 0.3256, loss: 0.8652
2021-05-03 18:36:46,636 - mmdet - INFO - Epoch [1][2050/7330]	lr: 2.000e-02, eta: 10:40:29, time: 0.445, data_time: 0.142, memory: 6279, loss_rpn_cls: 0.0711, loss_rpn_bbox: 0.0753, loss_cls: 0.3920, acc: 89.8416, loss_bbox: 0.3307, loss: 0.8692
2021-05-03 18:37:08,883 - mmdet - INFO - Epoch [1][2100/7330]	lr: 2.000e-02, eta: 10:40:03, time: 0.445, data_time: 0.147, memory: 6279, loss_rpn_cls: 0.0672, loss_rpn_bbox: 0.0698, loss_cls: 0.3716, acc: 90.2424, loss_bbox: 0.3193, loss: 0.8279
2021-05-03 18:37:30,943 - mmdet - INFO - Epoch [1][2150/7330]	lr: 2.000e-02, eta: 10:39:28, time: 0.441, data_time: 0.144, memory: 6279, loss_rpn_cls: 0.0697, loss_rpn_bbox: 0.0714, loss_cls: 0.3733, acc: 90.3132, loss_bbox: 0.3162, loss: 0.8307
2021-05-03 18:37:53,042 - mmdet - INFO - Epoch [1][2200/7330]	lr: 2.000e-02, eta: 10:38:55, time: 0.442, data_time: 0.141, memory: 6279, loss_rpn_cls: 0.0776, loss_rpn_bbox: 0.0773, loss_cls: 0.3883, acc: 90.1248, loss_bbox: 0.3160, loss: 0.8593
2021-05-03 18:38:15,079 - mmdet - INFO - Epoch [1][2250/7330]	lr: 2.000e-02, eta: 10:38:21, time: 0.441, data_time: 0.135, memory: 6279, loss_rpn_cls: 0.0678, loss_rpn_bbox: 0.0739, loss_cls: 0.3658, acc: 90.2688, loss_bbox: 0.3159, loss: 0.8234
2021-05-03 18:38:37,369 - mmdet - INFO - Epoch [1][2300/7330]	lr: 2.000e-02, eta: 10:37:57, time: 0.446, data_time: 0.143, memory: 6279, loss_rpn_cls: 0.0708, loss_rpn_bbox: 0.0765, loss_cls: 0.3763, acc: 90.0042, loss_bbox: 0.3338, loss: 0.8574
2021-05-03 18:38:59,600 - mmdet - INFO - Epoch [1][2350/7330]	lr: 2.000e-02, eta: 10:37:30, time: 0.444, data_time: 0.141, memory: 6279, loss_rpn_cls: 0.0673, loss_rpn_bbox: 0.0750, loss_cls: 0.3792, acc: 90.1763, loss_bbox: 0.3177, loss: 0.8393
2021-05-03 18:39:21,817 - mmdet - INFO - Epoch [1][2400/7330]	lr: 2.000e-02, eta: 10:37:03, time: 0.444, data_time: 0.143, memory: 6279, loss_rpn_cls: 0.0728, loss_rpn_bbox: 0.0761, loss_cls: 0.3721, acc: 90.2461, loss_bbox: 0.3140, loss: 0.8350
2021-05-03 18:39:43,927 - mmdet - INFO - Epoch [1][2450/7330]	lr: 2.000e-02, eta: 10:36:34, time: 0.443, data_time: 0.142, memory: 6279, loss_rpn_cls: 0.0726, loss_rpn_bbox: 0.0736, loss_cls: 0.3764, acc: 89.9868, loss_bbox: 0.3224, loss: 0.8450
2021-05-03 18:40:06,042 - mmdet - INFO - Epoch [1][2500/7330]	lr: 2.000e-02, eta: 10:36:03, time: 0.442, data_time: 0.141, memory: 6279, loss_rpn_cls: 0.0654, loss_rpn_bbox: 0.0704, loss_cls: 0.3634, acc: 90.4202, loss_bbox: 0.3139, loss: 0.8131
2021-05-03 18:40:28,254 - mmdet - INFO - Epoch [1][2550/7330]	lr: 2.000e-02, eta: 10:35:38, time: 0.445, data_time: 0.141, memory: 6279, loss_rpn_cls: 0.0688, loss_rpn_bbox: 0.0720, loss_cls: 0.3713, acc: 90.0784, loss_bbox: 0.3249, loss: 0.8369
2021-05-03 18:40:50,402 - mmdet - INFO - Epoch [1][2600/7330]	lr: 2.000e-02, eta: 10:35:09, time: 0.443, data_time: 0.145, memory: 6279, loss_rpn_cls: 0.0697, loss_rpn_bbox: 0.0712, loss_cls: 0.3691, acc: 90.2219, loss_bbox: 0.3178, loss: 0.8278
2021-05-03 18:41:12,399 - mmdet - INFO - Epoch [1][2650/7330]	lr: 2.000e-02, eta: 10:34:36, time: 0.440, data_time: 0.140, memory: 6279, loss_rpn_cls: 0.0685, loss_rpn_bbox: 0.0740, loss_cls: 0.3742, acc: 90.0066, loss_bbox: 0.3283, loss: 0.8450
2021-05-03 18:41:34,632 - mmdet - INFO - Epoch [1][2700/7330]	lr: 2.000e-02, eta: 10:34:10, time: 0.444, data_time: 0.141, memory: 6279, loss_rpn_cls: 0.0684, loss_rpn_bbox: 0.0748, loss_cls: 0.3766, acc: 89.9207, loss_bbox: 0.3251, loss: 0.8450
2021-05-03 18:41:56,836 - mmdet - INFO - Epoch [1][2750/7330]	lr: 2.000e-02, eta: 10:33:46, time: 0.445, data_time: 0.140, memory: 6279, loss_rpn_cls: 0.0686, loss_rpn_bbox: 0.0703, loss_cls: 0.3602, acc: 90.3389, loss_bbox: 0.3127, loss: 0.8120
2021-05-03 18:42:18,963 - mmdet - INFO - Epoch [1][2800/7330]	lr: 2.000e-02, eta: 10:33:17, time: 0.442, data_time: 0.142, memory: 6279, loss_rpn_cls: 0.0708, loss_rpn_bbox: 0.0709, loss_cls: 0.3548, acc: 90.6650, loss_bbox: 0.3019, loss: 0.7984
2021-05-03 18:42:41,127 - mmdet - INFO - Epoch [1][2850/7330]	lr: 2.000e-02, eta: 10:32:51, time: 0.444, data_time: 0.143, memory: 6279, loss_rpn_cls: 0.0664, loss_rpn_bbox: 0.0729, loss_cls: 0.3563, acc: 90.2993, loss_bbox: 0.3182, loss: 0.8138
2021-05-03 18:43:03,346 - mmdet - INFO - Epoch [1][2900/7330]	lr: 2.000e-02, eta: 10:32:26, time: 0.444, data_time: 0.146, memory: 6279, loss_rpn_cls: 0.0629, loss_rpn_bbox: 0.0711, loss_cls: 0.3583, acc: 90.3472, loss_bbox: 0.3125, loss: 0.8048
2021-05-03 18:43:25,588 - mmdet - INFO - Epoch [1][2950/7330]	lr: 2.000e-02, eta: 10:32:02, time: 0.445, data_time: 0.145, memory: 6279, loss_rpn_cls: 0.0698, loss_rpn_bbox: 0.0744, loss_cls: 0.3686, acc: 90.2019, loss_bbox: 0.3119, loss: 0.8247
2021-05-03 18:43:47,707 - mmdet - INFO - Exp name: carafed_coco_faster_r50_1x.py
2021-05-03 18:43:47,708 - mmdet - INFO - Epoch [1][3000/7330]	lr: 2.000e-02, eta: 10:31:33, time: 0.441, data_time: 0.141, memory: 6279, loss_rpn_cls: 0.0725, loss_rpn_bbox: 0.0801, loss_cls: 0.3651, acc: 90.3499, loss_bbox: 0.3120, loss: 0.8298
2021-05-03 18:44:09,769 - mmdet - INFO - Epoch [1][3050/7330]	lr: 2.000e-02, eta: 10:31:05, time: 0.442, data_time: 0.142, memory: 6279, loss_rpn_cls: 0.0711, loss_rpn_bbox: 0.0715, loss_cls: 0.3720, acc: 89.9702, loss_bbox: 0.3167, loss: 0.8314
2021-05-03 18:44:31,944 - mmdet - INFO - Epoch [1][3100/7330]	lr: 2.000e-02, eta: 10:30:39, time: 0.443, data_time: 0.141, memory: 6279, loss_rpn_cls: 0.0655, loss_rpn_bbox: 0.0695, loss_cls: 0.3552, acc: 90.2820, loss_bbox: 0.3126, loss: 0.8027
2021-05-03 18:44:54,146 - mmdet - INFO - Epoch [1][3150/7330]	lr: 2.000e-02, eta: 10:30:14, time: 0.444, data_time: 0.145, memory: 6279, loss_rpn_cls: 0.0635, loss_rpn_bbox: 0.0731, loss_cls: 0.3543, acc: 90.4856, loss_bbox: 0.3116, loss: 0.8025
2021-05-03 18:45:16,362 - mmdet - INFO - Epoch [1][3200/7330]	lr: 2.000e-02, eta: 10:29:50, time: 0.445, data_time: 0.141, memory: 6279, loss_rpn_cls: 0.0691, loss_rpn_bbox: 0.0716, loss_cls: 0.3531, acc: 90.4827, loss_bbox: 0.3116, loss: 0.8053
2021-05-03 18:45:38,523 - mmdet - INFO - Epoch [1][3250/7330]	lr: 2.000e-02, eta: 10:29:25, time: 0.443, data_time: 0.141, memory: 6279, loss_rpn_cls: 0.0649, loss_rpn_bbox: 0.0707, loss_cls: 0.3712, acc: 89.7437, loss_bbox: 0.3268, loss: 0.8336
2021-05-03 18:46:00,681 - mmdet - INFO - Epoch [1][3300/7330]	lr: 2.000e-02, eta: 10:28:59, time: 0.443, data_time: 0.143, memory: 6279, loss_rpn_cls: 0.0666, loss_rpn_bbox: 0.0732, loss_cls: 0.3610, acc: 90.1941, loss_bbox: 0.3191, loss: 0.8199
2021-05-03 18:46:22,742 - mmdet - INFO - Epoch [1][3350/7330]	lr: 2.000e-02, eta: 10:28:31, time: 0.441, data_time: 0.140, memory: 6279, loss_rpn_cls: 0.0739, loss_rpn_bbox: 0.0682, loss_cls: 0.3478, acc: 90.5203, loss_bbox: 0.3032, loss: 0.7931
2021-05-03 18:46:44,743 - mmdet - INFO - Epoch [1][3400/7330]	lr: 2.000e-02, eta: 10:28:01, time: 0.440, data_time: 0.139, memory: 6279, loss_rpn_cls: 0.0694, loss_rpn_bbox: 0.0753, loss_cls: 0.3447, acc: 90.3813, loss_bbox: 0.3145, loss: 0.8038
2021-05-03 18:47:06,693 - mmdet - INFO - Epoch [1][3450/7330]	lr: 2.000e-02, eta: 10:27:31, time: 0.439, data_time: 0.144, memory: 6279, loss_rpn_cls: 0.0676, loss_rpn_bbox: 0.0745, loss_cls: 0.3635, acc: 90.2551, loss_bbox: 0.3169, loss: 0.8226
2021-05-03 18:47:28,788 - mmdet - INFO - Epoch [1][3500/7330]	lr: 2.000e-02, eta: 10:27:04, time: 0.441, data_time: 0.142, memory: 6279, loss_rpn_cls: 0.0634, loss_rpn_bbox: 0.0698, loss_cls: 0.3496, acc: 90.4265, loss_bbox: 0.3123, loss: 0.7951
2021-05-03 18:47:50,977 - mmdet - INFO - Epoch [1][3550/7330]	lr: 2.000e-02, eta: 10:26:40, time: 0.444, data_time: 0.142, memory: 6279, loss_rpn_cls: 0.0621, loss_rpn_bbox: 0.0700, loss_cls: 0.3607, acc: 90.1604, loss_bbox: 0.3154, loss: 0.8082
2021-05-03 18:48:13,156 - mmdet - INFO - Epoch [1][3600/7330]	lr: 2.000e-02, eta: 10:26:15, time: 0.443, data_time: 0.143, memory: 6279, loss_rpn_cls: 0.0636, loss_rpn_bbox: 0.0677, loss_cls: 0.3526, acc: 90.2368, loss_bbox: 0.3157, loss: 0.7996
2021-05-03 18:48:35,171 - mmdet - INFO - Epoch [1][3650/7330]	lr: 2.000e-02, eta: 10:25:47, time: 0.441, data_time: 0.144, memory: 6279, loss_rpn_cls: 0.0672, loss_rpn_bbox: 0.0733, loss_cls: 0.3513, acc: 90.2910, loss_bbox: 0.3129, loss: 0.8046
2021-05-03 18:48:57,389 - mmdet - INFO - Epoch [1][3700/7330]	lr: 2.000e-02, eta: 10:25:24, time: 0.444, data_time: 0.145, memory: 6279, loss_rpn_cls: 0.0637, loss_rpn_bbox: 0.0705, loss_cls: 0.3438, acc: 90.2905, loss_bbox: 0.3172, loss: 0.7953
2021-05-03 18:49:19,496 - mmdet - INFO - Epoch [1][3750/7330]	lr: 2.000e-02, eta: 10:24:58, time: 0.442, data_time: 0.144, memory: 6279, loss_rpn_cls: 0.0645, loss_rpn_bbox: 0.0760, loss_cls: 0.3671, acc: 89.7234, loss_bbox: 0.3341, loss: 0.8416
2021-05-03 18:49:41,680 - mmdet - INFO - Epoch [1][3800/7330]	lr: 2.000e-02, eta: 10:24:34, time: 0.444, data_time: 0.145, memory: 6279, loss_rpn_cls: 0.0614, loss_rpn_bbox: 0.0708, loss_cls: 0.3601, acc: 90.2527, loss_bbox: 0.3101, loss: 0.8024
2021-05-03 18:50:04,035 - mmdet - INFO - Epoch [1][3850/7330]	lr: 2.000e-02, eta: 10:24:14, time: 0.447, data_time: 0.148, memory: 6279, loss_rpn_cls: 0.0658, loss_rpn_bbox: 0.0729, loss_cls: 0.3523, acc: 90.2854, loss_bbox: 0.3134, loss: 0.8044
2021-05-03 18:50:26,348 - mmdet - INFO - Epoch [1][3900/7330]	lr: 2.000e-02, eta: 10:23:52, time: 0.446, data_time: 0.145, memory: 6279, loss_rpn_cls: 0.0609, loss_rpn_bbox: 0.0685, loss_cls: 0.3597, acc: 89.8840, loss_bbox: 0.3253, loss: 0.8143
2021-05-03 18:50:48,456 - mmdet - INFO - Epoch [1][3950/7330]	lr: 2.000e-02, eta: 10:23:27, time: 0.442, data_time: 0.141, memory: 6279, loss_rpn_cls: 0.0613, loss_rpn_bbox: 0.0673, loss_cls: 0.3434, acc: 90.5439, loss_bbox: 0.3118, loss: 0.7838
2021-05-03 18:51:10,643 - mmdet - INFO - Exp name: carafed_coco_faster_r50_1x.py
2021-05-03 18:51:10,643 - mmdet - INFO - Epoch [1][4000/7330]	lr: 2.000e-02, eta: 10:23:03, time: 0.444, data_time: 0.147, memory: 6279, loss_rpn_cls: 0.0609, loss_rpn_bbox: 0.0694, loss_cls: 0.3405, acc: 90.5813, loss_bbox: 0.3047, loss: 0.7756
2021-05-03 18:51:32,819 - mmdet - INFO - Epoch [1][4050/7330]	lr: 2.000e-02, eta: 10:22:39, time: 0.444, data_time: 0.143, memory: 6279, loss_rpn_cls: 0.0616, loss_rpn_bbox: 0.0699, loss_cls: 0.3345, acc: 90.6377, loss_bbox: 0.3021, loss: 0.7680
2021-05-03 18:51:55,212 - mmdet - INFO - Epoch [1][4100/7330]	lr: 2.000e-02, eta: 10:22:19, time: 0.447, data_time: 0.141, memory: 6279, loss_rpn_cls: 0.0673, loss_rpn_bbox: 0.0709, loss_cls: 0.3338, acc: 90.8171, loss_bbox: 0.2936, loss: 0.7656
2021-05-03 18:52:17,414 - mmdet - INFO - Epoch [1][4150/7330]	lr: 2.000e-02, eta: 10:21:56, time: 0.444, data_time: 0.145, memory: 6279, loss_rpn_cls: 0.0634, loss_rpn_bbox: 0.0700, loss_cls: 0.3429, acc: 90.2197, loss_bbox: 0.3161, loss: 0.7925
2021-05-03 18:52:39,569 - mmdet - INFO - Epoch [1][4200/7330]	lr: 2.000e-02, eta: 10:21:31, time: 0.443, data_time: 0.145, memory: 6279, loss_rpn_cls: 0.0638, loss_rpn_bbox: 0.0685, loss_cls: 0.3396, acc: 90.6223, loss_bbox: 0.3052, loss: 0.7770
2021-05-03 18:53:01,712 - mmdet - INFO - Epoch [1][4250/7330]	lr: 2.000e-02, eta: 10:21:06, time: 0.442, data_time: 0.140, memory: 6279, loss_rpn_cls: 0.0617, loss_rpn_bbox: 0.0701, loss_cls: 0.3442, acc: 90.3481, loss_bbox: 0.3124, loss: 0.7883
2021-05-03 18:53:23,900 - mmdet - INFO - Epoch [1][4300/7330]	lr: 2.000e-02, eta: 10:20:43, time: 0.444, data_time: 0.135, memory: 6279, loss_rpn_cls: 0.0627, loss_rpn_bbox: 0.0689, loss_cls: 0.3345, acc: 90.3569, loss_bbox: 0.3188, loss: 0.7849
2021-05-03 18:53:46,089 - mmdet - INFO - Epoch [1][4350/7330]	lr: 2.000e-02, eta: 10:20:19, time: 0.443, data_time: 0.146, memory: 6279, loss_rpn_cls: 0.0619, loss_rpn_bbox: 0.0654, loss_cls: 0.3261, acc: 90.8984, loss_bbox: 0.2939, loss: 0.7473
2021-05-03 18:54:08,180 - mmdet - INFO - Epoch [1][4400/7330]	lr: 2.000e-02, eta: 10:19:54, time: 0.442, data_time: 0.138, memory: 6279, loss_rpn_cls: 0.0660, loss_rpn_bbox: 0.0699, loss_cls: 0.3406, acc: 90.6470, loss_bbox: 0.3038, loss: 0.7803
2021-05-03 18:54:30,363 - mmdet - INFO - Epoch [1][4450/7330]	lr: 2.000e-02, eta: 10:19:30, time: 0.444, data_time: 0.145, memory: 6279, loss_rpn_cls: 0.0648, loss_rpn_bbox: 0.0662, loss_cls: 0.3401, acc: 90.5415, loss_bbox: 0.3048, loss: 0.7759
2021-05-03 18:54:52,339 - mmdet - INFO - Epoch [1][4500/7330]	lr: 2.000e-02, eta: 10:19:03, time: 0.440, data_time: 0.143, memory: 6279, loss_rpn_cls: 0.0578, loss_rpn_bbox: 0.0678, loss_cls: 0.3314, acc: 90.5889, loss_bbox: 0.3072, loss: 0.7642
2021-05-03 18:55:14,468 - mmdet - INFO - Epoch [1][4550/7330]	lr: 2.000e-02, eta: 10:18:39, time: 0.443, data_time: 0.139, memory: 6279, loss_rpn_cls: 0.0626, loss_rpn_bbox: 0.0657, loss_cls: 0.3212, acc: 91.0547, loss_bbox: 0.2856, loss: 0.7350
2021-05-03 18:55:36,658 - mmdet - INFO - Epoch [1][4600/7330]	lr: 2.000e-02, eta: 10:18:15, time: 0.443, data_time: 0.141, memory: 6279, loss_rpn_cls: 0.0611, loss_rpn_bbox: 0.0663, loss_cls: 0.3189, acc: 91.0583, loss_bbox: 0.2854, loss: 0.7317
2021-05-03 18:55:58,842 - mmdet - INFO - Epoch [1][4650/7330]	lr: 2.000e-02, eta: 10:17:52, time: 0.444, data_time: 0.143, memory: 6279, loss_rpn_cls: 0.0643, loss_rpn_bbox: 0.0706, loss_cls: 0.3413, acc: 90.4194, loss_bbox: 0.3085, loss: 0.7847
2021-05-03 18:56:20,935 - mmdet - INFO - Epoch [1][4700/7330]	lr: 2.000e-02, eta: 10:17:26, time: 0.441, data_time: 0.139, memory: 6279, loss_rpn_cls: 0.0608, loss_rpn_bbox: 0.0639, loss_cls: 0.3340, acc: 90.7212, loss_bbox: 0.2991, loss: 0.7578
2021-05-03 18:56:43,166 - mmdet - INFO - Epoch [1][4750/7330]	lr: 2.000e-02, eta: 10:17:04, time: 0.445, data_time: 0.143, memory: 6279, loss_rpn_cls: 0.0693, loss_rpn_bbox: 0.0710, loss_cls: 0.3428, acc: 90.3516, loss_bbox: 0.3093, loss: 0.7923
2021-05-03 18:57:05,337 - mmdet - INFO - Epoch [1][4800/7330]	lr: 2.000e-02, eta: 10:16:40, time: 0.443, data_time: 0.143, memory: 6279, loss_rpn_cls: 0.0636, loss_rpn_bbox: 0.0702, loss_cls: 0.3191, acc: 90.9656, loss_bbox: 0.2893, loss: 0.7421
2021-05-03 18:57:27,433 - mmdet - INFO - Epoch [1][4850/7330]	lr: 2.000e-02, eta: 10:16:15, time: 0.442, data_time: 0.140, memory: 6279, loss_rpn_cls: 0.0635, loss_rpn_bbox: 0.0675, loss_cls: 0.3370, acc: 90.4373, loss_bbox: 0.3079, loss: 0.7759
2021-05-03 18:57:49,398 - mmdet - INFO - Epoch [1][4900/7330]	lr: 2.000e-02, eta: 10:15:49, time: 0.439, data_time: 0.136, memory: 6279, loss_rpn_cls: 0.0661, loss_rpn_bbox: 0.0734, loss_cls: 0.3309, acc: 90.6462, loss_bbox: 0.3000, loss: 0.7705
2021-05-03 18:58:11,704 - mmdet - INFO - Epoch [1][4950/7330]	lr: 2.000e-02, eta: 10:15:27, time: 0.446, data_time: 0.140, memory: 6279, loss_rpn_cls: 0.0656, loss_rpn_bbox: 0.0718, loss_cls: 0.3338, acc: 90.5535, loss_bbox: 0.3028, loss: 0.7741
2021-05-03 18:58:33,741 - mmdet - INFO - Exp name: carafed_coco_faster_r50_1x.py
2021-05-03 18:58:33,741 - mmdet - INFO - Epoch [1][5000/7330]	lr: 2.000e-02, eta: 10:15:02, time: 0.441, data_time: 0.141, memory: 6279, loss_rpn_cls: 0.0620, loss_rpn_bbox: 0.0631, loss_cls: 0.3207, acc: 91.0530, loss_bbox: 0.2866, loss: 0.7324
2021-05-03 18:58:55,786 - mmdet - INFO - Epoch [1][5050/7330]	lr: 2.000e-02, eta: 10:14:36, time: 0.441, data_time: 0.142, memory: 6279, loss_rpn_cls: 0.0608, loss_rpn_bbox: 0.0687, loss_cls: 0.3381, acc: 90.2715, loss_bbox: 0.3112, loss: 0.7788
2021-05-03 18:59:17,857 - mmdet - INFO - Epoch [1][5100/7330]	lr: 2.000e-02, eta: 10:14:11, time: 0.441, data_time: 0.136, memory: 6279, loss_rpn_cls: 0.0588, loss_rpn_bbox: 0.0631, loss_cls: 0.3401, acc: 90.5769, loss_bbox: 0.2978, loss: 0.7598
2021-05-03 18:59:40,022 - mmdet - INFO - Epoch [1][5150/7330]	lr: 2.000e-02, eta: 10:13:48, time: 0.444, data_time: 0.141, memory: 6279, loss_rpn_cls: 0.0613, loss_rpn_bbox: 0.0684, loss_cls: 0.3264, acc: 90.5479, loss_bbox: 0.3076, loss: 0.7636
2021-05-03 19:00:02,308 - mmdet - INFO - Epoch [1][5200/7330]	lr: 2.000e-02, eta: 10:13:27, time: 0.446, data_time: 0.145, memory: 6279, loss_rpn_cls: 0.0693, loss_rpn_bbox: 0.0694, loss_cls: 0.3376, acc: 90.4238, loss_bbox: 0.3100, loss: 0.7864
2021-05-03 19:00:24,427 - mmdet - INFO - Epoch [1][5250/7330]	lr: 2.000e-02, eta: 10:13:02, time: 0.442, data_time: 0.141, memory: 6279, loss_rpn_cls: 0.0658, loss_rpn_bbox: 0.0698, loss_cls: 0.3454, acc: 90.2671, loss_bbox: 0.3129, loss: 0.7939
2021-05-03 19:00:46,531 - mmdet - INFO - Epoch [1][5300/7330]	lr: 2.000e-02, eta: 10:12:38, time: 0.442, data_time: 0.140, memory: 6279, loss_rpn_cls: 0.0599, loss_rpn_bbox: 0.0683, loss_cls: 0.3356, acc: 90.3169, loss_bbox: 0.3132, loss: 0.7771
2021-05-03 19:01:08,537 - mmdet - INFO - Epoch [1][5350/7330]	lr: 2.000e-02, eta: 10:12:12, time: 0.440, data_time: 0.143, memory: 6279, loss_rpn_cls: 0.0604, loss_rpn_bbox: 0.0676, loss_cls: 0.3378, acc: 90.3818, loss_bbox: 0.3100, loss: 0.7757
2021-05-03 19:01:30,626 - mmdet - INFO - Epoch [1][5400/7330]	lr: 2.000e-02, eta: 10:11:48, time: 0.442, data_time: 0.138, memory: 6279, loss_rpn_cls: 0.0612, loss_rpn_bbox: 0.0656, loss_cls: 0.3383, acc: 90.5198, loss_bbox: 0.3025, loss: 0.7675
2021-05-03 19:01:52,775 - mmdet - INFO - Epoch [1][5450/7330]	lr: 2.000e-02, eta: 10:11:24, time: 0.443, data_time: 0.143, memory: 6279, loss_rpn_cls: 0.0606, loss_rpn_bbox: 0.0713, loss_cls: 0.3252, acc: 90.7871, loss_bbox: 0.3012, loss: 0.7583
2021-05-03 19:02:14,932 - mmdet - INFO - Epoch [1][5500/7330]	lr: 2.000e-02, eta: 10:11:01, time: 0.443, data_time: 0.144, memory: 6279, loss_rpn_cls: 0.0583, loss_rpn_bbox: 0.0694, loss_cls: 0.3183, acc: 90.9021, loss_bbox: 0.3009, loss: 0.7469
2021-05-03 19:02:36,910 - mmdet - INFO - Epoch [1][5550/7330]	lr: 2.000e-02, eta: 10:10:35, time: 0.439, data_time: 0.139, memory: 6279, loss_rpn_cls: 0.0565, loss_rpn_bbox: 0.0690, loss_cls: 0.3361, acc: 90.3167, loss_bbox: 0.3130, loss: 0.7745
2021-05-03 19:02:58,967 - mmdet - INFO - Epoch [1][5600/7330]	lr: 2.000e-02, eta: 10:10:10, time: 0.442, data_time: 0.141, memory: 6279, loss_rpn_cls: 0.0611, loss_rpn_bbox: 0.0656, loss_cls: 0.3239, acc: 90.7639, loss_bbox: 0.2943, loss: 0.7449
2021-05-03 19:03:21,038 - mmdet - INFO - Epoch [1][5650/7330]	lr: 2.000e-02, eta: 10:09:45, time: 0.441, data_time: 0.142, memory: 6279, loss_rpn_cls: 0.0635, loss_rpn_bbox: 0.0725, loss_cls: 0.3410, acc: 90.3425, loss_bbox: 0.3047, loss: 0.7817
2021-05-03 19:03:43,119 - mmdet - INFO - Epoch [1][5700/7330]	lr: 2.000e-02, eta: 10:09:21, time: 0.442, data_time: 0.139, memory: 6279, loss_rpn_cls: 0.0632, loss_rpn_bbox: 0.0667, loss_cls: 0.3312, acc: 90.4397, loss_bbox: 0.3061, loss: 0.7673
2021-05-03 19:04:05,110 - mmdet - INFO - Epoch [1][5750/7330]	lr: 2.000e-02, eta: 10:08:56, time: 0.440, data_time: 0.141, memory: 6279, loss_rpn_cls: 0.0622, loss_rpn_bbox: 0.0696, loss_cls: 0.3328, acc: 90.7012, loss_bbox: 0.3015, loss: 0.7662
2021-05-03 19:04:27,355 - mmdet - INFO - Epoch [1][5800/7330]	lr: 2.000e-02, eta: 10:08:34, time: 0.445, data_time: 0.143, memory: 6279, loss_rpn_cls: 0.0617, loss_rpn_bbox: 0.0719, loss_cls: 0.3411, acc: 90.2805, loss_bbox: 0.3140, loss: 0.7887
2021-05-03 19:04:49,405 - mmdet - INFO - Epoch [1][5850/7330]	lr: 2.000e-02, eta: 10:08:09, time: 0.441, data_time: 0.141, memory: 6279, loss_rpn_cls: 0.0602, loss_rpn_bbox: 0.0652, loss_cls: 0.3121, acc: 90.9612, loss_bbox: 0.2880, loss: 0.7255
2021-05-03 19:05:11,627 - mmdet - INFO - Epoch [1][5900/7330]	lr: 2.000e-02, eta: 10:07:47, time: 0.444, data_time: 0.143, memory: 6279, loss_rpn_cls: 0.0618, loss_rpn_bbox: 0.0724, loss_cls: 0.3434, acc: 90.1682, loss_bbox: 0.3180, loss: 0.7956
2021-05-03 19:05:33,685 - mmdet - INFO - Epoch [1][5950/7330]	lr: 2.000e-02, eta: 10:07:22, time: 0.441, data_time: 0.138, memory: 6279, loss_rpn_cls: 0.0559, loss_rpn_bbox: 0.0637, loss_cls: 0.3149, acc: 90.7776, loss_bbox: 0.2990, loss: 0.7335
2021-05-03 19:05:55,627 - mmdet - INFO - Exp name: carafed_coco_faster_r50_1x.py
2021-05-03 19:05:55,627 - mmdet - INFO - Epoch [1][6000/7330]	lr: 2.000e-02, eta: 10:06:57, time: 0.439, data_time: 0.136, memory: 6279, loss_rpn_cls: 0.0595, loss_rpn_bbox: 0.0654, loss_cls: 0.3264, acc: 90.6663, loss_bbox: 0.2985, loss: 0.7498
2021-05-03 19:06:17,759 - mmdet - INFO - Epoch [1][6050/7330]	lr: 2.000e-02, eta: 10:06:33, time: 0.442, data_time: 0.134, memory: 6279, loss_rpn_cls: 0.0603, loss_rpn_bbox: 0.0672, loss_cls: 0.3251, acc: 90.5549, loss_bbox: 0.3000, loss: 0.7526
2021-05-03 19:06:39,789 - mmdet - INFO - Epoch [1][6100/7330]	lr: 2.000e-02, eta: 10:06:08, time: 0.441, data_time: 0.126, memory: 6279, loss_rpn_cls: 0.0592, loss_rpn_bbox: 0.0668, loss_cls: 0.3161, acc: 90.9526, loss_bbox: 0.2915, loss: 0.7336
2021-05-03 19:07:01,924 - mmdet - INFO - Epoch [1][6150/7330]	lr: 2.000e-02, eta: 10:05:45, time: 0.443, data_time: 0.129, memory: 6279, loss_rpn_cls: 0.0578, loss_rpn_bbox: 0.0626, loss_cls: 0.3145, acc: 91.0708, loss_bbox: 0.2896, loss: 0.7245
2021-05-03 19:07:24,070 - mmdet - INFO - Epoch [1][6200/7330]	lr: 2.000e-02, eta: 10:05:22, time: 0.443, data_time: 0.133, memory: 6279, loss_rpn_cls: 0.0611, loss_rpn_bbox: 0.0722, loss_cls: 0.3310, acc: 90.5894, loss_bbox: 0.3069, loss: 0.7712
2021-05-03 19:07:46,114 - mmdet - INFO - Epoch [1][6250/7330]	lr: 2.000e-02, eta: 10:04:58, time: 0.441, data_time: 0.135, memory: 6279, loss_rpn_cls: 0.0548, loss_rpn_bbox: 0.0666, loss_cls: 0.3206, acc: 90.7856, loss_bbox: 0.2920, loss: 0.7340
2021-05-03 19:08:08,131 - mmdet - INFO - Epoch [1][6300/7330]	lr: 2.000e-02, eta: 10:04:33, time: 0.440, data_time: 0.128, memory: 6279, loss_rpn_cls: 0.0585, loss_rpn_bbox: 0.0649, loss_cls: 0.3231, acc: 90.8826, loss_bbox: 0.2918, loss: 0.7383
2021-05-03 19:08:30,236 - mmdet - INFO - Epoch [1][6350/7330]	lr: 2.000e-02, eta: 10:04:09, time: 0.442, data_time: 0.132, memory: 6279, loss_rpn_cls: 0.0592, loss_rpn_bbox: 0.0672, loss_cls: 0.3175, acc: 90.8721, loss_bbox: 0.2900, loss: 0.7340
2021-05-03 19:08:52,253 - mmdet - INFO - Epoch [1][6400/7330]	lr: 2.000e-02, eta: 10:03:45, time: 0.441, data_time: 0.129, memory: 6279, loss_rpn_cls: 0.0560, loss_rpn_bbox: 0.0638, loss_cls: 0.3099, acc: 90.9707, loss_bbox: 0.2930, loss: 0.7227
2021-05-03 19:09:14,266 - mmdet - INFO - Epoch [1][6450/7330]	lr: 2.000e-02, eta: 10:03:20, time: 0.440, data_time: 0.126, memory: 6279, loss_rpn_cls: 0.0592, loss_rpn_bbox: 0.0634, loss_cls: 0.3089, acc: 91.0083, loss_bbox: 0.2951, loss: 0.7266
2021-05-03 19:09:36,357 - mmdet - INFO - Epoch [1][6500/7330]	lr: 2.000e-02, eta: 10:02:56, time: 0.442, data_time: 0.129, memory: 6279, loss_rpn_cls: 0.0560, loss_rpn_bbox: 0.0662, loss_cls: 0.3208, acc: 90.6863, loss_bbox: 0.3026, loss: 0.7457
2021-05-03 19:09:58,317 - mmdet - INFO - Epoch [1][6550/7330]	lr: 2.000e-02, eta: 10:02:31, time: 0.439, data_time: 0.123, memory: 6279, loss_rpn_cls: 0.0574, loss_rpn_bbox: 0.0651, loss_cls: 0.3152, acc: 90.9985, loss_bbox: 0.2881, loss: 0.7257
2021-05-03 19:10:20,303 - mmdet - INFO - Epoch [1][6600/7330]	lr: 2.000e-02, eta: 10:02:06, time: 0.440, data_time: 0.127, memory: 6279, loss_rpn_cls: 0.0560, loss_rpn_bbox: 0.0653, loss_cls: 0.3174, acc: 90.8088, loss_bbox: 0.2968, loss: 0.7355
2021-05-03 19:10:42,587 - mmdet - INFO - Epoch [1][6650/7330]	lr: 2.000e-02, eta: 10:01:45, time: 0.446, data_time: 0.127, memory: 6279, loss_rpn_cls: 0.0561, loss_rpn_bbox: 0.0658, loss_cls: 0.3240, acc: 90.7390, loss_bbox: 0.3009, loss: 0.7468
2021-05-03 19:11:04,655 - mmdet - INFO - Epoch [1][6700/7330]	lr: 2.000e-02, eta: 10:01:21, time: 0.441, data_time: 0.123, memory: 6279, loss_rpn_cls: 0.0590, loss_rpn_bbox: 0.0687, loss_cls: 0.3153, acc: 90.8413, loss_bbox: 0.2981, loss: 0.7411
2021-05-03 19:11:26,783 - mmdet - INFO - Epoch [1][6750/7330]	lr: 2.000e-02, eta: 10:00:58, time: 0.443, data_time: 0.129, memory: 6279, loss_rpn_cls: 0.0614, loss_rpn_bbox: 0.0662, loss_cls: 0.3292, acc: 90.4758, loss_bbox: 0.3003, loss: 0.7571
2021-05-03 19:11:48,853 - mmdet - INFO - Epoch [1][6800/7330]	lr: 2.000e-02, eta: 10:00:34, time: 0.442, data_time: 0.128, memory: 6279, loss_rpn_cls: 0.0575, loss_rpn_bbox: 0.0709, loss_cls: 0.3302, acc: 90.4714, loss_bbox: 0.3090, loss: 0.7676
2021-05-03 19:12:11,093 - mmdet - INFO - Epoch [1][6850/7330]	lr: 2.000e-02, eta: 10:00:12, time: 0.444, data_time: 0.128, memory: 6279, loss_rpn_cls: 0.0629, loss_rpn_bbox: 0.0682, loss_cls: 0.3298, acc: 90.3394, loss_bbox: 0.3098, loss: 0.7707
2021-05-03 19:12:33,039 - mmdet - INFO - Epoch [1][6900/7330]	lr: 2.000e-02, eta: 9:59:47, time: 0.439, data_time: 0.129, memory: 6279, loss_rpn_cls: 0.0611, loss_rpn_bbox: 0.0690, loss_cls: 0.3139, acc: 90.9719, loss_bbox: 0.2872, loss: 0.7313
2021-05-03 19:12:55,052 - mmdet - INFO - Epoch [1][6950/7330]	lr: 2.000e-02, eta: 9:59:23, time: 0.440, data_time: 0.127, memory: 6279, loss_rpn_cls: 0.0536, loss_rpn_bbox: 0.0635, loss_cls: 0.3211, acc: 90.6335, loss_bbox: 0.3029, loss: 0.7412
2021-05-03 19:13:17,212 - mmdet - INFO - Exp name: carafed_coco_faster_r50_1x.py
2021-05-03 19:13:17,212 - mmdet - INFO - Epoch [1][7000/7330]	lr: 2.000e-02, eta: 9:59:00, time: 0.443, data_time: 0.131, memory: 6279, loss_rpn_cls: 0.0610, loss_rpn_bbox: 0.0696, loss_cls: 0.3157, acc: 90.8806, loss_bbox: 0.2976, loss: 0.7438
2021-05-03 19:13:39,363 - mmdet - INFO - Epoch [1][7050/7330]	lr: 2.000e-02, eta: 9:58:38, time: 0.443, data_time: 0.135, memory: 6279, loss_rpn_cls: 0.0615, loss_rpn_bbox: 0.0678, loss_cls: 0.3249, acc: 90.6833, loss_bbox: 0.3001, loss: 0.7543
2021-05-03 19:14:01,429 - mmdet - INFO - Epoch [1][7100/7330]	lr: 2.000e-02, eta: 9:58:14, time: 0.441, data_time: 0.137, memory: 6279, loss_rpn_cls: 0.0563, loss_rpn_bbox: 0.0640, loss_cls: 0.3198, acc: 90.6628, loss_bbox: 0.3000, loss: 0.7401
2021-05-03 19:14:23,611 - mmdet - INFO - Epoch [1][7150/7330]	lr: 2.000e-02, eta: 9:57:52, time: 0.444, data_time: 0.135, memory: 6279, loss_rpn_cls: 0.0564, loss_rpn_bbox: 0.0678, loss_cls: 0.3168, acc: 90.6375, loss_bbox: 0.3032, loss: 0.7441
2021-05-03 19:14:45,649 - mmdet - INFO - Epoch [1][7200/7330]	lr: 2.000e-02, eta: 9:57:28, time: 0.440, data_time: 0.131, memory: 6279, loss_rpn_cls: 0.0573, loss_rpn_bbox: 0.0650, loss_cls: 0.3149, acc: 90.9358, loss_bbox: 0.2904, loss: 0.7276
2021-05-03 19:15:07,735 - mmdet - INFO - Epoch [1][7250/7330]	lr: 2.000e-02, eta: 9:57:04, time: 0.442, data_time: 0.134, memory: 6279, loss_rpn_cls: 0.0598, loss_rpn_bbox: 0.0633, loss_cls: 0.3005, acc: 91.2236, loss_bbox: 0.2808, loss: 0.7045
2021-05-03 19:15:29,804 - mmdet - INFO - Epoch [1][7300/7330]	lr: 2.000e-02, eta: 9:56:40, time: 0.441, data_time: 0.137, memory: 6279, loss_rpn_cls: 0.0574, loss_rpn_bbox: 0.0659, loss_cls: 0.3173, acc: 90.7444, loss_bbox: 0.2989, loss: 0.7396
2021-05-03 19:15:42,962 - mmdet - INFO - Saving checkpoint at 1 epochs
2021-05-03 19:16:50,715 - mmdet - INFO - Evaluating bbox...
2021-05-03 19:17:47,469 - mmdet - INFO - Exp name: carafed_coco_faster_r50_1x.py
2021-05-03 19:17:47,470 - mmdet - INFO - Epoch(val) [1][7330]	bbox_mAP: 0.1880, bbox_mAP_50: 0.3610, bbox_mAP_75: 0.1790, bbox_mAP_s: 0.0950, bbox_mAP_m: 0.2170, bbox_mAP_l: 0.2480, bbox_mAP_copypaste: 0.188 0.361 0.179 0.095 0.217 0.248
2021-05-03 19:18:13,003 - mmdet - INFO - Epoch [2][50/7330]	lr: 2.000e-02, eta: 9:54:15, time: 0.508, data_time: 0.196, memory: 6279, loss_rpn_cls: 0.0571, loss_rpn_bbox: 0.0664, loss_cls: 0.3219, acc: 90.5454, loss_bbox: 0.3053, loss: 0.7507
2021-05-03 19:18:34,979 - mmdet - INFO - Epoch [2][100/7330]	lr: 2.000e-02, eta: 9:53:51, time: 0.440, data_time: 0.121, memory: 6279, loss_rpn_cls: 0.0535, loss_rpn_bbox: 0.0670, loss_cls: 0.3169, acc: 90.6387, loss_bbox: 0.3013, loss: 0.7387
2021-05-03 19:18:56,977 - mmdet - INFO - Epoch [2][150/7330]	lr: 2.000e-02, eta: 9:53:28, time: 0.441, data_time: 0.125, memory: 6279, loss_rpn_cls: 0.0518, loss_rpn_bbox: 0.0660, loss_cls: 0.3208, acc: 90.4961, loss_bbox: 0.3112, loss: 0.7498
2021-05-03 19:19:18,965 - mmdet - INFO - Epoch [2][200/7330]	lr: 2.000e-02, eta: 9:53:04, time: 0.439, data_time: 0.122, memory: 6279, loss_rpn_cls: 0.0539, loss_rpn_bbox: 0.0678, loss_cls: 0.3195, acc: 90.5850, loss_bbox: 0.3009, loss: 0.7422
2021-05-03 19:19:40,825 - mmdet - INFO - Epoch [2][250/7330]	lr: 2.000e-02, eta: 9:52:39, time: 0.438, data_time: 0.127, memory: 6279, loss_rpn_cls: 0.0521, loss_rpn_bbox: 0.0686, loss_cls: 0.3037, acc: 91.0300, loss_bbox: 0.2931, loss: 0.7176
2021-05-03 19:20:02,664 - mmdet - INFO - Epoch [2][300/7330]	lr: 2.000e-02, eta: 9:52:14, time: 0.437, data_time: 0.126, memory: 6279, loss_rpn_cls: 0.0587, loss_rpn_bbox: 0.0663, loss_cls: 0.3091, acc: 90.9226, loss_bbox: 0.2900, loss: 0.7241
2021-05-03 19:20:24,606 - mmdet - INFO - Epoch [2][350/7330]	lr: 2.000e-02, eta: 9:51:50, time: 0.439, data_time: 0.125, memory: 6279, loss_rpn_cls: 0.0521, loss_rpn_bbox: 0.0622, loss_cls: 0.3097, acc: 90.7886, loss_bbox: 0.2997, loss: 0.7236
2021-05-03 19:20:46,596 - mmdet - INFO - Epoch [2][400/7330]	lr: 2.000e-02, eta: 9:51:27, time: 0.440, data_time: 0.123, memory: 6279, loss_rpn_cls: 0.0534, loss_rpn_bbox: 0.0625, loss_cls: 0.3062, acc: 91.1626, loss_bbox: 0.2886, loss: 0.7106
2021-05-03 19:21:08,577 - mmdet - INFO - Epoch [2][450/7330]	lr: 2.000e-02, eta: 9:51:03, time: 0.440, data_time: 0.126, memory: 6279, loss_rpn_cls: 0.0551, loss_rpn_bbox: 0.0659, loss_cls: 0.3211, acc: 90.6035, loss_bbox: 0.3023, loss: 0.7445
2021-05-03 19:21:30,698 - mmdet - INFO - Epoch [2][500/7330]	lr: 2.000e-02, eta: 9:50:41, time: 0.442, data_time: 0.126, memory: 6279, loss_rpn_cls: 0.0551, loss_rpn_bbox: 0.0638, loss_cls: 0.3074, acc: 90.9946, loss_bbox: 0.2854, loss: 0.7118
2021-05-03 19:21:52,859 - mmdet - INFO - Epoch [2][550/7330]	lr: 2.000e-02, eta: 9:50:20, time: 0.444, data_time: 0.126, memory: 6279, loss_rpn_cls: 0.0570, loss_rpn_bbox: 0.0661, loss_cls: 0.3059, acc: 90.9146, loss_bbox: 0.2874, loss: 0.7164
2021-05-03 19:22:15,052 - mmdet - INFO - Epoch [2][600/7330]	lr: 2.000e-02, eta: 9:49:58, time: 0.443, data_time: 0.123, memory: 6279, loss_rpn_cls: 0.0576, loss_rpn_bbox: 0.0694, loss_cls: 0.3111, acc: 90.6694, loss_bbox: 0.2994, loss: 0.7376
2021-05-03 19:22:37,127 - mmdet - INFO - Epoch [2][650/7330]	lr: 2.000e-02, eta: 9:49:36, time: 0.442, data_time: 0.125, memory: 6279, loss_rpn_cls: 0.0539, loss_rpn_bbox: 0.0630, loss_cls: 0.3134, acc: 90.6731, loss_bbox: 0.2980, loss: 0.7283
2021-05-03 19:22:59,076 - mmdet - INFO - Epoch [2][700/7330]	lr: 2.000e-02, eta: 9:49:12, time: 0.439, data_time: 0.123, memory: 6279, loss_rpn_cls: 0.0534, loss_rpn_bbox: 0.0624, loss_cls: 0.3000, acc: 91.0654, loss_bbox: 0.2903, loss: 0.7062
2021-05-03 19:23:21,200 - mmdet - INFO - Epoch [2][750/7330]	lr: 2.000e-02, eta: 9:48:50, time: 0.442, data_time: 0.122, memory: 6279, loss_rpn_cls: 0.0507, loss_rpn_bbox: 0.0614, loss_cls: 0.2973, acc: 91.1714, loss_bbox: 0.2935, loss: 0.7028
2021-05-03 19:23:43,153 - mmdet - INFO - Epoch [2][800/7330]	lr: 2.000e-02, eta: 9:48:26, time: 0.439, data_time: 0.121, memory: 6279, loss_rpn_cls: 0.0557, loss_rpn_bbox: 0.0635, loss_cls: 0.3140, acc: 90.6208, loss_bbox: 0.2997, loss: 0.7330
2021-05-03 19:24:05,003 - mmdet - INFO - Epoch [2][850/7330]	lr: 2.000e-02, eta: 9:48:02, time: 0.437, data_time: 0.123, memory: 6279, loss_rpn_cls: 0.0526, loss_rpn_bbox: 0.0651, loss_cls: 0.3033, acc: 90.8931, loss_bbox: 0.2929, loss: 0.7139
2021-05-03 19:24:27,008 - mmdet - INFO - Epoch [2][900/7330]	lr: 2.000e-02, eta: 9:47:38, time: 0.440, data_time: 0.122, memory: 6279, loss_rpn_cls: 0.0490, loss_rpn_bbox: 0.0631, loss_cls: 0.3005, acc: 91.1458, loss_bbox: 0.2933, loss: 0.7058
2021-05-03 19:24:49,052 - mmdet - INFO - Epoch [2][950/7330]	lr: 2.000e-02, eta: 9:47:16, time: 0.441, data_time: 0.122, memory: 6279, loss_rpn_cls: 0.0539, loss_rpn_bbox: 0.0637, loss_cls: 0.3091, acc: 90.8479, loss_bbox: 0.2941, loss: 0.7208
2021-05-03 19:25:11,106 - mmdet - INFO - Epoch [2][1000/7330]	lr: 2.000e-02, eta: 9:46:53, time: 0.441, data_time: 0.124, memory: 6279, loss_rpn_cls: 0.0498, loss_rpn_bbox: 0.0613, loss_cls: 0.3066, acc: 90.9043, loss_bbox: 0.2945, loss: 0.7123
2021-05-03 19:25:33,038 - mmdet - INFO - Epoch [2][1050/7330]	lr: 2.000e-02, eta: 9:46:29, time: 0.438, data_time: 0.128, memory: 6279, loss_rpn_cls: 0.0576, loss_rpn_bbox: 0.0645, loss_cls: 0.3157, acc: 90.4905, loss_bbox: 0.3075, loss: 0.7454
2021-05-03 19:25:55,114 - mmdet - INFO - Epoch [2][1100/7330]	lr: 2.000e-02, eta: 9:46:07, time: 0.442, data_time: 0.124, memory: 6279, loss_rpn_cls: 0.0519, loss_rpn_bbox: 0.0641, loss_cls: 0.3140, acc: 90.7451, loss_bbox: 0.2930, loss: 0.7230
2021-05-03 19:26:17,213 - mmdet - INFO - Epoch [2][1150/7330]	lr: 2.000e-02, eta: 9:45:45, time: 0.442, data_time: 0.122, memory: 6279, loss_rpn_cls: 0.0514, loss_rpn_bbox: 0.0618, loss_cls: 0.2986, acc: 91.2341, loss_bbox: 0.2775, loss: 0.6893
2021-05-03 19:26:39,336 - mmdet - INFO - Epoch [2][1200/7330]	lr: 2.000e-02, eta: 9:45:22, time: 0.442, data_time: 0.128, memory: 6279, loss_rpn_cls: 0.0547, loss_rpn_bbox: 0.0621, loss_cls: 0.3074, acc: 90.8459, loss_bbox: 0.2952, loss: 0.7193
2021-05-03 19:27:01,380 - mmdet - INFO - Epoch [2][1250/7330]	lr: 2.000e-02, eta: 9:45:00, time: 0.441, data_time: 0.124, memory: 6279, loss_rpn_cls: 0.0580, loss_rpn_bbox: 0.0681, loss_cls: 0.3218, acc: 90.5576, loss_bbox: 0.3051, loss: 0.7531
2021-05-03 19:27:23,376 - mmdet - INFO - Epoch [2][1300/7330]	lr: 2.000e-02, eta: 9:44:36, time: 0.440, data_time: 0.127, memory: 6279, loss_rpn_cls: 0.0547, loss_rpn_bbox: 0.0631, loss_cls: 0.3117, acc: 90.8257, loss_bbox: 0.2954, loss: 0.7248
2021-05-03 19:27:45,452 - mmdet - INFO - Epoch [2][1350/7330]	lr: 2.000e-02, eta: 9:44:14, time: 0.442, data_time: 0.126, memory: 6279, loss_rpn_cls: 0.0573, loss_rpn_bbox: 0.0664, loss_cls: 0.3067, acc: 90.9954, loss_bbox: 0.2927, loss: 0.7231
2021-05-03 19:28:07,515 - mmdet - INFO - Epoch [2][1400/7330]	lr: 2.000e-02, eta: 9:43:52, time: 0.441, data_time: 0.121, memory: 6279, loss_rpn_cls: 0.0518, loss_rpn_bbox: 0.0645, loss_cls: 0.2980, acc: 91.2051, loss_bbox: 0.2829, loss: 0.6972
2021-05-03 19:28:29,630 - mmdet - INFO - Epoch [2][1450/7330]	lr: 2.000e-02, eta: 9:43:30, time: 0.442, data_time: 0.125, memory: 6279, loss_rpn_cls: 0.0571, loss_rpn_bbox: 0.0672, loss_cls: 0.3077, acc: 90.6736, loss_bbox: 0.2987, loss: 0.7307
2021-05-03 19:28:51,767 - mmdet - INFO - Epoch [2][1500/7330]	lr: 2.000e-02, eta: 9:43:08, time: 0.443, data_time: 0.123, memory: 6279, loss_rpn_cls: 0.0581, loss_rpn_bbox: 0.0685, loss_cls: 0.3123, acc: 90.4294, loss_bbox: 0.3070, loss: 0.7459
2021-05-03 19:29:13,947 - mmdet - INFO - Epoch [2][1550/7330]	lr: 2.000e-02, eta: 9:42:46, time: 0.444, data_time: 0.122, memory: 6279, loss_rpn_cls: 0.0519, loss_rpn_bbox: 0.0615, loss_cls: 0.3051, acc: 91.0132, loss_bbox: 0.2873, loss: 0.7059
2021-05-03 19:29:35,991 - mmdet - INFO - Epoch [2][1600/7330]	lr: 2.000e-02, eta: 9:42:23, time: 0.440, data_time: 0.131, memory: 6279, loss_rpn_cls: 0.0520, loss_rpn_bbox: 0.0652, loss_cls: 0.3076, acc: 90.8643, loss_bbox: 0.2947, loss: 0.7195
2021-05-03 19:29:58,079 - mmdet - INFO - Epoch [2][1650/7330]	lr: 2.000e-02, eta: 9:42:01, time: 0.442, data_time: 0.134, memory: 6279, loss_rpn_cls: 0.0498, loss_rpn_bbox: 0.0632, loss_cls: 0.2938, acc: 91.2507, loss_bbox: 0.2857, loss: 0.6924
2021-05-03 19:30:20,031 - mmdet - INFO - Epoch [2][1700/7330]	lr: 2.000e-02, eta: 9:41:38, time: 0.439, data_time: 0.128, memory: 6279, loss_rpn_cls: 0.0561, loss_rpn_bbox: 0.0639, loss_cls: 0.2942, acc: 91.2666, loss_bbox: 0.2817, loss: 0.6958
2021-05-03 19:30:42,205 - mmdet - INFO - Epoch [2][1750/7330]	lr: 2.000e-02, eta: 9:41:16, time: 0.443, data_time: 0.123, memory: 6279, loss_rpn_cls: 0.0551, loss_rpn_bbox: 0.0656, loss_cls: 0.3147, acc: 90.6926, loss_bbox: 0.3029, loss: 0.7383
2021-05-03 19:31:04,303 - mmdet - INFO - Epoch [2][1800/7330]	lr: 2.000e-02, eta: 9:40:54, time: 0.442, data_time: 0.128, memory: 6279, loss_rpn_cls: 0.0554, loss_rpn_bbox: 0.0684, loss_cls: 0.3192, acc: 90.6392, loss_bbox: 0.2973, loss: 0.7402
2021-05-03 19:31:26,188 - mmdet - INFO - Epoch [2][1850/7330]	lr: 2.000e-02, eta: 9:40:30, time: 0.437, data_time: 0.120, memory: 6279, loss_rpn_cls: 0.0518, loss_rpn_bbox: 0.0625, loss_cls: 0.3010, acc: 91.2632, loss_bbox: 0.2809, loss: 0.6961
2021-05-03 19:31:48,238 - mmdet - INFO - Epoch [2][1900/7330]	lr: 2.000e-02, eta: 9:40:07, time: 0.441, data_time: 0.124, memory: 6279, loss_rpn_cls: 0.0568, loss_rpn_bbox: 0.0667, loss_cls: 0.2975, acc: 91.1555, loss_bbox: 0.2834, loss: 0.7044
2021-05-03 19:32:10,279 - mmdet - INFO - Epoch [2][1950/7330]	lr: 2.000e-02, eta: 9:39:45, time: 0.441, data_time: 0.122, memory: 6279, loss_rpn_cls: 0.0566, loss_rpn_bbox: 0.0657, loss_cls: 0.3015, acc: 91.1182, loss_bbox: 0.2810, loss: 0.7048
2021-05-03 19:32:32,296 - mmdet - INFO - Epoch [2][2000/7330]	lr: 2.000e-02, eta: 9:39:22, time: 0.440, data_time: 0.119, memory: 6279, loss_rpn_cls: 0.0511, loss_rpn_bbox: 0.0663, loss_cls: 0.3151, acc: 90.5940, loss_bbox: 0.3010, loss: 0.7336
2021-05-03 19:32:54,301 - mmdet - INFO - Epoch [2][2050/7330]	lr: 2.000e-02, eta: 9:38:59, time: 0.440, data_time: 0.124, memory: 6279, loss_rpn_cls: 0.0516, loss_rpn_bbox: 0.0646, loss_cls: 0.3074, acc: 90.9810, loss_bbox: 0.2845, loss: 0.7081
2021-05-03 19:33:16,171 - mmdet - INFO - Epoch [2][2100/7330]	lr: 2.000e-02, eta: 9:38:35, time: 0.437, data_time: 0.120, memory: 6279, loss_rpn_cls: 0.0519, loss_rpn_bbox: 0.0659, loss_cls: 0.3103, acc: 90.8677, loss_bbox: 0.2919, loss: 0.7201
2021-05-03 19:33:38,157 - mmdet - INFO - Epoch [2][2150/7330]	lr: 2.000e-02, eta: 9:38:12, time: 0.439, data_time: 0.127, memory: 6279, loss_rpn_cls: 0.0552, loss_rpn_bbox: 0.0681, loss_cls: 0.3070, acc: 90.8621, loss_bbox: 0.2962, loss: 0.7265
2021-05-03 19:34:00,310 - mmdet - INFO - Epoch [2][2200/7330]	lr: 2.000e-02, eta: 9:37:50, time: 0.444, data_time: 0.130, memory: 6279, loss_rpn_cls: 0.0509, loss_rpn_bbox: 0.0634, loss_cls: 0.2928, acc: 91.2993, loss_bbox: 0.2874, loss: 0.6945
2021-05-03 19:34:22,542 - mmdet - INFO - Epoch [2][2250/7330]	lr: 2.000e-02, eta: 9:37:29, time: 0.444, data_time: 0.126, memory: 6279, loss_rpn_cls: 0.0551, loss_rpn_bbox: 0.0654, loss_cls: 0.3007, acc: 91.0300, loss_bbox: 0.2865, loss: 0.7078
2021-05-03 19:34:44,423 - mmdet - INFO - Epoch [2][2300/7330]	lr: 2.000e-02, eta: 9:37:05, time: 0.438, data_time: 0.122, memory: 6279, loss_rpn_cls: 0.0536, loss_rpn_bbox: 0.0631, loss_cls: 0.3142, acc: 90.5234, loss_bbox: 0.3041, loss: 0.7351
2021-05-03 19:35:06,529 - mmdet - INFO - Epoch [2][2350/7330]	lr: 2.000e-02, eta: 9:36:43, time: 0.442, data_time: 0.126, memory: 6279, loss_rpn_cls: 0.0528, loss_rpn_bbox: 0.0643, loss_cls: 0.3051, acc: 90.9722, loss_bbox: 0.2923, loss: 0.7145
2021-05-03 19:35:28,611 - mmdet - INFO - Epoch [2][2400/7330]	lr: 2.000e-02, eta: 9:36:21, time: 0.442, data_time: 0.127, memory: 6279, loss_rpn_cls: 0.0503, loss_rpn_bbox: 0.0619, loss_cls: 0.2989, acc: 91.3040, loss_bbox: 0.2804, loss: 0.6914
2021-05-03 19:35:50,711 - mmdet - INFO - Epoch [2][2450/7330]	lr: 2.000e-02, eta: 9:35:59, time: 0.442, data_time: 0.129, memory: 6279, loss_rpn_cls: 0.0547, loss_rpn_bbox: 0.0635, loss_cls: 0.2969, acc: 91.2212, loss_bbox: 0.2875, loss: 0.7027
2021-05-03 19:36:12,671 - mmdet - INFO - Epoch [2][2500/7330]	lr: 2.000e-02, eta: 9:35:36, time: 0.439, data_time: 0.125, memory: 6279, loss_rpn_cls: 0.0527, loss_rpn_bbox: 0.0630, loss_cls: 0.3021, acc: 91.2048, loss_bbox: 0.2824, loss: 0.7002
2021-05-03 19:36:34,536 - mmdet - INFO - Epoch [2][2550/7330]	lr: 2.000e-02, eta: 9:35:12, time: 0.437, data_time: 0.125, memory: 6279, loss_rpn_cls: 0.0547, loss_rpn_bbox: 0.0622, loss_cls: 0.2893, acc: 91.5078, loss_bbox: 0.2808, loss: 0.6870
2021-05-03 19:36:56,551 - mmdet - INFO - Epoch [2][2600/7330]	lr: 2.000e-02, eta: 9:34:49, time: 0.441, data_time: 0.125, memory: 6279, loss_rpn_cls: 0.0587, loss_rpn_bbox: 0.0652, loss_cls: 0.3054, acc: 91.0566, loss_bbox: 0.2834, loss: 0.7126
2021-05-03 19:37:18,608 - mmdet - INFO - Epoch [2][2650/7330]	lr: 2.000e-02, eta: 9:34:26, time: 0.440, data_time: 0.123, memory: 6279, loss_rpn_cls: 0.0564, loss_rpn_bbox: 0.0647, loss_cls: 0.2985, acc: 91.0630, loss_bbox: 0.2834, loss: 0.7031
2021-05-03 19:37:40,821 - mmdet - INFO - Epoch [2][2700/7330]	lr: 2.000e-02, eta: 9:34:05, time: 0.445, data_time: 0.127, memory: 6279, loss_rpn_cls: 0.0566, loss_rpn_bbox: 0.0649, loss_cls: 0.3028, acc: 90.9827, loss_bbox: 0.2908, loss: 0.7151
2021-05-03 19:38:02,739 - mmdet - INFO - Epoch [2][2750/7330]	lr: 2.000e-02, eta: 9:33:42, time: 0.438, data_time: 0.127, memory: 6279, loss_rpn_cls: 0.0497, loss_rpn_bbox: 0.0647, loss_cls: 0.3043, acc: 90.8682, loss_bbox: 0.2885, loss: 0.7072
2021-05-03 19:38:24,750 - mmdet - INFO - Epoch [2][2800/7330]	lr: 2.000e-02, eta: 9:33:19, time: 0.440, data_time: 0.120, memory: 6279, loss_rpn_cls: 0.0533, loss_rpn_bbox: 0.0630, loss_cls: 0.3032, acc: 91.0225, loss_bbox: 0.2866, loss: 0.7060
2021-05-03 19:38:46,907 - mmdet - INFO - Epoch [2][2850/7330]	lr: 2.000e-02, eta: 9:32:57, time: 0.443, data_time: 0.126, memory: 6279, loss_rpn_cls: 0.0501, loss_rpn_bbox: 0.0650, loss_cls: 0.3146, acc: 90.7046, loss_bbox: 0.2946, loss: 0.7242
2021-05-03 19:39:08,930 - mmdet - INFO - Epoch [2][2900/7330]	lr: 2.000e-02, eta: 9:32:34, time: 0.441, data_time: 0.122, memory: 6279, loss_rpn_cls: 0.0551, loss_rpn_bbox: 0.0652, loss_cls: 0.2945, acc: 91.1836, loss_bbox: 0.2864, loss: 0.7012
2021-05-03 19:39:31,095 - mmdet - INFO - Epoch [2][2950/7330]	lr: 2.000e-02, eta: 9:32:13, time: 0.443, data_time: 0.125, memory: 6279, loss_rpn_cls: 0.0571, loss_rpn_bbox: 0.0664, loss_cls: 0.3154, acc: 90.7761, loss_bbox: 0.2930, loss: 0.7320
2021-05-03 19:39:53,106 - mmdet - INFO - Epoch [2][3000/7330]	lr: 2.000e-02, eta: 9:31:50, time: 0.440, data_time: 0.122, memory: 6279, loss_rpn_cls: 0.0546, loss_rpn_bbox: 0.0648, loss_cls: 0.3051, acc: 90.9407, loss_bbox: 0.2946, loss: 0.7192
2021-05-03 19:40:15,423 - mmdet - INFO - Epoch [2][3050/7330]	lr: 2.000e-02, eta: 9:31:30, time: 0.446, data_time: 0.125, memory: 6279, loss_rpn_cls: 0.0501, loss_rpn_bbox: 0.0660, loss_cls: 0.3050, acc: 90.8320, loss_bbox: 0.2929, loss: 0.7140
2021-05-03 19:40:37,331 - mmdet - INFO - Epoch [2][3100/7330]	lr: 2.000e-02, eta: 9:31:06, time: 0.438, data_time: 0.123, memory: 6279, loss_rpn_cls: 0.0535, loss_rpn_bbox: 0.0643, loss_cls: 0.2973, acc: 91.1775, loss_bbox: 0.2844, loss: 0.6995
2021-05-03 19:40:59,509 - mmdet - INFO - Epoch [2][3150/7330]	lr: 2.000e-02, eta: 9:30:45, time: 0.444, data_time: 0.128, memory: 6279, loss_rpn_cls: 0.0513, loss_rpn_bbox: 0.0621, loss_cls: 0.2960, acc: 91.1370, loss_bbox: 0.2886, loss: 0.6981
2021-05-03 19:41:21,482 - mmdet - INFO - Epoch [2][3200/7330]	lr: 2.000e-02, eta: 9:30:22, time: 0.440, data_time: 0.126, memory: 6279, loss_rpn_cls: 0.0485, loss_rpn_bbox: 0.0619, loss_cls: 0.2949, acc: 91.4185, loss_bbox: 0.2748, loss: 0.6801
2021-05-03 19:41:43,427 - mmdet - INFO - Epoch [2][3250/7330]	lr: 2.000e-02, eta: 9:29:58, time: 0.439, data_time: 0.125, memory: 6279, loss_rpn_cls: 0.0528, loss_rpn_bbox: 0.0631, loss_cls: 0.3000, acc: 91.0769, loss_bbox: 0.2878, loss: 0.7037
2021-05-03 19:42:05,608 - mmdet - INFO - Epoch [2][3300/7330]	lr: 2.000e-02, eta: 9:29:37, time: 0.444, data_time: 0.125, memory: 6279, loss_rpn_cls: 0.0534, loss_rpn_bbox: 0.0610, loss_cls: 0.2912, acc: 91.4226, loss_bbox: 0.2779, loss: 0.6834
2021-05-03 19:42:27,677 - mmdet - INFO - Epoch [2][3350/7330]	lr: 2.000e-02, eta: 9:29:14, time: 0.441, data_time: 0.126, memory: 6279, loss_rpn_cls: 0.0510, loss_rpn_bbox: 0.0642, loss_cls: 0.3108, acc: 90.8755, loss_bbox: 0.2878, loss: 0.7137
2021-05-03 19:42:49,760 - mmdet - INFO - Epoch [2][3400/7330]	lr: 2.000e-02, eta: 9:28:52, time: 0.442, data_time: 0.128, memory: 6279, loss_rpn_cls: 0.0560, loss_rpn_bbox: 0.0650, loss_cls: 0.2996, acc: 91.1399, loss_bbox: 0.2803, loss: 0.7010
2021-05-03 19:43:11,712 - mmdet - INFO - Epoch [2][3450/7330]	lr: 2.000e-02, eta: 9:28:29, time: 0.439, data_time: 0.129, memory: 6279, loss_rpn_cls: 0.0485, loss_rpn_bbox: 0.0594, loss_cls: 0.2851, acc: 91.6494, loss_bbox: 0.2686, loss: 0.6616
2021-05-03 19:43:33,885 - mmdet - INFO - Epoch [2][3500/7330]	lr: 2.000e-02, eta: 9:28:08, time: 0.443, data_time: 0.128, memory: 6279, loss_rpn_cls: 0.0576, loss_rpn_bbox: 0.0669, loss_cls: 0.3184, acc: 90.6111, loss_bbox: 0.3008, loss: 0.7438
2021-05-03 19:43:55,860 - mmdet - INFO - Epoch [2][3550/7330]	lr: 2.000e-02, eta: 9:27:45, time: 0.440, data_time: 0.130, memory: 6279, loss_rpn_cls: 0.0550, loss_rpn_bbox: 0.0657, loss_cls: 0.3073, acc: 90.9390, loss_bbox: 0.2931, loss: 0.7212
2021-05-03 19:44:18,028 - mmdet - INFO - Epoch [2][3600/7330]	lr: 2.000e-02, eta: 9:27:23, time: 0.443, data_time: 0.129, memory: 6279, loss_rpn_cls: 0.0515, loss_rpn_bbox: 0.0614, loss_cls: 0.2915, acc: 91.3955, loss_bbox: 0.2776, loss: 0.6821
2021-05-03 19:44:40,119 - mmdet - INFO - Epoch [2][3650/7330]	lr: 2.000e-02, eta: 9:27:01, time: 0.442, data_time: 0.126, memory: 6279, loss_rpn_cls: 0.0568, loss_rpn_bbox: 0.0656, loss_cls: 0.2973, acc: 91.0908, loss_bbox: 0.2859, loss: 0.7056
2021-05-03 19:45:02,071 - mmdet - INFO - Epoch [2][3700/7330]	lr: 2.000e-02, eta: 9:26:38, time: 0.439, data_time: 0.125, memory: 6279, loss_rpn_cls: 0.0516, loss_rpn_bbox: 0.0636, loss_cls: 0.3020, acc: 91.0825, loss_bbox: 0.2830, loss: 0.7001
2021-05-03 19:45:24,168 - mmdet - INFO - Epoch [2][3750/7330]	lr: 2.000e-02, eta: 9:26:16, time: 0.442, data_time: 0.129, memory: 6279, loss_rpn_cls: 0.0545, loss_rpn_bbox: 0.0640, loss_cls: 0.2973, acc: 91.1511, loss_bbox: 0.2819, loss: 0.6978
2021-05-03 19:45:46,143 - mmdet - INFO - Epoch [2][3800/7330]	lr: 2.000e-02, eta: 9:25:53, time: 0.440, data_time: 0.127, memory: 6279, loss_rpn_cls: 0.0525, loss_rpn_bbox: 0.0674, loss_cls: 0.3066, acc: 90.8274, loss_bbox: 0.2948, loss: 0.7212
2021-05-03 19:46:08,070 - mmdet - INFO - Epoch [2][3850/7330]	lr: 2.000e-02, eta: 9:25:29, time: 0.438, data_time: 0.125, memory: 6279, loss_rpn_cls: 0.0514, loss_rpn_bbox: 0.0635, loss_cls: 0.2935, acc: 91.2559, loss_bbox: 0.2815, loss: 0.6899
2021-05-03 19:46:30,178 - mmdet - INFO - Epoch [2][3900/7330]	lr: 2.000e-02, eta: 9:25:08, time: 0.443, data_time: 0.128, memory: 6279, loss_rpn_cls: 0.0536, loss_rpn_bbox: 0.0653, loss_cls: 0.3079, acc: 90.8054, loss_bbox: 0.2956, loss: 0.7224
2021-05-03 19:46:52,378 - mmdet - INFO - Epoch [2][3950/7330]	lr: 2.000e-02, eta: 9:24:46, time: 0.444, data_time: 0.122, memory: 6279, loss_rpn_cls: 0.0580, loss_rpn_bbox: 0.0661, loss_cls: 0.3038, acc: 90.6799, loss_bbox: 0.3010, loss: 0.7289
2021-05-03 19:47:14,437 - mmdet - INFO - Epoch [2][4000/7330]	lr: 2.000e-02, eta: 9:24:24, time: 0.441, data_time: 0.127, memory: 6279, loss_rpn_cls: 0.0524, loss_rpn_bbox: 0.0644, loss_cls: 0.2982, acc: 91.1294, loss_bbox: 0.2837, loss: 0.6987
2021-05-03 19:47:36,432 - mmdet - INFO - Epoch [2][4050/7330]	lr: 2.000e-02, eta: 9:24:01, time: 0.440, data_time: 0.123, memory: 6279, loss_rpn_cls: 0.0512, loss_rpn_bbox: 0.0629, loss_cls: 0.3009, acc: 91.0022, loss_bbox: 0.2872, loss: 0.7023
2021-05-03 19:47:58,359 - mmdet - INFO - Epoch [2][4100/7330]	lr: 2.000e-02, eta: 9:23:38, time: 0.438, data_time: 0.128, memory: 6279, loss_rpn_cls: 0.0528, loss_rpn_bbox: 0.0627, loss_cls: 0.2956, acc: 91.1067, loss_bbox: 0.2833, loss: 0.6944
2021-05-03 19:48:20,303 - mmdet - INFO - Epoch [2][4150/7330]	lr: 2.000e-02, eta: 9:23:15, time: 0.439, data_time: 0.122, memory: 6279, loss_rpn_cls: 0.0527, loss_rpn_bbox: 0.0605, loss_cls: 0.2919, acc: 91.3967, loss_bbox: 0.2723, loss: 0.6773
2021-05-03 19:48:42,324 - mmdet - INFO - Epoch [2][4200/7330]	lr: 2.000e-02, eta: 9:22:52, time: 0.440, data_time: 0.129, memory: 6279, loss_rpn_cls: 0.0529, loss_rpn_bbox: 0.0683, loss_cls: 0.2970, acc: 90.9792, loss_bbox: 0.2910, loss: 0.7092
2021-05-03 19:49:04,307 - mmdet - INFO - Epoch [2][4250/7330]	lr: 2.000e-02, eta: 9:22:29, time: 0.440, data_time: 0.131, memory: 6279, loss_rpn_cls: 0.0532, loss_rpn_bbox: 0.0619, loss_cls: 0.2879, acc: 91.4114, loss_bbox: 0.2769, loss: 0.6799
2021-05-03 19:49:26,672 - mmdet - INFO - Epoch [2][4300/7330]	lr: 2.000e-02, eta: 9:22:09, time: 0.447, data_time: 0.129, memory: 6279, loss_rpn_cls: 0.0536, loss_rpn_bbox: 0.0673, loss_cls: 0.3139, acc: 90.6113, loss_bbox: 0.2997, loss: 0.7345
2021-05-03 19:49:48,787 - mmdet - INFO - Epoch [2][4350/7330]	lr: 2.000e-02, eta: 9:21:47, time: 0.443, data_time: 0.121, memory: 6279, loss_rpn_cls: 0.0549, loss_rpn_bbox: 0.0628, loss_cls: 0.2965, acc: 90.9902, loss_bbox: 0.2886, loss: 0.7027
2021-05-03 19:50:11,064 - mmdet - INFO - Epoch [2][4400/7330]	lr: 2.000e-02, eta: 9:21:26, time: 0.445, data_time: 0.135, memory: 6279, loss_rpn_cls: 0.0531, loss_rpn_bbox: 0.0629, loss_cls: 0.3063, acc: 90.9221, loss_bbox: 0.2874, loss: 0.7097
2021-05-03 19:50:33,195 - mmdet - INFO - Epoch [2][4450/7330]	lr: 2.000e-02, eta: 9:21:04, time: 0.443, data_time: 0.124, memory: 6279, loss_rpn_cls: 0.0532, loss_rpn_bbox: 0.0624, loss_cls: 0.3081, acc: 90.7090, loss_bbox: 0.2955, loss: 0.7191
2021-05-03 19:50:55,317 - mmdet - INFO - Epoch [2][4500/7330]	lr: 2.000e-02, eta: 9:20:42, time: 0.443, data_time: 0.126, memory: 6279, loss_rpn_cls: 0.0528, loss_rpn_bbox: 0.0615, loss_cls: 0.2893, acc: 91.4385, loss_bbox: 0.2776, loss: 0.6812
2021-05-03 19:51:17,335 - mmdet - INFO - Epoch [2][4550/7330]	lr: 2.000e-02, eta: 9:20:19, time: 0.440, data_time: 0.129, memory: 6279, loss_rpn_cls: 0.0552, loss_rpn_bbox: 0.0665, loss_cls: 0.3152, acc: 90.7803, loss_bbox: 0.2939, loss: 0.7308
2021-05-03 19:51:39,508 - mmdet - INFO - Epoch [2][4600/7330]	lr: 2.000e-02, eta: 9:19:58, time: 0.444, data_time: 0.131, memory: 6279, loss_rpn_cls: 0.0547, loss_rpn_bbox: 0.0640, loss_cls: 0.3060, acc: 91.0120, loss_bbox: 0.2879, loss: 0.7125
2021-05-03 19:52:01,577 - mmdet - INFO - Epoch [2][4650/7330]	lr: 2.000e-02, eta: 9:19:36, time: 0.441, data_time: 0.128, memory: 6279, loss_rpn_cls: 0.0564, loss_rpn_bbox: 0.0634, loss_cls: 0.3097, acc: 90.7627, loss_bbox: 0.2920, loss: 0.7215
2021-05-03 19:52:23,485 - mmdet - INFO - Epoch [2][4700/7330]	lr: 2.000e-02, eta: 9:19:13, time: 0.439, data_time: 0.123, memory: 6279, loss_rpn_cls: 0.0533, loss_rpn_bbox: 0.0630, loss_cls: 0.2968, acc: 91.1873, loss_bbox: 0.2793, loss: 0.6924
2021-05-03 19:52:45,458 - mmdet - INFO - Epoch [2][4750/7330]	lr: 2.000e-02, eta: 9:18:50, time: 0.439, data_time: 0.120, memory: 6279, loss_rpn_cls: 0.0534, loss_rpn_bbox: 0.0614, loss_cls: 0.2919, acc: 91.2739, loss_bbox: 0.2832, loss: 0.6899
2021-05-03 19:53:07,465 - mmdet - INFO - Epoch [2][4800/7330]	lr: 2.000e-02, eta: 9:18:27, time: 0.440, data_time: 0.124, memory: 6279, loss_rpn_cls: 0.0526, loss_rpn_bbox: 0.0625, loss_cls: 0.2835, acc: 91.5835, loss_bbox: 0.2769, loss: 0.6755
2021-05-03 19:53:29,425 - mmdet - INFO - Epoch [2][4850/7330]	lr: 2.000e-02, eta: 9:18:04, time: 0.439, data_time: 0.124, memory: 6279, loss_rpn_cls: 0.0526, loss_rpn_bbox: 0.0630, loss_cls: 0.2891, acc: 91.3674, loss_bbox: 0.2743, loss: 0.6789
2021-05-03 19:53:51,583 - mmdet - INFO - Epoch [2][4900/7330]	lr: 2.000e-02, eta: 9:17:42, time: 0.443, data_time: 0.129, memory: 6279, loss_rpn_cls: 0.0525, loss_rpn_bbox: 0.0622, loss_cls: 0.3077, acc: 90.7229, loss_bbox: 0.2926, loss: 0.7150
2021-05-03 19:54:13,527 - mmdet - INFO - Epoch [2][4950/7330]	lr: 2.000e-02, eta: 9:17:19, time: 0.439, data_time: 0.127, memory: 6279, loss_rpn_cls: 0.0506, loss_rpn_bbox: 0.0611, loss_cls: 0.2988, acc: 91.0217, loss_bbox: 0.2901, loss: 0.7006
2021-05-03 19:54:35,486 - mmdet - INFO - Epoch [2][5000/7330]	lr: 2.000e-02, eta: 9:16:56, time: 0.439, data_time: 0.126, memory: 6279, loss_rpn_cls: 0.0526, loss_rpn_bbox: 0.0620, loss_cls: 0.2995, acc: 90.8962, loss_bbox: 0.2930, loss: 0.7071
2021-05-03 19:54:57,649 - mmdet - INFO - Epoch [2][5050/7330]	lr: 2.000e-02, eta: 9:16:35, time: 0.443, data_time: 0.126, memory: 6279, loss_rpn_cls: 0.0503, loss_rpn_bbox: 0.0642, loss_cls: 0.2955, acc: 91.0171, loss_bbox: 0.2859, loss: 0.6959
2021-05-03 19:55:19,658 - mmdet - INFO - Epoch [2][5100/7330]	lr: 2.000e-02, eta: 9:16:12, time: 0.440, data_time: 0.126, memory: 6279, loss_rpn_cls: 0.0533, loss_rpn_bbox: 0.0602, loss_cls: 0.2914, acc: 91.1973, loss_bbox: 0.2857, loss: 0.6907
2021-05-03 19:55:41,770 - mmdet - INFO - Epoch [2][5150/7330]	lr: 2.000e-02, eta: 9:15:50, time: 0.442, data_time: 0.126, memory: 6279, loss_rpn_cls: 0.0504, loss_rpn_bbox: 0.0627, loss_cls: 0.3030, acc: 90.8481, loss_bbox: 0.2935, loss: 0.7097
2021-05-03 19:56:03,678 - mmdet - INFO - Epoch [2][5200/7330]	lr: 2.000e-02, eta: 9:15:27, time: 0.438, data_time: 0.125, memory: 6279, loss_rpn_cls: 0.0548, loss_rpn_bbox: 0.0641, loss_cls: 0.3084, acc: 90.7844, loss_bbox: 0.2890, loss: 0.7162
2021-05-03 19:56:25,604 - mmdet - INFO - Epoch [2][5250/7330]	lr: 2.000e-02, eta: 9:15:04, time: 0.439, data_time: 0.128, memory: 6279, loss_rpn_cls: 0.0548, loss_rpn_bbox: 0.0669, loss_cls: 0.3067, acc: 90.8416, loss_bbox: 0.2973, loss: 0.7257
2021-05-03 19:56:47,668 - mmdet - INFO - Epoch [2][5300/7330]	lr: 2.000e-02, eta: 9:14:42, time: 0.441, data_time: 0.127, memory: 6279, loss_rpn_cls: 0.0530, loss_rpn_bbox: 0.0640, loss_cls: 0.2971, acc: 90.9722, loss_bbox: 0.2883, loss: 0.7025
2021-05-03 19:57:09,716 - mmdet - INFO - Epoch [2][5350/7330]	lr: 2.000e-02, eta: 9:14:19, time: 0.441, data_time: 0.126, memory: 6279, loss_rpn_cls: 0.0549, loss_rpn_bbox: 0.0660, loss_cls: 0.3023, acc: 90.7803, loss_bbox: 0.2904, loss: 0.7136
2021-05-03 19:57:31,846 - mmdet - INFO - Epoch [2][5400/7330]	lr: 2.000e-02, eta: 9:13:57, time: 0.442, data_time: 0.128, memory: 6279, loss_rpn_cls: 0.0481, loss_rpn_bbox: 0.0610, loss_cls: 0.2997, acc: 91.0779, loss_bbox: 0.2847, loss: 0.6935
2021-05-03 19:57:53,960 - mmdet - INFO - Epoch [2][5450/7330]	lr: 2.000e-02, eta: 9:13:35, time: 0.442, data_time: 0.123, memory: 6279, loss_rpn_cls: 0.0539, loss_rpn_bbox: 0.0661, loss_cls: 0.2978, acc: 91.1243, loss_bbox: 0.2801, loss: 0.6980
2021-05-03 19:58:16,115 - mmdet - INFO - Epoch [2][5500/7330]	lr: 2.000e-02, eta: 9:13:14, time: 0.444, data_time: 0.121, memory: 6279, loss_rpn_cls: 0.0532, loss_rpn_bbox: 0.0645, loss_cls: 0.3037, acc: 90.8286, loss_bbox: 0.2930, loss: 0.7144
2021-05-03 19:58:38,319 - mmdet - INFO - Epoch [2][5550/7330]	lr: 2.000e-02, eta: 9:12:52, time: 0.444, data_time: 0.124, memory: 6279, loss_rpn_cls: 0.0525, loss_rpn_bbox: 0.0639, loss_cls: 0.2951, acc: 91.1147, loss_bbox: 0.2882, loss: 0.6997
2021-05-03 19:59:00,288 - mmdet - INFO - Epoch [2][5600/7330]	lr: 2.000e-02, eta: 9:12:30, time: 0.439, data_time: 0.126, memory: 6279, loss_rpn_cls: 0.0581, loss_rpn_bbox: 0.0674, loss_cls: 0.3013, acc: 91.0876, loss_bbox: 0.2861, loss: 0.7130
2021-05-03 19:59:22,340 - mmdet - INFO - Epoch [2][5650/7330]	lr: 2.000e-02, eta: 9:12:07, time: 0.441, data_time: 0.128, memory: 6279, loss_rpn_cls: 0.0501, loss_rpn_bbox: 0.0606, loss_cls: 0.2941, acc: 91.2168, loss_bbox: 0.2834, loss: 0.6883
2021-05-03 19:59:44,333 - mmdet - INFO - Epoch [2][5700/7330]	lr: 2.000e-02, eta: 9:11:44, time: 0.439, data_time: 0.129, memory: 6279, loss_rpn_cls: 0.0516, loss_rpn_bbox: 0.0642, loss_cls: 0.2994, acc: 91.0420, loss_bbox: 0.2901, loss: 0.7053
2021-05-03 20:00:06,480 - mmdet - INFO - Epoch [2][5750/7330]	lr: 2.000e-02, eta: 9:11:23, time: 0.443, data_time: 0.129, memory: 6279, loss_rpn_cls: 0.0504, loss_rpn_bbox: 0.0633, loss_cls: 0.2970, acc: 91.1580, loss_bbox: 0.2811, loss: 0.6918
2021-05-03 20:00:28,514 - mmdet - INFO - Epoch [2][5800/7330]	lr: 2.000e-02, eta: 9:11:00, time: 0.441, data_time: 0.127, memory: 6279, loss_rpn_cls: 0.0510, loss_rpn_bbox: 0.0650, loss_cls: 0.3012, acc: 90.8999, loss_bbox: 0.2888, loss: 0.7060
2021-05-03 20:00:50,390 - mmdet - INFO - Epoch [2][5850/7330]	lr: 2.000e-02, eta: 9:10:37, time: 0.437, data_time: 0.126, memory: 6279, loss_rpn_cls: 0.0549, loss_rpn_bbox: 0.0646, loss_cls: 0.2831, acc: 91.4961, loss_bbox: 0.2720, loss: 0.6746
