2021-05-07 10:50:11,435 - mmdet - INFO - Environment info:
------------------------------------------------------------
sys.platform: linux
Python: 3.7.9 (default, Aug 31 2020, 12:42:55) [GCC 7.3.0]
CUDA available: True
GPU 0,1,2,3,4,5,6,7: GeForce RTX 2080 Ti
CUDA_HOME: /usr/local/cuda
NVCC: Cuda compilation tools, release 10.0, V10.0.130
GCC: gcc (Ubuntu 5.4.0-6ubuntu1~16.04.11) 5.4.0 20160609
PyTorch: 1.6.0
PyTorch compiling details: PyTorch built with:
  - GCC 7.3
  - C++ Version: 201402
  - Intel(R) Math Kernel Library Version 2020.0.2 Product Build 20200624 for Intel(R) 64 architecture applications
  - Intel(R) MKL-DNN v1.5.0 (Git Hash e2ac1fac44c5078ca927cb9b90e1b3066a0b2ed0)
  - OpenMP 201511 (a.k.a. OpenMP 4.5)
  - NNPACK is enabled
  - CPU capability usage: AVX2
  - CUDA Runtime 10.2
  - NVCC architecture flags: -gencode;arch=compute_37,code=sm_37;-gencode;arch=compute_50,code=sm_50;-gencode;arch=compute_60,code=sm_60;-gencode;arch=compute_61,code=sm_61;-gencode;arch=compute_70,code=sm_70;-gencode;arch=compute_75,code=sm_75;-gencode;arch=compute_37,code=compute_37
  - CuDNN 7.6.5
  - Magma 2.5.2
  - Build settings: BLAS=MKL, BUILD_TYPE=Release, CXX_FLAGS= -Wno-deprecated -fvisibility-inlines-hidden -DUSE_PTHREADPOOL -fopenmp -DNDEBUG -DUSE_FBGEMM -DUSE_QNNPACK -DUSE_PYTORCH_QNNPACK -DUSE_XNNPACK -DUSE_VULKAN_WRAPPER -O2 -fPIC -Wno-narrowing -Wall -Wextra -Werror=return-type -Wno-missing-field-initializers -Wno-type-limits -Wno-array-bounds -Wno-unknown-pragmas -Wno-sign-compare -Wno-unused-parameter -Wno-unused-variable -Wno-unused-function -Wno-unused-result -Wno-unused-local-typedefs -Wno-strict-overflow -Wno-strict-aliasing -Wno-error=deprecated-declarations -Wno-stringop-overflow -Wno-error=pedantic -Wno-error=redundant-decls -Wno-error=old-style-cast -fdiagnostics-color=always -faligned-new -Wno-unused-but-set-variable -Wno-maybe-uninitialized -fno-math-errno -fno-trapping-math -Werror=format -Wno-stringop-overflow, PERF_WITH_AVX=1, PERF_WITH_AVX2=1, PERF_WITH_AVX512=1, USE_CUDA=ON, USE_EXCEPTION_PTR=1, USE_GFLAGS=OFF, USE_GLOG=OFF, USE_MKL=ON, USE_MKLDNN=ON, USE_MPI=OFF, USE_NCCL=ON, USE_NNPACK=ON, USE_OPENMP=ON, USE_STATIC_DISPATCH=OFF, 

TorchVision: 0.7.0
OpenCV: 4.4.0
MMCV: 1.3.3
MMCV Compiler: GCC 7.3
MMCV CUDA Compiler: 10.2
MMDetection: 2.12.0+
------------------------------------------------------------

2021-05-07 10:50:11,952 - mmdet - INFO - Distributed training: True
2021-05-07 10:50:12,289 - mmdet - INFO - Config:
model = dict(
    type='FasterRCNN',
    pretrained=
    'work_dirs/imagenet_resnet50_carafed/imagenet_resnet50_carafed_pretrained.pth',
    backbone=dict(
        type='ResNet',
        depth=50,
        num_stages=4,
        out_indices=(0, 1, 2, 3),
        frozen_stages=1,
        norm_cfg=dict(type='BN', requires_grad=True),
        norm_eval=True,
        style='pytorch'),
    neck=dict(
        type='FPN',
        in_channels=[256, 512, 1024, 2048],
        out_channels=256,
        num_outs=5),
    rpn_head=dict(
        type='RPNHead',
        in_channels=256,
        feat_channels=256,
        anchor_generator=dict(
            type='AnchorGenerator',
            scales=[8],
            ratios=[0.5, 1.0, 2.0],
            strides=[4, 8, 16, 32, 64]),
        bbox_coder=dict(
            type='DeltaXYWHBBoxCoder',
            target_means=[0.0, 0.0, 0.0, 0.0],
            target_stds=[1.0, 1.0, 1.0, 1.0]),
        loss_cls=dict(
            type='CrossEntropyLoss', use_sigmoid=True, loss_weight=1.0),
        loss_bbox=dict(type='L1Loss', loss_weight=1.0)),
    roi_head=dict(
        type='StandardRoIHead',
        bbox_roi_extractor=dict(
            type='SingleRoIExtractor',
            roi_layer=dict(type='RoIAlign', output_size=7, sampling_ratio=0),
            out_channels=256,
            featmap_strides=[4, 8, 16, 32]),
        bbox_head=dict(
            type='Shared2FCBBoxHead',
            in_channels=256,
            fc_out_channels=1024,
            roi_feat_size=7,
            num_classes=80,
            bbox_coder=dict(
                type='DeltaXYWHBBoxCoder',
                target_means=[0.0, 0.0, 0.0, 0.0],
                target_stds=[0.1, 0.1, 0.2, 0.2]),
            reg_class_agnostic=False,
            loss_cls=dict(
                type='CrossEntropyLoss', use_sigmoid=False, loss_weight=1.0),
            loss_bbox=dict(type='L1Loss', loss_weight=1.0))))
train_cfg = dict(
    rpn=dict(
        assigner=dict(
            type='MaxIoUAssigner',
            pos_iou_thr=0.7,
            neg_iou_thr=0.3,
            min_pos_iou=0.3,
            match_low_quality=True,
            ignore_iof_thr=-1),
        sampler=dict(
            type='RandomSampler',
            num=256,
            pos_fraction=0.5,
            neg_pos_ub=-1,
            add_gt_as_proposals=False),
        allowed_border=-1,
        pos_weight=-1,
        debug=False),
    rpn_proposal=dict(
        nms_across_levels=False,
        nms_pre=2000,
        nms_post=1000,
        max_num=1000,
        nms_thr=0.7,
        min_bbox_size=0),
    rcnn=dict(
        assigner=dict(
            type='MaxIoUAssigner',
            pos_iou_thr=0.5,
            neg_iou_thr=0.5,
            min_pos_iou=0.5,
            match_low_quality=False,
            ignore_iof_thr=-1),
        sampler=dict(
            type='RandomSampler',
            num=512,
            pos_fraction=0.25,
            neg_pos_ub=-1,
            add_gt_as_proposals=True),
        pos_weight=-1,
        debug=False))
test_cfg = dict(
    rpn=dict(
        nms_across_levels=False,
        nms_pre=1000,
        nms_post=1000,
        max_num=1000,
        nms_thr=0.7,
        min_bbox_size=0),
    rcnn=dict(
        score_thr=0.05,
        nms=dict(type='nms', iou_threshold=0.5),
        max_per_img=100))
dataset_type = 'CocoDataset'
data_root = '../data/coco/'
annotations_root = '../data/coco/annotations/'
image_root = '../data/coco/'
img_scale = (1333, 800)
img_norm_cfg = dict(
    mean=[123.675, 116.28, 103.53], std=[58.395, 57.12, 57.375], to_rgb=True)
train_pipeline = [
    dict(type='LoadImageFromFile'),
    dict(type='LoadAnnotations', with_bbox=True),
    dict(type='Resize', img_scale=(1333, 800), keep_ratio=True),
    dict(type='RandomFlip', flip_ratio=0.5),
    dict(
        type='Normalize',
        mean=[123.675, 116.28, 103.53],
        std=[58.395, 57.12, 57.375],
        to_rgb=True),
    dict(type='Pad', size_divisor=32),
    dict(type='DefaultFormatBundle'),
    dict(type='Collect', keys=['img', 'gt_bboxes', 'gt_labels'])
]
test_pipeline = [
    dict(type='LoadImageFromFile'),
    dict(
        type='MultiScaleFlipAug',
        img_scale=(1333, 800),
        flip=False,
        transforms=[
            dict(type='Resize', keep_ratio=True),
            dict(type='RandomFlip'),
            dict(
                type='Normalize',
                mean=[123.675, 116.28, 103.53],
                std=[58.395, 57.12, 57.375],
                to_rgb=True),
            dict(type='Pad', size_divisor=32),
            dict(type='ImageToTensor', keys=['img']),
            dict(type='Collect', keys=['img'])
        ])
]
data = dict(
    samples_per_gpu=2,
    workers_per_gpu=0,
    train=dict(
        type='CocoDataset',
        ann_file='../data/coco/annotations/instances_train2017.json',
        img_prefix='../data/coco/train2017',
        pipeline=[
            dict(type='LoadImageFromFile'),
            dict(type='LoadAnnotations', with_bbox=True),
            dict(type='Resize', img_scale=(1333, 800), keep_ratio=True),
            dict(type='RandomFlip', flip_ratio=0.5),
            dict(
                type='Normalize',
                mean=[123.675, 116.28, 103.53],
                std=[58.395, 57.12, 57.375],
                to_rgb=True),
            dict(type='Pad', size_divisor=32),
            dict(type='DefaultFormatBundle'),
            dict(type='Collect', keys=['img', 'gt_bboxes', 'gt_labels'])
        ]),
    val=dict(
        type='CocoDataset',
        ann_file='../data/coco/annotations/instances_val2017.json',
        img_prefix='../data/coco/val2017',
        pipeline=[
            dict(type='LoadImageFromFile'),
            dict(
                type='MultiScaleFlipAug',
                img_scale=(1333, 800),
                flip=False,
                transforms=[
                    dict(type='Resize', keep_ratio=True),
                    dict(type='RandomFlip'),
                    dict(
                        type='Normalize',
                        mean=[123.675, 116.28, 103.53],
                        std=[58.395, 57.12, 57.375],
                        to_rgb=True),
                    dict(type='Pad', size_divisor=32),
                    dict(type='ImageToTensor', keys=['img']),
                    dict(type='Collect', keys=['img'])
                ])
        ]),
    test=dict(
        type='CocoDataset',
        ann_file='../data/coco/annotations/image_info_test-dev2017.json',
        img_prefix='../data/coco/test2017/',
        pipeline=[
            dict(type='LoadImageFromFile'),
            dict(
                type='MultiScaleFlipAug',
                img_scale=(1333, 800),
                flip=False,
                transforms=[
                    dict(type='Resize', keep_ratio=True),
                    dict(type='RandomFlip'),
                    dict(
                        type='Normalize',
                        mean=[123.675, 116.28, 103.53],
                        std=[58.395, 57.12, 57.375],
                        to_rgb=True),
                    dict(type='Pad', size_divisor=32),
                    dict(type='ImageToTensor', keys=['img']),
                    dict(type='Collect', keys=['img'])
                ])
        ]))
evaluation = dict(interval=1, metric='bbox')
optimizer = dict(type='SGD', lr=0.02, momentum=0.9, weight_decay=0.0001)
optimizer_config = dict(grad_clip=None)
lr_config = dict(
    policy='step',
    warmup='linear',
    warmup_iters=500,
    warmup_ratio=0.001,
    step=[8, 11])
runner = dict(type='EpochBasedRunner', max_epochs=12)
checkpoint_config = dict(interval=1)
log_config = dict(interval=50, hooks=[dict(type='TextLoggerHook')])
custom_hooks = [dict(type='NumClassCheckHook')]
dist_params = dict(backend='nccl')
log_level = 'INFO'
load_from = None
resume_from = None
workflow = [('train', 1)]
work_dir = './work_dirs/carafed_coco_faster_r50_1x'
gpu_ids = range(0, 1)

2021-05-07 10:50:37,517 - mmdet - INFO - Start running, host: root@c29bb9d22aa7, work_dir: /root/userfolder/mmdetection/work_dirs/carafed_coco_faster_r50_1x
2021-05-07 10:50:37,517 - mmdet - INFO - workflow: [('train', 1)], max: 12 epochs
2021-05-07 10:50:56,788 - mmdet - INFO - Epoch [1][50/58633]	lr: 1.978e-03, eta: 3 days, 3:10:21, time: 0.385, data_time: 0.141, memory: 3942, loss_rpn_cls: 0.3825, loss_rpn_bbox: 0.1071, loss_cls: 0.7726, acc: 93.2988, loss_bbox: 0.2216, loss: 1.4838
2021-05-07 10:51:12,389 - mmdet - INFO - Epoch [1][100/58633]	lr: 3.976e-03, eta: 2 days, 20:03:31, time: 0.312, data_time: 0.078, memory: 3942, loss_rpn_cls: 0.2961, loss_rpn_bbox: 0.1121, loss_cls: 0.6120, acc: 94.7305, loss_bbox: 0.2095, loss: 1.2296
2021-05-07 10:51:28,057 - mmdet - INFO - Epoch [1][150/58633]	lr: 5.974e-03, eta: 2 days, 17:47:12, time: 0.313, data_time: 0.078, memory: 3942, loss_rpn_cls: 0.2630, loss_rpn_bbox: 0.0990, loss_cls: 0.6109, acc: 94.5293, loss_bbox: 0.2033, loss: 1.1762
2021-05-07 10:51:43,744 - mmdet - INFO - Epoch [1][200/58633]	lr: 7.972e-03, eta: 2 days, 16:39:42, time: 0.314, data_time: 0.079, memory: 3942, loss_rpn_cls: 0.2735, loss_rpn_bbox: 0.1110, loss_cls: 0.5427, acc: 94.5215, loss_bbox: 0.1924, loss: 1.1196
2021-05-07 10:51:59,868 - mmdet - INFO - Epoch [1][250/58633]	lr: 9.970e-03, eta: 2 days, 16:19:26, time: 0.322, data_time: 0.090, memory: 3942, loss_rpn_cls: 0.2472, loss_rpn_bbox: 0.1035, loss_cls: 0.5331, acc: 94.5020, loss_bbox: 0.2040, loss: 1.0877
2021-05-07 10:52:17,076 - mmdet - INFO - Epoch [1][300/58633]	lr: 1.197e-02, eta: 2 days, 16:48:19, time: 0.344, data_time: 0.107, memory: 3942, loss_rpn_cls: 0.2493, loss_rpn_bbox: 0.1137, loss_cls: 0.4753, acc: 94.4180, loss_bbox: 0.1931, loss: 1.0315
2021-05-07 10:52:34,336 - mmdet - INFO - Epoch [1][350/58633]	lr: 1.397e-02, eta: 2 days, 17:10:41, time: 0.345, data_time: 0.107, memory: 3942, loss_rpn_cls: 0.2278, loss_rpn_bbox: 0.0934, loss_cls: 0.4710, acc: 94.5430, loss_bbox: 0.1930, loss: 0.9852
2021-05-07 10:52:51,421 - mmdet - INFO - Epoch [1][400/58633]	lr: 1.596e-02, eta: 2 days, 17:22:24, time: 0.342, data_time: 0.108, memory: 3942, loss_rpn_cls: 0.1988, loss_rpn_bbox: 0.0756, loss_cls: 0.3871, acc: 95.2773, loss_bbox: 0.1661, loss: 0.8276
2021-05-07 10:53:08,524 - mmdet - INFO - Epoch [1][450/58633]	lr: 1.796e-02, eta: 2 days, 17:31:29, time: 0.342, data_time: 0.108, memory: 3942, loss_rpn_cls: 0.2321, loss_rpn_bbox: 0.0942, loss_cls: 0.4241, acc: 94.1543, loss_bbox: 0.2042, loss: 0.9546
2021-05-07 10:53:25,192 - mmdet - INFO - Epoch [1][500/58633]	lr: 1.996e-02, eta: 2 days, 17:28:42, time: 0.333, data_time: 0.097, memory: 3942, loss_rpn_cls: 0.2756, loss_rpn_bbox: 0.1207, loss_cls: 0.4485, acc: 94.1016, loss_bbox: 0.1950, loss: 1.0398
2021-05-07 10:53:42,785 - mmdet - INFO - Epoch [1][550/58633]	lr: 2.000e-02, eta: 2 days, 17:46:04, time: 0.352, data_time: 0.113, memory: 3942, loss_rpn_cls: 0.2311, loss_rpn_bbox: 0.1057, loss_cls: 0.4376, acc: 93.9141, loss_bbox: 0.2186, loss: 0.9929
2021-05-07 10:53:59,783 - mmdet - INFO - Epoch [1][600/58633]	lr: 2.000e-02, eta: 2 days, 17:48:55, time: 0.340, data_time: 0.103, memory: 3942, loss_rpn_cls: 0.2385, loss_rpn_bbox: 0.0976, loss_cls: 0.3831, acc: 94.8281, loss_bbox: 0.1759, loss: 0.8951
2021-05-07 10:54:16,795 - mmdet - INFO - Epoch [1][650/58633]	lr: 2.000e-02, eta: 2 days, 17:51:27, time: 0.340, data_time: 0.106, memory: 3942, loss_rpn_cls: 0.2527, loss_rpn_bbox: 0.1108, loss_cls: 0.4148, acc: 94.3730, loss_bbox: 0.1958, loss: 0.9740
2021-05-07 10:54:33,548 - mmdet - INFO - Epoch [1][700/58633]	lr: 2.000e-02, eta: 2 days, 17:49:22, time: 0.335, data_time: 0.102, memory: 3942, loss_rpn_cls: 0.2818, loss_rpn_bbox: 0.1158, loss_cls: 0.3949, acc: 94.6406, loss_bbox: 0.1717, loss: 0.9642
2021-05-07 10:54:50,129 - mmdet - INFO - Epoch [1][750/58633]	lr: 2.000e-02, eta: 2 days, 17:44:49, time: 0.332, data_time: 0.100, memory: 3942, loss_rpn_cls: 0.2289, loss_rpn_bbox: 0.1071, loss_cls: 0.4146, acc: 94.4141, loss_bbox: 0.1967, loss: 0.9474
2021-05-07 10:55:06,708 - mmdet - INFO - Epoch [1][800/58633]	lr: 2.000e-02, eta: 2 days, 17:40:43, time: 0.332, data_time: 0.097, memory: 3942, loss_rpn_cls: 0.2658, loss_rpn_bbox: 0.1135, loss_cls: 0.4534, acc: 93.3047, loss_bbox: 0.2285, loss: 1.0612
2021-05-07 10:55:23,386 - mmdet - INFO - Epoch [1][850/58633]	lr: 2.000e-02, eta: 2 days, 17:38:26, time: 0.334, data_time: 0.099, memory: 3942, loss_rpn_cls: 0.1991, loss_rpn_bbox: 0.0851, loss_cls: 0.3745, acc: 94.9336, loss_bbox: 0.1746, loss: 0.8332
2021-05-07 10:55:39,985 - mmdet - INFO - Epoch [1][900/58633]	lr: 2.000e-02, eta: 2 days, 17:35:23, time: 0.332, data_time: 0.100, memory: 3942, loss_rpn_cls: 0.2130, loss_rpn_bbox: 0.0966, loss_cls: 0.4307, acc: 94.0684, loss_bbox: 0.2119, loss: 0.9522
