2021-02-27 20:19:31,425 - mmdet - INFO - Environment info:
------------------------------------------------------------
sys.platform: linux
Python: 3.6.12 |Anaconda, Inc.| (default, Sep  8 2020, 23:10:56) [GCC 7.3.0]
CUDA available: True
GPU 0: GeForce RTX 2080 Ti
CUDA_HOME: /usr/local/cuda
NVCC: Cuda compilation tools, release 10.0, V10.0.130
GCC: gcc (Ubuntu 5.4.0-6ubuntu1~16.04.11) 5.4.0 20160609
PyTorch: 1.4.0
PyTorch compiling details: PyTorch built with:
  - GCC 7.3
  - Intel(R) Math Kernel Library Version 2020.0.2 Product Build 20200624 for Intel(R) 64 architecture applications
  - Intel(R) MKL-DNN v0.21.1 (Git Hash 7d2fd500bc78936d1d648ca713b901012f470dbc)
  - OpenMP 201511 (a.k.a. OpenMP 4.5)
  - NNPACK is enabled
  - CUDA Runtime 10.0
  - NVCC architecture flags: -gencode;arch=compute_37,code=sm_37;-gencode;arch=compute_50,code=sm_50;-gencode;arch=compute_60,code=sm_60;-gencode;arch=compute_61,code=sm_61;-gencode;arch=compute_70,code=sm_70;-gencode;arch=compute_75,code=sm_75;-gencode;arch=compute_37,code=compute_37
  - CuDNN 7.6.3
  - Magma 2.5.1
  - Build settings: BLAS=MKL, BUILD_NAMEDTENSOR=OFF, BUILD_TYPE=Release, CXX_FLAGS= -Wno-deprecated -fvisibility-inlines-hidden -fopenmp -DUSE_FBGEMM -DUSE_QNNPACK -DUSE_PYTORCH_QNNPACK -O2 -fPIC -Wno-narrowing -Wall -Wextra -Wno-missing-field-initializers -Wno-type-limits -Wno-array-bounds -Wno-unknown-pragmas -Wno-sign-compare -Wno-unused-parameter -Wno-unused-variable -Wno-unused-function -Wno-unused-result -Wno-strict-overflow -Wno-strict-aliasing -Wno-error=deprecated-declarations -Wno-stringop-overflow -Wno-error=pedantic -Wno-error=redundant-decls -Wno-error=old-style-cast -fdiagnostics-color=always -faligned-new -Wno-unused-but-set-variable -Wno-maybe-uninitialized -fno-math-errno -fno-trapping-math -Wno-stringop-overflow, DISABLE_NUMA=1, PERF_WITH_AVX=1, PERF_WITH_AVX2=1, PERF_WITH_AVX512=1, USE_CUDA=ON, USE_EXCEPTION_PTR=1, USE_GFLAGS=OFF, USE_GLOG=OFF, USE_MKL=ON, USE_MKLDNN=ON, USE_MPI=OFF, USE_NCCL=ON, USE_NNPACK=ON, USE_OPENMP=ON, USE_STATIC_DISPATCH=OFF, 

TorchVision: 0.5.0
OpenCV: 4.4.0
MMCV: 1.1.5
MMCV Compiler: GCC 7.3
MMCV CUDA Compiler: 10.0
MMDetection: 2.5.0+
------------------------------------------------------------

2021-02-27 20:19:33,886 - mmdet - INFO - Distributed training: False
2021-02-27 20:19:35,795 - mmdet - INFO - Config:
checkpoint_config = dict(interval=1)
log_config = dict(interval=50, hooks=[dict(type='TextLoggerHook')])
dist_params = dict(backend='nccl')
log_level = 'INFO'
load_from = None
resume_from = None
workflow = [('train', 1)]
model = dict(
    type='YOLOV3',
    pretrained='open-mmlab://darknet53',
    backbone=dict(type='Darknet', depth=53, out_indices=(3, 4, 5)),
    neck=dict(
        type='YOLOV3Neck',
        num_scales=3,
        in_channels=[1024, 512, 256],
        out_channels=[512, 256, 128]),
    bbox_head=dict(
        type='YOLOV3Head',
        num_classes=80,
        in_channels=[512, 256, 128],
        out_channels=[1024, 512, 256],
        anchor_generator=dict(
            type='YOLOAnchorGenerator',
            base_sizes=[[(116, 90), (156, 198), (373, 326)],
                        [(30, 61), (62, 45), (59, 119)],
                        [(10, 13), (16, 30), (33, 23)]],
            strides=[32, 16, 8]),
        bbox_coder=dict(type='YOLOBBoxCoder'),
        featmap_strides=[32, 16, 8],
        loss_cls=dict(
            type='CrossEntropyLoss',
            use_sigmoid=True,
            loss_weight=1.0,
            reduction='sum'),
        loss_conf=dict(
            type='CrossEntropyLoss',
            use_sigmoid=True,
            loss_weight=1.0,
            reduction='sum'),
        loss_xy=dict(
            type='CrossEntropyLoss',
            use_sigmoid=True,
            loss_weight=2.0,
            reduction='sum'),
        loss_wh=dict(type='MSELoss', loss_weight=2.0, reduction='sum')))
train_cfg = dict(
    assigner=dict(
        type='GridAssigner', pos_iou_thr=0.5, neg_iou_thr=0.5, min_pos_iou=0))
test_cfg = dict(
    nms_pre=1000,
    min_bbox_size=0,
    score_thr=0.05,
    conf_thr=0.005,
    nms=dict(type='nms', iou_threshold=0.45),
    max_per_img=100)
dataset_type = 'COCODataset'
data_root = 'data/coco/'
img_norm_cfg = dict(mean=[0, 0, 0], std=[255.0, 255.0, 255.0], to_rgb=True)
train_pipeline = [
    dict(type='LoadImageFromFile', to_float32=True),
    dict(type='LoadAnnotations', with_bbox=True),
    dict(type='PhotoMetricDistortion'),
    dict(type='Expand', mean=[0, 0, 0], to_rgb=True, ratio_range=(1, 2)),
    dict(
        type='MinIoURandomCrop',
        min_ious=(0.4, 0.5, 0.6, 0.7, 0.8, 0.9),
        min_crop_size=0.3),
    dict(type='Resize', img_scale=[(320, 320), (416, 416)], keep_ratio=True),
    dict(type='RandomFlip', flip_ratio=0.5),
    dict(
        type='Normalize',
        mean=[0, 0, 0],
        std=[255.0, 255.0, 255.0],
        to_rgb=True),
    dict(type='Pad', size_divisor=32),
    dict(type='DefaultFormatBundle'),
    dict(type='Collect', keys=['img', 'gt_bboxes', 'gt_labels'])
]
test_pipeline = [
    dict(type='LoadImageFromFile'),
    dict(
        type='MultiScaleFlipAug',
        img_scale=(416, 416),
        flip=False,
        transforms=[
            dict(type='Resize', keep_ratio=True),
            dict(type='RandomFlip'),
            dict(
                type='Normalize',
                mean=[0, 0, 0],
                std=[255.0, 255.0, 255.0],
                to_rgb=True),
            dict(type='Pad', size_divisor=32),
            dict(type='ImageToTensor', keys=['img']),
            dict(type='Collect', keys=['img'])
        ])
]
data = dict(
    samples_per_gpu=8,
    workers_per_gpu=4,
    train=dict(
        type='CocoDataset',
        ann_file='/root/userfolder/data/VOC2019/coco_train.json',
        img_prefix='/root/userfolder/data/VOC2019/JPEGImages/',
        pipeline=[
            dict(type='LoadImageFromFile', to_float32=True),
            dict(type='LoadAnnotations', with_bbox=True),
            dict(type='PhotoMetricDistortion'),
            dict(
                type='Expand', mean=[0, 0, 0], to_rgb=True,
                ratio_range=(1, 2)),
            dict(
                type='MinIoURandomCrop',
                min_ious=(0.4, 0.5, 0.6, 0.7, 0.8, 0.9),
                min_crop_size=0.3),
            dict(
                type='Resize',
                img_scale=[(320, 320), (416, 416)],
                keep_ratio=True),
            dict(type='RandomFlip', flip_ratio=0.5),
            dict(
                type='Normalize',
                mean=[0, 0, 0],
                std=[255.0, 255.0, 255.0],
                to_rgb=True),
            dict(type='Pad', size_divisor=32),
            dict(type='DefaultFormatBundle'),
            dict(type='Collect', keys=['img', 'gt_bboxes', 'gt_labels'])
        ],
        classes=('normal', 'ascus', 'asch', 'lsil', 'hsil', 'agc',
                 'adenocarcinoma', 'vaginalis', 'monilia', 'dysbacteriosis')),
    val=dict(
        type='CocoDataset',
        ann_file='/root/userfolder/data/VOC2019/coco_test.json',
        img_prefix='/root/userfolder/data/VOC2019/JPEGImages/',
        pipeline=[
            dict(type='LoadImageFromFile'),
            dict(
                type='MultiScaleFlipAug',
                img_scale=(416, 416),
                flip=False,
                transforms=[
                    dict(type='Resize', keep_ratio=True),
                    dict(type='RandomFlip'),
                    dict(
                        type='Normalize',
                        mean=[0, 0, 0],
                        std=[255.0, 255.0, 255.0],
                        to_rgb=True),
                    dict(type='Pad', size_divisor=32),
                    dict(type='ImageToTensor', keys=['img']),
                    dict(type='Collect', keys=['img'])
                ])
        ],
        classes=('normal', 'ascus', 'asch', 'lsil', 'hsil', 'agc',
                 'adenocarcinoma', 'vaginalis', 'monilia', 'dysbacteriosis')),
    test=dict(
        type='CocoDataset',
        ann_file='/root/userfolder/data/VOC2019/coco_test.json',
        img_prefix='/root/userfolder/data/VOC2019/JPEGImages/',
        pipeline=[
            dict(type='LoadImageFromFile'),
            dict(
                type='MultiScaleFlipAug',
                img_scale=(416, 416),
                flip=False,
                transforms=[
                    dict(type='Resize', keep_ratio=True),
                    dict(type='RandomFlip'),
                    dict(
                        type='Normalize',
                        mean=[0, 0, 0],
                        std=[255.0, 255.0, 255.0],
                        to_rgb=True),
                    dict(type='Pad', size_divisor=32),
                    dict(type='ImageToTensor', keys=['img']),
                    dict(type='Collect', keys=['img'])
                ])
        ],
        classes=('normal', 'ascus', 'asch', 'lsil', 'hsil', 'agc',
                 'adenocarcinoma', 'vaginalis', 'monilia', 'dysbacteriosis')))
optimizer = dict(type='SGD', lr=0.001, momentum=0.9, weight_decay=0.0005)
optimizer_config = dict(grad_clip=dict(max_norm=35, norm_type=2))
lr_config = dict(
    policy='step',
    warmup='linear',
    warmup_iters=2000,
    warmup_ratio=0.1,
    step=[218, 246])
total_epochs = 273
evaluation = dict(interval=1, metric=['bbox'])
classes = ('normal', 'ascus', 'asch', 'lsil', 'hsil', 'agc', 'adenocarcinoma',
           'vaginalis', 'monilia', 'dysbacteriosis')
work_dir = './work_dirs/yolo_swx'
gpu_ids = range(0, 1)

2021-02-27 20:19:37,338 - mmdet - INFO - load model from: open-mmlab://darknet53
2021-02-27 20:19:45,618 - mmdet - INFO - Start running, host: root@48311a6e91ab, work_dir: /root/userfolder/mmdetection/work_dirs/yolo_swx
2021-02-27 20:19:45,618 - mmdet - INFO - workflow: [('train', 1)], max: 273 epochs
