2020-10-27 10:12:40,954 - mmdet - INFO - Environment info:
------------------------------------------------------------
sys.platform: linux
Python: 3.7.9 (default, Aug 31 2020, 12:42:55) [GCC 7.3.0]
CUDA available: True
GPU 0,1,2,3: GeForce RTX 2080 Ti
CUDA_HOME: /usr/local/cuda
NVCC: Cuda compilation tools, release 10.0, V10.0.130
GCC: gcc (Ubuntu 5.4.0-6ubuntu1~16.04.11) 5.4.0 20160609
PyTorch: 1.4.0
PyTorch compiling details: PyTorch built with:
  - GCC 7.3
  - Intel(R) Math Kernel Library Version 2020.0.2 Product Build 20200624 for Intel(R) 64 architecture applications
  - Intel(R) MKL-DNN v0.21.1 (Git Hash 7d2fd500bc78936d1d648ca713b901012f470dbc)
  - OpenMP 201511 (a.k.a. OpenMP 4.5)
  - NNPACK is enabled
  - CUDA Runtime 10.0
  - NVCC architecture flags: -gencode;arch=compute_37,code=sm_37;-gencode;arch=compute_50,code=sm_50;-gencode;arch=compute_60,code=sm_60;-gencode;arch=compute_61,code=sm_61;-gencode;arch=compute_70,code=sm_70;-gencode;arch=compute_75,code=sm_75;-gencode;arch=compute_37,code=compute_37
  - CuDNN 7.6.3
  - Magma 2.5.1
  - Build settings: BLAS=MKL, BUILD_NAMEDTENSOR=OFF, BUILD_TYPE=Release, CXX_FLAGS= -Wno-deprecated -fvisibility-inlines-hidden -fopenmp -DUSE_FBGEMM -DUSE_QNNPACK -DUSE_PYTORCH_QNNPACK -O2 -fPIC -Wno-narrowing -Wall -Wextra -Wno-missing-field-initializers -Wno-type-limits -Wno-array-bounds -Wno-unknown-pragmas -Wno-sign-compare -Wno-unused-parameter -Wno-unused-variable -Wno-unused-function -Wno-unused-result -Wno-strict-overflow -Wno-strict-aliasing -Wno-error=deprecated-declarations -Wno-stringop-overflow -Wno-error=pedantic -Wno-error=redundant-decls -Wno-error=old-style-cast -fdiagnostics-color=always -faligned-new -Wno-unused-but-set-variable -Wno-maybe-uninitialized -fno-math-errno -fno-trapping-math -Wno-stringop-overflow, DISABLE_NUMA=1, PERF_WITH_AVX=1, PERF_WITH_AVX2=1, PERF_WITH_AVX512=1, USE_CUDA=ON, USE_EXCEPTION_PTR=1, USE_GFLAGS=OFF, USE_GLOG=OFF, USE_MKL=ON, USE_MKLDNN=ON, USE_MPI=OFF, USE_NCCL=ON, USE_NNPACK=ON, USE_OPENMP=ON, USE_STATIC_DISPATCH=OFF, 

TorchVision: 0.5.0
OpenCV: 4.4.0
MMCV: 1.1.5
MMCV Compiler: GCC 7.3
MMCV CUDA Compiler: 10.0
MMDetection: 2.5.0+
------------------------------------------------------------

2020-10-27 10:12:43,189 - mmdet - INFO - Distributed training: True
2020-10-27 10:12:45,387 - mmdet - INFO - Config:
model = dict(
    type='FasterRCNN',
    pretrained='icode/moco_v2_800ep_pretrain_rename.pth',
    backbone=dict(
        type='ResNet',
        depth=50,
        num_stages=4,
        out_indices=(0, 1, 2, 3),
        frozen_stages=1,
        norm_cfg=dict(type='BN', requires_grad=False),
        norm_eval=True,
        style='caffe'),
    neck=dict(
        type='FPN',
        in_channels=[256, 512, 1024, 2048],
        out_channels=256,
        num_outs=5),
    rpn_head=dict(
        type='RPNHead',
        in_channels=256,
        feat_channels=256,
        anchor_generator=dict(
            type='AnchorGenerator',
            scales=[8],
            ratios=[0.5, 1.0, 2.0],
            strides=[4, 8, 16, 32, 64]),
        bbox_coder=dict(
            type='DeltaXYWHBBoxCoder',
            target_means=[0.0, 0.0, 0.0, 0.0],
            target_stds=[1.0, 1.0, 1.0, 1.0]),
        loss_cls=dict(
            type='CrossEntropyLoss', use_sigmoid=True, loss_weight=1.0),
        loss_bbox=dict(type='L1Loss', loss_weight=1.0)),
    roi_head=dict(
        type='StandardRoIHead',
        bbox_roi_extractor=dict(
            type='SingleRoIExtractor',
            roi_layer=dict(type='RoIAlign', output_size=7, sampling_ratio=0),
            out_channels=256,
            featmap_strides=[4, 8, 16, 32]),
        bbox_head=dict(
            type='Shared2FCBBoxHead',
            in_channels=256,
            fc_out_channels=1024,
            roi_feat_size=7,
            num_classes=20,
            bbox_coder=dict(
                type='DeltaXYWHBBoxCoder',
                target_means=[0.0, 0.0, 0.0, 0.0],
                target_stds=[0.1, 0.1, 0.2, 0.2]),
            reg_class_agnostic=False,
            loss_cls=dict(
                type='CrossEntropyLoss', use_sigmoid=False, loss_weight=1.0),
            loss_bbox=dict(type='L1Loss', loss_weight=1.0))))
train_cfg = dict(
    rpn=dict(
        assigner=dict(
            type='MaxIoUAssigner',
            pos_iou_thr=0.7,
            neg_iou_thr=0.3,
            min_pos_iou=0.3,
            match_low_quality=True,
            ignore_iof_thr=-1),
        sampler=dict(
            type='RandomSampler',
            num=256,
            pos_fraction=0.5,
            neg_pos_ub=-1,
            add_gt_as_proposals=False),
        allowed_border=-1,
        pos_weight=-1,
        debug=False),
    rpn_proposal=dict(
        nms_across_levels=False,
        nms_pre=2000,
        nms_post=1000,
        max_num=1000,
        nms_thr=0.7,
        min_bbox_size=0),
    rcnn=dict(
        assigner=dict(
            type='MaxIoUAssigner',
            pos_iou_thr=0.5,
            neg_iou_thr=0.5,
            min_pos_iou=0.5,
            match_low_quality=False,
            ignore_iof_thr=-1),
        sampler=dict(
            type='RandomSampler',
            num=512,
            pos_fraction=0.25,
            neg_pos_ub=-1,
            add_gt_as_proposals=True),
        pos_weight=-1,
        debug=False))
test_cfg = dict(
    rpn=dict(
        nms_across_levels=False,
        nms_pre=1000,
        nms_post=1000,
        max_num=1000,
        nms_thr=0.7,
        min_bbox_size=0),
    rcnn=dict(
        score_thr=0.05,
        nms=dict(type='nms', iou_threshold=0.5),
        max_per_img=100))
dataset_type = 'VOCDataset'
data_root = '/root/userfolder/data/voc0712/VOCdevkit/'
img_norm_cfg = dict(
    mean=[103.53, 116.28, 123.675], std=[1.0, 1.0, 1.0], to_rgb=False)
train_pipeline = [
    dict(type='LoadImageFromFile'),
    dict(type='LoadAnnotations', with_bbox=True),
    dict(type='Resize', img_scale=(1333, 800), keep_ratio=True),
    dict(type='RandomFlip', flip_ratio=0.5),
    dict(
        type='Normalize',
        mean=[103.53, 116.28, 123.675],
        std=[1.0, 1.0, 1.0],
        to_rgb=False),
    dict(type='Pad', size_divisor=32),
    dict(type='DefaultFormatBundle'),
    dict(type='Collect', keys=['img', 'gt_bboxes', 'gt_labels'])
]
test_pipeline = [
    dict(type='LoadImageFromFile'),
    dict(
        type='MultiScaleFlipAug',
        img_scale=(1333, 800),
        flip=False,
        transforms=[
            dict(type='Resize', keep_ratio=True),
            dict(type='RandomFlip'),
            dict(
                type='Normalize',
                mean=[103.53, 116.28, 123.675],
                std=[1.0, 1.0, 1.0],
                to_rgb=False),
            dict(type='Pad', size_divisor=32),
            dict(type='ImageToTensor', keys=['img']),
            dict(type='Collect', keys=['img'])
        ])
]
data = dict(
    samples_per_gpu=2,
    workers_per_gpu=0,
    train=dict(
        type='RepeatDataset',
        times=3,
        dataset=dict(
            type='VOCDataset',
            ann_file=[
                '/root/userfolder/data/voc0712/VOCdevkit/VOC2007/ImageSets/Main/trainval.txt',
                '/root/userfolder/data/voc0712/VOCdevkit/VOC2012/ImageSets/Main/trainval.txt'
            ],
            img_prefix=[
                '/root/userfolder/data/voc0712/VOCdevkit/VOC2007/',
                '/root/userfolder/data/voc0712/VOCdevkit/VOC2012/'
            ],
            pipeline=[
                dict(type='LoadImageFromFile'),
                dict(type='LoadAnnotations', with_bbox=True),
                dict(type='Resize', img_scale=(1000, 600), keep_ratio=True),
                dict(type='RandomFlip', flip_ratio=0.5),
                dict(
                    type='Normalize',
                    mean=[123.675, 116.28, 103.53],
                    std=[58.395, 57.12, 57.375],
                    to_rgb=True),
                dict(type='Pad', size_divisor=32),
                dict(type='DefaultFormatBundle'),
                dict(type='Collect', keys=['img', 'gt_bboxes', 'gt_labels'])
            ]),
        pipeline=[
            dict(type='LoadImageFromFile'),
            dict(type='LoadAnnotations', with_bbox=True),
            dict(type='Resize', img_scale=(1333, 800), keep_ratio=True),
            dict(type='RandomFlip', flip_ratio=0.5),
            dict(
                type='Normalize',
                mean=[103.53, 116.28, 123.675],
                std=[1.0, 1.0, 1.0],
                to_rgb=False),
            dict(type='Pad', size_divisor=32),
            dict(type='DefaultFormatBundle'),
            dict(type='Collect', keys=['img', 'gt_bboxes', 'gt_labels'])
        ]),
    val=dict(
        type='VOCDataset',
        ann_file=
        '/root/userfolder/data/voc0712/VOCdevkit/VOC2007/ImageSets/Main/test.txt',
        img_prefix='/root/userfolder/data/voc0712/VOCdevkit/VOC2007/',
        pipeline=[
            dict(type='LoadImageFromFile'),
            dict(
                type='MultiScaleFlipAug',
                img_scale=(1333, 800),
                flip=False,
                transforms=[
                    dict(type='Resize', keep_ratio=True),
                    dict(type='RandomFlip'),
                    dict(
                        type='Normalize',
                        mean=[103.53, 116.28, 123.675],
                        std=[1.0, 1.0, 1.0],
                        to_rgb=False),
                    dict(type='Pad', size_divisor=32),
                    dict(type='ImageToTensor', keys=['img']),
                    dict(type='Collect', keys=['img'])
                ])
        ]),
    test=dict(
        type='VOCDataset',
        ann_file=
        '/root/userfolder/data/voc0712/VOCdevkit/VOC2007/ImageSets/Main/test.txt',
        img_prefix='/root/userfolder/data/voc0712/VOCdevkit/VOC2007/',
        pipeline=[
            dict(type='LoadImageFromFile'),
            dict(
                type='MultiScaleFlipAug',
                img_scale=(1333, 800),
                flip=False,
                transforms=[
                    dict(type='Resize', keep_ratio=True),
                    dict(type='RandomFlip'),
                    dict(
                        type='Normalize',
                        mean=[103.53, 116.28, 123.675],
                        std=[1.0, 1.0, 1.0],
                        to_rgb=False),
                    dict(type='Pad', size_divisor=32),
                    dict(type='ImageToTensor', keys=['img']),
                    dict(type='Collect', keys=['img'])
                ])
        ]))
evaluation = dict(interval=1, metric='mAP')
checkpoint_config = dict(interval=1)
log_config = dict(interval=50, hooks=[dict(type='TextLoggerHook')])
dist_params = dict(backend='nccl')
log_level = 'INFO'
load_from = None
resume_from = None
workflow = [('train', 1)]
optimizer = dict(type='SGD', lr=0.0025, momentum=0.9, weight_decay=0.0001)
optimizer_config = dict(grad_clip=None)
lr_config = dict(
    policy='step',
    warmup='linear',
    warmup_iters=500,
    warmup_ratio=0.001,
    step=[16, 22])
total_epochs = 24
work_dir = './work_dirs/faster_rcnn_r50_caffe_fpn_2x_voc_mocov2_800ep'
gpu_ids = range(0, 1)

2020-10-27 10:12:45,741 - mmdet - INFO - load model from: icode/moco_v2_800ep_pretrain_rename.pth
2020-10-27 10:12:48,643 - mmdet - WARNING - The model and loaded state dict do not match exactly

unexpected key in source state_dict: fc.0.weight, fc.0.bias, fc.2.weight, fc.2.bias

2020-10-27 10:13:16,267 - mmdet - INFO - Start running, host: root@c29bb9d22aa7, work_dir: /root/userfolder/mmdetection/work_dirs/faster_rcnn_r50_caffe_fpn_2x_voc_mocov2_800ep
2020-10-27 10:13:16,267 - mmdet - INFO - workflow: [('train', 1)], max: 24 epochs
2020-10-27 10:13:46,142 - mmdet - INFO - Epoch [1][50/6207]	lr: 2.473e-04, eta: 1 day, 0:34:15, time: 0.594, data_time: 0.128, memory: 2471, loss_rpn_cls: 0.6909, loss_rpn_bbox: 0.0231, loss_cls: 2.8414, acc: 73.9482, loss_bbox: 0.0012, loss: 3.5566
2020-10-27 10:14:01,230 - mmdet - INFO - Epoch [1][100/6207]	lr: 4.970e-04, eta: 18:31:23, time: 0.302, data_time: 0.081, memory: 2471, loss_rpn_cls: 0.2366, loss_rpn_bbox: 0.0296, loss_cls: 0.5650, acc: 97.1611, loss_bbox: 0.1063, loss: 0.9376
2020-10-27 10:14:17,469 - mmdet - INFO - Epoch [1][150/6207]	lr: 7.468e-04, eta: 16:49:11, time: 0.325, data_time: 0.077, memory: 2471, loss_rpn_cls: 0.0853, loss_rpn_bbox: 0.0223, loss_cls: 0.3690, acc: 96.4985, loss_bbox: 0.1369, loss: 0.6135
2020-10-27 10:14:32,520 - mmdet - INFO - Epoch [1][200/6207]	lr: 9.965e-04, eta: 15:43:09, time: 0.301, data_time: 0.084, memory: 2471, loss_rpn_cls: 0.0750, loss_rpn_bbox: 0.0208, loss_cls: 0.3668, acc: 96.1074, loss_bbox: 0.1539, loss: 0.6164
2020-10-27 10:14:48,920 - mmdet - INFO - Epoch [1][250/6207]	lr: 1.246e-03, eta: 15:16:53, time: 0.328, data_time: 0.077, memory: 2471, loss_rpn_cls: 0.0823, loss_rpn_bbox: 0.0241, loss_cls: 0.3072, acc: 96.0586, loss_bbox: 0.1532, loss: 0.5668
2020-10-27 10:15:03,700 - mmdet - INFO - Epoch [1][300/6207]	lr: 1.496e-03, eta: 14:45:51, time: 0.296, data_time: 0.080, memory: 2471, loss_rpn_cls: 0.0743, loss_rpn_bbox: 0.0201, loss_cls: 0.3193, acc: 96.2168, loss_bbox: 0.1479, loss: 0.5616
2020-10-27 10:15:18,631 - mmdet - INFO - Epoch [1][350/6207]	lr: 1.746e-03, eta: 14:24:43, time: 0.299, data_time: 0.082, memory: 2471, loss_rpn_cls: 0.0743, loss_rpn_bbox: 0.0234, loss_cls: 0.3206, acc: 95.5728, loss_bbox: 0.1746, loss: 0.5930
2020-10-27 10:15:33,972 - mmdet - INFO - Epoch [1][400/6207]	lr: 1.996e-03, eta: 14:11:19, time: 0.307, data_time: 0.083, memory: 2471, loss_rpn_cls: 0.0735, loss_rpn_bbox: 0.0215, loss_cls: 0.2927, acc: 95.8789, loss_bbox: 0.1613, loss: 0.5491
2020-10-27 10:15:49,014 - mmdet - INFO - Epoch [1][450/6207]	lr: 2.245e-03, eta: 13:59:14, time: 0.301, data_time: 0.082, memory: 2471, loss_rpn_cls: 0.0728, loss_rpn_bbox: 0.0218, loss_cls: 0.2937, acc: 95.7476, loss_bbox: 0.1667, loss: 0.5550
2020-10-27 10:16:06,313 - mmdet - INFO - Epoch [1][500/6207]	lr: 2.495e-03, eta: 14:00:42, time: 0.346, data_time: 0.081, memory: 2471, loss_rpn_cls: 0.0790, loss_rpn_bbox: 0.0253, loss_cls: 0.3014, acc: 95.3975, loss_bbox: 0.1815, loss: 0.5871
2020-10-27 10:16:21,433 - mmdet - INFO - Epoch [1][550/6207]	lr: 2.500e-03, eta: 13:51:59, time: 0.302, data_time: 0.080, memory: 2471, loss_rpn_cls: 0.0597, loss_rpn_bbox: 0.0190, loss_cls: 0.2708, acc: 95.8647, loss_bbox: 0.1630, loss: 0.5124
2020-10-27 10:16:36,358 - mmdet - INFO - Epoch [1][600/6207]	lr: 2.500e-03, eta: 13:43:52, time: 0.298, data_time: 0.083, memory: 2471, loss_rpn_cls: 0.0646, loss_rpn_bbox: 0.0213, loss_cls: 0.2800, acc: 95.7510, loss_bbox: 0.1642, loss: 0.5301
2020-10-27 10:16:51,635 - mmdet - INFO - Epoch [1][650/6207]	lr: 2.500e-03, eta: 13:38:17, time: 0.305, data_time: 0.083, memory: 2471, loss_rpn_cls: 0.0683, loss_rpn_bbox: 0.0229, loss_cls: 0.2628, acc: 96.0093, loss_bbox: 0.1543, loss: 0.5083
2020-10-27 10:17:06,492 - mmdet - INFO - Epoch [1][700/6207]	lr: 2.500e-03, eta: 13:32:04, time: 0.297, data_time: 0.077, memory: 2471, loss_rpn_cls: 0.0612, loss_rpn_bbox: 0.0223, loss_cls: 0.2690, acc: 95.8237, loss_bbox: 0.1623, loss: 0.5149
2020-10-27 10:17:22,200 - mmdet - INFO - Epoch [1][750/6207]	lr: 2.500e-03, eta: 13:29:27, time: 0.314, data_time: 0.083, memory: 2471, loss_rpn_cls: 0.0583, loss_rpn_bbox: 0.0220, loss_cls: 0.2772, acc: 95.6152, loss_bbox: 0.1699, loss: 0.5273
2020-10-27 10:17:37,519 - mmdet - INFO - Epoch [1][800/6207]	lr: 2.500e-03, eta: 13:25:53, time: 0.306, data_time: 0.085, memory: 2471, loss_rpn_cls: 0.0647, loss_rpn_bbox: 0.0230, loss_cls: 0.2513, acc: 95.7935, loss_bbox: 0.1592, loss: 0.4982
2020-10-27 10:17:53,251 - mmdet - INFO - Epoch [1][850/6207]	lr: 2.500e-03, eta: 13:23:54, time: 0.315, data_time: 0.081, memory: 2471, loss_rpn_cls: 0.0637, loss_rpn_bbox: 0.0219, loss_cls: 0.2832, acc: 95.8223, loss_bbox: 0.1599, loss: 0.5288
2020-10-27 10:18:09,061 - mmdet - INFO - Epoch [1][900/6207]	lr: 2.500e-03, eta: 13:22:24, time: 0.317, data_time: 0.083, memory: 2471, loss_rpn_cls: 0.0525, loss_rpn_bbox: 0.0199, loss_cls: 0.2691, acc: 95.7661, loss_bbox: 0.1615, loss: 0.5029
2020-10-27 10:18:23,795 - mmdet - INFO - Epoch [1][950/6207]	lr: 2.500e-03, eta: 13:18:06, time: 0.294, data_time: 0.085, memory: 2471, loss_rpn_cls: 0.0525, loss_rpn_bbox: 0.0204, loss_cls: 0.2811, acc: 95.5054, loss_bbox: 0.1722, loss: 0.5263
2020-10-27 10:18:38,713 - mmdet - INFO - Exp name: faster_rcnn_r50_caffe_fpn_2x_voc_mocov2_800ep.py
2020-10-27 10:18:38,713 - mmdet - INFO - Epoch [1][1000/6207]	lr: 2.500e-03, eta: 13:14:35, time: 0.297, data_time: 0.084, memory: 2471, loss_rpn_cls: 0.0654, loss_rpn_bbox: 0.0223, loss_cls: 0.2853, acc: 95.7715, loss_bbox: 0.1605, loss: 0.5336
2020-10-27 10:18:53,455 - mmdet - INFO - Epoch [1][1050/6207]	lr: 2.500e-03, eta: 13:11:14, time: 0.296, data_time: 0.080, memory: 2471, loss_rpn_cls: 0.0651, loss_rpn_bbox: 0.0237, loss_cls: 0.2753, acc: 95.4448, loss_bbox: 0.1710, loss: 0.5352
2020-10-27 10:19:08,998 - mmdet - INFO - Epoch [1][1100/6207]	lr: 2.500e-03, eta: 13:09:51, time: 0.311, data_time: 0.088, memory: 2471, loss_rpn_cls: 0.0606, loss_rpn_bbox: 0.0225, loss_cls: 0.2504, acc: 95.8145, loss_bbox: 0.1557, loss: 0.4891
2020-10-27 10:19:23,823 - mmdet - INFO - Epoch [1][1150/6207]	lr: 2.500e-03, eta: 13:07:00, time: 0.296, data_time: 0.089, memory: 2471, loss_rpn_cls: 0.0592, loss_rpn_bbox: 0.0228, loss_cls: 0.2660, acc: 95.6362, loss_bbox: 0.1636, loss: 0.5115
2020-10-27 10:19:38,615 - mmdet - INFO - Epoch [1][1200/6207]	lr: 2.500e-03, eta: 13:04:19, time: 0.296, data_time: 0.084, memory: 2471, loss_rpn_cls: 0.0595, loss_rpn_bbox: 0.0238, loss_cls: 0.2636, acc: 95.5220, loss_bbox: 0.1693, loss: 0.5162
2020-10-27 10:19:53,722 - mmdet - INFO - Epoch [1][1250/6207]	lr: 2.500e-03, eta: 13:02:27, time: 0.302, data_time: 0.087, memory: 2471, loss_rpn_cls: 0.0598, loss_rpn_bbox: 0.0233, loss_cls: 0.3031, acc: 95.1904, loss_bbox: 0.1819, loss: 0.5682
2020-10-27 10:20:08,457 - mmdet - INFO - Epoch [1][1300/6207]	lr: 2.500e-03, eta: 13:00:01, time: 0.295, data_time: 0.085, memory: 2471, loss_rpn_cls: 0.0498, loss_rpn_bbox: 0.0218, loss_cls: 0.2665, acc: 95.5552, loss_bbox: 0.1657, loss: 0.5038
2020-10-27 10:20:23,671 - mmdet - INFO - Epoch [1][1350/6207]	lr: 2.500e-03, eta: 12:58:35, time: 0.304, data_time: 0.086, memory: 2471, loss_rpn_cls: 0.0547, loss_rpn_bbox: 0.0213, loss_cls: 0.2595, acc: 95.6445, loss_bbox: 0.1608, loss: 0.4963
2020-10-27 10:20:39,110 - mmdet - INFO - Epoch [1][1400/6207]	lr: 2.500e-03, eta: 12:57:39, time: 0.309, data_time: 0.091, memory: 2471, loss_rpn_cls: 0.0654, loss_rpn_bbox: 0.0242, loss_cls: 0.2813, acc: 95.3931, loss_bbox: 0.1700, loss: 0.5408
2020-10-27 10:20:54,565 - mmdet - INFO - Epoch [1][1450/6207]	lr: 2.500e-03, eta: 12:56:46, time: 0.309, data_time: 0.083, memory: 2471, loss_rpn_cls: 0.0585, loss_rpn_bbox: 0.0222, loss_cls: 0.2824, acc: 95.2822, loss_bbox: 0.1738, loss: 0.5368
2020-10-27 10:21:10,208 - mmdet - INFO - Epoch [1][1500/6207]	lr: 2.500e-03, eta: 12:56:15, time: 0.313, data_time: 0.085, memory: 2471, loss_rpn_cls: 0.0559, loss_rpn_bbox: 0.0212, loss_cls: 0.2788, acc: 95.3335, loss_bbox: 0.1723, loss: 0.5282
2020-10-27 10:21:25,764 - mmdet - INFO - Epoch [1][1550/6207]	lr: 2.500e-03, eta: 12:55:37, time: 0.311, data_time: 0.082, memory: 2471, loss_rpn_cls: 0.0509, loss_rpn_bbox: 0.0212, loss_cls: 0.3131, acc: 95.3086, loss_bbox: 0.1728, loss: 0.5580
2020-10-27 10:21:40,633 - mmdet - INFO - Epoch [1][1600/6207]	lr: 2.500e-03, eta: 12:53:57, time: 0.297, data_time: 0.079, memory: 2471, loss_rpn_cls: 0.0491, loss_rpn_bbox: 0.0207, loss_cls: 0.2686, acc: 95.6992, loss_bbox: 0.1556, loss: 0.4940
2020-10-27 10:21:55,384 - mmdet - INFO - Epoch [1][1650/6207]	lr: 2.500e-03, eta: 12:52:11, time: 0.295, data_time: 0.082, memory: 2471, loss_rpn_cls: 0.0468, loss_rpn_bbox: 0.0202, loss_cls: 0.2676, acc: 95.2876, loss_bbox: 0.1731, loss: 0.5077
2020-10-27 10:22:10,168 - mmdet - INFO - Epoch [1][1700/6207]	lr: 2.500e-03, eta: 12:50:34, time: 0.296, data_time: 0.082, memory: 2471, loss_rpn_cls: 0.0439, loss_rpn_bbox: 0.0195, loss_cls: 0.2584, acc: 95.1909, loss_bbox: 0.1754, loss: 0.4972
2020-10-27 10:22:24,973 - mmdet - INFO - Epoch [1][1750/6207]	lr: 2.500e-03, eta: 12:49:04, time: 0.296, data_time: 0.079, memory: 2471, loss_rpn_cls: 0.0486, loss_rpn_bbox: 0.0211, loss_cls: 0.2748, acc: 95.0410, loss_bbox: 0.1790, loss: 0.5235
2020-10-27 10:22:40,552 - mmdet - INFO - Epoch [1][1800/6207]	lr: 2.500e-03, eta: 12:48:40, time: 0.312, data_time: 0.086, memory: 2472, loss_rpn_cls: 0.0474, loss_rpn_bbox: 0.0197, loss_cls: 0.2669, acc: 95.1167, loss_bbox: 0.1748, loss: 0.5088
2020-10-27 10:22:55,301 - mmdet - INFO - Epoch [1][1850/6207]	lr: 2.500e-03, eta: 12:47:12, time: 0.295, data_time: 0.079, memory: 2472, loss_rpn_cls: 0.0538, loss_rpn_bbox: 0.0222, loss_cls: 0.2782, acc: 94.8687, loss_bbox: 0.1858, loss: 0.5400
2020-10-27 10:23:10,208 - mmdet - INFO - Epoch [1][1900/6207]	lr: 2.500e-03, eta: 12:45:58, time: 0.298, data_time: 0.078, memory: 2472, loss_rpn_cls: 0.0470, loss_rpn_bbox: 0.0198, loss_cls: 0.2662, acc: 95.4136, loss_bbox: 0.1670, loss: 0.4999
2020-10-27 10:23:25,204 - mmdet - INFO - Epoch [1][1950/6207]	lr: 2.500e-03, eta: 12:44:57, time: 0.300, data_time: 0.077, memory: 2472, loss_rpn_cls: 0.0565, loss_rpn_bbox: 0.0239, loss_cls: 0.2795, acc: 94.7217, loss_bbox: 0.1894, loss: 0.5493
2020-10-27 10:23:39,943 - mmdet - INFO - Exp name: faster_rcnn_r50_caffe_fpn_2x_voc_mocov2_800ep.py
2020-10-27 10:23:39,944 - mmdet - INFO - Epoch [1][2000/6207]	lr: 2.500e-03, eta: 12:43:36, time: 0.294, data_time: 0.073, memory: 2472, loss_rpn_cls: 0.0457, loss_rpn_bbox: 0.0199, loss_cls: 0.2799, acc: 94.9028, loss_bbox: 0.1844, loss: 0.5300
2020-10-27 10:23:54,790 - mmdet - INFO - Epoch [1][2050/6207]	lr: 2.500e-03, eta: 12:42:28, time: 0.297, data_time: 0.074, memory: 2472, loss_rpn_cls: 0.0565, loss_rpn_bbox: 0.0238, loss_cls: 0.3069, acc: 94.4478, loss_bbox: 0.1998, loss: 0.5869
2020-10-27 10:24:09,808 - mmdet - INFO - Epoch [1][2100/6207]	lr: 2.500e-03, eta: 12:41:33, time: 0.300, data_time: 0.077, memory: 2472, loss_rpn_cls: 0.0443, loss_rpn_bbox: 0.0200, loss_cls: 0.2738, acc: 94.7520, loss_bbox: 0.1857, loss: 0.5238
2020-10-27 10:24:24,524 - mmdet - INFO - Epoch [1][2150/6207]	lr: 2.500e-03, eta: 12:40:20, time: 0.294, data_time: 0.077, memory: 2472, loss_rpn_cls: 0.0451, loss_rpn_bbox: 0.0186, loss_cls: 0.2682, acc: 95.1826, loss_bbox: 0.1726, loss: 0.5045
2020-10-27 10:24:39,668 - mmdet - INFO - Epoch [1][2200/6207]	lr: 2.500e-03, eta: 12:39:38, time: 0.303, data_time: 0.070, memory: 2472, loss_rpn_cls: 0.0453, loss_rpn_bbox: 0.0206, loss_cls: 0.2746, acc: 94.9448, loss_bbox: 0.1817, loss: 0.5222
2020-10-27 10:24:54,390 - mmdet - INFO - Epoch [1][2250/6207]	lr: 2.500e-03, eta: 12:38:30, time: 0.294, data_time: 0.078, memory: 2472, loss_rpn_cls: 0.0509, loss_rpn_bbox: 0.0232, loss_cls: 0.2848, acc: 94.7749, loss_bbox: 0.1874, loss: 0.5463
2020-10-27 10:25:09,207 - mmdet - INFO - Epoch [1][2300/6207]	lr: 2.500e-03, eta: 12:37:31, time: 0.297, data_time: 0.077, memory: 2472, loss_rpn_cls: 0.0445, loss_rpn_bbox: 0.0198, loss_cls: 0.2678, acc: 94.9150, loss_bbox: 0.1818, loss: 0.5139
2020-10-27 10:25:24,107 - mmdet - INFO - Epoch [1][2350/6207]	lr: 2.500e-03, eta: 12:36:38, time: 0.298, data_time: 0.074, memory: 2472, loss_rpn_cls: 0.0481, loss_rpn_bbox: 0.0233, loss_cls: 0.2841, acc: 94.4771, loss_bbox: 0.1966, loss: 0.5521
2020-10-27 10:25:38,941 - mmdet - INFO - Epoch [1][2400/6207]	lr: 2.500e-03, eta: 12:35:43, time: 0.297, data_time: 0.065, memory: 2472, loss_rpn_cls: 0.0408, loss_rpn_bbox: 0.0182, loss_cls: 0.2665, acc: 95.0693, loss_bbox: 0.1721, loss: 0.4976
2020-10-27 10:25:53,720 - mmdet - INFO - Epoch [1][2450/6207]	lr: 2.500e-03, eta: 12:34:46, time: 0.295, data_time: 0.074, memory: 2472, loss_rpn_cls: 0.0432, loss_rpn_bbox: 0.0213, loss_cls: 0.2748, acc: 94.7471, loss_bbox: 0.1865, loss: 0.5259
2020-10-27 10:26:08,574 - mmdet - INFO - Epoch [1][2500/6207]	lr: 2.500e-03, eta: 12:33:56, time: 0.297, data_time: 0.069, memory: 2472, loss_rpn_cls: 0.0493, loss_rpn_bbox: 0.0226, loss_cls: 0.2737, acc: 94.6572, loss_bbox: 0.1877, loss: 0.5333
2020-10-27 10:26:23,557 - mmdet - INFO - Epoch [1][2550/6207]	lr: 2.500e-03, eta: 12:33:14, time: 0.299, data_time: 0.069, memory: 2472, loss_rpn_cls: 0.0432, loss_rpn_bbox: 0.0199, loss_cls: 0.2638, acc: 94.9150, loss_bbox: 0.1775, loss: 0.5044
2020-10-27 10:26:38,372 - mmdet - INFO - Epoch [1][2600/6207]	lr: 2.500e-03, eta: 12:32:24, time: 0.296, data_time: 0.072, memory: 2472, loss_rpn_cls: 0.0402, loss_rpn_bbox: 0.0190, loss_cls: 0.2591, acc: 94.9014, loss_bbox: 0.1797, loss: 0.4981
2020-10-27 10:26:53,199 - mmdet - INFO - Epoch [1][2650/6207]	lr: 2.500e-03, eta: 12:31:35, time: 0.296, data_time: 0.070, memory: 2472, loss_rpn_cls: 0.0481, loss_rpn_bbox: 0.0213, loss_cls: 0.2784, acc: 94.5381, loss_bbox: 0.1929, loss: 0.5407
2020-10-27 10:27:07,953 - mmdet - INFO - Epoch [1][2700/6207]	lr: 2.500e-03, eta: 12:30:44, time: 0.295, data_time: 0.068, memory: 2472, loss_rpn_cls: 0.0392, loss_rpn_bbox: 0.0207, loss_cls: 0.2666, acc: 94.6045, loss_bbox: 0.1872, loss: 0.5137
2020-10-27 10:27:22,974 - mmdet - INFO - Epoch [1][2750/6207]	lr: 2.500e-03, eta: 12:30:09, time: 0.300, data_time: 0.069, memory: 2472, loss_rpn_cls: 0.0399, loss_rpn_bbox: 0.0200, loss_cls: 0.2520, acc: 95.0601, loss_bbox: 0.1706, loss: 0.4825
2020-10-27 10:27:37,690 - mmdet - INFO - Epoch [1][2800/6207]	lr: 2.500e-03, eta: 12:29:18, time: 0.294, data_time: 0.069, memory: 2472, loss_rpn_cls: 0.0396, loss_rpn_bbox: 0.0200, loss_cls: 0.2530, acc: 94.9717, loss_bbox: 0.1765, loss: 0.4891
2020-10-27 10:27:52,453 - mmdet - INFO - Epoch [1][2850/6207]	lr: 2.500e-03, eta: 12:28:31, time: 0.295, data_time: 0.076, memory: 2472, loss_rpn_cls: 0.0393, loss_rpn_bbox: 0.0206, loss_cls: 0.2849, acc: 94.3589, loss_bbox: 0.1974, loss: 0.5422
2020-10-27 10:28:07,394 - mmdet - INFO - Epoch [1][2900/6207]	lr: 2.500e-03, eta: 12:27:54, time: 0.299, data_time: 0.070, memory: 2472, loss_rpn_cls: 0.0423, loss_rpn_bbox: 0.0219, loss_cls: 0.2643, acc: 94.7773, loss_bbox: 0.1794, loss: 0.5079
2020-10-27 10:28:22,186 - mmdet - INFO - Epoch [1][2950/6207]	lr: 2.500e-03, eta: 12:27:10, time: 0.296, data_time: 0.070, memory: 2472, loss_rpn_cls: 0.0455, loss_rpn_bbox: 0.0199, loss_cls: 0.2626, acc: 95.0605, loss_bbox: 0.1710, loss: 0.4990
2020-10-27 10:28:36,920 - mmdet - INFO - Exp name: faster_rcnn_r50_caffe_fpn_2x_voc_mocov2_800ep.py
2020-10-27 10:28:36,920 - mmdet - INFO - Epoch [1][3000/6207]	lr: 2.500e-03, eta: 12:26:25, time: 0.295, data_time: 0.068, memory: 2472, loss_rpn_cls: 0.0400, loss_rpn_bbox: 0.0206, loss_cls: 0.2628, acc: 94.6846, loss_bbox: 0.1824, loss: 0.5058
2020-10-27 10:28:51,819 - mmdet - INFO - Epoch [1][3050/6207]	lr: 2.500e-03, eta: 12:25:49, time: 0.298, data_time: 0.070, memory: 2472, loss_rpn_cls: 0.0424, loss_rpn_bbox: 0.0199, loss_cls: 0.2587, acc: 94.6406, loss_bbox: 0.1836, loss: 0.5045
2020-10-27 10:29:06,497 - mmdet - INFO - Epoch [1][3100/6207]	lr: 2.500e-03, eta: 12:25:02, time: 0.293, data_time: 0.071, memory: 2472, loss_rpn_cls: 0.0462, loss_rpn_bbox: 0.0236, loss_cls: 0.2787, acc: 94.3672, loss_bbox: 0.1940, loss: 0.5426
2020-10-27 10:29:21,534 - mmdet - INFO - Epoch [1][3150/6207]	lr: 2.500e-03, eta: 12:24:34, time: 0.301, data_time: 0.069, memory: 2472, loss_rpn_cls: 0.0455, loss_rpn_bbox: 0.0227, loss_cls: 0.2726, acc: 94.7759, loss_bbox: 0.1819, loss: 0.5226
2020-10-27 10:29:36,347 - mmdet - INFO - Epoch [1][3200/6207]	lr: 2.500e-03, eta: 12:23:55, time: 0.296, data_time: 0.072, memory: 2472, loss_rpn_cls: 0.0403, loss_rpn_bbox: 0.0195, loss_cls: 0.2415, acc: 94.9980, loss_bbox: 0.1712, loss: 0.4725
2020-10-27 10:29:51,201 - mmdet - INFO - Epoch [1][3250/6207]	lr: 2.500e-03, eta: 12:23:22, time: 0.298, data_time: 0.070, memory: 2472, loss_rpn_cls: 0.0396, loss_rpn_bbox: 0.0192, loss_cls: 0.2539, acc: 94.8198, loss_bbox: 0.1756, loss: 0.4884
2020-10-27 10:30:06,148 - mmdet - INFO - Epoch [1][3300/6207]	lr: 2.500e-03, eta: 12:22:49, time: 0.298, data_time: 0.068, memory: 2472, loss_rpn_cls: 0.0339, loss_rpn_bbox: 0.0195, loss_cls: 0.2665, acc: 94.6523, loss_bbox: 0.1840, loss: 0.5038
2020-10-27 10:30:20,905 - mmdet - INFO - Epoch [1][3350/6207]	lr: 2.500e-03, eta: 12:22:10, time: 0.295, data_time: 0.068, memory: 2472, loss_rpn_cls: 0.0402, loss_rpn_bbox: 0.0233, loss_cls: 0.2681, acc: 94.3228, loss_bbox: 0.1952, loss: 0.5268
2020-10-27 10:30:35,909 - mmdet - INFO - Epoch [1][3400/6207]	lr: 2.500e-03, eta: 12:21:42, time: 0.300, data_time: 0.069, memory: 2472, loss_rpn_cls: 0.0333, loss_rpn_bbox: 0.0187, loss_cls: 0.2665, acc: 94.5806, loss_bbox: 0.1848, loss: 0.5032
2020-10-27 10:30:50,665 - mmdet - INFO - Epoch [1][3450/6207]	lr: 2.500e-03, eta: 12:21:04, time: 0.295, data_time: 0.070, memory: 2472, loss_rpn_cls: 0.0394, loss_rpn_bbox: 0.0203, loss_cls: 0.2799, acc: 94.3018, loss_bbox: 0.1939, loss: 0.5336
2020-10-27 10:31:05,396 - mmdet - INFO - Epoch [1][3500/6207]	lr: 2.500e-03, eta: 12:20:27, time: 0.295, data_time: 0.072, memory: 2472, loss_rpn_cls: 0.0409, loss_rpn_bbox: 0.0201, loss_cls: 0.2664, acc: 94.5601, loss_bbox: 0.1850, loss: 0.5124
2020-10-27 10:31:20,150 - mmdet - INFO - Epoch [1][3550/6207]	lr: 2.500e-03, eta: 12:19:50, time: 0.295, data_time: 0.069, memory: 2472, loss_rpn_cls: 0.0424, loss_rpn_bbox: 0.0224, loss_cls: 0.2988, acc: 94.0771, loss_bbox: 0.2028, loss: 0.5665
2020-10-27 10:31:35,040 - mmdet - INFO - Epoch [1][3600/6207]	lr: 2.500e-03, eta: 12:19:20, time: 0.298, data_time: 0.070, memory: 2472, loss_rpn_cls: 0.0392, loss_rpn_bbox: 0.0183, loss_cls: 0.2500, acc: 95.0005, loss_bbox: 0.1704, loss: 0.4779
2020-10-27 10:31:49,761 - mmdet - INFO - Epoch [1][3650/6207]	lr: 2.500e-03, eta: 12:18:43, time: 0.295, data_time: 0.067, memory: 2472, loss_rpn_cls: 0.0448, loss_rpn_bbox: 0.0229, loss_cls: 0.2815, acc: 94.1733, loss_bbox: 0.1982, loss: 0.5473
2020-10-27 10:32:04,524 - mmdet - INFO - Epoch [1][3700/6207]	lr: 2.500e-03, eta: 12:18:09, time: 0.295, data_time: 0.068, memory: 2472, loss_rpn_cls: 0.0356, loss_rpn_bbox: 0.0198, loss_cls: 0.2789, acc: 94.4321, loss_bbox: 0.1896, loss: 0.5239
2020-10-27 10:32:19,307 - mmdet - INFO - Epoch [1][3750/6207]	lr: 2.500e-03, eta: 12:17:36, time: 0.295, data_time: 0.066, memory: 2472, loss_rpn_cls: 0.0387, loss_rpn_bbox: 0.0202, loss_cls: 0.2699, acc: 94.4614, loss_bbox: 0.1901, loss: 0.5188
2020-10-27 10:32:34,055 - mmdet - INFO - Epoch [1][3800/6207]	lr: 2.500e-03, eta: 12:17:01, time: 0.295, data_time: 0.068, memory: 2472, loss_rpn_cls: 0.0365, loss_rpn_bbox: 0.0209, loss_cls: 0.2584, acc: 94.4619, loss_bbox: 0.1881, loss: 0.5038
2020-10-27 10:32:49,229 - mmdet - INFO - Epoch [1][3850/6207]	lr: 2.500e-03, eta: 12:16:44, time: 0.303, data_time: 0.069, memory: 2472, loss_rpn_cls: 0.0441, loss_rpn_bbox: 0.0231, loss_cls: 0.2551, acc: 94.6543, loss_bbox: 0.1801, loss: 0.5025
2020-10-27 10:33:04,867 - mmdet - INFO - Epoch [1][3900/6207]	lr: 2.500e-03, eta: 12:16:43, time: 0.312, data_time: 0.068, memory: 2472, loss_rpn_cls: 0.0355, loss_rpn_bbox: 0.0202, loss_cls: 0.2637, acc: 94.3125, loss_bbox: 0.1882, loss: 0.5076
2020-10-27 10:33:19,530 - mmdet - INFO - Epoch [1][3950/6207]	lr: 2.500e-03, eta: 12:16:08, time: 0.294, data_time: 0.069, memory: 2472, loss_rpn_cls: 0.0338, loss_rpn_bbox: 0.0198, loss_cls: 0.2571, acc: 94.6807, loss_bbox: 0.1814, loss: 0.4921
2020-10-27 10:33:34,318 - mmdet - INFO - Exp name: faster_rcnn_r50_caffe_fpn_2x_voc_mocov2_800ep.py
2020-10-27 10:33:34,318 - mmdet - INFO - Epoch [1][4000/6207]	lr: 2.500e-03, eta: 12:15:36, time: 0.296, data_time: 0.080, memory: 2472, loss_rpn_cls: 0.0340, loss_rpn_bbox: 0.0206, loss_cls: 0.2836, acc: 93.8989, loss_bbox: 0.2071, loss: 0.5454
2020-10-27 10:33:49,110 - mmdet - INFO - Epoch [1][4050/6207]	lr: 2.500e-03, eta: 12:15:06, time: 0.296, data_time: 0.070, memory: 2472, loss_rpn_cls: 0.0384, loss_rpn_bbox: 0.0201, loss_cls: 0.2679, acc: 94.1836, loss_bbox: 0.1940, loss: 0.5203
2020-10-27 10:34:03,914 - mmdet - INFO - Epoch [1][4100/6207]	lr: 2.500e-03, eta: 12:14:36, time: 0.296, data_time: 0.071, memory: 2472, loss_rpn_cls: 0.0359, loss_rpn_bbox: 0.0198, loss_cls: 0.2662, acc: 94.4741, loss_bbox: 0.1843, loss: 0.5063
2020-10-27 10:34:18,666 - mmdet - INFO - Epoch [1][4150/6207]	lr: 2.500e-03, eta: 12:14:05, time: 0.295, data_time: 0.079, memory: 2472, loss_rpn_cls: 0.0371, loss_rpn_bbox: 0.0189, loss_cls: 0.2770, acc: 94.2563, loss_bbox: 0.1936, loss: 0.5266
2020-10-27 10:34:33,487 - mmdet - INFO - Epoch [1][4200/6207]	lr: 2.500e-03, eta: 12:13:36, time: 0.296, data_time: 0.071, memory: 2472, loss_rpn_cls: 0.0294, loss_rpn_bbox: 0.0174, loss_cls: 0.2578, acc: 94.7607, loss_bbox: 0.1730, loss: 0.4776
2020-10-27 10:34:48,152 - mmdet - INFO - Epoch [1][4250/6207]	lr: 2.500e-03, eta: 12:13:03, time: 0.293, data_time: 0.074, memory: 2472, loss_rpn_cls: 0.0395, loss_rpn_bbox: 0.0222, loss_cls: 0.2828, acc: 93.8481, loss_bbox: 0.2028, loss: 0.5472
2020-10-27 10:35:02,937 - mmdet - INFO - Epoch [1][4300/6207]	lr: 2.500e-03, eta: 12:12:34, time: 0.296, data_time: 0.070, memory: 2472, loss_rpn_cls: 0.0334, loss_rpn_bbox: 0.0190, loss_cls: 0.2578, acc: 94.4014, loss_bbox: 0.1868, loss: 0.4970
2020-10-27 10:35:17,636 - mmdet - INFO - Epoch [1][4350/6207]	lr: 2.500e-03, eta: 12:12:02, time: 0.294, data_time: 0.070, memory: 2472, loss_rpn_cls: 0.0341, loss_rpn_bbox: 0.0192, loss_cls: 0.2358, acc: 94.9902, loss_bbox: 0.1676, loss: 0.4568
2020-10-27 10:35:32,411 - mmdet - INFO - Epoch [1][4400/6207]	lr: 2.500e-03, eta: 12:11:34, time: 0.295, data_time: 0.069, memory: 2472, loss_rpn_cls: 0.0335, loss_rpn_bbox: 0.0192, loss_cls: 0.2587, acc: 94.5010, loss_bbox: 0.1832, loss: 0.4947
2020-10-27 10:35:47,314 - mmdet - INFO - Epoch [1][4450/6207]	lr: 2.500e-03, eta: 12:11:09, time: 0.298, data_time: 0.070, memory: 2472, loss_rpn_cls: 0.0325, loss_rpn_bbox: 0.0186, loss_cls: 0.2693, acc: 94.2046, loss_bbox: 0.1916, loss: 0.5121
2020-10-27 10:36:02,203 - mmdet - INFO - Epoch [1][4500/6207]	lr: 2.500e-03, eta: 12:10:45, time: 0.298, data_time: 0.069, memory: 2472, loss_rpn_cls: 0.0331, loss_rpn_bbox: 0.0197, loss_cls: 0.2497, acc: 94.4463, loss_bbox: 0.1819, loss: 0.4844
2020-10-27 10:36:17,059 - mmdet - INFO - Epoch [1][4550/6207]	lr: 2.500e-03, eta: 12:10:20, time: 0.297, data_time: 0.067, memory: 2472, loss_rpn_cls: 0.0350, loss_rpn_bbox: 0.0198, loss_cls: 0.2769, acc: 94.1016, loss_bbox: 0.1937, loss: 0.5253
2020-10-27 10:36:31,895 - mmdet - INFO - Epoch [1][4600/6207]	lr: 2.500e-03, eta: 12:09:53, time: 0.296, data_time: 0.070, memory: 2472, loss_rpn_cls: 0.0359, loss_rpn_bbox: 0.0200, loss_cls: 0.2770, acc: 94.0029, loss_bbox: 0.2001, loss: 0.5330
2020-10-27 10:36:46,686 - mmdet - INFO - Epoch [1][4650/6207]	lr: 2.500e-03, eta: 12:09:27, time: 0.296, data_time: 0.066, memory: 2472, loss_rpn_cls: 0.0342, loss_rpn_bbox: 0.0220, loss_cls: 0.2753, acc: 94.1533, loss_bbox: 0.1905, loss: 0.5220
2020-10-27 10:37:01,405 - mmdet - INFO - Epoch [1][4700/6207]	lr: 2.500e-03, eta: 12:08:58, time: 0.295, data_time: 0.073, memory: 2472, loss_rpn_cls: 0.0335, loss_rpn_bbox: 0.0186, loss_cls: 0.2501, acc: 94.4702, loss_bbox: 0.1861, loss: 0.4883
2020-10-27 10:37:16,314 - mmdet - INFO - Epoch [1][4750/6207]	lr: 2.500e-03, eta: 12:08:35, time: 0.298, data_time: 0.074, memory: 2472, loss_rpn_cls: 0.0328, loss_rpn_bbox: 0.0207, loss_cls: 0.2703, acc: 94.0894, loss_bbox: 0.1935, loss: 0.5173
2020-10-27 10:37:31,264 - mmdet - INFO - Epoch [1][4800/6207]	lr: 2.500e-03, eta: 12:08:14, time: 0.299, data_time: 0.070, memory: 2472, loss_rpn_cls: 0.0307, loss_rpn_bbox: 0.0183, loss_cls: 0.2464, acc: 94.4561, loss_bbox: 0.1825, loss: 0.4779
2020-10-27 10:37:46,126 - mmdet - INFO - Epoch [1][4850/6207]	lr: 2.500e-03, eta: 12:07:50, time: 0.298, data_time: 0.067, memory: 2472, loss_rpn_cls: 0.0287, loss_rpn_bbox: 0.0176, loss_cls: 0.2568, acc: 94.2764, loss_bbox: 0.1893, loss: 0.4924
2020-10-27 10:38:01,069 - mmdet - INFO - Epoch [1][4900/6207]	lr: 2.500e-03, eta: 12:07:29, time: 0.299, data_time: 0.072, memory: 2472, loss_rpn_cls: 0.0281, loss_rpn_bbox: 0.0187, loss_cls: 0.2510, acc: 94.1685, loss_bbox: 0.1933, loss: 0.4910
2020-10-27 10:38:15,774 - mmdet - INFO - Epoch [1][4950/6207]	lr: 2.500e-03, eta: 12:07:01, time: 0.294, data_time: 0.071, memory: 2472, loss_rpn_cls: 0.0316, loss_rpn_bbox: 0.0176, loss_cls: 0.2464, acc: 94.5273, loss_bbox: 0.1754, loss: 0.4710
2020-10-27 10:38:30,528 - mmdet - INFO - Exp name: faster_rcnn_r50_caffe_fpn_2x_voc_mocov2_800ep.py
2020-10-27 10:38:30,528 - mmdet - INFO - Epoch [1][5000/6207]	lr: 2.500e-03, eta: 12:06:34, time: 0.295, data_time: 0.069, memory: 2472, loss_rpn_cls: 0.0380, loss_rpn_bbox: 0.0200, loss_cls: 0.2512, acc: 94.6318, loss_bbox: 0.1741, loss: 0.4834
2020-10-27 10:38:45,254 - mmdet - INFO - Epoch [1][5050/6207]	lr: 2.500e-03, eta: 12:06:07, time: 0.295, data_time: 0.068, memory: 2472, loss_rpn_cls: 0.0319, loss_rpn_bbox: 0.0184, loss_cls: 0.2602, acc: 94.5371, loss_bbox: 0.1789, loss: 0.4894
2020-10-27 10:39:00,124 - mmdet - INFO - Epoch [1][5100/6207]	lr: 2.500e-03, eta: 12:05:45, time: 0.297, data_time: 0.068, memory: 2472, loss_rpn_cls: 0.0369, loss_rpn_bbox: 0.0196, loss_cls: 0.2857, acc: 93.9380, loss_bbox: 0.1995, loss: 0.5418
2020-10-27 10:39:14,842 - mmdet - INFO - Epoch [1][5150/6207]	lr: 2.500e-03, eta: 12:05:18, time: 0.295, data_time: 0.071, memory: 2472, loss_rpn_cls: 0.0319, loss_rpn_bbox: 0.0197, loss_cls: 0.2643, acc: 94.0312, loss_bbox: 0.1943, loss: 0.5102
2020-10-27 10:39:29,612 - mmdet - INFO - Epoch [1][5200/6207]	lr: 2.500e-03, eta: 12:04:53, time: 0.295, data_time: 0.071, memory: 2472, loss_rpn_cls: 0.0345, loss_rpn_bbox: 0.0189, loss_cls: 0.2548, acc: 94.3442, loss_bbox: 0.1842, loss: 0.4924
2020-10-27 10:39:44,510 - mmdet - INFO - Epoch [1][5250/6207]	lr: 2.500e-03, eta: 12:04:31, time: 0.298, data_time: 0.071, memory: 2472, loss_rpn_cls: 0.0315, loss_rpn_bbox: 0.0195, loss_cls: 0.2534, acc: 94.2417, loss_bbox: 0.1875, loss: 0.4919
2020-10-27 10:39:59,266 - mmdet - INFO - Epoch [1][5300/6207]	lr: 2.500e-03, eta: 12:04:06, time: 0.295, data_time: 0.068, memory: 2472, loss_rpn_cls: 0.0291, loss_rpn_bbox: 0.0203, loss_cls: 0.2720, acc: 93.8354, loss_bbox: 0.2026, loss: 0.5240
2020-10-27 10:40:14,094 - mmdet - INFO - Epoch [1][5350/6207]	lr: 2.500e-03, eta: 12:03:44, time: 0.297, data_time: 0.069, memory: 2472, loss_rpn_cls: 0.0286, loss_rpn_bbox: 0.0188, loss_cls: 0.2469, acc: 94.4365, loss_bbox: 0.1843, loss: 0.4786
2020-10-27 10:40:28,764 - mmdet - INFO - Epoch [1][5400/6207]	lr: 2.500e-03, eta: 12:03:17, time: 0.293, data_time: 0.069, memory: 2472, loss_rpn_cls: 0.0302, loss_rpn_bbox: 0.0181, loss_cls: 0.2391, acc: 94.3379, loss_bbox: 0.1846, loss: 0.4720
2020-10-27 10:40:43,601 - mmdet - INFO - Epoch [1][5450/6207]	lr: 2.500e-03, eta: 12:02:54, time: 0.297, data_time: 0.070, memory: 2472, loss_rpn_cls: 0.0292, loss_rpn_bbox: 0.0200, loss_cls: 0.2530, acc: 94.2036, loss_bbox: 0.1890, loss: 0.4912
2020-10-27 10:40:58,352 - mmdet - INFO - Epoch [1][5500/6207]	lr: 2.500e-03, eta: 12:02:29, time: 0.295, data_time: 0.073, memory: 2472, loss_rpn_cls: 0.0308, loss_rpn_bbox: 0.0194, loss_cls: 0.2451, acc: 94.4521, loss_bbox: 0.1808, loss: 0.4760
2020-10-27 10:41:12,993 - mmdet - INFO - Epoch [1][5550/6207]	lr: 2.500e-03, eta: 12:02:02, time: 0.293, data_time: 0.068, memory: 2472, loss_rpn_cls: 0.0315, loss_rpn_bbox: 0.0174, loss_cls: 0.2397, acc: 94.6445, loss_bbox: 0.1743, loss: 0.4629
2020-10-27 10:41:27,805 - mmdet - INFO - Epoch [1][5600/6207]	lr: 2.500e-03, eta: 12:01:40, time: 0.296, data_time: 0.070, memory: 2472, loss_rpn_cls: 0.0342, loss_rpn_bbox: 0.0178, loss_cls: 0.2481, acc: 94.4619, loss_bbox: 0.1782, loss: 0.4783
2020-10-27 10:41:42,437 - mmdet - INFO - Epoch [1][5650/6207]	lr: 2.500e-03, eta: 12:01:13, time: 0.293, data_time: 0.069, memory: 2472, loss_rpn_cls: 0.0302, loss_rpn_bbox: 0.0197, loss_cls: 0.2505, acc: 94.1211, loss_bbox: 0.1906, loss: 0.4910
2020-10-27 10:41:57,114 - mmdet - INFO - Epoch [1][5700/6207]	lr: 2.500e-03, eta: 12:00:47, time: 0.294, data_time: 0.072, memory: 2472, loss_rpn_cls: 0.0310, loss_rpn_bbox: 0.0177, loss_cls: 0.2285, acc: 94.5508, loss_bbox: 0.1769, loss: 0.4541
2020-10-27 10:42:11,924 - mmdet - INFO - Epoch [1][5750/6207]	lr: 2.500e-03, eta: 12:00:25, time: 0.297, data_time: 0.069, memory: 2472, loss_rpn_cls: 0.0278, loss_rpn_bbox: 0.0197, loss_cls: 0.2464, acc: 94.3857, loss_bbox: 0.1838, loss: 0.4777
2020-10-27 10:42:26,548 - mmdet - INFO - Epoch [1][5800/6207]	lr: 2.500e-03, eta: 11:59:59, time: 0.292, data_time: 0.066, memory: 2472, loss_rpn_cls: 0.0309, loss_rpn_bbox: 0.0188, loss_cls: 0.2536, acc: 93.9624, loss_bbox: 0.1971, loss: 0.5004
2020-10-27 10:42:41,645 - mmdet - INFO - Epoch [1][5850/6207]	lr: 2.500e-03, eta: 11:59:44, time: 0.302, data_time: 0.069, memory: 2472, loss_rpn_cls: 0.0304, loss_rpn_bbox: 0.0173, loss_cls: 0.2404, acc: 94.6079, loss_bbox: 0.1784, loss: 0.4666
2020-10-27 10:42:56,495 - mmdet - INFO - Epoch [1][5900/6207]	lr: 2.500e-03, eta: 11:59:23, time: 0.297, data_time: 0.066, memory: 2472, loss_rpn_cls: 0.0335, loss_rpn_bbox: 0.0194, loss_cls: 0.2491, acc: 94.1455, loss_bbox: 0.1909, loss: 0.4928
2020-10-27 10:43:11,205 - mmdet - INFO - Epoch [1][5950/6207]	lr: 2.500e-03, eta: 11:58:59, time: 0.294, data_time: 0.070, memory: 2472, loss_rpn_cls: 0.0310, loss_rpn_bbox: 0.0185, loss_cls: 0.2467, acc: 94.5273, loss_bbox: 0.1741, loss: 0.4704
2020-10-27 10:43:25,983 - mmdet - INFO - Exp name: faster_rcnn_r50_caffe_fpn_2x_voc_mocov2_800ep.py
2020-10-27 10:43:25,983 - mmdet - INFO - Epoch [1][6000/6207]	lr: 2.500e-03, eta: 11:58:36, time: 0.295, data_time: 0.070, memory: 2472, loss_rpn_cls: 0.0293, loss_rpn_bbox: 0.0185, loss_cls: 0.2421, acc: 94.0679, loss_bbox: 0.1908, loss: 0.4807
2020-10-27 10:43:40,751 - mmdet - INFO - Epoch [1][6050/6207]	lr: 2.500e-03, eta: 11:58:14, time: 0.295, data_time: 0.073, memory: 2472, loss_rpn_cls: 0.0309, loss_rpn_bbox: 0.0200, loss_cls: 0.2618, acc: 93.9780, loss_bbox: 0.1910, loss: 0.5037
2020-10-27 10:43:56,110 - mmdet - INFO - Epoch [1][6100/6207]	lr: 2.500e-03, eta: 11:58:01, time: 0.304, data_time: 0.074, memory: 2472, loss_rpn_cls: 0.0330, loss_rpn_bbox: 0.0207, loss_cls: 0.2460, acc: 94.1392, loss_bbox: 0.1909, loss: 0.4906
2020-10-27 10:44:10,894 - mmdet - INFO - Epoch [1][6150/6207]	lr: 2.500e-03, eta: 11:57:43, time: 0.299, data_time: 0.075, memory: 2472, loss_rpn_cls: 0.0268, loss_rpn_bbox: 0.0171, loss_cls: 0.2382, acc: 94.3115, loss_bbox: 0.1803, loss: 0.4624
2020-10-27 10:44:25,946 - mmdet - INFO - Epoch [1][6200/6207]	lr: 2.500e-03, eta: 11:57:28, time: 0.301, data_time: 0.086, memory: 2472, loss_rpn_cls: 0.0372, loss_rpn_bbox: 0.0211, loss_cls: 0.2623, acc: 93.7969, loss_bbox: 0.2005, loss: 0.5212
2020-10-27 10:44:27,930 - mmdet - INFO - Saving checkpoint at 1 epochs
2020-10-27 10:47:25,245 - mmdet - INFO - 
+-------------+------+-------+--------+-------+
| class       | gts  | dets  | recall | ap    |
+-------------+------+-------+--------+-------+
| aeroplane   | 285  | 7036  | 0.119  | 0.004 |
| bicycle     | 337  | 13    | 0.000  | 0.000 |
| bird        | 459  | 2     | 0.000  | 0.000 |
| boat        | 263  | 21    | 0.000  | 0.000 |
| bottle      | 469  | 0     | 0.000  | 0.000 |
| bus         | 213  | 440   | 0.009  | 0.001 |
| car         | 1201 | 14343 | 0.142  | 0.004 |
| cat         | 358  | 43    | 0.003  | 0.004 |
| chair       | 756  | 41    | 0.000  | 0.000 |
| cow         | 244  | 0     | 0.000  | 0.000 |
| diningtable | 206  | 188   | 0.005  | 0.001 |
| dog         | 489  | 0     | 0.000  | 0.000 |
| horse       | 348  | 0     | 0.000  | 0.000 |
| motorbike   | 325  | 117   | 0.000  | 0.000 |
| person      | 4528 | 436   | 0.002  | 0.003 |
| pottedplant | 480  | 0     | 0.000  | 0.000 |
| sheep       | 242  | 0     | 0.000  | 0.000 |
| sofa        | 239  | 353   | 0.029  | 0.004 |
| train       | 282  | 219   | 0.000  | 0.000 |
| tvmonitor   | 308  | 4445  | 0.032  | 0.001 |
+-------------+------+-------+--------+-------+
| mAP         |      |       |        | 0.001 |
+-------------+------+-------+--------+-------+
2020-10-27 10:47:25,277 - mmdet - INFO - Exp name: faster_rcnn_r50_caffe_fpn_2x_voc_mocov2_800ep.py
2020-10-27 10:47:25,280 - mmdet - INFO - Epoch(val) [1][6207]	mAP: 0.0011
2020-10-27 10:47:44,163 - mmdet - INFO - Epoch [2][50/6207]	lr: 2.500e-03, eta: 11:57:45, time: 0.374, data_time: 0.132, memory: 2472, loss_rpn_cls: 0.0337, loss_rpn_bbox: 0.0198, loss_cls: 0.2640, acc: 93.6685, loss_bbox: 0.2021, loss: 0.5195
2020-10-27 10:47:59,147 - mmdet - INFO - Epoch [2][100/6207]	lr: 2.500e-03, eta: 11:57:31, time: 0.302, data_time: 0.080, memory: 2472, loss_rpn_cls: 0.0285, loss_rpn_bbox: 0.0186, loss_cls: 0.2420, acc: 94.4272, loss_bbox: 0.1805, loss: 0.4696
2020-10-27 10:48:13,966 - mmdet - INFO - Epoch [2][150/6207]	lr: 2.500e-03, eta: 11:57:07, time: 0.294, data_time: 0.066, memory: 2472, loss_rpn_cls: 0.0265, loss_rpn_bbox: 0.0180, loss_cls: 0.2421, acc: 94.2085, loss_bbox: 0.1926, loss: 0.4791
2020-10-27 10:48:28,707 - mmdet - INFO - Epoch [2][200/6207]	lr: 2.500e-03, eta: 11:56:44, time: 0.295, data_time: 0.073, memory: 2472, loss_rpn_cls: 0.0241, loss_rpn_bbox: 0.0166, loss_cls: 0.2413, acc: 94.4082, loss_bbox: 0.1829, loss: 0.4648
2020-10-27 10:48:43,814 - mmdet - INFO - Epoch [2][250/6207]	lr: 2.500e-03, eta: 11:56:30, time: 0.302, data_time: 0.069, memory: 2472, loss_rpn_cls: 0.0308, loss_rpn_bbox: 0.0199, loss_cls: 0.2643, acc: 93.7764, loss_bbox: 0.2021, loss: 0.5171
2020-10-27 10:48:58,925 - mmdet - INFO - Epoch [2][300/6207]	lr: 2.500e-03, eta: 11:56:15, time: 0.302, data_time: 0.068, memory: 2472, loss_rpn_cls: 0.0254, loss_rpn_bbox: 0.0181, loss_cls: 0.2835, acc: 93.9492, loss_bbox: 0.1964, loss: 0.5233
2020-10-27 10:49:13,593 - mmdet - INFO - Epoch [2][350/6207]	lr: 2.500e-03, eta: 11:55:51, time: 0.293, data_time: 0.073, memory: 2472, loss_rpn_cls: 0.0321, loss_rpn_bbox: 0.0186, loss_cls: 0.2637, acc: 94.1089, loss_bbox: 0.1914, loss: 0.5058
2020-10-27 10:49:28,319 - mmdet - INFO - Epoch [2][400/6207]	lr: 2.500e-03, eta: 11:55:28, time: 0.295, data_time: 0.071, memory: 2472, loss_rpn_cls: 0.0259, loss_rpn_bbox: 0.0161, loss_cls: 0.2479, acc: 94.3042, loss_bbox: 0.1823, loss: 0.4722
2020-10-27 10:49:43,300 - mmdet - INFO - Epoch [2][450/6207]	lr: 2.500e-03, eta: 11:55:11, time: 0.300, data_time: 0.072, memory: 2472, loss_rpn_cls: 0.0249, loss_rpn_bbox: 0.0157, loss_cls: 0.2446, acc: 94.5635, loss_bbox: 0.1765, loss: 0.4617
2020-10-27 10:49:59,191 - mmdet - INFO - Epoch [2][500/6207]	lr: 2.500e-03, eta: 11:55:13, time: 0.317, data_time: 0.071, memory: 2472, loss_rpn_cls: 0.0264, loss_rpn_bbox: 0.0179, loss_cls: 0.2362, acc: 94.5640, loss_bbox: 0.1730, loss: 0.4535
2020-10-27 10:50:14,040 - mmdet - INFO - Epoch [2][550/6207]	lr: 2.500e-03, eta: 11:54:53, time: 0.297, data_time: 0.070, memory: 2472, loss_rpn_cls: 0.0319, loss_rpn_bbox: 0.0204, loss_cls: 0.2632, acc: 93.7124, loss_bbox: 0.2034, loss: 0.5190
2020-10-27 10:50:28,839 - mmdet - INFO - Epoch [2][600/6207]	lr: 2.500e-03, eta: 11:54:32, time: 0.296, data_time: 0.075, memory: 2472, loss_rpn_cls: 0.0279, loss_rpn_bbox: 0.0185, loss_cls: 0.2215, acc: 94.5352, loss_bbox: 0.1756, loss: 0.4435
2020-10-27 10:50:46,260 - mmdet - INFO - Epoch [2][650/6207]	lr: 2.500e-03, eta: 11:55:06, time: 0.348, data_time: 0.085, memory: 2472, loss_rpn_cls: 0.0262, loss_rpn_bbox: 0.0182, loss_cls: 0.2236, acc: 94.4995, loss_bbox: 0.1804, loss: 0.4484
2020-10-27 10:51:01,738 - mmdet - INFO - Epoch [2][700/6207]	lr: 2.500e-03, eta: 11:54:58, time: 0.310, data_time: 0.077, memory: 2472, loss_rpn_cls: 0.0344, loss_rpn_bbox: 0.0211, loss_cls: 0.2477, acc: 94.2300, loss_bbox: 0.1898, loss: 0.4931
2020-10-27 10:51:19,170 - mmdet - INFO - Epoch [2][750/6207]	lr: 2.500e-03, eta: 11:55:31, time: 0.349, data_time: 0.100, memory: 2472, loss_rpn_cls: 0.0290, loss_rpn_bbox: 0.0184, loss_cls: 0.2385, acc: 94.4282, loss_bbox: 0.1788, loss: 0.4647
2020-10-27 10:51:35,069 - mmdet - INFO - Epoch [2][800/6207]	lr: 2.500e-03, eta: 11:55:32, time: 0.318, data_time: 0.067, memory: 2472, loss_rpn_cls: 0.0242, loss_rpn_bbox: 0.0174, loss_cls: 0.2288, acc: 94.2827, loss_bbox: 0.1847, loss: 0.4550
2020-10-27 10:51:51,841 - mmdet - INFO - Epoch [2][850/6207]	lr: 2.500e-03, eta: 11:55:50, time: 0.336, data_time: 0.098, memory: 2472, loss_rpn_cls: 0.0262, loss_rpn_bbox: 0.0179, loss_cls: 0.2286, acc: 94.2388, loss_bbox: 0.1876, loss: 0.4602
2020-10-27 10:52:08,580 - mmdet - INFO - Epoch [2][900/6207]	lr: 2.500e-03, eta: 11:56:07, time: 0.335, data_time: 0.076, memory: 2472, loss_rpn_cls: 0.0296, loss_rpn_bbox: 0.0195, loss_cls: 0.2430, acc: 94.1660, loss_bbox: 0.1862, loss: 0.4782
2020-10-27 10:52:24,169 - mmdet - INFO - Epoch [2][950/6207]	lr: 2.500e-03, eta: 11:56:00, time: 0.312, data_time: 0.070, memory: 2472, loss_rpn_cls: 0.0303, loss_rpn_bbox: 0.0201, loss_cls: 0.2609, acc: 94.1045, loss_bbox: 0.1916, loss: 0.5029
2020-10-27 10:52:38,878 - mmdet - INFO - Epoch [2][1000/6207]	lr: 2.500e-03, eta: 11:55:36, time: 0.294, data_time: 0.069, memory: 2472, loss_rpn_cls: 0.0293, loss_rpn_bbox: 0.0174, loss_cls: 0.2461, acc: 94.3755, loss_bbox: 0.1796, loss: 0.4724
2020-10-27 10:52:53,848 - mmdet - INFO - Epoch [2][1050/6207]	lr: 2.500e-03, eta: 11:55:18, time: 0.299, data_time: 0.066, memory: 2472, loss_rpn_cls: 0.0294, loss_rpn_bbox: 0.0169, loss_cls: 0.2284, acc: 94.5601, loss_bbox: 0.1717, loss: 0.4463
2020-10-27 10:53:09,462 - mmdet - INFO - Epoch [2][1100/6207]	lr: 2.500e-03, eta: 11:55:12, time: 0.312, data_time: 0.074, memory: 2472, loss_rpn_cls: 0.0298, loss_rpn_bbox: 0.0194, loss_cls: 0.2531, acc: 93.7207, loss_bbox: 0.1997, loss: 0.5021
2020-10-27 10:53:28,909 - mmdet - INFO - Epoch [2][1150/6207]	lr: 2.500e-03, eta: 11:56:20, time: 0.389, data_time: 0.071, memory: 2472, loss_rpn_cls: 0.0246, loss_rpn_bbox: 0.0165, loss_cls: 0.2304, acc: 94.1772, loss_bbox: 0.1862, loss: 0.4576
2020-10-27 10:53:46,391 - mmdet - INFO - Epoch [2][1200/6207]	lr: 2.500e-03, eta: 11:56:48, time: 0.349, data_time: 0.105, memory: 2472, loss_rpn_cls: 0.0274, loss_rpn_bbox: 0.0167, loss_cls: 0.2298, acc: 94.1357, loss_bbox: 0.1895, loss: 0.4633
2020-10-27 10:54:01,244 - mmdet - INFO - Epoch [2][1250/6207]	lr: 2.500e-03, eta: 11:56:27, time: 0.297, data_time: 0.073, memory: 2472, loss_rpn_cls: 0.0293, loss_rpn_bbox: 0.0188, loss_cls: 0.2305, acc: 94.3081, loss_bbox: 0.1841, loss: 0.4627
2020-10-27 10:54:17,450 - mmdet - INFO - Epoch [2][1300/6207]	lr: 2.500e-03, eta: 11:56:31, time: 0.324, data_time: 0.079, memory: 2472, loss_rpn_cls: 0.0311, loss_rpn_bbox: 0.0189, loss_cls: 0.2405, acc: 94.2104, loss_bbox: 0.1855, loss: 0.4760
2020-10-27 10:54:35,108 - mmdet - INFO - Epoch [2][1350/6207]	lr: 2.500e-03, eta: 11:57:02, time: 0.353, data_time: 0.078, memory: 2472, loss_rpn_cls: 0.0241, loss_rpn_bbox: 0.0166, loss_cls: 0.2392, acc: 94.4541, loss_bbox: 0.1814, loss: 0.4614
2020-10-27 10:54:52,191 - mmdet - INFO - Epoch [2][1400/6207]	lr: 2.500e-03, eta: 11:57:21, time: 0.342, data_time: 0.080, memory: 2472, loss_rpn_cls: 0.0302, loss_rpn_bbox: 0.0195, loss_cls: 0.2568, acc: 93.7598, loss_bbox: 0.1971, loss: 0.5037
2020-10-27 10:55:07,113 - mmdet - INFO - Epoch [2][1450/6207]	lr: 2.500e-03, eta: 11:57:00, time: 0.298, data_time: 0.070, memory: 2472, loss_rpn_cls: 0.0298, loss_rpn_bbox: 0.0197, loss_cls: 0.2556, acc: 94.2397, loss_bbox: 0.1879, loss: 0.4931
2020-10-27 10:55:21,944 - mmdet - INFO - Epoch [2][1500/6207]	lr: 2.500e-03, eta: 11:56:38, time: 0.297, data_time: 0.068, memory: 2472, loss_rpn_cls: 0.0299, loss_rpn_bbox: 0.0192, loss_cls: 0.2633, acc: 93.7935, loss_bbox: 0.1985, loss: 0.5108
2020-10-27 10:55:42,734 - mmdet - INFO - Epoch [2][1550/6207]	lr: 2.500e-03, eta: 11:58:04, time: 0.416, data_time: 0.115, memory: 2472, loss_rpn_cls: 0.0254, loss_rpn_bbox: 0.0179, loss_cls: 0.2503, acc: 93.9126, loss_bbox: 0.1933, loss: 0.4868
2020-10-27 10:56:03,859 - mmdet - INFO - Epoch [2][1600/6207]	lr: 2.500e-03, eta: 11:59:35, time: 0.423, data_time: 0.102, memory: 2472, loss_rpn_cls: 0.0294, loss_rpn_bbox: 0.0181, loss_cls: 0.2210, acc: 94.5610, loss_bbox: 0.1699, loss: 0.4384
2020-10-27 10:56:21,785 - mmdet - INFO - Epoch [2][1650/6207]	lr: 2.500e-03, eta: 12:00:07, time: 0.359, data_time: 0.077, memory: 2472, loss_rpn_cls: 0.0273, loss_rpn_bbox: 0.0178, loss_cls: 0.2359, acc: 94.0762, loss_bbox: 0.1887, loss: 0.4697
2020-10-27 10:56:36,525 - mmdet - INFO - Epoch [2][1700/6207]	lr: 2.500e-03, eta: 11:59:41, time: 0.295, data_time: 0.070, memory: 2472, loss_rpn_cls: 0.0284, loss_rpn_bbox: 0.0185, loss_cls: 0.2374, acc: 94.1440, loss_bbox: 0.1861, loss: 0.4703
2020-10-27 10:56:57,970 - mmdet - INFO - Epoch [2][1750/6207]	lr: 2.500e-03, eta: 12:01:15, time: 0.429, data_time: 0.099, memory: 2472, loss_rpn_cls: 0.0304, loss_rpn_bbox: 0.0188, loss_cls: 0.2303, acc: 94.2500, loss_bbox: 0.1769, loss: 0.4565
2020-10-27 10:57:18,536 - mmdet - INFO - Epoch [2][1800/6207]	lr: 2.500e-03, eta: 12:02:32, time: 0.411, data_time: 0.085, memory: 2472, loss_rpn_cls: 0.0279, loss_rpn_bbox: 0.0185, loss_cls: 0.2359, acc: 94.1997, loss_bbox: 0.1854, loss: 0.4678
2020-10-27 10:57:35,153 - mmdet - INFO - Epoch [2][1850/6207]	lr: 2.500e-03, eta: 12:02:38, time: 0.332, data_time: 0.070, memory: 2472, loss_rpn_cls: 0.0289, loss_rpn_bbox: 0.0172, loss_cls: 0.2328, acc: 94.3003, loss_bbox: 0.1815, loss: 0.4604
2020-10-27 10:57:51,716 - mmdet - INFO - Epoch [2][1900/6207]	lr: 2.500e-03, eta: 12:02:43, time: 0.331, data_time: 0.075, memory: 2472, loss_rpn_cls: 0.0234, loss_rpn_bbox: 0.0170, loss_cls: 0.2236, acc: 94.2871, loss_bbox: 0.1814, loss: 0.4454
