2020-10-28 19:46:18,054 - mmdet - INFO - Environment info:
------------------------------------------------------------
sys.platform: linux
Python: 3.6.12 |Anaconda, Inc.| (default, Sep  8 2020, 23:10:56) [GCC 7.3.0]
CUDA available: True
GPU 0,1: GeForce RTX 2080 Ti
CUDA_HOME: /usr/local/cuda
NVCC: Cuda compilation tools, release 10.0, V10.0.130
GCC: gcc (Ubuntu 5.4.0-6ubuntu1~16.04.11) 5.4.0 20160609
PyTorch: 1.4.0
PyTorch compiling details: PyTorch built with:
  - GCC 7.3
  - Intel(R) Math Kernel Library Version 2020.0.2 Product Build 20200624 for Intel(R) 64 architecture applications
  - Intel(R) MKL-DNN v0.21.1 (Git Hash 7d2fd500bc78936d1d648ca713b901012f470dbc)
  - OpenMP 201511 (a.k.a. OpenMP 4.5)
  - NNPACK is enabled
  - CUDA Runtime 10.0
  - NVCC architecture flags: -gencode;arch=compute_37,code=sm_37;-gencode;arch=compute_50,code=sm_50;-gencode;arch=compute_60,code=sm_60;-gencode;arch=compute_61,code=sm_61;-gencode;arch=compute_70,code=sm_70;-gencode;arch=compute_75,code=sm_75;-gencode;arch=compute_37,code=compute_37
  - CuDNN 7.6.3
  - Magma 2.5.1
  - Build settings: BLAS=MKL, BUILD_NAMEDTENSOR=OFF, BUILD_TYPE=Release, CXX_FLAGS= -Wno-deprecated -fvisibility-inlines-hidden -fopenmp -DUSE_FBGEMM -DUSE_QNNPACK -DUSE_PYTORCH_QNNPACK -O2 -fPIC -Wno-narrowing -Wall -Wextra -Wno-missing-field-initializers -Wno-type-limits -Wno-array-bounds -Wno-unknown-pragmas -Wno-sign-compare -Wno-unused-parameter -Wno-unused-variable -Wno-unused-function -Wno-unused-result -Wno-strict-overflow -Wno-strict-aliasing -Wno-error=deprecated-declarations -Wno-stringop-overflow -Wno-error=pedantic -Wno-error=redundant-decls -Wno-error=old-style-cast -fdiagnostics-color=always -faligned-new -Wno-unused-but-set-variable -Wno-maybe-uninitialized -fno-math-errno -fno-trapping-math -Wno-stringop-overflow, DISABLE_NUMA=1, PERF_WITH_AVX=1, PERF_WITH_AVX2=1, PERF_WITH_AVX512=1, USE_CUDA=ON, USE_EXCEPTION_PTR=1, USE_GFLAGS=OFF, USE_GLOG=OFF, USE_MKL=ON, USE_MKLDNN=ON, USE_MPI=OFF, USE_NCCL=ON, USE_NNPACK=ON, USE_OPENMP=ON, USE_STATIC_DISPATCH=OFF, 

TorchVision: 0.5.0
OpenCV: 4.4.0
MMCV: 1.1.5
MMCV Compiler: GCC 7.3
MMCV CUDA Compiler: 10.0
MMDetection: 2.5.0+
------------------------------------------------------------

2020-10-28 19:46:20,648 - mmdet - INFO - Distributed training: True
2020-10-28 19:46:23,300 - mmdet - INFO - Config:
model = dict(
    type='FasterRCNN',
    pretrained='icode/moco_v2_800ep_pretrain_rename.pth',
    backbone=dict(
        type='ResNet',
        depth=50,
        num_stages=4,
        out_indices=(0, 1, 2, 3),
        frozen_stages=1,
        norm_cfg=dict(type='BN', requires_grad=False),
        norm_eval=True,
        style='caffe'),
    neck=dict(
        type='FPN',
        in_channels=[256, 512, 1024, 2048],
        out_channels=256,
        num_outs=5),
    rpn_head=dict(
        type='RPNHead',
        in_channels=256,
        feat_channels=256,
        anchor_generator=dict(
            type='AnchorGenerator',
            scales=[8],
            ratios=[0.5, 1.0, 2.0],
            strides=[4, 8, 16, 32, 64]),
        bbox_coder=dict(
            type='DeltaXYWHBBoxCoder',
            target_means=[0.0, 0.0, 0.0, 0.0],
            target_stds=[1.0, 1.0, 1.0, 1.0]),
        loss_cls=dict(
            type='CrossEntropyLoss', use_sigmoid=True, loss_weight=1.0),
        loss_bbox=dict(type='L1Loss', loss_weight=1.0)),
    roi_head=dict(
        type='StandardRoIHead',
        bbox_roi_extractor=dict(
            type='SingleRoIExtractor',
            roi_layer=dict(type='RoIAlign', output_size=7, sampling_ratio=0),
            out_channels=256,
            featmap_strides=[4, 8, 16, 32]),
        bbox_head=dict(
            type='Shared2FCBBoxHead',
            in_channels=256,
            fc_out_channels=1024,
            roi_feat_size=7,
            num_classes=20,
            bbox_coder=dict(
                type='DeltaXYWHBBoxCoder',
                target_means=[0.0, 0.0, 0.0, 0.0],
                target_stds=[0.1, 0.1, 0.2, 0.2]),
            reg_class_agnostic=False,
            loss_cls=dict(
                type='CrossEntropyLoss', use_sigmoid=False, loss_weight=1.0),
            loss_bbox=dict(type='L1Loss', loss_weight=1.0))))
train_cfg = dict(
    rpn=dict(
        assigner=dict(
            type='MaxIoUAssigner',
            pos_iou_thr=0.7,
            neg_iou_thr=0.3,
            min_pos_iou=0.3,
            match_low_quality=True,
            ignore_iof_thr=-1),
        sampler=dict(
            type='RandomSampler',
            num=256,
            pos_fraction=0.5,
            neg_pos_ub=-1,
            add_gt_as_proposals=False),
        allowed_border=-1,
        pos_weight=-1,
        debug=False),
    rpn_proposal=dict(
        nms_across_levels=False,
        nms_pre=2000,
        nms_post=1000,
        max_num=1000,
        nms_thr=0.7,
        min_bbox_size=0),
    rcnn=dict(
        assigner=dict(
            type='MaxIoUAssigner',
            pos_iou_thr=0.5,
            neg_iou_thr=0.5,
            min_pos_iou=0.5,
            match_low_quality=False,
            ignore_iof_thr=-1),
        sampler=dict(
            type='RandomSampler',
            num=512,
            pos_fraction=0.25,
            neg_pos_ub=-1,
            add_gt_as_proposals=True),
        pos_weight=-1,
        debug=False))
test_cfg = dict(
    rpn=dict(
        nms_across_levels=False,
        nms_pre=1000,
        nms_post=1000,
        max_num=1000,
        nms_thr=0.7,
        min_bbox_size=0),
    rcnn=dict(
        score_thr=0.05,
        nms=dict(type='nms', iou_threshold=0.5),
        max_per_img=100))
dataset_type = 'VOCDataset'
data_root = '/root/userfolder/data/voc0712/VOCdevkit/'
img_norm_cfg = dict(
    mean=[103.53, 116.28, 123.675], std=[1.0, 1.0, 1.0], to_rgb=False)
train_pipeline = [
    dict(type='LoadImageFromFile'),
    dict(type='LoadAnnotations', with_bbox=True),
    dict(type='Resize', img_scale=(1333, 800), keep_ratio=True),
    dict(type='RandomFlip', flip_ratio=0.5),
    dict(
        type='Normalize',
        mean=[103.53, 116.28, 123.675],
        std=[1.0, 1.0, 1.0],
        to_rgb=False),
    dict(type='Pad', size_divisor=32),
    dict(type='DefaultFormatBundle'),
    dict(type='Collect', keys=['img', 'gt_bboxes', 'gt_labels'])
]
test_pipeline = [
    dict(type='LoadImageFromFile'),
    dict(
        type='MultiScaleFlipAug',
        img_scale=(1333, 800),
        flip=False,
        transforms=[
            dict(type='Resize', keep_ratio=True),
            dict(type='RandomFlip'),
            dict(
                type='Normalize',
                mean=[103.53, 116.28, 123.675],
                std=[1.0, 1.0, 1.0],
                to_rgb=False),
            dict(type='Pad', size_divisor=32),
            dict(type='ImageToTensor', keys=['img']),
            dict(type='Collect', keys=['img'])
        ])
]
data = dict(
    samples_per_gpu=2,
    workers_per_gpu=0,
    train=dict(
        type='RepeatDataset',
        times=3,
        dataset=dict(
            type='VOCDataset',
            ann_file=[
                '/root/userfolder/data/voc0712/VOCdevkit/VOC2007/ImageSets/Main/trainval.txt',
                '/root/userfolder/data/voc0712/VOCdevkit/VOC2012/ImageSets/Main/trainval.txt'
            ],
            img_prefix=[
                '/root/userfolder/data/voc0712/VOCdevkit/VOC2007/',
                '/root/userfolder/data/voc0712/VOCdevkit/VOC2012/'
            ],
            pipeline=[
                dict(type='LoadImageFromFile'),
                dict(type='LoadAnnotations', with_bbox=True),
                dict(type='Resize', img_scale=(1000, 600), keep_ratio=True),
                dict(type='RandomFlip', flip_ratio=0.5),
                dict(
                    type='Normalize',
                    mean=[123.675, 116.28, 103.53],
                    std=[58.395, 57.12, 57.375],
                    to_rgb=True),
                dict(type='Pad', size_divisor=32),
                dict(type='DefaultFormatBundle'),
                dict(type='Collect', keys=['img', 'gt_bboxes', 'gt_labels'])
            ]),
        pipeline=[
            dict(type='LoadImageFromFile'),
            dict(type='LoadAnnotations', with_bbox=True),
            dict(type='Resize', img_scale=(1333, 800), keep_ratio=True),
            dict(type='RandomFlip', flip_ratio=0.5),
            dict(
                type='Normalize',
                mean=[103.53, 116.28, 123.675],
                std=[1.0, 1.0, 1.0],
                to_rgb=False),
            dict(type='Pad', size_divisor=32),
            dict(type='DefaultFormatBundle'),
            dict(type='Collect', keys=['img', 'gt_bboxes', 'gt_labels'])
        ]),
    val=dict(
        type='VOCDataset',
        ann_file=
        '/root/userfolder/data/voc0712/VOCdevkit/VOC2007/ImageSets/Main/test.txt',
        img_prefix='/root/userfolder/data/voc0712/VOCdevkit/VOC2007/',
        pipeline=[
            dict(type='LoadImageFromFile'),
            dict(
                type='MultiScaleFlipAug',
                img_scale=(1333, 800),
                flip=False,
                transforms=[
                    dict(type='Resize', keep_ratio=True),
                    dict(type='RandomFlip'),
                    dict(
                        type='Normalize',
                        mean=[103.53, 116.28, 123.675],
                        std=[1.0, 1.0, 1.0],
                        to_rgb=False),
                    dict(type='Pad', size_divisor=32),
                    dict(type='ImageToTensor', keys=['img']),
                    dict(type='Collect', keys=['img'])
                ])
        ]),
    test=dict(
        type='VOCDataset',
        ann_file=
        '/root/userfolder/data/voc0712/VOCdevkit/VOC2007/ImageSets/Main/test.txt',
        img_prefix='/root/userfolder/data/voc0712/VOCdevkit/VOC2007/',
        pipeline=[
            dict(type='LoadImageFromFile'),
            dict(
                type='MultiScaleFlipAug',
                img_scale=(1333, 800),
                flip=False,
                transforms=[
                    dict(type='Resize', keep_ratio=True),
                    dict(type='RandomFlip'),
                    dict(
                        type='Normalize',
                        mean=[103.53, 116.28, 123.675],
                        std=[1.0, 1.0, 1.0],
                        to_rgb=False),
                    dict(type='Pad', size_divisor=32),
                    dict(type='ImageToTensor', keys=['img']),
                    dict(type='Collect', keys=['img'])
                ])
        ]))
evaluation = dict(interval=1, metric='mAP')
checkpoint_config = dict(interval=1)
log_config = dict(interval=50, hooks=[dict(type='TextLoggerHook')])
dist_params = dict(backend='nccl')
log_level = 'INFO'
load_from = None
resume_from = None
workflow = [('train', 1)]
optimizer = dict(type='SGD', lr=0.0025, momentum=0.9, weight_decay=0.0001)
optimizer_config = dict(grad_clip=None)
lr_config = dict(
    policy='step',
    warmup='linear',
    warmup_iters=500,
    warmup_ratio=0.001,
    step=[16, 22])
total_epochs = 24
work_dir = './work_dirs/faster_rcnn_r50_caffe_fpn_2x_voc_mocov2_800ep'
gpu_ids = range(0, 1)

2020-10-28 19:46:24,576 - mmdet - INFO - load model from: icode/moco_v2_800ep_pretrain_rename.pth
2020-10-28 19:46:25,441 - mmdet - WARNING - The model and loaded state dict do not match exactly

unexpected key in source state_dict: fc.0.weight, fc.0.bias, fc.2.weight, fc.2.bias

2020-10-28 19:46:42,116 - mmdet - INFO - Start running, host: root@95b7482644c5, work_dir: /root/userfolder/mmdetection/work_dirs/faster_rcnn_r50_caffe_fpn_2x_voc_mocov2_800ep
2020-10-28 19:46:42,117 - mmdet - INFO - workflow: [('train', 1)], max: 24 epochs
2020-10-28 19:46:58,774 - mmdet - INFO - Epoch [1][50/12414]	lr: 2.473e-04, eta: 1 day, 3:22:58, time: 0.331, data_time: 0.152, memory: 2469, loss_rpn_cls: 0.6908, loss_rpn_bbox: 0.0230, loss_cls: 2.8516, acc: 60.2832, loss_bbox: 0.0023, loss: 3.5677
2020-10-28 19:47:10,546 - mmdet - INFO - Epoch [1][100/12414]	lr: 4.970e-04, eta: 23:27:09, time: 0.236, data_time: 0.094, memory: 2469, loss_rpn_cls: 0.3013, loss_rpn_bbox: 0.0256, loss_cls: 0.5947, acc: 97.3389, loss_bbox: 0.1001, loss: 1.0217
2020-10-28 19:47:22,067 - mmdet - INFO - Epoch [1][150/12414]	lr: 7.468e-04, eta: 21:59:21, time: 0.231, data_time: 0.087, memory: 2469, loss_rpn_cls: 0.0851, loss_rpn_bbox: 0.0221, loss_cls: 0.3347, acc: 96.4307, loss_bbox: 0.1420, loss: 0.5840
2020-10-28 19:47:33,535 - mmdet - INFO - Epoch [1][200/12414]	lr: 9.965e-04, eta: 21:14:06, time: 0.230, data_time: 0.084, memory: 2469, loss_rpn_cls: 0.0732, loss_rpn_bbox: 0.0202, loss_cls: 0.3221, acc: 96.4678, loss_bbox: 0.1400, loss: 0.5554
2020-10-28 19:47:45,173 - mmdet - INFO - Epoch [1][250/12414]	lr: 1.246e-03, eta: 20:49:38, time: 0.232, data_time: 0.089, memory: 2469, loss_rpn_cls: 0.0745, loss_rpn_bbox: 0.0224, loss_cls: 0.3305, acc: 96.0410, loss_bbox: 0.1568, loss: 0.5843
2020-10-28 19:47:56,955 - mmdet - INFO - Epoch [1][300/12414]	lr: 1.496e-03, eta: 20:35:50, time: 0.235, data_time: 0.091, memory: 2469, loss_rpn_cls: 0.0719, loss_rpn_bbox: 0.0186, loss_cls: 0.3182, acc: 96.3643, loss_bbox: 0.1430, loss: 0.5517
2020-10-28 19:48:08,725 - mmdet - INFO - Epoch [1][350/12414]	lr: 1.746e-03, eta: 20:26:17, time: 0.236, data_time: 0.087, memory: 2469, loss_rpn_cls: 0.0837, loss_rpn_bbox: 0.0236, loss_cls: 0.3238, acc: 95.3975, loss_bbox: 0.1803, loss: 0.6114
2020-10-28 19:48:20,561 - mmdet - INFO - Epoch [1][400/12414]	lr: 1.996e-03, eta: 20:19:20, time: 0.236, data_time: 0.084, memory: 2469, loss_rpn_cls: 0.0824, loss_rpn_bbox: 0.0213, loss_cls: 0.2841, acc: 96.0225, loss_bbox: 0.1530, loss: 0.5408
2020-10-28 19:48:32,517 - mmdet - INFO - Epoch [1][450/12414]	lr: 2.245e-03, eta: 20:15:24, time: 0.239, data_time: 0.093, memory: 2469, loss_rpn_cls: 0.0789, loss_rpn_bbox: 0.0219, loss_cls: 0.2933, acc: 96.0576, loss_bbox: 0.1549, loss: 0.5491
2020-10-28 19:48:44,130 - mmdet - INFO - Epoch [1][500/12414]	lr: 2.495e-03, eta: 20:08:45, time: 0.232, data_time: 0.082, memory: 2469, loss_rpn_cls: 0.0867, loss_rpn_bbox: 0.0248, loss_cls: 0.3081, acc: 95.6250, loss_bbox: 0.1732, loss: 0.5928
2020-10-28 19:48:55,814 - mmdet - INFO - Epoch [1][550/12414]	lr: 2.500e-03, eta: 20:04:10, time: 0.234, data_time: 0.085, memory: 2469, loss_rpn_cls: 0.0627, loss_rpn_bbox: 0.0182, loss_cls: 0.2640, acc: 96.1025, loss_bbox: 0.1539, loss: 0.4989
2020-10-28 19:49:07,827 - mmdet - INFO - Epoch [1][600/12414]	lr: 2.500e-03, eta: 20:02:43, time: 0.240, data_time: 0.087, memory: 2469, loss_rpn_cls: 0.0676, loss_rpn_bbox: 0.0215, loss_cls: 0.2962, acc: 95.7793, loss_bbox: 0.1689, loss: 0.5542
2020-10-28 19:49:19,622 - mmdet - INFO - Epoch [1][650/12414]	lr: 2.500e-03, eta: 19:59:48, time: 0.236, data_time: 0.086, memory: 2469, loss_rpn_cls: 0.0678, loss_rpn_bbox: 0.0221, loss_cls: 0.2782, acc: 95.7842, loss_bbox: 0.1688, loss: 0.5369
2020-10-28 19:49:31,398 - mmdet - INFO - Epoch [1][700/12414]	lr: 2.500e-03, eta: 19:57:22, time: 0.236, data_time: 0.089, memory: 2469, loss_rpn_cls: 0.0693, loss_rpn_bbox: 0.0243, loss_cls: 0.2995, acc: 95.7119, loss_bbox: 0.1698, loss: 0.5630
2020-10-28 19:49:43,098 - mmdet - INFO - Epoch [1][750/12414]	lr: 2.500e-03, eta: 19:54:33, time: 0.234, data_time: 0.086, memory: 2469, loss_rpn_cls: 0.0615, loss_rpn_bbox: 0.0205, loss_cls: 0.2873, acc: 95.5752, loss_bbox: 0.1768, loss: 0.5460
2020-10-28 19:49:54,679 - mmdet - INFO - Epoch [1][800/12414]	lr: 2.500e-03, eta: 19:51:29, time: 0.232, data_time: 0.085, memory: 2469, loss_rpn_cls: 0.0692, loss_rpn_bbox: 0.0221, loss_cls: 0.2434, acc: 96.0332, loss_bbox: 0.1548, loss: 0.4895
2020-10-28 19:50:06,217 - mmdet - INFO - Epoch [1][850/12414]	lr: 2.500e-03, eta: 19:48:20, time: 0.230, data_time: 0.086, memory: 2469, loss_rpn_cls: 0.0602, loss_rpn_bbox: 0.0192, loss_cls: 0.2680, acc: 95.9678, loss_bbox: 0.1580, loss: 0.5054
2020-10-28 19:50:17,577 - mmdet - INFO - Epoch [1][900/12414]	lr: 2.500e-03, eta: 19:44:38, time: 0.227, data_time: 0.085, memory: 2469, loss_rpn_cls: 0.0596, loss_rpn_bbox: 0.0208, loss_cls: 0.2872, acc: 95.6885, loss_bbox: 0.1691, loss: 0.5367
2020-10-28 19:50:29,131 - mmdet - INFO - Epoch [1][950/12414]	lr: 2.500e-03, eta: 19:42:16, time: 0.231, data_time: 0.082, memory: 2469, loss_rpn_cls: 0.0561, loss_rpn_bbox: 0.0202, loss_cls: 0.2611, acc: 95.7676, loss_bbox: 0.1647, loss: 0.5022
2020-10-28 19:50:40,947 - mmdet - INFO - Exp name: faster_rcnn_r50_caffe_fpn_2x_voc_mocov2_800ep.py
2020-10-28 19:50:40,947 - mmdet - INFO - Epoch [1][1000/12414]	lr: 2.500e-03, eta: 19:41:25, time: 0.236, data_time: 0.089, memory: 2469, loss_rpn_cls: 0.0676, loss_rpn_bbox: 0.0220, loss_cls: 0.2868, acc: 95.8564, loss_bbox: 0.1625, loss: 0.5390
2020-10-28 19:50:52,884 - mmdet - INFO - Epoch [1][1050/12414]	lr: 2.500e-03, eta: 19:41:17, time: 0.239, data_time: 0.088, memory: 2469, loss_rpn_cls: 0.0739, loss_rpn_bbox: 0.0259, loss_cls: 0.3012, acc: 95.0859, loss_bbox: 0.1914, loss: 0.5924
2020-10-28 19:51:04,627 - mmdet - INFO - Epoch [1][1100/12414]	lr: 2.500e-03, eta: 19:40:16, time: 0.235, data_time: 0.088, memory: 2469, loss_rpn_cls: 0.0613, loss_rpn_bbox: 0.0220, loss_cls: 0.2677, acc: 95.8428, loss_bbox: 0.1618, loss: 0.5129
2020-10-28 19:51:16,641 - mmdet - INFO - Epoch [1][1150/12414]	lr: 2.500e-03, eta: 19:40:21, time: 0.240, data_time: 0.086, memory: 2469, loss_rpn_cls: 0.0753, loss_rpn_bbox: 0.0251, loss_cls: 0.2918, acc: 95.8096, loss_bbox: 0.1596, loss: 0.5518
2020-10-28 19:51:28,811 - mmdet - INFO - Epoch [1][1200/12414]	lr: 2.500e-03, eta: 19:41:05, time: 0.243, data_time: 0.093, memory: 2469, loss_rpn_cls: 0.0675, loss_rpn_bbox: 0.0243, loss_cls: 0.2774, acc: 95.6465, loss_bbox: 0.1718, loss: 0.5411
2020-10-28 19:51:40,433 - mmdet - INFO - Epoch [1][1250/12414]	lr: 2.500e-03, eta: 19:39:44, time: 0.233, data_time: 0.082, memory: 2469, loss_rpn_cls: 0.0617, loss_rpn_bbox: 0.0217, loss_cls: 0.2933, acc: 95.4834, loss_bbox: 0.1790, loss: 0.5557
2020-10-28 19:51:52,028 - mmdet - INFO - Epoch [1][1300/12414]	lr: 2.500e-03, eta: 19:38:11, time: 0.232, data_time: 0.079, memory: 2469, loss_rpn_cls: 0.0534, loss_rpn_bbox: 0.0229, loss_cls: 0.2775, acc: 95.5625, loss_bbox: 0.1739, loss: 0.5277
2020-10-28 19:52:03,684 - mmdet - INFO - Epoch [1][1350/12414]	lr: 2.500e-03, eta: 19:37:01, time: 0.233, data_time: 0.088, memory: 2469, loss_rpn_cls: 0.0587, loss_rpn_bbox: 0.0220, loss_cls: 0.2800, acc: 95.5596, loss_bbox: 0.1741, loss: 0.5348
2020-10-28 19:52:15,052 - mmdet - INFO - Epoch [1][1400/12414]	lr: 2.500e-03, eta: 19:34:57, time: 0.228, data_time: 0.082, memory: 2469, loss_rpn_cls: 0.0646, loss_rpn_bbox: 0.0224, loss_cls: 0.2799, acc: 95.7969, loss_bbox: 0.1613, loss: 0.5282
2020-10-28 19:52:26,818 - mmdet - INFO - Epoch [1][1450/12414]	lr: 2.500e-03, eta: 19:34:18, time: 0.235, data_time: 0.088, memory: 2469, loss_rpn_cls: 0.0658, loss_rpn_bbox: 0.0233, loss_cls: 0.2631, acc: 95.7148, loss_bbox: 0.1637, loss: 0.5159
2020-10-28 19:52:38,229 - mmdet - INFO - Epoch [1][1500/12414]	lr: 2.500e-03, eta: 19:32:39, time: 0.229, data_time: 0.081, memory: 2469, loss_rpn_cls: 0.0567, loss_rpn_bbox: 0.0222, loss_cls: 0.2747, acc: 95.6436, loss_bbox: 0.1693, loss: 0.5229
2020-10-28 19:52:49,681 - mmdet - INFO - Epoch [1][1550/12414]	lr: 2.500e-03, eta: 19:31:05, time: 0.229, data_time: 0.084, memory: 2469, loss_rpn_cls: 0.0570, loss_rpn_bbox: 0.0216, loss_cls: 0.2832, acc: 95.4102, loss_bbox: 0.1761, loss: 0.5380
2020-10-28 19:53:01,174 - mmdet - INFO - Epoch [1][1600/12414]	lr: 2.500e-03, eta: 19:29:44, time: 0.230, data_time: 0.083, memory: 2469, loss_rpn_cls: 0.0571, loss_rpn_bbox: 0.0224, loss_cls: 0.2315, acc: 96.2393, loss_bbox: 0.1414, loss: 0.4524
2020-10-28 19:53:12,780 - mmdet - INFO - Epoch [1][1650/12414]	lr: 2.500e-03, eta: 19:28:47, time: 0.232, data_time: 0.085, memory: 2469, loss_rpn_cls: 0.0484, loss_rpn_bbox: 0.0204, loss_cls: 0.2587, acc: 95.8555, loss_bbox: 0.1597, loss: 0.4872
2020-10-28 19:53:24,408 - mmdet - INFO - Epoch [1][1700/12414]	lr: 2.500e-03, eta: 19:28:02, time: 0.233, data_time: 0.084, memory: 2469, loss_rpn_cls: 0.0435, loss_rpn_bbox: 0.0189, loss_cls: 0.2493, acc: 95.6689, loss_bbox: 0.1637, loss: 0.4754
2020-10-28 19:53:36,912 - mmdet - INFO - Epoch [1][1750/12414]	lr: 2.500e-03, eta: 19:29:38, time: 0.249, data_time: 0.082, memory: 2469, loss_rpn_cls: 0.0579, loss_rpn_bbox: 0.0219, loss_cls: 0.2622, acc: 95.4365, loss_bbox: 0.1743, loss: 0.5163
2020-10-28 19:53:49,230 - mmdet - INFO - Epoch [1][1800/12414]	lr: 2.500e-03, eta: 19:30:51, time: 0.247, data_time: 0.080, memory: 2469, loss_rpn_cls: 0.0558, loss_rpn_bbox: 0.0212, loss_cls: 0.2705, acc: 95.4980, loss_bbox: 0.1705, loss: 0.5180
2020-10-28 19:54:00,961 - mmdet - INFO - Epoch [1][1850/12414]	lr: 2.500e-03, eta: 19:30:17, time: 0.234, data_time: 0.088, memory: 2469, loss_rpn_cls: 0.0607, loss_rpn_bbox: 0.0230, loss_cls: 0.2681, acc: 95.3076, loss_bbox: 0.1776, loss: 0.5293
2020-10-28 19:54:12,769 - mmdet - INFO - Epoch [1][1900/12414]	lr: 2.500e-03, eta: 19:29:56, time: 0.236, data_time: 0.093, memory: 2469, loss_rpn_cls: 0.0504, loss_rpn_bbox: 0.0212, loss_cls: 0.2564, acc: 95.7480, loss_bbox: 0.1611, loss: 0.4890
2020-10-28 19:54:26,659 - mmdet - INFO - Epoch [1][1950/12414]	lr: 2.500e-03, eta: 19:34:50, time: 0.277, data_time: 0.081, memory: 2469, loss_rpn_cls: 0.0796, loss_rpn_bbox: 0.0258, loss_cls: 0.2755, acc: 95.2656, loss_bbox: 0.1781, loss: 0.5590
2020-10-28 19:54:40,669 - mmdet - INFO - Exp name: faster_rcnn_r50_caffe_fpn_2x_voc_mocov2_800ep.py
2020-10-28 19:54:40,670 - mmdet - INFO - Epoch [1][2000/12414]	lr: 2.500e-03, eta: 19:39:47, time: 0.280, data_time: 0.078, memory: 2469, loss_rpn_cls: 0.0509, loss_rpn_bbox: 0.0194, loss_cls: 0.2695, acc: 95.5557, loss_bbox: 0.1699, loss: 0.5096
2020-10-28 19:54:54,689 - mmdet - INFO - Epoch [1][2050/12414]	lr: 2.500e-03, eta: 19:44:34, time: 0.281, data_time: 0.075, memory: 2469, loss_rpn_cls: 0.0623, loss_rpn_bbox: 0.0248, loss_cls: 0.3135, acc: 94.8047, loss_bbox: 0.1953, loss: 0.5958
2020-10-28 19:55:08,611 - mmdet - INFO - Epoch [1][2100/12414]	lr: 2.500e-03, eta: 19:48:51, time: 0.278, data_time: 0.078, memory: 2469, loss_rpn_cls: 0.0482, loss_rpn_bbox: 0.0199, loss_cls: 0.2525, acc: 95.6074, loss_bbox: 0.1615, loss: 0.4821
2020-10-28 19:55:22,706 - mmdet - INFO - Epoch [1][2150/12414]	lr: 2.500e-03, eta: 19:53:17, time: 0.282, data_time: 0.082, memory: 2469, loss_rpn_cls: 0.0511, loss_rpn_bbox: 0.0208, loss_cls: 0.2613, acc: 95.3457, loss_bbox: 0.1718, loss: 0.5050
2020-10-28 19:55:36,608 - mmdet - INFO - Epoch [1][2200/12414]	lr: 2.500e-03, eta: 19:57:07, time: 0.278, data_time: 0.083, memory: 2469, loss_rpn_cls: 0.0512, loss_rpn_bbox: 0.0199, loss_cls: 0.2545, acc: 95.4707, loss_bbox: 0.1693, loss: 0.4948
2020-10-28 19:55:50,673 - mmdet - INFO - Epoch [1][2250/12414]	lr: 2.500e-03, eta: 20:01:10, time: 0.282, data_time: 0.076, memory: 2469, loss_rpn_cls: 0.0580, loss_rpn_bbox: 0.0224, loss_cls: 0.2610, acc: 95.2129, loss_bbox: 0.1792, loss: 0.5206
2020-10-28 19:56:04,807 - mmdet - INFO - Epoch [1][2300/12414]	lr: 2.500e-03, eta: 20:05:06, time: 0.282, data_time: 0.073, memory: 2469, loss_rpn_cls: 0.0504, loss_rpn_bbox: 0.0206, loss_cls: 0.2591, acc: 95.2275, loss_bbox: 0.1780, loss: 0.5082
2020-10-28 19:56:18,648 - mmdet - INFO - Epoch [1][2350/12414]	lr: 2.500e-03, eta: 20:08:17, time: 0.277, data_time: 0.080, memory: 2469, loss_rpn_cls: 0.0517, loss_rpn_bbox: 0.0219, loss_cls: 0.2805, acc: 94.7520, loss_bbox: 0.1942, loss: 0.5483
2020-10-28 19:56:33,385 - mmdet - INFO - Epoch [1][2400/12414]	lr: 2.500e-03, eta: 20:12:57, time: 0.293, data_time: 0.077, memory: 2469, loss_rpn_cls: 0.0425, loss_rpn_bbox: 0.0177, loss_cls: 0.2584, acc: 95.1670, loss_bbox: 0.1793, loss: 0.4979
2020-10-28 19:56:58,446 - mmdet - INFO - Epoch [1][2450/12414]	lr: 2.500e-03, eta: 20:38:23, time: 0.501, data_time: 0.074, memory: 2469, loss_rpn_cls: 0.0484, loss_rpn_bbox: 0.0197, loss_cls: 0.2995, acc: 94.7646, loss_bbox: 0.1955, loss: 0.5632
2020-10-28 19:57:21,877 - mmdet - INFO - Epoch [1][2500/12414]	lr: 2.500e-03, eta: 20:59:31, time: 0.468, data_time: 0.073, memory: 2469, loss_rpn_cls: 0.0526, loss_rpn_bbox: 0.0194, loss_cls: 0.2522, acc: 95.5635, loss_bbox: 0.1635, loss: 0.4876
2020-10-28 19:57:45,918 - mmdet - INFO - Epoch [1][2550/12414]	lr: 2.500e-03, eta: 21:21:04, time: 0.481, data_time: 0.080, memory: 2469, loss_rpn_cls: 0.0476, loss_rpn_bbox: 0.0193, loss_cls: 0.2614, acc: 95.1406, loss_bbox: 0.1766, loss: 0.5049
2020-10-28 19:58:10,663 - mmdet - INFO - Epoch [1][2600/12414]	lr: 2.500e-03, eta: 21:43:07, time: 0.495, data_time: 0.077, memory: 2469, loss_rpn_cls: 0.0477, loss_rpn_bbox: 0.0182, loss_cls: 0.2660, acc: 95.1777, loss_bbox: 0.1760, loss: 0.5079
2020-10-28 19:58:36,486 - mmdet - INFO - Epoch [1][2650/12414]	lr: 2.500e-03, eta: 22:06:15, time: 0.516, data_time: 0.071, memory: 2469, loss_rpn_cls: 0.0482, loss_rpn_bbox: 0.0197, loss_cls: 0.2663, acc: 95.0869, loss_bbox: 0.1808, loss: 0.5150
2020-10-28 19:59:02,471 - mmdet - INFO - Epoch [1][2700/12414]	lr: 2.500e-03, eta: 22:28:48, time: 0.520, data_time: 0.071, memory: 2469, loss_rpn_cls: 0.0481, loss_rpn_bbox: 0.0200, loss_cls: 0.2796, acc: 94.9561, loss_bbox: 0.1862, loss: 0.5339
2020-10-28 19:59:28,436 - mmdet - INFO - Epoch [1][2750/12414]	lr: 2.500e-03, eta: 22:50:30, time: 0.519, data_time: 0.071, memory: 2469, loss_rpn_cls: 0.0511, loss_rpn_bbox: 0.0210, loss_cls: 0.2656, acc: 95.1758, loss_bbox: 0.1759, loss: 0.5137
2020-10-28 19:59:54,154 - mmdet - INFO - Epoch [1][2800/12414]	lr: 2.500e-03, eta: 23:11:00, time: 0.515, data_time: 0.073, memory: 2469, loss_rpn_cls: 0.0473, loss_rpn_bbox: 0.0214, loss_cls: 0.2933, acc: 94.6543, loss_bbox: 0.1950, loss: 0.5571
2020-10-28 20:00:20,067 - mmdet - INFO - Epoch [1][2850/12414]	lr: 2.500e-03, eta: 23:31:05, time: 0.518, data_time: 0.073, memory: 2469, loss_rpn_cls: 0.0463, loss_rpn_bbox: 0.0211, loss_cls: 0.3089, acc: 94.0059, loss_bbox: 0.2186, loss: 0.5949
2020-10-28 20:00:45,648 - mmdet - INFO - Epoch [1][2900/12414]	lr: 2.500e-03, eta: 23:49:51, time: 0.511, data_time: 0.068, memory: 2469, loss_rpn_cls: 0.0526, loss_rpn_bbox: 0.0228, loss_cls: 0.2706, acc: 95.3232, loss_bbox: 0.1706, loss: 0.5165
2020-10-28 20:01:11,263 - mmdet - INFO - Epoch [1][2950/12414]	lr: 2.500e-03, eta: 1 day, 0:08:06, time: 0.513, data_time: 0.069, memory: 2469, loss_rpn_cls: 0.0462, loss_rpn_bbox: 0.0181, loss_cls: 0.2435, acc: 95.5117, loss_bbox: 0.1631, loss: 0.4710
2020-10-28 20:01:37,042 - mmdet - INFO - Exp name: faster_rcnn_r50_caffe_fpn_2x_voc_mocov2_800ep.py
2020-10-28 20:01:37,042 - mmdet - INFO - Epoch [1][3000/12414]	lr: 2.500e-03, eta: 1 day, 0:25:59, time: 0.516, data_time: 0.074, memory: 2469, loss_rpn_cls: 0.0458, loss_rpn_bbox: 0.0197, loss_cls: 0.2626, acc: 95.0098, loss_bbox: 0.1805, loss: 0.5087
2020-10-28 20:02:03,069 - mmdet - INFO - Epoch [1][3050/12414]	lr: 2.500e-03, eta: 1 day, 0:43:36, time: 0.520, data_time: 0.073, memory: 2469, loss_rpn_cls: 0.0464, loss_rpn_bbox: 0.0188, loss_cls: 0.2669, acc: 94.8750, loss_bbox: 0.1834, loss: 0.5155
2020-10-28 20:02:29,187 - mmdet - INFO - Epoch [1][3100/12414]	lr: 2.500e-03, eta: 1 day, 1:00:51, time: 0.523, data_time: 0.074, memory: 2469, loss_rpn_cls: 0.0533, loss_rpn_bbox: 0.0247, loss_cls: 0.2897, acc: 94.3604, loss_bbox: 0.2024, loss: 0.5700
2020-10-28 20:02:54,626 - mmdet - INFO - Epoch [1][3150/12414]	lr: 2.500e-03, eta: 1 day, 1:16:28, time: 0.509, data_time: 0.072, memory: 2469, loss_rpn_cls: 0.0496, loss_rpn_bbox: 0.0225, loss_cls: 0.2856, acc: 94.8652, loss_bbox: 0.1899, loss: 0.5476
2020-10-28 20:03:20,648 - mmdet - INFO - Epoch [1][3200/12414]	lr: 2.500e-03, eta: 1 day, 1:32:24, time: 0.520, data_time: 0.076, memory: 2469, loss_rpn_cls: 0.0475, loss_rpn_bbox: 0.0201, loss_cls: 0.2749, acc: 95.0566, loss_bbox: 0.1745, loss: 0.5170
2020-10-28 20:03:46,401 - mmdet - INFO - Epoch [1][3250/12414]	lr: 2.500e-03, eta: 1 day, 1:47:32, time: 0.516, data_time: 0.073, memory: 2469, loss_rpn_cls: 0.0511, loss_rpn_bbox: 0.0205, loss_cls: 0.2930, acc: 94.7334, loss_bbox: 0.1883, loss: 0.5529
2020-10-28 20:04:12,448 - mmdet - INFO - Epoch [1][3300/12414]	lr: 2.500e-03, eta: 1 day, 2:02:34, time: 0.521, data_time: 0.077, memory: 2469, loss_rpn_cls: 0.0392, loss_rpn_bbox: 0.0189, loss_cls: 0.2678, acc: 95.1299, loss_bbox: 0.1733, loss: 0.4992
2020-10-28 20:04:39,039 - mmdet - INFO - Epoch [1][3350/12414]	lr: 2.500e-03, eta: 1 day, 2:17:55, time: 0.531, data_time: 0.071, memory: 2469, loss_rpn_cls: 0.0500, loss_rpn_bbox: 0.0250, loss_cls: 0.2864, acc: 94.3193, loss_bbox: 0.2039, loss: 0.5654
2020-10-28 20:05:04,565 - mmdet - INFO - Epoch [1][3400/12414]	lr: 2.500e-03, eta: 1 day, 2:31:20, time: 0.511, data_time: 0.072, memory: 2469, loss_rpn_cls: 0.0352, loss_rpn_bbox: 0.0185, loss_cls: 0.2849, acc: 94.6191, loss_bbox: 0.1950, loss: 0.5336
2020-10-28 20:05:30,917 - mmdet - INFO - Epoch [1][3450/12414]	lr: 2.500e-03, eta: 1 day, 2:45:30, time: 0.527, data_time: 0.068, memory: 2469, loss_rpn_cls: 0.0433, loss_rpn_bbox: 0.0187, loss_cls: 0.2912, acc: 94.5488, loss_bbox: 0.1975, loss: 0.5507
2020-10-28 20:05:57,187 - mmdet - INFO - Epoch [1][3500/12414]	lr: 2.500e-03, eta: 1 day, 2:59:10, time: 0.526, data_time: 0.073, memory: 2469, loss_rpn_cls: 0.0458, loss_rpn_bbox: 0.0197, loss_cls: 0.2651, acc: 94.8545, loss_bbox: 0.1829, loss: 0.5136
2020-10-28 20:06:23,028 - mmdet - INFO - Epoch [1][3550/12414]	lr: 2.500e-03, eta: 1 day, 3:11:49, time: 0.517, data_time: 0.070, memory: 2469, loss_rpn_cls: 0.0444, loss_rpn_bbox: 0.0221, loss_cls: 0.2825, acc: 94.5527, loss_bbox: 0.1954, loss: 0.5443
2020-10-28 20:06:48,919 - mmdet - INFO - Epoch [1][3600/12414]	lr: 2.500e-03, eta: 1 day, 3:24:08, time: 0.517, data_time: 0.071, memory: 2469, loss_rpn_cls: 0.0482, loss_rpn_bbox: 0.0192, loss_cls: 0.2790, acc: 94.8174, loss_bbox: 0.1807, loss: 0.5271
2020-10-28 20:07:15,083 - mmdet - INFO - Epoch [1][3650/12414]	lr: 2.500e-03, eta: 1 day, 3:36:29, time: 0.523, data_time: 0.066, memory: 2469, loss_rpn_cls: 0.0542, loss_rpn_bbox: 0.0244, loss_cls: 0.3009, acc: 93.9971, loss_bbox: 0.2156, loss: 0.5950
2020-10-28 20:07:41,132 - mmdet - INFO - Epoch [1][3700/12414]	lr: 2.500e-03, eta: 1 day, 3:48:19, time: 0.521, data_time: 0.068, memory: 2469, loss_rpn_cls: 0.0385, loss_rpn_bbox: 0.0222, loss_cls: 0.2849, acc: 94.3994, loss_bbox: 0.2000, loss: 0.5457
2020-10-28 20:08:06,961 - mmdet - INFO - Epoch [1][3750/12414]	lr: 2.500e-03, eta: 1 day, 3:59:34, time: 0.517, data_time: 0.071, memory: 2469, loss_rpn_cls: 0.0394, loss_rpn_bbox: 0.0185, loss_cls: 0.2666, acc: 94.7676, loss_bbox: 0.1855, loss: 0.5100
2020-10-28 20:08:32,453 - mmdet - INFO - Epoch [1][3800/12414]	lr: 2.500e-03, eta: 1 day, 4:10:06, time: 0.510, data_time: 0.075, memory: 2469, loss_rpn_cls: 0.0338, loss_rpn_bbox: 0.0173, loss_cls: 0.2557, acc: 94.9365, loss_bbox: 0.1824, loss: 0.4891
2020-10-28 20:08:58,290 - mmdet - INFO - Epoch [1][3850/12414]	lr: 2.500e-03, eta: 1 day, 4:20:43, time: 0.516, data_time: 0.069, memory: 2469, loss_rpn_cls: 0.0462, loss_rpn_bbox: 0.0235, loss_cls: 0.2542, acc: 95.0205, loss_bbox: 0.1739, loss: 0.4977
2020-10-28 20:09:24,109 - mmdet - INFO - Epoch [1][3900/12414]	lr: 2.500e-03, eta: 1 day, 4:31:04, time: 0.516, data_time: 0.069, memory: 2469, loss_rpn_cls: 0.0401, loss_rpn_bbox: 0.0224, loss_cls: 0.2836, acc: 94.3174, loss_bbox: 0.2000, loss: 0.5460
2020-10-28 20:09:50,004 - mmdet - INFO - Epoch [1][3950/12414]	lr: 2.500e-03, eta: 1 day, 4:41:16, time: 0.518, data_time: 0.073, memory: 2469, loss_rpn_cls: 0.0368, loss_rpn_bbox: 0.0222, loss_cls: 0.2878, acc: 94.3789, loss_bbox: 0.2032, loss: 0.5500
2020-10-28 20:10:16,053 - mmdet - INFO - Exp name: faster_rcnn_r50_caffe_fpn_2x_voc_mocov2_800ep.py
2020-10-28 20:10:16,054 - mmdet - INFO - Epoch [1][4000/12414]	lr: 2.500e-03, eta: 1 day, 4:51:22, time: 0.521, data_time: 0.070, memory: 2469, loss_rpn_cls: 0.0345, loss_rpn_bbox: 0.0225, loss_cls: 0.2950, acc: 93.7803, loss_bbox: 0.2219, loss: 0.5739
2020-10-28 20:10:42,136 - mmdet - INFO - Epoch [1][4050/12414]	lr: 2.500e-03, eta: 1 day, 5:01:15, time: 0.522, data_time: 0.070, memory: 2469, loss_rpn_cls: 0.0390, loss_rpn_bbox: 0.0203, loss_cls: 0.2799, acc: 94.5029, loss_bbox: 0.1922, loss: 0.5314
2020-10-28 20:11:07,985 - mmdet - INFO - Epoch [1][4100/12414]	lr: 2.500e-03, eta: 1 day, 5:10:35, time: 0.517, data_time: 0.069, memory: 2469, loss_rpn_cls: 0.0429, loss_rpn_bbox: 0.0219, loss_cls: 0.2823, acc: 94.4971, loss_bbox: 0.1921, loss: 0.5392
2020-10-28 20:11:34,131 - mmdet - INFO - Epoch [1][4150/12414]	lr: 2.500e-03, eta: 1 day, 5:20:01, time: 0.523, data_time: 0.072, memory: 2469, loss_rpn_cls: 0.0370, loss_rpn_bbox: 0.0174, loss_cls: 0.2627, acc: 94.6738, loss_bbox: 0.1846, loss: 0.5016
2020-10-28 20:11:59,644 - mmdet - INFO - Epoch [1][4200/12414]	lr: 2.500e-03, eta: 1 day, 5:28:32, time: 0.511, data_time: 0.069, memory: 2469, loss_rpn_cls: 0.0317, loss_rpn_bbox: 0.0154, loss_cls: 0.2672, acc: 94.6387, loss_bbox: 0.1826, loss: 0.4968
2020-10-28 20:12:25,440 - mmdet - INFO - Epoch [1][4250/12414]	lr: 2.500e-03, eta: 1 day, 5:37:09, time: 0.516, data_time: 0.073, memory: 2469, loss_rpn_cls: 0.0365, loss_rpn_bbox: 0.0210, loss_cls: 0.2976, acc: 93.7080, loss_bbox: 0.2156, loss: 0.5706
2020-10-28 20:12:51,335 - mmdet - INFO - Epoch [1][4300/12414]	lr: 2.500e-03, eta: 1 day, 5:45:39, time: 0.518, data_time: 0.066, memory: 2469, loss_rpn_cls: 0.0363, loss_rpn_bbox: 0.0196, loss_cls: 0.2652, acc: 94.5752, loss_bbox: 0.1868, loss: 0.5079
2020-10-28 20:13:17,183 - mmdet - INFO - Epoch [1][4350/12414]	lr: 2.500e-03, eta: 1 day, 5:53:52, time: 0.516, data_time: 0.071, memory: 2469, loss_rpn_cls: 0.0393, loss_rpn_bbox: 0.0194, loss_cls: 0.2461, acc: 95.0088, loss_bbox: 0.1711, loss: 0.4759
2020-10-28 20:13:42,775 - mmdet - INFO - Epoch [1][4400/12414]	lr: 2.500e-03, eta: 1 day, 6:01:42, time: 0.513, data_time: 0.071, memory: 2469, loss_rpn_cls: 0.0397, loss_rpn_bbox: 0.0208, loss_cls: 0.2856, acc: 94.5352, loss_bbox: 0.1899, loss: 0.5359
2020-10-28 20:14:09,062 - mmdet - INFO - Epoch [1][4450/12414]	lr: 2.500e-03, eta: 1 day, 6:10:03, time: 0.526, data_time: 0.081, memory: 2469, loss_rpn_cls: 0.0365, loss_rpn_bbox: 0.0200, loss_cls: 0.2910, acc: 94.2070, loss_bbox: 0.2010, loss: 0.5484
2020-10-28 20:14:35,317 - mmdet - INFO - Epoch [1][4500/12414]	lr: 2.500e-03, eta: 1 day, 6:18:09, time: 0.525, data_time: 0.068, memory: 2469, loss_rpn_cls: 0.0376, loss_rpn_bbox: 0.0190, loss_cls: 0.2693, acc: 94.4443, loss_bbox: 0.1927, loss: 0.5185
2020-10-28 20:15:02,058 - mmdet - INFO - Epoch [1][4550/12414]	lr: 2.500e-03, eta: 1 day, 6:26:34, time: 0.534, data_time: 0.066, memory: 2469, loss_rpn_cls: 0.0393, loss_rpn_bbox: 0.0222, loss_cls: 0.2967, acc: 93.9316, loss_bbox: 0.2096, loss: 0.5677
2020-10-28 20:15:28,190 - mmdet - INFO - Epoch [1][4600/12414]	lr: 2.500e-03, eta: 1 day, 6:34:13, time: 0.523, data_time: 0.072, memory: 2469, loss_rpn_cls: 0.0365, loss_rpn_bbox: 0.0212, loss_cls: 0.2955, acc: 93.8936, loss_bbox: 0.2146, loss: 0.5678
2020-10-28 20:15:54,769 - mmdet - INFO - Epoch [1][4650/12414]	lr: 2.500e-03, eta: 1 day, 6:42:06, time: 0.531, data_time: 0.072, memory: 2469, loss_rpn_cls: 0.0424, loss_rpn_bbox: 0.0245, loss_cls: 0.2863, acc: 94.3252, loss_bbox: 0.1965, loss: 0.5497
2020-10-28 20:16:21,236 - mmdet - INFO - Epoch [1][4700/12414]	lr: 2.500e-03, eta: 1 day, 6:49:42, time: 0.529, data_time: 0.072, memory: 2469, loss_rpn_cls: 0.0440, loss_rpn_bbox: 0.0214, loss_cls: 0.2745, acc: 94.5625, loss_bbox: 0.1893, loss: 0.5291
2020-10-28 20:16:47,658 - mmdet - INFO - Epoch [1][4750/12414]	lr: 2.500e-03, eta: 1 day, 6:57:06, time: 0.528, data_time: 0.068, memory: 2469, loss_rpn_cls: 0.0342, loss_rpn_bbox: 0.0194, loss_cls: 0.2773, acc: 94.1660, loss_bbox: 0.1925, loss: 0.5234
2020-10-28 20:17:14,078 - mmdet - INFO - Epoch [1][4800/12414]	lr: 2.500e-03, eta: 1 day, 7:04:19, time: 0.528, data_time: 0.067, memory: 2469, loss_rpn_cls: 0.0314, loss_rpn_bbox: 0.0193, loss_cls: 0.2696, acc: 94.2236, loss_bbox: 0.1988, loss: 0.5191
2020-10-28 20:17:40,036 - mmdet - INFO - Epoch [1][4850/12414]	lr: 2.500e-03, eta: 1 day, 7:10:58, time: 0.520, data_time: 0.070, memory: 2469, loss_rpn_cls: 0.0344, loss_rpn_bbox: 0.0187, loss_cls: 0.2551, acc: 94.5830, loss_bbox: 0.1868, loss: 0.4950
2020-10-28 20:18:06,364 - mmdet - INFO - Epoch [1][4900/12414]	lr: 2.500e-03, eta: 1 day, 7:17:47, time: 0.526, data_time: 0.067, memory: 2469, loss_rpn_cls: 0.0336, loss_rpn_bbox: 0.0184, loss_cls: 0.2629, acc: 94.4600, loss_bbox: 0.1890, loss: 0.5039
2020-10-28 20:18:32,886 - mmdet - INFO - Epoch [1][4950/12414]	lr: 2.500e-03, eta: 1 day, 7:24:39, time: 0.530, data_time: 0.068, memory: 2469, loss_rpn_cls: 0.0334, loss_rpn_bbox: 0.0174, loss_cls: 0.2622, acc: 94.6504, loss_bbox: 0.1830, loss: 0.4961
2020-10-28 20:18:49,455 - mmdet - INFO - Exp name: faster_rcnn_r50_caffe_fpn_2x_voc_mocov2_800ep.py
2020-10-28 20:18:49,455 - mmdet - INFO - Epoch [1][5000/12414]	lr: 2.500e-03, eta: 1 day, 7:21:45, time: 0.333, data_time: 0.076, memory: 2469, loss_rpn_cls: 0.0379, loss_rpn_bbox: 0.0217, loss_cls: 0.2601, acc: 94.2266, loss_bbox: 0.1888, loss: 0.5085
2020-10-28 20:19:03,795 - mmdet - INFO - Epoch [1][5050/12414]	lr: 2.500e-03, eta: 1 day, 7:16:40, time: 0.287, data_time: 0.074, memory: 2469, loss_rpn_cls: 0.0367, loss_rpn_bbox: 0.0197, loss_cls: 0.2714, acc: 94.3828, loss_bbox: 0.1925, loss: 0.5204
2020-10-28 20:19:18,657 - mmdet - INFO - Epoch [1][5100/12414]	lr: 2.500e-03, eta: 1 day, 7:12:11, time: 0.297, data_time: 0.072, memory: 2469, loss_rpn_cls: 0.0413, loss_rpn_bbox: 0.0205, loss_cls: 0.3049, acc: 93.9033, loss_bbox: 0.2059, loss: 0.5726
2020-10-28 20:19:33,313 - mmdet - INFO - Epoch [1][5150/12414]	lr: 2.500e-03, eta: 1 day, 7:07:34, time: 0.293, data_time: 0.070, memory: 2469, loss_rpn_cls: 0.0399, loss_rpn_bbox: 0.0225, loss_cls: 0.2705, acc: 94.2539, loss_bbox: 0.1935, loss: 0.5264
2020-10-28 20:19:47,732 - mmdet - INFO - Epoch [1][5200/12414]	lr: 2.500e-03, eta: 1 day, 7:02:48, time: 0.288, data_time: 0.068, memory: 2469, loss_rpn_cls: 0.0344, loss_rpn_bbox: 0.0207, loss_cls: 0.2612, acc: 94.4941, loss_bbox: 0.1857, loss: 0.5020
2020-10-28 20:20:02,629 - mmdet - INFO - Epoch [1][5250/12414]	lr: 2.500e-03, eta: 1 day, 6:58:37, time: 0.298, data_time: 0.082, memory: 2469, loss_rpn_cls: 0.0304, loss_rpn_bbox: 0.0182, loss_cls: 0.2359, acc: 95.0146, loss_bbox: 0.1683, loss: 0.4529
2020-10-28 20:20:17,089 - mmdet - INFO - Epoch [1][5300/12414]	lr: 2.500e-03, eta: 1 day, 6:54:04, time: 0.289, data_time: 0.069, memory: 2469, loss_rpn_cls: 0.0327, loss_rpn_bbox: 0.0216, loss_cls: 0.2858, acc: 93.5996, loss_bbox: 0.2213, loss: 0.5614
2020-10-28 20:20:31,768 - mmdet - INFO - Epoch [1][5350/12414]	lr: 2.500e-03, eta: 1 day, 6:49:47, time: 0.293, data_time: 0.072, memory: 2469, loss_rpn_cls: 0.0351, loss_rpn_bbox: 0.0200, loss_cls: 0.2732, acc: 94.2627, loss_bbox: 0.1923, loss: 0.5206
2020-10-28 20:20:46,379 - mmdet - INFO - Epoch [1][5400/12414]	lr: 2.500e-03, eta: 1 day, 6:45:32, time: 0.292, data_time: 0.071, memory: 2469, loss_rpn_cls: 0.0336, loss_rpn_bbox: 0.0180, loss_cls: 0.2532, acc: 94.5107, loss_bbox: 0.1842, loss: 0.4890
2020-10-28 20:21:00,660 - mmdet - INFO - Epoch [1][5450/12414]	lr: 2.500e-03, eta: 1 day, 6:41:04, time: 0.285, data_time: 0.071, memory: 2469, loss_rpn_cls: 0.0308, loss_rpn_bbox: 0.0206, loss_cls: 0.2670, acc: 94.1934, loss_bbox: 0.1965, loss: 0.5149
2020-10-28 20:21:15,084 - mmdet - INFO - Epoch [1][5500/12414]	lr: 2.500e-03, eta: 1 day, 6:36:48, time: 0.289, data_time: 0.073, memory: 2469, loss_rpn_cls: 0.0387, loss_rpn_bbox: 0.0203, loss_cls: 0.2568, acc: 94.5088, loss_bbox: 0.1827, loss: 0.4985
2020-10-28 20:21:29,286 - mmdet - INFO - Epoch [1][5550/12414]	lr: 2.500e-03, eta: 1 day, 6:32:26, time: 0.284, data_time: 0.086, memory: 2469, loss_rpn_cls: 0.0348, loss_rpn_bbox: 0.0180, loss_cls: 0.2471, acc: 94.4189, loss_bbox: 0.1870, loss: 0.4869
2020-10-28 20:21:46,854 - mmdet - INFO - Epoch [1][5600/12414]	lr: 2.500e-03, eta: 1 day, 6:31:01, time: 0.351, data_time: 0.070, memory: 2469, loss_rpn_cls: 0.0387, loss_rpn_bbox: 0.0200, loss_cls: 0.2727, acc: 94.0059, loss_bbox: 0.1995, loss: 0.5309
2020-10-28 20:22:06,886 - mmdet - INFO - Epoch [1][5650/12414]	lr: 2.500e-03, eta: 1 day, 6:31:46, time: 0.400, data_time: 0.063, memory: 2469, loss_rpn_cls: 0.0330, loss_rpn_bbox: 0.0217, loss_cls: 0.2738, acc: 94.0684, loss_bbox: 0.1969, loss: 0.5254
2020-10-28 20:22:26,961 - mmdet - INFO - Epoch [1][5700/12414]	lr: 2.500e-03, eta: 1 day, 6:32:32, time: 0.401, data_time: 0.070, memory: 2469, loss_rpn_cls: 0.0354, loss_rpn_bbox: 0.0195, loss_cls: 0.2416, acc: 94.7354, loss_bbox: 0.1752, loss: 0.4716
2020-10-28 20:22:47,075 - mmdet - INFO - Epoch [1][5750/12414]	lr: 2.500e-03, eta: 1 day, 6:33:19, time: 0.402, data_time: 0.067, memory: 2469, loss_rpn_cls: 0.0342, loss_rpn_bbox: 0.0217, loss_cls: 0.2642, acc: 94.2070, loss_bbox: 0.1937, loss: 0.5138
2020-10-28 20:23:07,332 - mmdet - INFO - Epoch [1][5800/12414]	lr: 2.500e-03, eta: 1 day, 6:34:13, time: 0.405, data_time: 0.067, memory: 2469, loss_rpn_cls: 0.0329, loss_rpn_bbox: 0.0193, loss_cls: 0.2559, acc: 94.1299, loss_bbox: 0.1965, loss: 0.5046
2020-10-28 20:23:27,312 - mmdet - INFO - Epoch [1][5850/12414]	lr: 2.500e-03, eta: 1 day, 6:34:51, time: 0.399, data_time: 0.067, memory: 2469, loss_rpn_cls: 0.0305, loss_rpn_bbox: 0.0171, loss_cls: 0.2452, acc: 94.4707, loss_bbox: 0.1839, loss: 0.4767
2020-10-28 20:23:47,448 - mmdet - INFO - Epoch [1][5900/12414]	lr: 2.500e-03, eta: 1 day, 6:35:36, time: 0.403, data_time: 0.066, memory: 2469, loss_rpn_cls: 0.0419, loss_rpn_bbox: 0.0211, loss_cls: 0.2746, acc: 93.9697, loss_bbox: 0.1950, loss: 0.5325
2020-10-28 20:24:07,481 - mmdet - INFO - Epoch [1][5950/12414]	lr: 2.500e-03, eta: 1 day, 6:36:15, time: 0.401, data_time: 0.066, memory: 2469, loss_rpn_cls: 0.0285, loss_rpn_bbox: 0.0175, loss_cls: 0.2598, acc: 94.4531, loss_bbox: 0.1863, loss: 0.4921
2020-10-28 20:24:27,569 - mmdet - INFO - Exp name: faster_rcnn_r50_caffe_fpn_2x_voc_mocov2_800ep.py
2020-10-28 20:24:27,569 - mmdet - INFO - Epoch [1][6000/12414]	lr: 2.500e-03, eta: 1 day, 6:36:56, time: 0.402, data_time: 0.068, memory: 2469, loss_rpn_cls: 0.0335, loss_rpn_bbox: 0.0200, loss_cls: 0.2725, acc: 93.7432, loss_bbox: 0.2027, loss: 0.5288
2020-10-28 20:24:47,859 - mmdet - INFO - Epoch [1][6050/12414]	lr: 2.500e-03, eta: 1 day, 6:37:44, time: 0.406, data_time: 0.065, memory: 2469, loss_rpn_cls: 0.0317, loss_rpn_bbox: 0.0200, loss_cls: 0.2505, acc: 94.3838, loss_bbox: 0.1871, loss: 0.4893
2020-10-28 20:25:07,820 - mmdet - INFO - Epoch [1][6100/12414]	lr: 2.500e-03, eta: 1 day, 6:38:16, time: 0.399, data_time: 0.065, memory: 2469, loss_rpn_cls: 0.0355, loss_rpn_bbox: 0.0196, loss_cls: 0.2543, acc: 94.1943, loss_bbox: 0.1951, loss: 0.5046
2020-10-28 20:25:27,967 - mmdet - INFO - Epoch [1][6150/12414]	lr: 2.500e-03, eta: 1 day, 6:38:57, time: 0.403, data_time: 0.068, memory: 2469, loss_rpn_cls: 0.0286, loss_rpn_bbox: 0.0179, loss_cls: 0.2439, acc: 94.4414, loss_bbox: 0.1800, loss: 0.4703
2020-10-28 20:25:47,750 - mmdet - INFO - Epoch [1][6200/12414]	lr: 2.500e-03, eta: 1 day, 6:39:19, time: 0.396, data_time: 0.064, memory: 2469, loss_rpn_cls: 0.0384, loss_rpn_bbox: 0.0221, loss_cls: 0.2947, acc: 93.6885, loss_bbox: 0.2046, loss: 0.5598
2020-10-28 20:26:07,542 - mmdet - INFO - Epoch [1][6250/12414]	lr: 2.500e-03, eta: 1 day, 6:39:41, time: 0.396, data_time: 0.070, memory: 2469, loss_rpn_cls: 0.0380, loss_rpn_bbox: 0.0204, loss_cls: 0.2416, acc: 94.8047, loss_bbox: 0.1686, loss: 0.4686
2020-10-28 20:26:27,422 - mmdet - INFO - Epoch [1][6300/12414]	lr: 2.500e-03, eta: 1 day, 6:40:07, time: 0.398, data_time: 0.066, memory: 2469, loss_rpn_cls: 0.0339, loss_rpn_bbox: 0.0221, loss_cls: 0.2575, acc: 94.1338, loss_bbox: 0.1951, loss: 0.5086
2020-10-28 20:26:47,404 - mmdet - INFO - Epoch [1][6350/12414]	lr: 2.500e-03, eta: 1 day, 6:40:36, time: 0.399, data_time: 0.066, memory: 2469, loss_rpn_cls: 0.0301, loss_rpn_bbox: 0.0183, loss_cls: 0.2751, acc: 93.8105, loss_bbox: 0.1983, loss: 0.5218
2020-10-28 20:27:08,378 - mmdet - INFO - Epoch [1][6400/12414]	lr: 2.500e-03, eta: 1 day, 6:41:49, time: 0.419, data_time: 0.072, memory: 2469, loss_rpn_cls: 0.0313, loss_rpn_bbox: 0.0184, loss_cls: 0.2719, acc: 94.1748, loss_bbox: 0.1930, loss: 0.5145
2020-10-28 20:27:29,242 - mmdet - INFO - Epoch [1][6450/12414]	lr: 2.500e-03, eta: 1 day, 6:42:57, time: 0.417, data_time: 0.070, memory: 2469, loss_rpn_cls: 0.0353, loss_rpn_bbox: 0.0213, loss_cls: 0.2513, acc: 94.0469, loss_bbox: 0.1941, loss: 0.5020
2020-10-28 20:27:49,829 - mmdet - INFO - Epoch [1][6500/12414]	lr: 2.500e-03, eta: 1 day, 6:43:51, time: 0.412, data_time: 0.068, memory: 2469, loss_rpn_cls: 0.0314, loss_rpn_bbox: 0.0190, loss_cls: 0.2560, acc: 94.3760, loss_bbox: 0.1818, loss: 0.4882
2020-10-28 20:28:10,559 - mmdet - INFO - Epoch [1][6550/12414]	lr: 2.500e-03, eta: 1 day, 6:44:49, time: 0.414, data_time: 0.066, memory: 2469, loss_rpn_cls: 0.0320, loss_rpn_bbox: 0.0181, loss_cls: 0.2767, acc: 94.0713, loss_bbox: 0.1912, loss: 0.5179
2020-10-28 20:28:31,018 - mmdet - INFO - Epoch [1][6600/12414]	lr: 2.500e-03, eta: 1 day, 6:45:35, time: 0.409, data_time: 0.067, memory: 2469, loss_rpn_cls: 0.0307, loss_rpn_bbox: 0.0203, loss_cls: 0.2549, acc: 94.4023, loss_bbox: 0.1846, loss: 0.4906
2020-10-28 20:28:51,513 - mmdet - INFO - Epoch [1][6650/12414]	lr: 2.500e-03, eta: 1 day, 6:46:21, time: 0.410, data_time: 0.070, memory: 2469, loss_rpn_cls: 0.0344, loss_rpn_bbox: 0.0185, loss_cls: 0.2523, acc: 94.2607, loss_bbox: 0.1875, loss: 0.4926
2020-10-28 20:29:12,212 - mmdet - INFO - Epoch [1][6700/12414]	lr: 2.500e-03, eta: 1 day, 6:47:15, time: 0.414, data_time: 0.069, memory: 2469, loss_rpn_cls: 0.0304, loss_rpn_bbox: 0.0207, loss_cls: 0.2529, acc: 94.2637, loss_bbox: 0.1882, loss: 0.4923
2020-10-28 20:29:32,848 - mmdet - INFO - Epoch [1][6750/12414]	lr: 2.500e-03, eta: 1 day, 6:48:05, time: 0.413, data_time: 0.074, memory: 2469, loss_rpn_cls: 0.0315, loss_rpn_bbox: 0.0179, loss_cls: 0.2611, acc: 94.0039, loss_bbox: 0.1976, loss: 0.5081
2020-10-28 20:29:53,411 - mmdet - INFO - Epoch [1][6800/12414]	lr: 2.500e-03, eta: 1 day, 6:48:52, time: 0.411, data_time: 0.066, memory: 2469, loss_rpn_cls: 0.0308, loss_rpn_bbox: 0.0189, loss_cls: 0.2574, acc: 94.2539, loss_bbox: 0.1865, loss: 0.4936
2020-10-28 20:30:13,875 - mmdet - INFO - Epoch [1][6850/12414]	lr: 2.500e-03, eta: 1 day, 6:49:33, time: 0.410, data_time: 0.068, memory: 2469, loss_rpn_cls: 0.0425, loss_rpn_bbox: 0.0218, loss_cls: 0.2409, acc: 94.5117, loss_bbox: 0.1819, loss: 0.4871
2020-10-28 20:30:34,655 - mmdet - INFO - Epoch [1][6900/12414]	lr: 2.500e-03, eta: 1 day, 6:50:27, time: 0.416, data_time: 0.070, memory: 2469, loss_rpn_cls: 0.0302, loss_rpn_bbox: 0.0179, loss_cls: 0.2598, acc: 94.0918, loss_bbox: 0.1915, loss: 0.4993
2020-10-28 20:30:55,335 - mmdet - INFO - Epoch [1][6950/12414]	lr: 2.500e-03, eta: 1 day, 6:51:14, time: 0.413, data_time: 0.073, memory: 2469, loss_rpn_cls: 0.0342, loss_rpn_bbox: 0.0207, loss_cls: 0.2577, acc: 94.1719, loss_bbox: 0.1876, loss: 0.5002
2020-10-28 20:31:15,975 - mmdet - INFO - Exp name: faster_rcnn_r50_caffe_fpn_2x_voc_mocov2_800ep.py
2020-10-28 20:31:15,976 - mmdet - INFO - Epoch [1][7000/12414]	lr: 2.500e-03, eta: 1 day, 6:52:00, time: 0.413, data_time: 0.070, memory: 2469, loss_rpn_cls: 0.0294, loss_rpn_bbox: 0.0199, loss_cls: 0.2569, acc: 93.8682, loss_bbox: 0.2095, loss: 0.5157
2020-10-28 20:31:36,881 - mmdet - INFO - Epoch [1][7050/12414]	lr: 2.500e-03, eta: 1 day, 6:52:55, time: 0.418, data_time: 0.074, memory: 2469, loss_rpn_cls: 0.0372, loss_rpn_bbox: 0.0225, loss_cls: 0.2756, acc: 93.8252, loss_bbox: 0.1995, loss: 0.5348
2020-10-28 20:31:57,495 - mmdet - INFO - Epoch [1][7100/12414]	lr: 2.500e-03, eta: 1 day, 6:53:38, time: 0.413, data_time: 0.071, memory: 2469, loss_rpn_cls: 0.0269, loss_rpn_bbox: 0.0164, loss_cls: 0.2352, acc: 94.6582, loss_bbox: 0.1731, loss: 0.4516
2020-10-28 20:32:18,086 - mmdet - INFO - Epoch [1][7150/12414]	lr: 2.500e-03, eta: 1 day, 6:54:18, time: 0.411, data_time: 0.070, memory: 2469, loss_rpn_cls: 0.0245, loss_rpn_bbox: 0.0171, loss_cls: 0.2443, acc: 94.2793, loss_bbox: 0.1832, loss: 0.4691
2020-10-28 20:32:38,413 - mmdet - INFO - Epoch [1][7200/12414]	lr: 2.500e-03, eta: 1 day, 6:54:48, time: 0.407, data_time: 0.072, memory: 2469, loss_rpn_cls: 0.0376, loss_rpn_bbox: 0.0207, loss_cls: 0.2369, acc: 94.5225, loss_bbox: 0.1774, loss: 0.4725
2020-10-28 20:32:58,906 - mmdet - INFO - Epoch [1][7250/12414]	lr: 2.500e-03, eta: 1 day, 6:55:22, time: 0.410, data_time: 0.070, memory: 2469, loss_rpn_cls: 0.0309, loss_rpn_bbox: 0.0177, loss_cls: 0.2343, acc: 94.4883, loss_bbox: 0.1794, loss: 0.4623
2020-10-28 20:33:19,759 - mmdet - INFO - Epoch [1][7300/12414]	lr: 2.500e-03, eta: 1 day, 6:56:11, time: 0.417, data_time: 0.068, memory: 2469, loss_rpn_cls: 0.0376, loss_rpn_bbox: 0.0217, loss_cls: 0.2442, acc: 94.0850, loss_bbox: 0.1915, loss: 0.4950
2020-10-28 20:33:40,135 - mmdet - INFO - Epoch [1][7350/12414]	lr: 2.500e-03, eta: 1 day, 6:56:40, time: 0.408, data_time: 0.071, memory: 2469, loss_rpn_cls: 0.0284, loss_rpn_bbox: 0.0173, loss_cls: 0.2395, acc: 94.4980, loss_bbox: 0.1807, loss: 0.4659
2020-10-28 20:34:00,378 - mmdet - INFO - Epoch [1][7400/12414]	lr: 2.500e-03, eta: 1 day, 6:57:04, time: 0.405, data_time: 0.067, memory: 2469, loss_rpn_cls: 0.0288, loss_rpn_bbox: 0.0191, loss_cls: 0.2608, acc: 93.8799, loss_bbox: 0.2046, loss: 0.5134
2020-10-28 20:34:21,085 - mmdet - INFO - Epoch [1][7450/12414]	lr: 2.500e-03, eta: 1 day, 6:57:43, time: 0.413, data_time: 0.066, memory: 2469, loss_rpn_cls: 0.0326, loss_rpn_bbox: 0.0223, loss_cls: 0.2754, acc: 93.0469, loss_bbox: 0.2253, loss: 0.5556
2020-10-28 20:34:41,661 - mmdet - INFO - Epoch [1][7500/12414]	lr: 2.500e-03, eta: 1 day, 6:58:18, time: 0.412, data_time: 0.069, memory: 2469, loss_rpn_cls: 0.0264, loss_rpn_bbox: 0.0191, loss_cls: 0.2373, acc: 94.4619, loss_bbox: 0.1829, loss: 0.4657
2020-10-28 20:35:02,440 - mmdet - INFO - Epoch [1][7550/12414]	lr: 2.500e-03, eta: 1 day, 6:59:00, time: 0.416, data_time: 0.067, memory: 2469, loss_rpn_cls: 0.0349, loss_rpn_bbox: 0.0187, loss_cls: 0.2282, acc: 94.4297, loss_bbox: 0.1761, loss: 0.4578
2020-10-28 20:35:23,115 - mmdet - INFO - Epoch [1][7600/12414]	lr: 2.500e-03, eta: 1 day, 6:59:37, time: 0.413, data_time: 0.066, memory: 2469, loss_rpn_cls: 0.0374, loss_rpn_bbox: 0.0207, loss_cls: 0.2557, acc: 93.8955, loss_bbox: 0.1987, loss: 0.5125
2020-10-28 20:35:43,588 - mmdet - INFO - Epoch [1][7650/12414]	lr: 2.500e-03, eta: 1 day, 7:00:06, time: 0.410, data_time: 0.069, memory: 2469, loss_rpn_cls: 0.0287, loss_rpn_bbox: 0.0175, loss_cls: 0.2507, acc: 93.9590, loss_bbox: 0.1955, loss: 0.4924
2020-10-28 20:36:03,986 - mmdet - INFO - Epoch [1][7700/12414]	lr: 2.500e-03, eta: 1 day, 7:00:31, time: 0.408, data_time: 0.068, memory: 2469, loss_rpn_cls: 0.0303, loss_rpn_bbox: 0.0187, loss_cls: 0.2540, acc: 93.9561, loss_bbox: 0.1998, loss: 0.5027
2020-10-28 20:36:24,323 - mmdet - INFO - Epoch [1][7750/12414]	lr: 2.500e-03, eta: 1 day, 7:00:53, time: 0.406, data_time: 0.066, memory: 2469, loss_rpn_cls: 0.0262, loss_rpn_bbox: 0.0171, loss_cls: 0.2384, acc: 94.3682, loss_bbox: 0.1799, loss: 0.4616
2020-10-28 20:36:44,845 - mmdet - INFO - Epoch [1][7800/12414]	lr: 2.500e-03, eta: 1 day, 7:01:21, time: 0.410, data_time: 0.064, memory: 2469, loss_rpn_cls: 0.0295, loss_rpn_bbox: 0.0189, loss_cls: 0.2271, acc: 94.3262, loss_bbox: 0.1836, loss: 0.4591
2020-10-28 20:37:05,282 - mmdet - INFO - Epoch [1][7850/12414]	lr: 2.500e-03, eta: 1 day, 7:01:46, time: 0.409, data_time: 0.067, memory: 2469, loss_rpn_cls: 0.0308, loss_rpn_bbox: 0.0184, loss_cls: 0.2297, acc: 94.4219, loss_bbox: 0.1834, loss: 0.4623
2020-10-28 20:37:25,833 - mmdet - INFO - Epoch [1][7900/12414]	lr: 2.500e-03, eta: 1 day, 7:02:14, time: 0.411, data_time: 0.071, memory: 2469, loss_rpn_cls: 0.0280, loss_rpn_bbox: 0.0179, loss_cls: 0.2524, acc: 93.8740, loss_bbox: 0.1981, loss: 0.4963
2020-10-28 20:37:46,233 - mmdet - INFO - Epoch [1][7950/12414]	lr: 2.500e-03, eta: 1 day, 7:02:37, time: 0.408, data_time: 0.065, memory: 2469, loss_rpn_cls: 0.0233, loss_rpn_bbox: 0.0171, loss_cls: 0.2441, acc: 94.4014, loss_bbox: 0.1862, loss: 0.4707
2020-10-28 20:38:07,012 - mmdet - INFO - Exp name: faster_rcnn_r50_caffe_fpn_2x_voc_mocov2_800ep.py
2020-10-28 20:38:07,013 - mmdet - INFO - Epoch [1][8000/12414]	lr: 2.500e-03, eta: 1 day, 7:03:12, time: 0.415, data_time: 0.065, memory: 2469, loss_rpn_cls: 0.0262, loss_rpn_bbox: 0.0163, loss_cls: 0.2317, acc: 94.4268, loss_bbox: 0.1738, loss: 0.4480
2020-10-28 20:38:27,595 - mmdet - INFO - Epoch [1][8050/12414]	lr: 2.500e-03, eta: 1 day, 7:03:40, time: 0.412, data_time: 0.066, memory: 2469, loss_rpn_cls: 0.0309, loss_rpn_bbox: 0.0191, loss_cls: 0.2591, acc: 94.0459, loss_bbox: 0.1881, loss: 0.4971
2020-10-28 20:38:48,283 - mmdet - INFO - Epoch [1][8100/12414]	lr: 2.500e-03, eta: 1 day, 7:04:11, time: 0.414, data_time: 0.066, memory: 2469, loss_rpn_cls: 0.0289, loss_rpn_bbox: 0.0174, loss_cls: 0.2326, acc: 94.5801, loss_bbox: 0.1760, loss: 0.4549
2020-10-28 20:39:08,867 - mmdet - INFO - Epoch [1][8150/12414]	lr: 2.500e-03, eta: 1 day, 7:04:36, time: 0.411, data_time: 0.065, memory: 2469, loss_rpn_cls: 0.0275, loss_rpn_bbox: 0.0207, loss_cls: 0.2490, acc: 94.0889, loss_bbox: 0.1882, loss: 0.4854
2020-10-28 20:39:29,527 - mmdet - INFO - Epoch [1][8200/12414]	lr: 2.500e-03, eta: 1 day, 7:05:06, time: 0.414, data_time: 0.067, memory: 2469, loss_rpn_cls: 0.0289, loss_rpn_bbox: 0.0187, loss_cls: 0.2261, acc: 94.3203, loss_bbox: 0.1889, loss: 0.4627
2020-10-28 20:39:49,955 - mmdet - INFO - Epoch [1][8250/12414]	lr: 2.500e-03, eta: 1 day, 7:05:25, time: 0.409, data_time: 0.070, memory: 2469, loss_rpn_cls: 0.0255, loss_rpn_bbox: 0.0189, loss_cls: 0.2464, acc: 93.7627, loss_bbox: 0.2025, loss: 0.4933
2020-10-28 20:40:10,499 - mmdet - INFO - Epoch [1][8300/12414]	lr: 2.500e-03, eta: 1 day, 7:05:48, time: 0.410, data_time: 0.070, memory: 2469, loss_rpn_cls: 0.0261, loss_rpn_bbox: 0.0174, loss_cls: 0.2326, acc: 93.8975, loss_bbox: 0.1937, loss: 0.4698
2020-10-28 20:40:31,385 - mmdet - INFO - Epoch [1][8350/12414]	lr: 2.500e-03, eta: 1 day, 7:06:23, time: 0.418, data_time: 0.069, memory: 2469, loss_rpn_cls: 0.0284, loss_rpn_bbox: 0.0153, loss_cls: 0.2283, acc: 94.4600, loss_bbox: 0.1779, loss: 0.4499
2020-10-28 20:40:52,149 - mmdet - INFO - Epoch [1][8400/12414]	lr: 2.500e-03, eta: 1 day, 7:06:53, time: 0.415, data_time: 0.077, memory: 2469, loss_rpn_cls: 0.0317, loss_rpn_bbox: 0.0200, loss_cls: 0.2433, acc: 94.1172, loss_bbox: 0.1839, loss: 0.4789
2020-10-28 20:41:12,937 - mmdet - INFO - Epoch [1][8450/12414]	lr: 2.500e-03, eta: 1 day, 7:07:23, time: 0.416, data_time: 0.070, memory: 2469, loss_rpn_cls: 0.0316, loss_rpn_bbox: 0.0211, loss_cls: 0.2451, acc: 94.1143, loss_bbox: 0.1948, loss: 0.4927
2020-10-28 20:41:33,622 - mmdet - INFO - Epoch [1][8500/12414]	lr: 2.500e-03, eta: 1 day, 7:07:50, time: 0.414, data_time: 0.070, memory: 2469, loss_rpn_cls: 0.0298, loss_rpn_bbox: 0.0175, loss_cls: 0.2195, acc: 94.5117, loss_bbox: 0.1781, loss: 0.4449
2020-10-28 20:41:54,545 - mmdet - INFO - Epoch [1][8550/12414]	lr: 2.500e-03, eta: 1 day, 7:08:23, time: 0.418, data_time: 0.070, memory: 2469, loss_rpn_cls: 0.0340, loss_rpn_bbox: 0.0221, loss_cls: 0.2533, acc: 93.4512, loss_bbox: 0.2100, loss: 0.5194
2020-10-28 20:42:14,903 - mmdet - INFO - Epoch [1][8600/12414]	lr: 2.500e-03, eta: 1 day, 7:08:37, time: 0.407, data_time: 0.069, memory: 2469, loss_rpn_cls: 0.0273, loss_rpn_bbox: 0.0171, loss_cls: 0.2168, acc: 94.6377, loss_bbox: 0.1684, loss: 0.4296
2020-10-28 20:42:35,421 - mmdet - INFO - Epoch [1][8650/12414]	lr: 2.500e-03, eta: 1 day, 7:08:55, time: 0.410, data_time: 0.070, memory: 2469, loss_rpn_cls: 0.0391, loss_rpn_bbox: 0.0200, loss_cls: 0.2153, acc: 94.6377, loss_bbox: 0.1727, loss: 0.4471
2020-10-28 20:42:56,164 - mmdet - INFO - Epoch [1][8700/12414]	lr: 2.500e-03, eta: 1 day, 7:09:21, time: 0.415, data_time: 0.067, memory: 2469, loss_rpn_cls: 0.0311, loss_rpn_bbox: 0.0220, loss_cls: 0.2353, acc: 93.8271, loss_bbox: 0.2083, loss: 0.4968
2020-10-28 20:43:16,695 - mmdet - INFO - Epoch [1][8750/12414]	lr: 2.500e-03, eta: 1 day, 7:09:39, time: 0.411, data_time: 0.065, memory: 2469, loss_rpn_cls: 0.0311, loss_rpn_bbox: 0.0202, loss_cls: 0.2410, acc: 93.9531, loss_bbox: 0.1926, loss: 0.4849
2020-10-28 20:43:37,185 - mmdet - INFO - Epoch [1][8800/12414]	lr: 2.500e-03, eta: 1 day, 7:09:56, time: 0.410, data_time: 0.069, memory: 2469, loss_rpn_cls: 0.0296, loss_rpn_bbox: 0.0181, loss_cls: 0.2088, acc: 94.9434, loss_bbox: 0.1616, loss: 0.4181
2020-10-28 20:43:57,766 - mmdet - INFO - Epoch [1][8850/12414]	lr: 2.500e-03, eta: 1 day, 7:10:15, time: 0.412, data_time: 0.068, memory: 2469, loss_rpn_cls: 0.0330, loss_rpn_bbox: 0.0197, loss_cls: 0.2387, acc: 93.8711, loss_bbox: 0.1994, loss: 0.4907
2020-10-28 20:44:18,201 - mmdet - INFO - Epoch [1][8900/12414]	lr: 2.500e-03, eta: 1 day, 7:10:30, time: 0.409, data_time: 0.068, memory: 2469, loss_rpn_cls: 0.0315, loss_rpn_bbox: 0.0198, loss_cls: 0.2300, acc: 94.3984, loss_bbox: 0.1745, loss: 0.4557
2020-10-28 20:44:38,627 - mmdet - INFO - Epoch [1][8950/12414]	lr: 2.500e-03, eta: 1 day, 7:10:42, time: 0.408, data_time: 0.068, memory: 2469, loss_rpn_cls: 0.0255, loss_rpn_bbox: 0.0166, loss_cls: 0.2086, acc: 94.7549, loss_bbox: 0.1699, loss: 0.4206
2020-10-28 20:44:59,132 - mmdet - INFO - Exp name: faster_rcnn_r50_caffe_fpn_2x_voc_mocov2_800ep.py
2020-10-28 20:44:59,133 - mmdet - INFO - Epoch [1][9000/12414]	lr: 2.500e-03, eta: 1 day, 7:10:58, time: 0.410, data_time: 0.063, memory: 2469, loss_rpn_cls: 0.0245, loss_rpn_bbox: 0.0173, loss_cls: 0.2040, acc: 94.8711, loss_bbox: 0.1665, loss: 0.4124
2020-10-28 20:45:19,231 - mmdet - INFO - Epoch [1][9050/12414]	lr: 2.500e-03, eta: 1 day, 7:11:00, time: 0.402, data_time: 0.063, memory: 2469, loss_rpn_cls: 0.0273, loss_rpn_bbox: 0.0187, loss_cls: 0.2251, acc: 93.9424, loss_bbox: 0.1918, loss: 0.4629
2020-10-28 20:45:39,714 - mmdet - INFO - Epoch [1][9100/12414]	lr: 2.500e-03, eta: 1 day, 7:11:14, time: 0.410, data_time: 0.063, memory: 2469, loss_rpn_cls: 0.0259, loss_rpn_bbox: 0.0173, loss_cls: 0.2188, acc: 94.4053, loss_bbox: 0.1831, loss: 0.4450
2020-10-28 20:46:00,317 - mmdet - INFO - Epoch [1][9150/12414]	lr: 2.500e-03, eta: 1 day, 7:11:32, time: 0.412, data_time: 0.065, memory: 2469, loss_rpn_cls: 0.0303, loss_rpn_bbox: 0.0189, loss_cls: 0.2477, acc: 93.9609, loss_bbox: 0.1971, loss: 0.4940
2020-10-28 20:46:20,660 - mmdet - INFO - Epoch [1][9200/12414]	lr: 2.500e-03, eta: 1 day, 7:11:41, time: 0.407, data_time: 0.064, memory: 2469, loss_rpn_cls: 0.0284, loss_rpn_bbox: 0.0207, loss_cls: 0.2325, acc: 94.0156, loss_bbox: 0.1943, loss: 0.4758
2020-10-28 20:46:41,014 - mmdet - INFO - Epoch [1][9250/12414]	lr: 2.500e-03, eta: 1 day, 7:11:49, time: 0.406, data_time: 0.068, memory: 2469, loss_rpn_cls: 0.0289, loss_rpn_bbox: 0.0192, loss_cls: 0.2230, acc: 94.0381, loss_bbox: 0.1985, loss: 0.4696
2020-10-28 20:47:01,309 - mmdet - INFO - Epoch [1][9300/12414]	lr: 2.500e-03, eta: 1 day, 7:11:56, time: 0.406, data_time: 0.066, memory: 2469, loss_rpn_cls: 0.0263, loss_rpn_bbox: 0.0190, loss_cls: 0.2315, acc: 94.2559, loss_bbox: 0.1875, loss: 0.4642
2020-10-28 20:47:21,611 - mmdet - INFO - Epoch [1][9350/12414]	lr: 2.500e-03, eta: 1 day, 7:12:03, time: 0.406, data_time: 0.067, memory: 2469, loss_rpn_cls: 0.0350, loss_rpn_bbox: 0.0210, loss_cls: 0.2621, acc: 93.4434, loss_bbox: 0.2064, loss: 0.5245
2020-10-28 20:47:41,795 - mmdet - INFO - Epoch [1][9400/12414]	lr: 2.500e-03, eta: 1 day, 7:12:05, time: 0.404, data_time: 0.067, memory: 2469, loss_rpn_cls: 0.0247, loss_rpn_bbox: 0.0166, loss_cls: 0.1984, acc: 94.7920, loss_bbox: 0.1750, loss: 0.4147
2020-10-28 20:48:01,678 - mmdet - INFO - Epoch [1][9450/12414]	lr: 2.500e-03, eta: 1 day, 7:11:58, time: 0.398, data_time: 0.069, memory: 2469, loss_rpn_cls: 0.0230, loss_rpn_bbox: 0.0168, loss_cls: 0.1880, acc: 95.1475, loss_bbox: 0.1557, loss: 0.3835
2020-10-28 20:48:22,547 - mmdet - INFO - Epoch [1][9500/12414]	lr: 2.500e-03, eta: 1 day, 7:12:22, time: 0.418, data_time: 0.070, memory: 2469, loss_rpn_cls: 0.0250, loss_rpn_bbox: 0.0179, loss_cls: 0.2182, acc: 94.3027, loss_bbox: 0.1840, loss: 0.4451
2020-10-28 20:48:43,397 - mmdet - INFO - Epoch [1][9550/12414]	lr: 2.500e-03, eta: 1 day, 7:12:43, time: 0.417, data_time: 0.067, memory: 2469, loss_rpn_cls: 0.0298, loss_rpn_bbox: 0.0206, loss_cls: 0.2438, acc: 93.8066, loss_bbox: 0.2018, loss: 0.4961
2020-10-28 20:49:04,127 - mmdet - INFO - Epoch [1][9600/12414]	lr: 2.500e-03, eta: 1 day, 7:13:01, time: 0.414, data_time: 0.066, memory: 2469, loss_rpn_cls: 0.0249, loss_rpn_bbox: 0.0172, loss_cls: 0.2204, acc: 94.4814, loss_bbox: 0.1798, loss: 0.4424
2020-10-28 20:49:24,898 - mmdet - INFO - Epoch [1][9650/12414]	lr: 2.500e-03, eta: 1 day, 7:13:20, time: 0.416, data_time: 0.069, memory: 2469, loss_rpn_cls: 0.0282, loss_rpn_bbox: 0.0190, loss_cls: 0.2445, acc: 93.8486, loss_bbox: 0.2002, loss: 0.4919
2020-10-28 20:49:45,541 - mmdet - INFO - Epoch [1][9700/12414]	lr: 2.500e-03, eta: 1 day, 7:13:35, time: 0.413, data_time: 0.066, memory: 2469, loss_rpn_cls: 0.0290, loss_rpn_bbox: 0.0205, loss_cls: 0.2372, acc: 93.9424, loss_bbox: 0.1984, loss: 0.4851
2020-10-28 20:50:06,126 - mmdet - INFO - Epoch [1][9750/12414]	lr: 2.500e-03, eta: 1 day, 7:13:48, time: 0.412, data_time: 0.066, memory: 2469, loss_rpn_cls: 0.0327, loss_rpn_bbox: 0.0214, loss_cls: 0.2706, acc: 93.3428, loss_bbox: 0.2172, loss: 0.5419
2020-10-28 20:50:26,580 - mmdet - INFO - Epoch [1][9800/12414]	lr: 2.500e-03, eta: 1 day, 7:13:55, time: 0.408, data_time: 0.064, memory: 2469, loss_rpn_cls: 0.0242, loss_rpn_bbox: 0.0150, loss_cls: 0.1994, acc: 95.0674, loss_bbox: 0.1624, loss: 0.4011
2020-10-28 20:50:47,151 - mmdet - INFO - Epoch [1][9850/12414]	lr: 2.500e-03, eta: 1 day, 7:14:07, time: 0.412, data_time: 0.068, memory: 2469, loss_rpn_cls: 0.0287, loss_rpn_bbox: 0.0186, loss_cls: 0.2231, acc: 94.1123, loss_bbox: 0.1889, loss: 0.4593
2020-10-28 20:51:07,923 - mmdet - INFO - Epoch [1][9900/12414]	lr: 2.500e-03, eta: 1 day, 7:14:24, time: 0.415, data_time: 0.070, memory: 2469, loss_rpn_cls: 0.0256, loss_rpn_bbox: 0.0167, loss_cls: 0.2285, acc: 94.1357, loss_bbox: 0.1824, loss: 0.4532
2020-10-28 20:51:28,647 - mmdet - INFO - Epoch [1][9950/12414]	lr: 2.500e-03, eta: 1 day, 7:14:40, time: 0.415, data_time: 0.071, memory: 2469, loss_rpn_cls: 0.0273, loss_rpn_bbox: 0.0193, loss_cls: 0.2355, acc: 93.7871, loss_bbox: 0.2015, loss: 0.4837
2020-10-28 20:51:48,908 - mmdet - INFO - Exp name: faster_rcnn_r50_caffe_fpn_2x_voc_mocov2_800ep.py
2020-10-28 20:51:48,909 - mmdet - INFO - Epoch [1][10000/12414]	lr: 2.500e-03, eta: 1 day, 7:14:41, time: 0.405, data_time: 0.075, memory: 2469, loss_rpn_cls: 0.0282, loss_rpn_bbox: 0.0232, loss_cls: 0.2411, acc: 93.4893, loss_bbox: 0.2120, loss: 0.5044
2020-10-28 20:52:09,678 - mmdet - INFO - Epoch [1][10050/12414]	lr: 2.500e-03, eta: 1 day, 7:14:57, time: 0.415, data_time: 0.064, memory: 2469, loss_rpn_cls: 0.0311, loss_rpn_bbox: 0.0214, loss_cls: 0.2266, acc: 94.3008, loss_bbox: 0.1815, loss: 0.4606
2020-10-28 20:52:30,288 - mmdet - INFO - Epoch [1][10100/12414]	lr: 2.500e-03, eta: 1 day, 7:15:08, time: 0.413, data_time: 0.070, memory: 2469, loss_rpn_cls: 0.0264, loss_rpn_bbox: 0.0195, loss_cls: 0.2136, acc: 94.1650, loss_bbox: 0.1836, loss: 0.4431
2020-10-28 20:52:50,758 - mmdet - INFO - Epoch [1][10150/12414]	lr: 2.500e-03, eta: 1 day, 7:15:14, time: 0.409, data_time: 0.063, memory: 2469, loss_rpn_cls: 0.0232, loss_rpn_bbox: 0.0169, loss_cls: 0.2012, acc: 94.7666, loss_bbox: 0.1685, loss: 0.4098
2020-10-28 20:53:11,690 - mmdet - INFO - Epoch [1][10200/12414]	lr: 2.500e-03, eta: 1 day, 7:15:34, time: 0.419, data_time: 0.068, memory: 2469, loss_rpn_cls: 0.0260, loss_rpn_bbox: 0.0178, loss_cls: 0.2131, acc: 94.5244, loss_bbox: 0.1819, loss: 0.4389
2020-10-28 20:53:32,229 - mmdet - INFO - Epoch [1][10250/12414]	lr: 2.500e-03, eta: 1 day, 7:15:42, time: 0.411, data_time: 0.070, memory: 2469, loss_rpn_cls: 0.0293, loss_rpn_bbox: 0.0191, loss_cls: 0.2240, acc: 94.0713, loss_bbox: 0.1943, loss: 0.4667
2020-10-28 20:53:52,795 - mmdet - INFO - Epoch [1][10300/12414]	lr: 2.500e-03, eta: 1 day, 7:15:51, time: 0.411, data_time: 0.072, memory: 2469, loss_rpn_cls: 0.0252, loss_rpn_bbox: 0.0180, loss_cls: 0.2402, acc: 93.9111, loss_bbox: 0.1938, loss: 0.4771
2020-10-28 20:54:13,332 - mmdet - INFO - Epoch [1][10350/12414]	lr: 2.500e-03, eta: 1 day, 7:15:58, time: 0.410, data_time: 0.069, memory: 2469, loss_rpn_cls: 0.0274, loss_rpn_bbox: 0.0176, loss_cls: 0.2319, acc: 94.0234, loss_bbox: 0.1951, loss: 0.4720
2020-10-28 20:54:33,723 - mmdet - INFO - Epoch [1][10400/12414]	lr: 2.500e-03, eta: 1 day, 7:16:01, time: 0.408, data_time: 0.070, memory: 2469, loss_rpn_cls: 0.0216, loss_rpn_bbox: 0.0174, loss_cls: 0.2210, acc: 94.0947, loss_bbox: 0.1851, loss: 0.4451
2020-10-28 20:54:54,355 - mmdet - INFO - Epoch [1][10450/12414]	lr: 2.500e-03, eta: 1 day, 7:16:11, time: 0.412, data_time: 0.070, memory: 2469, loss_rpn_cls: 0.0284, loss_rpn_bbox: 0.0219, loss_cls: 0.2141, acc: 94.1748, loss_bbox: 0.1959, loss: 0.4603
2020-10-28 20:55:14,887 - mmdet - INFO - Epoch [1][10500/12414]	lr: 2.500e-03, eta: 1 day, 7:16:17, time: 0.411, data_time: 0.065, memory: 2469, loss_rpn_cls: 0.0283, loss_rpn_bbox: 0.0181, loss_cls: 0.2095, acc: 94.3701, loss_bbox: 0.1902, loss: 0.4462
2020-10-28 20:55:35,707 - mmdet - INFO - Epoch [1][10550/12414]	lr: 2.500e-03, eta: 1 day, 7:16:31, time: 0.416, data_time: 0.067, memory: 2469, loss_rpn_cls: 0.0265, loss_rpn_bbox: 0.0168, loss_cls: 0.2079, acc: 94.8477, loss_bbox: 0.1703, loss: 0.4216
2020-10-28 20:55:56,101 - mmdet - INFO - Epoch [1][10600/12414]	lr: 2.500e-03, eta: 1 day, 7:16:33, time: 0.408, data_time: 0.064, memory: 2469, loss_rpn_cls: 0.0246, loss_rpn_bbox: 0.0191, loss_cls: 0.2132, acc: 94.3232, loss_bbox: 0.1817, loss: 0.4386
2020-10-28 20:56:16,542 - mmdet - INFO - Epoch [1][10650/12414]	lr: 2.500e-03, eta: 1 day, 7:16:36, time: 0.409, data_time: 0.065, memory: 2469, loss_rpn_cls: 0.0268, loss_rpn_bbox: 0.0165, loss_cls: 0.2215, acc: 94.3301, loss_bbox: 0.1829, loss: 0.4477
2020-10-28 20:56:37,039 - mmdet - INFO - Epoch [1][10700/12414]	lr: 2.500e-03, eta: 1 day, 7:16:42, time: 0.411, data_time: 0.067, memory: 2469, loss_rpn_cls: 0.0250, loss_rpn_bbox: 0.0175, loss_cls: 0.1983, acc: 94.7227, loss_bbox: 0.1704, loss: 0.4111
2020-10-28 20:56:57,459 - mmdet - INFO - Epoch [1][10750/12414]	lr: 2.500e-03, eta: 1 day, 7:16:44, time: 0.408, data_time: 0.069, memory: 2469, loss_rpn_cls: 0.0259, loss_rpn_bbox: 0.0165, loss_cls: 0.2084, acc: 94.7061, loss_bbox: 0.1731, loss: 0.4239
2020-10-28 20:57:18,121 - mmdet - INFO - Epoch [1][10800/12414]	lr: 2.500e-03, eta: 1 day, 7:16:52, time: 0.413, data_time: 0.064, memory: 2469, loss_rpn_cls: 0.0275, loss_rpn_bbox: 0.0190, loss_cls: 0.2322, acc: 94.1074, loss_bbox: 0.1896, loss: 0.4684
2020-10-28 20:57:38,770 - mmdet - INFO - Epoch [1][10850/12414]	lr: 2.500e-03, eta: 1 day, 7:17:00, time: 0.413, data_time: 0.063, memory: 2469, loss_rpn_cls: 0.0257, loss_rpn_bbox: 0.0195, loss_cls: 0.2277, acc: 94.0176, loss_bbox: 0.1938, loss: 0.4667
2020-10-28 20:57:59,662 - mmdet - INFO - Epoch [1][10900/12414]	lr: 2.500e-03, eta: 1 day, 7:17:14, time: 0.418, data_time: 0.066, memory: 2469, loss_rpn_cls: 0.0232, loss_rpn_bbox: 0.0168, loss_cls: 0.2051, acc: 94.4111, loss_bbox: 0.1838, loss: 0.4288
2020-10-28 20:58:20,400 - mmdet - INFO - Epoch [1][10950/12414]	lr: 2.500e-03, eta: 1 day, 7:17:24, time: 0.415, data_time: 0.069, memory: 2469, loss_rpn_cls: 0.0292, loss_rpn_bbox: 0.0204, loss_cls: 0.2104, acc: 94.4844, loss_bbox: 0.1844, loss: 0.4444
2020-10-28 20:58:40,856 - mmdet - INFO - Exp name: faster_rcnn_r50_caffe_fpn_2x_voc_mocov2_800ep.py
2020-10-28 20:58:40,857 - mmdet - INFO - Epoch [1][11000/12414]	lr: 2.500e-03, eta: 1 day, 7:17:25, time: 0.409, data_time: 0.066, memory: 2469, loss_rpn_cls: 0.0241, loss_rpn_bbox: 0.0169, loss_cls: 0.2008, acc: 94.8311, loss_bbox: 0.1656, loss: 0.4074
2020-10-28 20:59:01,288 - mmdet - INFO - Epoch [1][11050/12414]	lr: 2.500e-03, eta: 1 day, 7:17:27, time: 0.409, data_time: 0.067, memory: 2469, loss_rpn_cls: 0.0222, loss_rpn_bbox: 0.0173, loss_cls: 0.2199, acc: 94.2578, loss_bbox: 0.1842, loss: 0.4436
2020-10-28 20:59:21,852 - mmdet - INFO - Epoch [1][11100/12414]	lr: 2.500e-03, eta: 1 day, 7:17:31, time: 0.411, data_time: 0.064, memory: 2469, loss_rpn_cls: 0.0219, loss_rpn_bbox: 0.0167, loss_cls: 0.2229, acc: 94.1152, loss_bbox: 0.1859, loss: 0.4474
2020-10-28 20:59:42,401 - mmdet - INFO - Epoch [1][11150/12414]	lr: 2.500e-03, eta: 1 day, 7:17:35, time: 0.411, data_time: 0.066, memory: 2469, loss_rpn_cls: 0.0231, loss_rpn_bbox: 0.0172, loss_cls: 0.1799, acc: 94.9336, loss_bbox: 0.1650, loss: 0.3852
2020-10-28 21:00:02,873 - mmdet - INFO - Epoch [1][11200/12414]	lr: 2.500e-03, eta: 1 day, 7:17:36, time: 0.409, data_time: 0.062, memory: 2469, loss_rpn_cls: 0.0302, loss_rpn_bbox: 0.0184, loss_cls: 0.2083, acc: 94.4717, loss_bbox: 0.1763, loss: 0.4332
2020-10-28 21:00:23,634 - mmdet - INFO - Epoch [1][11250/12414]	lr: 2.500e-03, eta: 1 day, 7:17:45, time: 0.415, data_time: 0.068, memory: 2469, loss_rpn_cls: 0.0240, loss_rpn_bbox: 0.0158, loss_cls: 0.2017, acc: 94.9531, loss_bbox: 0.1610, loss: 0.4025
2020-10-28 21:00:44,052 - mmdet - INFO - Epoch [1][11300/12414]	lr: 2.500e-03, eta: 1 day, 7:17:45, time: 0.408, data_time: 0.064, memory: 2469, loss_rpn_cls: 0.0292, loss_rpn_bbox: 0.0181, loss_cls: 0.2308, acc: 94.0342, loss_bbox: 0.1832, loss: 0.4612
2020-10-28 21:01:04,740 - mmdet - INFO - Epoch [1][11350/12414]	lr: 2.500e-03, eta: 1 day, 7:17:52, time: 0.414, data_time: 0.066, memory: 2469, loss_rpn_cls: 0.0256, loss_rpn_bbox: 0.0178, loss_cls: 0.2289, acc: 93.8760, loss_bbox: 0.1952, loss: 0.4676
2020-10-28 21:01:25,118 - mmdet - INFO - Epoch [1][11400/12414]	lr: 2.500e-03, eta: 1 day, 7:17:50, time: 0.408, data_time: 0.068, memory: 2469, loss_rpn_cls: 0.0263, loss_rpn_bbox: 0.0168, loss_cls: 0.2218, acc: 94.0098, loss_bbox: 0.1915, loss: 0.4563
2020-10-28 21:01:45,876 - mmdet - INFO - Epoch [1][11450/12414]	lr: 2.500e-03, eta: 1 day, 7:17:58, time: 0.415, data_time: 0.068, memory: 2469, loss_rpn_cls: 0.0285, loss_rpn_bbox: 0.0209, loss_cls: 0.2208, acc: 93.8203, loss_bbox: 0.2029, loss: 0.4732
2020-10-28 21:02:06,185 - mmdet - INFO - Epoch [1][11500/12414]	lr: 2.500e-03, eta: 1 day, 7:17:54, time: 0.406, data_time: 0.068, memory: 2469, loss_rpn_cls: 0.0220, loss_rpn_bbox: 0.0179, loss_cls: 0.2124, acc: 94.1152, loss_bbox: 0.1874, loss: 0.4397
2020-10-28 21:02:26,726 - mmdet - INFO - Epoch [1][11550/12414]	lr: 2.500e-03, eta: 1 day, 7:17:57, time: 0.411, data_time: 0.065, memory: 2469, loss_rpn_cls: 0.0214, loss_rpn_bbox: 0.0161, loss_cls: 0.1932, acc: 94.8291, loss_bbox: 0.1666, loss: 0.3972
2020-10-28 21:02:47,354 - mmdet - INFO - Epoch [1][11600/12414]	lr: 2.500e-03, eta: 1 day, 7:18:00, time: 0.412, data_time: 0.067, memory: 2469, loss_rpn_cls: 0.0235, loss_rpn_bbox: 0.0182, loss_cls: 0.2159, acc: 94.1055, loss_bbox: 0.1918, loss: 0.4494
2020-10-28 21:03:07,801 - mmdet - INFO - Epoch [1][11650/12414]	lr: 2.500e-03, eta: 1 day, 7:17:59, time: 0.409, data_time: 0.066, memory: 2469, loss_rpn_cls: 0.0225, loss_rpn_bbox: 0.0175, loss_cls: 0.2026, acc: 94.4873, loss_bbox: 0.1794, loss: 0.4221
2020-10-28 21:03:28,174 - mmdet - INFO - Epoch [1][11700/12414]	lr: 2.500e-03, eta: 1 day, 7:17:57, time: 0.407, data_time: 0.065, memory: 2469, loss_rpn_cls: 0.0225, loss_rpn_bbox: 0.0187, loss_cls: 0.2118, acc: 94.2412, loss_bbox: 0.1826, loss: 0.4356
2020-10-28 21:03:48,388 - mmdet - INFO - Epoch [1][11750/12414]	lr: 2.500e-03, eta: 1 day, 7:17:50, time: 0.404, data_time: 0.064, memory: 2469, loss_rpn_cls: 0.0230, loss_rpn_bbox: 0.0159, loss_cls: 0.1893, acc: 95.0244, loss_bbox: 0.1654, loss: 0.3936
2020-10-28 21:04:09,302 - mmdet - INFO - Epoch [1][11800/12414]	lr: 2.500e-03, eta: 1 day, 7:17:59, time: 0.418, data_time: 0.069, memory: 2469, loss_rpn_cls: 0.0240, loss_rpn_bbox: 0.0152, loss_cls: 0.1887, acc: 95.0771, loss_bbox: 0.1555, loss: 0.3835
2020-10-28 21:04:29,866 - mmdet - INFO - Epoch [1][11850/12414]	lr: 2.500e-03, eta: 1 day, 7:18:01, time: 0.412, data_time: 0.064, memory: 2469, loss_rpn_cls: 0.0203, loss_rpn_bbox: 0.0173, loss_cls: 0.2272, acc: 93.6934, loss_bbox: 0.1950, loss: 0.4598
2020-10-28 21:04:50,623 - mmdet - INFO - Epoch [1][11900/12414]	lr: 2.500e-03, eta: 1 day, 7:18:07, time: 0.415, data_time: 0.066, memory: 2469, loss_rpn_cls: 0.0222, loss_rpn_bbox: 0.0156, loss_cls: 0.2010, acc: 94.5303, loss_bbox: 0.1750, loss: 0.4138
2020-10-28 21:05:11,076 - mmdet - INFO - Epoch [1][11950/12414]	lr: 2.500e-03, eta: 1 day, 7:18:06, time: 0.409, data_time: 0.066, memory: 2469, loss_rpn_cls: 0.0192, loss_rpn_bbox: 0.0160, loss_cls: 0.1885, acc: 94.9180, loss_bbox: 0.1614, loss: 0.3852
2020-10-28 21:05:31,565 - mmdet - INFO - Exp name: faster_rcnn_r50_caffe_fpn_2x_voc_mocov2_800ep.py
2020-10-28 21:05:31,566 - mmdet - INFO - Epoch [1][12000/12414]	lr: 2.500e-03, eta: 1 day, 7:18:04, time: 0.409, data_time: 0.064, memory: 2469, loss_rpn_cls: 0.0218, loss_rpn_bbox: 0.0169, loss_cls: 0.2277, acc: 93.8848, loss_bbox: 0.2012, loss: 0.4676
2020-10-28 21:05:51,988 - mmdet - INFO - Epoch [1][12050/12414]	lr: 2.500e-03, eta: 1 day, 7:18:02, time: 0.409, data_time: 0.065, memory: 2469, loss_rpn_cls: 0.0241, loss_rpn_bbox: 0.0170, loss_cls: 0.1933, acc: 94.7793, loss_bbox: 0.1705, loss: 0.4049
2020-10-28 21:06:12,658 - mmdet - INFO - Epoch [1][12100/12414]	lr: 2.500e-03, eta: 1 day, 7:18:05, time: 0.414, data_time: 0.064, memory: 2469, loss_rpn_cls: 0.0248, loss_rpn_bbox: 0.0183, loss_cls: 0.2023, acc: 94.5781, loss_bbox: 0.1923, loss: 0.4376
2020-10-28 21:06:33,214 - mmdet - INFO - Epoch [1][12150/12414]	lr: 2.500e-03, eta: 1 day, 7:18:05, time: 0.411, data_time: 0.062, memory: 2469, loss_rpn_cls: 0.0250, loss_rpn_bbox: 0.0165, loss_cls: 0.1979, acc: 94.7461, loss_bbox: 0.1678, loss: 0.4072
2020-10-28 21:06:53,927 - mmdet - INFO - Epoch [1][12200/12414]	lr: 2.500e-03, eta: 1 day, 7:18:09, time: 0.415, data_time: 0.068, memory: 2469, loss_rpn_cls: 0.0266, loss_rpn_bbox: 0.0185, loss_cls: 0.1898, acc: 94.6875, loss_bbox: 0.1791, loss: 0.4140
2020-10-28 21:07:14,648 - mmdet - INFO - Epoch [1][12250/12414]	lr: 2.500e-03, eta: 1 day, 7:18:12, time: 0.414, data_time: 0.063, memory: 2469, loss_rpn_cls: 0.0224, loss_rpn_bbox: 0.0175, loss_cls: 0.2071, acc: 94.4805, loss_bbox: 0.1750, loss: 0.4220
2020-10-28 21:07:35,314 - mmdet - INFO - Epoch [1][12300/12414]	lr: 2.500e-03, eta: 1 day, 7:18:15, time: 0.414, data_time: 0.062, memory: 2469, loss_rpn_cls: 0.0346, loss_rpn_bbox: 0.0223, loss_cls: 0.2087, acc: 94.2656, loss_bbox: 0.1923, loss: 0.4579
2020-10-28 21:07:56,034 - mmdet - INFO - Epoch [1][12350/12414]	lr: 2.500e-03, eta: 1 day, 7:18:18, time: 0.414, data_time: 0.061, memory: 2469, loss_rpn_cls: 0.0246, loss_rpn_bbox: 0.0170, loss_cls: 0.2126, acc: 94.1787, loss_bbox: 0.1849, loss: 0.4391
2020-10-28 21:08:16,677 - mmdet - INFO - Epoch [1][12400/12414]	lr: 2.500e-03, eta: 1 day, 7:18:19, time: 0.413, data_time: 0.065, memory: 2469, loss_rpn_cls: 0.0275, loss_rpn_bbox: 0.0187, loss_cls: 0.1963, acc: 94.5059, loss_bbox: 0.1765, loss: 0.4191
2020-10-28 21:08:22,255 - mmdet - INFO - Saving checkpoint at 1 epochs
2020-10-28 21:14:11,049 - mmdet - INFO - 
+-------------+------+-------+--------+-------+
| class       | gts  | dets  | recall | ap    |
+-------------+------+-------+--------+-------+
| aeroplane   | 285  | 11215 | 0.140  | 0.001 |
| bicycle     | 337  | 1751  | 0.062  | 0.004 |
| bird        | 459  | 2287  | 0.017  | 0.001 |
| boat        | 263  | 24231 | 0.103  | 0.000 |
| bottle      | 469  | 105   | 0.002  | 0.013 |
| bus         | 213  | 178   | 0.014  | 0.002 |
| car         | 1201 | 3928  | 0.067  | 0.023 |
| cat         | 358  | 30    | 0.000  | 0.000 |
| chair       | 756  | 1048  | 0.003  | 0.000 |
| cow         | 244  | 2     | 0.000  | 0.000 |
| diningtable | 206  | 593   | 0.121  | 0.035 |
| dog         | 489  | 4     | 0.000  | 0.000 |
| horse       | 348  | 82    | 0.000  | 0.000 |
| motorbike   | 325  | 591   | 0.006  | 0.004 |
| person      | 4528 | 289   | 0.001  | 0.002 |
| pottedplant | 480  | 1667  | 0.029  | 0.091 |
| sheep       | 242  | 0     | 0.000  | 0.000 |
| sofa        | 239  | 771   | 0.025  | 0.001 |
| train       | 282  | 2265  | 0.113  | 0.006 |
| tvmonitor   | 308  | 1097  | 0.013  | 0.091 |
+-------------+------+-------+--------+-------+
| mAP         |      |       |        | 0.014 |
+-------------+------+-------+--------+-------+
2020-10-28 21:14:11,078 - mmdet - INFO - Exp name: faster_rcnn_r50_caffe_fpn_2x_voc_mocov2_800ep.py
2020-10-28 21:14:11,079 - mmdet - INFO - Epoch(val) [1][12414]	mAP: 0.0138
2020-10-28 21:14:34,253 - mmdet - INFO - Epoch [2][50/12414]	lr: 2.500e-03, eta: 1 day, 7:17:02, time: 0.460, data_time: 0.123, memory: 2469, loss_rpn_cls: 0.0250, loss_rpn_bbox: 0.0192, loss_cls: 0.2226, acc: 93.8252, loss_bbox: 0.2024, loss: 0.4692
2020-10-28 21:14:54,857 - mmdet - INFO - Epoch [2][100/12414]	lr: 2.500e-03, eta: 1 day, 7:17:02, time: 0.412, data_time: 0.068, memory: 2469, loss_rpn_cls: 0.0253, loss_rpn_bbox: 0.0187, loss_cls: 0.2037, acc: 94.3848, loss_bbox: 0.1896, loss: 0.4373
2020-10-28 21:15:15,519 - mmdet - INFO - Epoch [2][150/12414]	lr: 2.500e-03, eta: 1 day, 7:17:04, time: 0.413, data_time: 0.068, memory: 2469, loss_rpn_cls: 0.0225, loss_rpn_bbox: 0.0156, loss_cls: 0.1892, acc: 94.9033, loss_bbox: 0.1718, loss: 0.3991
2020-10-28 21:15:35,835 - mmdet - INFO - Epoch [2][200/12414]	lr: 2.500e-03, eta: 1 day, 7:16:57, time: 0.406, data_time: 0.071, memory: 2469, loss_rpn_cls: 0.0219, loss_rpn_bbox: 0.0161, loss_cls: 0.1820, acc: 94.9043, loss_bbox: 0.1703, loss: 0.3903
2020-10-28 21:15:56,553 - mmdet - INFO - Epoch [2][250/12414]	lr: 2.500e-03, eta: 1 day, 7:16:59, time: 0.415, data_time: 0.069, memory: 2469, loss_rpn_cls: 0.0198, loss_rpn_bbox: 0.0169, loss_cls: 0.2130, acc: 94.1514, loss_bbox: 0.1897, loss: 0.4394
2020-10-28 21:16:17,303 - mmdet - INFO - Epoch [2][300/12414]	lr: 2.500e-03, eta: 1 day, 7:17:03, time: 0.415, data_time: 0.070, memory: 2469, loss_rpn_cls: 0.0246, loss_rpn_bbox: 0.0188, loss_cls: 0.2111, acc: 93.9893, loss_bbox: 0.1983, loss: 0.4528
2020-10-28 21:16:38,120 - mmdet - INFO - Epoch [2][350/12414]	lr: 2.500e-03, eta: 1 day, 7:17:07, time: 0.417, data_time: 0.068, memory: 2469, loss_rpn_cls: 0.0236, loss_rpn_bbox: 0.0181, loss_cls: 0.1983, acc: 94.3701, loss_bbox: 0.1833, loss: 0.4232
2020-10-28 21:16:58,413 - mmdet - INFO - Epoch [2][400/12414]	lr: 2.500e-03, eta: 1 day, 7:16:59, time: 0.405, data_time: 0.068, memory: 2469, loss_rpn_cls: 0.0171, loss_rpn_bbox: 0.0134, loss_cls: 0.1834, acc: 95.0430, loss_bbox: 0.1621, loss: 0.3760
2020-10-28 21:17:18,726 - mmdet - INFO - Epoch [2][450/12414]	lr: 2.500e-03, eta: 1 day, 7:16:52, time: 0.407, data_time: 0.064, memory: 2469, loss_rpn_cls: 0.0202, loss_rpn_bbox: 0.0152, loss_cls: 0.1969, acc: 94.4092, loss_bbox: 0.1730, loss: 0.4053
2020-10-28 21:17:38,990 - mmdet - INFO - Epoch [2][500/12414]	lr: 2.500e-03, eta: 1 day, 7:16:43, time: 0.405, data_time: 0.062, memory: 2469, loss_rpn_cls: 0.0187, loss_rpn_bbox: 0.0149, loss_cls: 0.1869, acc: 94.7959, loss_bbox: 0.1689, loss: 0.3894
2020-10-28 21:17:59,508 - mmdet - INFO - Epoch [2][550/12414]	lr: 2.500e-03, eta: 1 day, 7:16:40, time: 0.410, data_time: 0.062, memory: 2469, loss_rpn_cls: 0.0264, loss_rpn_bbox: 0.0201, loss_cls: 0.2242, acc: 93.4785, loss_bbox: 0.2188, loss: 0.4895
2020-10-28 21:18:19,997 - mmdet - INFO - Epoch [2][600/12414]	lr: 2.500e-03, eta: 1 day, 7:16:37, time: 0.410, data_time: 0.065, memory: 2469, loss_rpn_cls: 0.0239, loss_rpn_bbox: 0.0188, loss_cls: 0.1798, acc: 94.6084, loss_bbox: 0.1761, loss: 0.3985
2020-10-28 21:18:40,096 - mmdet - INFO - Epoch [2][650/12414]	lr: 2.500e-03, eta: 1 day, 7:16:25, time: 0.402, data_time: 0.062, memory: 2469, loss_rpn_cls: 0.0224, loss_rpn_bbox: 0.0162, loss_cls: 0.1919, acc: 94.5674, loss_bbox: 0.1810, loss: 0.4114
2020-10-28 21:19:00,419 - mmdet - INFO - Epoch [2][700/12414]	lr: 2.500e-03, eta: 1 day, 7:16:16, time: 0.406, data_time: 0.063, memory: 2469, loss_rpn_cls: 0.0254, loss_rpn_bbox: 0.0189, loss_cls: 0.2072, acc: 94.6240, loss_bbox: 0.1757, loss: 0.4273
2020-10-28 21:19:20,551 - mmdet - INFO - Epoch [2][750/12414]	lr: 2.500e-03, eta: 1 day, 7:16:05, time: 0.403, data_time: 0.065, memory: 2469, loss_rpn_cls: 0.0213, loss_rpn_bbox: 0.0167, loss_cls: 0.2020, acc: 94.4756, loss_bbox: 0.1777, loss: 0.4177
