2021-12-07 09:28:55,938 - mmdet - INFO - Environment info:
------------------------------------------------------------
sys.platform: linux
Python: 3.7.9 (default, Aug 31 2020, 12:42:55) [GCC 7.3.0]
CUDA available: True
GPU 0,1,2,3: GeForce RTX 2080 Ti
CUDA_HOME: /usr/local/cuda
NVCC: Cuda compilation tools, release 10.0, V10.0.130
GCC: gcc (Ubuntu 5.4.0-6ubuntu1~16.04.11) 5.4.0 20160609
PyTorch: 1.6.0
PyTorch compiling details: PyTorch built with:
  - GCC 7.3
  - C++ Version: 201402
  - Intel(R) Math Kernel Library Version 2020.0.2 Product Build 20200624 for Intel(R) 64 architecture applications
  - Intel(R) MKL-DNN v1.5.0 (Git Hash e2ac1fac44c5078ca927cb9b90e1b3066a0b2ed0)
  - OpenMP 201511 (a.k.a. OpenMP 4.5)
  - NNPACK is enabled
  - CPU capability usage: AVX2
  - CUDA Runtime 10.2
  - NVCC architecture flags: -gencode;arch=compute_37,code=sm_37;-gencode;arch=compute_50,code=sm_50;-gencode;arch=compute_60,code=sm_60;-gencode;arch=compute_61,code=sm_61;-gencode;arch=compute_70,code=sm_70;-gencode;arch=compute_75,code=sm_75;-gencode;arch=compute_37,code=compute_37
  - CuDNN 7.6.5
  - Magma 2.5.2
  - Build settings: BLAS=MKL, BUILD_TYPE=Release, CXX_FLAGS= -Wno-deprecated -fvisibility-inlines-hidden -DUSE_PTHREADPOOL -fopenmp -DNDEBUG -DUSE_FBGEMM -DUSE_QNNPACK -DUSE_PYTORCH_QNNPACK -DUSE_XNNPACK -DUSE_VULKAN_WRAPPER -O2 -fPIC -Wno-narrowing -Wall -Wextra -Werror=return-type -Wno-missing-field-initializers -Wno-type-limits -Wno-array-bounds -Wno-unknown-pragmas -Wno-sign-compare -Wno-unused-parameter -Wno-unused-variable -Wno-unused-function -Wno-unused-result -Wno-unused-local-typedefs -Wno-strict-overflow -Wno-strict-aliasing -Wno-error=deprecated-declarations -Wno-stringop-overflow -Wno-error=pedantic -Wno-error=redundant-decls -Wno-error=old-style-cast -fdiagnostics-color=always -faligned-new -Wno-unused-but-set-variable -Wno-maybe-uninitialized -fno-math-errno -fno-trapping-math -Werror=format -Wno-stringop-overflow, PERF_WITH_AVX=1, PERF_WITH_AVX2=1, PERF_WITH_AVX512=1, USE_CUDA=ON, USE_EXCEPTION_PTR=1, USE_GFLAGS=OFF, USE_GLOG=OFF, USE_MKL=ON, USE_MKLDNN=ON, USE_MPI=OFF, USE_NCCL=ON, USE_NNPACK=ON, USE_OPENMP=ON, USE_STATIC_DISPATCH=OFF, 

TorchVision: 0.7.0
OpenCV: 4.5.1
MMCV: 1.3.3
MMCV Compiler: GCC 7.3
MMCV CUDA Compiler: 10.2
MMDetection: 2.12.0+
------------------------------------------------------------

2021-12-07 09:28:56,369 - mmdet - INFO - Distributed training: True
2021-12-07 09:28:56,783 - mmdet - INFO - Config:
model = dict(
    type='FasterRCNN',
    pretrained=
    '../mmclassification/work_dirs/tctplus_resnet50_b32x8/epoch_100_pretrained.pth',
    backbone=dict(
        type='ResNet',
        depth=50,
        num_stages=4,
        out_indices=(0, 1, 2, 3),
        frozen_stages=1,
        norm_cfg=dict(type='BN', requires_grad=True),
        norm_eval=True,
        style='pytorch'),
    neck=dict(
        type='FPN',
        in_channels=[256, 512, 1024, 2048],
        out_channels=256,
        num_outs=5),
    rpn_head=dict(
        type='RPNHead',
        in_channels=256,
        feat_channels=256,
        anchor_generator=dict(
            type='AnchorGenerator',
            scales=[8],
            ratios=[0.5, 1.0, 2.0],
            strides=[4, 8, 16, 32, 64]),
        bbox_coder=dict(
            type='DeltaXYWHBBoxCoder',
            target_means=[0.0, 0.0, 0.0, 0.0],
            target_stds=[1.0, 1.0, 1.0, 1.0]),
        loss_cls=dict(
            type='CrossEntropyLoss', use_sigmoid=True, loss_weight=1.0),
        loss_bbox=dict(type='L1Loss', loss_weight=1.0)),
    roi_head=dict(
        type='StandardRoIHead',
        bbox_roi_extractor=dict(
            type='SingleRoIExtractor',
            roi_layer=dict(type='RoIAlign', output_size=7, sampling_ratio=0),
            out_channels=256,
            featmap_strides=[4, 8, 16, 32]),
        bbox_head=dict(
            type='Shared2FCBBoxHead',
            in_channels=256,
            fc_out_channels=1024,
            roi_feat_size=7,
            num_classes=10,
            bbox_coder=dict(
                type='DeltaXYWHBBoxCoder',
                target_means=[0.0, 0.0, 0.0, 0.0],
                target_stds=[0.1, 0.1, 0.2, 0.2]),
            reg_class_agnostic=False,
            loss_cls=dict(
                type='CrossEntropyLoss', use_sigmoid=False, loss_weight=1.0),
            loss_bbox=dict(type='L1Loss', loss_weight=1.0))))
train_cfg = dict(
    rpn=dict(
        assigner=dict(
            type='MaxIoUAssigner',
            pos_iou_thr=0.7,
            neg_iou_thr=0.3,
            min_pos_iou=0.3,
            match_low_quality=True,
            ignore_iof_thr=-1),
        sampler=dict(
            type='RandomSampler',
            num=256,
            pos_fraction=0.5,
            neg_pos_ub=-1,
            add_gt_as_proposals=False),
        allowed_border=-1,
        pos_weight=-1,
        debug=False),
    rpn_proposal=dict(
        nms_across_levels=False,
        nms_pre=2000,
        nms_post=1000,
        max_num=1000,
        nms_thr=0.7,
        min_bbox_size=0),
    rcnn=dict(
        assigner=dict(
            type='MaxIoUAssigner',
            pos_iou_thr=0.5,
            neg_iou_thr=0.5,
            min_pos_iou=0.5,
            match_low_quality=False,
            ignore_iof_thr=-1),
        sampler=dict(
            type='RandomSampler',
            num=512,
            pos_fraction=0.25,
            neg_pos_ub=-1,
            add_gt_as_proposals=True),
        pos_weight=-1,
        debug=False))
test_cfg = dict(
    rpn=dict(
        nms_across_levels=False,
        nms_pre=1000,
        nms_post=1000,
        max_num=1000,
        nms_thr=0.7,
        min_bbox_size=0),
    rcnn=dict(
        score_thr=0.05,
        nms=dict(type='nms', iou_threshold=0.5),
        max_per_img=100))
dataset_type = 'CocoDataset'
data_root = 'data/coco/'
annotations_root = '../data/TCT_30000/'
image_root = '../data/TCT_30000/'
classes = ('normal', 'ascus', 'asch', 'lsil', 'hsil_scc_omn',
           'agc_adenocarcinoma_em', 'vaginalis', 'monilia',
           'dysbacteriosis_herpes_act', 'ec')
img_norm_cfg = dict(
    mean=[123.675, 116.28, 103.53], std=[58.395, 57.12, 57.375], to_rgb=True)
train_pipeline = [
    dict(type='LoadImageFromFile'),
    dict(type='LoadAnnotations', with_bbox=True),
    dict(type='Resize', img_scale=(1333, 800), keep_ratio=True),
    dict(type='RandomFlip', flip_ratio=0.5),
    dict(
        type='Normalize',
        mean=[123.675, 116.28, 103.53],
        std=[58.395, 57.12, 57.375],
        to_rgb=True),
    dict(type='Pad', size_divisor=32),
    dict(type='DefaultFormatBundle'),
    dict(type='Collect', keys=['img', 'gt_bboxes', 'gt_labels'])
]
test_pipeline = [
    dict(type='LoadImageFromFile'),
    dict(
        type='MultiScaleFlipAug',
        img_scale=(1333, 800),
        flip=False,
        transforms=[
            dict(type='Resize', keep_ratio=True),
            dict(type='RandomFlip'),
            dict(
                type='Normalize',
                mean=[123.675, 116.28, 103.53],
                std=[58.395, 57.12, 57.375],
                to_rgb=True),
            dict(type='Pad', size_divisor=32),
            dict(type='ImageToTensor', keys=['img']),
            dict(type='Collect', keys=['img'])
        ])
]
data = dict(
    samples_per_gpu=2,
    workers_per_gpu=0,
    train=dict(
        type='CocoDataset',
        classes=('normal', 'ascus', 'asch', 'lsil', 'hsil_scc_omn',
                 'agc_adenocarcinoma_em', 'vaginalis', 'monilia',
                 'dysbacteriosis_herpes_act', 'ec'),
        ann_file='../data/TCT_30000/train30000-cat10.json',
        img_prefix='../data/TCT_30000/',
        pipeline=[
            dict(type='LoadImageFromFile'),
            dict(type='LoadAnnotations', with_bbox=True),
            dict(type='Resize', img_scale=(1333, 800), keep_ratio=True),
            dict(type='RandomFlip', flip_ratio=0.5),
            dict(
                type='Normalize',
                mean=[123.675, 116.28, 103.53],
                std=[58.395, 57.12, 57.375],
                to_rgb=True),
            dict(type='Pad', size_divisor=32),
            dict(type='DefaultFormatBundle'),
            dict(type='Collect', keys=['img', 'gt_bboxes', 'gt_labels'])
        ]),
    val=dict(
        type='CocoDataset',
        classes=('normal', 'ascus', 'asch', 'lsil', 'hsil_scc_omn',
                 'agc_adenocarcinoma_em', 'vaginalis', 'monilia',
                 'dysbacteriosis_herpes_act', 'ec'),
        ann_file='../data/TCT_30000/val10000-cat10.json',
        img_prefix='../data/TCT_30000/',
        pipeline=[
            dict(type='LoadImageFromFile'),
            dict(
                type='MultiScaleFlipAug',
                img_scale=(1333, 800),
                flip=False,
                transforms=[
                    dict(type='Resize', keep_ratio=True),
                    dict(type='RandomFlip'),
                    dict(
                        type='Normalize',
                        mean=[123.675, 116.28, 103.53],
                        std=[58.395, 57.12, 57.375],
                        to_rgb=True),
                    dict(type='Pad', size_divisor=32),
                    dict(type='ImageToTensor', keys=['img']),
                    dict(type='Collect', keys=['img'])
                ])
        ]),
    test=dict(
        type='CocoDataset',
        classes=('normal', 'ascus', 'asch', 'lsil', 'hsil_scc_omn',
                 'agc_adenocarcinoma_em', 'vaginalis', 'monilia',
                 'dysbacteriosis_herpes_act', 'ec'),
        ann_file='../data/TCT_30000/test10000-cat10.json',
        img_prefix='../data/TCT_30000/',
        pipeline=[
            dict(type='LoadImageFromFile'),
            dict(
                type='MultiScaleFlipAug',
                img_scale=(1333, 800),
                flip=False,
                transforms=[
                    dict(type='Resize', keep_ratio=True),
                    dict(type='RandomFlip'),
                    dict(
                        type='Normalize',
                        mean=[123.675, 116.28, 103.53],
                        std=[58.395, 57.12, 57.375],
                        to_rgb=True),
                    dict(type='Pad', size_divisor=32),
                    dict(type='ImageToTensor', keys=['img']),
                    dict(type='Collect', keys=['img'])
                ])
        ]))
evaluation = dict(interval=1, metric='bbox')
optimizer = dict(type='SGD', lr=0.1, momentum=0.9, weight_decay=0.0001)
optimizer_config = dict(grad_clip=None)
lr_config = dict(
    policy='step',
    warmup='linear',
    warmup_iters=500,
    warmup_ratio=0.001,
    step=[8, 16, 22])
runner = dict(type='EpochBasedRunner', max_epochs=24)
checkpoint_config = dict(interval=1)
log_config = dict(interval=50, hooks=[dict(type='TextLoggerHook')])
custom_hooks = [dict(type='NumClassCheckHook')]
dist_params = dict(backend='nccl')
log_level = 'INFO'
load_from = None
resume_from = None
workflow = [('train', 1)]
work_dir = './work_dirs/faster_rcnn_r50_fpn_2x_tctplus_lr10'
gpu_ids = range(0, 4)

2021-12-07 09:29:05,204 - mmdet - INFO - Start running, host: root@95b7482644c5, work_dir: /root/userfolder/mmdetection/work_dirs/faster_rcnn_r50_fpn_2x_tctplus_lr10
2021-12-07 09:29:05,205 - mmdet - INFO - workflow: [('train', 1)], max: 24 epochs
2021-12-07 09:29:49,879 - mmdet - INFO - Epoch [1][50/3750]	lr: 9.890e-03, eta: 22:17:11, time: 0.892, data_time: 0.536, memory: 3718, loss_rpn_cls: 0.3633, loss_rpn_bbox: 0.0431, loss_cls: 0.2942, acc: 95.0308, loss_bbox: 0.0461, loss: 0.7467
2021-12-07 09:30:29,298 - mmdet - INFO - Epoch [1][100/3750]	lr: 1.988e-02, eta: 20:58:52, time: 0.788, data_time: 0.449, memory: 3720, loss_rpn_cls: 0.1406, loss_rpn_bbox: 0.0417, loss_cls: 0.2629, acc: 95.5640, loss_bbox: 0.1453, loss: 0.5906
2021-12-07 09:31:08,882 - mmdet - INFO - Epoch [1][150/3750]	lr: 2.987e-02, eta: 20:33:54, time: 0.792, data_time: 0.451, memory: 3720, loss_rpn_cls: 0.1070, loss_rpn_bbox: 0.0372, loss_cls: 0.2942, acc: 94.2114, loss_bbox: 0.1793, loss: 0.6176
2021-12-07 09:31:47,671 - mmdet - INFO - Epoch [1][200/3750]	lr: 3.986e-02, eta: 20:15:12, time: 0.776, data_time: 0.432, memory: 3720, loss_rpn_cls: 0.0912, loss_rpn_bbox: 0.0371, loss_cls: 0.3471, acc: 92.6343, loss_bbox: 0.2194, loss: 0.6948
2021-12-07 09:32:27,247 - mmdet - INFO - Epoch [1][250/3750]	lr: 4.985e-02, eta: 20:08:25, time: 0.792, data_time: 0.460, memory: 3720, loss_rpn_cls: 0.0927, loss_rpn_bbox: 0.0425, loss_cls: 0.3418, acc: 92.6250, loss_bbox: 0.2191, loss: 0.6961
2021-12-07 09:33:06,450 - mmdet - INFO - Epoch [1][300/3750]	lr: 5.984e-02, eta: 20:01:49, time: 0.784, data_time: 0.451, memory: 3720, loss_rpn_cls: 0.0904, loss_rpn_bbox: 0.0388, loss_cls: 0.3689, acc: 92.0820, loss_bbox: 0.2237, loss: 0.7218
2021-12-07 09:33:45,647 - mmdet - INFO - Epoch [1][350/3750]	lr: 6.983e-02, eta: 19:56:52, time: 0.784, data_time: 0.437, memory: 3720, loss_rpn_cls: 0.0880, loss_rpn_bbox: 0.0362, loss_cls: 0.3661, acc: 91.8569, loss_bbox: 0.2328, loss: 0.7231
2021-12-07 09:34:24,999 - mmdet - INFO - Epoch [1][400/3750]	lr: 7.982e-02, eta: 19:53:34, time: 0.787, data_time: 0.447, memory: 3720, loss_rpn_cls: 0.0869, loss_rpn_bbox: 0.0391, loss_cls: 0.3281, acc: 92.7183, loss_bbox: 0.2056, loss: 0.6598
2021-12-07 09:35:04,066 - mmdet - INFO - Epoch [1][450/3750]	lr: 8.981e-02, eta: 19:49:56, time: 0.781, data_time: 0.430, memory: 3720, loss_rpn_cls: 0.0835, loss_rpn_bbox: 0.0378, loss_cls: 0.3590, acc: 92.1230, loss_bbox: 0.2233, loss: 0.7037
2021-12-07 09:35:43,174 - mmdet - INFO - Epoch [1][500/3750]	lr: 9.980e-02, eta: 19:47:01, time: 0.782, data_time: 0.431, memory: 3720, loss_rpn_cls: 0.0940, loss_rpn_bbox: 0.0422, loss_cls: 0.3618, acc: 91.9131, loss_bbox: 0.2257, loss: 0.7237
2021-12-07 09:36:23,110 - mmdet - INFO - Epoch [1][550/3750]	lr: 1.000e-01, eta: 19:46:45, time: 0.799, data_time: 0.466, memory: 3720, loss_rpn_cls: 0.0932, loss_rpn_bbox: 0.0388, loss_cls: 0.3300, acc: 92.8174, loss_bbox: 0.2027, loss: 0.6647
2021-12-07 09:37:03,474 - mmdet - INFO - Epoch [1][600/3750]	lr: 1.000e-01, eta: 19:47:29, time: 0.807, data_time: 0.475, memory: 3720, loss_rpn_cls: 0.0853, loss_rpn_bbox: 0.0402, loss_cls: 0.3019, acc: 93.0303, loss_bbox: 0.1904, loss: 0.6178
2021-12-07 09:37:43,052 - mmdet - INFO - Epoch [1][650/3750]	lr: 1.000e-01, eta: 19:46:12, time: 0.792, data_time: 0.460, memory: 3720, loss_rpn_cls: 0.0754, loss_rpn_bbox: 0.0386, loss_cls: 0.3439, acc: 91.9873, loss_bbox: 0.2148, loss: 0.6728
2021-12-07 09:38:22,776 - mmdet - INFO - Epoch [1][700/3750]	lr: 1.000e-01, eta: 19:45:19, time: 0.794, data_time: 0.467, memory: 3720, loss_rpn_cls: 0.0806, loss_rpn_bbox: 0.0380, loss_cls: 0.2790, acc: 93.4062, loss_bbox: 0.1738, loss: 0.5715
2021-12-07 09:39:02,599 - mmdet - INFO - Epoch [1][750/3750]	lr: 1.000e-01, eta: 19:44:39, time: 0.796, data_time: 0.441, memory: 3720, loss_rpn_cls: 0.0779, loss_rpn_bbox: 0.0376, loss_cls: 0.2971, acc: 92.8433, loss_bbox: 0.1908, loss: 0.6034
2021-12-07 09:39:42,792 - mmdet - INFO - Epoch [1][800/3750]	lr: 1.000e-01, eta: 19:44:41, time: 0.804, data_time: 0.461, memory: 3720, loss_rpn_cls: 0.0772, loss_rpn_bbox: 0.0359, loss_cls: 0.3201, acc: 92.0874, loss_bbox: 0.2063, loss: 0.6395
2021-12-07 09:40:22,774 - mmdet - INFO - Epoch [1][850/3750]	lr: 1.000e-01, eta: 19:44:15, time: 0.800, data_time: 0.464, memory: 3720, loss_rpn_cls: 0.0692, loss_rpn_bbox: 0.0350, loss_cls: 0.3174, acc: 92.0781, loss_bbox: 0.2080, loss: 0.6296
2021-12-07 09:41:02,315 - mmdet - INFO - Epoch [1][900/3750]	lr: 1.000e-01, eta: 19:43:05, time: 0.791, data_time: 0.458, memory: 3720, loss_rpn_cls: 0.0784, loss_rpn_bbox: 0.0369, loss_cls: 0.3337, acc: 92.0195, loss_bbox: 0.2025, loss: 0.6515
2021-12-07 09:41:41,329 - mmdet - INFO - Epoch [1][950/3750]	lr: 1.000e-01, eta: 19:41:08, time: 0.780, data_time: 0.433, memory: 3720, loss_rpn_cls: 0.0757, loss_rpn_bbox: 0.0374, loss_cls: 0.3139, acc: 92.3081, loss_bbox: 0.2042, loss: 0.6311
2021-12-07 09:42:20,783 - mmdet - INFO - Exp name: faster_rcnn_r50_fpn_2x_tctplus_lr10.py
2021-12-07 09:42:20,784 - mmdet - INFO - Epoch [1][1000/3750]	lr: 1.000e-01, eta: 19:39:58, time: 0.789, data_time: 0.432, memory: 3720, loss_rpn_cls: 0.0693, loss_rpn_bbox: 0.0389, loss_cls: 0.3163, acc: 92.0576, loss_bbox: 0.2060, loss: 0.6306
2021-12-07 09:43:00,269 - mmdet - INFO - Epoch [1][1050/3750]	lr: 1.000e-01, eta: 19:38:53, time: 0.790, data_time: 0.436, memory: 3720, loss_rpn_cls: 0.0653, loss_rpn_bbox: 0.0351, loss_cls: 0.3137, acc: 91.7837, loss_bbox: 0.2174, loss: 0.6315
2021-12-07 09:43:39,797 - mmdet - INFO - Epoch [1][1100/3750]	lr: 1.000e-01, eta: 19:37:55, time: 0.791, data_time: 0.427, memory: 3720, loss_rpn_cls: 0.0663, loss_rpn_bbox: 0.0363, loss_cls: 0.2905, acc: 92.5957, loss_bbox: 0.1894, loss: 0.5825
2021-12-07 09:44:19,658 - mmdet - INFO - Epoch [1][1150/3750]	lr: 1.000e-01, eta: 19:37:24, time: 0.797, data_time: 0.464, memory: 3720, loss_rpn_cls: 0.0694, loss_rpn_bbox: 0.0367, loss_cls: 0.3023, acc: 92.2061, loss_bbox: 0.1996, loss: 0.6080
2021-12-07 09:44:59,407 - mmdet - INFO - Epoch [1][1200/3750]	lr: 1.000e-01, eta: 19:36:44, time: 0.795, data_time: 0.439, memory: 3720, loss_rpn_cls: 0.0615, loss_rpn_bbox: 0.0315, loss_cls: 0.2931, acc: 92.1851, loss_bbox: 0.1990, loss: 0.5851
2021-12-07 09:45:38,630 - mmdet - INFO - Epoch [1][1250/3750]	lr: 1.000e-01, eta: 19:35:26, time: 0.785, data_time: 0.426, memory: 3720, loss_rpn_cls: 0.0679, loss_rpn_bbox: 0.0341, loss_cls: 0.2945, acc: 92.1123, loss_bbox: 0.1969, loss: 0.5934
2021-12-07 09:46:18,339 - mmdet - INFO - Epoch [1][1300/3750]	lr: 1.000e-01, eta: 19:34:45, time: 0.794, data_time: 0.412, memory: 3720, loss_rpn_cls: 0.0656, loss_rpn_bbox: 0.0336, loss_cls: 0.3061, acc: 92.0068, loss_bbox: 0.2014, loss: 0.6067
2021-12-07 09:46:58,104 - mmdet - INFO - Epoch [1][1350/3750]	lr: 1.000e-01, eta: 19:34:07, time: 0.795, data_time: 0.455, memory: 3720, loss_rpn_cls: 0.0583, loss_rpn_bbox: 0.0298, loss_cls: 0.3082, acc: 91.6475, loss_bbox: 0.2057, loss: 0.6021
2021-12-07 09:47:37,804 - mmdet - INFO - Epoch [1][1400/3750]	lr: 1.000e-01, eta: 19:33:25, time: 0.794, data_time: 0.459, memory: 3720, loss_rpn_cls: 0.0645, loss_rpn_bbox: 0.0349, loss_cls: 0.3039, acc: 92.2256, loss_bbox: 0.1955, loss: 0.5988
2021-12-07 09:48:17,647 - mmdet - INFO - Epoch [1][1450/3750]	lr: 1.000e-01, eta: 19:32:52, time: 0.797, data_time: 0.453, memory: 3720, loss_rpn_cls: 0.0619, loss_rpn_bbox: 0.0331, loss_cls: 0.2900, acc: 92.0215, loss_bbox: 0.1970, loss: 0.5819
2021-12-07 09:48:57,655 - mmdet - INFO - Epoch [1][1500/3750]	lr: 1.000e-01, eta: 19:32:29, time: 0.800, data_time: 0.461, memory: 3720, loss_rpn_cls: 0.0636, loss_rpn_bbox: 0.0348, loss_cls: 0.2960, acc: 91.8135, loss_bbox: 0.2019, loss: 0.5963
2021-12-07 09:49:37,838 - mmdet - INFO - Epoch [1][1550/3750]	lr: 1.000e-01, eta: 19:32:14, time: 0.804, data_time: 0.460, memory: 3720, loss_rpn_cls: 0.0597, loss_rpn_bbox: 0.0344, loss_cls: 0.2922, acc: 91.7070, loss_bbox: 0.1999, loss: 0.5862
2021-12-07 09:50:17,751 - mmdet - INFO - Epoch [1][1600/3750]	lr: 1.000e-01, eta: 19:31:43, time: 0.798, data_time: 0.471, memory: 3720, loss_rpn_cls: 0.0610, loss_rpn_bbox: 0.0340, loss_cls: 0.3113, acc: 91.3452, loss_bbox: 0.2192, loss: 0.6254
2021-12-07 09:50:57,217 - mmdet - INFO - Epoch [1][1650/3750]	lr: 1.000e-01, eta: 19:30:47, time: 0.789, data_time: 0.463, memory: 3720, loss_rpn_cls: 0.0606, loss_rpn_bbox: 0.0336, loss_cls: 0.3025, acc: 91.7446, loss_bbox: 0.2062, loss: 0.6029
2021-12-07 09:51:36,835 - mmdet - INFO - Epoch [1][1700/3750]	lr: 1.000e-01, eta: 19:30:00, time: 0.792, data_time: 0.448, memory: 3720, loss_rpn_cls: 0.0599, loss_rpn_bbox: 0.0346, loss_cls: 0.3075, acc: 91.3335, loss_bbox: 0.2173, loss: 0.6193
2021-12-07 09:52:16,691 - mmdet - INFO - Epoch [1][1750/3750]	lr: 1.000e-01, eta: 19:29:25, time: 0.797, data_time: 0.453, memory: 3720, loss_rpn_cls: 0.0663, loss_rpn_bbox: 0.0330, loss_cls: 0.2938, acc: 91.9814, loss_bbox: 0.1984, loss: 0.5916
2021-12-07 09:52:56,713 - mmdet - INFO - Epoch [1][1800/3750]	lr: 1.000e-01, eta: 19:28:58, time: 0.800, data_time: 0.445, memory: 3720, loss_rpn_cls: 0.0614, loss_rpn_bbox: 0.0337, loss_cls: 0.3079, acc: 91.3516, loss_bbox: 0.2159, loss: 0.6189
2021-12-07 09:53:36,913 - mmdet - INFO - Epoch [1][1850/3750]	lr: 1.000e-01, eta: 19:28:40, time: 0.804, data_time: 0.451, memory: 3720, loss_rpn_cls: 0.0563, loss_rpn_bbox: 0.0324, loss_cls: 0.3028, acc: 91.7212, loss_bbox: 0.2026, loss: 0.5940
2021-12-07 09:54:16,220 - mmdet - INFO - Epoch [1][1900/3750]	lr: 1.000e-01, eta: 19:27:38, time: 0.786, data_time: 0.452, memory: 3720, loss_rpn_cls: 0.0566, loss_rpn_bbox: 0.0296, loss_cls: 0.2784, acc: 92.3999, loss_bbox: 0.1923, loss: 0.5568
2021-12-07 09:54:55,121 - mmdet - INFO - Epoch [1][1950/3750]	lr: 1.000e-01, eta: 19:26:20, time: 0.778, data_time: 0.439, memory: 3720, loss_rpn_cls: 0.0585, loss_rpn_bbox: 0.0300, loss_cls: 0.3024, acc: 91.7783, loss_bbox: 0.2022, loss: 0.5930
2021-12-07 09:55:35,051 - mmdet - INFO - Exp name: faster_rcnn_r50_fpn_2x_tctplus_lr10.py
2021-12-07 09:55:35,052 - mmdet - INFO - Epoch [1][2000/3750]	lr: 1.000e-01, eta: 19:25:49, time: 0.799, data_time: 0.462, memory: 3720, loss_rpn_cls: 0.0647, loss_rpn_bbox: 0.0347, loss_cls: 0.2876, acc: 92.1909, loss_bbox: 0.1933, loss: 0.5802
2021-12-07 09:56:14,127 - mmdet - INFO - Epoch [1][2050/3750]	lr: 1.000e-01, eta: 19:24:40, time: 0.781, data_time: 0.407, memory: 3720, loss_rpn_cls: 0.0558, loss_rpn_bbox: 0.0326, loss_cls: 0.2943, acc: 91.8208, loss_bbox: 0.1966, loss: 0.5793
2021-12-07 09:56:53,360 - mmdet - INFO - Epoch [1][2100/3750]	lr: 1.000e-01, eta: 19:23:40, time: 0.785, data_time: 0.432, memory: 3720, loss_rpn_cls: 0.0606, loss_rpn_bbox: 0.0321, loss_cls: 0.2821, acc: 92.0737, loss_bbox: 0.1917, loss: 0.5664
2021-12-07 09:57:33,248 - mmdet - INFO - Epoch [1][2150/3750]	lr: 1.000e-01, eta: 19:23:07, time: 0.798, data_time: 0.441, memory: 3720, loss_rpn_cls: 0.0611, loss_rpn_bbox: 0.0346, loss_cls: 0.2913, acc: 91.8115, loss_bbox: 0.2006, loss: 0.5877
2021-12-07 09:58:12,737 - mmdet - INFO - Epoch [1][2200/3750]	lr: 1.000e-01, eta: 19:22:18, time: 0.790, data_time: 0.466, memory: 3720, loss_rpn_cls: 0.0564, loss_rpn_bbox: 0.0332, loss_cls: 0.2916, acc: 91.6265, loss_bbox: 0.2079, loss: 0.5890
2021-12-07 09:58:51,843 - mmdet - INFO - Epoch [1][2250/3750]	lr: 1.000e-01, eta: 19:21:14, time: 0.782, data_time: 0.412, memory: 3720, loss_rpn_cls: 0.0581, loss_rpn_bbox: 0.0338, loss_cls: 0.2908, acc: 91.7290, loss_bbox: 0.2091, loss: 0.5918
2021-12-07 09:59:30,960 - mmdet - INFO - Epoch [1][2300/3750]	lr: 1.000e-01, eta: 19:20:12, time: 0.782, data_time: 0.438, memory: 3720, loss_rpn_cls: 0.0560, loss_rpn_bbox: 0.0311, loss_cls: 0.2974, acc: 91.6982, loss_bbox: 0.2006, loss: 0.5850
2021-12-07 10:00:10,348 - mmdet - INFO - Epoch [1][2350/3750]	lr: 1.000e-01, eta: 19:19:22, time: 0.788, data_time: 0.448, memory: 3720, loss_rpn_cls: 0.0633, loss_rpn_bbox: 0.0331, loss_cls: 0.2928, acc: 91.9102, loss_bbox: 0.1919, loss: 0.5812
2021-12-07 10:00:49,570 - mmdet - INFO - Epoch [1][2400/3750]	lr: 1.000e-01, eta: 19:18:25, time: 0.785, data_time: 0.426, memory: 3720, loss_rpn_cls: 0.0586, loss_rpn_bbox: 0.0333, loss_cls: 0.2996, acc: 91.6230, loss_bbox: 0.2087, loss: 0.6002
2021-12-07 10:01:29,372 - mmdet - INFO - Epoch [1][2450/3750]	lr: 1.000e-01, eta: 19:17:50, time: 0.796, data_time: 0.451, memory: 3720, loss_rpn_cls: 0.0567, loss_rpn_bbox: 0.0314, loss_cls: 0.2992, acc: 91.8818, loss_bbox: 0.1983, loss: 0.5855
2021-12-07 10:02:08,955 - mmdet - INFO - Epoch [1][2500/3750]	lr: 1.000e-01, eta: 19:17:07, time: 0.791, data_time: 0.447, memory: 3720, loss_rpn_cls: 0.0645, loss_rpn_bbox: 0.0329, loss_cls: 0.3128, acc: 91.1074, loss_bbox: 0.2211, loss: 0.6312
2021-12-07 10:02:48,385 - mmdet - INFO - Epoch [1][2550/3750]	lr: 1.000e-01, eta: 19:16:19, time: 0.789, data_time: 0.427, memory: 3720, loss_rpn_cls: 0.0594, loss_rpn_bbox: 0.0366, loss_cls: 0.2983, acc: 91.4609, loss_bbox: 0.2079, loss: 0.6022
2021-12-07 10:03:27,254 - mmdet - INFO - Epoch [1][2600/3750]	lr: 1.000e-01, eta: 19:15:13, time: 0.777, data_time: 0.434, memory: 3720, loss_rpn_cls: 0.0537, loss_rpn_bbox: 0.0296, loss_cls: 0.2943, acc: 91.7349, loss_bbox: 0.1972, loss: 0.5749
2021-12-07 10:04:06,447 - mmdet - INFO - Epoch [1][2650/3750]	lr: 1.000e-01, eta: 19:14:18, time: 0.784, data_time: 0.445, memory: 3720, loss_rpn_cls: 0.0544, loss_rpn_bbox: 0.0298, loss_cls: 0.2848, acc: 91.9058, loss_bbox: 0.2007, loss: 0.5696
2021-12-07 10:04:45,447 - mmdet - INFO - Epoch [1][2700/3750]	lr: 1.000e-01, eta: 19:13:17, time: 0.780, data_time: 0.430, memory: 3720, loss_rpn_cls: 0.0545, loss_rpn_bbox: 0.0313, loss_cls: 0.2813, acc: 91.9150, loss_bbox: 0.2016, loss: 0.5687
2021-12-07 10:05:24,751 - mmdet - INFO - Epoch [1][2750/3750]	lr: 1.000e-01, eta: 19:12:27, time: 0.786, data_time: 0.457, memory: 3720, loss_rpn_cls: 0.0596, loss_rpn_bbox: 0.0314, loss_cls: 0.2647, acc: 92.4863, loss_bbox: 0.1822, loss: 0.5378
2021-12-07 10:06:04,653 - mmdet - INFO - Epoch [1][2800/3750]	lr: 1.000e-01, eta: 19:11:56, time: 0.798, data_time: 0.442, memory: 3720, loss_rpn_cls: 0.0577, loss_rpn_bbox: 0.0325, loss_cls: 0.2769, acc: 92.1226, loss_bbox: 0.1871, loss: 0.5542
2021-12-07 10:06:44,415 - mmdet - INFO - Epoch [1][2850/3750]	lr: 1.000e-01, eta: 19:11:21, time: 0.795, data_time: 0.442, memory: 3720, loss_rpn_cls: 0.0544, loss_rpn_bbox: 0.0305, loss_cls: 0.2904, acc: 91.5933, loss_bbox: 0.2057, loss: 0.5810
2021-12-07 10:07:24,575 - mmdet - INFO - Epoch [1][2900/3750]	lr: 1.000e-01, eta: 19:10:57, time: 0.803, data_time: 0.442, memory: 3720, loss_rpn_cls: 0.0603, loss_rpn_bbox: 0.0331, loss_cls: 0.3021, acc: 91.5757, loss_bbox: 0.2144, loss: 0.6100
2021-12-07 10:08:04,262 - mmdet - INFO - Epoch [1][2950/3750]	lr: 1.000e-01, eta: 19:10:18, time: 0.794, data_time: 0.464, memory: 3720, loss_rpn_cls: 0.0575, loss_rpn_bbox: 0.0300, loss_cls: 0.2934, acc: 91.8989, loss_bbox: 0.1908, loss: 0.5716
2021-12-07 10:08:44,055 - mmdet - INFO - Exp name: faster_rcnn_r50_fpn_2x_tctplus_lr10.py
2021-12-07 10:08:44,056 - mmdet - INFO - Epoch [1][3000/3750]	lr: 1.000e-01, eta: 19:09:43, time: 0.796, data_time: 0.444, memory: 3720, loss_rpn_cls: 0.0591, loss_rpn_bbox: 0.0303, loss_cls: 0.2989, acc: 91.3394, loss_bbox: 0.2091, loss: 0.5974
2021-12-07 10:09:23,100 - mmdet - INFO - Epoch [1][3050/3750]	lr: 1.000e-01, eta: 19:08:46, time: 0.781, data_time: 0.441, memory: 3720, loss_rpn_cls: 0.0525, loss_rpn_bbox: 0.0301, loss_cls: 0.2986, acc: 91.5103, loss_bbox: 0.2021, loss: 0.5833
2021-12-07 10:10:01,877 - mmdet - INFO - Epoch [1][3100/3750]	lr: 1.000e-01, eta: 19:07:43, time: 0.776, data_time: 0.445, memory: 3720, loss_rpn_cls: 0.0528, loss_rpn_bbox: 0.0308, loss_cls: 0.2876, acc: 91.6880, loss_bbox: 0.1987, loss: 0.5699
2021-12-07 10:10:40,761 - mmdet - INFO - Epoch [1][3150/3750]	lr: 1.000e-01, eta: 19:06:43, time: 0.778, data_time: 0.431, memory: 3720, loss_rpn_cls: 0.0498, loss_rpn_bbox: 0.0298, loss_cls: 0.2915, acc: 91.6382, loss_bbox: 0.2058, loss: 0.5769
2021-12-07 10:11:20,151 - mmdet - INFO - Epoch [1][3200/3750]	lr: 1.000e-01, eta: 19:05:57, time: 0.788, data_time: 0.415, memory: 3720, loss_rpn_cls: 0.0560, loss_rpn_bbox: 0.0315, loss_cls: 0.2928, acc: 91.5229, loss_bbox: 0.2073, loss: 0.5875
2021-12-07 10:11:59,538 - mmdet - INFO - Epoch [1][3250/3750]	lr: 1.000e-01, eta: 19:05:12, time: 0.788, data_time: 0.427, memory: 3720, loss_rpn_cls: 0.0500, loss_rpn_bbox: 0.0277, loss_cls: 0.2849, acc: 91.8101, loss_bbox: 0.2007, loss: 0.5633
2021-12-07 10:12:39,414 - mmdet - INFO - Epoch [1][3300/3750]	lr: 1.000e-01, eta: 19:04:39, time: 0.798, data_time: 0.443, memory: 3720, loss_rpn_cls: 0.0592, loss_rpn_bbox: 0.0320, loss_cls: 0.3012, acc: 91.3970, loss_bbox: 0.2137, loss: 0.6061
2021-12-07 10:13:18,775 - mmdet - INFO - Epoch [1][3350/3750]	lr: 1.000e-01, eta: 19:03:53, time: 0.787, data_time: 0.460, memory: 3720, loss_rpn_cls: 0.0497, loss_rpn_bbox: 0.0299, loss_cls: 0.2919, acc: 91.5376, loss_bbox: 0.2081, loss: 0.5795
2021-12-07 10:13:58,026 - mmdet - INFO - Epoch [1][3400/3750]	lr: 1.000e-01, eta: 19:03:04, time: 0.785, data_time: 0.436, memory: 3720, loss_rpn_cls: 0.0537, loss_rpn_bbox: 0.0289, loss_cls: 0.2664, acc: 92.3066, loss_bbox: 0.1818, loss: 0.5309
2021-12-07 10:14:36,992 - mmdet - INFO - Epoch [1][3450/3750]	lr: 1.000e-01, eta: 19:02:09, time: 0.779, data_time: 0.428, memory: 3720, loss_rpn_cls: 0.0594, loss_rpn_bbox: 0.0324, loss_cls: 0.2927, acc: 91.8345, loss_bbox: 0.2017, loss: 0.5861
2021-12-07 10:15:16,206 - mmdet - INFO - Epoch [1][3500/3750]	lr: 1.000e-01, eta: 19:01:20, time: 0.784, data_time: 0.454, memory: 3720, loss_rpn_cls: 0.0600, loss_rpn_bbox: 0.0315, loss_cls: 0.2905, acc: 91.9683, loss_bbox: 0.1965, loss: 0.5785
2021-12-07 10:15:55,061 - mmdet - INFO - Epoch [1][3550/3750]	lr: 1.000e-01, eta: 19:00:22, time: 0.777, data_time: 0.435, memory: 3720, loss_rpn_cls: 0.0529, loss_rpn_bbox: 0.0279, loss_cls: 0.2755, acc: 91.9961, loss_bbox: 0.1981, loss: 0.5545
2021-12-07 10:16:34,838 - mmdet - INFO - Epoch [1][3600/3750]	lr: 1.000e-01, eta: 18:59:48, time: 0.796, data_time: 0.451, memory: 3720, loss_rpn_cls: 0.0556, loss_rpn_bbox: 0.0294, loss_cls: 0.2824, acc: 91.8491, loss_bbox: 0.1960, loss: 0.5634
2021-12-07 10:17:14,130 - mmdet - INFO - Epoch [1][3650/3750]	lr: 1.000e-01, eta: 18:59:02, time: 0.786, data_time: 0.471, memory: 3720, loss_rpn_cls: 0.0494, loss_rpn_bbox: 0.0303, loss_cls: 0.2940, acc: 91.5728, loss_bbox: 0.2095, loss: 0.5833
2021-12-07 10:17:53,841 - mmdet - INFO - Epoch [1][3700/3750]	lr: 1.000e-01, eta: 18:58:25, time: 0.794, data_time: 0.470, memory: 3720, loss_rpn_cls: 0.0573, loss_rpn_bbox: 0.0319, loss_cls: 0.2789, acc: 91.7661, loss_bbox: 0.1983, loss: 0.5665
2021-12-07 10:18:33,129 - mmdet - INFO - Exp name: faster_rcnn_r50_fpn_2x_tctplus_lr10.py
2021-12-07 10:18:33,130 - mmdet - INFO - Epoch [1][3750/3750]	lr: 1.000e-01, eta: 18:57:39, time: 0.786, data_time: 0.459, memory: 3720, loss_rpn_cls: 0.0528, loss_rpn_bbox: 0.0310, loss_cls: 0.2697, acc: 91.9702, loss_bbox: 0.1978, loss: 0.5513
2021-12-07 10:18:33,131 - mmdet - INFO - Saving checkpoint at 1 epochs
2021-12-07 10:31:20,021 - mmdet - INFO - Evaluating bbox...
2021-12-07 10:32:13,446 - mmdet - INFO - Exp name: faster_rcnn_r50_fpn_2x_tctplus_lr10.py
2021-12-07 10:32:13,446 - mmdet - INFO - Epoch(val) [1][3750]	bbox_mAP: 0.1090, bbox_mAP_50: 0.2360, bbox_mAP_75: 0.0810, bbox_mAP_s: -1.0000, bbox_mAP_m: 0.0270, bbox_mAP_l: 0.1190, bbox_mAP_copypaste: 0.109 0.236 0.081 -1.000 0.027 0.119
2021-12-07 10:32:53,472 - mmdet - INFO - Epoch [2][50/3750]	lr: 1.000e-01, eta: 18:57:08, time: 0.799, data_time: 0.402, memory: 3720, loss_rpn_cls: 0.0478, loss_rpn_bbox: 0.0267, loss_cls: 0.2843, acc: 91.7178, loss_bbox: 0.2044, loss: 0.5632
2021-12-07 10:33:32,433 - mmdet - INFO - Epoch [2][100/3750]	lr: 1.000e-01, eta: 18:56:15, time: 0.779, data_time: 0.414, memory: 3720, loss_rpn_cls: 0.0511, loss_rpn_bbox: 0.0315, loss_cls: 0.3181, acc: 90.8330, loss_bbox: 0.2171, loss: 0.6178
2021-12-07 10:34:11,573 - mmdet - INFO - Epoch [2][150/3750]	lr: 1.000e-01, eta: 18:55:26, time: 0.783, data_time: 0.438, memory: 3720, loss_rpn_cls: 0.0527, loss_rpn_bbox: 0.0294, loss_cls: 0.2970, acc: 91.3511, loss_bbox: 0.2070, loss: 0.5862
2021-12-07 10:34:51,048 - mmdet - INFO - Epoch [2][200/3750]	lr: 1.000e-01, eta: 18:54:44, time: 0.789, data_time: 0.422, memory: 3720, loss_rpn_cls: 0.0552, loss_rpn_bbox: 0.0313, loss_cls: 0.2871, acc: 91.4375, loss_bbox: 0.2083, loss: 0.5819
2021-12-07 10:35:30,786 - mmdet - INFO - Exp name: faster_rcnn_r50_fpn_2x_tctplus_lr10.py
2021-12-07 10:35:30,787 - mmdet - INFO - Epoch [2][250/3750]	lr: 1.000e-01, eta: 18:54:09, time: 0.795, data_time: 0.443, memory: 3720, loss_rpn_cls: 0.0542, loss_rpn_bbox: 0.0322, loss_cls: 0.2900, acc: 91.4214, loss_bbox: 0.2096, loss: 0.5859
2021-12-07 10:36:09,629 - mmdet - INFO - Epoch [2][300/3750]	lr: 1.000e-01, eta: 18:53:14, time: 0.777, data_time: 0.410, memory: 3720, loss_rpn_cls: 0.0559, loss_rpn_bbox: 0.0303, loss_cls: 0.2781, acc: 92.1035, loss_bbox: 0.1845, loss: 0.5489
2021-12-07 10:36:48,527 - mmdet - INFO - Epoch [2][350/3750]	lr: 1.000e-01, eta: 18:52:20, time: 0.778, data_time: 0.436, memory: 3720, loss_rpn_cls: 0.0539, loss_rpn_bbox: 0.0300, loss_cls: 0.2678, acc: 92.1172, loss_bbox: 0.1883, loss: 0.5400
2021-12-07 10:37:28,041 - mmdet - INFO - Epoch [2][400/3750]	lr: 1.000e-01, eta: 18:51:40, time: 0.790, data_time: 0.423, memory: 3720, loss_rpn_cls: 0.0531, loss_rpn_bbox: 0.0290, loss_cls: 0.2888, acc: 91.3638, loss_bbox: 0.2125, loss: 0.5835
2021-12-07 10:38:07,747 - mmdet - INFO - Epoch [2][450/3750]	lr: 1.000e-01, eta: 18:51:04, time: 0.794, data_time: 0.420, memory: 3720, loss_rpn_cls: 0.0562, loss_rpn_bbox: 0.0284, loss_cls: 0.2584, acc: 92.5879, loss_bbox: 0.1806, loss: 0.5237
2021-12-07 10:38:46,945 - mmdet - INFO - Epoch [2][500/3750]	lr: 1.000e-01, eta: 18:50:17, time: 0.784, data_time: 0.424, memory: 3720, loss_rpn_cls: 0.0530, loss_rpn_bbox: 0.0286, loss_cls: 0.2823, acc: 91.7012, loss_bbox: 0.1968, loss: 0.5607
2021-12-07 10:39:26,573 - mmdet - INFO - Epoch [2][550/3750]	lr: 1.000e-01, eta: 18:49:39, time: 0.793, data_time: 0.436, memory: 3720, loss_rpn_cls: 0.0518, loss_rpn_bbox: 0.0320, loss_cls: 0.2926, acc: 91.1465, loss_bbox: 0.2160, loss: 0.5924
2021-12-07 10:40:06,048 - mmdet - INFO - Epoch [2][600/3750]	lr: 1.000e-01, eta: 18:48:59, time: 0.790, data_time: 0.443, memory: 3720, loss_rpn_cls: 0.0457, loss_rpn_bbox: 0.0288, loss_cls: 0.2934, acc: 91.1919, loss_bbox: 0.2089, loss: 0.5768
2021-12-07 10:40:45,278 - mmdet - INFO - Epoch [2][650/3750]	lr: 1.000e-01, eta: 18:48:13, time: 0.785, data_time: 0.424, memory: 3720, loss_rpn_cls: 0.0526, loss_rpn_bbox: 0.0293, loss_cls: 0.2695, acc: 92.1328, loss_bbox: 0.1867, loss: 0.5382
2021-12-07 10:41:24,606 - mmdet - INFO - Epoch [2][700/3750]	lr: 1.000e-01, eta: 18:47:29, time: 0.786, data_time: 0.439, memory: 3720, loss_rpn_cls: 0.0461, loss_rpn_bbox: 0.0295, loss_cls: 0.2965, acc: 91.1733, loss_bbox: 0.2097, loss: 0.5819
2021-12-07 10:42:03,611 - mmdet - INFO - Epoch [2][750/3750]	lr: 1.000e-01, eta: 18:46:40, time: 0.780, data_time: 0.443, memory: 3720, loss_rpn_cls: 0.0505, loss_rpn_bbox: 0.0331, loss_cls: 0.2831, acc: 91.5181, loss_bbox: 0.2024, loss: 0.5691
2021-12-07 10:42:42,558 - mmdet - INFO - Epoch [2][800/3750]	lr: 1.000e-01, eta: 18:45:49, time: 0.779, data_time: 0.438, memory: 3720, loss_rpn_cls: 0.0466, loss_rpn_bbox: 0.0287, loss_cls: 0.2692, acc: 91.7871, loss_bbox: 0.1980, loss: 0.5425
2021-12-07 10:43:21,504 - mmdet - INFO - Epoch [2][850/3750]	lr: 1.000e-01, eta: 18:44:59, time: 0.779, data_time: 0.430, memory: 3720, loss_rpn_cls: 0.0495, loss_rpn_bbox: 0.0304, loss_cls: 0.2744, acc: 91.8882, loss_bbox: 0.1958, loss: 0.5502
2021-12-07 10:44:00,244 - mmdet - INFO - Epoch [2][900/3750]	lr: 1.000e-01, eta: 18:44:05, time: 0.775, data_time: 0.418, memory: 3720, loss_rpn_cls: 0.0486, loss_rpn_bbox: 0.0299, loss_cls: 0.2879, acc: 91.3047, loss_bbox: 0.2061, loss: 0.5725
2021-12-07 10:44:39,495 - mmdet - INFO - Epoch [2][950/3750]	lr: 1.000e-01, eta: 18:43:21, time: 0.785, data_time: 0.420, memory: 3720, loss_rpn_cls: 0.0523, loss_rpn_bbox: 0.0321, loss_cls: 0.2767, acc: 91.7554, loss_bbox: 0.2000, loss: 0.5611
2021-12-07 10:45:18,329 - mmdet - INFO - Epoch [2][1000/3750]	lr: 1.000e-01, eta: 18:42:29, time: 0.777, data_time: 0.421, memory: 3720, loss_rpn_cls: 0.0515, loss_rpn_bbox: 0.0295, loss_cls: 0.2767, acc: 91.6812, loss_bbox: 0.1985, loss: 0.5563
2021-12-07 10:45:57,681 - mmdet - INFO - Epoch [2][1050/3750]	lr: 1.000e-01, eta: 18:41:47, time: 0.787, data_time: 0.432, memory: 3720, loss_rpn_cls: 0.0484, loss_rpn_bbox: 0.0282, loss_cls: 0.3021, acc: 91.0415, loss_bbox: 0.2129, loss: 0.5915
2021-12-07 10:46:36,607 - mmdet - INFO - Epoch [2][1100/3750]	lr: 1.000e-01, eta: 18:40:57, time: 0.778, data_time: 0.414, memory: 3720, loss_rpn_cls: 0.0543, loss_rpn_bbox: 0.0292, loss_cls: 0.2732, acc: 92.0435, loss_bbox: 0.1841, loss: 0.5408
2021-12-07 10:47:15,916 - mmdet - INFO - Epoch [2][1150/3750]	lr: 1.000e-01, eta: 18:40:15, time: 0.786, data_time: 0.429, memory: 3720, loss_rpn_cls: 0.0483, loss_rpn_bbox: 0.0273, loss_cls: 0.2627, acc: 92.3438, loss_bbox: 0.1837, loss: 0.5221
2021-12-07 10:47:55,220 - mmdet - INFO - Epoch [2][1200/3750]	lr: 1.000e-01, eta: 18:39:32, time: 0.786, data_time: 0.420, memory: 3720, loss_rpn_cls: 0.0530, loss_rpn_bbox: 0.0307, loss_cls: 0.2767, acc: 91.8149, loss_bbox: 0.1933, loss: 0.5538
2021-12-07 10:48:35,426 - mmdet - INFO - Exp name: faster_rcnn_r50_fpn_2x_tctplus_lr10.py
2021-12-07 10:48:35,427 - mmdet - INFO - Epoch [2][1250/3750]	lr: 1.000e-01, eta: 18:39:04, time: 0.804, data_time: 0.446, memory: 3720, loss_rpn_cls: 0.0499, loss_rpn_bbox: 0.0299, loss_cls: 0.2780, acc: 91.7095, loss_bbox: 0.2033, loss: 0.5612
2021-12-07 10:49:14,650 - mmdet - INFO - Epoch [2][1300/3750]	lr: 1.000e-01, eta: 18:38:20, time: 0.785, data_time: 0.427, memory: 3720, loss_rpn_cls: 0.0536, loss_rpn_bbox: 0.0316, loss_cls: 0.2773, acc: 91.6558, loss_bbox: 0.2006, loss: 0.5631
2021-12-07 10:49:53,236 - mmdet - INFO - Epoch [2][1350/3750]	lr: 1.000e-01, eta: 18:37:26, time: 0.772, data_time: 0.416, memory: 3720, loss_rpn_cls: 0.0509, loss_rpn_bbox: 0.0308, loss_cls: 0.2948, acc: 91.1479, loss_bbox: 0.2103, loss: 0.5867
2021-12-07 10:50:32,952 - mmdet - INFO - Epoch [2][1400/3750]	lr: 1.000e-01, eta: 18:36:50, time: 0.794, data_time: 0.445, memory: 3720, loss_rpn_cls: 0.0549, loss_rpn_bbox: 0.0320, loss_cls: 0.2925, acc: 91.0103, loss_bbox: 0.2140, loss: 0.5934
2021-12-07 10:51:12,585 - mmdet - INFO - Epoch [2][1450/3750]	lr: 1.000e-01, eta: 18:36:13, time: 0.793, data_time: 0.431, memory: 3720, loss_rpn_cls: 0.0491, loss_rpn_bbox: 0.0314, loss_cls: 0.2718, acc: 91.7583, loss_bbox: 0.1956, loss: 0.5479
2021-12-07 10:51:52,289 - mmdet - INFO - Epoch [2][1500/3750]	lr: 1.000e-01, eta: 18:35:37, time: 0.794, data_time: 0.423, memory: 3720, loss_rpn_cls: 0.0508, loss_rpn_bbox: 0.0290, loss_cls: 0.2813, acc: 91.6680, loss_bbox: 0.1995, loss: 0.5606
2021-12-07 10:52:32,205 - mmdet - INFO - Epoch [2][1550/3750]	lr: 1.000e-01, eta: 18:35:04, time: 0.798, data_time: 0.433, memory: 3720, loss_rpn_cls: 0.0521, loss_rpn_bbox: 0.0323, loss_cls: 0.2819, acc: 91.5732, loss_bbox: 0.2060, loss: 0.5723
2021-12-07 10:53:11,659 - mmdet - INFO - Epoch [2][1600/3750]	lr: 1.000e-01, eta: 18:34:24, time: 0.789, data_time: 0.441, memory: 3720, loss_rpn_cls: 0.0553, loss_rpn_bbox: 0.0309, loss_cls: 0.2762, acc: 91.9033, loss_bbox: 0.1864, loss: 0.5487
2021-12-07 10:53:50,914 - mmdet - INFO - Epoch [2][1650/3750]	lr: 1.000e-01, eta: 18:33:41, time: 0.785, data_time: 0.428, memory: 3720, loss_rpn_cls: 0.0539, loss_rpn_bbox: 0.0302, loss_cls: 0.2513, acc: 92.4814, loss_bbox: 0.1795, loss: 0.5148
2021-12-07 10:54:30,573 - mmdet - INFO - Epoch [2][1700/3750]	lr: 1.000e-01, eta: 18:33:04, time: 0.793, data_time: 0.437, memory: 3720, loss_rpn_cls: 0.0506, loss_rpn_bbox: 0.0298, loss_cls: 0.2922, acc: 91.3467, loss_bbox: 0.2008, loss: 0.5733
2021-12-07 10:55:09,564 - mmdet - INFO - Epoch [2][1750/3750]	lr: 1.000e-01, eta: 18:32:17, time: 0.780, data_time: 0.403, memory: 3720, loss_rpn_cls: 0.0520, loss_rpn_bbox: 0.0301, loss_cls: 0.2699, acc: 91.7822, loss_bbox: 0.2016, loss: 0.5536
2021-12-07 10:55:48,605 - mmdet - INFO - Epoch [2][1800/3750]	lr: 1.000e-01, eta: 18:31:30, time: 0.781, data_time: 0.419, memory: 3720, loss_rpn_cls: 0.0505, loss_rpn_bbox: 0.0305, loss_cls: 0.2722, acc: 91.8652, loss_bbox: 0.1981, loss: 0.5514
2021-12-07 10:56:27,816 - mmdet - INFO - Epoch [2][1850/3750]	lr: 1.000e-01, eta: 18:30:47, time: 0.784, data_time: 0.426, memory: 3720, loss_rpn_cls: 0.0533, loss_rpn_bbox: 0.0323, loss_cls: 0.2747, acc: 91.6187, loss_bbox: 0.2011, loss: 0.5615
2021-12-07 10:57:07,254 - mmdet - INFO - Epoch [2][1900/3750]	lr: 1.000e-01, eta: 18:30:07, time: 0.789, data_time: 0.429, memory: 3720, loss_rpn_cls: 0.0467, loss_rpn_bbox: 0.0309, loss_cls: 0.2944, acc: 91.1797, loss_bbox: 0.2111, loss: 0.5831
2021-12-07 10:57:46,476 - mmdet - INFO - Epoch [2][1950/3750]	lr: 1.000e-01, eta: 18:29:23, time: 0.784, data_time: 0.430, memory: 3720, loss_rpn_cls: 0.0562, loss_rpn_bbox: 0.0309, loss_cls: 0.2858, acc: 91.6484, loss_bbox: 0.2023, loss: 0.5753
2021-12-07 10:58:25,190 - mmdet - INFO - Epoch [2][2000/3750]	lr: 1.000e-01, eta: 18:28:32, time: 0.774, data_time: 0.438, memory: 3720, loss_rpn_cls: 0.0467, loss_rpn_bbox: 0.0278, loss_cls: 0.2831, acc: 91.5977, loss_bbox: 0.1966, loss: 0.5541
2021-12-07 10:59:05,022 - mmdet - INFO - Epoch [2][2050/3750]	lr: 1.000e-01, eta: 18:27:58, time: 0.797, data_time: 0.440, memory: 3720, loss_rpn_cls: 0.0515, loss_rpn_bbox: 0.0307, loss_cls: 0.2714, acc: 92.0483, loss_bbox: 0.1924, loss: 0.5460
2021-12-07 10:59:45,030 - mmdet - INFO - Epoch [2][2100/3750]	lr: 1.000e-01, eta: 18:27:26, time: 0.800, data_time: 0.417, memory: 3720, loss_rpn_cls: 0.0527, loss_rpn_bbox: 0.0320, loss_cls: 0.2751, acc: 91.8193, loss_bbox: 0.1941, loss: 0.5538
2021-12-07 11:00:23,596 - mmdet - INFO - Epoch [2][2150/3750]	lr: 1.000e-01, eta: 18:26:34, time: 0.771, data_time: 0.431, memory: 3720, loss_rpn_cls: 0.0509, loss_rpn_bbox: 0.0288, loss_cls: 0.2737, acc: 91.8027, loss_bbox: 0.1987, loss: 0.5522
2021-12-07 11:01:02,990 - mmdet - INFO - Epoch [2][2200/3750]	lr: 1.000e-01, eta: 18:25:53, time: 0.788, data_time: 0.438, memory: 3720, loss_rpn_cls: 0.0505, loss_rpn_bbox: 0.0262, loss_cls: 0.2729, acc: 92.0249, loss_bbox: 0.1889, loss: 0.5385
2021-12-07 11:01:42,022 - mmdet - INFO - Exp name: faster_rcnn_r50_fpn_2x_tctplus_lr10.py
2021-12-07 11:01:42,023 - mmdet - INFO - Epoch [2][2250/3750]	lr: 1.000e-01, eta: 18:25:08, time: 0.781, data_time: 0.449, memory: 3720, loss_rpn_cls: 0.0514, loss_rpn_bbox: 0.0268, loss_cls: 0.2731, acc: 91.7456, loss_bbox: 0.2020, loss: 0.5533
2021-12-07 11:02:21,395 - mmdet - INFO - Epoch [2][2300/3750]	lr: 1.000e-01, eta: 18:24:27, time: 0.787, data_time: 0.410, memory: 3720, loss_rpn_cls: 0.0471, loss_rpn_bbox: 0.0267, loss_cls: 0.2825, acc: 91.6284, loss_bbox: 0.1967, loss: 0.5530
2021-12-07 11:03:01,367 - mmdet - INFO - Epoch [2][2350/3750]	lr: 1.000e-01, eta: 18:23:54, time: 0.800, data_time: 0.444, memory: 3720, loss_rpn_cls: 0.0509, loss_rpn_bbox: 0.0274, loss_cls: 0.2559, acc: 92.2041, loss_bbox: 0.1865, loss: 0.5208
2021-12-07 11:03:40,846 - mmdet - INFO - Epoch [2][2400/3750]	lr: 1.000e-01, eta: 18:23:15, time: 0.789, data_time: 0.434, memory: 3720, loss_rpn_cls: 0.0499, loss_rpn_bbox: 0.0296, loss_cls: 0.2935, acc: 91.1685, loss_bbox: 0.2128, loss: 0.5859
2021-12-07 11:04:20,123 - mmdet - INFO - Epoch [2][2450/3750]	lr: 1.000e-01, eta: 18:22:33, time: 0.786, data_time: 0.431, memory: 3720, loss_rpn_cls: 0.0491, loss_rpn_bbox: 0.0277, loss_cls: 0.2734, acc: 91.8892, loss_bbox: 0.1891, loss: 0.5394
2021-12-07 11:04:59,788 - mmdet - INFO - Epoch [2][2500/3750]	lr: 1.000e-01, eta: 18:21:56, time: 0.793, data_time: 0.435, memory: 3720, loss_rpn_cls: 0.0466, loss_rpn_bbox: 0.0294, loss_cls: 0.2964, acc: 90.9731, loss_bbox: 0.2110, loss: 0.5834
2021-12-07 11:05:39,723 - mmdet - INFO - Epoch [2][2550/3750]	lr: 1.000e-01, eta: 18:21:22, time: 0.799, data_time: 0.455, memory: 3720, loss_rpn_cls: 0.0558, loss_rpn_bbox: 0.0304, loss_cls: 0.2757, acc: 91.6963, loss_bbox: 0.2047, loss: 0.5665
2021-12-07 11:06:18,814 - mmdet - INFO - Epoch [2][2600/3750]	lr: 1.000e-01, eta: 18:20:38, time: 0.782, data_time: 0.438, memory: 3720, loss_rpn_cls: 0.0554, loss_rpn_bbox: 0.0324, loss_cls: 0.2800, acc: 91.3594, loss_bbox: 0.2078, loss: 0.5756
2021-12-07 11:06:58,128 - mmdet - INFO - Epoch [2][2650/3750]	lr: 1.000e-01, eta: 18:19:56, time: 0.786, data_time: 0.449, memory: 3720, loss_rpn_cls: 0.0470, loss_rpn_bbox: 0.0277, loss_cls: 0.2820, acc: 91.6318, loss_bbox: 0.2065, loss: 0.5632
2021-12-07 11:07:37,620 - mmdet - INFO - Epoch [2][2700/3750]	lr: 1.000e-01, eta: 18:19:17, time: 0.790, data_time: 0.446, memory: 3720, loss_rpn_cls: 0.0514, loss_rpn_bbox: 0.0282, loss_cls: 0.2744, acc: 91.5908, loss_bbox: 0.2000, loss: 0.5540
2021-12-07 11:08:16,792 - mmdet - INFO - Epoch [2][2750/3750]	lr: 1.000e-01, eta: 18:18:34, time: 0.783, data_time: 0.429, memory: 3720, loss_rpn_cls: 0.0462, loss_rpn_bbox: 0.0300, loss_cls: 0.2658, acc: 91.9707, loss_bbox: 0.1957, loss: 0.5377
2021-12-07 11:08:56,536 - mmdet - INFO - Epoch [2][2800/3750]	lr: 1.000e-01, eta: 18:17:58, time: 0.795, data_time: 0.438, memory: 3720, loss_rpn_cls: 0.0509, loss_rpn_bbox: 0.0298, loss_cls: 0.2752, acc: 91.6367, loss_bbox: 0.2029, loss: 0.5588
2021-12-07 11:09:35,855 - mmdet - INFO - Epoch [2][2850/3750]	lr: 1.000e-01, eta: 18:17:16, time: 0.786, data_time: 0.432, memory: 3720, loss_rpn_cls: 0.0525, loss_rpn_bbox: 0.0303, loss_cls: 0.3050, acc: 90.7310, loss_bbox: 0.2223, loss: 0.6101
2021-12-07 11:10:15,051 - mmdet - INFO - Epoch [2][2900/3750]	lr: 1.000e-01, eta: 18:16:34, time: 0.784, data_time: 0.434, memory: 3720, loss_rpn_cls: 0.0493, loss_rpn_bbox: 0.0308, loss_cls: 0.2984, acc: 90.8882, loss_bbox: 0.2163, loss: 0.5948
2021-12-07 11:10:53,966 - mmdet - INFO - Epoch [2][2950/3750]	lr: 1.000e-01, eta: 18:15:47, time: 0.778, data_time: 0.428, memory: 3720, loss_rpn_cls: 0.0532, loss_rpn_bbox: 0.0336, loss_cls: 0.2900, acc: 91.3618, loss_bbox: 0.2079, loss: 0.5848
2021-12-07 11:11:33,043 - mmdet - INFO - Epoch [2][3000/3750]	lr: 1.000e-01, eta: 18:15:03, time: 0.782, data_time: 0.438, memory: 3720, loss_rpn_cls: 0.0466, loss_rpn_bbox: 0.0278, loss_cls: 0.2656, acc: 92.1152, loss_bbox: 0.1870, loss: 0.5270
2021-12-07 11:12:12,293 - mmdet - INFO - Epoch [2][3050/3750]	lr: 1.000e-01, eta: 18:14:21, time: 0.785, data_time: 0.435, memory: 3720, loss_rpn_cls: 0.0497, loss_rpn_bbox: 0.0280, loss_cls: 0.2810, acc: 91.5508, loss_bbox: 0.2022, loss: 0.5610
2021-12-07 11:12:51,074 - mmdet - INFO - Epoch [2][3100/3750]	lr: 1.000e-01, eta: 18:13:33, time: 0.776, data_time: 0.432, memory: 3720, loss_rpn_cls: 0.0514, loss_rpn_bbox: 0.0289, loss_cls: 0.2782, acc: 91.5786, loss_bbox: 0.1992, loss: 0.5577
2021-12-07 11:13:30,759 - mmdet - INFO - Epoch [2][3150/3750]	lr: 1.000e-01, eta: 18:12:56, time: 0.794, data_time: 0.429, memory: 3720, loss_rpn_cls: 0.0482, loss_rpn_bbox: 0.0292, loss_cls: 0.2635, acc: 92.0659, loss_bbox: 0.1914, loss: 0.5323
2021-12-07 11:14:09,806 - mmdet - INFO - Epoch [2][3200/3750]	lr: 1.000e-01, eta: 18:12:12, time: 0.781, data_time: 0.445, memory: 3720, loss_rpn_cls: 0.0507, loss_rpn_bbox: 0.0321, loss_cls: 0.2872, acc: 91.1265, loss_bbox: 0.2147, loss: 0.5847
2021-12-07 11:14:48,817 - mmdet - INFO - Exp name: faster_rcnn_r50_fpn_2x_tctplus_lr10.py
2021-12-07 11:14:48,818 - mmdet - INFO - Epoch [2][3250/3750]	lr: 1.000e-01, eta: 18:11:27, time: 0.780, data_time: 0.434, memory: 3720, loss_rpn_cls: 0.0475, loss_rpn_bbox: 0.0303, loss_cls: 0.2591, acc: 92.2090, loss_bbox: 0.1860, loss: 0.5229
2021-12-07 11:15:28,132 - mmdet - INFO - Epoch [2][3300/3750]	lr: 1.000e-01, eta: 18:10:46, time: 0.786, data_time: 0.431, memory: 3720, loss_rpn_cls: 0.0451, loss_rpn_bbox: 0.0270, loss_cls: 0.2730, acc: 91.7715, loss_bbox: 0.1920, loss: 0.5370
2021-12-07 11:16:07,322 - mmdet - INFO - Epoch [2][3350/3750]	lr: 1.000e-01, eta: 18:10:04, time: 0.784, data_time: 0.430, memory: 3720, loss_rpn_cls: 0.0557, loss_rpn_bbox: 0.0289, loss_cls: 0.2788, acc: 91.7061, loss_bbox: 0.1948, loss: 0.5582
2021-12-07 11:16:47,085 - mmdet - INFO - Epoch [2][3400/3750]	lr: 1.000e-01, eta: 18:09:28, time: 0.795, data_time: 0.414, memory: 3720, loss_rpn_cls: 0.0514, loss_rpn_bbox: 0.0295, loss_cls: 0.2699, acc: 91.9106, loss_bbox: 0.1941, loss: 0.5449
2021-12-07 11:17:26,390 - mmdet - INFO - Epoch [2][3450/3750]	lr: 1.000e-01, eta: 18:08:47, time: 0.786, data_time: 0.427, memory: 3720, loss_rpn_cls: 0.0471, loss_rpn_bbox: 0.0286, loss_cls: 0.2790, acc: 91.5435, loss_bbox: 0.1992, loss: 0.5539
2021-12-07 11:18:05,706 - mmdet - INFO - Epoch [2][3500/3750]	lr: 1.000e-01, eta: 18:08:06, time: 0.786, data_time: 0.432, memory: 3720, loss_rpn_cls: 0.0484, loss_rpn_bbox: 0.0252, loss_cls: 0.2602, acc: 92.1182, loss_bbox: 0.1840, loss: 0.5178
2021-12-07 11:18:44,683 - mmdet - INFO - Epoch [2][3550/3750]	lr: 1.000e-01, eta: 18:07:21, time: 0.780, data_time: 0.412, memory: 3720, loss_rpn_cls: 0.0488, loss_rpn_bbox: 0.0289, loss_cls: 0.2855, acc: 91.2388, loss_bbox: 0.2107, loss: 0.5739
2021-12-07 11:19:24,383 - mmdet - INFO - Epoch [2][3600/3750]	lr: 1.000e-01, eta: 18:06:45, time: 0.794, data_time: 0.450, memory: 3720, loss_rpn_cls: 0.0445, loss_rpn_bbox: 0.0284, loss_cls: 0.2943, acc: 90.9219, loss_bbox: 0.2188, loss: 0.5860
2021-12-07 11:20:03,722 - mmdet - INFO - Epoch [2][3650/3750]	lr: 1.000e-01, eta: 18:06:04, time: 0.787, data_time: 0.425, memory: 3720, loss_rpn_cls: 0.0457, loss_rpn_bbox: 0.0285, loss_cls: 0.2754, acc: 91.6792, loss_bbox: 0.1962, loss: 0.5458
2021-12-07 11:20:43,144 - mmdet - INFO - Epoch [2][3700/3750]	lr: 1.000e-01, eta: 18:05:24, time: 0.788, data_time: 0.429, memory: 3720, loss_rpn_cls: 0.0475, loss_rpn_bbox: 0.0295, loss_cls: 0.2918, acc: 91.1631, loss_bbox: 0.2119, loss: 0.5807
2021-12-07 11:21:22,374 - mmdet - INFO - Exp name: faster_rcnn_r50_fpn_2x_tctplus_lr10.py
2021-12-07 11:21:22,374 - mmdet - INFO - Epoch [2][3750/3750]	lr: 1.000e-01, eta: 18:04:42, time: 0.785, data_time: 0.429, memory: 3720, loss_rpn_cls: 0.0507, loss_rpn_bbox: 0.0289, loss_cls: 0.2763, acc: 91.7363, loss_bbox: 0.2000, loss: 0.5559
2021-12-07 11:21:22,376 - mmdet - INFO - Saving checkpoint at 2 epochs
2021-12-07 11:34:43,260 - mmdet - INFO - Evaluating bbox...
2021-12-07 11:36:05,799 - mmdet - INFO - Exp name: faster_rcnn_r50_fpn_2x_tctplus_lr10.py
2021-12-07 11:36:05,799 - mmdet - INFO - Epoch(val) [2][3750]	bbox_mAP: 0.1140, bbox_mAP_50: 0.2470, bbox_mAP_75: 0.0850, bbox_mAP_s: -1.0000, bbox_mAP_m: 0.0330, bbox_mAP_l: 0.1190, bbox_mAP_copypaste: 0.114 0.247 0.085 -1.000 0.033 0.119
2021-12-07 11:36:48,310 - mmdet - INFO - Epoch [3][50/3750]	lr: 1.000e-01, eta: 18:04:36, time: 0.849, data_time: 0.474, memory: 3720, loss_rpn_cls: 0.0427, loss_rpn_bbox: 0.0276, loss_cls: 0.2797, acc: 91.4229, loss_bbox: 0.2009, loss: 0.5510
2021-12-07 11:37:28,215 - mmdet - INFO - Epoch [3][100/3750]	lr: 1.000e-01, eta: 18:04:01, time: 0.798, data_time: 0.428, memory: 3720, loss_rpn_cls: 0.0484, loss_rpn_bbox: 0.0291, loss_cls: 0.2654, acc: 91.8545, loss_bbox: 0.1950, loss: 0.5379
2021-12-07 11:38:07,402 - mmdet - INFO - Epoch [3][150/3750]	lr: 1.000e-01, eta: 18:03:18, time: 0.784, data_time: 0.411, memory: 3720, loss_rpn_cls: 0.0496, loss_rpn_bbox: 0.0284, loss_cls: 0.2559, acc: 92.1958, loss_bbox: 0.1855, loss: 0.5193
2021-12-07 11:38:46,752 - mmdet - INFO - Epoch [3][200/3750]	lr: 1.000e-01, eta: 18:02:38, time: 0.787, data_time: 0.416, memory: 3720, loss_rpn_cls: 0.0466, loss_rpn_bbox: 0.0271, loss_cls: 0.2635, acc: 91.9604, loss_bbox: 0.1886, loss: 0.5257
2021-12-07 11:39:26,312 - mmdet - INFO - Epoch [3][250/3750]	lr: 1.000e-01, eta: 18:01:59, time: 0.791, data_time: 0.444, memory: 3720, loss_rpn_cls: 0.0440, loss_rpn_bbox: 0.0279, loss_cls: 0.2750, acc: 91.3838, loss_bbox: 0.2015, loss: 0.5484
2021-12-07 11:40:06,320 - mmdet - INFO - Epoch [3][300/3750]	lr: 1.000e-01, eta: 18:01:25, time: 0.800, data_time: 0.459, memory: 3720, loss_rpn_cls: 0.0440, loss_rpn_bbox: 0.0256, loss_cls: 0.2579, acc: 91.9849, loss_bbox: 0.1955, loss: 0.5230
2021-12-07 11:40:45,939 - mmdet - INFO - Epoch [3][350/3750]	lr: 1.000e-01, eta: 18:00:48, time: 0.792, data_time: 0.437, memory: 3720, loss_rpn_cls: 0.0498, loss_rpn_bbox: 0.0277, loss_cls: 0.2532, acc: 92.3911, loss_bbox: 0.1832, loss: 0.5139
2021-12-07 11:41:25,422 - mmdet - INFO - Epoch [3][400/3750]	lr: 1.000e-01, eta: 18:00:08, time: 0.790, data_time: 0.421, memory: 3720, loss_rpn_cls: 0.0445, loss_rpn_bbox: 0.0254, loss_cls: 0.2855, acc: 91.4863, loss_bbox: 0.2001, loss: 0.5555
2021-12-07 11:42:04,982 - mmdet - INFO - Epoch [3][450/3750]	lr: 1.000e-01, eta: 17:59:30, time: 0.791, data_time: 0.448, memory: 3720, loss_rpn_cls: 0.0493, loss_rpn_bbox: 0.0284, loss_cls: 0.2737, acc: 91.5132, loss_bbox: 0.1992, loss: 0.5506
2021-12-07 11:42:44,402 - mmdet - INFO - Exp name: faster_rcnn_r50_fpn_2x_tctplus_lr10.py
2021-12-07 11:42:44,402 - mmdet - INFO - Epoch [3][500/3750]	lr: 1.000e-01, eta: 17:58:50, time: 0.788, data_time: 0.439, memory: 3720, loss_rpn_cls: 0.0492, loss_rpn_bbox: 0.0295, loss_cls: 0.2592, acc: 92.0674, loss_bbox: 0.1904, loss: 0.5284
2021-12-07 11:43:23,988 - mmdet - INFO - Epoch [3][550/3750]	lr: 1.000e-01, eta: 17:58:11, time: 0.792, data_time: 0.417, memory: 3720, loss_rpn_cls: 0.0474, loss_rpn_bbox: 0.0279, loss_cls: 0.2654, acc: 91.7363, loss_bbox: 0.1940, loss: 0.5347
2021-12-07 11:44:03,219 - mmdet - INFO - Epoch [3][600/3750]	lr: 1.000e-01, eta: 17:57:30, time: 0.785, data_time: 0.406, memory: 3720, loss_rpn_cls: 0.0484, loss_rpn_bbox: 0.0305, loss_cls: 0.2794, acc: 91.3413, loss_bbox: 0.2056, loss: 0.5639
2021-12-07 11:44:42,879 - mmdet - INFO - Epoch [3][650/3750]	lr: 1.000e-01, eta: 17:56:52, time: 0.793, data_time: 0.417, memory: 3720, loss_rpn_cls: 0.0481, loss_rpn_bbox: 0.0319, loss_cls: 0.2920, acc: 91.0620, loss_bbox: 0.2084, loss: 0.5804
2021-12-07 11:45:22,353 - mmdet - INFO - Epoch [3][700/3750]	lr: 1.000e-01, eta: 17:56:13, time: 0.790, data_time: 0.417, memory: 3720, loss_rpn_cls: 0.0452, loss_rpn_bbox: 0.0264, loss_cls: 0.2610, acc: 92.0552, loss_bbox: 0.1825, loss: 0.5151
2021-12-07 11:46:01,352 - mmdet - INFO - Epoch [3][750/3750]	lr: 1.000e-01, eta: 17:55:28, time: 0.780, data_time: 0.440, memory: 3720, loss_rpn_cls: 0.0457, loss_rpn_bbox: 0.0295, loss_cls: 0.2793, acc: 91.4844, loss_bbox: 0.2021, loss: 0.5566
2021-12-07 11:46:41,111 - mmdet - INFO - Epoch [3][800/3750]	lr: 1.000e-01, eta: 17:54:52, time: 0.795, data_time: 0.433, memory: 3720, loss_rpn_cls: 0.0504, loss_rpn_bbox: 0.0293, loss_cls: 0.2814, acc: 91.3779, loss_bbox: 0.2058, loss: 0.5669
2021-12-07 11:47:21,162 - mmdet - INFO - Epoch [3][850/3750]	lr: 1.000e-01, eta: 17:54:18, time: 0.801, data_time: 0.428, memory: 3720, loss_rpn_cls: 0.0500, loss_rpn_bbox: 0.0289, loss_cls: 0.2667, acc: 91.9424, loss_bbox: 0.1923, loss: 0.5379
2021-12-07 11:48:00,604 - mmdet - INFO - Epoch [3][900/3750]	lr: 1.000e-01, eta: 17:53:38, time: 0.789, data_time: 0.434, memory: 3720, loss_rpn_cls: 0.0502, loss_rpn_bbox: 0.0303, loss_cls: 0.2588, acc: 92.0322, loss_bbox: 0.1910, loss: 0.5303
2021-12-07 11:48:40,242 - mmdet - INFO - Epoch [3][950/3750]	lr: 1.000e-01, eta: 17:53:00, time: 0.793, data_time: 0.425, memory: 3720, loss_rpn_cls: 0.0430, loss_rpn_bbox: 0.0305, loss_cls: 0.2803, acc: 91.4629, loss_bbox: 0.1982, loss: 0.5520
2021-12-07 11:49:18,967 - mmdet - INFO - Epoch [3][1000/3750]	lr: 1.000e-01, eta: 17:52:14, time: 0.774, data_time: 0.440, memory: 3720, loss_rpn_cls: 0.0465, loss_rpn_bbox: 0.0305, loss_cls: 0.2756, acc: 91.4922, loss_bbox: 0.2056, loss: 0.5582
2021-12-07 11:49:58,179 - mmdet - INFO - Epoch [3][1050/3750]	lr: 1.000e-01, eta: 17:51:32, time: 0.784, data_time: 0.428, memory: 3720, loss_rpn_cls: 0.0480, loss_rpn_bbox: 0.0298, loss_cls: 0.2780, acc: 91.3682, loss_bbox: 0.2070, loss: 0.5628
2021-12-07 11:50:37,630 - mmdet - INFO - Epoch [3][1100/3750]	lr: 1.000e-01, eta: 17:50:52, time: 0.789, data_time: 0.433, memory: 3720, loss_rpn_cls: 0.0488, loss_rpn_bbox: 0.0287, loss_cls: 0.2752, acc: 91.8159, loss_bbox: 0.1946, loss: 0.5473
2021-12-07 11:51:17,355 - mmdet - INFO - Epoch [3][1150/3750]	lr: 1.000e-01, eta: 17:50:15, time: 0.794, data_time: 0.445, memory: 3720, loss_rpn_cls: 0.0456, loss_rpn_bbox: 0.0292, loss_cls: 0.2698, acc: 91.7061, loss_bbox: 0.1914, loss: 0.5359
2021-12-07 11:51:57,106 - mmdet - INFO - Epoch [3][1200/3750]	lr: 1.000e-01, eta: 17:49:38, time: 0.795, data_time: 0.417, memory: 3720, loss_rpn_cls: 0.0496, loss_rpn_bbox: 0.0305, loss_cls: 0.2739, acc: 91.3921, loss_bbox: 0.2093, loss: 0.5632
2021-12-07 11:52:36,904 - mmdet - INFO - Epoch [3][1250/3750]	lr: 1.000e-01, eta: 17:49:02, time: 0.796, data_time: 0.428, memory: 3720, loss_rpn_cls: 0.0461, loss_rpn_bbox: 0.0269, loss_cls: 0.2794, acc: 91.5610, loss_bbox: 0.2016, loss: 0.5540
2021-12-07 11:53:16,186 - mmdet - INFO - Epoch [3][1300/3750]	lr: 1.000e-01, eta: 17:48:21, time: 0.786, data_time: 0.435, memory: 3720, loss_rpn_cls: 0.0440, loss_rpn_bbox: 0.0276, loss_cls: 0.2779, acc: 91.6021, loss_bbox: 0.1955, loss: 0.5450
2021-12-07 11:53:55,865 - mmdet - INFO - Epoch [3][1350/3750]	lr: 1.000e-01, eta: 17:47:43, time: 0.794, data_time: 0.440, memory: 3720, loss_rpn_cls: 0.0508, loss_rpn_bbox: 0.0311, loss_cls: 0.2768, acc: 91.5757, loss_bbox: 0.2028, loss: 0.5615
2021-12-07 11:54:35,487 - mmdet - INFO - Epoch [3][1400/3750]	lr: 1.000e-01, eta: 17:47:05, time: 0.792, data_time: 0.434, memory: 3720, loss_rpn_cls: 0.0491, loss_rpn_bbox: 0.0266, loss_cls: 0.2623, acc: 92.0493, loss_bbox: 0.1832, loss: 0.5212
2021-12-07 11:55:15,328 - mmdet - INFO - Epoch [3][1450/3750]	lr: 1.000e-01, eta: 17:46:29, time: 0.797, data_time: 0.444, memory: 3720, loss_rpn_cls: 0.0513, loss_rpn_bbox: 0.0293, loss_cls: 0.2835, acc: 91.5010, loss_bbox: 0.1970, loss: 0.5611
2021-12-07 11:55:55,485 - mmdet - INFO - Exp name: faster_rcnn_r50_fpn_2x_tctplus_lr10.py
2021-12-07 11:55:55,485 - mmdet - INFO - Epoch [3][1500/3750]	lr: 1.000e-01, eta: 17:45:55, time: 0.803, data_time: 0.452, memory: 3720, loss_rpn_cls: 0.0523, loss_rpn_bbox: 0.0310, loss_cls: 0.2920, acc: 91.2808, loss_bbox: 0.2139, loss: 0.5892
2021-12-07 11:56:35,362 - mmdet - INFO - Epoch [3][1550/3750]	lr: 1.000e-01, eta: 17:45:19, time: 0.798, data_time: 0.429, memory: 3720, loss_rpn_cls: 0.0418, loss_rpn_bbox: 0.0265, loss_cls: 0.2803, acc: 91.3354, loss_bbox: 0.2018, loss: 0.5503
2021-12-07 11:57:15,204 - mmdet - INFO - Epoch [3][1600/3750]	lr: 1.000e-01, eta: 17:44:43, time: 0.797, data_time: 0.448, memory: 3720, loss_rpn_cls: 0.0518, loss_rpn_bbox: 0.0281, loss_cls: 0.2599, acc: 92.1182, loss_bbox: 0.1865, loss: 0.5262
2021-12-07 11:57:54,888 - mmdet - INFO - Epoch [3][1650/3750]	lr: 1.000e-01, eta: 17:44:05, time: 0.794, data_time: 0.417, memory: 3720, loss_rpn_cls: 0.0428, loss_rpn_bbox: 0.0256, loss_cls: 0.2541, acc: 92.2686, loss_bbox: 0.1849, loss: 0.5074
2021-12-07 11:58:34,998 - mmdet - INFO - Epoch [3][1700/3750]	lr: 1.000e-01, eta: 17:43:32, time: 0.802, data_time: 0.444, memory: 3720, loss_rpn_cls: 0.0482, loss_rpn_bbox: 0.0277, loss_cls: 0.2765, acc: 91.5630, loss_bbox: 0.2005, loss: 0.5529
2021-12-07 11:59:14,223 - mmdet - INFO - Epoch [3][1750/3750]	lr: 1.000e-01, eta: 17:42:50, time: 0.784, data_time: 0.438, memory: 3720, loss_rpn_cls: 0.0454, loss_rpn_bbox: 0.0267, loss_cls: 0.2778, acc: 91.5146, loss_bbox: 0.2048, loss: 0.5547
2021-12-07 11:59:53,762 - mmdet - INFO - Epoch [3][1800/3750]	lr: 1.000e-01, eta: 17:42:11, time: 0.791, data_time: 0.433, memory: 3720, loss_rpn_cls: 0.0475, loss_rpn_bbox: 0.0282, loss_cls: 0.2750, acc: 91.5264, loss_bbox: 0.2070, loss: 0.5577
2021-12-07 12:00:33,776 - mmdet - INFO - Epoch [3][1850/3750]	lr: 1.000e-01, eta: 17:41:36, time: 0.800, data_time: 0.410, memory: 3720, loss_rpn_cls: 0.0504, loss_rpn_bbox: 0.0281, loss_cls: 0.2616, acc: 92.0166, loss_bbox: 0.1976, loss: 0.5377
2021-12-07 12:01:13,372 - mmdet - INFO - Epoch [3][1900/3750]	lr: 1.000e-01, eta: 17:40:57, time: 0.792, data_time: 0.443, memory: 3720, loss_rpn_cls: 0.0507, loss_rpn_bbox: 0.0274, loss_cls: 0.2714, acc: 91.9771, loss_bbox: 0.1934, loss: 0.5428
2021-12-07 12:01:52,402 - mmdet - INFO - Epoch [3][1950/3750]	lr: 1.000e-01, eta: 17:40:14, time: 0.781, data_time: 0.426, memory: 3720, loss_rpn_cls: 0.0443, loss_rpn_bbox: 0.0304, loss_cls: 0.2810, acc: 91.3311, loss_bbox: 0.2079, loss: 0.5637
2021-12-07 12:02:31,534 - mmdet - INFO - Epoch [3][2000/3750]	lr: 1.000e-01, eta: 17:39:31, time: 0.783, data_time: 0.440, memory: 3720, loss_rpn_cls: 0.0495, loss_rpn_bbox: 0.0286, loss_cls: 0.2603, acc: 91.9482, loss_bbox: 0.1980, loss: 0.5364
2021-12-07 12:03:11,328 - mmdet - INFO - Epoch [3][2050/3750]	lr: 1.000e-01, eta: 17:38:54, time: 0.796, data_time: 0.440, memory: 3720, loss_rpn_cls: 0.0408, loss_rpn_bbox: 0.0244, loss_cls: 0.2521, acc: 92.4185, loss_bbox: 0.1779, loss: 0.4952
2021-12-07 12:03:50,438 - mmdet - INFO - Epoch [3][2100/3750]	lr: 1.000e-01, eta: 17:38:12, time: 0.782, data_time: 0.446, memory: 3720, loss_rpn_cls: 0.0439, loss_rpn_bbox: 0.0290, loss_cls: 0.2896, acc: 91.0464, loss_bbox: 0.2192, loss: 0.5817
2021-12-07 12:04:30,032 - mmdet - INFO - Epoch [3][2150/3750]	lr: 1.000e-01, eta: 17:37:33, time: 0.792, data_time: 0.426, memory: 3720, loss_rpn_cls: 0.0470, loss_rpn_bbox: 0.0275, loss_cls: 0.2825, acc: 91.4033, loss_bbox: 0.2031, loss: 0.5600
2021-12-07 12:05:09,646 - mmdet - INFO - Epoch [3][2200/3750]	lr: 1.000e-01, eta: 17:36:55, time: 0.792, data_time: 0.440, memory: 3720, loss_rpn_cls: 0.0479, loss_rpn_bbox: 0.0278, loss_cls: 0.2573, acc: 91.9067, loss_bbox: 0.1961, loss: 0.5291
2021-12-07 12:05:49,062 - mmdet - INFO - Epoch [3][2250/3750]	lr: 1.000e-01, eta: 17:36:15, time: 0.788, data_time: 0.441, memory: 3720, loss_rpn_cls: 0.0464, loss_rpn_bbox: 0.0279, loss_cls: 0.2632, acc: 91.6885, loss_bbox: 0.1976, loss: 0.5350
2021-12-07 12:06:29,171 - mmdet - INFO - Epoch [3][2300/3750]	lr: 1.000e-01, eta: 17:35:40, time: 0.802, data_time: 0.438, memory: 3720, loss_rpn_cls: 0.0508, loss_rpn_bbox: 0.0292, loss_cls: 0.2664, acc: 91.6406, loss_bbox: 0.1963, loss: 0.5428
2021-12-07 12:07:09,013 - mmdet - INFO - Epoch [3][2350/3750]	lr: 1.000e-01, eta: 17:35:04, time: 0.797, data_time: 0.429, memory: 3720, loss_rpn_cls: 0.0523, loss_rpn_bbox: 0.0308, loss_cls: 0.2691, acc: 91.7388, loss_bbox: 0.1882, loss: 0.5404
2021-12-07 12:07:48,616 - mmdet - INFO - Epoch [3][2400/3750]	lr: 1.000e-01, eta: 17:34:25, time: 0.792, data_time: 0.423, memory: 3720, loss_rpn_cls: 0.0498, loss_rpn_bbox: 0.0303, loss_cls: 0.2665, acc: 91.9004, loss_bbox: 0.1965, loss: 0.5431
2021-12-07 12:08:28,203 - mmdet - INFO - Epoch [3][2450/3750]	lr: 1.000e-01, eta: 17:33:46, time: 0.792, data_time: 0.426, memory: 3720, loss_rpn_cls: 0.0465, loss_rpn_bbox: 0.0283, loss_cls: 0.2801, acc: 91.4819, loss_bbox: 0.2010, loss: 0.5559
2021-12-07 12:09:07,889 - mmdet - INFO - Exp name: faster_rcnn_r50_fpn_2x_tctplus_lr10.py
2021-12-07 12:09:07,889 - mmdet - INFO - Epoch [3][2500/3750]	lr: 1.000e-01, eta: 17:33:08, time: 0.794, data_time: 0.430, memory: 3720, loss_rpn_cls: 0.0451, loss_rpn_bbox: 0.0274, loss_cls: 0.2507, acc: 92.2261, loss_bbox: 0.1883, loss: 0.5114
2021-12-07 12:09:47,289 - mmdet - INFO - Epoch [3][2550/3750]	lr: 1.000e-01, eta: 17:32:28, time: 0.788, data_time: 0.421, memory: 3720, loss_rpn_cls: 0.0495, loss_rpn_bbox: 0.0291, loss_cls: 0.2712, acc: 91.5015, loss_bbox: 0.2040, loss: 0.5538
2021-12-07 12:10:27,201 - mmdet - INFO - Epoch [3][2600/3750]	lr: 1.000e-01, eta: 17:31:52, time: 0.798, data_time: 0.422, memory: 3720, loss_rpn_cls: 0.0469, loss_rpn_bbox: 0.0259, loss_cls: 0.2606, acc: 92.0625, loss_bbox: 0.1826, loss: 0.5160
2021-12-07 12:11:07,443 - mmdet - INFO - Epoch [3][2650/3750]	lr: 1.000e-01, eta: 17:31:18, time: 0.805, data_time: 0.442, memory: 3720, loss_rpn_cls: 0.0543, loss_rpn_bbox: 0.0302, loss_cls: 0.2760, acc: 91.5181, loss_bbox: 0.2026, loss: 0.5630
2021-12-07 12:11:47,470 - mmdet - INFO - Epoch [3][2700/3750]	lr: 1.000e-01, eta: 17:30:43, time: 0.801, data_time: 0.424, memory: 3720, loss_rpn_cls: 0.0472, loss_rpn_bbox: 0.0281, loss_cls: 0.2736, acc: 91.6753, loss_bbox: 0.2000, loss: 0.5489
2021-12-07 12:12:27,219 - mmdet - INFO - Epoch [3][2750/3750]	lr: 1.000e-01, eta: 17:30:05, time: 0.795, data_time: 0.434, memory: 3720, loss_rpn_cls: 0.0445, loss_rpn_bbox: 0.0282, loss_cls: 0.2675, acc: 91.9580, loss_bbox: 0.1873, loss: 0.5275
2021-12-07 12:13:06,762 - mmdet - INFO - Epoch [3][2800/3750]	lr: 1.000e-01, eta: 17:29:26, time: 0.791, data_time: 0.443, memory: 3720, loss_rpn_cls: 0.0469, loss_rpn_bbox: 0.0283, loss_cls: 0.2768, acc: 91.3672, loss_bbox: 0.1993, loss: 0.5513
2021-12-07 12:13:46,224 - mmdet - INFO - Epoch [3][2850/3750]	lr: 1.000e-01, eta: 17:28:46, time: 0.789, data_time: 0.427, memory: 3720, loss_rpn_cls: 0.0538, loss_rpn_bbox: 0.0301, loss_cls: 0.2734, acc: 91.7803, loss_bbox: 0.1975, loss: 0.5548
2021-12-07 12:14:25,867 - mmdet - INFO - Epoch [3][2900/3750]	lr: 1.000e-01, eta: 17:28:08, time: 0.793, data_time: 0.426, memory: 3720, loss_rpn_cls: 0.0509, loss_rpn_bbox: 0.0299, loss_cls: 0.2664, acc: 91.6934, loss_bbox: 0.2019, loss: 0.5491
2021-12-07 12:15:05,402 - mmdet - INFO - Epoch [3][2950/3750]	lr: 1.000e-01, eta: 17:27:29, time: 0.791, data_time: 0.432, memory: 3720, loss_rpn_cls: 0.0444, loss_rpn_bbox: 0.0284, loss_cls: 0.2612, acc: 91.9248, loss_bbox: 0.1921, loss: 0.5261
2021-12-07 12:15:44,978 - mmdet - INFO - Epoch [3][3000/3750]	lr: 1.000e-01, eta: 17:26:50, time: 0.791, data_time: 0.427, memory: 3720, loss_rpn_cls: 0.0522, loss_rpn_bbox: 0.0307, loss_cls: 0.2807, acc: 91.4556, loss_bbox: 0.2014, loss: 0.5650
2021-12-07 12:16:25,065 - mmdet - INFO - Epoch [3][3050/3750]	lr: 1.000e-01, eta: 17:26:15, time: 0.802, data_time: 0.409, memory: 3720, loss_rpn_cls: 0.0495, loss_rpn_bbox: 0.0323, loss_cls: 0.2602, acc: 91.8872, loss_bbox: 0.1910, loss: 0.5330
2021-12-07 12:17:04,502 - mmdet - INFO - Epoch [3][3100/3750]	lr: 1.000e-01, eta: 17:25:35, time: 0.789, data_time: 0.423, memory: 3720, loss_rpn_cls: 0.0454, loss_rpn_bbox: 0.0274, loss_cls: 0.2594, acc: 92.0571, loss_bbox: 0.1926, loss: 0.5248
2021-12-07 12:17:43,988 - mmdet - INFO - Epoch [3][3150/3750]	lr: 1.000e-01, eta: 17:24:55, time: 0.790, data_time: 0.421, memory: 3720, loss_rpn_cls: 0.0491, loss_rpn_bbox: 0.0296, loss_cls: 0.2700, acc: 91.7563, loss_bbox: 0.1931, loss: 0.5419
2021-12-07 12:18:24,016 - mmdet - INFO - Epoch [3][3200/3750]	lr: 1.000e-01, eta: 17:24:19, time: 0.801, data_time: 0.425, memory: 3720, loss_rpn_cls: 0.0453, loss_rpn_bbox: 0.0278, loss_cls: 0.2659, acc: 91.8872, loss_bbox: 0.1932, loss: 0.5321
2021-12-07 12:19:04,226 - mmdet - INFO - Epoch [3][3250/3750]	lr: 1.000e-01, eta: 17:23:45, time: 0.804, data_time: 0.421, memory: 3720, loss_rpn_cls: 0.0531, loss_rpn_bbox: 0.0308, loss_cls: 0.2920, acc: 91.1006, loss_bbox: 0.2084, loss: 0.5843
2021-12-07 12:19:43,823 - mmdet - INFO - Epoch [3][3300/3750]	lr: 1.000e-01, eta: 17:23:06, time: 0.792, data_time: 0.423, memory: 3720, loss_rpn_cls: 0.0403, loss_rpn_bbox: 0.0253, loss_cls: 0.2655, acc: 91.7788, loss_bbox: 0.1902, loss: 0.5213
2021-12-07 12:20:23,652 - mmdet - INFO - Epoch [3][3350/3750]	lr: 1.000e-01, eta: 17:22:29, time: 0.797, data_time: 0.460, memory: 3720, loss_rpn_cls: 0.0484, loss_rpn_bbox: 0.0284, loss_cls: 0.2822, acc: 91.4243, loss_bbox: 0.2014, loss: 0.5603
2021-12-07 12:21:03,531 - mmdet - INFO - Epoch [3][3400/3750]	lr: 1.000e-01, eta: 17:21:52, time: 0.798, data_time: 0.450, memory: 3720, loss_rpn_cls: 0.0426, loss_rpn_bbox: 0.0293, loss_cls: 0.2786, acc: 91.0581, loss_bbox: 0.2123, loss: 0.5627
2021-12-07 12:21:43,430 - mmdet - INFO - Epoch [3][3450/3750]	lr: 1.000e-01, eta: 17:21:15, time: 0.798, data_time: 0.445, memory: 3720, loss_rpn_cls: 0.0436, loss_rpn_bbox: 0.0276, loss_cls: 0.2895, acc: 91.0063, loss_bbox: 0.2150, loss: 0.5757
2021-12-07 12:22:23,033 - mmdet - INFO - Exp name: faster_rcnn_r50_fpn_2x_tctplus_lr10.py
2021-12-07 12:22:23,034 - mmdet - INFO - Epoch [3][3500/3750]	lr: 1.000e-01, eta: 17:20:36, time: 0.792, data_time: 0.442, memory: 3720, loss_rpn_cls: 0.0423, loss_rpn_bbox: 0.0258, loss_cls: 0.2585, acc: 91.9224, loss_bbox: 0.1977, loss: 0.5243
2021-12-07 12:23:02,782 - mmdet - INFO - Epoch [3][3550/3750]	lr: 1.000e-01, eta: 17:19:58, time: 0.795, data_time: 0.423, memory: 3720, loss_rpn_cls: 0.0462, loss_rpn_bbox: 0.0269, loss_cls: 0.2571, acc: 91.9053, loss_bbox: 0.1904, loss: 0.5206
2021-12-07 12:23:41,848 - mmdet - INFO - Epoch [3][3600/3750]	lr: 1.000e-01, eta: 17:19:16, time: 0.781, data_time: 0.431, memory: 3720, loss_rpn_cls: 0.0467, loss_rpn_bbox: 0.0292, loss_cls: 0.2847, acc: 91.1216, loss_bbox: 0.2065, loss: 0.5672
2021-12-07 12:24:21,234 - mmdet - INFO - Epoch [3][3650/3750]	lr: 1.000e-01, eta: 17:18:35, time: 0.788, data_time: 0.421, memory: 3720, loss_rpn_cls: 0.0456, loss_rpn_bbox: 0.0274, loss_cls: 0.2785, acc: 91.6001, loss_bbox: 0.2012, loss: 0.5526
2021-12-07 12:25:00,767 - mmdet - INFO - Epoch [3][3700/3750]	lr: 1.000e-01, eta: 17:17:56, time: 0.791, data_time: 0.425, memory: 3720, loss_rpn_cls: 0.0504, loss_rpn_bbox: 0.0296, loss_cls: 0.2736, acc: 91.6016, loss_bbox: 0.2023, loss: 0.5559
2021-12-07 12:25:40,803 - mmdet - INFO - Exp name: faster_rcnn_r50_fpn_2x_tctplus_lr10.py
2021-12-07 12:25:40,804 - mmdet - INFO - Epoch [3][3750/3750]	lr: 1.000e-01, eta: 17:17:20, time: 0.801, data_time: 0.436, memory: 3720, loss_rpn_cls: 0.0431, loss_rpn_bbox: 0.0276, loss_cls: 0.2643, acc: 91.7349, loss_bbox: 0.1908, loss: 0.5258
2021-12-07 12:25:40,805 - mmdet - INFO - Saving checkpoint at 3 epochs
2021-12-07 12:38:08,052 - mmdet - INFO - Evaluating bbox...
2021-12-07 12:39:15,315 - mmdet - INFO - Exp name: faster_rcnn_r50_fpn_2x_tctplus_lr10.py
2021-12-07 12:39:15,316 - mmdet - INFO - Epoch(val) [3][3750]	bbox_mAP: 0.1340, bbox_mAP_50: 0.2750, bbox_mAP_75: 0.1130, bbox_mAP_s: -1.0000, bbox_mAP_m: 0.0350, bbox_mAP_l: 0.1420, bbox_mAP_copypaste: 0.134 0.275 0.113 -1.000 0.035 0.142
2021-12-07 12:39:58,896 - mmdet - INFO - Epoch [4][50/3750]	lr: 1.000e-01, eta: 17:17:08, time: 0.870, data_time: 0.469, memory: 3720, loss_rpn_cls: 0.0433, loss_rpn_bbox: 0.0291, loss_cls: 0.2634, acc: 91.7524, loss_bbox: 0.1898, loss: 0.5256
2021-12-07 12:40:39,815 - mmdet - INFO - Epoch [4][100/3750]	lr: 1.000e-01, eta: 17:16:38, time: 0.818, data_time: 0.433, memory: 3720, loss_rpn_cls: 0.0450, loss_rpn_bbox: 0.0285, loss_cls: 0.2620, acc: 91.6504, loss_bbox: 0.1939, loss: 0.5295
2021-12-07 12:41:20,705 - mmdet - INFO - Epoch [4][150/3750]	lr: 1.000e-01, eta: 17:16:08, time: 0.818, data_time: 0.441, memory: 3720, loss_rpn_cls: 0.0466, loss_rpn_bbox: 0.0288, loss_cls: 0.2683, acc: 91.6548, loss_bbox: 0.1973, loss: 0.5411
2021-12-07 12:42:01,196 - mmdet - INFO - Epoch [4][200/3750]	lr: 1.000e-01, eta: 17:15:35, time: 0.810, data_time: 0.425, memory: 3720, loss_rpn_cls: 0.0485, loss_rpn_bbox: 0.0302, loss_cls: 0.2818, acc: 91.0308, loss_bbox: 0.2118, loss: 0.5723
2021-12-07 12:42:41,137 - mmdet - INFO - Epoch [4][250/3750]	lr: 1.000e-01, eta: 17:14:58, time: 0.799, data_time: 0.437, memory: 3720, loss_rpn_cls: 0.0460, loss_rpn_bbox: 0.0287, loss_cls: 0.2777, acc: 91.3423, loss_bbox: 0.2076, loss: 0.5601
2021-12-07 12:43:21,502 - mmdet - INFO - Epoch [4][300/3750]	lr: 1.000e-01, eta: 17:14:24, time: 0.807, data_time: 0.429, memory: 3720, loss_rpn_cls: 0.0397, loss_rpn_bbox: 0.0261, loss_cls: 0.2602, acc: 91.7905, loss_bbox: 0.1983, loss: 0.5242
2021-12-07 12:44:01,318 - mmdet - INFO - Epoch [4][350/3750]	lr: 1.000e-01, eta: 17:13:46, time: 0.796, data_time: 0.442, memory: 3720, loss_rpn_cls: 0.0452, loss_rpn_bbox: 0.0299, loss_cls: 0.2780, acc: 91.4170, loss_bbox: 0.2027, loss: 0.5558
2021-12-07 12:44:41,794 - mmdet - INFO - Epoch [4][400/3750]	lr: 1.000e-01, eta: 17:13:13, time: 0.810, data_time: 0.425, memory: 3720, loss_rpn_cls: 0.0473, loss_rpn_bbox: 0.0284, loss_cls: 0.2621, acc: 92.1250, loss_bbox: 0.1863, loss: 0.5242
2021-12-07 12:45:21,914 - mmdet - INFO - Epoch [4][450/3750]	lr: 1.000e-01, eta: 17:12:37, time: 0.802, data_time: 0.401, memory: 3720, loss_rpn_cls: 0.0436, loss_rpn_bbox: 0.0277, loss_cls: 0.2527, acc: 92.0181, loss_bbox: 0.1929, loss: 0.5168
2021-12-07 12:46:02,034 - mmdet - INFO - Epoch [4][500/3750]	lr: 1.000e-01, eta: 17:12:01, time: 0.802, data_time: 0.427, memory: 3720, loss_rpn_cls: 0.0440, loss_rpn_bbox: 0.0267, loss_cls: 0.2571, acc: 92.0908, loss_bbox: 0.1894, loss: 0.5172
2021-12-07 12:46:42,237 - mmdet - INFO - Epoch [4][550/3750]	lr: 1.000e-01, eta: 17:11:26, time: 0.804, data_time: 0.438, memory: 3720, loss_rpn_cls: 0.0478, loss_rpn_bbox: 0.0308, loss_cls: 0.2757, acc: 91.4009, loss_bbox: 0.1958, loss: 0.5500
2021-12-07 12:47:22,378 - mmdet - INFO - Epoch [4][600/3750]	lr: 1.000e-01, eta: 17:10:50, time: 0.803, data_time: 0.435, memory: 3720, loss_rpn_cls: 0.0467, loss_rpn_bbox: 0.0285, loss_cls: 0.2577, acc: 92.1328, loss_bbox: 0.1877, loss: 0.5207
2021-12-07 12:48:02,381 - mmdet - INFO - Epoch [4][650/3750]	lr: 1.000e-01, eta: 17:10:13, time: 0.800, data_time: 0.415, memory: 3720, loss_rpn_cls: 0.0492, loss_rpn_bbox: 0.0266, loss_cls: 0.2636, acc: 91.8013, loss_bbox: 0.1910, loss: 0.5303
2021-12-07 12:48:42,192 - mmdet - INFO - Epoch [4][700/3750]	lr: 1.000e-01, eta: 17:09:35, time: 0.796, data_time: 0.458, memory: 3720, loss_rpn_cls: 0.0417, loss_rpn_bbox: 0.0252, loss_cls: 0.2705, acc: 91.7710, loss_bbox: 0.1926, loss: 0.5299
2021-12-07 12:49:22,357 - mmdet - INFO - Exp name: faster_rcnn_r50_fpn_2x_tctplus_lr10.py
2021-12-07 12:49:22,357 - mmdet - INFO - Epoch [4][750/3750]	lr: 1.000e-01, eta: 17:09:00, time: 0.803, data_time: 0.439, memory: 3720, loss_rpn_cls: 0.0504, loss_rpn_bbox: 0.0302, loss_cls: 0.2696, acc: 91.5112, loss_bbox: 0.2009, loss: 0.5510
2021-12-07 12:50:02,545 - mmdet - INFO - Epoch [4][800/3750]	lr: 1.000e-01, eta: 17:08:24, time: 0.804, data_time: 0.446, memory: 3720, loss_rpn_cls: 0.0494, loss_rpn_bbox: 0.0320, loss_cls: 0.2621, acc: 91.8086, loss_bbox: 0.1953, loss: 0.5387
2021-12-07 12:50:42,792 - mmdet - INFO - Epoch [4][850/3750]	lr: 1.000e-01, eta: 17:07:49, time: 0.805, data_time: 0.432, memory: 3720, loss_rpn_cls: 0.0441, loss_rpn_bbox: 0.0281, loss_cls: 0.2860, acc: 91.1147, loss_bbox: 0.2052, loss: 0.5635
2021-12-07 12:51:22,583 - mmdet - INFO - Epoch [4][900/3750]	lr: 1.000e-01, eta: 17:07:10, time: 0.796, data_time: 0.433, memory: 3720, loss_rpn_cls: 0.0446, loss_rpn_bbox: 0.0244, loss_cls: 0.2598, acc: 92.0522, loss_bbox: 0.1879, loss: 0.5167
2021-12-07 12:52:03,675 - mmdet - INFO - Epoch [4][950/3750]	lr: 1.000e-01, eta: 17:06:40, time: 0.822, data_time: 0.438, memory: 3720, loss_rpn_cls: 0.0425, loss_rpn_bbox: 0.0284, loss_cls: 0.2654, acc: 91.5879, loss_bbox: 0.2012, loss: 0.5376
2021-12-07 12:52:44,031 - mmdet - INFO - Epoch [4][1000/3750]	lr: 1.000e-01, eta: 17:06:06, time: 0.807, data_time: 0.432, memory: 3720, loss_rpn_cls: 0.0448, loss_rpn_bbox: 0.0282, loss_cls: 0.2763, acc: 91.4980, loss_bbox: 0.2048, loss: 0.5541
2021-12-07 12:53:24,480 - mmdet - INFO - Epoch [4][1050/3750]	lr: 1.000e-01, eta: 17:05:31, time: 0.809, data_time: 0.427, memory: 3720, loss_rpn_cls: 0.0431, loss_rpn_bbox: 0.0297, loss_cls: 0.2787, acc: 91.3364, loss_bbox: 0.2018, loss: 0.5532
2021-12-07 12:54:04,797 - mmdet - INFO - Epoch [4][1100/3750]	lr: 1.000e-01, eta: 17:04:56, time: 0.806, data_time: 0.436, memory: 3720, loss_rpn_cls: 0.0487, loss_rpn_bbox: 0.0290, loss_cls: 0.2612, acc: 92.1333, loss_bbox: 0.1930, loss: 0.5319
2021-12-07 12:54:45,896 - mmdet - INFO - Epoch [4][1150/3750]	lr: 1.000e-01, eta: 17:04:26, time: 0.822, data_time: 0.435, memory: 3720, loss_rpn_cls: 0.0451, loss_rpn_bbox: 0.0300, loss_cls: 0.2740, acc: 91.5171, loss_bbox: 0.2079, loss: 0.5569
2021-12-07 12:55:25,665 - mmdet - INFO - Epoch [4][1200/3750]	lr: 1.000e-01, eta: 17:03:48, time: 0.795, data_time: 0.417, memory: 3720, loss_rpn_cls: 0.0491, loss_rpn_bbox: 0.0301, loss_cls: 0.2639, acc: 91.7905, loss_bbox: 0.1972, loss: 0.5404
2021-12-07 12:56:05,904 - mmdet - INFO - Epoch [4][1250/3750]	lr: 1.000e-01, eta: 17:03:12, time: 0.805, data_time: 0.435, memory: 3720, loss_rpn_cls: 0.0424, loss_rpn_bbox: 0.0294, loss_cls: 0.2843, acc: 90.9775, loss_bbox: 0.2141, loss: 0.5702
2021-12-07 12:56:45,574 - mmdet - INFO - Epoch [4][1300/3750]	lr: 1.000e-01, eta: 17:02:33, time: 0.793, data_time: 0.424, memory: 3720, loss_rpn_cls: 0.0445, loss_rpn_bbox: 0.0256, loss_cls: 0.2503, acc: 92.0234, loss_bbox: 0.1848, loss: 0.5052
2021-12-07 12:57:25,356 - mmdet - INFO - Epoch [4][1350/3750]	lr: 1.000e-01, eta: 17:01:54, time: 0.796, data_time: 0.421, memory: 3720, loss_rpn_cls: 0.0472, loss_rpn_bbox: 0.0296, loss_cls: 0.2628, acc: 91.7471, loss_bbox: 0.1901, loss: 0.5298
2021-12-07 12:58:05,394 - mmdet - INFO - Epoch [4][1400/3750]	lr: 1.000e-01, eta: 17:01:17, time: 0.801, data_time: 0.423, memory: 3720, loss_rpn_cls: 0.0395, loss_rpn_bbox: 0.0251, loss_cls: 0.2641, acc: 91.8716, loss_bbox: 0.1860, loss: 0.5147
2021-12-07 12:58:45,180 - mmdet - INFO - Epoch [4][1450/3750]	lr: 1.000e-01, eta: 17:00:39, time: 0.796, data_time: 0.427, memory: 3720, loss_rpn_cls: 0.0457, loss_rpn_bbox: 0.0269, loss_cls: 0.2570, acc: 91.9067, loss_bbox: 0.1918, loss: 0.5215
2021-12-07 12:59:25,608 - mmdet - INFO - Epoch [4][1500/3750]	lr: 1.000e-01, eta: 17:00:04, time: 0.809, data_time: 0.423, memory: 3720, loss_rpn_cls: 0.0480, loss_rpn_bbox: 0.0282, loss_cls: 0.2616, acc: 92.0654, loss_bbox: 0.1908, loss: 0.5286
2021-12-07 13:00:04,757 - mmdet - INFO - Epoch [4][1550/3750]	lr: 1.000e-01, eta: 16:59:22, time: 0.783, data_time: 0.412, memory: 3720, loss_rpn_cls: 0.0455, loss_rpn_bbox: 0.0287, loss_cls: 0.2652, acc: 91.6396, loss_bbox: 0.2017, loss: 0.5412
2021-12-07 13:00:44,928 - mmdet - INFO - Epoch [4][1600/3750]	lr: 1.000e-01, eta: 16:58:45, time: 0.803, data_time: 0.422, memory: 3720, loss_rpn_cls: 0.0464, loss_rpn_bbox: 0.0277, loss_cls: 0.2808, acc: 90.9072, loss_bbox: 0.2069, loss: 0.5618
2021-12-07 13:01:24,887 - mmdet - INFO - Epoch [4][1650/3750]	lr: 1.000e-01, eta: 16:58:08, time: 0.799, data_time: 0.431, memory: 3720, loss_rpn_cls: 0.0420, loss_rpn_bbox: 0.0264, loss_cls: 0.2719, acc: 91.5176, loss_bbox: 0.2078, loss: 0.5482
2021-12-07 13:02:04,802 - mmdet - INFO - Epoch [4][1700/3750]	lr: 1.000e-01, eta: 16:57:30, time: 0.798, data_time: 0.435, memory: 3720, loss_rpn_cls: 0.0435, loss_rpn_bbox: 0.0257, loss_cls: 0.2548, acc: 92.0073, loss_bbox: 0.1834, loss: 0.5075
2021-12-07 13:02:45,610 - mmdet - INFO - Exp name: faster_rcnn_r50_fpn_2x_tctplus_lr10.py
2021-12-07 13:02:45,610 - mmdet - INFO - Epoch [4][1750/3750]	lr: 1.000e-01, eta: 16:56:57, time: 0.816, data_time: 0.427, memory: 3720, loss_rpn_cls: 0.0454, loss_rpn_bbox: 0.0269, loss_cls: 0.2705, acc: 91.7046, loss_bbox: 0.1953, loss: 0.5381
2021-12-07 13:03:26,249 - mmdet - INFO - Epoch [4][1800/3750]	lr: 1.000e-01, eta: 16:56:24, time: 0.813, data_time: 0.417, memory: 3720, loss_rpn_cls: 0.0477, loss_rpn_bbox: 0.0291, loss_cls: 0.2904, acc: 91.0332, loss_bbox: 0.2124, loss: 0.5796
2021-12-07 13:04:05,913 - mmdet - INFO - Epoch [4][1850/3750]	lr: 1.000e-01, eta: 16:55:44, time: 0.793, data_time: 0.445, memory: 3720, loss_rpn_cls: 0.0461, loss_rpn_bbox: 0.0264, loss_cls: 0.2613, acc: 91.9858, loss_bbox: 0.1840, loss: 0.5179
2021-12-07 13:04:45,637 - mmdet - INFO - Epoch [4][1900/3750]	lr: 1.000e-01, eta: 16:55:05, time: 0.794, data_time: 0.429, memory: 3720, loss_rpn_cls: 0.0463, loss_rpn_bbox: 0.0295, loss_cls: 0.2819, acc: 91.2197, loss_bbox: 0.2030, loss: 0.5607
2021-12-07 13:05:25,612 - mmdet - INFO - Epoch [4][1950/3750]	lr: 1.000e-01, eta: 16:54:28, time: 0.799, data_time: 0.405, memory: 3720, loss_rpn_cls: 0.0480, loss_rpn_bbox: 0.0281, loss_cls: 0.2637, acc: 91.7446, loss_bbox: 0.1913, loss: 0.5311
2021-12-07 13:06:06,673 - mmdet - INFO - Epoch [4][2000/3750]	lr: 1.000e-01, eta: 16:53:56, time: 0.821, data_time: 0.420, memory: 3720, loss_rpn_cls: 0.0467, loss_rpn_bbox: 0.0321, loss_cls: 0.2557, acc: 91.9907, loss_bbox: 0.1899, loss: 0.5244
2021-12-07 13:06:46,830 - mmdet - INFO - Epoch [4][2050/3750]	lr: 1.000e-01, eta: 16:53:20, time: 0.803, data_time: 0.436, memory: 3720, loss_rpn_cls: 0.0469, loss_rpn_bbox: 0.0270, loss_cls: 0.2643, acc: 91.8193, loss_bbox: 0.1897, loss: 0.5279
2021-12-07 13:07:26,889 - mmdet - INFO - Epoch [4][2100/3750]	lr: 1.000e-01, eta: 16:52:42, time: 0.801, data_time: 0.430, memory: 3720, loss_rpn_cls: 0.0475, loss_rpn_bbox: 0.0313, loss_cls: 0.2813, acc: 91.0312, loss_bbox: 0.2163, loss: 0.5764
2021-12-07 13:08:07,446 - mmdet - INFO - Epoch [4][2150/3750]	lr: 1.000e-01, eta: 16:52:08, time: 0.811, data_time: 0.444, memory: 3720, loss_rpn_cls: 0.0492, loss_rpn_bbox: 0.0297, loss_cls: 0.2804, acc: 91.3379, loss_bbox: 0.2065, loss: 0.5657
2021-12-07 13:08:47,610 - mmdet - INFO - Epoch [4][2200/3750]	lr: 1.000e-01, eta: 16:51:31, time: 0.803, data_time: 0.434, memory: 3720, loss_rpn_cls: 0.0408, loss_rpn_bbox: 0.0277, loss_cls: 0.2723, acc: 91.4863, loss_bbox: 0.2043, loss: 0.5452
2021-12-07 13:09:28,309 - mmdet - INFO - Epoch [4][2250/3750]	lr: 1.000e-01, eta: 16:50:58, time: 0.814, data_time: 0.427, memory: 3720, loss_rpn_cls: 0.0535, loss_rpn_bbox: 0.0289, loss_cls: 0.2655, acc: 92.1421, loss_bbox: 0.1800, loss: 0.5278
2021-12-07 13:10:08,705 - mmdet - INFO - Epoch [4][2300/3750]	lr: 1.000e-01, eta: 16:50:22, time: 0.808, data_time: 0.434, memory: 3720, loss_rpn_cls: 0.0471, loss_rpn_bbox: 0.0269, loss_cls: 0.2682, acc: 91.9023, loss_bbox: 0.1939, loss: 0.5361
2021-12-07 13:10:48,595 - mmdet - INFO - Epoch [4][2350/3750]	lr: 1.000e-01, eta: 16:49:44, time: 0.798, data_time: 0.417, memory: 3720, loss_rpn_cls: 0.0428, loss_rpn_bbox: 0.0248, loss_cls: 0.2608, acc: 91.8633, loss_bbox: 0.1954, loss: 0.5238
2021-12-07 13:11:29,442 - mmdet - INFO - Epoch [4][2400/3750]	lr: 1.000e-01, eta: 16:49:11, time: 0.817, data_time: 0.423, memory: 3720, loss_rpn_cls: 0.0455, loss_rpn_bbox: 0.0270, loss_cls: 0.2773, acc: 91.1665, loss_bbox: 0.2079, loss: 0.5577
2021-12-07 13:12:10,185 - mmdet - INFO - Epoch [4][2450/3750]	lr: 1.000e-01, eta: 16:48:38, time: 0.815, data_time: 0.430, memory: 3720, loss_rpn_cls: 0.0457, loss_rpn_bbox: 0.0298, loss_cls: 0.2795, acc: 91.4839, loss_bbox: 0.2002, loss: 0.5553
2021-12-07 13:12:49,889 - mmdet - INFO - Epoch [4][2500/3750]	lr: 1.000e-01, eta: 16:47:58, time: 0.794, data_time: 0.441, memory: 3720, loss_rpn_cls: 0.0480, loss_rpn_bbox: 0.0273, loss_cls: 0.2696, acc: 91.5835, loss_bbox: 0.1936, loss: 0.5385
2021-12-07 13:13:30,595 - mmdet - INFO - Epoch [4][2550/3750]	lr: 1.000e-01, eta: 16:47:24, time: 0.814, data_time: 0.441, memory: 3720, loss_rpn_cls: 0.0462, loss_rpn_bbox: 0.0277, loss_cls: 0.2721, acc: 91.6265, loss_bbox: 0.2013, loss: 0.5472
2021-12-07 13:14:10,700 - mmdet - INFO - Epoch [4][2600/3750]	lr: 1.000e-01, eta: 16:46:47, time: 0.802, data_time: 0.446, memory: 3720, loss_rpn_cls: 0.0512, loss_rpn_bbox: 0.0296, loss_cls: 0.2682, acc: 91.5513, loss_bbox: 0.1983, loss: 0.5473
2021-12-07 13:14:51,655 - mmdet - INFO - Epoch [4][2650/3750]	lr: 1.000e-01, eta: 16:46:14, time: 0.819, data_time: 0.428, memory: 3720, loss_rpn_cls: 0.0495, loss_rpn_bbox: 0.0284, loss_cls: 0.2702, acc: 91.7812, loss_bbox: 0.2059, loss: 0.5540
2021-12-07 13:15:31,786 - mmdet - INFO - Epoch [4][2700/3750]	lr: 1.000e-01, eta: 16:45:37, time: 0.803, data_time: 0.444, memory: 3720, loss_rpn_cls: 0.0477, loss_rpn_bbox: 0.0290, loss_cls: 0.2660, acc: 91.7031, loss_bbox: 0.1944, loss: 0.5372
2021-12-07 13:16:12,005 - mmdet - INFO - Exp name: faster_rcnn_r50_fpn_2x_tctplus_lr10.py
2021-12-07 13:16:12,006 - mmdet - INFO - Epoch [4][2750/3750]	lr: 1.000e-01, eta: 16:45:01, time: 0.804, data_time: 0.435, memory: 3720, loss_rpn_cls: 0.0421, loss_rpn_bbox: 0.0278, loss_cls: 0.2916, acc: 90.9697, loss_bbox: 0.2144, loss: 0.5760
2021-12-07 13:16:51,955 - mmdet - INFO - Epoch [4][2800/3750]	lr: 1.000e-01, eta: 16:44:22, time: 0.799, data_time: 0.428, memory: 3720, loss_rpn_cls: 0.0421, loss_rpn_bbox: 0.0283, loss_cls: 0.2636, acc: 91.6772, loss_bbox: 0.1965, loss: 0.5305
2021-12-07 13:17:32,151 - mmdet - INFO - Epoch [4][2850/3750]	lr: 1.000e-01, eta: 16:43:46, time: 0.804, data_time: 0.432, memory: 3720, loss_rpn_cls: 0.0407, loss_rpn_bbox: 0.0276, loss_cls: 0.2580, acc: 91.9390, loss_bbox: 0.1959, loss: 0.5222
2021-12-07 13:18:12,240 - mmdet - INFO - Epoch [4][2900/3750]	lr: 1.000e-01, eta: 16:43:08, time: 0.802, data_time: 0.437, memory: 3720, loss_rpn_cls: 0.0484, loss_rpn_bbox: 0.0273, loss_cls: 0.2730, acc: 91.6606, loss_bbox: 0.2010, loss: 0.5498
2021-12-07 13:18:52,550 - mmdet - INFO - Epoch [4][2950/3750]	lr: 1.000e-01, eta: 16:42:32, time: 0.806, data_time: 0.445, memory: 3720, loss_rpn_cls: 0.0434, loss_rpn_bbox: 0.0272, loss_cls: 0.2663, acc: 91.6372, loss_bbox: 0.2003, loss: 0.5371
2021-12-07 13:19:32,664 - mmdet - INFO - Epoch [4][3000/3750]	lr: 1.000e-01, eta: 16:41:54, time: 0.802, data_time: 0.414, memory: 3720, loss_rpn_cls: 0.0517, loss_rpn_bbox: 0.0290, loss_cls: 0.2775, acc: 91.4160, loss_bbox: 0.1972, loss: 0.5553
2021-12-07 13:20:12,341 - mmdet - INFO - Epoch [4][3050/3750]	lr: 1.000e-01, eta: 16:41:15, time: 0.793, data_time: 0.427, memory: 3720, loss_rpn_cls: 0.0407, loss_rpn_bbox: 0.0275, loss_cls: 0.2697, acc: 91.5317, loss_bbox: 0.1937, loss: 0.5316
2021-12-07 13:20:52,796 - mmdet - INFO - Epoch [4][3100/3750]	lr: 1.000e-01, eta: 16:40:39, time: 0.809, data_time: 0.414, memory: 3720, loss_rpn_cls: 0.0451, loss_rpn_bbox: 0.0310, loss_cls: 0.2673, acc: 91.7090, loss_bbox: 0.1941, loss: 0.5374
2021-12-07 13:21:33,188 - mmdet - INFO - Epoch [4][3150/3750]	lr: 1.000e-01, eta: 16:40:03, time: 0.808, data_time: 0.425, memory: 3720, loss_rpn_cls: 0.0475, loss_rpn_bbox: 0.0309, loss_cls: 0.2861, acc: 90.9805, loss_bbox: 0.2177, loss: 0.5822
2021-12-07 13:22:12,869 - mmdet - INFO - Epoch [4][3200/3750]	lr: 1.000e-01, eta: 16:39:23, time: 0.794, data_time: 0.425, memory: 3720, loss_rpn_cls: 0.0469, loss_rpn_bbox: 0.0269, loss_cls: 0.2622, acc: 91.9263, loss_bbox: 0.1887, loss: 0.5247
2021-12-07 13:22:52,658 - mmdet - INFO - Epoch [4][3250/3750]	lr: 1.000e-01, eta: 16:38:44, time: 0.796, data_time: 0.422, memory: 3720, loss_rpn_cls: 0.0398, loss_rpn_bbox: 0.0272, loss_cls: 0.2635, acc: 91.8306, loss_bbox: 0.1888, loss: 0.5194
2021-12-07 13:23:32,549 - mmdet - INFO - Epoch [4][3300/3750]	lr: 1.000e-01, eta: 16:38:06, time: 0.798, data_time: 0.409, memory: 3720, loss_rpn_cls: 0.0440, loss_rpn_bbox: 0.0245, loss_cls: 0.2539, acc: 92.3101, loss_bbox: 0.1792, loss: 0.5016
2021-12-07 13:24:12,184 - mmdet - INFO - Epoch [4][3350/3750]	lr: 1.000e-01, eta: 16:37:26, time: 0.793, data_time: 0.435, memory: 3720, loss_rpn_cls: 0.0452, loss_rpn_bbox: 0.0279, loss_cls: 0.2701, acc: 91.6338, loss_bbox: 0.1943, loss: 0.5375
2021-12-07 13:24:51,635 - mmdet - INFO - Epoch [4][3400/3750]	lr: 1.000e-01, eta: 16:36:45, time: 0.789, data_time: 0.421, memory: 3720, loss_rpn_cls: 0.0406, loss_rpn_bbox: 0.0265, loss_cls: 0.2487, acc: 92.0674, loss_bbox: 0.1930, loss: 0.5088
2021-12-07 13:25:32,107 - mmdet - INFO - Epoch [4][3450/3750]	lr: 1.000e-01, eta: 16:36:09, time: 0.809, data_time: 0.424, memory: 3720, loss_rpn_cls: 0.0482, loss_rpn_bbox: 0.0263, loss_cls: 0.2600, acc: 92.3848, loss_bbox: 0.1793, loss: 0.5138
2021-12-07 13:26:11,635 - mmdet - INFO - Epoch [4][3500/3750]	lr: 1.000e-01, eta: 16:35:29, time: 0.791, data_time: 0.431, memory: 3720, loss_rpn_cls: 0.0434, loss_rpn_bbox: 0.0278, loss_cls: 0.2634, acc: 91.8931, loss_bbox: 0.1899, loss: 0.5244
2021-12-07 13:26:51,670 - mmdet - INFO - Epoch [4][3550/3750]	lr: 1.000e-01, eta: 16:34:51, time: 0.801, data_time: 0.415, memory: 3720, loss_rpn_cls: 0.0470, loss_rpn_bbox: 0.0305, loss_cls: 0.2792, acc: 91.1411, loss_bbox: 0.2037, loss: 0.5604
2021-12-07 13:27:31,506 - mmdet - INFO - Epoch [4][3600/3750]	lr: 1.000e-01, eta: 16:34:12, time: 0.797, data_time: 0.425, memory: 3720, loss_rpn_cls: 0.0440, loss_rpn_bbox: 0.0277, loss_cls: 0.2588, acc: 92.0864, loss_bbox: 0.1912, loss: 0.5217
2021-12-07 13:28:11,808 - mmdet - INFO - Epoch [4][3650/3750]	lr: 1.000e-01, eta: 16:33:35, time: 0.806, data_time: 0.434, memory: 3720, loss_rpn_cls: 0.0434, loss_rpn_bbox: 0.0248, loss_cls: 0.2741, acc: 91.3110, loss_bbox: 0.2006, loss: 0.5429
2021-12-07 13:28:51,318 - mmdet - INFO - Epoch [4][3700/3750]	lr: 1.000e-01, eta: 16:32:55, time: 0.790, data_time: 0.437, memory: 3720, loss_rpn_cls: 0.0509, loss_rpn_bbox: 0.0273, loss_cls: 0.2627, acc: 91.6709, loss_bbox: 0.1963, loss: 0.5372
2021-12-07 13:29:32,237 - mmdet - INFO - Exp name: faster_rcnn_r50_fpn_2x_tctplus_lr10.py
2021-12-07 13:29:32,238 - mmdet - INFO - Epoch [4][3750/3750]	lr: 1.000e-01, eta: 16:32:21, time: 0.818, data_time: 0.454, memory: 3720, loss_rpn_cls: 0.0499, loss_rpn_bbox: 0.0297, loss_cls: 0.2919, acc: 90.8813, loss_bbox: 0.2199, loss: 0.5913
2021-12-07 13:29:32,239 - mmdet - INFO - Saving checkpoint at 4 epochs
2021-12-07 13:42:27,746 - mmdet - INFO - Evaluating bbox...
2021-12-07 13:43:42,381 - mmdet - INFO - Exp name: faster_rcnn_r50_fpn_2x_tctplus_lr10.py
2021-12-07 13:43:42,382 - mmdet - INFO - Epoch(val) [4][3750]	bbox_mAP: 0.1400, bbox_mAP_50: 0.2870, bbox_mAP_75: 0.1170, bbox_mAP_s: -1.0000, bbox_mAP_m: 0.0420, bbox_mAP_l: 0.1450, bbox_mAP_copypaste: 0.140 0.287 0.117 -1.000 0.042 0.145
2021-12-07 13:44:24,270 - mmdet - INFO - Epoch [5][50/3750]	lr: 1.000e-01, eta: 16:31:52, time: 0.836, data_time: 0.478, memory: 3720, loss_rpn_cls: 0.0459, loss_rpn_bbox: 0.0297, loss_cls: 0.2658, acc: 91.7427, loss_bbox: 0.1935, loss: 0.5350
2021-12-07 13:45:04,230 - mmdet - INFO - Epoch [5][100/3750]	lr: 1.000e-01, eta: 16:31:13, time: 0.799, data_time: 0.413, memory: 3720, loss_rpn_cls: 0.0536, loss_rpn_bbox: 0.0290, loss_cls: 0.2469, acc: 92.4956, loss_bbox: 0.1744, loss: 0.5039
2021-12-07 13:45:44,318 - mmdet - INFO - Epoch [5][150/3750]	lr: 1.000e-01, eta: 16:30:36, time: 0.802, data_time: 0.429, memory: 3720, loss_rpn_cls: 0.0432, loss_rpn_bbox: 0.0266, loss_cls: 0.2711, acc: 91.4111, loss_bbox: 0.1933, loss: 0.5341
2021-12-07 13:46:23,891 - mmdet - INFO - Epoch [5][200/3750]	lr: 1.000e-01, eta: 16:29:55, time: 0.792, data_time: 0.424, memory: 3720, loss_rpn_cls: 0.0438, loss_rpn_bbox: 0.0270, loss_cls: 0.2546, acc: 91.9189, loss_bbox: 0.1897, loss: 0.5151
2021-12-07 13:47:03,894 - mmdet - INFO - Epoch [5][250/3750]	lr: 1.000e-01, eta: 16:29:17, time: 0.800, data_time: 0.449, memory: 3720, loss_rpn_cls: 0.0471, loss_rpn_bbox: 0.0293, loss_cls: 0.2746, acc: 91.3638, loss_bbox: 0.2051, loss: 0.5561
2021-12-07 13:47:43,818 - mmdet - INFO - Epoch [5][300/3750]	lr: 1.000e-01, eta: 16:28:38, time: 0.799, data_time: 0.436, memory: 3720, loss_rpn_cls: 0.0422, loss_rpn_bbox: 0.0289, loss_cls: 0.2876, acc: 90.8130, loss_bbox: 0.2114, loss: 0.5700
2021-12-07 13:48:23,189 - mmdet - INFO - Epoch [5][350/3750]	lr: 1.000e-01, eta: 16:27:57, time: 0.787, data_time: 0.431, memory: 3720, loss_rpn_cls: 0.0447, loss_rpn_bbox: 0.0287, loss_cls: 0.2656, acc: 91.9824, loss_bbox: 0.1817, loss: 0.5207
2021-12-07 13:49:03,009 - mmdet - INFO - Epoch [5][400/3750]	lr: 1.000e-01, eta: 16:27:18, time: 0.796, data_time: 0.422, memory: 3720, loss_rpn_cls: 0.0462, loss_rpn_bbox: 0.0273, loss_cls: 0.2568, acc: 91.9248, loss_bbox: 0.1906, loss: 0.5208
2021-12-07 13:49:42,697 - mmdet - INFO - Epoch [5][450/3750]	lr: 1.000e-01, eta: 16:26:38, time: 0.794, data_time: 0.432, memory: 3720, loss_rpn_cls: 0.0435, loss_rpn_bbox: 0.0261, loss_cls: 0.2494, acc: 92.1553, loss_bbox: 0.1905, loss: 0.5094
2021-12-07 13:50:22,041 - mmdet - INFO - Epoch [5][500/3750]	lr: 1.000e-01, eta: 16:25:57, time: 0.787, data_time: 0.425, memory: 3720, loss_rpn_cls: 0.0467, loss_rpn_bbox: 0.0278, loss_cls: 0.2595, acc: 91.8086, loss_bbox: 0.1935, loss: 0.5275
2021-12-07 13:51:02,409 - mmdet - INFO - Epoch [5][550/3750]	lr: 1.000e-01, eta: 16:25:20, time: 0.807, data_time: 0.448, memory: 3720, loss_rpn_cls: 0.0480, loss_rpn_bbox: 0.0282, loss_cls: 0.2635, acc: 91.6431, loss_bbox: 0.1978, loss: 0.5375
2021-12-07 13:51:42,010 - mmdet - INFO - Epoch [5][600/3750]	lr: 1.000e-01, eta: 16:24:40, time: 0.792, data_time: 0.439, memory: 3720, loss_rpn_cls: 0.0442, loss_rpn_bbox: 0.0297, loss_cls: 0.2555, acc: 91.8350, loss_bbox: 0.1902, loss: 0.5197
2021-12-07 13:52:22,261 - mmdet - INFO - Epoch [5][650/3750]	lr: 1.000e-01, eta: 16:24:03, time: 0.805, data_time: 0.447, memory: 3720, loss_rpn_cls: 0.0431, loss_rpn_bbox: 0.0255, loss_cls: 0.2455, acc: 92.2495, loss_bbox: 0.1812, loss: 0.4952
2021-12-07 13:53:01,441 - mmdet - INFO - Epoch [5][700/3750]	lr: 1.000e-01, eta: 16:23:21, time: 0.784, data_time: 0.438, memory: 3720, loss_rpn_cls: 0.0420, loss_rpn_bbox: 0.0284, loss_cls: 0.2794, acc: 91.2192, loss_bbox: 0.2083, loss: 0.5581
2021-12-07 13:53:40,752 - mmdet - INFO - Epoch [5][750/3750]	lr: 1.000e-01, eta: 16:22:39, time: 0.786, data_time: 0.445, memory: 3720, loss_rpn_cls: 0.0460, loss_rpn_bbox: 0.0273, loss_cls: 0.2692, acc: 91.6895, loss_bbox: 0.1875, loss: 0.5300
2021-12-07 13:54:20,108 - mmdet - INFO - Epoch [5][800/3750]	lr: 1.000e-01, eta: 16:21:58, time: 0.787, data_time: 0.441, memory: 3720, loss_rpn_cls: 0.0475, loss_rpn_bbox: 0.0311, loss_cls: 0.2766, acc: 91.4248, loss_bbox: 0.2078, loss: 0.5629
2021-12-07 13:54:59,377 - mmdet - INFO - Epoch [5][850/3750]	lr: 1.000e-01, eta: 16:21:16, time: 0.785, data_time: 0.422, memory: 3720, loss_rpn_cls: 0.0411, loss_rpn_bbox: 0.0259, loss_cls: 0.2697, acc: 91.5547, loss_bbox: 0.1993, loss: 0.5360
2021-12-07 13:55:39,137 - mmdet - INFO - Epoch [5][900/3750]	lr: 1.000e-01, eta: 16:20:37, time: 0.795, data_time: 0.443, memory: 3720, loss_rpn_cls: 0.0462, loss_rpn_bbox: 0.0260, loss_cls: 0.2621, acc: 91.9121, loss_bbox: 0.1926, loss: 0.5269
2021-12-07 13:56:18,972 - mmdet - INFO - Epoch [5][950/3750]	lr: 1.000e-01, eta: 16:19:58, time: 0.797, data_time: 0.433, memory: 3720, loss_rpn_cls: 0.0423, loss_rpn_bbox: 0.0279, loss_cls: 0.2689, acc: 91.3765, loss_bbox: 0.2041, loss: 0.5431
2021-12-07 13:56:58,583 - mmdet - INFO - Exp name: faster_rcnn_r50_fpn_2x_tctplus_lr10.py
2021-12-07 13:56:58,583 - mmdet - INFO - Epoch [5][1000/3750]	lr: 1.000e-01, eta: 16:19:17, time: 0.792, data_time: 0.436, memory: 3720, loss_rpn_cls: 0.0405, loss_rpn_bbox: 0.0260, loss_cls: 0.2822, acc: 91.2983, loss_bbox: 0.2046, loss: 0.5533
2021-12-07 13:57:37,973 - mmdet - INFO - Epoch [5][1050/3750]	lr: 1.000e-01, eta: 16:18:36, time: 0.788, data_time: 0.424, memory: 3720, loss_rpn_cls: 0.0452, loss_rpn_bbox: 0.0263, loss_cls: 0.2685, acc: 91.6602, loss_bbox: 0.1920, loss: 0.5319
2021-12-07 13:58:16,531 - mmdet - INFO - Epoch [5][1100/3750]	lr: 1.000e-01, eta: 16:17:51, time: 0.771, data_time: 0.411, memory: 3720, loss_rpn_cls: 0.0429, loss_rpn_bbox: 0.0284, loss_cls: 0.2787, acc: 91.3208, loss_bbox: 0.2063, loss: 0.5564
2021-12-07 13:58:56,194 - mmdet - INFO - Epoch [5][1150/3750]	lr: 1.000e-01, eta: 16:17:12, time: 0.793, data_time: 0.442, memory: 3720, loss_rpn_cls: 0.0412, loss_rpn_bbox: 0.0233, loss_cls: 0.2356, acc: 92.5786, loss_bbox: 0.1784, loss: 0.4785
2021-12-07 13:59:35,950 - mmdet - INFO - Epoch [5][1200/3750]	lr: 1.000e-01, eta: 16:16:32, time: 0.795, data_time: 0.448, memory: 3720, loss_rpn_cls: 0.0477, loss_rpn_bbox: 0.0307, loss_cls: 0.2886, acc: 90.9429, loss_bbox: 0.2122, loss: 0.5792
2021-12-07 14:00:15,414 - mmdet - INFO - Epoch [5][1250/3750]	lr: 1.000e-01, eta: 16:15:51, time: 0.789, data_time: 0.427, memory: 3720, loss_rpn_cls: 0.0457, loss_rpn_bbox: 0.0255, loss_cls: 0.2524, acc: 91.9585, loss_bbox: 0.1949, loss: 0.5186
2021-12-07 14:00:55,603 - mmdet - INFO - Epoch [5][1300/3750]	lr: 1.000e-01, eta: 16:15:14, time: 0.804, data_time: 0.432, memory: 3720, loss_rpn_cls: 0.0470, loss_rpn_bbox: 0.0290, loss_cls: 0.2823, acc: 91.0688, loss_bbox: 0.2101, loss: 0.5685
2021-12-07 14:01:35,231 - mmdet - INFO - Epoch [5][1350/3750]	lr: 1.000e-01, eta: 16:14:34, time: 0.793, data_time: 0.438, memory: 3720, loss_rpn_cls: 0.0415, loss_rpn_bbox: 0.0274, loss_cls: 0.2651, acc: 91.6299, loss_bbox: 0.2001, loss: 0.5342
2021-12-07 14:02:15,317 - mmdet - INFO - Epoch [5][1400/3750]	lr: 1.000e-01, eta: 16:13:56, time: 0.802, data_time: 0.465, memory: 3720, loss_rpn_cls: 0.0458, loss_rpn_bbox: 0.0272, loss_cls: 0.2593, acc: 92.1323, loss_bbox: 0.1912, loss: 0.5234
2021-12-07 14:02:54,350 - mmdet - INFO - Epoch [5][1450/3750]	lr: 1.000e-01, eta: 16:13:13, time: 0.781, data_time: 0.427, memory: 3720, loss_rpn_cls: 0.0391, loss_rpn_bbox: 0.0266, loss_cls: 0.2644, acc: 91.5903, loss_bbox: 0.1986, loss: 0.5287
2021-12-07 14:03:33,379 - mmdet - INFO - Epoch [5][1500/3750]	lr: 1.000e-01, eta: 16:12:31, time: 0.781, data_time: 0.439, memory: 3720, loss_rpn_cls: 0.0382, loss_rpn_bbox: 0.0253, loss_cls: 0.2517, acc: 91.9053, loss_bbox: 0.1920, loss: 0.5072
2021-12-07 14:04:12,497 - mmdet - INFO - Epoch [5][1550/3750]	lr: 1.000e-01, eta: 16:11:48, time: 0.782, data_time: 0.436, memory: 3720, loss_rpn_cls: 0.0411, loss_rpn_bbox: 0.0255, loss_cls: 0.2566, acc: 91.9087, loss_bbox: 0.1869, loss: 0.5100
2021-12-07 14:04:52,193 - mmdet - INFO - Epoch [5][1600/3750]	lr: 1.000e-01, eta: 16:11:09, time: 0.794, data_time: 0.432, memory: 3720, loss_rpn_cls: 0.0507, loss_rpn_bbox: 0.0293, loss_cls: 0.2615, acc: 91.8750, loss_bbox: 0.1896, loss: 0.5311
2021-12-07 14:05:31,400 - mmdet - INFO - Epoch [5][1650/3750]	lr: 1.000e-01, eta: 16:10:27, time: 0.784, data_time: 0.405, memory: 3720, loss_rpn_cls: 0.0466, loss_rpn_bbox: 0.0281, loss_cls: 0.2542, acc: 92.2241, loss_bbox: 0.1872, loss: 0.5161
2021-12-07 14:06:11,092 - mmdet - INFO - Epoch [5][1700/3750]	lr: 1.000e-01, eta: 16:09:47, time: 0.794, data_time: 0.440, memory: 3720, loss_rpn_cls: 0.0483, loss_rpn_bbox: 0.0335, loss_cls: 0.2731, acc: 91.4492, loss_bbox: 0.2072, loss: 0.5620
2021-12-07 14:06:50,808 - mmdet - INFO - Epoch [5][1750/3750]	lr: 1.000e-01, eta: 16:09:07, time: 0.794, data_time: 0.426, memory: 3720, loss_rpn_cls: 0.0443, loss_rpn_bbox: 0.0282, loss_cls: 0.2573, acc: 91.7622, loss_bbox: 0.1916, loss: 0.5214
2021-12-07 14:07:30,169 - mmdet - INFO - Epoch [5][1800/3750]	lr: 1.000e-01, eta: 16:08:26, time: 0.787, data_time: 0.412, memory: 3720, loss_rpn_cls: 0.0412, loss_rpn_bbox: 0.0269, loss_cls: 0.2428, acc: 92.2920, loss_bbox: 0.1801, loss: 0.4910
2021-12-07 14:08:09,955 - mmdet - INFO - Epoch [5][1850/3750]	lr: 1.000e-01, eta: 16:07:47, time: 0.796, data_time: 0.440, memory: 3720, loss_rpn_cls: 0.0405, loss_rpn_bbox: 0.0301, loss_cls: 0.2854, acc: 90.8730, loss_bbox: 0.2169, loss: 0.5730
2021-12-07 14:08:49,997 - mmdet - INFO - Epoch [5][1900/3750]	lr: 1.000e-01, eta: 16:07:09, time: 0.801, data_time: 0.415, memory: 3720, loss_rpn_cls: 0.0472, loss_rpn_bbox: 0.0284, loss_cls: 0.2587, acc: 91.7075, loss_bbox: 0.2002, loss: 0.5346
