2020-10-26 14:35:43,836 - mmdet - INFO - Environment info:
------------------------------------------------------------
sys.platform: linux
Python: 3.7.9 (default, Aug 31 2020, 12:42:55) [GCC 7.3.0]
CUDA available: True
GPU 0,1,2,3: GeForce RTX 2080 Ti
CUDA_HOME: /usr/local/cuda
NVCC: Cuda compilation tools, release 10.0, V10.0.130
GCC: gcc (Ubuntu 5.4.0-6ubuntu1~16.04.11) 5.4.0 20160609
PyTorch: 1.4.0
PyTorch compiling details: PyTorch built with:
  - GCC 7.3
  - Intel(R) Math Kernel Library Version 2020.0.2 Product Build 20200624 for Intel(R) 64 architecture applications
  - Intel(R) MKL-DNN v0.21.1 (Git Hash 7d2fd500bc78936d1d648ca713b901012f470dbc)
  - OpenMP 201511 (a.k.a. OpenMP 4.5)
  - NNPACK is enabled
  - CUDA Runtime 10.0
  - NVCC architecture flags: -gencode;arch=compute_37,code=sm_37;-gencode;arch=compute_50,code=sm_50;-gencode;arch=compute_60,code=sm_60;-gencode;arch=compute_61,code=sm_61;-gencode;arch=compute_70,code=sm_70;-gencode;arch=compute_75,code=sm_75;-gencode;arch=compute_37,code=compute_37
  - CuDNN 7.6.3
  - Magma 2.5.1
  - Build settings: BLAS=MKL, BUILD_NAMEDTENSOR=OFF, BUILD_TYPE=Release, CXX_FLAGS= -Wno-deprecated -fvisibility-inlines-hidden -fopenmp -DUSE_FBGEMM -DUSE_QNNPACK -DUSE_PYTORCH_QNNPACK -O2 -fPIC -Wno-narrowing -Wall -Wextra -Wno-missing-field-initializers -Wno-type-limits -Wno-array-bounds -Wno-unknown-pragmas -Wno-sign-compare -Wno-unused-parameter -Wno-unused-variable -Wno-unused-function -Wno-unused-result -Wno-strict-overflow -Wno-strict-aliasing -Wno-error=deprecated-declarations -Wno-stringop-overflow -Wno-error=pedantic -Wno-error=redundant-decls -Wno-error=old-style-cast -fdiagnostics-color=always -faligned-new -Wno-unused-but-set-variable -Wno-maybe-uninitialized -fno-math-errno -fno-trapping-math -Wno-stringop-overflow, DISABLE_NUMA=1, PERF_WITH_AVX=1, PERF_WITH_AVX2=1, PERF_WITH_AVX512=1, USE_CUDA=ON, USE_EXCEPTION_PTR=1, USE_GFLAGS=OFF, USE_GLOG=OFF, USE_MKL=ON, USE_MKLDNN=ON, USE_MPI=OFF, USE_NCCL=ON, USE_NNPACK=ON, USE_OPENMP=ON, USE_STATIC_DISPATCH=OFF, 

TorchVision: 0.5.0
OpenCV: 4.4.0
MMCV: 1.1.5
MMCV Compiler: GCC 7.3
MMCV CUDA Compiler: 10.0
MMDetection: 2.5.0+
------------------------------------------------------------

2020-10-26 14:35:46,042 - mmdet - INFO - Distributed training: True
2020-10-26 14:35:48,371 - mmdet - INFO - Config:
model = dict(
    type='FasterRCNN',
    pretrained='icode/moco_v1_200ep_pretrain_rename.pth',
    backbone=dict(
        type='ResNet',
        depth=50,
        num_stages=4,
        out_indices=(0, 1, 2, 3),
        frozen_stages=1,
        norm_cfg=dict(type='BN', requires_grad=False),
        norm_eval=True,
        style='caffe'),
    neck=dict(
        type='FPN',
        in_channels=[256, 512, 1024, 2048],
        out_channels=256,
        num_outs=5),
    rpn_head=dict(
        type='RPNHead',
        in_channels=256,
        feat_channels=256,
        anchor_generator=dict(
            type='AnchorGenerator',
            scales=[8],
            ratios=[0.5, 1.0, 2.0],
            strides=[4, 8, 16, 32, 64]),
        bbox_coder=dict(
            type='DeltaXYWHBBoxCoder',
            target_means=[0.0, 0.0, 0.0, 0.0],
            target_stds=[1.0, 1.0, 1.0, 1.0]),
        loss_cls=dict(
            type='CrossEntropyLoss', use_sigmoid=True, loss_weight=1.0),
        loss_bbox=dict(type='L1Loss', loss_weight=1.0)),
    roi_head=dict(
        type='StandardRoIHead',
        bbox_roi_extractor=dict(
            type='SingleRoIExtractor',
            roi_layer=dict(type='RoIAlign', output_size=7, sampling_ratio=0),
            out_channels=256,
            featmap_strides=[4, 8, 16, 32]),
        bbox_head=dict(
            type='Shared2FCBBoxHead',
            in_channels=256,
            fc_out_channels=1024,
            roi_feat_size=7,
            num_classes=20,
            bbox_coder=dict(
                type='DeltaXYWHBBoxCoder',
                target_means=[0.0, 0.0, 0.0, 0.0],
                target_stds=[0.1, 0.1, 0.2, 0.2]),
            reg_class_agnostic=False,
            loss_cls=dict(
                type='CrossEntropyLoss', use_sigmoid=False, loss_weight=1.0),
            loss_bbox=dict(type='L1Loss', loss_weight=1.0))))
train_cfg = dict(
    rpn=dict(
        assigner=dict(
            type='MaxIoUAssigner',
            pos_iou_thr=0.7,
            neg_iou_thr=0.3,
            min_pos_iou=0.3,
            match_low_quality=True,
            ignore_iof_thr=-1),
        sampler=dict(
            type='RandomSampler',
            num=256,
            pos_fraction=0.5,
            neg_pos_ub=-1,
            add_gt_as_proposals=False),
        allowed_border=-1,
        pos_weight=-1,
        debug=False),
    rpn_proposal=dict(
        nms_across_levels=False,
        nms_pre=2000,
        nms_post=1000,
        max_num=1000,
        nms_thr=0.7,
        min_bbox_size=0),
    rcnn=dict(
        assigner=dict(
            type='MaxIoUAssigner',
            pos_iou_thr=0.5,
            neg_iou_thr=0.5,
            min_pos_iou=0.5,
            match_low_quality=False,
            ignore_iof_thr=-1),
        sampler=dict(
            type='RandomSampler',
            num=512,
            pos_fraction=0.25,
            neg_pos_ub=-1,
            add_gt_as_proposals=True),
        pos_weight=-1,
        debug=False))
test_cfg = dict(
    rpn=dict(
        nms_across_levels=False,
        nms_pre=1000,
        nms_post=1000,
        max_num=1000,
        nms_thr=0.7,
        min_bbox_size=0),
    rcnn=dict(
        score_thr=0.05,
        nms=dict(type='nms', iou_threshold=0.5),
        max_per_img=100))
dataset_type = 'VOCDataset'
data_root = '/root/userfolder/data/voc0712/VOCdevkit/'
img_norm_cfg = dict(
    mean=[103.53, 116.28, 123.675], std=[1.0, 1.0, 1.0], to_rgb=False)
train_pipeline = [
    dict(type='LoadImageFromFile'),
    dict(type='LoadAnnotations', with_bbox=True),
    dict(type='Resize', img_scale=(1333, 800), keep_ratio=True),
    dict(type='RandomFlip', flip_ratio=0.5),
    dict(
        type='Normalize',
        mean=[103.53, 116.28, 123.675],
        std=[1.0, 1.0, 1.0],
        to_rgb=False),
    dict(type='Pad', size_divisor=32),
    dict(type='DefaultFormatBundle'),
    dict(type='Collect', keys=['img', 'gt_bboxes', 'gt_labels'])
]
test_pipeline = [
    dict(type='LoadImageFromFile'),
    dict(
        type='MultiScaleFlipAug',
        img_scale=(1333, 800),
        flip=False,
        transforms=[
            dict(type='Resize', keep_ratio=True),
            dict(type='RandomFlip'),
            dict(
                type='Normalize',
                mean=[103.53, 116.28, 123.675],
                std=[1.0, 1.0, 1.0],
                to_rgb=False),
            dict(type='Pad', size_divisor=32),
            dict(type='ImageToTensor', keys=['img']),
            dict(type='Collect', keys=['img'])
        ])
]
data = dict(
    samples_per_gpu=2,
    workers_per_gpu=0,
    train=dict(
        type='RepeatDataset',
        times=3,
        dataset=dict(
            type='VOCDataset',
            ann_file=[
                '/root/userfolder/data/voc0712/VOCdevkit/VOC2007/ImageSets/Main/trainval.txt',
                '/root/userfolder/data/voc0712/VOCdevkit/VOC2012/ImageSets/Main/trainval.txt'
            ],
            img_prefix=[
                '/root/userfolder/data/voc0712/VOCdevkit/VOC2007/',
                '/root/userfolder/data/voc0712/VOCdevkit/VOC2012/'
            ],
            pipeline=[
                dict(type='LoadImageFromFile'),
                dict(type='LoadAnnotations', with_bbox=True),
                dict(type='Resize', img_scale=(1000, 600), keep_ratio=True),
                dict(type='RandomFlip', flip_ratio=0.5),
                dict(
                    type='Normalize',
                    mean=[123.675, 116.28, 103.53],
                    std=[58.395, 57.12, 57.375],
                    to_rgb=True),
                dict(type='Pad', size_divisor=32),
                dict(type='DefaultFormatBundle'),
                dict(type='Collect', keys=['img', 'gt_bboxes', 'gt_labels'])
            ]),
        pipeline=[
            dict(type='LoadImageFromFile'),
            dict(type='LoadAnnotations', with_bbox=True),
            dict(type='Resize', img_scale=(1333, 800), keep_ratio=True),
            dict(type='RandomFlip', flip_ratio=0.5),
            dict(
                type='Normalize',
                mean=[103.53, 116.28, 123.675],
                std=[1.0, 1.0, 1.0],
                to_rgb=False),
            dict(type='Pad', size_divisor=32),
            dict(type='DefaultFormatBundle'),
            dict(type='Collect', keys=['img', 'gt_bboxes', 'gt_labels'])
        ]),
    val=dict(
        type='VOCDataset',
        ann_file=
        '/root/userfolder/data/voc0712/VOCdevkit/VOC2007/ImageSets/Main/test.txt',
        img_prefix='/root/userfolder/data/voc0712/VOCdevkit/VOC2007/',
        pipeline=[
            dict(type='LoadImageFromFile'),
            dict(
                type='MultiScaleFlipAug',
                img_scale=(1333, 800),
                flip=False,
                transforms=[
                    dict(type='Resize', keep_ratio=True),
                    dict(type='RandomFlip'),
                    dict(
                        type='Normalize',
                        mean=[103.53, 116.28, 123.675],
                        std=[1.0, 1.0, 1.0],
                        to_rgb=False),
                    dict(type='Pad', size_divisor=32),
                    dict(type='ImageToTensor', keys=['img']),
                    dict(type='Collect', keys=['img'])
                ])
        ]),
    test=dict(
        type='VOCDataset',
        ann_file=
        '/root/userfolder/data/voc0712/VOCdevkit/VOC2007/ImageSets/Main/test.txt',
        img_prefix='/root/userfolder/data/voc0712/VOCdevkit/VOC2007/',
        pipeline=[
            dict(type='LoadImageFromFile'),
            dict(
                type='MultiScaleFlipAug',
                img_scale=(1333, 800),
                flip=False,
                transforms=[
                    dict(type='Resize', keep_ratio=True),
                    dict(type='RandomFlip'),
                    dict(
                        type='Normalize',
                        mean=[103.53, 116.28, 123.675],
                        std=[1.0, 1.0, 1.0],
                        to_rgb=False),
                    dict(type='Pad', size_divisor=32),
                    dict(type='ImageToTensor', keys=['img']),
                    dict(type='Collect', keys=['img'])
                ])
        ]))
evaluation = dict(interval=1, metric='mAP')
checkpoint_config = dict(interval=1)
log_config = dict(interval=50, hooks=[dict(type='TextLoggerHook')])
dist_params = dict(backend='nccl')
log_level = 'INFO'
load_from = None
resume_from = None
workflow = [('train', 1)]
optimizer = dict(type='SGD', lr=0.0025, momentum=0.9, weight_decay=0.0001)
optimizer_config = dict(grad_clip=None)
lr_config = dict(
    policy='step',
    warmup='linear',
    warmup_iters=500,
    warmup_ratio=0.001,
    step=[16, 22])
total_epochs = 24
work_dir = './work_dirs/faster_rcnn_r50_caffe_fpn_2x_voc_mocov1_200ep'
gpu_ids = range(0, 1)

2020-10-26 14:35:48,745 - mmdet - INFO - load model from: icode/moco_v1_200ep_pretrain_rename.pth
2020-10-26 14:35:48,835 - mmdet - WARNING - The model and loaded state dict do not match exactly

unexpected key in source state_dict: fc.weight, fc.bias

2020-10-26 14:35:55,837 - mmdet - INFO - Start running, host: root@c29bb9d22aa7, work_dir: /root/userfolder/mmdetection/work_dirs/faster_rcnn_r50_caffe_fpn_2x_voc_mocov1_200ep
2020-10-26 14:35:55,837 - mmdet - INFO - workflow: [('train', 1)], max: 24 epochs
2020-10-26 14:36:14,243 - mmdet - INFO - Epoch [1][50/6207]	lr: 2.473e-04, eta: 15:05:08, time: 0.365, data_time: 0.140, memory: 2471, loss_rpn_cls: 0.6899, loss_rpn_bbox: 0.0229, loss_cls: 2.2856, acc: 94.5200, loss_bbox: 0.0011, loss: 2.9995
2020-10-26 14:36:29,544 - mmdet - INFO - Epoch [1][100/6207]	lr: 4.970e-04, eta: 13:51:56, time: 0.306, data_time: 0.081, memory: 2471, loss_rpn_cls: 0.3121, loss_rpn_bbox: 0.0263, loss_cls: 0.5509, acc: 96.5527, loss_bbox: 0.1348, loss: 1.0241
2020-10-26 14:36:44,820 - mmdet - INFO - Epoch [1][150/6207]	lr: 7.468e-04, eta: 13:27:01, time: 0.306, data_time: 0.083, memory: 2471, loss_rpn_cls: 0.0866, loss_rpn_bbox: 0.0229, loss_cls: 0.3770, acc: 96.3721, loss_bbox: 0.1411, loss: 0.6276
2020-10-26 14:37:00,073 - mmdet - INFO - Epoch [1][200/6207]	lr: 9.965e-04, eta: 13:14:13, time: 0.305, data_time: 0.081, memory: 2471, loss_rpn_cls: 0.0749, loss_rpn_bbox: 0.0204, loss_cls: 0.3782, acc: 96.1499, loss_bbox: 0.1523, loss: 0.6258
2020-10-26 14:37:15,330 - mmdet - INFO - Epoch [1][250/6207]	lr: 1.246e-03, eta: 13:06:22, time: 0.305, data_time: 0.081, memory: 2471, loss_rpn_cls: 0.0829, loss_rpn_bbox: 0.0244, loss_cls: 0.3369, acc: 96.0425, loss_bbox: 0.1540, loss: 0.5982
2020-10-26 14:37:30,561 - mmdet - INFO - Epoch [1][300/6207]	lr: 1.496e-03, eta: 13:00:53, time: 0.305, data_time: 0.084, memory: 2471, loss_rpn_cls: 0.0743, loss_rpn_bbox: 0.0198, loss_cls: 0.3387, acc: 96.2056, loss_bbox: 0.1490, loss: 0.5819
2020-10-26 14:37:45,841 - mmdet - INFO - Epoch [1][350/6207]	lr: 1.746e-03, eta: 12:57:14, time: 0.306, data_time: 0.085, memory: 2471, loss_rpn_cls: 0.0769, loss_rpn_bbox: 0.0234, loss_cls: 0.3343, acc: 95.5820, loss_bbox: 0.1739, loss: 0.6086
2020-10-26 14:38:01,091 - mmdet - INFO - Epoch [1][400/6207]	lr: 1.996e-03, eta: 12:54:17, time: 0.305, data_time: 0.085, memory: 2471, loss_rpn_cls: 0.0759, loss_rpn_bbox: 0.0213, loss_cls: 0.3032, acc: 95.8750, loss_bbox: 0.1612, loss: 0.5616
2020-10-26 14:38:16,280 - mmdet - INFO - Epoch [1][450/6207]	lr: 2.245e-03, eta: 12:51:34, time: 0.304, data_time: 0.086, memory: 2471, loss_rpn_cls: 0.0769, loss_rpn_bbox: 0.0218, loss_cls: 0.2950, acc: 95.8452, loss_bbox: 0.1632, loss: 0.5569
2020-10-26 14:38:31,487 - mmdet - INFO - Epoch [1][500/6207]	lr: 2.495e-03, eta: 12:49:26, time: 0.304, data_time: 0.083, memory: 2471, loss_rpn_cls: 0.0772, loss_rpn_bbox: 0.0249, loss_cls: 0.3007, acc: 95.4482, loss_bbox: 0.1794, loss: 0.5822
2020-10-26 14:38:46,705 - mmdet - INFO - Epoch [1][550/6207]	lr: 2.500e-03, eta: 12:47:40, time: 0.304, data_time: 0.084, memory: 2471, loss_rpn_cls: 0.0638, loss_rpn_bbox: 0.0193, loss_cls: 0.2689, acc: 95.8794, loss_bbox: 0.1634, loss: 0.5154
2020-10-26 14:39:01,910 - mmdet - INFO - Epoch [1][600/6207]	lr: 2.500e-03, eta: 12:46:07, time: 0.304, data_time: 0.090, memory: 2471, loss_rpn_cls: 0.0642, loss_rpn_bbox: 0.0213, loss_cls: 0.2963, acc: 95.5620, loss_bbox: 0.1747, loss: 0.5565
2020-10-26 14:39:16,829 - mmdet - INFO - Epoch [1][650/6207]	lr: 2.500e-03, eta: 12:43:47, time: 0.299, data_time: 0.096, memory: 2471, loss_rpn_cls: 0.0678, loss_rpn_bbox: 0.0225, loss_cls: 0.2833, acc: 95.7847, loss_bbox: 0.1664, loss: 0.5399
2020-10-26 14:39:32,113 - mmdet - INFO - Epoch [1][700/6207]	lr: 2.500e-03, eta: 12:42:52, time: 0.305, data_time: 0.081, memory: 2471, loss_rpn_cls: 0.0630, loss_rpn_bbox: 0.0229, loss_cls: 0.2902, acc: 95.5981, loss_bbox: 0.1751, loss: 0.5512
2020-10-26 14:39:47,289 - mmdet - INFO - Epoch [1][750/6207]	lr: 2.500e-03, eta: 12:41:44, time: 0.303, data_time: 0.083, memory: 2471, loss_rpn_cls: 0.0601, loss_rpn_bbox: 0.0219, loss_cls: 0.3008, acc: 95.3799, loss_bbox: 0.1832, loss: 0.5661
2020-10-26 14:40:02,466 - mmdet - INFO - Epoch [1][800/6207]	lr: 2.500e-03, eta: 12:40:45, time: 0.304, data_time: 0.084, memory: 2471, loss_rpn_cls: 0.0666, loss_rpn_bbox: 0.0232, loss_cls: 0.2712, acc: 95.4775, loss_bbox: 0.1768, loss: 0.5377
2020-10-26 14:40:17,660 - mmdet - INFO - Epoch [1][850/6207]	lr: 2.500e-03, eta: 12:39:52, time: 0.304, data_time: 0.087, memory: 2471, loss_rpn_cls: 0.0643, loss_rpn_bbox: 0.0222, loss_cls: 0.2841, acc: 95.6362, loss_bbox: 0.1710, loss: 0.5416
2020-10-26 14:40:32,898 - mmdet - INFO - Epoch [1][900/6207]	lr: 2.500e-03, eta: 12:39:11, time: 0.305, data_time: 0.086, memory: 2471, loss_rpn_cls: 0.0528, loss_rpn_bbox: 0.0198, loss_cls: 0.2688, acc: 95.6074, loss_bbox: 0.1727, loss: 0.5141
2020-10-26 14:40:48,139 - mmdet - INFO - Epoch [1][950/6207]	lr: 2.500e-03, eta: 12:38:34, time: 0.305, data_time: 0.086, memory: 2471, loss_rpn_cls: 0.0506, loss_rpn_bbox: 0.0209, loss_cls: 0.2712, acc: 95.3765, loss_bbox: 0.1803, loss: 0.5230
2020-10-26 14:41:03,389 - mmdet - INFO - Exp name: faster_rcnn_r50_caffe_fpn_2x_voc_mocov1_200ep.py
2020-10-26 14:41:03,390 - mmdet - INFO - Epoch [1][1000/6207]	lr: 2.500e-03, eta: 12:38:00, time: 0.305, data_time: 0.084, memory: 2471, loss_rpn_cls: 0.0608, loss_rpn_bbox: 0.0224, loss_cls: 0.2781, acc: 95.5586, loss_bbox: 0.1722, loss: 0.5335
2020-10-26 14:41:18,422 - mmdet - INFO - Epoch [1][1050/6207]	lr: 2.500e-03, eta: 12:36:56, time: 0.301, data_time: 0.083, memory: 2471, loss_rpn_cls: 0.0605, loss_rpn_bbox: 0.0238, loss_cls: 0.2789, acc: 95.1948, loss_bbox: 0.1848, loss: 0.5480
2020-10-26 14:41:33,663 - mmdet - INFO - Epoch [1][1100/6207]	lr: 2.500e-03, eta: 12:36:27, time: 0.305, data_time: 0.084, memory: 2471, loss_rpn_cls: 0.0557, loss_rpn_bbox: 0.0228, loss_cls: 0.2559, acc: 95.5679, loss_bbox: 0.1685, loss: 0.5030
2020-10-26 14:41:48,865 - mmdet - INFO - Epoch [1][1150/6207]	lr: 2.500e-03, eta: 12:35:53, time: 0.304, data_time: 0.087, memory: 2471, loss_rpn_cls: 0.0552, loss_rpn_bbox: 0.0228, loss_cls: 0.2683, acc: 95.4185, loss_bbox: 0.1746, loss: 0.5210
2020-10-26 14:42:04,040 - mmdet - INFO - Epoch [1][1200/6207]	lr: 2.500e-03, eta: 12:35:18, time: 0.304, data_time: 0.082, memory: 2471, loss_rpn_cls: 0.0623, loss_rpn_bbox: 0.0239, loss_cls: 0.2791, acc: 95.1724, loss_bbox: 0.1863, loss: 0.5517
2020-10-26 14:42:19,163 - mmdet - INFO - Epoch [1][1250/6207]	lr: 2.500e-03, eta: 12:34:37, time: 0.302, data_time: 0.083, memory: 2471, loss_rpn_cls: 0.0520, loss_rpn_bbox: 0.0236, loss_cls: 0.2895, acc: 94.7729, loss_bbox: 0.1992, loss: 0.5643
2020-10-26 14:42:34,314 - mmdet - INFO - Epoch [1][1300/6207]	lr: 2.500e-03, eta: 12:34:02, time: 0.303, data_time: 0.081, memory: 2471, loss_rpn_cls: 0.0454, loss_rpn_bbox: 0.0218, loss_cls: 0.2633, acc: 95.2773, loss_bbox: 0.1785, loss: 0.5090
2020-10-26 14:42:49,470 - mmdet - INFO - Epoch [1][1350/6207]	lr: 2.500e-03, eta: 12:33:29, time: 0.303, data_time: 0.083, memory: 2471, loss_rpn_cls: 0.0489, loss_rpn_bbox: 0.0212, loss_cls: 0.2631, acc: 95.2300, loss_bbox: 0.1786, loss: 0.5119
2020-10-26 14:43:04,388 - mmdet - INFO - Epoch [1][1400/6207]	lr: 2.500e-03, eta: 12:32:32, time: 0.298, data_time: 0.090, memory: 2471, loss_rpn_cls: 0.0594, loss_rpn_bbox: 0.0241, loss_cls: 0.2833, acc: 94.8496, loss_bbox: 0.1949, loss: 0.5617
2020-10-26 14:43:19,620 - mmdet - INFO - Epoch [1][1450/6207]	lr: 2.500e-03, eta: 12:32:11, time: 0.305, data_time: 0.082, memory: 2471, loss_rpn_cls: 0.0501, loss_rpn_bbox: 0.0220, loss_cls: 0.2912, acc: 94.6313, loss_bbox: 0.1990, loss: 0.5623
2020-10-26 14:43:34,906 - mmdet - INFO - Epoch [1][1500/6207]	lr: 2.500e-03, eta: 12:31:53, time: 0.305, data_time: 0.084, memory: 2471, loss_rpn_cls: 0.0473, loss_rpn_bbox: 0.0208, loss_cls: 0.2834, acc: 94.8789, loss_bbox: 0.1915, loss: 0.5430
2020-10-26 14:43:49,845 - mmdet - INFO - Epoch [1][1550/6207]	lr: 2.500e-03, eta: 12:31:03, time: 0.299, data_time: 0.088, memory: 2471, loss_rpn_cls: 0.0421, loss_rpn_bbox: 0.0212, loss_cls: 0.2922, acc: 94.6436, loss_bbox: 0.2019, loss: 0.5575
2020-10-26 14:44:05,047 - mmdet - INFO - Epoch [1][1600/6207]	lr: 2.500e-03, eta: 12:30:41, time: 0.304, data_time: 0.084, memory: 2471, loss_rpn_cls: 0.0434, loss_rpn_bbox: 0.0207, loss_cls: 0.2538, acc: 95.2480, loss_bbox: 0.1764, loss: 0.4942
2020-10-26 14:44:20,162 - mmdet - INFO - Epoch [1][1650/6207]	lr: 2.500e-03, eta: 12:30:10, time: 0.302, data_time: 0.078, memory: 2471, loss_rpn_cls: 0.0418, loss_rpn_bbox: 0.0201, loss_cls: 0.2865, acc: 94.8994, loss_bbox: 0.1897, loss: 0.5381
2020-10-26 14:44:35,104 - mmdet - INFO - Epoch [1][1700/6207]	lr: 2.500e-03, eta: 12:29:26, time: 0.299, data_time: 0.084, memory: 2471, loss_rpn_cls: 0.0362, loss_rpn_bbox: 0.0188, loss_cls: 0.2706, acc: 94.7192, loss_bbox: 0.1952, loss: 0.5208
2020-10-26 14:44:50,281 - mmdet - INFO - Epoch [1][1750/6207]	lr: 2.500e-03, eta: 12:29:03, time: 0.303, data_time: 0.082, memory: 2471, loss_rpn_cls: 0.0418, loss_rpn_bbox: 0.0210, loss_cls: 0.2877, acc: 94.5034, loss_bbox: 0.1988, loss: 0.5494
2020-10-26 14:45:05,485 - mmdet - INFO - Epoch [1][1800/6207]	lr: 2.500e-03, eta: 12:28:44, time: 0.304, data_time: 0.085, memory: 2471, loss_rpn_cls: 0.0398, loss_rpn_bbox: 0.0190, loss_cls: 0.2746, acc: 94.6572, loss_bbox: 0.1937, loss: 0.5271
2020-10-26 14:45:20,695 - mmdet - INFO - Epoch [1][1850/6207]	lr: 2.500e-03, eta: 12:28:24, time: 0.304, data_time: 0.083, memory: 2471, loss_rpn_cls: 0.0409, loss_rpn_bbox: 0.0220, loss_cls: 0.2857, acc: 94.2729, loss_bbox: 0.2067, loss: 0.5554
2020-10-26 14:45:35,780 - mmdet - INFO - Epoch [1][1900/6207]	lr: 2.500e-03, eta: 12:27:54, time: 0.302, data_time: 0.084, memory: 2471, loss_rpn_cls: 0.0400, loss_rpn_bbox: 0.0197, loss_cls: 0.2676, acc: 95.0254, loss_bbox: 0.1807, loss: 0.5080
2020-10-26 14:45:51,017 - mmdet - INFO - Epoch [1][1950/6207]	lr: 2.500e-03, eta: 12:27:38, time: 0.305, data_time: 0.082, memory: 2471, loss_rpn_cls: 0.0495, loss_rpn_bbox: 0.0241, loss_cls: 0.3017, acc: 94.2056, loss_bbox: 0.2099, loss: 0.5851
2020-10-26 14:46:06,026 - mmdet - INFO - Exp name: faster_rcnn_r50_caffe_fpn_2x_voc_mocov1_200ep.py
2020-10-26 14:46:06,027 - mmdet - INFO - Epoch [1][2000/6207]	lr: 2.500e-03, eta: 12:27:05, time: 0.300, data_time: 0.085, memory: 2471, loss_rpn_cls: 0.0406, loss_rpn_bbox: 0.0196, loss_cls: 0.2801, acc: 94.5938, loss_bbox: 0.1936, loss: 0.5339
2020-10-26 14:46:21,268 - mmdet - INFO - Epoch [1][2050/6207]	lr: 2.500e-03, eta: 12:26:49, time: 0.305, data_time: 0.081, memory: 2471, loss_rpn_cls: 0.0497, loss_rpn_bbox: 0.0227, loss_cls: 0.3024, acc: 94.0698, loss_bbox: 0.2103, loss: 0.5851
2020-10-26 14:46:36,398 - mmdet - INFO - Epoch [1][2100/6207]	lr: 2.500e-03, eta: 12:26:25, time: 0.303, data_time: 0.085, memory: 2471, loss_rpn_cls: 0.0376, loss_rpn_bbox: 0.0195, loss_cls: 0.2749, acc: 94.4048, loss_bbox: 0.2000, loss: 0.5319
2020-10-26 14:46:51,603 - mmdet - INFO - Epoch [1][2150/6207]	lr: 2.500e-03, eta: 12:26:07, time: 0.304, data_time: 0.085, memory: 2471, loss_rpn_cls: 0.0377, loss_rpn_bbox: 0.0184, loss_cls: 0.2718, acc: 94.6704, loss_bbox: 0.1858, loss: 0.5137
2020-10-26 14:47:06,814 - mmdet - INFO - Epoch [1][2200/6207]	lr: 2.500e-03, eta: 12:25:49, time: 0.304, data_time: 0.082, memory: 2471, loss_rpn_cls: 0.0375, loss_rpn_bbox: 0.0203, loss_cls: 0.2689, acc: 94.4961, loss_bbox: 0.1962, loss: 0.5229
2020-10-26 14:47:21,951 - mmdet - INFO - Epoch [1][2250/6207]	lr: 2.500e-03, eta: 12:25:27, time: 0.303, data_time: 0.091, memory: 2471, loss_rpn_cls: 0.0445, loss_rpn_bbox: 0.0229, loss_cls: 0.2922, acc: 94.4224, loss_bbox: 0.1974, loss: 0.5569
2020-10-26 14:47:37,052 - mmdet - INFO - Epoch [1][2300/6207]	lr: 2.500e-03, eta: 12:25:03, time: 0.302, data_time: 0.090, memory: 2471, loss_rpn_cls: 0.0381, loss_rpn_bbox: 0.0190, loss_cls: 0.2708, acc: 94.5972, loss_bbox: 0.1927, loss: 0.5206
2020-10-26 14:47:52,258 - mmdet - INFO - Epoch [1][2350/6207]	lr: 2.500e-03, eta: 12:24:45, time: 0.304, data_time: 0.082, memory: 2471, loss_rpn_cls: 0.0386, loss_rpn_bbox: 0.0217, loss_cls: 0.2883, acc: 93.8857, loss_bbox: 0.2164, loss: 0.5651
2020-10-26 14:48:07,359 - mmdet - INFO - Epoch [1][2400/6207]	lr: 2.500e-03, eta: 12:24:21, time: 0.302, data_time: 0.086, memory: 2471, loss_rpn_cls: 0.0324, loss_rpn_bbox: 0.0177, loss_cls: 0.2572, acc: 94.6743, loss_bbox: 0.1867, loss: 0.4940
2020-10-26 14:48:22,511 - mmdet - INFO - Epoch [1][2450/6207]	lr: 2.500e-03, eta: 12:24:01, time: 0.303, data_time: 0.085, memory: 2471, loss_rpn_cls: 0.0371, loss_rpn_bbox: 0.0208, loss_cls: 0.2747, acc: 94.2837, loss_bbox: 0.1989, loss: 0.5315
2020-10-26 14:48:37,742 - mmdet - INFO - Epoch [1][2500/6207]	lr: 2.500e-03, eta: 12:23:46, time: 0.305, data_time: 0.082, memory: 2471, loss_rpn_cls: 0.0416, loss_rpn_bbox: 0.0221, loss_cls: 0.2629, acc: 94.3789, loss_bbox: 0.1968, loss: 0.5234
2020-10-26 14:48:53,031 - mmdet - INFO - Epoch [1][2550/6207]	lr: 2.500e-03, eta: 12:23:34, time: 0.306, data_time: 0.082, memory: 2471, loss_rpn_cls: 0.0364, loss_rpn_bbox: 0.0195, loss_cls: 0.2782, acc: 94.2607, loss_bbox: 0.1960, loss: 0.5302
2020-10-26 14:49:08,191 - mmdet - INFO - Epoch [1][2600/6207]	lr: 2.500e-03, eta: 12:23:14, time: 0.303, data_time: 0.082, memory: 2471, loss_rpn_cls: 0.0328, loss_rpn_bbox: 0.0188, loss_cls: 0.2579, acc: 94.4888, loss_bbox: 0.1888, loss: 0.4982
2020-10-26 14:49:23,315 - mmdet - INFO - Epoch [1][2650/6207]	lr: 2.500e-03, eta: 12:22:53, time: 0.302, data_time: 0.086, memory: 2471, loss_rpn_cls: 0.0393, loss_rpn_bbox: 0.0210, loss_cls: 0.2909, acc: 94.0039, loss_bbox: 0.2030, loss: 0.5542
2020-10-26 14:49:38,438 - mmdet - INFO - Epoch [1][2700/6207]	lr: 2.500e-03, eta: 12:22:32, time: 0.302, data_time: 0.085, memory: 2471, loss_rpn_cls: 0.0336, loss_rpn_bbox: 0.0197, loss_cls: 0.2802, acc: 94.2227, loss_bbox: 0.1959, loss: 0.5293
2020-10-26 14:49:53,428 - mmdet - INFO - Epoch [1][2750/6207]	lr: 2.500e-03, eta: 12:22:04, time: 0.300, data_time: 0.089, memory: 2471, loss_rpn_cls: 0.0318, loss_rpn_bbox: 0.0190, loss_cls: 0.2574, acc: 94.6235, loss_bbox: 0.1850, loss: 0.4932
2020-10-26 14:50:08,625 - mmdet - INFO - Epoch [1][2800/6207]	lr: 2.500e-03, eta: 12:21:47, time: 0.304, data_time: 0.082, memory: 2471, loss_rpn_cls: 0.0307, loss_rpn_bbox: 0.0191, loss_cls: 0.2638, acc: 94.5034, loss_bbox: 0.1903, loss: 0.5039
2020-10-26 14:50:23,899 - mmdet - INFO - Epoch [1][2850/6207]	lr: 2.500e-03, eta: 12:21:34, time: 0.306, data_time: 0.083, memory: 2471, loss_rpn_cls: 0.0331, loss_rpn_bbox: 0.0198, loss_cls: 0.2777, acc: 93.9053, loss_bbox: 0.2061, loss: 0.5367
2020-10-26 14:50:39,125 - mmdet - INFO - Epoch [1][2900/6207]	lr: 2.500e-03, eta: 12:21:19, time: 0.305, data_time: 0.079, memory: 2471, loss_rpn_cls: 0.0356, loss_rpn_bbox: 0.0203, loss_cls: 0.2698, acc: 94.1934, loss_bbox: 0.1939, loss: 0.5196
2020-10-26 14:50:54,339 - mmdet - INFO - Epoch [1][2950/6207]	lr: 2.500e-03, eta: 12:21:03, time: 0.304, data_time: 0.083, memory: 2471, loss_rpn_cls: 0.0366, loss_rpn_bbox: 0.0192, loss_cls: 0.2593, acc: 94.5972, loss_bbox: 0.1863, loss: 0.5013
2020-10-26 14:51:09,545 - mmdet - INFO - Exp name: faster_rcnn_r50_caffe_fpn_2x_voc_mocov1_200ep.py
2020-10-26 14:51:09,545 - mmdet - INFO - Epoch [1][3000/6207]	lr: 2.500e-03, eta: 12:20:47, time: 0.304, data_time: 0.085, memory: 2471, loss_rpn_cls: 0.0329, loss_rpn_bbox: 0.0194, loss_cls: 0.2561, acc: 94.2583, loss_bbox: 0.1947, loss: 0.5031
2020-10-26 14:51:24,750 - mmdet - INFO - Epoch [1][3050/6207]	lr: 2.500e-03, eta: 12:20:31, time: 0.304, data_time: 0.081, memory: 2471, loss_rpn_cls: 0.0318, loss_rpn_bbox: 0.0189, loss_cls: 0.2539, acc: 94.1509, loss_bbox: 0.1947, loss: 0.4993
2020-10-26 14:51:39,971 - mmdet - INFO - Epoch [1][3100/6207]	lr: 2.500e-03, eta: 12:20:16, time: 0.305, data_time: 0.083, memory: 2471, loss_rpn_cls: 0.0342, loss_rpn_bbox: 0.0218, loss_cls: 0.2785, acc: 93.7534, loss_bbox: 0.2111, loss: 0.5456
2020-10-26 14:51:55,240 - mmdet - INFO - Epoch [1][3150/6207]	lr: 2.500e-03, eta: 12:20:02, time: 0.305, data_time: 0.084, memory: 2471, loss_rpn_cls: 0.0351, loss_rpn_bbox: 0.0209, loss_cls: 0.2844, acc: 93.8696, loss_bbox: 0.2067, loss: 0.5471
2020-10-26 14:52:10,388 - mmdet - INFO - Epoch [1][3200/6207]	lr: 2.500e-03, eta: 12:19:44, time: 0.303, data_time: 0.085, memory: 2471, loss_rpn_cls: 0.0300, loss_rpn_bbox: 0.0189, loss_cls: 0.2380, acc: 94.4355, loss_bbox: 0.1885, loss: 0.4754
2020-10-26 14:52:25,547 - mmdet - INFO - Epoch [1][3250/6207]	lr: 2.500e-03, eta: 12:19:25, time: 0.303, data_time: 0.084, memory: 2471, loss_rpn_cls: 0.0308, loss_rpn_bbox: 0.0179, loss_cls: 0.2370, acc: 94.4214, loss_bbox: 0.1869, loss: 0.4727
2020-10-26 14:52:40,464 - mmdet - INFO - Epoch [1][3300/6207]	lr: 2.500e-03, eta: 12:18:57, time: 0.298, data_time: 0.091, memory: 2471, loss_rpn_cls: 0.0278, loss_rpn_bbox: 0.0180, loss_cls: 0.2559, acc: 94.1455, loss_bbox: 0.1914, loss: 0.4931
2020-10-26 14:52:55,760 - mmdet - INFO - Epoch [1][3350/6207]	lr: 2.500e-03, eta: 12:18:45, time: 0.306, data_time: 0.079, memory: 2471, loss_rpn_cls: 0.0320, loss_rpn_bbox: 0.0213, loss_cls: 0.2606, acc: 93.6909, loss_bbox: 0.2120, loss: 0.5259
2020-10-26 14:53:10,945 - mmdet - INFO - Epoch [1][3400/6207]	lr: 2.500e-03, eta: 12:18:28, time: 0.304, data_time: 0.081, memory: 2471, loss_rpn_cls: 0.0261, loss_rpn_bbox: 0.0176, loss_cls: 0.2486, acc: 94.3105, loss_bbox: 0.1919, loss: 0.4842
2020-10-26 14:53:26,127 - mmdet - INFO - Epoch [1][3450/6207]	lr: 2.500e-03, eta: 12:18:11, time: 0.304, data_time: 0.083, memory: 2471, loss_rpn_cls: 0.0314, loss_rpn_bbox: 0.0194, loss_cls: 0.2831, acc: 93.7446, loss_bbox: 0.2121, loss: 0.5460
2020-10-26 14:53:41,257 - mmdet - INFO - Epoch [1][3500/6207]	lr: 2.500e-03, eta: 12:17:53, time: 0.303, data_time: 0.086, memory: 2471, loss_rpn_cls: 0.0307, loss_rpn_bbox: 0.0188, loss_cls: 0.2727, acc: 94.0347, loss_bbox: 0.1980, loss: 0.5202
2020-10-26 14:53:56,419 - mmdet - INFO - Epoch [1][3550/6207]	lr: 2.500e-03, eta: 12:17:35, time: 0.303, data_time: 0.085, memory: 2471, loss_rpn_cls: 0.0330, loss_rpn_bbox: 0.0218, loss_cls: 0.2875, acc: 93.6514, loss_bbox: 0.2110, loss: 0.5533
2020-10-26 14:54:11,674 - mmdet - INFO - Epoch [1][3600/6207]	lr: 2.500e-03, eta: 12:17:21, time: 0.305, data_time: 0.081, memory: 2471, loss_rpn_cls: 0.0298, loss_rpn_bbox: 0.0170, loss_cls: 0.2387, acc: 94.6826, loss_bbox: 0.1773, loss: 0.4629
2020-10-26 14:54:26,769 - mmdet - INFO - Epoch [1][3650/6207]	lr: 2.500e-03, eta: 12:17:02, time: 0.302, data_time: 0.081, memory: 2471, loss_rpn_cls: 0.0340, loss_rpn_bbox: 0.0214, loss_cls: 0.2752, acc: 93.7471, loss_bbox: 0.2081, loss: 0.5387
2020-10-26 14:54:41,818 - mmdet - INFO - Epoch [1][3700/6207]	lr: 2.500e-03, eta: 12:16:39, time: 0.301, data_time: 0.087, memory: 2471, loss_rpn_cls: 0.0259, loss_rpn_bbox: 0.0180, loss_cls: 0.2540, acc: 94.0381, loss_bbox: 0.1986, loss: 0.4966
2020-10-26 14:54:57,091 - mmdet - INFO - Epoch [1][3750/6207]	lr: 2.500e-03, eta: 12:16:26, time: 0.305, data_time: 0.082, memory: 2471, loss_rpn_cls: 0.0284, loss_rpn_bbox: 0.0192, loss_cls: 0.2508, acc: 94.0981, loss_bbox: 0.2005, loss: 0.4990
2020-10-26 14:55:12,270 - mmdet - INFO - Epoch [1][3800/6207]	lr: 2.500e-03, eta: 12:16:10, time: 0.304, data_time: 0.094, memory: 2471, loss_rpn_cls: 0.0278, loss_rpn_bbox: 0.0192, loss_cls: 0.2437, acc: 94.1831, loss_bbox: 0.1936, loss: 0.4844
2020-10-26 14:55:27,440 - mmdet - INFO - Epoch [1][3850/6207]	lr: 2.500e-03, eta: 12:15:53, time: 0.303, data_time: 0.091, memory: 2471, loss_rpn_cls: 0.0370, loss_rpn_bbox: 0.0216, loss_cls: 0.2326, acc: 94.4658, loss_bbox: 0.1802, loss: 0.4714
2020-10-26 14:55:42,566 - mmdet - INFO - Epoch [1][3900/6207]	lr: 2.500e-03, eta: 12:15:34, time: 0.303, data_time: 0.084, memory: 2471, loss_rpn_cls: 0.0265, loss_rpn_bbox: 0.0191, loss_cls: 0.2363, acc: 94.3105, loss_bbox: 0.1864, loss: 0.4682
2020-10-26 14:55:57,671 - mmdet - INFO - Epoch [1][3950/6207]	lr: 2.500e-03, eta: 12:15:15, time: 0.302, data_time: 0.088, memory: 2471, loss_rpn_cls: 0.0268, loss_rpn_bbox: 0.0186, loss_cls: 0.2359, acc: 94.4146, loss_bbox: 0.1874, loss: 0.4687
2020-10-26 14:56:12,687 - mmdet - INFO - Exp name: faster_rcnn_r50_caffe_fpn_2x_voc_mocov1_200ep.py
2020-10-26 14:56:12,687 - mmdet - INFO - Epoch [1][4000/6207]	lr: 2.500e-03, eta: 12:14:53, time: 0.300, data_time: 0.088, memory: 2471, loss_rpn_cls: 0.0268, loss_rpn_bbox: 0.0190, loss_cls: 0.2575, acc: 93.8311, loss_bbox: 0.2055, loss: 0.5088
2020-10-26 14:56:27,875 - mmdet - INFO - Epoch [1][4050/6207]	lr: 2.500e-03, eta: 12:14:37, time: 0.304, data_time: 0.082, memory: 2471, loss_rpn_cls: 0.0311, loss_rpn_bbox: 0.0190, loss_cls: 0.2536, acc: 94.0293, loss_bbox: 0.2011, loss: 0.5048
2020-10-26 14:56:42,962 - mmdet - INFO - Epoch [1][4100/6207]	lr: 2.500e-03, eta: 12:14:17, time: 0.302, data_time: 0.092, memory: 2471, loss_rpn_cls: 0.0293, loss_rpn_bbox: 0.0185, loss_cls: 0.2551, acc: 94.1851, loss_bbox: 0.1933, loss: 0.4962
2020-10-26 14:56:58,086 - mmdet - INFO - Epoch [1][4150/6207]	lr: 2.500e-03, eta: 12:13:59, time: 0.302, data_time: 0.082, memory: 2471, loss_rpn_cls: 0.0283, loss_rpn_bbox: 0.0174, loss_cls: 0.2522, acc: 94.0923, loss_bbox: 0.1957, loss: 0.4935
2020-10-26 14:57:13,091 - mmdet - INFO - Epoch [1][4200/6207]	lr: 2.500e-03, eta: 12:13:37, time: 0.300, data_time: 0.084, memory: 2471, loss_rpn_cls: 0.0224, loss_rpn_bbox: 0.0159, loss_cls: 0.2463, acc: 94.5400, loss_bbox: 0.1761, loss: 0.4606
2020-10-26 14:57:28,268 - mmdet - INFO - Epoch [1][4250/6207]	lr: 2.500e-03, eta: 12:13:21, time: 0.304, data_time: 0.080, memory: 2471, loss_rpn_cls: 0.0305, loss_rpn_bbox: 0.0207, loss_cls: 0.2530, acc: 93.7368, loss_bbox: 0.2102, loss: 0.5144
2020-10-26 14:57:43,290 - mmdet - INFO - Epoch [1][4300/6207]	lr: 2.500e-03, eta: 12:13:00, time: 0.300, data_time: 0.082, memory: 2471, loss_rpn_cls: 0.0256, loss_rpn_bbox: 0.0180, loss_cls: 0.2469, acc: 94.3027, loss_bbox: 0.1913, loss: 0.4820
2020-10-26 14:57:58,407 - mmdet - INFO - Epoch [1][4350/6207]	lr: 2.500e-03, eta: 12:12:42, time: 0.302, data_time: 0.082, memory: 2471, loss_rpn_cls: 0.0260, loss_rpn_bbox: 0.0183, loss_cls: 0.2254, acc: 94.7563, loss_bbox: 0.1704, loss: 0.4402
2020-10-26 14:58:13,358 - mmdet - INFO - Epoch [1][4400/6207]	lr: 2.500e-03, eta: 12:12:19, time: 0.299, data_time: 0.086, memory: 2471, loss_rpn_cls: 0.0261, loss_rpn_bbox: 0.0181, loss_cls: 0.2347, acc: 94.2383, loss_bbox: 0.1916, loss: 0.4704
2020-10-26 14:58:28,527 - mmdet - INFO - Epoch [1][4450/6207]	lr: 2.500e-03, eta: 12:12:02, time: 0.303, data_time: 0.085, memory: 2471, loss_rpn_cls: 0.0262, loss_rpn_bbox: 0.0177, loss_cls: 0.2510, acc: 94.1743, loss_bbox: 0.1911, loss: 0.4861
2020-10-26 14:58:43,707 - mmdet - INFO - Epoch [1][4500/6207]	lr: 2.500e-03, eta: 12:11:47, time: 0.304, data_time: 0.082, memory: 2471, loss_rpn_cls: 0.0264, loss_rpn_bbox: 0.0182, loss_cls: 0.2364, acc: 94.5156, loss_bbox: 0.1822, loss: 0.4631
2020-10-26 14:58:58,722 - mmdet - INFO - Epoch [1][4550/6207]	lr: 2.500e-03, eta: 12:11:26, time: 0.300, data_time: 0.092, memory: 2471, loss_rpn_cls: 0.0290, loss_rpn_bbox: 0.0182, loss_cls: 0.2445, acc: 94.0894, loss_bbox: 0.1945, loss: 0.4862
2020-10-26 14:59:13,822 - mmdet - INFO - Epoch [1][4600/6207]	lr: 2.500e-03, eta: 12:11:08, time: 0.302, data_time: 0.080, memory: 2471, loss_rpn_cls: 0.0297, loss_rpn_bbox: 0.0188, loss_cls: 0.2366, acc: 94.1211, loss_bbox: 0.1980, loss: 0.4832
2020-10-26 14:59:28,984 - mmdet - INFO - Epoch [1][4650/6207]	lr: 2.500e-03, eta: 12:10:51, time: 0.303, data_time: 0.080, memory: 2471, loss_rpn_cls: 0.0266, loss_rpn_bbox: 0.0203, loss_cls: 0.2290, acc: 94.2324, loss_bbox: 0.1881, loss: 0.4639
2020-10-26 14:59:43,984 - mmdet - INFO - Epoch [1][4700/6207]	lr: 2.500e-03, eta: 12:10:30, time: 0.300, data_time: 0.092, memory: 2471, loss_rpn_cls: 0.0269, loss_rpn_bbox: 0.0175, loss_cls: 0.2307, acc: 94.4004, loss_bbox: 0.1906, loss: 0.4657
2020-10-26 14:59:59,193 - mmdet - INFO - Epoch [1][4750/6207]	lr: 2.500e-03, eta: 12:10:16, time: 0.304, data_time: 0.082, memory: 2471, loss_rpn_cls: 0.0275, loss_rpn_bbox: 0.0194, loss_cls: 0.2349, acc: 94.1787, loss_bbox: 0.1930, loss: 0.4748
2020-10-26 15:00:14,267 - mmdet - INFO - Epoch [1][4800/6207]	lr: 2.500e-03, eta: 12:09:57, time: 0.301, data_time: 0.087, memory: 2471, loss_rpn_cls: 0.0233, loss_rpn_bbox: 0.0173, loss_cls: 0.2160, acc: 94.5190, loss_bbox: 0.1820, loss: 0.4387
2020-10-26 15:00:29,243 - mmdet - INFO - Epoch [1][4850/6207]	lr: 2.500e-03, eta: 12:09:35, time: 0.300, data_time: 0.089, memory: 2471, loss_rpn_cls: 0.0222, loss_rpn_bbox: 0.0165, loss_cls: 0.2193, acc: 94.4185, loss_bbox: 0.1821, loss: 0.4401
2020-10-26 15:00:44,431 - mmdet - INFO - Epoch [1][4900/6207]	lr: 2.500e-03, eta: 12:09:20, time: 0.304, data_time: 0.081, memory: 2471, loss_rpn_cls: 0.0219, loss_rpn_bbox: 0.0171, loss_cls: 0.2320, acc: 94.2764, loss_bbox: 0.1919, loss: 0.4630
2020-10-26 15:00:59,650 - mmdet - INFO - Epoch [1][4950/6207]	lr: 2.500e-03, eta: 12:09:06, time: 0.304, data_time: 0.082, memory: 2471, loss_rpn_cls: 0.0248, loss_rpn_bbox: 0.0164, loss_cls: 0.2074, acc: 94.7109, loss_bbox: 0.1727, loss: 0.4213
2020-10-26 15:01:14,774 - mmdet - INFO - Exp name: faster_rcnn_r50_caffe_fpn_2x_voc_mocov1_200ep.py
2020-10-26 15:01:14,775 - mmdet - INFO - Epoch [1][5000/6207]	lr: 2.500e-03, eta: 12:08:49, time: 0.302, data_time: 0.085, memory: 2471, loss_rpn_cls: 0.0284, loss_rpn_bbox: 0.0191, loss_cls: 0.2049, acc: 94.7710, loss_bbox: 0.1739, loss: 0.4264
2020-10-26 15:01:29,907 - mmdet - INFO - Epoch [1][5050/6207]	lr: 2.500e-03, eta: 12:08:32, time: 0.303, data_time: 0.084, memory: 2471, loss_rpn_cls: 0.0269, loss_rpn_bbox: 0.0169, loss_cls: 0.2126, acc: 94.4629, loss_bbox: 0.1836, loss: 0.4400
2020-10-26 15:01:45,043 - mmdet - INFO - Epoch [1][5100/6207]	lr: 2.500e-03, eta: 12:08:16, time: 0.303, data_time: 0.082, memory: 2471, loss_rpn_cls: 0.0280, loss_rpn_bbox: 0.0179, loss_cls: 0.2405, acc: 93.9331, loss_bbox: 0.1948, loss: 0.4812
2020-10-26 15:02:00,060 - mmdet - INFO - Epoch [1][5150/6207]	lr: 2.500e-03, eta: 12:07:55, time: 0.300, data_time: 0.082, memory: 2471, loss_rpn_cls: 0.0273, loss_rpn_bbox: 0.0187, loss_cls: 0.2222, acc: 94.1191, loss_bbox: 0.1974, loss: 0.4656
2020-10-26 15:02:15,066 - mmdet - INFO - Epoch [1][5200/6207]	lr: 2.500e-03, eta: 12:07:36, time: 0.300, data_time: 0.078, memory: 2471, loss_rpn_cls: 0.0272, loss_rpn_bbox: 0.0174, loss_cls: 0.2242, acc: 94.2788, loss_bbox: 0.1862, loss: 0.4550
2020-10-26 15:02:30,064 - mmdet - INFO - Epoch [1][5250/6207]	lr: 2.500e-03, eta: 12:07:15, time: 0.300, data_time: 0.082, memory: 2471, loss_rpn_cls: 0.0272, loss_rpn_bbox: 0.0184, loss_cls: 0.2195, acc: 94.3608, loss_bbox: 0.1865, loss: 0.4515
2020-10-26 15:02:45,083 - mmdet - INFO - Epoch [1][5300/6207]	lr: 2.500e-03, eta: 12:06:55, time: 0.300, data_time: 0.078, memory: 2471, loss_rpn_cls: 0.0226, loss_rpn_bbox: 0.0186, loss_cls: 0.2290, acc: 93.8921, loss_bbox: 0.2007, loss: 0.4710
2020-10-26 15:03:00,091 - mmdet - INFO - Epoch [1][5350/6207]	lr: 2.500e-03, eta: 12:06:36, time: 0.300, data_time: 0.077, memory: 2471, loss_rpn_cls: 0.0243, loss_rpn_bbox: 0.0177, loss_cls: 0.2136, acc: 94.4702, loss_bbox: 0.1822, loss: 0.4377
2020-10-26 15:03:14,926 - mmdet - INFO - Epoch [1][5400/6207]	lr: 2.500e-03, eta: 12:06:12, time: 0.297, data_time: 0.079, memory: 2471, loss_rpn_cls: 0.0243, loss_rpn_bbox: 0.0165, loss_cls: 0.2038, acc: 94.5732, loss_bbox: 0.1818, loss: 0.4264
2020-10-26 15:03:29,918 - mmdet - INFO - Epoch [1][5450/6207]	lr: 2.500e-03, eta: 12:05:52, time: 0.300, data_time: 0.076, memory: 2471, loss_rpn_cls: 0.0237, loss_rpn_bbox: 0.0184, loss_cls: 0.2130, acc: 94.2363, loss_bbox: 0.1892, loss: 0.4444
2020-10-26 15:03:44,762 - mmdet - INFO - Epoch [1][5500/6207]	lr: 2.500e-03, eta: 12:05:28, time: 0.297, data_time: 0.075, memory: 2471, loss_rpn_cls: 0.0235, loss_rpn_bbox: 0.0177, loss_cls: 0.2086, acc: 94.6104, loss_bbox: 0.1792, loss: 0.4290
2020-10-26 15:03:59,824 - mmdet - INFO - Epoch [1][5550/6207]	lr: 2.500e-03, eta: 12:05:10, time: 0.301, data_time: 0.085, memory: 2471, loss_rpn_cls: 0.0235, loss_rpn_bbox: 0.0161, loss_cls: 0.1964, acc: 94.8398, loss_bbox: 0.1748, loss: 0.4108
2020-10-26 15:04:15,052 - mmdet - INFO - Epoch [1][5600/6207]	lr: 2.500e-03, eta: 12:04:56, time: 0.304, data_time: 0.081, memory: 2471, loss_rpn_cls: 0.0250, loss_rpn_bbox: 0.0166, loss_cls: 0.2238, acc: 94.2607, loss_bbox: 0.1850, loss: 0.4503
2020-10-26 15:04:30,102 - mmdet - INFO - Epoch [1][5650/6207]	lr: 2.500e-03, eta: 12:04:38, time: 0.301, data_time: 0.086, memory: 2471, loss_rpn_cls: 0.0233, loss_rpn_bbox: 0.0184, loss_cls: 0.2127, acc: 94.1309, loss_bbox: 0.1907, loss: 0.4451
2020-10-26 15:04:45,393 - mmdet - INFO - Epoch [1][5700/6207]	lr: 2.500e-03, eta: 12:04:26, time: 0.306, data_time: 0.080, memory: 2471, loss_rpn_cls: 0.0248, loss_rpn_bbox: 0.0165, loss_cls: 0.1963, acc: 94.7593, loss_bbox: 0.1769, loss: 0.4146
2020-10-26 15:05:00,556 - mmdet - INFO - Epoch [1][5750/6207]	lr: 2.500e-03, eta: 12:04:10, time: 0.303, data_time: 0.083, memory: 2471, loss_rpn_cls: 0.0210, loss_rpn_bbox: 0.0173, loss_cls: 0.2018, acc: 94.6719, loss_bbox: 0.1811, loss: 0.4212
2020-10-26 15:05:15,521 - mmdet - INFO - Epoch [1][5800/6207]	lr: 2.500e-03, eta: 12:03:50, time: 0.299, data_time: 0.088, memory: 2471, loss_rpn_cls: 0.0214, loss_rpn_bbox: 0.0173, loss_cls: 0.2126, acc: 94.0688, loss_bbox: 0.2018, loss: 0.4531
2020-10-26 15:05:30,823 - mmdet - INFO - Epoch [1][5850/6207]	lr: 2.500e-03, eta: 12:03:38, time: 0.306, data_time: 0.080, memory: 2471, loss_rpn_cls: 0.0251, loss_rpn_bbox: 0.0164, loss_cls: 0.2031, acc: 94.7368, loss_bbox: 0.1753, loss: 0.4199
2020-10-26 15:05:46,110 - mmdet - INFO - Epoch [1][5900/6207]	lr: 2.500e-03, eta: 12:03:26, time: 0.306, data_time: 0.083, memory: 2471, loss_rpn_cls: 0.0252, loss_rpn_bbox: 0.0177, loss_cls: 0.2099, acc: 94.2930, loss_bbox: 0.1881, loss: 0.4409
2020-10-26 15:06:01,295 - mmdet - INFO - Epoch [1][5950/6207]	lr: 2.500e-03, eta: 12:03:11, time: 0.304, data_time: 0.080, memory: 2471, loss_rpn_cls: 0.0264, loss_rpn_bbox: 0.0169, loss_cls: 0.1986, acc: 94.8999, loss_bbox: 0.1698, loss: 0.4117
2020-10-26 15:06:16,285 - mmdet - INFO - Exp name: faster_rcnn_r50_caffe_fpn_2x_voc_mocov1_200ep.py
2020-10-26 15:06:16,286 - mmdet - INFO - Epoch [1][6000/6207]	lr: 2.500e-03, eta: 12:02:52, time: 0.300, data_time: 0.092, memory: 2471, loss_rpn_cls: 0.0236, loss_rpn_bbox: 0.0173, loss_cls: 0.2009, acc: 94.4023, loss_bbox: 0.1849, loss: 0.4268
2020-10-26 15:06:31,603 - mmdet - INFO - Epoch [1][6050/6207]	lr: 2.500e-03, eta: 12:02:41, time: 0.307, data_time: 0.080, memory: 2471, loss_rpn_cls: 0.0241, loss_rpn_bbox: 0.0186, loss_cls: 0.2173, acc: 94.2446, loss_bbox: 0.1892, loss: 0.4492
2020-10-26 15:06:46,661 - mmdet - INFO - Epoch [1][6100/6207]	lr: 2.500e-03, eta: 12:02:22, time: 0.301, data_time: 0.087, memory: 2471, loss_rpn_cls: 0.0289, loss_rpn_bbox: 0.0191, loss_cls: 0.2018, acc: 94.3955, loss_bbox: 0.1878, loss: 0.4375
2020-10-26 15:07:01,747 - mmdet - INFO - Epoch [1][6150/6207]	lr: 2.500e-03, eta: 12:02:05, time: 0.302, data_time: 0.087, memory: 2471, loss_rpn_cls: 0.0221, loss_rpn_bbox: 0.0158, loss_cls: 0.1979, acc: 94.5356, loss_bbox: 0.1793, loss: 0.4152
2020-10-26 15:07:17,033 - mmdet - INFO - Epoch [1][6200/6207]	lr: 2.500e-03, eta: 12:01:53, time: 0.306, data_time: 0.083, memory: 2471, loss_rpn_cls: 0.0281, loss_rpn_bbox: 0.0194, loss_cls: 0.2153, acc: 94.1401, loss_bbox: 0.1938, loss: 0.4567
2020-10-26 15:07:19,065 - mmdet - INFO - Saving checkpoint at 1 epochs
2020-10-26 15:09:04,997 - mmdet - INFO - 
+-------------+------+------+--------+-------+
| class       | gts  | dets | recall | ap    |
+-------------+------+------+--------+-------+
| aeroplane   | 285  | 529  | 0.004  | 0.000 |
| bicycle     | 337  | 0    | 0.000  | 0.000 |
| bird        | 459  | 6    | 0.000  | 0.000 |
| boat        | 263  | 28   | 0.000  | 0.000 |
| bottle      | 469  | 0    | 0.000  | 0.000 |
| bus         | 213  | 0    | 0.000  | 0.000 |
| car         | 1201 | 2    | 0.000  | 0.000 |
| cat         | 358  | 0    | 0.000  | 0.000 |
| chair       | 756  | 178  | 0.000  | 0.000 |
| cow         | 244  | 0    | 0.000  | 0.000 |
| diningtable | 206  | 266  | 0.005  | 0.023 |
| dog         | 489  | 0    | 0.000  | 0.000 |
| horse       | 348  | 0    | 0.000  | 0.000 |
| motorbike   | 325  | 0    | 0.000  | 0.000 |
| person      | 4528 | 0    | 0.000  | 0.000 |
| pottedplant | 480  | 0    | 0.000  | 0.000 |
| sheep       | 242  | 0    | 0.000  | 0.000 |
| sofa        | 239  | 485  | 0.008  | 0.000 |
| train       | 282  | 1    | 0.000  | 0.000 |
| tvmonitor   | 308  | 8348 | 0.016  | 0.001 |
+-------------+------+------+--------+-------+
| mAP         |      |      |        | 0.001 |
+-------------+------+------+--------+-------+
2020-10-26 15:09:05,022 - mmdet - INFO - Exp name: faster_rcnn_r50_caffe_fpn_2x_voc_mocov1_200ep.py
2020-10-26 15:09:05,024 - mmdet - INFO - Epoch(val) [1][6207]	mAP: 0.0012
2020-10-26 15:09:22,922 - mmdet - INFO - Epoch [2][50/6207]	lr: 2.500e-03, eta: 12:01:45, time: 0.355, data_time: 0.139, memory: 2471, loss_rpn_cls: 0.0268, loss_rpn_bbox: 0.0187, loss_cls: 0.2151, acc: 94.0176, loss_bbox: 0.1978, loss: 0.4584
2020-10-26 15:09:38,014 - mmdet - INFO - Epoch [2][100/6207]	lr: 2.500e-03, eta: 12:01:28, time: 0.302, data_time: 0.082, memory: 2471, loss_rpn_cls: 0.0237, loss_rpn_bbox: 0.0169, loss_cls: 0.1955, acc: 94.5400, loss_bbox: 0.1767, loss: 0.4127
2020-10-26 15:09:53,154 - mmdet - INFO - Epoch [2][150/6207]	lr: 2.500e-03, eta: 12:01:12, time: 0.303, data_time: 0.086, memory: 2471, loss_rpn_cls: 0.0195, loss_rpn_bbox: 0.0163, loss_cls: 0.1942, acc: 94.5923, loss_bbox: 0.1828, loss: 0.4128
2020-10-26 15:10:08,317 - mmdet - INFO - Epoch [2][200/6207]	lr: 2.500e-03, eta: 12:00:57, time: 0.303, data_time: 0.082, memory: 2471, loss_rpn_cls: 0.0206, loss_rpn_bbox: 0.0155, loss_cls: 0.1940, acc: 94.6880, loss_bbox: 0.1709, loss: 0.4009
2020-10-26 15:10:23,537 - mmdet - INFO - Epoch [2][250/6207]	lr: 2.500e-03, eta: 12:00:43, time: 0.304, data_time: 0.084, memory: 2471, loss_rpn_cls: 0.0227, loss_rpn_bbox: 0.0184, loss_cls: 0.2076, acc: 94.1152, loss_bbox: 0.1970, loss: 0.4458
2020-10-26 15:10:38,497 - mmdet - INFO - Epoch [2][300/6207]	lr: 2.500e-03, eta: 12:00:23, time: 0.299, data_time: 0.091, memory: 2471, loss_rpn_cls: 0.0206, loss_rpn_bbox: 0.0170, loss_cls: 0.1998, acc: 94.4136, loss_bbox: 0.1860, loss: 0.4235
2020-10-26 15:10:53,629 - mmdet - INFO - Epoch [2][350/6207]	lr: 2.500e-03, eta: 12:00:07, time: 0.303, data_time: 0.082, memory: 2471, loss_rpn_cls: 0.0255, loss_rpn_bbox: 0.0175, loss_cls: 0.1989, acc: 94.3340, loss_bbox: 0.1869, loss: 0.4288
2020-10-26 15:11:08,527 - mmdet - INFO - Epoch [2][400/6207]	lr: 2.500e-03, eta: 11:59:46, time: 0.298, data_time: 0.090, memory: 2471, loss_rpn_cls: 0.0178, loss_rpn_bbox: 0.0150, loss_cls: 0.1920, acc: 94.6958, loss_bbox: 0.1800, loss: 0.4048
2020-10-26 15:11:23,673 - mmdet - INFO - Epoch [2][450/6207]	lr: 2.500e-03, eta: 11:59:31, time: 0.304, data_time: 0.080, memory: 2471, loss_rpn_cls: 0.0200, loss_rpn_bbox: 0.0146, loss_cls: 0.1905, acc: 94.8970, loss_bbox: 0.1708, loss: 0.3959
2020-10-26 15:11:38,839 - mmdet - INFO - Epoch [2][500/6207]	lr: 2.500e-03, eta: 11:59:15, time: 0.302, data_time: 0.082, memory: 2471, loss_rpn_cls: 0.0200, loss_rpn_bbox: 0.0157, loss_cls: 0.1853, acc: 94.7568, loss_bbox: 0.1748, loss: 0.3958
2020-10-26 15:11:53,976 - mmdet - INFO - Epoch [2][550/6207]	lr: 2.500e-03, eta: 11:59:00, time: 0.303, data_time: 0.086, memory: 2471, loss_rpn_cls: 0.0251, loss_rpn_bbox: 0.0193, loss_cls: 0.2118, acc: 93.9648, loss_bbox: 0.2059, loss: 0.4622
2020-10-26 15:12:09,133 - mmdet - INFO - Epoch [2][600/6207]	lr: 2.500e-03, eta: 11:58:44, time: 0.303, data_time: 0.082, memory: 2471, loss_rpn_cls: 0.0236, loss_rpn_bbox: 0.0171, loss_cls: 0.1788, acc: 94.8574, loss_bbox: 0.1743, loss: 0.3937
2020-10-26 15:12:24,296 - mmdet - INFO - Epoch [2][650/6207]	lr: 2.500e-03, eta: 11:58:29, time: 0.303, data_time: 0.083, memory: 2471, loss_rpn_cls: 0.0209, loss_rpn_bbox: 0.0165, loss_cls: 0.1799, acc: 94.8833, loss_bbox: 0.1768, loss: 0.3940
2020-10-26 15:12:39,454 - mmdet - INFO - Epoch [2][700/6207]	lr: 2.500e-03, eta: 11:58:13, time: 0.303, data_time: 0.088, memory: 2471, loss_rpn_cls: 0.0296, loss_rpn_bbox: 0.0196, loss_cls: 0.2089, acc: 94.3042, loss_bbox: 0.1927, loss: 0.4508
2020-10-26 15:12:54,582 - mmdet - INFO - Epoch [2][750/6207]	lr: 2.500e-03, eta: 11:57:57, time: 0.303, data_time: 0.084, memory: 2471, loss_rpn_cls: 0.0229, loss_rpn_bbox: 0.0166, loss_cls: 0.1938, acc: 94.5718, loss_bbox: 0.1804, loss: 0.4137
2020-10-26 15:13:09,805 - mmdet - INFO - Epoch [2][800/6207]	lr: 2.500e-03, eta: 11:57:43, time: 0.304, data_time: 0.085, memory: 2471, loss_rpn_cls: 0.0201, loss_rpn_bbox: 0.0162, loss_cls: 0.1919, acc: 94.5806, loss_bbox: 0.1808, loss: 0.4091
2020-10-26 15:13:24,927 - mmdet - INFO - Epoch [2][850/6207]	lr: 2.500e-03, eta: 11:57:27, time: 0.303, data_time: 0.084, memory: 2471, loss_rpn_cls: 0.0186, loss_rpn_bbox: 0.0160, loss_cls: 0.1904, acc: 94.5991, loss_bbox: 0.1858, loss: 0.4107
2020-10-26 15:13:40,067 - mmdet - INFO - Epoch [2][900/6207]	lr: 2.500e-03, eta: 11:57:11, time: 0.303, data_time: 0.088, memory: 2471, loss_rpn_cls: 0.0225, loss_rpn_bbox: 0.0181, loss_cls: 0.2029, acc: 94.4795, loss_bbox: 0.1833, loss: 0.4268
2020-10-26 15:13:55,228 - mmdet - INFO - Epoch [2][950/6207]	lr: 2.500e-03, eta: 11:56:56, time: 0.303, data_time: 0.080, memory: 2471, loss_rpn_cls: 0.0228, loss_rpn_bbox: 0.0186, loss_cls: 0.2019, acc: 94.3262, loss_bbox: 0.1909, loss: 0.4341
2020-10-26 15:14:10,389 - mmdet - INFO - Epoch [2][1000/6207]	lr: 2.500e-03, eta: 11:56:41, time: 0.303, data_time: 0.079, memory: 2471, loss_rpn_cls: 0.0217, loss_rpn_bbox: 0.0160, loss_cls: 0.1905, acc: 94.6201, loss_bbox: 0.1820, loss: 0.4102
2020-10-26 15:14:25,188 - mmdet - INFO - Epoch [2][1050/6207]	lr: 2.500e-03, eta: 11:56:19, time: 0.296, data_time: 0.091, memory: 2471, loss_rpn_cls: 0.0227, loss_rpn_bbox: 0.0158, loss_cls: 0.1905, acc: 94.7412, loss_bbox: 0.1707, loss: 0.3997
2020-10-26 15:14:40,371 - mmdet - INFO - Epoch [2][1100/6207]	lr: 2.500e-03, eta: 11:56:04, time: 0.303, data_time: 0.083, memory: 2471, loss_rpn_cls: 0.0213, loss_rpn_bbox: 0.0177, loss_cls: 0.2011, acc: 94.3013, loss_bbox: 0.1915, loss: 0.4316
2020-10-26 15:14:55,250 - mmdet - INFO - Epoch [2][1150/6207]	lr: 2.500e-03, eta: 11:55:43, time: 0.298, data_time: 0.089, memory: 2471, loss_rpn_cls: 0.0212, loss_rpn_bbox: 0.0154, loss_cls: 0.1926, acc: 94.5645, loss_bbox: 0.1806, loss: 0.4098
2020-10-26 15:15:10,303 - mmdet - INFO - Epoch [2][1200/6207]	lr: 2.500e-03, eta: 11:55:26, time: 0.301, data_time: 0.079, memory: 2471, loss_rpn_cls: 0.0217, loss_rpn_bbox: 0.0151, loss_cls: 0.1909, acc: 94.4414, loss_bbox: 0.1776, loss: 0.4053
2020-10-26 15:15:25,417 - mmdet - INFO - Epoch [2][1250/6207]	lr: 2.500e-03, eta: 11:55:10, time: 0.302, data_time: 0.084, memory: 2471, loss_rpn_cls: 0.0229, loss_rpn_bbox: 0.0174, loss_cls: 0.1940, acc: 94.5576, loss_bbox: 0.1843, loss: 0.4187
2020-10-26 15:15:40,605 - mmdet - INFO - Epoch [2][1300/6207]	lr: 2.500e-03, eta: 11:54:55, time: 0.304, data_time: 0.085, memory: 2471, loss_rpn_cls: 0.0230, loss_rpn_bbox: 0.0177, loss_cls: 0.1963, acc: 94.3730, loss_bbox: 0.1808, loss: 0.4177
2020-10-26 15:15:55,736 - mmdet - INFO - Epoch [2][1350/6207]	lr: 2.500e-03, eta: 11:54:39, time: 0.303, data_time: 0.089, memory: 2471, loss_rpn_cls: 0.0176, loss_rpn_bbox: 0.0153, loss_cls: 0.1828, acc: 94.7754, loss_bbox: 0.1801, loss: 0.3957
2020-10-26 15:16:10,848 - mmdet - INFO - Epoch [2][1400/6207]	lr: 2.500e-03, eta: 11:54:23, time: 0.303, data_time: 0.088, memory: 2471, loss_rpn_cls: 0.0234, loss_rpn_bbox: 0.0182, loss_cls: 0.2026, acc: 94.0781, loss_bbox: 0.1930, loss: 0.4372
2020-10-26 15:16:26,070 - mmdet - INFO - Epoch [2][1450/6207]	lr: 2.500e-03, eta: 11:54:09, time: 0.304, data_time: 0.081, memory: 2471, loss_rpn_cls: 0.0251, loss_rpn_bbox: 0.0180, loss_cls: 0.1888, acc: 94.7207, loss_bbox: 0.1797, loss: 0.4116
2020-10-26 15:16:41,342 - mmdet - INFO - Epoch [2][1500/6207]	lr: 2.500e-03, eta: 11:53:56, time: 0.305, data_time: 0.080, memory: 2471, loss_rpn_cls: 0.0224, loss_rpn_bbox: 0.0173, loss_cls: 0.2048, acc: 94.0073, loss_bbox: 0.1970, loss: 0.4415
2020-10-26 15:16:56,548 - mmdet - INFO - Epoch [2][1550/6207]	lr: 2.500e-03, eta: 11:53:42, time: 0.304, data_time: 0.084, memory: 2471, loss_rpn_cls: 0.0196, loss_rpn_bbox: 0.0162, loss_cls: 0.1938, acc: 94.3105, loss_bbox: 0.1877, loss: 0.4172
2020-10-26 15:17:11,818 - mmdet - INFO - Epoch [2][1600/6207]	lr: 2.500e-03, eta: 11:53:28, time: 0.305, data_time: 0.081, memory: 2471, loss_rpn_cls: 0.0242, loss_rpn_bbox: 0.0162, loss_cls: 0.1806, acc: 94.9473, loss_bbox: 0.1682, loss: 0.3892
2020-10-26 15:17:26,988 - mmdet - INFO - Epoch [2][1650/6207]	lr: 2.500e-03, eta: 11:53:13, time: 0.303, data_time: 0.085, memory: 2471, loss_rpn_cls: 0.0203, loss_rpn_bbox: 0.0168, loss_cls: 0.1908, acc: 94.3843, loss_bbox: 0.1869, loss: 0.4148
2020-10-26 15:17:42,196 - mmdet - INFO - Epoch [2][1700/6207]	lr: 2.500e-03, eta: 11:52:59, time: 0.304, data_time: 0.082, memory: 2471, loss_rpn_cls: 0.0203, loss_rpn_bbox: 0.0164, loss_cls: 0.1825, acc: 94.5659, loss_bbox: 0.1823, loss: 0.4016
2020-10-26 15:17:57,262 - mmdet - INFO - Epoch [2][1750/6207]	lr: 2.500e-03, eta: 11:52:42, time: 0.302, data_time: 0.085, memory: 2471, loss_rpn_cls: 0.0249, loss_rpn_bbox: 0.0175, loss_cls: 0.1823, acc: 94.7559, loss_bbox: 0.1732, loss: 0.3978
2020-10-26 15:18:12,498 - mmdet - INFO - Epoch [2][1800/6207]	lr: 2.500e-03, eta: 11:52:28, time: 0.304, data_time: 0.082, memory: 2471, loss_rpn_cls: 0.0225, loss_rpn_bbox: 0.0167, loss_cls: 0.1787, acc: 94.7773, loss_bbox: 0.1740, loss: 0.3919
2020-10-26 15:18:27,731 - mmdet - INFO - Epoch [2][1850/6207]	lr: 2.500e-03, eta: 11:52:14, time: 0.305, data_time: 0.083, memory: 2471, loss_rpn_cls: 0.0204, loss_rpn_bbox: 0.0158, loss_cls: 0.1789, acc: 94.7212, loss_bbox: 0.1782, loss: 0.3933
2020-10-26 15:18:42,870 - mmdet - INFO - Epoch [2][1900/6207]	lr: 2.500e-03, eta: 11:51:59, time: 0.303, data_time: 0.082, memory: 2471, loss_rpn_cls: 0.0195, loss_rpn_bbox: 0.0154, loss_cls: 0.1754, acc: 94.8623, loss_bbox: 0.1745, loss: 0.3848
2020-10-26 15:18:58,016 - mmdet - INFO - Epoch [2][1950/6207]	lr: 2.500e-03, eta: 11:51:43, time: 0.303, data_time: 0.081, memory: 2471, loss_rpn_cls: 0.0233, loss_rpn_bbox: 0.0168, loss_cls: 0.1946, acc: 94.2876, loss_bbox: 0.1851, loss: 0.4198
2020-10-26 15:19:13,007 - mmdet - INFO - Epoch [2][2000/6207]	lr: 2.500e-03, eta: 11:51:25, time: 0.300, data_time: 0.085, memory: 2471, loss_rpn_cls: 0.0194, loss_rpn_bbox: 0.0166, loss_cls: 0.1731, acc: 94.8604, loss_bbox: 0.1730, loss: 0.3821
2020-10-26 15:19:27,976 - mmdet - INFO - Epoch [2][2050/6207]	lr: 2.500e-03, eta: 11:51:07, time: 0.299, data_time: 0.083, memory: 2471, loss_rpn_cls: 0.0220, loss_rpn_bbox: 0.0163, loss_cls: 0.1656, acc: 95.1387, loss_bbox: 0.1630, loss: 0.3669
2020-10-26 15:19:43,183 - mmdet - INFO - Epoch [2][2100/6207]	lr: 2.500e-03, eta: 11:50:52, time: 0.304, data_time: 0.079, memory: 2471, loss_rpn_cls: 0.0214, loss_rpn_bbox: 0.0184, loss_cls: 0.1879, acc: 94.4785, loss_bbox: 0.1836, loss: 0.4112
2020-10-26 15:19:58,336 - mmdet - INFO - Epoch [2][2150/6207]	lr: 2.500e-03, eta: 11:50:37, time: 0.303, data_time: 0.084, memory: 2471, loss_rpn_cls: 0.0223, loss_rpn_bbox: 0.0179, loss_cls: 0.1830, acc: 94.5542, loss_bbox: 0.1819, loss: 0.4051
2020-10-26 15:20:13,481 - mmdet - INFO - Epoch [2][2200/6207]	lr: 2.500e-03, eta: 11:50:22, time: 0.303, data_time: 0.082, memory: 2471, loss_rpn_cls: 0.0199, loss_rpn_bbox: 0.0150, loss_cls: 0.1753, acc: 94.9194, loss_bbox: 0.1691, loss: 0.3792
2020-10-26 15:20:28,783 - mmdet - INFO - Epoch [2][2250/6207]	lr: 2.500e-03, eta: 11:50:09, time: 0.306, data_time: 0.080, memory: 2471, loss_rpn_cls: 0.0194, loss_rpn_bbox: 0.0159, loss_cls: 0.1745, acc: 94.8804, loss_bbox: 0.1752, loss: 0.3849
2020-10-26 15:20:43,896 - mmdet - INFO - Epoch [2][2300/6207]	lr: 2.500e-03, eta: 11:49:53, time: 0.302, data_time: 0.084, memory: 2471, loss_rpn_cls: 0.0214, loss_rpn_bbox: 0.0168, loss_cls: 0.1767, acc: 94.7998, loss_bbox: 0.1794, loss: 0.3943
2020-10-26 15:20:59,060 - mmdet - INFO - Epoch [2][2350/6207]	lr: 2.500e-03, eta: 11:49:37, time: 0.303, data_time: 0.081, memory: 2471, loss_rpn_cls: 0.0207, loss_rpn_bbox: 0.0160, loss_cls: 0.1720, acc: 94.8208, loss_bbox: 0.1760, loss: 0.3847
2020-10-26 15:21:14,068 - mmdet - INFO - Epoch [2][2400/6207]	lr: 2.500e-03, eta: 11:49:20, time: 0.300, data_time: 0.082, memory: 2471, loss_rpn_cls: 0.0189, loss_rpn_bbox: 0.0152, loss_cls: 0.1607, acc: 95.2466, loss_bbox: 0.1657, loss: 0.3605
2020-10-26 15:21:29,290 - mmdet - INFO - Epoch [2][2450/6207]	lr: 2.500e-03, eta: 11:49:06, time: 0.304, data_time: 0.082, memory: 2471, loss_rpn_cls: 0.0186, loss_rpn_bbox: 0.0169, loss_cls: 0.1761, acc: 94.8105, loss_bbox: 0.1772, loss: 0.3888
2020-10-26 15:21:44,342 - mmdet - INFO - Epoch [2][2500/6207]	lr: 2.500e-03, eta: 11:48:49, time: 0.301, data_time: 0.086, memory: 2471, loss_rpn_cls: 0.0219, loss_rpn_bbox: 0.0173, loss_cls: 0.1772, acc: 94.8379, loss_bbox: 0.1717, loss: 0.3881
2020-10-26 15:21:59,485 - mmdet - INFO - Epoch [2][2550/6207]	lr: 2.500e-03, eta: 11:48:33, time: 0.303, data_time: 0.083, memory: 2471, loss_rpn_cls: 0.0195, loss_rpn_bbox: 0.0168, loss_cls: 0.1787, acc: 94.7095, loss_bbox: 0.1783, loss: 0.3933
2020-10-26 15:22:14,759 - mmdet - INFO - Epoch [2][2600/6207]	lr: 2.500e-03, eta: 11:48:20, time: 0.306, data_time: 0.081, memory: 2471, loss_rpn_cls: 0.0205, loss_rpn_bbox: 0.0163, loss_cls: 0.1748, acc: 94.8188, loss_bbox: 0.1796, loss: 0.3913
2020-10-26 15:22:29,872 - mmdet - INFO - Epoch [2][2650/6207]	lr: 2.500e-03, eta: 11:48:04, time: 0.302, data_time: 0.085, memory: 2471, loss_rpn_cls: 0.0199, loss_rpn_bbox: 0.0175, loss_cls: 0.1798, acc: 94.5249, loss_bbox: 0.1879, loss: 0.4052
2020-10-26 15:22:44,915 - mmdet - INFO - Epoch [2][2700/6207]	lr: 2.500e-03, eta: 11:47:47, time: 0.301, data_time: 0.095, memory: 2471, loss_rpn_cls: 0.0218, loss_rpn_bbox: 0.0168, loss_cls: 0.1749, acc: 94.7476, loss_bbox: 0.1770, loss: 0.3905
2020-10-26 15:23:00,092 - mmdet - INFO - Epoch [2][2750/6207]	lr: 2.500e-03, eta: 11:47:32, time: 0.303, data_time: 0.083, memory: 2471, loss_rpn_cls: 0.0232, loss_rpn_bbox: 0.0156, loss_cls: 0.1755, acc: 94.7500, loss_bbox: 0.1768, loss: 0.3912
2020-10-26 15:23:15,177 - mmdet - INFO - Epoch [2][2800/6207]	lr: 2.500e-03, eta: 11:47:16, time: 0.302, data_time: 0.083, memory: 2471, loss_rpn_cls: 0.0205, loss_rpn_bbox: 0.0159, loss_cls: 0.1930, acc: 94.3701, loss_bbox: 0.1854, loss: 0.4147
2020-10-26 15:23:30,365 - mmdet - INFO - Epoch [2][2850/6207]	lr: 2.500e-03, eta: 11:47:01, time: 0.304, data_time: 0.085, memory: 2471, loss_rpn_cls: 0.0178, loss_rpn_bbox: 0.0151, loss_cls: 0.1729, acc: 94.7119, loss_bbox: 0.1834, loss: 0.3892
2020-10-26 15:23:45,440 - mmdet - INFO - Epoch [2][2900/6207]	lr: 2.500e-03, eta: 11:46:44, time: 0.301, data_time: 0.085, memory: 2471, loss_rpn_cls: 0.0186, loss_rpn_bbox: 0.0172, loss_cls: 0.1772, acc: 94.5830, loss_bbox: 0.1814, loss: 0.3944
2020-10-26 15:24:00,570 - mmdet - INFO - Epoch [2][2950/6207]	lr: 2.500e-03, eta: 11:46:29, time: 0.303, data_time: 0.085, memory: 2471, loss_rpn_cls: 0.0185, loss_rpn_bbox: 0.0162, loss_cls: 0.1754, acc: 94.6860, loss_bbox: 0.1783, loss: 0.3884
2020-10-26 15:24:15,789 - mmdet - INFO - Epoch [2][3000/6207]	lr: 2.500e-03, eta: 11:46:15, time: 0.305, data_time: 0.083, memory: 2471, loss_rpn_cls: 0.0216, loss_rpn_bbox: 0.0181, loss_cls: 0.1795, acc: 94.4604, loss_bbox: 0.1871, loss: 0.4064
2020-10-26 15:24:30,970 - mmdet - INFO - Epoch [2][3050/6207]	lr: 2.500e-03, eta: 11:46:00, time: 0.303, data_time: 0.079, memory: 2471, loss_rpn_cls: 0.0183, loss_rpn_bbox: 0.0154, loss_cls: 0.1722, acc: 94.6787, loss_bbox: 0.1814, loss: 0.3874
2020-10-26 15:24:46,164 - mmdet - INFO - Epoch [2][3100/6207]	lr: 2.500e-03, eta: 11:45:45, time: 0.304, data_time: 0.083, memory: 2471, loss_rpn_cls: 0.0170, loss_rpn_bbox: 0.0155, loss_cls: 0.1798, acc: 94.5962, loss_bbox: 0.1824, loss: 0.3947
2020-10-26 15:25:01,324 - mmdet - INFO - Epoch [2][3150/6207]	lr: 2.500e-03, eta: 11:45:30, time: 0.303, data_time: 0.081, memory: 2471, loss_rpn_cls: 0.0182, loss_rpn_bbox: 0.0170, loss_cls: 0.1753, acc: 94.7637, loss_bbox: 0.1843, loss: 0.3949
2020-10-26 15:25:16,480 - mmdet - INFO - Epoch [2][3200/6207]	lr: 2.500e-03, eta: 11:45:15, time: 0.303, data_time: 0.081, memory: 2471, loss_rpn_cls: 0.0199, loss_rpn_bbox: 0.0174, loss_cls: 0.1811, acc: 94.4019, loss_bbox: 0.1913, loss: 0.4097
2020-10-26 15:25:31,696 - mmdet - INFO - Epoch [2][3250/6207]	lr: 2.500e-03, eta: 11:45:01, time: 0.305, data_time: 0.080, memory: 2471, loss_rpn_cls: 0.0202, loss_rpn_bbox: 0.0178, loss_cls: 0.1710, acc: 94.7148, loss_bbox: 0.1868, loss: 0.3957
2020-10-26 15:25:46,947 - mmdet - INFO - Epoch [2][3300/6207]	lr: 2.500e-03, eta: 11:44:47, time: 0.305, data_time: 0.081, memory: 2471, loss_rpn_cls: 0.0201, loss_rpn_bbox: 0.0165, loss_cls: 0.1750, acc: 94.6309, loss_bbox: 0.1773, loss: 0.3889
2020-10-26 15:26:02,213 - mmdet - INFO - Epoch [2][3350/6207]	lr: 2.500e-03, eta: 11:44:33, time: 0.305, data_time: 0.084, memory: 2471, loss_rpn_cls: 0.0221, loss_rpn_bbox: 0.0175, loss_cls: 0.1897, acc: 94.2964, loss_bbox: 0.1938, loss: 0.4232
2020-10-26 15:26:17,382 - mmdet - INFO - Epoch [2][3400/6207]	lr: 2.500e-03, eta: 11:44:18, time: 0.303, data_time: 0.084, memory: 2471, loss_rpn_cls: 0.0186, loss_rpn_bbox: 0.0158, loss_cls: 0.1776, acc: 94.6763, loss_bbox: 0.1835, loss: 0.3955
2020-10-26 15:26:32,563 - mmdet - INFO - Epoch [2][3450/6207]	lr: 2.500e-03, eta: 11:44:03, time: 0.304, data_time: 0.083, memory: 2471, loss_rpn_cls: 0.0206, loss_rpn_bbox: 0.0163, loss_cls: 0.1907, acc: 94.3838, loss_bbox: 0.1871, loss: 0.4146
2020-10-26 15:26:47,812 - mmdet - INFO - Epoch [2][3500/6207]	lr: 2.500e-03, eta: 11:43:49, time: 0.305, data_time: 0.080, memory: 2471, loss_rpn_cls: 0.0193, loss_rpn_bbox: 0.0177, loss_cls: 0.1842, acc: 94.4951, loss_bbox: 0.1845, loss: 0.4058
2020-10-26 15:27:02,894 - mmdet - INFO - Epoch [2][3550/6207]	lr: 2.500e-03, eta: 11:43:33, time: 0.302, data_time: 0.083, memory: 2471, loss_rpn_cls: 0.0217, loss_rpn_bbox: 0.0154, loss_cls: 0.1752, acc: 94.7783, loss_bbox: 0.1799, loss: 0.3921
2020-10-26 15:27:18,161 - mmdet - INFO - Epoch [2][3600/6207]	lr: 2.500e-03, eta: 11:43:19, time: 0.305, data_time: 0.081, memory: 2471, loss_rpn_cls: 0.0263, loss_rpn_bbox: 0.0178, loss_cls: 0.1797, acc: 94.7349, loss_bbox: 0.1793, loss: 0.4031
2020-10-26 15:27:33,296 - mmdet - INFO - Epoch [2][3650/6207]	lr: 2.500e-03, eta: 11:43:03, time: 0.303, data_time: 0.082, memory: 2471, loss_rpn_cls: 0.0181, loss_rpn_bbox: 0.0150, loss_cls: 0.1567, acc: 95.1104, loss_bbox: 0.1732, loss: 0.3630
2020-10-26 15:27:48,188 - mmdet - INFO - Epoch [2][3700/6207]	lr: 2.500e-03, eta: 11:42:44, time: 0.298, data_time: 0.088, memory: 2471, loss_rpn_cls: 0.0243, loss_rpn_bbox: 0.0180, loss_cls: 0.1744, acc: 94.8086, loss_bbox: 0.1720, loss: 0.3887
2020-10-26 15:28:03,352 - mmdet - INFO - Epoch [2][3750/6207]	lr: 2.500e-03, eta: 11:42:29, time: 0.303, data_time: 0.078, memory: 2471, loss_rpn_cls: 0.0210, loss_rpn_bbox: 0.0159, loss_cls: 0.1680, acc: 94.8760, loss_bbox: 0.1765, loss: 0.3814
2020-10-26 15:28:18,555 - mmdet - INFO - Epoch [2][3800/6207]	lr: 2.500e-03, eta: 11:42:15, time: 0.304, data_time: 0.079, memory: 2471, loss_rpn_cls: 0.0173, loss_rpn_bbox: 0.0146, loss_cls: 0.1592, acc: 95.0610, loss_bbox: 0.1708, loss: 0.3618
2020-10-26 15:28:33,596 - mmdet - INFO - Epoch [2][3850/6207]	lr: 2.500e-03, eta: 11:41:58, time: 0.301, data_time: 0.087, memory: 2471, loss_rpn_cls: 0.0192, loss_rpn_bbox: 0.0151, loss_cls: 0.1712, acc: 94.8105, loss_bbox: 0.1803, loss: 0.3859
2020-10-26 15:28:48,694 - mmdet - INFO - Epoch [2][3900/6207]	lr: 2.500e-03, eta: 11:41:42, time: 0.302, data_time: 0.085, memory: 2471, loss_rpn_cls: 0.0183, loss_rpn_bbox: 0.0151, loss_cls: 0.1654, acc: 94.8862, loss_bbox: 0.1734, loss: 0.3723
2020-10-26 15:29:03,912 - mmdet - INFO - Epoch [2][3950/6207]	lr: 2.500e-03, eta: 11:41:28, time: 0.304, data_time: 0.084, memory: 2471, loss_rpn_cls: 0.0159, loss_rpn_bbox: 0.0141, loss_cls: 0.1631, acc: 95.0342, loss_bbox: 0.1721, loss: 0.3652
2020-10-26 15:29:19,106 - mmdet - INFO - Epoch [2][4000/6207]	lr: 2.500e-03, eta: 11:41:13, time: 0.304, data_time: 0.086, memory: 2471, loss_rpn_cls: 0.0180, loss_rpn_bbox: 0.0162, loss_cls: 0.1665, acc: 94.7188, loss_bbox: 0.1791, loss: 0.3798
2020-10-26 15:29:34,036 - mmdet - INFO - Epoch [2][4050/6207]	lr: 2.500e-03, eta: 11:40:55, time: 0.299, data_time: 0.091, memory: 2471, loss_rpn_cls: 0.0173, loss_rpn_bbox: 0.0147, loss_cls: 0.1592, acc: 95.1748, loss_bbox: 0.1660, loss: 0.3571
2020-10-26 15:29:49,264 - mmdet - INFO - Epoch [2][4100/6207]	lr: 2.500e-03, eta: 11:40:40, time: 0.304, data_time: 0.081, memory: 2471, loss_rpn_cls: 0.0186, loss_rpn_bbox: 0.0158, loss_cls: 0.1791, acc: 94.5576, loss_bbox: 0.1842, loss: 0.3977
2020-10-26 15:30:04,447 - mmdet - INFO - Epoch [2][4150/6207]	lr: 2.500e-03, eta: 11:40:25, time: 0.304, data_time: 0.085, memory: 2471, loss_rpn_cls: 0.0198, loss_rpn_bbox: 0.0167, loss_cls: 0.1698, acc: 94.6704, loss_bbox: 0.1855, loss: 0.3918
2020-10-26 15:30:19,635 - mmdet - INFO - Epoch [2][4200/6207]	lr: 2.500e-03, eta: 11:40:11, time: 0.304, data_time: 0.078, memory: 2471, loss_rpn_cls: 0.0156, loss_rpn_bbox: 0.0141, loss_cls: 0.1611, acc: 95.2432, loss_bbox: 0.1666, loss: 0.3574
2020-10-26 15:30:34,893 - mmdet - INFO - Epoch [2][4250/6207]	lr: 2.500e-03, eta: 11:39:57, time: 0.305, data_time: 0.081, memory: 2471, loss_rpn_cls: 0.0206, loss_rpn_bbox: 0.0159, loss_cls: 0.1732, acc: 94.8926, loss_bbox: 0.1744, loss: 0.3840
2020-10-26 15:30:50,158 - mmdet - INFO - Epoch [2][4300/6207]	lr: 2.500e-03, eta: 11:39:43, time: 0.306, data_time: 0.081, memory: 2471, loss_rpn_cls: 0.0157, loss_rpn_bbox: 0.0142, loss_cls: 0.1539, acc: 95.0879, loss_bbox: 0.1681, loss: 0.3518
2020-10-26 15:31:05,358 - mmdet - INFO - Epoch [2][4350/6207]	lr: 2.500e-03, eta: 11:39:28, time: 0.304, data_time: 0.081, memory: 2471, loss_rpn_cls: 0.0183, loss_rpn_bbox: 0.0149, loss_cls: 0.1599, acc: 95.2134, loss_bbox: 0.1606, loss: 0.3538
2020-10-26 15:31:20,736 - mmdet - INFO - Epoch [2][4400/6207]	lr: 2.500e-03, eta: 11:39:16, time: 0.308, data_time: 0.082, memory: 2471, loss_rpn_cls: 0.0231, loss_rpn_bbox: 0.0157, loss_cls: 0.1719, acc: 94.9624, loss_bbox: 0.1743, loss: 0.3849
2020-10-26 15:31:35,645 - mmdet - INFO - Epoch [2][4450/6207]	lr: 2.500e-03, eta: 11:38:58, time: 0.298, data_time: 0.092, memory: 2471, loss_rpn_cls: 0.0199, loss_rpn_bbox: 0.0149, loss_cls: 0.1629, acc: 95.1138, loss_bbox: 0.1697, loss: 0.3674
2020-10-26 15:31:50,770 - mmdet - INFO - Epoch [2][4500/6207]	lr: 2.500e-03, eta: 11:38:42, time: 0.302, data_time: 0.084, memory: 2471, loss_rpn_cls: 0.0173, loss_rpn_bbox: 0.0154, loss_cls: 0.1608, acc: 94.9263, loss_bbox: 0.1782, loss: 0.3718
2020-10-26 15:32:05,923 - mmdet - INFO - Epoch [2][4550/6207]	lr: 2.500e-03, eta: 11:38:27, time: 0.303, data_time: 0.088, memory: 2471, loss_rpn_cls: 0.0172, loss_rpn_bbox: 0.0153, loss_cls: 0.1750, acc: 94.8193, loss_bbox: 0.1725, loss: 0.3799
2020-10-26 15:32:21,080 - mmdet - INFO - Epoch [2][4600/6207]	lr: 2.500e-03, eta: 11:38:11, time: 0.303, data_time: 0.084, memory: 2471, loss_rpn_cls: 0.0205, loss_rpn_bbox: 0.0167, loss_cls: 0.1701, acc: 94.7495, loss_bbox: 0.1781, loss: 0.3854
2020-10-26 15:32:36,273 - mmdet - INFO - Epoch [2][4650/6207]	lr: 2.500e-03, eta: 11:37:57, time: 0.304, data_time: 0.079, memory: 2471, loss_rpn_cls: 0.0186, loss_rpn_bbox: 0.0144, loss_cls: 0.1628, acc: 95.0703, loss_bbox: 0.1722, loss: 0.3680
2020-10-26 15:32:51,563 - mmdet - INFO - Epoch [2][4700/6207]	lr: 2.500e-03, eta: 11:37:43, time: 0.306, data_time: 0.081, memory: 2471, loss_rpn_cls: 0.0166, loss_rpn_bbox: 0.0139, loss_cls: 0.1521, acc: 95.3560, loss_bbox: 0.1561, loss: 0.3387
2020-10-26 15:33:06,660 - mmdet - INFO - Epoch [2][4750/6207]	lr: 2.500e-03, eta: 11:37:27, time: 0.302, data_time: 0.082, memory: 2471, loss_rpn_cls: 0.0174, loss_rpn_bbox: 0.0147, loss_cls: 0.1556, acc: 95.2466, loss_bbox: 0.1661, loss: 0.3537
2020-10-26 15:33:21,626 - mmdet - INFO - Epoch [2][4800/6207]	lr: 2.500e-03, eta: 11:37:10, time: 0.299, data_time: 0.089, memory: 2471, loss_rpn_cls: 0.0178, loss_rpn_bbox: 0.0163, loss_cls: 0.1678, acc: 94.6880, loss_bbox: 0.1815, loss: 0.3833
2020-10-26 15:33:36,829 - mmdet - INFO - Epoch [2][4850/6207]	lr: 2.500e-03, eta: 11:36:55, time: 0.304, data_time: 0.083, memory: 2471, loss_rpn_cls: 0.0162, loss_rpn_bbox: 0.0146, loss_cls: 0.1624, acc: 95.0312, loss_bbox: 0.1737, loss: 0.3668
2020-10-26 15:33:52,021 - mmdet - INFO - Epoch [2][4900/6207]	lr: 2.500e-03, eta: 11:36:40, time: 0.304, data_time: 0.088, memory: 2471, loss_rpn_cls: 0.0164, loss_rpn_bbox: 0.0151, loss_cls: 0.1585, acc: 95.0000, loss_bbox: 0.1755, loss: 0.3656
2020-10-26 15:34:07,214 - mmdet - INFO - Epoch [2][4950/6207]	lr: 2.500e-03, eta: 11:36:25, time: 0.304, data_time: 0.076, memory: 2471, loss_rpn_cls: 0.0148, loss_rpn_bbox: 0.0138, loss_cls: 0.1501, acc: 95.4189, loss_bbox: 0.1579, loss: 0.3366
2020-10-26 15:34:22,396 - mmdet - INFO - Epoch [2][5000/6207]	lr: 2.500e-03, eta: 11:36:11, time: 0.304, data_time: 0.083, memory: 2471, loss_rpn_cls: 0.0209, loss_rpn_bbox: 0.0186, loss_cls: 0.1659, acc: 94.7935, loss_bbox: 0.1898, loss: 0.3951
2020-10-26 15:34:37,646 - mmdet - INFO - Epoch [2][5050/6207]	lr: 2.500e-03, eta: 11:35:57, time: 0.305, data_time: 0.081, memory: 2471, loss_rpn_cls: 0.0184, loss_rpn_bbox: 0.0161, loss_cls: 0.1699, acc: 94.7959, loss_bbox: 0.1814, loss: 0.3857
2020-10-26 15:34:52,875 - mmdet - INFO - Epoch [2][5100/6207]	lr: 2.500e-03, eta: 11:35:42, time: 0.305, data_time: 0.086, memory: 2471, loss_rpn_cls: 0.0211, loss_rpn_bbox: 0.0166, loss_cls: 0.1772, acc: 94.5166, loss_bbox: 0.1834, loss: 0.3982
2020-10-26 15:35:07,981 - mmdet - INFO - Epoch [2][5150/6207]	lr: 2.500e-03, eta: 11:35:26, time: 0.302, data_time: 0.081, memory: 2471, loss_rpn_cls: 0.0204, loss_rpn_bbox: 0.0162, loss_cls: 0.1659, acc: 94.9058, loss_bbox: 0.1761, loss: 0.3786
2020-10-26 15:35:22,961 - mmdet - INFO - Epoch [2][5200/6207]	lr: 2.500e-03, eta: 11:35:09, time: 0.300, data_time: 0.080, memory: 2471, loss_rpn_cls: 0.0161, loss_rpn_bbox: 0.0160, loss_cls: 0.1711, acc: 94.7222, loss_bbox: 0.1835, loss: 0.3868
2020-10-26 15:35:37,920 - mmdet - INFO - Epoch [2][5250/6207]	lr: 2.500e-03, eta: 11:34:52, time: 0.299, data_time: 0.080, memory: 2471, loss_rpn_cls: 0.0168, loss_rpn_bbox: 0.0153, loss_cls: 0.1614, acc: 94.8594, loss_bbox: 0.1829, loss: 0.3765
2020-10-26 15:35:53,051 - mmdet - INFO - Epoch [2][5300/6207]	lr: 2.500e-03, eta: 11:34:36, time: 0.302, data_time: 0.078, memory: 2471, loss_rpn_cls: 0.0194, loss_rpn_bbox: 0.0138, loss_cls: 0.1680, acc: 94.9160, loss_bbox: 0.1724, loss: 0.3736
2020-10-26 15:36:08,003 - mmdet - INFO - Epoch [2][5350/6207]	lr: 2.500e-03, eta: 11:34:18, time: 0.299, data_time: 0.076, memory: 2471, loss_rpn_cls: 0.0180, loss_rpn_bbox: 0.0157, loss_cls: 0.1651, acc: 94.9111, loss_bbox: 0.1725, loss: 0.3713
2020-10-26 15:36:22,999 - mmdet - INFO - Epoch [2][5400/6207]	lr: 2.500e-03, eta: 11:34:01, time: 0.300, data_time: 0.078, memory: 2471, loss_rpn_cls: 0.0190, loss_rpn_bbox: 0.0158, loss_cls: 0.1645, acc: 94.9619, loss_bbox: 0.1750, loss: 0.3744
2020-10-26 15:36:37,918 - mmdet - INFO - Epoch [2][5450/6207]	lr: 2.500e-03, eta: 11:33:43, time: 0.298, data_time: 0.080, memory: 2471, loss_rpn_cls: 0.0188, loss_rpn_bbox: 0.0161, loss_cls: 0.1560, acc: 95.0996, loss_bbox: 0.1716, loss: 0.3625
2020-10-26 15:36:52,759 - mmdet - INFO - Epoch [2][5500/6207]	lr: 2.500e-03, eta: 11:33:24, time: 0.297, data_time: 0.079, memory: 2471, loss_rpn_cls: 0.0184, loss_rpn_bbox: 0.0143, loss_cls: 0.1654, acc: 94.9053, loss_bbox: 0.1705, loss: 0.3686
2020-10-26 15:37:07,826 - mmdet - INFO - Epoch [2][5550/6207]	lr: 2.500e-03, eta: 11:33:08, time: 0.301, data_time: 0.085, memory: 2471, loss_rpn_cls: 0.0194, loss_rpn_bbox: 0.0154, loss_cls: 0.1505, acc: 95.3730, loss_bbox: 0.1617, loss: 0.3470
2020-10-26 15:37:23,072 - mmdet - INFO - Epoch [2][5600/6207]	lr: 2.500e-03, eta: 11:32:54, time: 0.305, data_time: 0.083, memory: 2471, loss_rpn_cls: 0.0182, loss_rpn_bbox: 0.0155, loss_cls: 0.1574, acc: 95.2139, loss_bbox: 0.1678, loss: 0.3589
2020-10-26 15:37:38,236 - mmdet - INFO - Epoch [2][5650/6207]	lr: 2.500e-03, eta: 11:32:39, time: 0.303, data_time: 0.082, memory: 2471, loss_rpn_cls: 0.0176, loss_rpn_bbox: 0.0150, loss_cls: 0.1462, acc: 95.4297, loss_bbox: 0.1627, loss: 0.3415
2020-10-26 15:37:53,514 - mmdet - INFO - Epoch [2][5700/6207]	lr: 2.500e-03, eta: 11:32:25, time: 0.306, data_time: 0.082, memory: 2471, loss_rpn_cls: 0.0135, loss_rpn_bbox: 0.0137, loss_cls: 0.1543, acc: 95.0723, loss_bbox: 0.1681, loss: 0.3496
2020-10-26 15:38:08,716 - mmdet - INFO - Epoch [2][5750/6207]	lr: 2.500e-03, eta: 11:32:11, time: 0.304, data_time: 0.081, memory: 2471, loss_rpn_cls: 0.0192, loss_rpn_bbox: 0.0171, loss_cls: 0.1619, acc: 94.9106, loss_bbox: 0.1809, loss: 0.3790
2020-10-26 15:38:23,872 - mmdet - INFO - Epoch [2][5800/6207]	lr: 2.500e-03, eta: 11:31:55, time: 0.303, data_time: 0.084, memory: 2471, loss_rpn_cls: 0.0166, loss_rpn_bbox: 0.0137, loss_cls: 0.1473, acc: 95.3115, loss_bbox: 0.1598, loss: 0.3374
2020-10-26 15:38:38,977 - mmdet - INFO - Epoch [2][5850/6207]	lr: 2.500e-03, eta: 11:31:40, time: 0.302, data_time: 0.086, memory: 2471, loss_rpn_cls: 0.0160, loss_rpn_bbox: 0.0153, loss_cls: 0.1573, acc: 95.0776, loss_bbox: 0.1735, loss: 0.3620
2020-10-26 15:38:54,249 - mmdet - INFO - Epoch [2][5900/6207]	lr: 2.500e-03, eta: 11:31:26, time: 0.305, data_time: 0.079, memory: 2471, loss_rpn_cls: 0.0188, loss_rpn_bbox: 0.0151, loss_cls: 0.1548, acc: 95.1304, loss_bbox: 0.1702, loss: 0.3589
2020-10-26 15:39:09,392 - mmdet - INFO - Epoch [2][5950/6207]	lr: 2.500e-03, eta: 11:31:11, time: 0.303, data_time: 0.079, memory: 2471, loss_rpn_cls: 0.0153, loss_rpn_bbox: 0.0146, loss_cls: 0.1527, acc: 95.1143, loss_bbox: 0.1751, loss: 0.3576
2020-10-26 15:39:24,300 - mmdet - INFO - Epoch [2][6000/6207]	lr: 2.500e-03, eta: 11:30:53, time: 0.298, data_time: 0.105, memory: 2471, loss_rpn_cls: 0.0175, loss_rpn_bbox: 0.0155, loss_cls: 0.1614, acc: 95.0371, loss_bbox: 0.1743, loss: 0.3687
2020-10-26 15:39:39,531 - mmdet - INFO - Epoch [2][6050/6207]	lr: 2.500e-03, eta: 11:30:38, time: 0.305, data_time: 0.082, memory: 2471, loss_rpn_cls: 0.0138, loss_rpn_bbox: 0.0140, loss_cls: 0.1536, acc: 95.1650, loss_bbox: 0.1663, loss: 0.3478
2020-10-26 15:39:54,675 - mmdet - INFO - Epoch [2][6100/6207]	lr: 2.500e-03, eta: 11:30:23, time: 0.303, data_time: 0.080, memory: 2471, loss_rpn_cls: 0.0159, loss_rpn_bbox: 0.0143, loss_cls: 0.1500, acc: 95.2725, loss_bbox: 0.1643, loss: 0.3445
2020-10-26 15:40:09,843 - mmdet - INFO - Epoch [2][6150/6207]	lr: 2.500e-03, eta: 11:30:08, time: 0.303, data_time: 0.080, memory: 2471, loss_rpn_cls: 0.0187, loss_rpn_bbox: 0.0162, loss_cls: 0.1513, acc: 95.2783, loss_bbox: 0.1650, loss: 0.3513
2020-10-26 15:40:25,016 - mmdet - INFO - Epoch [2][6200/6207]	lr: 2.500e-03, eta: 11:29:53, time: 0.303, data_time: 0.082, memory: 2471, loss_rpn_cls: 0.0171, loss_rpn_bbox: 0.0163, loss_cls: 0.1579, acc: 94.9961, loss_bbox: 0.1753, loss: 0.3665
2020-10-26 15:40:27,014 - mmdet - INFO - Saving checkpoint at 2 epochs
2020-10-26 15:42:11,766 - mmdet - INFO - 
+-------------+------+-------+--------+-------+
| class       | gts  | dets  | recall | ap    |
+-------------+------+-------+--------+-------+
| aeroplane   | 285  | 9905  | 0.060  | 0.000 |
| bicycle     | 337  | 0     | 0.000  | 0.000 |
| bird        | 459  | 15    | 0.000  | 0.000 |
| boat        | 263  | 160   | 0.000  | 0.000 |
| bottle      | 469  | 0     | 0.000  | 0.000 |
| bus         | 213  | 0     | 0.000  | 0.000 |
| car         | 1201 | 28    | 0.000  | 0.000 |
| cat         | 358  | 72    | 0.000  | 0.000 |
| chair       | 756  | 18    | 0.000  | 0.000 |
| cow         | 244  | 0     | 0.000  | 0.000 |
| diningtable | 206  | 3     | 0.000  | 0.000 |
| dog         | 489  | 0     | 0.000  | 0.000 |
| horse       | 348  | 0     | 0.000  | 0.000 |
| motorbike   | 325  | 0     | 0.000  | 0.000 |
| person      | 4528 | 0     | 0.000  | 0.000 |
| pottedplant | 480  | 1     | 0.000  | 0.000 |
| sheep       | 242  | 0     | 0.000  | 0.000 |
| sofa        | 239  | 28    | 0.000  | 0.000 |
| train       | 282  | 0     | 0.000  | 0.000 |
| tvmonitor   | 308  | 12707 | 0.039  | 0.001 |
+-------------+------+-------+--------+-------+
| mAP         |      |       |        | 0.000 |
+-------------+------+-------+--------+-------+
2020-10-26 15:42:11,805 - mmdet - INFO - Exp name: faster_rcnn_r50_caffe_fpn_2x_voc_mocov1_200ep.py
2020-10-26 15:42:11,805 - mmdet - INFO - Epoch(val) [2][6207]	mAP: 0.0000
2020-10-26 15:42:29,895 - mmdet - INFO - Epoch [3][50/6207]	lr: 2.500e-03, eta: 11:29:43, time: 0.358, data_time: 0.135, memory: 2471, loss_rpn_cls: 0.0154, loss_rpn_bbox: 0.0150, loss_cls: 0.1492, acc: 95.1880, loss_bbox: 0.1749, loss: 0.3545
2020-10-26 15:42:45,093 - mmdet - INFO - Epoch [3][100/6207]	lr: 2.500e-03, eta: 11:29:28, time: 0.304, data_time: 0.083, memory: 2471, loss_rpn_cls: 0.0138, loss_rpn_bbox: 0.0143, loss_cls: 0.1451, acc: 95.2173, loss_bbox: 0.1708, loss: 0.3440
2020-10-26 15:43:00,243 - mmdet - INFO - Epoch [3][150/6207]	lr: 2.500e-03, eta: 11:29:13, time: 0.303, data_time: 0.083, memory: 2471, loss_rpn_cls: 0.0156, loss_rpn_bbox: 0.0148, loss_cls: 0.1635, acc: 94.8721, loss_bbox: 0.1800, loss: 0.3740
2020-10-26 15:43:15,504 - mmdet - INFO - Epoch [3][200/6207]	lr: 2.500e-03, eta: 11:28:59, time: 0.305, data_time: 0.083, memory: 2471, loss_rpn_cls: 0.0157, loss_rpn_bbox: 0.0149, loss_cls: 0.1523, acc: 95.2632, loss_bbox: 0.1640, loss: 0.3469
2020-10-26 15:43:30,709 - mmdet - INFO - Epoch [3][250/6207]	lr: 2.500e-03, eta: 11:28:44, time: 0.304, data_time: 0.081, memory: 2471, loss_rpn_cls: 0.0178, loss_rpn_bbox: 0.0144, loss_cls: 0.1403, acc: 95.5371, loss_bbox: 0.1519, loss: 0.3244
2020-10-26 15:43:45,877 - mmdet - INFO - Epoch [3][300/6207]	lr: 2.500e-03, eta: 11:28:29, time: 0.303, data_time: 0.081, memory: 2471, loss_rpn_cls: 0.0145, loss_rpn_bbox: 0.0144, loss_cls: 0.1513, acc: 95.2222, loss_bbox: 0.1677, loss: 0.3479
2020-10-26 15:44:01,074 - mmdet - INFO - Epoch [3][350/6207]	lr: 2.500e-03, eta: 11:28:14, time: 0.304, data_time: 0.081, memory: 2471, loss_rpn_cls: 0.0174, loss_rpn_bbox: 0.0149, loss_cls: 0.1516, acc: 95.1743, loss_bbox: 0.1694, loss: 0.3532
2020-10-26 15:44:16,256 - mmdet - INFO - Epoch [3][400/6207]	lr: 2.500e-03, eta: 11:27:59, time: 0.304, data_time: 0.081, memory: 2471, loss_rpn_cls: 0.0156, loss_rpn_bbox: 0.0147, loss_cls: 0.1394, acc: 95.4785, loss_bbox: 0.1611, loss: 0.3308
2020-10-26 15:44:31,424 - mmdet - INFO - Epoch [3][450/6207]	lr: 2.500e-03, eta: 11:27:44, time: 0.303, data_time: 0.084, memory: 2471, loss_rpn_cls: 0.0155, loss_rpn_bbox: 0.0152, loss_cls: 0.1573, acc: 94.8296, loss_bbox: 0.1769, loss: 0.3649
2020-10-26 15:44:46,812 - mmdet - INFO - Epoch [3][500/6207]	lr: 2.500e-03, eta: 11:27:31, time: 0.308, data_time: 0.084, memory: 2471, loss_rpn_cls: 0.0137, loss_rpn_bbox: 0.0142, loss_cls: 0.1459, acc: 95.3345, loss_bbox: 0.1624, loss: 0.3363
2020-10-26 15:45:02,066 - mmdet - INFO - Epoch [3][550/6207]	lr: 2.500e-03, eta: 11:27:17, time: 0.305, data_time: 0.078, memory: 2471, loss_rpn_cls: 0.0171, loss_rpn_bbox: 0.0149, loss_cls: 0.1716, acc: 94.6880, loss_bbox: 0.1735, loss: 0.3771
2020-10-26 15:45:17,279 - mmdet - INFO - Epoch [3][600/6207]	lr: 2.500e-03, eta: 11:27:03, time: 0.304, data_time: 0.085, memory: 2471, loss_rpn_cls: 0.0154, loss_rpn_bbox: 0.0150, loss_cls: 0.1455, acc: 95.3574, loss_bbox: 0.1650, loss: 0.3410
2020-10-26 15:45:32,390 - mmdet - INFO - Epoch [3][650/6207]	lr: 2.500e-03, eta: 11:26:47, time: 0.302, data_time: 0.082, memory: 2471, loss_rpn_cls: 0.0138, loss_rpn_bbox: 0.0145, loss_cls: 0.1479, acc: 95.2690, loss_bbox: 0.1654, loss: 0.3415
2020-10-26 15:45:47,655 - mmdet - INFO - Epoch [3][700/6207]	lr: 2.500e-03, eta: 11:26:33, time: 0.305, data_time: 0.082, memory: 2471, loss_rpn_cls: 0.0178, loss_rpn_bbox: 0.0165, loss_cls: 0.1587, acc: 94.9912, loss_bbox: 0.1792, loss: 0.3722
2020-10-26 15:46:02,781 - mmdet - INFO - Epoch [3][750/6207]	lr: 2.500e-03, eta: 11:26:17, time: 0.303, data_time: 0.081, memory: 2471, loss_rpn_cls: 0.0195, loss_rpn_bbox: 0.0149, loss_cls: 0.1566, acc: 95.0400, loss_bbox: 0.1740, loss: 0.3650
2020-10-26 15:46:18,015 - mmdet - INFO - Epoch [3][800/6207]	lr: 2.500e-03, eta: 11:26:03, time: 0.305, data_time: 0.082, memory: 2471, loss_rpn_cls: 0.0141, loss_rpn_bbox: 0.0142, loss_cls: 0.1483, acc: 95.4204, loss_bbox: 0.1593, loss: 0.3360
2020-10-26 15:46:33,238 - mmdet - INFO - Epoch [3][850/6207]	lr: 2.500e-03, eta: 11:25:48, time: 0.305, data_time: 0.079, memory: 2471, loss_rpn_cls: 0.0134, loss_rpn_bbox: 0.0133, loss_cls: 0.1426, acc: 95.3579, loss_bbox: 0.1611, loss: 0.3304
2020-10-26 15:46:48,509 - mmdet - INFO - Epoch [3][900/6207]	lr: 2.500e-03, eta: 11:25:34, time: 0.305, data_time: 0.083, memory: 2471, loss_rpn_cls: 0.0143, loss_rpn_bbox: 0.0133, loss_cls: 0.1505, acc: 95.3794, loss_bbox: 0.1600, loss: 0.3382
2020-10-26 15:47:03,667 - mmdet - INFO - Epoch [3][950/6207]	lr: 2.500e-03, eta: 11:25:19, time: 0.303, data_time: 0.086, memory: 2471, loss_rpn_cls: 0.0168, loss_rpn_bbox: 0.0156, loss_cls: 0.1456, acc: 95.3584, loss_bbox: 0.1684, loss: 0.3464
2020-10-26 15:47:18,923 - mmdet - INFO - Epoch [3][1000/6207]	lr: 2.500e-03, eta: 11:25:05, time: 0.305, data_time: 0.080, memory: 2471, loss_rpn_cls: 0.0167, loss_rpn_bbox: 0.0162, loss_cls: 0.1631, acc: 94.7056, loss_bbox: 0.1889, loss: 0.3849
2020-10-26 15:47:33,840 - mmdet - INFO - Epoch [3][1050/6207]	lr: 2.500e-03, eta: 11:24:47, time: 0.298, data_time: 0.092, memory: 2471, loss_rpn_cls: 0.0142, loss_rpn_bbox: 0.0141, loss_cls: 0.1472, acc: 95.3071, loss_bbox: 0.1627, loss: 0.3382
2020-10-26 15:47:49,140 - mmdet - INFO - Epoch [3][1100/6207]	lr: 2.500e-03, eta: 11:24:33, time: 0.306, data_time: 0.083, memory: 2471, loss_rpn_cls: 0.0157, loss_rpn_bbox: 0.0148, loss_cls: 0.1512, acc: 95.1982, loss_bbox: 0.1721, loss: 0.3538
2020-10-26 15:48:04,397 - mmdet - INFO - Epoch [3][1150/6207]	lr: 2.500e-03, eta: 11:24:19, time: 0.305, data_time: 0.083, memory: 2471, loss_rpn_cls: 0.0183, loss_rpn_bbox: 0.0165, loss_cls: 0.1477, acc: 95.1855, loss_bbox: 0.1709, loss: 0.3534
2020-10-26 15:48:19,556 - mmdet - INFO - Epoch [3][1200/6207]	lr: 2.500e-03, eta: 11:24:04, time: 0.303, data_time: 0.083, memory: 2471, loss_rpn_cls: 0.0161, loss_rpn_bbox: 0.0144, loss_cls: 0.1563, acc: 94.9771, loss_bbox: 0.1715, loss: 0.3582
2020-10-26 15:48:34,837 - mmdet - INFO - Epoch [3][1250/6207]	lr: 2.500e-03, eta: 11:23:50, time: 0.306, data_time: 0.078, memory: 2471, loss_rpn_cls: 0.0174, loss_rpn_bbox: 0.0166, loss_cls: 0.1571, acc: 94.9717, loss_bbox: 0.1779, loss: 0.3690
2020-10-26 15:48:49,978 - mmdet - INFO - Epoch [3][1300/6207]	lr: 2.500e-03, eta: 11:23:35, time: 0.303, data_time: 0.083, memory: 2471, loss_rpn_cls: 0.0149, loss_rpn_bbox: 0.0141, loss_cls: 0.1407, acc: 95.5039, loss_bbox: 0.1615, loss: 0.3312
2020-10-26 15:49:05,214 - mmdet - INFO - Epoch [3][1350/6207]	lr: 2.500e-03, eta: 11:23:20, time: 0.305, data_time: 0.081, memory: 2471, loss_rpn_cls: 0.0133, loss_rpn_bbox: 0.0142, loss_cls: 0.1488, acc: 95.2114, loss_bbox: 0.1637, loss: 0.3400
2020-10-26 15:49:20,397 - mmdet - INFO - Epoch [3][1400/6207]	lr: 2.500e-03, eta: 11:23:05, time: 0.304, data_time: 0.083, memory: 2471, loss_rpn_cls: 0.0155, loss_rpn_bbox: 0.0142, loss_cls: 0.1475, acc: 95.2876, loss_bbox: 0.1608, loss: 0.3380
2020-10-26 15:49:35,575 - mmdet - INFO - Epoch [3][1450/6207]	lr: 2.500e-03, eta: 11:22:50, time: 0.304, data_time: 0.081, memory: 2471, loss_rpn_cls: 0.0166, loss_rpn_bbox: 0.0140, loss_cls: 0.1458, acc: 95.3862, loss_bbox: 0.1671, loss: 0.3434
2020-10-26 15:49:50,456 - mmdet - INFO - Epoch [3][1500/6207]	lr: 2.500e-03, eta: 11:22:32, time: 0.298, data_time: 0.094, memory: 2471, loss_rpn_cls: 0.0143, loss_rpn_bbox: 0.0136, loss_cls: 0.1369, acc: 95.5801, loss_bbox: 0.1556, loss: 0.3205
2020-10-26 15:50:05,557 - mmdet - INFO - Epoch [3][1550/6207]	lr: 2.500e-03, eta: 11:22:17, time: 0.302, data_time: 0.085, memory: 2471, loss_rpn_cls: 0.0156, loss_rpn_bbox: 0.0135, loss_cls: 0.1381, acc: 95.5034, loss_bbox: 0.1563, loss: 0.3235
2020-10-26 15:50:20,730 - mmdet - INFO - Epoch [3][1600/6207]	lr: 2.500e-03, eta: 11:22:02, time: 0.304, data_time: 0.080, memory: 2471, loss_rpn_cls: 0.0158, loss_rpn_bbox: 0.0138, loss_cls: 0.1382, acc: 95.5405, loss_bbox: 0.1555, loss: 0.3234
2020-10-26 15:50:35,800 - mmdet - INFO - Epoch [3][1650/6207]	lr: 2.500e-03, eta: 11:21:46, time: 0.301, data_time: 0.090, memory: 2471, loss_rpn_cls: 0.0191, loss_rpn_bbox: 0.0159, loss_cls: 0.1633, acc: 94.8179, loss_bbox: 0.1794, loss: 0.3777
2020-10-26 15:50:50,941 - mmdet - INFO - Epoch [3][1700/6207]	lr: 2.500e-03, eta: 11:21:30, time: 0.303, data_time: 0.080, memory: 2471, loss_rpn_cls: 0.0152, loss_rpn_bbox: 0.0150, loss_cls: 0.1452, acc: 95.3638, loss_bbox: 0.1593, loss: 0.3347
2020-10-26 15:51:06,128 - mmdet - INFO - Epoch [3][1750/6207]	lr: 2.500e-03, eta: 11:21:15, time: 0.303, data_time: 0.080, memory: 2471, loss_rpn_cls: 0.0148, loss_rpn_bbox: 0.0145, loss_cls: 0.1437, acc: 95.4043, loss_bbox: 0.1684, loss: 0.3414
2020-10-26 15:51:20,970 - mmdet - INFO - Epoch [3][1800/6207]	lr: 2.500e-03, eta: 11:20:57, time: 0.297, data_time: 0.097, memory: 2471, loss_rpn_cls: 0.0189, loss_rpn_bbox: 0.0156, loss_cls: 0.1435, acc: 95.3799, loss_bbox: 0.1649, loss: 0.3429
2020-10-26 15:51:36,055 - mmdet - INFO - Epoch [3][1850/6207]	lr: 2.500e-03, eta: 11:20:41, time: 0.302, data_time: 0.087, memory: 2471, loss_rpn_cls: 0.0165, loss_rpn_bbox: 0.0149, loss_cls: 0.1374, acc: 95.7119, loss_bbox: 0.1556, loss: 0.3244
2020-10-26 15:51:51,361 - mmdet - INFO - Epoch [3][1900/6207]	lr: 2.500e-03, eta: 11:20:27, time: 0.306, data_time: 0.080, memory: 2471, loss_rpn_cls: 0.0115, loss_rpn_bbox: 0.0125, loss_cls: 0.1314, acc: 95.6372, loss_bbox: 0.1557, loss: 0.3111
2020-10-26 15:52:06,515 - mmdet - INFO - Epoch [3][1950/6207]	lr: 2.500e-03, eta: 11:20:12, time: 0.303, data_time: 0.081, memory: 2471, loss_rpn_cls: 0.0175, loss_rpn_bbox: 0.0165, loss_cls: 0.1524, acc: 94.9932, loss_bbox: 0.1767, loss: 0.3631
2020-10-26 15:52:21,716 - mmdet - INFO - Epoch [3][2000/6207]	lr: 2.500e-03, eta: 11:19:57, time: 0.304, data_time: 0.080, memory: 2471, loss_rpn_cls: 0.0152, loss_rpn_bbox: 0.0140, loss_cls: 0.1350, acc: 95.4976, loss_bbox: 0.1587, loss: 0.3229
2020-10-26 15:52:36,812 - mmdet - INFO - Epoch [3][2050/6207]	lr: 2.500e-03, eta: 11:19:42, time: 0.302, data_time: 0.090, memory: 2471, loss_rpn_cls: 0.0155, loss_rpn_bbox: 0.0133, loss_cls: 0.1389, acc: 95.6016, loss_bbox: 0.1609, loss: 0.3286
2020-10-26 15:52:52,037 - mmdet - INFO - Epoch [3][2100/6207]	lr: 2.500e-03, eta: 11:19:27, time: 0.305, data_time: 0.079, memory: 2471, loss_rpn_cls: 0.0138, loss_rpn_bbox: 0.0141, loss_cls: 0.1408, acc: 95.2783, loss_bbox: 0.1634, loss: 0.3321
2020-10-26 15:53:07,278 - mmdet - INFO - Epoch [3][2150/6207]	lr: 2.500e-03, eta: 11:19:13, time: 0.305, data_time: 0.082, memory: 2471, loss_rpn_cls: 0.0141, loss_rpn_bbox: 0.0141, loss_cls: 0.1398, acc: 95.3374, loss_bbox: 0.1654, loss: 0.3334
2020-10-26 15:53:22,455 - mmdet - INFO - Epoch [3][2200/6207]	lr: 2.500e-03, eta: 11:18:58, time: 0.303, data_time: 0.082, memory: 2471, loss_rpn_cls: 0.0165, loss_rpn_bbox: 0.0173, loss_cls: 0.1460, acc: 95.1743, loss_bbox: 0.1733, loss: 0.3531
2020-10-26 15:53:37,559 - mmdet - INFO - Epoch [3][2250/6207]	lr: 2.500e-03, eta: 11:18:42, time: 0.302, data_time: 0.086, memory: 2471, loss_rpn_cls: 0.0160, loss_rpn_bbox: 0.0168, loss_cls: 0.1555, acc: 94.9058, loss_bbox: 0.1784, loss: 0.3668
2020-10-26 15:53:52,707 - mmdet - INFO - Epoch [3][2300/6207]	lr: 2.500e-03, eta: 11:18:27, time: 0.303, data_time: 0.081, memory: 2471, loss_rpn_cls: 0.0177, loss_rpn_bbox: 0.0145, loss_cls: 0.1495, acc: 95.2974, loss_bbox: 0.1695, loss: 0.3512
2020-10-26 15:54:07,919 - mmdet - INFO - Epoch [3][2350/6207]	lr: 2.500e-03, eta: 11:18:12, time: 0.304, data_time: 0.085, memory: 2471, loss_rpn_cls: 0.0153, loss_rpn_bbox: 0.0131, loss_cls: 0.1389, acc: 95.5854, loss_bbox: 0.1558, loss: 0.3230
2020-10-26 15:54:23,075 - mmdet - INFO - Epoch [3][2400/6207]	lr: 2.500e-03, eta: 11:17:57, time: 0.304, data_time: 0.078, memory: 2471, loss_rpn_cls: 0.0164, loss_rpn_bbox: 0.0145, loss_cls: 0.1387, acc: 95.4536, loss_bbox: 0.1599, loss: 0.3296
2020-10-26 15:54:38,241 - mmdet - INFO - Epoch [3][2450/6207]	lr: 2.500e-03, eta: 11:17:42, time: 0.303, data_time: 0.082, memory: 2471, loss_rpn_cls: 0.0178, loss_rpn_bbox: 0.0151, loss_cls: 0.1481, acc: 95.2642, loss_bbox: 0.1692, loss: 0.3502
2020-10-26 15:54:53,409 - mmdet - INFO - Epoch [3][2500/6207]	lr: 2.500e-03, eta: 11:17:27, time: 0.303, data_time: 0.082, memory: 2471, loss_rpn_cls: 0.0134, loss_rpn_bbox: 0.0137, loss_cls: 0.1372, acc: 95.4087, loss_bbox: 0.1577, loss: 0.3220
2020-10-26 15:55:08,583 - mmdet - INFO - Epoch [3][2550/6207]	lr: 2.500e-03, eta: 11:17:12, time: 0.304, data_time: 0.080, memory: 2471, loss_rpn_cls: 0.0172, loss_rpn_bbox: 0.0138, loss_cls: 0.1395, acc: 95.5713, loss_bbox: 0.1539, loss: 0.3244
2020-10-26 15:55:23,721 - mmdet - INFO - Epoch [3][2600/6207]	lr: 2.500e-03, eta: 11:16:56, time: 0.302, data_time: 0.084, memory: 2471, loss_rpn_cls: 0.0117, loss_rpn_bbox: 0.0127, loss_cls: 0.1298, acc: 95.6138, loss_bbox: 0.1545, loss: 0.3087
2020-10-26 15:55:38,932 - mmdet - INFO - Epoch [3][2650/6207]	lr: 2.500e-03, eta: 11:16:41, time: 0.304, data_time: 0.083, memory: 2471, loss_rpn_cls: 0.0155, loss_rpn_bbox: 0.0159, loss_cls: 0.1347, acc: 95.4468, loss_bbox: 0.1624, loss: 0.3285
2020-10-26 15:55:54,131 - mmdet - INFO - Epoch [3][2700/6207]	lr: 2.500e-03, eta: 11:16:27, time: 0.304, data_time: 0.087, memory: 2471, loss_rpn_cls: 0.0161, loss_rpn_bbox: 0.0155, loss_cls: 0.1363, acc: 95.5459, loss_bbox: 0.1599, loss: 0.3279
2020-10-26 15:56:09,376 - mmdet - INFO - Epoch [3][2750/6207]	lr: 2.500e-03, eta: 11:16:12, time: 0.305, data_time: 0.079, memory: 2471, loss_rpn_cls: 0.0144, loss_rpn_bbox: 0.0133, loss_cls: 0.1393, acc: 95.6450, loss_bbox: 0.1537, loss: 0.3208
2020-10-26 15:56:24,567 - mmdet - INFO - Epoch [3][2800/6207]	lr: 2.500e-03, eta: 11:15:57, time: 0.304, data_time: 0.086, memory: 2471, loss_rpn_cls: 0.0157, loss_rpn_bbox: 0.0152, loss_cls: 0.1486, acc: 95.1445, loss_bbox: 0.1681, loss: 0.3476
2020-10-26 15:56:39,688 - mmdet - INFO - Epoch [3][2850/6207]	lr: 2.500e-03, eta: 11:15:42, time: 0.303, data_time: 0.084, memory: 2471, loss_rpn_cls: 0.0155, loss_rpn_bbox: 0.0159, loss_cls: 0.1530, acc: 94.9712, loss_bbox: 0.1849, loss: 0.3693
2020-10-26 15:56:54,713 - mmdet - INFO - Epoch [3][2900/6207]	lr: 2.500e-03, eta: 11:15:26, time: 0.301, data_time: 0.099, memory: 2471, loss_rpn_cls: 0.0134, loss_rpn_bbox: 0.0136, loss_cls: 0.1430, acc: 95.3770, loss_bbox: 0.1625, loss: 0.3325
2020-10-26 15:57:09,740 - mmdet - INFO - Epoch [3][2950/6207]	lr: 2.500e-03, eta: 11:15:09, time: 0.301, data_time: 0.089, memory: 2471, loss_rpn_cls: 0.0148, loss_rpn_bbox: 0.0152, loss_cls: 0.1306, acc: 95.6602, loss_bbox: 0.1531, loss: 0.3136
2020-10-26 15:57:24,478 - mmdet - INFO - Epoch [3][3000/6207]	lr: 2.500e-03, eta: 11:14:50, time: 0.294, data_time: 0.095, memory: 2471, loss_rpn_cls: 0.0149, loss_rpn_bbox: 0.0146, loss_cls: 0.1358, acc: 95.6050, loss_bbox: 0.1585, loss: 0.3238
2020-10-26 15:57:39,818 - mmdet - INFO - Epoch [3][3050/6207]	lr: 2.500e-03, eta: 11:14:37, time: 0.307, data_time: 0.080, memory: 2471, loss_rpn_cls: 0.0191, loss_rpn_bbox: 0.0162, loss_cls: 0.1507, acc: 95.0825, loss_bbox: 0.1706, loss: 0.3567
2020-10-26 15:57:54,849 - mmdet - INFO - Epoch [3][3100/6207]	lr: 2.500e-03, eta: 11:14:20, time: 0.300, data_time: 0.089, memory: 2471, loss_rpn_cls: 0.0134, loss_rpn_bbox: 0.0138, loss_cls: 0.1273, acc: 95.7886, loss_bbox: 0.1503, loss: 0.3047
2020-10-26 15:58:10,051 - mmdet - INFO - Epoch [3][3150/6207]	lr: 2.500e-03, eta: 11:14:06, time: 0.304, data_time: 0.084, memory: 2471, loss_rpn_cls: 0.0177, loss_rpn_bbox: 0.0144, loss_cls: 0.1399, acc: 95.5176, loss_bbox: 0.1583, loss: 0.3302
2020-10-26 15:58:25,217 - mmdet - INFO - Epoch [3][3200/6207]	lr: 2.500e-03, eta: 11:13:51, time: 0.304, data_time: 0.087, memory: 2471, loss_rpn_cls: 0.0150, loss_rpn_bbox: 0.0132, loss_cls: 0.1421, acc: 95.4551, loss_bbox: 0.1578, loss: 0.3281
2020-10-26 15:58:40,293 - mmdet - INFO - Epoch [3][3250/6207]	lr: 2.500e-03, eta: 11:13:35, time: 0.301, data_time: 0.088, memory: 2471, loss_rpn_cls: 0.0154, loss_rpn_bbox: 0.0154, loss_cls: 0.1425, acc: 95.3442, loss_bbox: 0.1624, loss: 0.3357
2020-10-26 15:58:55,508 - mmdet - INFO - Epoch [3][3300/6207]	lr: 2.500e-03, eta: 11:13:20, time: 0.304, data_time: 0.083, memory: 2471, loss_rpn_cls: 0.0158, loss_rpn_bbox: 0.0152, loss_cls: 0.1428, acc: 95.2554, loss_bbox: 0.1626, loss: 0.3365
2020-10-26 15:59:10,667 - mmdet - INFO - Epoch [3][3350/6207]	lr: 2.500e-03, eta: 11:13:05, time: 0.303, data_time: 0.080, memory: 2471, loss_rpn_cls: 0.0160, loss_rpn_bbox: 0.0157, loss_cls: 0.1401, acc: 95.4639, loss_bbox: 0.1642, loss: 0.3360
2020-10-26 15:59:25,567 - mmdet - INFO - Epoch [3][3400/6207]	lr: 2.500e-03, eta: 11:12:47, time: 0.298, data_time: 0.091, memory: 2471, loss_rpn_cls: 0.0154, loss_rpn_bbox: 0.0149, loss_cls: 0.1478, acc: 95.0806, loss_bbox: 0.1747, loss: 0.3528
2020-10-26 15:59:40,901 - mmdet - INFO - Epoch [3][3450/6207]	lr: 2.500e-03, eta: 11:12:34, time: 0.307, data_time: 0.085, memory: 2471, loss_rpn_cls: 0.0159, loss_rpn_bbox: 0.0134, loss_cls: 0.1442, acc: 95.4434, loss_bbox: 0.1583, loss: 0.3318
2020-10-26 15:59:55,995 - mmdet - INFO - Epoch [3][3500/6207]	lr: 2.500e-03, eta: 11:12:18, time: 0.302, data_time: 0.086, memory: 2471, loss_rpn_cls: 0.0150, loss_rpn_bbox: 0.0159, loss_cls: 0.1526, acc: 94.9609, loss_bbox: 0.1801, loss: 0.3637
2020-10-26 16:00:11,190 - mmdet - INFO - Epoch [3][3550/6207]	lr: 2.500e-03, eta: 11:12:03, time: 0.304, data_time: 0.079, memory: 2471, loss_rpn_cls: 0.0155, loss_rpn_bbox: 0.0156, loss_cls: 0.1506, acc: 95.1484, loss_bbox: 0.1770, loss: 0.3586
2020-10-26 16:00:26,342 - mmdet - INFO - Epoch [3][3600/6207]	lr: 2.500e-03, eta: 11:11:48, time: 0.303, data_time: 0.085, memory: 2471, loss_rpn_cls: 0.0145, loss_rpn_bbox: 0.0140, loss_cls: 0.1439, acc: 95.4600, loss_bbox: 0.1635, loss: 0.3359
2020-10-26 16:00:41,541 - mmdet - INFO - Epoch [3][3650/6207]	lr: 2.500e-03, eta: 11:11:33, time: 0.304, data_time: 0.087, memory: 2471, loss_rpn_cls: 0.0177, loss_rpn_bbox: 0.0147, loss_cls: 0.1460, acc: 95.3271, loss_bbox: 0.1625, loss: 0.3409
2020-10-26 16:00:56,705 - mmdet - INFO - Epoch [3][3700/6207]	lr: 2.500e-03, eta: 11:11:18, time: 0.303, data_time: 0.089, memory: 2471, loss_rpn_cls: 0.0166, loss_rpn_bbox: 0.0167, loss_cls: 0.1480, acc: 95.1064, loss_bbox: 0.1746, loss: 0.3557
2020-10-26 16:01:11,982 - mmdet - INFO - Epoch [3][3750/6207]	lr: 2.500e-03, eta: 11:11:04, time: 0.306, data_time: 0.083, memory: 2471, loss_rpn_cls: 0.0168, loss_rpn_bbox: 0.0163, loss_cls: 0.1521, acc: 94.9844, loss_bbox: 0.1761, loss: 0.3614
2020-10-26 16:01:27,268 - mmdet - INFO - Epoch [3][3800/6207]	lr: 2.500e-03, eta: 11:10:50, time: 0.306, data_time: 0.085, memory: 2471, loss_rpn_cls: 0.0141, loss_rpn_bbox: 0.0148, loss_cls: 0.1382, acc: 95.3828, loss_bbox: 0.1640, loss: 0.3312
2020-10-26 16:01:42,480 - mmdet - INFO - Epoch [3][3850/6207]	lr: 2.500e-03, eta: 11:10:35, time: 0.304, data_time: 0.080, memory: 2471, loss_rpn_cls: 0.0140, loss_rpn_bbox: 0.0144, loss_cls: 0.1378, acc: 95.4956, loss_bbox: 0.1547, loss: 0.3210
2020-10-26 16:01:57,666 - mmdet - INFO - Epoch [3][3900/6207]	lr: 2.500e-03, eta: 11:10:20, time: 0.304, data_time: 0.082, memory: 2471, loss_rpn_cls: 0.0153, loss_rpn_bbox: 0.0136, loss_cls: 0.1437, acc: 95.3535, loss_bbox: 0.1612, loss: 0.3339
2020-10-26 16:02:12,809 - mmdet - INFO - Epoch [3][3950/6207]	lr: 2.500e-03, eta: 11:10:05, time: 0.303, data_time: 0.085, memory: 2471, loss_rpn_cls: 0.0137, loss_rpn_bbox: 0.0141, loss_cls: 0.1401, acc: 95.4585, loss_bbox: 0.1646, loss: 0.3326
2020-10-26 16:02:28,098 - mmdet - INFO - Epoch [3][4000/6207]	lr: 2.500e-03, eta: 11:09:51, time: 0.306, data_time: 0.081, memory: 2471, loss_rpn_cls: 0.0144, loss_rpn_bbox: 0.0152, loss_cls: 0.1442, acc: 95.3359, loss_bbox: 0.1638, loss: 0.3376
2020-10-26 16:02:43,318 - mmdet - INFO - Epoch [3][4050/6207]	lr: 2.500e-03, eta: 11:09:36, time: 0.304, data_time: 0.078, memory: 2471, loss_rpn_cls: 0.0139, loss_rpn_bbox: 0.0141, loss_cls: 0.1300, acc: 95.7466, loss_bbox: 0.1534, loss: 0.3113
2020-10-26 16:02:58,244 - mmdet - INFO - Epoch [3][4100/6207]	lr: 2.500e-03, eta: 11:09:19, time: 0.298, data_time: 0.094, memory: 2471, loss_rpn_cls: 0.0170, loss_rpn_bbox: 0.0164, loss_cls: 0.1562, acc: 94.9307, loss_bbox: 0.1779, loss: 0.3674
2020-10-26 16:03:13,273 - mmdet - INFO - Epoch [3][4150/6207]	lr: 2.500e-03, eta: 11:09:03, time: 0.301, data_time: 0.086, memory: 2471, loss_rpn_cls: 0.0124, loss_rpn_bbox: 0.0125, loss_cls: 0.1223, acc: 96.0415, loss_bbox: 0.1462, loss: 0.2935
2020-10-26 16:03:28,501 - mmdet - INFO - Epoch [3][4200/6207]	lr: 2.500e-03, eta: 11:08:48, time: 0.304, data_time: 0.078, memory: 2471, loss_rpn_cls: 0.0157, loss_rpn_bbox: 0.0133, loss_cls: 0.1336, acc: 95.8091, loss_bbox: 0.1514, loss: 0.3139
2020-10-26 16:03:43,699 - mmdet - INFO - Epoch [3][4250/6207]	lr: 2.500e-03, eta: 11:08:33, time: 0.304, data_time: 0.080, memory: 2471, loss_rpn_cls: 0.0160, loss_rpn_bbox: 0.0146, loss_cls: 0.1388, acc: 95.4336, loss_bbox: 0.1577, loss: 0.3271
2020-10-26 16:03:58,928 - mmdet - INFO - Epoch [3][4300/6207]	lr: 2.500e-03, eta: 11:08:19, time: 0.305, data_time: 0.079, memory: 2471, loss_rpn_cls: 0.0145, loss_rpn_bbox: 0.0140, loss_cls: 0.1338, acc: 95.5132, loss_bbox: 0.1613, loss: 0.3236
2020-10-26 16:04:14,134 - mmdet - INFO - Epoch [3][4350/6207]	lr: 2.500e-03, eta: 11:08:04, time: 0.304, data_time: 0.084, memory: 2471, loss_rpn_cls: 0.0156, loss_rpn_bbox: 0.0148, loss_cls: 0.1417, acc: 95.4058, loss_bbox: 0.1628, loss: 0.3349
2020-10-26 16:04:29,428 - mmdet - INFO - Epoch [3][4400/6207]	lr: 2.500e-03, eta: 11:07:50, time: 0.306, data_time: 0.076, memory: 2471, loss_rpn_cls: 0.0132, loss_rpn_bbox: 0.0136, loss_cls: 0.1335, acc: 95.5806, loss_bbox: 0.1572, loss: 0.3175
