2020-10-27 08:58:37,917 - mmdet - INFO - Environment info:
------------------------------------------------------------
sys.platform: linux
Python: 3.7.9 (default, Aug 31 2020, 12:42:55) [GCC 7.3.0]
CUDA available: True
GPU 0,1,2,3: GeForce RTX 2080 Ti
CUDA_HOME: /usr/local/cuda
NVCC: Cuda compilation tools, release 10.0, V10.0.130
GCC: gcc (Ubuntu 5.4.0-6ubuntu1~16.04.11) 5.4.0 20160609
PyTorch: 1.4.0
PyTorch compiling details: PyTorch built with:
  - GCC 7.3
  - Intel(R) Math Kernel Library Version 2020.0.2 Product Build 20200624 for Intel(R) 64 architecture applications
  - Intel(R) MKL-DNN v0.21.1 (Git Hash 7d2fd500bc78936d1d648ca713b901012f470dbc)
  - OpenMP 201511 (a.k.a. OpenMP 4.5)
  - NNPACK is enabled
  - CUDA Runtime 10.0
  - NVCC architecture flags: -gencode;arch=compute_37,code=sm_37;-gencode;arch=compute_50,code=sm_50;-gencode;arch=compute_60,code=sm_60;-gencode;arch=compute_61,code=sm_61;-gencode;arch=compute_70,code=sm_70;-gencode;arch=compute_75,code=sm_75;-gencode;arch=compute_37,code=compute_37
  - CuDNN 7.6.3
  - Magma 2.5.1
  - Build settings: BLAS=MKL, BUILD_NAMEDTENSOR=OFF, BUILD_TYPE=Release, CXX_FLAGS= -Wno-deprecated -fvisibility-inlines-hidden -fopenmp -DUSE_FBGEMM -DUSE_QNNPACK -DUSE_PYTORCH_QNNPACK -O2 -fPIC -Wno-narrowing -Wall -Wextra -Wno-missing-field-initializers -Wno-type-limits -Wno-array-bounds -Wno-unknown-pragmas -Wno-sign-compare -Wno-unused-parameter -Wno-unused-variable -Wno-unused-function -Wno-unused-result -Wno-strict-overflow -Wno-strict-aliasing -Wno-error=deprecated-declarations -Wno-stringop-overflow -Wno-error=pedantic -Wno-error=redundant-decls -Wno-error=old-style-cast -fdiagnostics-color=always -faligned-new -Wno-unused-but-set-variable -Wno-maybe-uninitialized -fno-math-errno -fno-trapping-math -Wno-stringop-overflow, DISABLE_NUMA=1, PERF_WITH_AVX=1, PERF_WITH_AVX2=1, PERF_WITH_AVX512=1, USE_CUDA=ON, USE_EXCEPTION_PTR=1, USE_GFLAGS=OFF, USE_GLOG=OFF, USE_MKL=ON, USE_MKLDNN=ON, USE_MPI=OFF, USE_NCCL=ON, USE_NNPACK=ON, USE_OPENMP=ON, USE_STATIC_DISPATCH=OFF, 

TorchVision: 0.5.0
OpenCV: 4.4.0
MMCV: 1.1.5
MMCV Compiler: GCC 7.3
MMCV CUDA Compiler: 10.0
MMDetection: 2.5.0+
------------------------------------------------------------

2020-10-27 08:58:40,025 - mmdet - INFO - Distributed training: True
2020-10-27 08:58:42,225 - mmdet - INFO - Config:
model = dict(
    type='FasterRCNN',
    pretrained='open-mmlab://detectron2/resnet50_caffe',
    backbone=dict(
        type='ResNet',
        depth=50,
        num_stages=4,
        out_indices=(0, 1, 2, 3),
        frozen_stages=1,
        norm_cfg=dict(type='BN', requires_grad=False),
        norm_eval=True,
        style='caffe'),
    neck=dict(
        type='FPN',
        in_channels=[256, 512, 1024, 2048],
        out_channels=256,
        num_outs=5),
    rpn_head=dict(
        type='RPNHead',
        in_channels=256,
        feat_channels=256,
        anchor_generator=dict(
            type='AnchorGenerator',
            scales=[8],
            ratios=[0.5, 1.0, 2.0],
            strides=[4, 8, 16, 32, 64]),
        bbox_coder=dict(
            type='DeltaXYWHBBoxCoder',
            target_means=[0.0, 0.0, 0.0, 0.0],
            target_stds=[1.0, 1.0, 1.0, 1.0]),
        loss_cls=dict(
            type='CrossEntropyLoss', use_sigmoid=True, loss_weight=1.0),
        loss_bbox=dict(type='L1Loss', loss_weight=1.0)),
    roi_head=dict(
        type='StandardRoIHead',
        bbox_roi_extractor=dict(
            type='SingleRoIExtractor',
            roi_layer=dict(type='RoIAlign', output_size=7, sampling_ratio=0),
            out_channels=256,
            featmap_strides=[4, 8, 16, 32]),
        bbox_head=dict(
            type='Shared2FCBBoxHead',
            in_channels=256,
            fc_out_channels=1024,
            roi_feat_size=7,
            num_classes=20,
            bbox_coder=dict(
                type='DeltaXYWHBBoxCoder',
                target_means=[0.0, 0.0, 0.0, 0.0],
                target_stds=[0.1, 0.1, 0.2, 0.2]),
            reg_class_agnostic=False,
            loss_cls=dict(
                type='CrossEntropyLoss', use_sigmoid=False, loss_weight=1.0),
            loss_bbox=dict(type='L1Loss', loss_weight=1.0))))
train_cfg = dict(
    rpn=dict(
        assigner=dict(
            type='MaxIoUAssigner',
            pos_iou_thr=0.7,
            neg_iou_thr=0.3,
            min_pos_iou=0.3,
            match_low_quality=True,
            ignore_iof_thr=-1),
        sampler=dict(
            type='RandomSampler',
            num=256,
            pos_fraction=0.5,
            neg_pos_ub=-1,
            add_gt_as_proposals=False),
        allowed_border=-1,
        pos_weight=-1,
        debug=False),
    rpn_proposal=dict(
        nms_across_levels=False,
        nms_pre=2000,
        nms_post=1000,
        max_num=1000,
        nms_thr=0.7,
        min_bbox_size=0),
    rcnn=dict(
        assigner=dict(
            type='MaxIoUAssigner',
            pos_iou_thr=0.5,
            neg_iou_thr=0.5,
            min_pos_iou=0.5,
            match_low_quality=False,
            ignore_iof_thr=-1),
        sampler=dict(
            type='RandomSampler',
            num=512,
            pos_fraction=0.25,
            neg_pos_ub=-1,
            add_gt_as_proposals=True),
        pos_weight=-1,
        debug=False))
test_cfg = dict(
    rpn=dict(
        nms_across_levels=False,
        nms_pre=1000,
        nms_post=1000,
        max_num=1000,
        nms_thr=0.7,
        min_bbox_size=0),
    rcnn=dict(
        score_thr=0.05,
        nms=dict(type='nms', iou_threshold=0.5),
        max_per_img=100))
dataset_type = 'VOCDataset'
data_root = '/root/userfolder/data/voc0712/VOCdevkit/'
img_norm_cfg = dict(
    mean=[103.53, 116.28, 123.675], std=[1.0, 1.0, 1.0], to_rgb=False)
train_pipeline = [
    dict(type='LoadImageFromFile'),
    dict(type='LoadAnnotations', with_bbox=True),
    dict(type='Resize', img_scale=(1333, 800), keep_ratio=True),
    dict(type='RandomFlip', flip_ratio=0.5),
    dict(
        type='Normalize',
        mean=[103.53, 116.28, 123.675],
        std=[1.0, 1.0, 1.0],
        to_rgb=False),
    dict(type='Pad', size_divisor=32),
    dict(type='DefaultFormatBundle'),
    dict(type='Collect', keys=['img', 'gt_bboxes', 'gt_labels'])
]
test_pipeline = [
    dict(type='LoadImageFromFile'),
    dict(
        type='MultiScaleFlipAug',
        img_scale=(1333, 800),
        flip=False,
        transforms=[
            dict(type='Resize', keep_ratio=True),
            dict(type='RandomFlip'),
            dict(
                type='Normalize',
                mean=[103.53, 116.28, 123.675],
                std=[1.0, 1.0, 1.0],
                to_rgb=False),
            dict(type='Pad', size_divisor=32),
            dict(type='ImageToTensor', keys=['img']),
            dict(type='Collect', keys=['img'])
        ])
]
data = dict(
    samples_per_gpu=2,
    workers_per_gpu=0,
    train=dict(
        type='RepeatDataset',
        times=3,
        dataset=dict(
            type='VOCDataset',
            ann_file=[
                '/root/userfolder/data/voc0712/VOCdevkit/VOC2007/ImageSets/Main/trainval.txt',
                '/root/userfolder/data/voc0712/VOCdevkit/VOC2012/ImageSets/Main/trainval.txt'
            ],
            img_prefix=[
                '/root/userfolder/data/voc0712/VOCdevkit/VOC2007/',
                '/root/userfolder/data/voc0712/VOCdevkit/VOC2012/'
            ],
            pipeline=[
                dict(type='LoadImageFromFile'),
                dict(type='LoadAnnotations', with_bbox=True),
                dict(type='Resize', img_scale=(1000, 600), keep_ratio=True),
                dict(type='RandomFlip', flip_ratio=0.5),
                dict(
                    type='Normalize',
                    mean=[123.675, 116.28, 103.53],
                    std=[58.395, 57.12, 57.375],
                    to_rgb=True),
                dict(type='Pad', size_divisor=32),
                dict(type='DefaultFormatBundle'),
                dict(type='Collect', keys=['img', 'gt_bboxes', 'gt_labels'])
            ]),
        pipeline=[
            dict(type='LoadImageFromFile'),
            dict(type='LoadAnnotations', with_bbox=True),
            dict(type='Resize', img_scale=(1333, 800), keep_ratio=True),
            dict(type='RandomFlip', flip_ratio=0.5),
            dict(
                type='Normalize',
                mean=[103.53, 116.28, 123.675],
                std=[1.0, 1.0, 1.0],
                to_rgb=False),
            dict(type='Pad', size_divisor=32),
            dict(type='DefaultFormatBundle'),
            dict(type='Collect', keys=['img', 'gt_bboxes', 'gt_labels'])
        ]),
    val=dict(
        type='VOCDataset',
        ann_file=
        '/root/userfolder/data/voc0712/VOCdevkit/VOC2007/ImageSets/Main/test.txt',
        img_prefix='/root/userfolder/data/voc0712/VOCdevkit/VOC2007/',
        pipeline=[
            dict(type='LoadImageFromFile'),
            dict(
                type='MultiScaleFlipAug',
                img_scale=(1333, 800),
                flip=False,
                transforms=[
                    dict(type='Resize', keep_ratio=True),
                    dict(type='RandomFlip'),
                    dict(
                        type='Normalize',
                        mean=[103.53, 116.28, 123.675],
                        std=[1.0, 1.0, 1.0],
                        to_rgb=False),
                    dict(type='Pad', size_divisor=32),
                    dict(type='ImageToTensor', keys=['img']),
                    dict(type='Collect', keys=['img'])
                ])
        ]),
    test=dict(
        type='VOCDataset',
        ann_file=
        '/root/userfolder/data/voc0712/VOCdevkit/VOC2007/ImageSets/Main/test.txt',
        img_prefix='/root/userfolder/data/voc0712/VOCdevkit/VOC2007/',
        pipeline=[
            dict(type='LoadImageFromFile'),
            dict(
                type='MultiScaleFlipAug',
                img_scale=(1333, 800),
                flip=False,
                transforms=[
                    dict(type='Resize', keep_ratio=True),
                    dict(type='RandomFlip'),
                    dict(
                        type='Normalize',
                        mean=[103.53, 116.28, 123.675],
                        std=[1.0, 1.0, 1.0],
                        to_rgb=False),
                    dict(type='Pad', size_divisor=32),
                    dict(type='ImageToTensor', keys=['img']),
                    dict(type='Collect', keys=['img'])
                ])
        ]))
evaluation = dict(interval=1, metric='mAP')
checkpoint_config = dict(interval=1)
log_config = dict(interval=50, hooks=[dict(type='TextLoggerHook')])
dist_params = dict(backend='nccl')
log_level = 'INFO'
load_from = None
resume_from = None
workflow = [('train', 1)]
optimizer = dict(type='SGD', lr=0.0025, momentum=0.9, weight_decay=0.0001)
optimizer_config = dict(grad_clip=None)
lr_config = dict(
    policy='step',
    warmup='linear',
    warmup_iters=500,
    warmup_ratio=0.001,
    step=[16, 22])
total_epochs = 24
work_dir = './work_dirs/faster_rcnn_r50_caffe_fpn_2x_voc_imagenet'
gpu_ids = range(0, 1)

2020-10-27 08:58:42,600 - mmdet - INFO - load model from: open-mmlab://detectron2/resnet50_caffe
2020-10-27 08:59:02,913 - mmdet - WARNING - The model and loaded state dict do not match exactly

unexpected key in source state_dict: conv1.bias

2020-10-27 08:59:07,338 - mmdet - INFO - Start running, host: root@c29bb9d22aa7, work_dir: /root/userfolder/mmdetection/work_dirs/faster_rcnn_r50_caffe_fpn_2x_voc_imagenet
2020-10-27 08:59:07,339 - mmdet - INFO - workflow: [('train', 1)], max: 24 epochs
2020-10-27 08:59:31,223 - mmdet - INFO - Epoch [1][50/6207]	lr: 2.473e-04, eta: 19:35:45, time: 0.474, data_time: 0.134, memory: 2470, loss_rpn_cls: 0.3874, loss_rpn_bbox: 0.0321, loss_cls: 0.9466, acc: 86.9375, loss_bbox: 0.0248, loss: 1.3909
2020-10-27 08:59:45,985 - mmdet - INFO - Epoch [1][100/6207]	lr: 4.970e-04, eta: 15:54:56, time: 0.296, data_time: 0.083, memory: 2471, loss_rpn_cls: 0.1019, loss_rpn_bbox: 0.0252, loss_cls: 0.3886, acc: 96.3110, loss_bbox: 0.1438, loss: 0.6595
2020-10-27 09:00:00,824 - mmdet - INFO - Epoch [1][150/6207]	lr: 7.468e-04, eta: 14:41:35, time: 0.297, data_time: 0.082, memory: 2471, loss_rpn_cls: 0.0796, loss_rpn_bbox: 0.0224, loss_cls: 0.3554, acc: 96.2729, loss_bbox: 0.1460, loss: 0.6034
2020-10-27 09:00:16,634 - mmdet - INFO - Epoch [1][200/6207]	lr: 9.965e-04, eta: 14:16:57, time: 0.316, data_time: 0.090, memory: 2471, loss_rpn_cls: 0.0685, loss_rpn_bbox: 0.0211, loss_cls: 0.3412, acc: 95.9863, loss_bbox: 0.1582, loss: 0.5890
2020-10-27 09:00:31,334 - mmdet - INFO - Epoch [1][250/6207]	lr: 1.246e-03, eta: 13:50:58, time: 0.294, data_time: 0.081, memory: 2471, loss_rpn_cls: 0.0743, loss_rpn_bbox: 0.0256, loss_cls: 0.2958, acc: 95.8862, loss_bbox: 0.1606, loss: 0.5563
2020-10-27 09:00:46,063 - mmdet - INFO - Epoch [1][300/6207]	lr: 1.496e-03, eta: 13:33:54, time: 0.295, data_time: 0.085, memory: 2471, loss_rpn_cls: 0.0677, loss_rpn_bbox: 0.0215, loss_cls: 0.2874, acc: 96.1162, loss_bbox: 0.1525, loss: 0.5292
2020-10-27 09:01:00,914 - mmdet - INFO - Epoch [1][350/6207]	lr: 1.746e-03, eta: 13:22:30, time: 0.297, data_time: 0.083, memory: 2471, loss_rpn_cls: 0.0647, loss_rpn_bbox: 0.0243, loss_cls: 0.2974, acc: 95.4570, loss_bbox: 0.1795, loss: 0.5659
2020-10-27 09:01:15,643 - mmdet - INFO - Epoch [1][400/6207]	lr: 1.996e-03, eta: 13:13:10, time: 0.295, data_time: 0.092, memory: 2471, loss_rpn_cls: 0.0633, loss_rpn_bbox: 0.0228, loss_cls: 0.2661, acc: 95.7617, loss_bbox: 0.1637, loss: 0.5158
2020-10-27 09:01:30,362 - mmdet - INFO - Epoch [1][450/6207]	lr: 2.245e-03, eta: 13:05:46, time: 0.294, data_time: 0.093, memory: 2471, loss_rpn_cls: 0.0620, loss_rpn_bbox: 0.0225, loss_cls: 0.2715, acc: 95.6055, loss_bbox: 0.1716, loss: 0.5277
2020-10-27 09:01:45,049 - mmdet - INFO - Epoch [1][500/6207]	lr: 2.495e-03, eta: 12:59:36, time: 0.294, data_time: 0.093, memory: 2471, loss_rpn_cls: 0.0611, loss_rpn_bbox: 0.0259, loss_cls: 0.2775, acc: 95.1719, loss_bbox: 0.1870, loss: 0.5514
2020-10-27 09:01:59,838 - mmdet - INFO - Epoch [1][550/6207]	lr: 2.500e-03, eta: 12:55:00, time: 0.296, data_time: 0.083, memory: 2471, loss_rpn_cls: 0.0477, loss_rpn_bbox: 0.0201, loss_cls: 0.2487, acc: 95.5967, loss_bbox: 0.1705, loss: 0.4871
2020-10-27 09:02:14,651 - mmdet - INFO - Epoch [1][600/6207]	lr: 2.500e-03, eta: 12:51:14, time: 0.296, data_time: 0.085, memory: 2471, loss_rpn_cls: 0.0528, loss_rpn_bbox: 0.0223, loss_cls: 0.2625, acc: 95.2930, loss_bbox: 0.1806, loss: 0.5182
2020-10-27 09:02:29,467 - mmdet - INFO - Epoch [1][650/6207]	lr: 2.500e-03, eta: 12:48:00, time: 0.296, data_time: 0.087, memory: 2471, loss_rpn_cls: 0.0581, loss_rpn_bbox: 0.0237, loss_cls: 0.2527, acc: 95.6353, loss_bbox: 0.1661, loss: 0.5007
2020-10-27 09:02:44,148 - mmdet - INFO - Epoch [1][700/6207]	lr: 2.500e-03, eta: 12:44:45, time: 0.294, data_time: 0.086, memory: 2471, loss_rpn_cls: 0.0490, loss_rpn_bbox: 0.0230, loss_cls: 0.2626, acc: 95.2568, loss_bbox: 0.1788, loss: 0.5134
2020-10-27 09:02:58,879 - mmdet - INFO - Epoch [1][750/6207]	lr: 2.500e-03, eta: 12:42:02, time: 0.295, data_time: 0.087, memory: 2471, loss_rpn_cls: 0.0496, loss_rpn_bbox: 0.0226, loss_cls: 0.2652, acc: 95.0640, loss_bbox: 0.1880, loss: 0.5255
2020-10-27 09:03:13,619 - mmdet - INFO - Epoch [1][800/6207]	lr: 2.500e-03, eta: 12:39:42, time: 0.295, data_time: 0.085, memory: 2471, loss_rpn_cls: 0.0498, loss_rpn_bbox: 0.0231, loss_cls: 0.2470, acc: 95.1011, loss_bbox: 0.1839, loss: 0.5038
2020-10-27 09:03:28,284 - mmdet - INFO - Epoch [1][850/6207]	lr: 2.500e-03, eta: 12:37:19, time: 0.293, data_time: 0.083, memory: 2471, loss_rpn_cls: 0.0530, loss_rpn_bbox: 0.0228, loss_cls: 0.2568, acc: 95.3135, loss_bbox: 0.1770, loss: 0.5095
2020-10-27 09:03:42,953 - mmdet - INFO - Epoch [1][900/6207]	lr: 2.500e-03, eta: 12:35:17, time: 0.294, data_time: 0.082, memory: 2471, loss_rpn_cls: 0.0390, loss_rpn_bbox: 0.0201, loss_cls: 0.2510, acc: 95.2192, loss_bbox: 0.1791, loss: 0.4892
2020-10-27 09:03:57,717 - mmdet - INFO - Epoch [1][950/6207]	lr: 2.500e-03, eta: 12:33:34, time: 0.295, data_time: 0.082, memory: 2471, loss_rpn_cls: 0.0409, loss_rpn_bbox: 0.0209, loss_cls: 0.2564, acc: 94.9414, loss_bbox: 0.1868, loss: 0.5050
2020-10-27 09:04:12,610 - mmdet - INFO - Exp name: faster_rcnn_r50_caffe_fpn_2x_voc_imagenet.py
2020-10-27 09:04:12,611 - mmdet - INFO - Epoch [1][1000/6207]	lr: 2.500e-03, eta: 12:32:23, time: 0.298, data_time: 0.077, memory: 2471, loss_rpn_cls: 0.0497, loss_rpn_bbox: 0.0226, loss_cls: 0.2704, acc: 95.1685, loss_bbox: 0.1792, loss: 0.5219
2020-10-27 09:04:27,293 - mmdet - INFO - Epoch [1][1050/6207]	lr: 2.500e-03, eta: 12:30:47, time: 0.294, data_time: 0.081, memory: 2471, loss_rpn_cls: 0.0476, loss_rpn_bbox: 0.0237, loss_cls: 0.2727, acc: 94.7520, loss_bbox: 0.1931, loss: 0.5372
2020-10-27 09:04:42,036 - mmdet - INFO - Epoch [1][1100/6207]	lr: 2.500e-03, eta: 12:29:26, time: 0.295, data_time: 0.084, memory: 2471, loss_rpn_cls: 0.0467, loss_rpn_bbox: 0.0234, loss_cls: 0.2530, acc: 95.1162, loss_bbox: 0.1762, loss: 0.4992
2020-10-27 09:04:56,709 - mmdet - INFO - Epoch [1][1150/6207]	lr: 2.500e-03, eta: 12:28:03, time: 0.294, data_time: 0.080, memory: 2471, loss_rpn_cls: 0.0451, loss_rpn_bbox: 0.0227, loss_cls: 0.2635, acc: 94.9443, loss_bbox: 0.1828, loss: 0.5141
2020-10-27 09:05:11,371 - mmdet - INFO - Epoch [1][1200/6207]	lr: 2.500e-03, eta: 12:26:44, time: 0.293, data_time: 0.080, memory: 2471, loss_rpn_cls: 0.0435, loss_rpn_bbox: 0.0234, loss_cls: 0.2548, acc: 94.8242, loss_bbox: 0.1901, loss: 0.5118
2020-10-27 09:05:26,070 - mmdet - INFO - Epoch [1][1250/6207]	lr: 2.500e-03, eta: 12:25:34, time: 0.294, data_time: 0.082, memory: 2471, loss_rpn_cls: 0.0415, loss_rpn_bbox: 0.0231, loss_cls: 0.2735, acc: 94.3110, loss_bbox: 0.2041, loss: 0.5422
2020-10-27 09:05:40,757 - mmdet - INFO - Epoch [1][1300/6207]	lr: 2.500e-03, eta: 12:24:29, time: 0.294, data_time: 0.079, memory: 2471, loss_rpn_cls: 0.0358, loss_rpn_bbox: 0.0210, loss_cls: 0.2527, acc: 94.8804, loss_bbox: 0.1861, loss: 0.4957
2020-10-27 09:05:55,402 - mmdet - INFO - Epoch [1][1350/6207]	lr: 2.500e-03, eta: 12:23:21, time: 0.293, data_time: 0.078, memory: 2471, loss_rpn_cls: 0.0434, loss_rpn_bbox: 0.0211, loss_cls: 0.2417, acc: 94.9229, loss_bbox: 0.1832, loss: 0.4894
2020-10-27 09:06:10,069 - mmdet - INFO - Epoch [1][1400/6207]	lr: 2.500e-03, eta: 12:22:18, time: 0.293, data_time: 0.078, memory: 2471, loss_rpn_cls: 0.0494, loss_rpn_bbox: 0.0230, loss_cls: 0.2564, acc: 94.6807, loss_bbox: 0.1928, loss: 0.5216
2020-10-27 09:06:24,794 - mmdet - INFO - Epoch [1][1450/6207]	lr: 2.500e-03, eta: 12:21:26, time: 0.295, data_time: 0.075, memory: 2471, loss_rpn_cls: 0.0410, loss_rpn_bbox: 0.0222, loss_cls: 0.2532, acc: 94.5498, loss_bbox: 0.1952, loss: 0.5116
2020-10-27 09:06:39,514 - mmdet - INFO - Epoch [1][1500/6207]	lr: 2.500e-03, eta: 12:20:36, time: 0.294, data_time: 0.086, memory: 2471, loss_rpn_cls: 0.0391, loss_rpn_bbox: 0.0204, loss_cls: 0.2517, acc: 94.8179, loss_bbox: 0.1851, loss: 0.4963
2020-10-27 09:06:54,209 - mmdet - INFO - Epoch [1][1550/6207]	lr: 2.500e-03, eta: 12:19:44, time: 0.294, data_time: 0.080, memory: 2471, loss_rpn_cls: 0.0353, loss_rpn_bbox: 0.0208, loss_cls: 0.2518, acc: 94.5684, loss_bbox: 0.1956, loss: 0.5036
2020-10-27 09:07:08,865 - mmdet - INFO - Epoch [1][1600/6207]	lr: 2.500e-03, eta: 12:18:53, time: 0.293, data_time: 0.082, memory: 2471, loss_rpn_cls: 0.0336, loss_rpn_bbox: 0.0203, loss_cls: 0.2359, acc: 95.0625, loss_bbox: 0.1742, loss: 0.4639
2020-10-27 09:07:23,525 - mmdet - INFO - Epoch [1][1650/6207]	lr: 2.500e-03, eta: 12:18:04, time: 0.293, data_time: 0.088, memory: 2471, loss_rpn_cls: 0.0359, loss_rpn_bbox: 0.0198, loss_cls: 0.2485, acc: 94.9023, loss_bbox: 0.1808, loss: 0.4851
2020-10-27 09:07:38,566 - mmdet - INFO - Epoch [1][1700/6207]	lr: 2.500e-03, eta: 12:17:51, time: 0.301, data_time: 0.083, memory: 2471, loss_rpn_cls: 0.0328, loss_rpn_bbox: 0.0185, loss_cls: 0.2518, acc: 94.7524, loss_bbox: 0.1855, loss: 0.4886
2020-10-27 09:07:53,332 - mmdet - INFO - Epoch [1][1750/6207]	lr: 2.500e-03, eta: 12:17:14, time: 0.295, data_time: 0.083, memory: 2471, loss_rpn_cls: 0.0357, loss_rpn_bbox: 0.0208, loss_cls: 0.2674, acc: 94.4551, loss_bbox: 0.1940, loss: 0.5179
2020-10-27 09:08:08,132 - mmdet - INFO - Epoch [1][1800/6207]	lr: 2.500e-03, eta: 12:16:40, time: 0.296, data_time: 0.085, memory: 2471, loss_rpn_cls: 0.0320, loss_rpn_bbox: 0.0188, loss_cls: 0.2544, acc: 94.6255, loss_bbox: 0.1865, loss: 0.4917
2020-10-27 09:08:23,072 - mmdet - INFO - Epoch [1][1850/6207]	lr: 2.500e-03, eta: 12:16:18, time: 0.299, data_time: 0.087, memory: 2471, loss_rpn_cls: 0.0352, loss_rpn_bbox: 0.0219, loss_cls: 0.2496, acc: 94.4634, loss_bbox: 0.1957, loss: 0.5024
2020-10-27 09:08:37,751 - mmdet - INFO - Epoch [1][1900/6207]	lr: 2.500e-03, eta: 12:15:37, time: 0.294, data_time: 0.082, memory: 2471, loss_rpn_cls: 0.0328, loss_rpn_bbox: 0.0192, loss_cls: 0.2363, acc: 95.1978, loss_bbox: 0.1662, loss: 0.4546
2020-10-27 09:08:52,491 - mmdet - INFO - Epoch [1][1950/6207]	lr: 2.500e-03, eta: 12:15:02, time: 0.295, data_time: 0.083, memory: 2471, loss_rpn_cls: 0.0441, loss_rpn_bbox: 0.0238, loss_cls: 0.2575, acc: 94.5518, loss_bbox: 0.1924, loss: 0.5178
2020-10-27 09:09:07,217 - mmdet - INFO - Exp name: faster_rcnn_r50_caffe_fpn_2x_voc_imagenet.py
2020-10-27 09:09:07,217 - mmdet - INFO - Epoch [1][2000/6207]	lr: 2.500e-03, eta: 12:14:27, time: 0.295, data_time: 0.085, memory: 2471, loss_rpn_cls: 0.0347, loss_rpn_bbox: 0.0186, loss_cls: 0.2453, acc: 94.7256, loss_bbox: 0.1802, loss: 0.4788
2020-10-27 09:09:22,281 - mmdet - INFO - Epoch [1][2050/6207]	lr: 2.500e-03, eta: 12:14:02, time: 0.297, data_time: 0.079, memory: 2471, loss_rpn_cls: 0.0416, loss_rpn_bbox: 0.0225, loss_cls: 0.2686, acc: 94.2104, loss_bbox: 0.2037, loss: 0.5363
2020-10-27 09:09:36,952 - mmdet - INFO - Epoch [1][2100/6207]	lr: 2.500e-03, eta: 12:13:40, time: 0.298, data_time: 0.093, memory: 2471, loss_rpn_cls: 0.0326, loss_rpn_bbox: 0.0191, loss_cls: 0.2510, acc: 94.4751, loss_bbox: 0.1930, loss: 0.4957
2020-10-27 09:09:51,659 - mmdet - INFO - Epoch [1][2150/6207]	lr: 2.500e-03, eta: 12:13:05, time: 0.294, data_time: 0.087, memory: 2471, loss_rpn_cls: 0.0318, loss_rpn_bbox: 0.0178, loss_cls: 0.2480, acc: 94.7344, loss_bbox: 0.1838, loss: 0.4814
2020-10-27 09:10:06,296 - mmdet - INFO - Epoch [1][2200/6207]	lr: 2.500e-03, eta: 12:12:27, time: 0.293, data_time: 0.089, memory: 2471, loss_rpn_cls: 0.0338, loss_rpn_bbox: 0.0198, loss_cls: 0.2445, acc: 94.5356, loss_bbox: 0.1905, loss: 0.4885
2020-10-27 09:10:20,935 - mmdet - INFO - Epoch [1][2250/6207]	lr: 2.500e-03, eta: 12:11:51, time: 0.293, data_time: 0.091, memory: 2471, loss_rpn_cls: 0.0355, loss_rpn_bbox: 0.0220, loss_cls: 0.2489, acc: 94.5381, loss_bbox: 0.1906, loss: 0.4970
2020-10-27 09:10:35,575 - mmdet - INFO - Epoch [1][2300/6207]	lr: 2.500e-03, eta: 12:11:16, time: 0.293, data_time: 0.087, memory: 2471, loss_rpn_cls: 0.0307, loss_rpn_bbox: 0.0186, loss_cls: 0.2359, acc: 94.6860, loss_bbox: 0.1861, loss: 0.4712
2020-10-27 09:10:50,263 - mmdet - INFO - Epoch [1][2350/6207]	lr: 2.500e-03, eta: 12:10:43, time: 0.293, data_time: 0.079, memory: 2471, loss_rpn_cls: 0.0357, loss_rpn_bbox: 0.0222, loss_cls: 0.2441, acc: 94.1660, loss_bbox: 0.2048, loss: 0.5067
2020-10-27 09:11:04,978 - mmdet - INFO - Epoch [1][2400/6207]	lr: 2.500e-03, eta: 12:10:15, time: 0.295, data_time: 0.085, memory: 2471, loss_rpn_cls: 0.0320, loss_rpn_bbox: 0.0173, loss_cls: 0.2265, acc: 94.9634, loss_bbox: 0.1752, loss: 0.4511
2020-10-27 09:11:19,628 - mmdet - INFO - Epoch [1][2450/6207]	lr: 2.500e-03, eta: 12:09:41, time: 0.293, data_time: 0.084, memory: 2471, loss_rpn_cls: 0.0334, loss_rpn_bbox: 0.0197, loss_cls: 0.2380, acc: 94.4673, loss_bbox: 0.1911, loss: 0.4822
2020-10-27 09:11:34,247 - mmdet - INFO - Epoch [1][2500/6207]	lr: 2.500e-03, eta: 12:09:07, time: 0.292, data_time: 0.083, memory: 2471, loss_rpn_cls: 0.0361, loss_rpn_bbox: 0.0217, loss_cls: 0.2307, acc: 94.4653, loss_bbox: 0.1914, loss: 0.4798
2020-10-27 09:11:49,093 - mmdet - INFO - Epoch [1][2550/6207]	lr: 2.500e-03, eta: 12:08:47, time: 0.297, data_time: 0.085, memory: 2471, loss_rpn_cls: 0.0337, loss_rpn_bbox: 0.0193, loss_cls: 0.2246, acc: 94.7241, loss_bbox: 0.1838, loss: 0.4614
2020-10-27 09:12:03,994 - mmdet - INFO - Epoch [1][2600/6207]	lr: 2.500e-03, eta: 12:08:31, time: 0.298, data_time: 0.084, memory: 2471, loss_rpn_cls: 0.0301, loss_rpn_bbox: 0.0183, loss_cls: 0.2240, acc: 94.8784, loss_bbox: 0.1745, loss: 0.4469
2020-10-27 09:12:19,168 - mmdet - INFO - Epoch [1][2650/6207]	lr: 2.500e-03, eta: 12:08:16, time: 0.299, data_time: 0.084, memory: 2471, loss_rpn_cls: 0.0386, loss_rpn_bbox: 0.0209, loss_cls: 0.2531, acc: 94.2930, loss_bbox: 0.1970, loss: 0.5095
2020-10-27 09:12:33,804 - mmdet - INFO - Epoch [1][2700/6207]	lr: 2.500e-03, eta: 12:07:51, time: 0.295, data_time: 0.083, memory: 2471, loss_rpn_cls: 0.0320, loss_rpn_bbox: 0.0194, loss_cls: 0.2458, acc: 94.4883, loss_bbox: 0.1860, loss: 0.4832
2020-10-27 09:12:48,443 - mmdet - INFO - Epoch [1][2750/6207]	lr: 2.500e-03, eta: 12:07:20, time: 0.293, data_time: 0.084, memory: 2471, loss_rpn_cls: 0.0299, loss_rpn_bbox: 0.0188, loss_cls: 0.2333, acc: 94.8496, loss_bbox: 0.1762, loss: 0.4583
2020-10-27 09:13:03,151 - mmdet - INFO - Epoch [1][2800/6207]	lr: 2.500e-03, eta: 12:06:54, time: 0.294, data_time: 0.078, memory: 2471, loss_rpn_cls: 0.0305, loss_rpn_bbox: 0.0189, loss_cls: 0.2428, acc: 94.7246, loss_bbox: 0.1828, loss: 0.4749
2020-10-27 09:13:18,159 - mmdet - INFO - Epoch [1][2850/6207]	lr: 2.500e-03, eta: 12:06:44, time: 0.300, data_time: 0.084, memory: 2471, loss_rpn_cls: 0.0301, loss_rpn_bbox: 0.0195, loss_cls: 0.2403, acc: 94.2876, loss_bbox: 0.2014, loss: 0.4912
2020-10-27 09:13:32,895 - mmdet - INFO - Epoch [1][2900/6207]	lr: 2.500e-03, eta: 12:06:20, time: 0.295, data_time: 0.080, memory: 2471, loss_rpn_cls: 0.0318, loss_rpn_bbox: 0.0202, loss_cls: 0.2328, acc: 94.6289, loss_bbox: 0.1853, loss: 0.4702
2020-10-27 09:13:47,540 - mmdet - INFO - Epoch [1][2950/6207]	lr: 2.500e-03, eta: 12:05:52, time: 0.293, data_time: 0.086, memory: 2471, loss_rpn_cls: 0.0335, loss_rpn_bbox: 0.0189, loss_cls: 0.2262, acc: 94.8979, loss_bbox: 0.1769, loss: 0.4555
2020-10-27 09:14:02,431 - mmdet - INFO - Exp name: faster_rcnn_r50_caffe_fpn_2x_voc_imagenet.py
2020-10-27 09:14:02,432 - mmdet - INFO - Epoch [1][3000/6207]	lr: 2.500e-03, eta: 12:05:36, time: 0.298, data_time: 0.083, memory: 2471, loss_rpn_cls: 0.0295, loss_rpn_bbox: 0.0198, loss_cls: 0.2433, acc: 94.4834, loss_bbox: 0.1937, loss: 0.4864
2020-10-27 09:14:17,217 - mmdet - INFO - Epoch [1][3050/6207]	lr: 2.500e-03, eta: 12:05:14, time: 0.295, data_time: 0.081, memory: 2471, loss_rpn_cls: 0.0302, loss_rpn_bbox: 0.0189, loss_cls: 0.2413, acc: 94.5503, loss_bbox: 0.1924, loss: 0.4827
2020-10-27 09:14:31,888 - mmdet - INFO - Epoch [1][3100/6207]	lr: 2.500e-03, eta: 12:04:48, time: 0.293, data_time: 0.085, memory: 2471, loss_rpn_cls: 0.0339, loss_rpn_bbox: 0.0216, loss_cls: 0.2494, acc: 94.0840, loss_bbox: 0.2082, loss: 0.5131
2020-10-27 09:14:46,640 - mmdet - INFO - Epoch [1][3150/6207]	lr: 2.500e-03, eta: 12:04:26, time: 0.295, data_time: 0.083, memory: 2471, loss_rpn_cls: 0.0343, loss_rpn_bbox: 0.0208, loss_cls: 0.2455, acc: 94.2842, loss_bbox: 0.1959, loss: 0.4966
2020-10-27 09:15:01,348 - mmdet - INFO - Epoch [1][3200/6207]	lr: 2.500e-03, eta: 12:04:02, time: 0.294, data_time: 0.083, memory: 2471, loss_rpn_cls: 0.0291, loss_rpn_bbox: 0.0190, loss_cls: 0.2199, acc: 94.9321, loss_bbox: 0.1785, loss: 0.4465
2020-10-27 09:15:15,969 - mmdet - INFO - Epoch [1][3250/6207]	lr: 2.500e-03, eta: 12:03:35, time: 0.293, data_time: 0.084, memory: 2471, loss_rpn_cls: 0.0320, loss_rpn_bbox: 0.0183, loss_cls: 0.2180, acc: 94.8105, loss_bbox: 0.1750, loss: 0.4433
2020-10-27 09:15:30,776 - mmdet - INFO - Epoch [1][3300/6207]	lr: 2.500e-03, eta: 12:03:16, time: 0.296, data_time: 0.080, memory: 2471, loss_rpn_cls: 0.0257, loss_rpn_bbox: 0.0179, loss_cls: 0.2341, acc: 94.5586, loss_bbox: 0.1854, loss: 0.4631
2020-10-27 09:15:45,589 - mmdet - INFO - Epoch [1][3350/6207]	lr: 2.500e-03, eta: 12:02:57, time: 0.296, data_time: 0.082, memory: 2471, loss_rpn_cls: 0.0309, loss_rpn_bbox: 0.0215, loss_cls: 0.2380, acc: 94.1738, loss_bbox: 0.2056, loss: 0.4960
2020-10-27 09:16:00,252 - mmdet - INFO - Epoch [1][3400/6207]	lr: 2.500e-03, eta: 12:02:32, time: 0.293, data_time: 0.082, memory: 2471, loss_rpn_cls: 0.0264, loss_rpn_bbox: 0.0179, loss_cls: 0.2285, acc: 94.6826, loss_bbox: 0.1847, loss: 0.4576
2020-10-27 09:16:14,983 - mmdet - INFO - Epoch [1][3450/6207]	lr: 2.500e-03, eta: 12:02:11, time: 0.295, data_time: 0.082, memory: 2471, loss_rpn_cls: 0.0296, loss_rpn_bbox: 0.0197, loss_cls: 0.2453, acc: 94.0298, loss_bbox: 0.2072, loss: 0.5017
2020-10-27 09:16:29,667 - mmdet - INFO - Epoch [1][3500/6207]	lr: 2.500e-03, eta: 12:01:47, time: 0.294, data_time: 0.082, memory: 2471, loss_rpn_cls: 0.0318, loss_rpn_bbox: 0.0192, loss_cls: 0.2151, acc: 94.6304, loss_bbox: 0.1860, loss: 0.4520
2020-10-27 09:16:44,336 - mmdet - INFO - Epoch [1][3550/6207]	lr: 2.500e-03, eta: 12:01:23, time: 0.293, data_time: 0.078, memory: 2471, loss_rpn_cls: 0.0313, loss_rpn_bbox: 0.0211, loss_cls: 0.2391, acc: 93.9600, loss_bbox: 0.2059, loss: 0.4974
2020-10-27 09:16:59,158 - mmdet - INFO - Epoch [1][3600/6207]	lr: 2.500e-03, eta: 12:01:07, time: 0.297, data_time: 0.086, memory: 2471, loss_rpn_cls: 0.0291, loss_rpn_bbox: 0.0168, loss_cls: 0.2047, acc: 94.9570, loss_bbox: 0.1784, loss: 0.4291
2020-10-27 09:17:13,858 - mmdet - INFO - Epoch [1][3650/6207]	lr: 2.500e-03, eta: 12:00:45, time: 0.294, data_time: 0.085, memory: 2471, loss_rpn_cls: 0.0347, loss_rpn_bbox: 0.0214, loss_cls: 0.2268, acc: 94.1201, loss_bbox: 0.2041, loss: 0.4870
2020-10-27 09:17:28,874 - mmdet - INFO - Epoch [1][3700/6207]	lr: 2.500e-03, eta: 12:00:35, time: 0.300, data_time: 0.082, memory: 2471, loss_rpn_cls: 0.0261, loss_rpn_bbox: 0.0189, loss_cls: 0.2300, acc: 94.3696, loss_bbox: 0.1924, loss: 0.4674
2020-10-27 09:17:43,695 - mmdet - INFO - Epoch [1][3750/6207]	lr: 2.500e-03, eta: 12:00:18, time: 0.297, data_time: 0.082, memory: 2471, loss_rpn_cls: 0.0269, loss_rpn_bbox: 0.0191, loss_cls: 0.2244, acc: 94.4053, loss_bbox: 0.1991, loss: 0.4694
2020-10-27 09:17:58,532 - mmdet - INFO - Epoch [1][3800/6207]	lr: 2.500e-03, eta: 11:59:57, time: 0.294, data_time: 0.080, memory: 2471, loss_rpn_cls: 0.0295, loss_rpn_bbox: 0.0201, loss_cls: 0.2133, acc: 94.4854, loss_bbox: 0.1907, loss: 0.4536
2020-10-27 09:18:13,332 - mmdet - INFO - Epoch [1][3850/6207]	lr: 2.500e-03, eta: 11:59:43, time: 0.298, data_time: 0.081, memory: 2471, loss_rpn_cls: 0.0364, loss_rpn_bbox: 0.0216, loss_cls: 0.2107, acc: 94.7456, loss_bbox: 0.1792, loss: 0.4480
2020-10-27 09:18:28,159 - mmdet - INFO - Epoch [1][3900/6207]	lr: 2.500e-03, eta: 11:59:26, time: 0.297, data_time: 0.085, memory: 2471, loss_rpn_cls: 0.0271, loss_rpn_bbox: 0.0191, loss_cls: 0.2132, acc: 94.5303, loss_bbox: 0.1895, loss: 0.4489
2020-10-27 09:18:43,247 - mmdet - INFO - Epoch [1][3950/6207]	lr: 2.500e-03, eta: 11:59:18, time: 0.301, data_time: 0.084, memory: 2471, loss_rpn_cls: 0.0266, loss_rpn_bbox: 0.0192, loss_cls: 0.2067, acc: 94.7871, loss_bbox: 0.1847, loss: 0.4372
2020-10-27 09:18:58,198 - mmdet - INFO - Exp name: faster_rcnn_r50_caffe_fpn_2x_voc_imagenet.py
2020-10-27 09:18:58,199 - mmdet - INFO - Epoch [1][4000/6207]	lr: 2.500e-03, eta: 11:59:07, time: 0.299, data_time: 0.075, memory: 2471, loss_rpn_cls: 0.0260, loss_rpn_bbox: 0.0193, loss_cls: 0.2231, acc: 94.1523, loss_bbox: 0.2055, loss: 0.4739
2020-10-27 09:19:12,877 - mmdet - INFO - Epoch [1][4050/6207]	lr: 2.500e-03, eta: 11:58:45, time: 0.294, data_time: 0.080, memory: 2471, loss_rpn_cls: 0.0315, loss_rpn_bbox: 0.0194, loss_cls: 0.2184, acc: 94.3257, loss_bbox: 0.1964, loss: 0.4658
2020-10-27 09:19:27,758 - mmdet - INFO - Epoch [1][4100/6207]	lr: 2.500e-03, eta: 11:58:30, time: 0.297, data_time: 0.074, memory: 2471, loss_rpn_cls: 0.0282, loss_rpn_bbox: 0.0188, loss_cls: 0.2186, acc: 94.4028, loss_bbox: 0.1905, loss: 0.4561
2020-10-27 09:19:42,478 - mmdet - INFO - Epoch [1][4150/6207]	lr: 2.500e-03, eta: 11:58:09, time: 0.294, data_time: 0.083, memory: 2471, loss_rpn_cls: 0.0274, loss_rpn_bbox: 0.0177, loss_cls: 0.2125, acc: 94.5205, loss_bbox: 0.1951, loss: 0.4527
2020-10-27 09:19:57,298 - mmdet - INFO - Epoch [1][4200/6207]	lr: 2.500e-03, eta: 11:57:52, time: 0.296, data_time: 0.089, memory: 2471, loss_rpn_cls: 0.0225, loss_rpn_bbox: 0.0163, loss_cls: 0.2212, acc: 94.9932, loss_bbox: 0.1743, loss: 0.4343
2020-10-27 09:20:12,085 - mmdet - INFO - Epoch [1][4250/6207]	lr: 2.500e-03, eta: 11:57:34, time: 0.296, data_time: 0.079, memory: 2471, loss_rpn_cls: 0.0329, loss_rpn_bbox: 0.0210, loss_cls: 0.2294, acc: 94.1099, loss_bbox: 0.2078, loss: 0.4910
2020-10-27 09:20:26,855 - mmdet - INFO - Epoch [1][4300/6207]	lr: 2.500e-03, eta: 11:57:16, time: 0.295, data_time: 0.078, memory: 2471, loss_rpn_cls: 0.0269, loss_rpn_bbox: 0.0181, loss_cls: 0.2086, acc: 94.4785, loss_bbox: 0.1882, loss: 0.4419
2020-10-27 09:20:41,637 - mmdet - INFO - Epoch [1][4350/6207]	lr: 2.500e-03, eta: 11:56:59, time: 0.296, data_time: 0.083, memory: 2471, loss_rpn_cls: 0.0262, loss_rpn_bbox: 0.0179, loss_cls: 0.1932, acc: 95.1455, loss_bbox: 0.1671, loss: 0.4044
2020-10-27 09:20:56,466 - mmdet - INFO - Epoch [1][4400/6207]	lr: 2.500e-03, eta: 11:56:40, time: 0.295, data_time: 0.073, memory: 2471, loss_rpn_cls: 0.0273, loss_rpn_bbox: 0.0185, loss_cls: 0.2120, acc: 94.6807, loss_bbox: 0.1885, loss: 0.4463
2020-10-27 09:21:11,307 - mmdet - INFO - Epoch [1][4450/6207]	lr: 2.500e-03, eta: 11:56:25, time: 0.298, data_time: 0.078, memory: 2471, loss_rpn_cls: 0.0266, loss_rpn_bbox: 0.0181, loss_cls: 0.2140, acc: 94.6274, loss_bbox: 0.1893, loss: 0.4479
2020-10-27 09:21:26,237 - mmdet - INFO - Epoch [1][4500/6207]	lr: 2.500e-03, eta: 11:56:13, time: 0.299, data_time: 0.086, memory: 2471, loss_rpn_cls: 0.0277, loss_rpn_bbox: 0.0187, loss_cls: 0.1947, acc: 94.9043, loss_bbox: 0.1803, loss: 0.4214
2020-10-27 09:21:41,106 - mmdet - INFO - Epoch [1][4550/6207]	lr: 2.500e-03, eta: 11:55:51, time: 0.293, data_time: 0.074, memory: 2471, loss_rpn_cls: 0.0285, loss_rpn_bbox: 0.0180, loss_cls: 0.2084, acc: 94.4800, loss_bbox: 0.1951, loss: 0.4500
2020-10-27 09:21:55,891 - mmdet - INFO - Epoch [1][4600/6207]	lr: 2.500e-03, eta: 11:55:40, time: 0.300, data_time: 0.082, memory: 2471, loss_rpn_cls: 0.0282, loss_rpn_bbox: 0.0186, loss_cls: 0.2211, acc: 94.3315, loss_bbox: 0.2012, loss: 0.4690
2020-10-27 09:22:10,751 - mmdet - INFO - Epoch [1][4650/6207]	lr: 2.500e-03, eta: 11:55:25, time: 0.298, data_time: 0.077, memory: 2471, loss_rpn_cls: 0.0258, loss_rpn_bbox: 0.0212, loss_cls: 0.2094, acc: 94.4717, loss_bbox: 0.1878, loss: 0.4442
2020-10-27 09:22:25,756 - mmdet - INFO - Epoch [1][4700/6207]	lr: 2.500e-03, eta: 11:55:14, time: 0.300, data_time: 0.075, memory: 2471, loss_rpn_cls: 0.0267, loss_rpn_bbox: 0.0182, loss_cls: 0.1994, acc: 94.6885, loss_bbox: 0.1856, loss: 0.4299
2020-10-27 09:22:40,810 - mmdet - INFO - Epoch [1][4750/6207]	lr: 2.500e-03, eta: 11:55:03, time: 0.300, data_time: 0.080, memory: 2471, loss_rpn_cls: 0.0272, loss_rpn_bbox: 0.0196, loss_cls: 0.2035, acc: 94.4321, loss_bbox: 0.1937, loss: 0.4440
2020-10-27 09:22:55,510 - mmdet - INFO - Epoch [1][4800/6207]	lr: 2.500e-03, eta: 11:54:44, time: 0.295, data_time: 0.081, memory: 2471, loss_rpn_cls: 0.0247, loss_rpn_bbox: 0.0169, loss_cls: 0.1868, acc: 94.8774, loss_bbox: 0.1793, loss: 0.4076
2020-10-27 09:23:10,498 - mmdet - INFO - Epoch [1][4850/6207]	lr: 2.500e-03, eta: 11:54:33, time: 0.300, data_time: 0.077, memory: 2471, loss_rpn_cls: 0.0233, loss_rpn_bbox: 0.0168, loss_cls: 0.1910, acc: 94.7041, loss_bbox: 0.1822, loss: 0.4132
2020-10-27 09:23:25,092 - mmdet - INFO - Epoch [1][4900/6207]	lr: 2.500e-03, eta: 11:54:10, time: 0.292, data_time: 0.074, memory: 2471, loss_rpn_cls: 0.0234, loss_rpn_bbox: 0.0179, loss_cls: 0.2009, acc: 94.4546, loss_bbox: 0.1935, loss: 0.4357
2020-10-27 09:23:39,863 - mmdet - INFO - Epoch [1][4950/6207]	lr: 2.500e-03, eta: 11:53:51, time: 0.295, data_time: 0.079, memory: 2471, loss_rpn_cls: 0.0238, loss_rpn_bbox: 0.0166, loss_cls: 0.1956, acc: 94.9346, loss_bbox: 0.1772, loss: 0.4132
2020-10-27 09:23:54,524 - mmdet - INFO - Exp name: faster_rcnn_r50_caffe_fpn_2x_voc_imagenet.py
2020-10-27 09:23:54,524 - mmdet - INFO - Epoch [1][5000/6207]	lr: 2.500e-03, eta: 11:53:30, time: 0.293, data_time: 0.078, memory: 2471, loss_rpn_cls: 0.0293, loss_rpn_bbox: 0.0191, loss_cls: 0.1880, acc: 94.9917, loss_bbox: 0.1789, loss: 0.4153
2020-10-27 09:24:09,831 - mmdet - INFO - Epoch [1][5050/6207]	lr: 2.500e-03, eta: 11:53:24, time: 0.303, data_time: 0.080, memory: 2471, loss_rpn_cls: 0.0275, loss_rpn_bbox: 0.0177, loss_cls: 0.1975, acc: 94.8086, loss_bbox: 0.1830, loss: 0.4257
2020-10-27 09:24:24,771 - mmdet - INFO - Epoch [1][5100/6207]	lr: 2.500e-03, eta: 11:53:16, time: 0.302, data_time: 0.083, memory: 2471, loss_rpn_cls: 0.0269, loss_rpn_bbox: 0.0183, loss_cls: 0.2149, acc: 94.2065, loss_bbox: 0.1994, loss: 0.4596
2020-10-27 09:24:39,718 - mmdet - INFO - Epoch [1][5150/6207]	lr: 2.500e-03, eta: 11:53:03, time: 0.299, data_time: 0.082, memory: 2471, loss_rpn_cls: 0.0264, loss_rpn_bbox: 0.0188, loss_cls: 0.2042, acc: 94.3047, loss_bbox: 0.1995, loss: 0.4488
2020-10-27 09:24:54,357 - mmdet - INFO - Epoch [1][5200/6207]	lr: 2.500e-03, eta: 11:52:41, time: 0.293, data_time: 0.079, memory: 2471, loss_rpn_cls: 0.0284, loss_rpn_bbox: 0.0179, loss_cls: 0.2017, acc: 94.6436, loss_bbox: 0.1880, loss: 0.4361
2020-10-27 09:25:09,254 - mmdet - INFO - Epoch [1][5250/6207]	lr: 2.500e-03, eta: 11:52:27, time: 0.298, data_time: 0.083, memory: 2471, loss_rpn_cls: 0.0279, loss_rpn_bbox: 0.0191, loss_cls: 0.1914, acc: 94.6982, loss_bbox: 0.1837, loss: 0.4221
2020-10-27 09:25:24,324 - mmdet - INFO - Epoch [1][5300/6207]	lr: 2.500e-03, eta: 11:52:18, time: 0.301, data_time: 0.078, memory: 2471, loss_rpn_cls: 0.0232, loss_rpn_bbox: 0.0191, loss_cls: 0.2153, acc: 94.1279, loss_bbox: 0.2057, loss: 0.4633
2020-10-27 09:25:39,127 - mmdet - INFO - Epoch [1][5350/6207]	lr: 2.500e-03, eta: 11:52:01, time: 0.296, data_time: 0.079, memory: 2471, loss_rpn_cls: 0.0250, loss_rpn_bbox: 0.0181, loss_cls: 0.1991, acc: 94.7686, loss_bbox: 0.1860, loss: 0.4282
2020-10-27 09:25:53,968 - mmdet - INFO - Epoch [1][5400/6207]	lr: 2.500e-03, eta: 11:51:45, time: 0.297, data_time: 0.081, memory: 2471, loss_rpn_cls: 0.0239, loss_rpn_bbox: 0.0173, loss_cls: 0.1974, acc: 94.7935, loss_bbox: 0.1847, loss: 0.4232
2020-10-27 09:26:08,627 - mmdet - INFO - Epoch [1][5450/6207]	lr: 2.500e-03, eta: 11:51:25, time: 0.293, data_time: 0.078, memory: 2471, loss_rpn_cls: 0.0243, loss_rpn_bbox: 0.0187, loss_cls: 0.1996, acc: 94.4517, loss_bbox: 0.1943, loss: 0.4370
2020-10-27 09:26:23,588 - mmdet - INFO - Epoch [1][5500/6207]	lr: 2.500e-03, eta: 11:51:12, time: 0.299, data_time: 0.076, memory: 2471, loss_rpn_cls: 0.0249, loss_rpn_bbox: 0.0177, loss_cls: 0.2107, acc: 94.7100, loss_bbox: 0.1846, loss: 0.4379
2020-10-27 09:26:38,378 - mmdet - INFO - Epoch [1][5550/6207]	lr: 2.500e-03, eta: 11:50:55, time: 0.296, data_time: 0.082, memory: 2471, loss_rpn_cls: 0.0235, loss_rpn_bbox: 0.0163, loss_cls: 0.1888, acc: 95.0513, loss_bbox: 0.1763, loss: 0.4049
2020-10-27 09:26:53,058 - mmdet - INFO - Epoch [1][5600/6207]	lr: 2.500e-03, eta: 11:50:35, time: 0.294, data_time: 0.082, memory: 2471, loss_rpn_cls: 0.0252, loss_rpn_bbox: 0.0173, loss_cls: 0.2004, acc: 94.6143, loss_bbox: 0.1891, loss: 0.4320
2020-10-27 09:27:07,807 - mmdet - INFO - Epoch [1][5650/6207]	lr: 2.500e-03, eta: 11:50:18, time: 0.295, data_time: 0.078, memory: 2471, loss_rpn_cls: 0.0245, loss_rpn_bbox: 0.0184, loss_cls: 0.2026, acc: 94.3062, loss_bbox: 0.1983, loss: 0.4437
2020-10-27 09:27:22,649 - mmdet - INFO - Epoch [1][5700/6207]	lr: 2.500e-03, eta: 11:50:00, time: 0.295, data_time: 0.080, memory: 2471, loss_rpn_cls: 0.0266, loss_rpn_bbox: 0.0169, loss_cls: 0.1827, acc: 94.9556, loss_bbox: 0.1785, loss: 0.4046
2020-10-27 09:27:37,831 - mmdet - INFO - Epoch [1][5750/6207]	lr: 2.500e-03, eta: 11:49:55, time: 0.306, data_time: 0.083, memory: 2471, loss_rpn_cls: 0.0208, loss_rpn_bbox: 0.0176, loss_cls: 0.1845, acc: 94.8071, loss_bbox: 0.1812, loss: 0.4041
2020-10-27 09:27:52,497 - mmdet - INFO - Epoch [1][5800/6207]	lr: 2.500e-03, eta: 11:49:35, time: 0.293, data_time: 0.082, memory: 2471, loss_rpn_cls: 0.0229, loss_rpn_bbox: 0.0180, loss_cls: 0.1937, acc: 94.3945, loss_bbox: 0.1995, loss: 0.4341
2020-10-27 09:28:07,498 - mmdet - INFO - Epoch [1][5850/6207]	lr: 2.500e-03, eta: 11:49:23, time: 0.300, data_time: 0.082, memory: 2471, loss_rpn_cls: 0.0237, loss_rpn_bbox: 0.0175, loss_cls: 0.1804, acc: 95.0889, loss_bbox: 0.1762, loss: 0.3978
2020-10-27 09:28:22,272 - mmdet - INFO - Epoch [1][5900/6207]	lr: 2.500e-03, eta: 11:49:06, time: 0.296, data_time: 0.077, memory: 2471, loss_rpn_cls: 0.0267, loss_rpn_bbox: 0.0184, loss_cls: 0.1936, acc: 94.5459, loss_bbox: 0.1931, loss: 0.4318
2020-10-27 09:28:37,589 - mmdet - INFO - Epoch [1][5950/6207]	lr: 2.500e-03, eta: 11:49:02, time: 0.306, data_time: 0.077, memory: 2471, loss_rpn_cls: 0.0231, loss_rpn_bbox: 0.0173, loss_cls: 0.1804, acc: 95.0947, loss_bbox: 0.1704, loss: 0.3911
2020-10-27 09:28:52,320 - mmdet - INFO - Exp name: faster_rcnn_r50_caffe_fpn_2x_voc_imagenet.py
2020-10-27 09:28:52,320 - mmdet - INFO - Epoch [1][6000/6207]	lr: 2.500e-03, eta: 11:48:44, time: 0.295, data_time: 0.078, memory: 2471, loss_rpn_cls: 0.0238, loss_rpn_bbox: 0.0175, loss_cls: 0.1882, acc: 94.5020, loss_bbox: 0.1916, loss: 0.4212
2020-10-27 09:29:07,288 - mmdet - INFO - Epoch [1][6050/6207]	lr: 2.500e-03, eta: 11:48:31, time: 0.299, data_time: 0.081, memory: 2471, loss_rpn_cls: 0.0244, loss_rpn_bbox: 0.0184, loss_cls: 0.1921, acc: 94.5410, loss_bbox: 0.1921, loss: 0.4270
2020-10-27 09:29:22,121 - mmdet - INFO - Epoch [1][6100/6207]	lr: 2.500e-03, eta: 11:48:15, time: 0.297, data_time: 0.076, memory: 2471, loss_rpn_cls: 0.0263, loss_rpn_bbox: 0.0197, loss_cls: 0.1934, acc: 94.5312, loss_bbox: 0.1944, loss: 0.4338
2020-10-27 09:29:36,853 - mmdet - INFO - Epoch [1][6150/6207]	lr: 2.500e-03, eta: 11:47:58, time: 0.295, data_time: 0.074, memory: 2471, loss_rpn_cls: 0.0225, loss_rpn_bbox: 0.0164, loss_cls: 0.1794, acc: 94.9321, loss_bbox: 0.1818, loss: 0.4001
2020-10-27 09:29:51,652 - mmdet - INFO - Epoch [1][6200/6207]	lr: 2.500e-03, eta: 11:47:41, time: 0.296, data_time: 0.075, memory: 2471, loss_rpn_cls: 0.0284, loss_rpn_bbox: 0.0198, loss_cls: 0.1931, acc: 94.3130, loss_bbox: 0.1982, loss: 0.4395
2020-10-27 09:29:53,762 - mmdet - INFO - Saving checkpoint at 1 epochs
2020-10-27 09:31:44,438 - mmdet - INFO - 
+-------------+------+-------+--------+-------+
| class       | gts  | dets  | recall | ap    |
+-------------+------+-------+--------+-------+
| aeroplane   | 285  | 2729  | 0.677  | 0.383 |
| bicycle     | 337  | 3923  | 0.840  | 0.454 |
| bird        | 459  | 5444  | 0.782  | 0.463 |
| boat        | 263  | 1122  | 0.616  | 0.294 |
| bottle      | 469  | 6345  | 0.719  | 0.329 |
| bus         | 213  | 2488  | 0.817  | 0.411 |
| car         | 1201 | 13862 | 0.916  | 0.544 |
| cat         | 358  | 3717  | 0.888  | 0.492 |
| chair       | 756  | 4301  | 0.643  | 0.339 |
| cow         | 244  | 2093  | 0.902  | 0.458 |
| diningtable | 206  | 3349  | 0.772  | 0.238 |
| dog         | 489  | 7877  | 0.939  | 0.469 |
| horse       | 348  | 3740  | 0.922  | 0.500 |
| motorbike   | 325  | 4123  | 0.862  | 0.551 |
| person      | 4528 | 30146 | 0.899  | 0.627 |
| pottedplant | 480  | 2681  | 0.485  | 0.169 |
| sheep       | 242  | 1063  | 0.719  | 0.469 |
| sofa        | 239  | 1401  | 0.766  | 0.387 |
| train       | 282  | 3638  | 0.798  | 0.373 |
| tvmonitor   | 308  | 2566  | 0.812  | 0.465 |
+-------------+------+-------+--------+-------+
| mAP         |      |       |        | 0.421 |
+-------------+------+-------+--------+-------+
2020-10-27 09:31:44,475 - mmdet - INFO - Exp name: faster_rcnn_r50_caffe_fpn_2x_voc_imagenet.py
2020-10-27 09:31:44,476 - mmdet - INFO - Epoch(val) [1][6207]	mAP: 0.4208
2020-10-27 09:32:02,505 - mmdet - INFO - Epoch [2][50/6207]	lr: 2.500e-03, eta: 11:47:44, time: 0.357, data_time: 0.131, memory: 2471, loss_rpn_cls: 0.0287, loss_rpn_bbox: 0.0191, loss_cls: 0.1996, acc: 94.2720, loss_bbox: 0.2046, loss: 0.4520
2020-10-27 09:32:17,206 - mmdet - INFO - Epoch [2][100/6207]	lr: 2.500e-03, eta: 11:47:26, time: 0.294, data_time: 0.073, memory: 2471, loss_rpn_cls: 0.0242, loss_rpn_bbox: 0.0176, loss_cls: 0.1819, acc: 94.7939, loss_bbox: 0.1807, loss: 0.4043
2020-10-27 09:32:31,844 - mmdet - INFO - Epoch [2][150/6207]	lr: 2.500e-03, eta: 11:47:05, time: 0.293, data_time: 0.080, memory: 2471, loss_rpn_cls: 0.0206, loss_rpn_bbox: 0.0170, loss_cls: 0.1825, acc: 94.7476, loss_bbox: 0.1845, loss: 0.4046
2020-10-27 09:32:46,553 - mmdet - INFO - Epoch [2][200/6207]	lr: 2.500e-03, eta: 11:46:47, time: 0.294, data_time: 0.078, memory: 2471, loss_rpn_cls: 0.0183, loss_rpn_bbox: 0.0160, loss_cls: 0.1724, acc: 95.1494, loss_bbox: 0.1743, loss: 0.3810
