2020-10-29 11:05:12,244 - mmdet - INFO - Environment info:
------------------------------------------------------------
sys.platform: linux
Python: 3.6.12 |Anaconda, Inc.| (default, Sep  8 2020, 23:10:56) [GCC 7.3.0]
CUDA available: True
GPU 0,1,2,3: GeForce RTX 2080 Ti
CUDA_HOME: /usr/local/cuda
NVCC: Cuda compilation tools, release 10.0, V10.0.130
GCC: gcc (Ubuntu 5.4.0-6ubuntu1~16.04.11) 5.4.0 20160609
PyTorch: 1.4.0
PyTorch compiling details: PyTorch built with:
  - GCC 7.3
  - Intel(R) Math Kernel Library Version 2020.0.2 Product Build 20200624 for Intel(R) 64 architecture applications
  - Intel(R) MKL-DNN v0.21.1 (Git Hash 7d2fd500bc78936d1d648ca713b901012f470dbc)
  - OpenMP 201511 (a.k.a. OpenMP 4.5)
  - NNPACK is enabled
  - CUDA Runtime 10.0
  - NVCC architecture flags: -gencode;arch=compute_37,code=sm_37;-gencode;arch=compute_50,code=sm_50;-gencode;arch=compute_60,code=sm_60;-gencode;arch=compute_61,code=sm_61;-gencode;arch=compute_70,code=sm_70;-gencode;arch=compute_75,code=sm_75;-gencode;arch=compute_37,code=compute_37
  - CuDNN 7.6.3
  - Magma 2.5.1
  - Build settings: BLAS=MKL, BUILD_NAMEDTENSOR=OFF, BUILD_TYPE=Release, CXX_FLAGS= -Wno-deprecated -fvisibility-inlines-hidden -fopenmp -DUSE_FBGEMM -DUSE_QNNPACK -DUSE_PYTORCH_QNNPACK -O2 -fPIC -Wno-narrowing -Wall -Wextra -Wno-missing-field-initializers -Wno-type-limits -Wno-array-bounds -Wno-unknown-pragmas -Wno-sign-compare -Wno-unused-parameter -Wno-unused-variable -Wno-unused-function -Wno-unused-result -Wno-strict-overflow -Wno-strict-aliasing -Wno-error=deprecated-declarations -Wno-stringop-overflow -Wno-error=pedantic -Wno-error=redundant-decls -Wno-error=old-style-cast -fdiagnostics-color=always -faligned-new -Wno-unused-but-set-variable -Wno-maybe-uninitialized -fno-math-errno -fno-trapping-math -Wno-stringop-overflow, DISABLE_NUMA=1, PERF_WITH_AVX=1, PERF_WITH_AVX2=1, PERF_WITH_AVX512=1, USE_CUDA=ON, USE_EXCEPTION_PTR=1, USE_GFLAGS=OFF, USE_GLOG=OFF, USE_MKL=ON, USE_MKLDNN=ON, USE_MPI=OFF, USE_NCCL=ON, USE_NNPACK=ON, USE_OPENMP=ON, USE_STATIC_DISPATCH=OFF, 

TorchVision: 0.5.0
OpenCV: 4.4.0
MMCV: 1.1.5
MMCV Compiler: GCC 7.3
MMCV CUDA Compiler: 10.0
MMDetection: 2.5.0+
------------------------------------------------------------

2020-10-29 11:05:15,421 - mmdet - INFO - Distributed training: True
2020-10-29 11:05:19,025 - mmdet - INFO - Config:
model = dict(
    type='FasterRCNN',
    pretrained='torchvision://resnet50',
    backbone=dict(
        type='ResNet',
        depth=50,
        num_stages=4,
        out_indices=(0, 1, 2, 3),
        frozen_stages=1,
        norm_cfg=dict(type='BN', requires_grad=True),
        norm_eval=True,
        style='pytorch'),
    neck=dict(
        type='FPN',
        in_channels=[256, 512, 1024, 2048],
        out_channels=256,
        num_outs=5),
    rpn_head=dict(
        type='RPNHead',
        in_channels=256,
        feat_channels=256,
        anchor_generator=dict(
            type='AnchorGenerator',
            scales=[8],
            ratios=[0.5, 1.0, 2.0],
            strides=[4, 8, 16, 32, 64]),
        bbox_coder=dict(
            type='DeltaXYWHBBoxCoder',
            target_means=[0.0, 0.0, 0.0, 0.0],
            target_stds=[1.0, 1.0, 1.0, 1.0]),
        loss_cls=dict(
            type='CrossEntropyLoss', use_sigmoid=True, loss_weight=1.0),
        loss_bbox=dict(type='L1Loss', loss_weight=1.0)),
    roi_head=dict(
        type='StandardRoIHead',
        bbox_roi_extractor=dict(
            type='SingleRoIExtractor',
            roi_layer=dict(type='RoIAlign', output_size=7, sampling_ratio=0),
            out_channels=256,
            featmap_strides=[4, 8, 16, 32]),
        bbox_head=dict(
            type='Shared2FCBBoxHead',
            in_channels=256,
            fc_out_channels=1024,
            roi_feat_size=7,
            num_classes=80,
            bbox_coder=dict(
                type='DeltaXYWHBBoxCoder',
                target_means=[0.0, 0.0, 0.0, 0.0],
                target_stds=[0.1, 0.1, 0.2, 0.2]),
            reg_class_agnostic=False,
            loss_cls=dict(
                type='CrossEntropyLoss', use_sigmoid=False, loss_weight=1.0),
            loss_bbox=dict(type='L1Loss', loss_weight=1.0))))
train_cfg = dict(
    rpn=dict(
        assigner=dict(
            type='MaxIoUAssigner',
            pos_iou_thr=0.7,
            neg_iou_thr=0.3,
            min_pos_iou=0.3,
            match_low_quality=True,
            ignore_iof_thr=-1),
        sampler=dict(
            type='RandomSampler',
            num=256,
            pos_fraction=0.5,
            neg_pos_ub=-1,
            add_gt_as_proposals=False),
        allowed_border=-1,
        pos_weight=-1,
        debug=False),
    rpn_proposal=dict(
        nms_across_levels=False,
        nms_pre=2000,
        nms_post=1000,
        max_num=1000,
        nms_thr=0.7,
        min_bbox_size=0),
    rcnn=dict(
        assigner=dict(
            type='MaxIoUAssigner',
            pos_iou_thr=0.5,
            neg_iou_thr=0.5,
            min_pos_iou=0.5,
            match_low_quality=False,
            ignore_iof_thr=-1),
        sampler=dict(
            type='RandomSampler',
            num=512,
            pos_fraction=0.25,
            neg_pos_ub=-1,
            add_gt_as_proposals=True),
        pos_weight=-1,
        debug=False))
test_cfg = dict(
    rpn=dict(
        nms_across_levels=False,
        nms_pre=1000,
        nms_post=1000,
        max_num=1000,
        nms_thr=0.7,
        min_bbox_size=0),
    rcnn=dict(
        score_thr=0.05,
        nms=dict(type='nms', iou_threshold=0.5),
        max_per_img=100))
dataset_type = 'VOCDataset'
data_root = '/root/userfolder/data/voc0712/VOCdevkit/'
img_norm_cfg = dict(
    mean=[123.675, 116.28, 103.53], std=[58.395, 57.12, 57.375], to_rgb=True)
train_pipeline = [
    dict(type='LoadImageFromFile'),
    dict(type='LoadAnnotations', with_bbox=True),
    dict(type='Resize', img_scale=(1000, 600), keep_ratio=True),
    dict(type='RandomFlip', flip_ratio=0.5),
    dict(
        type='Normalize',
        mean=[123.675, 116.28, 103.53],
        std=[58.395, 57.12, 57.375],
        to_rgb=True),
    dict(type='Pad', size_divisor=32),
    dict(type='DefaultFormatBundle'),
    dict(type='Collect', keys=['img', 'gt_bboxes', 'gt_labels'])
]
test_pipeline = [
    dict(type='LoadImageFromFile'),
    dict(
        type='MultiScaleFlipAug',
        img_scale=(1000, 600),
        flip=False,
        transforms=[
            dict(type='Resize', keep_ratio=True),
            dict(type='RandomFlip'),
            dict(
                type='Normalize',
                mean=[123.675, 116.28, 103.53],
                std=[58.395, 57.12, 57.375],
                to_rgb=True),
            dict(type='Pad', size_divisor=32),
            dict(type='ImageToTensor', keys=['img']),
            dict(type='Collect', keys=['img'])
        ])
]
data = dict(
    samples_per_gpu=2,
    workers_per_gpu=0,
    train=dict(
        type='RepeatDataset',
        times=3,
        dataset=dict(
            type='VOCDataset',
            ann_file=[
                '/root/userfolder/data/voc0712/VOCdevkit/VOC2007/ImageSets/Main/trainval.txt',
                '/root/userfolder/data/voc0712/VOCdevkit/VOC2012/ImageSets/Main/trainval.txt'
            ],
            img_prefix=[
                '/root/userfolder/data/voc0712/VOCdevkit/VOC2007/',
                '/root/userfolder/data/voc0712/VOCdevkit/VOC2012/'
            ],
            pipeline=[
                dict(type='LoadImageFromFile'),
                dict(type='LoadAnnotations', with_bbox=True),
                dict(type='Resize', img_scale=(1000, 600), keep_ratio=True),
                dict(type='RandomFlip', flip_ratio=0.5),
                dict(
                    type='Normalize',
                    mean=[123.675, 116.28, 103.53],
                    std=[58.395, 57.12, 57.375],
                    to_rgb=True),
                dict(type='Pad', size_divisor=32),
                dict(type='DefaultFormatBundle'),
                dict(type='Collect', keys=['img', 'gt_bboxes', 'gt_labels'])
            ])),
    val=dict(
        type='VOCDataset',
        ann_file=
        '/root/userfolder/data/voc0712/VOCdevkit/VOC2007/ImageSets/Main/test.txt',
        img_prefix='/root/userfolder/data/voc0712/VOCdevkit/VOC2007/',
        pipeline=[
            dict(type='LoadImageFromFile'),
            dict(
                type='MultiScaleFlipAug',
                img_scale=(1000, 600),
                flip=False,
                transforms=[
                    dict(type='Resize', keep_ratio=True),
                    dict(type='RandomFlip'),
                    dict(
                        type='Normalize',
                        mean=[123.675, 116.28, 103.53],
                        std=[58.395, 57.12, 57.375],
                        to_rgb=True),
                    dict(type='Pad', size_divisor=32),
                    dict(type='ImageToTensor', keys=['img']),
                    dict(type='Collect', keys=['img'])
                ])
        ]),
    test=dict(
        type='VOCDataset',
        ann_file=
        '/root/userfolder/data/voc0712/VOCdevkit/VOC2007/ImageSets/Main/test.txt',
        img_prefix='/root/userfolder/data/voc0712/VOCdevkit/VOC2007/',
        pipeline=[
            dict(type='LoadImageFromFile'),
            dict(
                type='MultiScaleFlipAug',
                img_scale=(1000, 600),
                flip=False,
                transforms=[
                    dict(type='Resize', keep_ratio=True),
                    dict(type='RandomFlip'),
                    dict(
                        type='Normalize',
                        mean=[123.675, 116.28, 103.53],
                        std=[58.395, 57.12, 57.375],
                        to_rgb=True),
                    dict(type='Pad', size_divisor=32),
                    dict(type='ImageToTensor', keys=['img']),
                    dict(type='Collect', keys=['img'])
                ])
        ]))
evaluation = dict(interval=1, metric='mAP')
optimizer = dict(type='SGD', lr=0.01, momentum=0.9, weight_decay=0.0001)
optimizer_config = dict(grad_clip=None)
lr_config = dict(
    policy='step',
    warmup='linear',
    warmup_iters=500,
    warmup_ratio=0.001,
    step=[16, 22])
total_epochs = 24
checkpoint_config = dict(interval=1)
log_config = dict(interval=50, hooks=[dict(type='TextLoggerHook')])
dist_params = dict(backend='nccl')
log_level = 'INFO'
load_from = None
resume_from = None
workflow = [('train', 1)]
work_dir = './work_dirs/faster_rcnn_r50_fpn_2x_voc'
gpu_ids = range(0, 1)

2020-10-29 11:05:19,763 - mmdet - INFO - load model from: torchvision://resnet50
2020-10-29 11:05:27,432 - mmdet - WARNING - The model and loaded state dict do not match exactly

unexpected key in source state_dict: fc.weight, fc.bias

2020-10-29 11:05:32,640 - mmdet - INFO - Start running, host: root@95b7482644c5, work_dir: /root/userfolder/mmdetection/work_dirs/faster_rcnn_r50_fpn_2x_voc
2020-10-29 11:05:32,640 - mmdet - INFO - workflow: [('train', 1)], max: 24 epochs
2020-10-29 11:06:08,071 - mmdet - INFO - Epoch [1][50/6207]	lr: 9.890e-04, eta: 1 day, 5:09:32, time: 0.705, data_time: 0.162, memory: 2576, loss_rpn_cls: 0.4716, loss_rpn_bbox: 0.0271, loss_cls: 1.4230, acc: 85.9951, loss_bbox: 0.0199, loss: 1.9415
2020-10-29 11:06:39,624 - mmdet - INFO - Epoch [1][100/6207]	lr: 1.988e-03, eta: 1 day, 3:37:35, time: 0.631, data_time: 0.125, memory: 2576, loss_rpn_cls: 0.0907, loss_rpn_bbox: 0.0250, loss_cls: 0.5016, acc: 96.1758, loss_bbox: 0.1505, loss: 0.7677
2020-10-29 11:07:09,492 - mmdet - INFO - Epoch [1][150/6207]	lr: 2.987e-03, eta: 1 day, 2:36:44, time: 0.595, data_time: 0.109, memory: 2576, loss_rpn_cls: 0.0657, loss_rpn_bbox: 0.0215, loss_cls: 0.3982, acc: 95.8794, loss_bbox: 0.1639, loss: 0.6493
2020-10-29 11:07:40,787 - mmdet - INFO - Epoch [1][200/6207]	lr: 3.986e-03, eta: 1 day, 2:27:00, time: 0.629, data_time: 0.111, memory: 2576, loss_rpn_cls: 0.0548, loss_rpn_bbox: 0.0207, loss_cls: 0.3678, acc: 95.4961, loss_bbox: 0.1810, loss: 0.6243
2020-10-29 11:08:12,365 - mmdet - INFO - Epoch [1][250/6207]	lr: 4.985e-03, eta: 1 day, 2:22:33, time: 0.632, data_time: 0.113, memory: 2576, loss_rpn_cls: 0.0546, loss_rpn_bbox: 0.0247, loss_cls: 0.3083, acc: 95.3813, loss_bbox: 0.1837, loss: 0.5713
2020-10-29 11:08:43,030 - mmdet - INFO - Epoch [1][300/6207]	lr: 5.984e-03, eta: 1 day, 2:11:19, time: 0.613, data_time: 0.118, memory: 2576, loss_rpn_cls: 0.0407, loss_rpn_bbox: 0.0207, loss_cls: 0.3196, acc: 95.4448, loss_bbox: 0.1826, loss: 0.5637
2020-10-29 11:09:16,576 - mmdet - INFO - Epoch [1][350/6207]	lr: 6.983e-03, eta: 1 day, 2:23:17, time: 0.669, data_time: 0.123, memory: 2576, loss_rpn_cls: 0.0435, loss_rpn_bbox: 0.0241, loss_cls: 0.3109, acc: 94.7036, loss_bbox: 0.2101, loss: 0.5886
2020-10-29 11:09:47,791 - mmdet - INFO - Epoch [1][400/6207]	lr: 7.982e-03, eta: 1 day, 2:17:53, time: 0.623, data_time: 0.117, memory: 2576, loss_rpn_cls: 0.0384, loss_rpn_bbox: 0.0218, loss_cls: 0.2915, acc: 94.8501, loss_bbox: 0.2015, loss: 0.5532
2020-10-29 11:10:17,053 - mmdet - INFO - Epoch [1][450/6207]	lr: 8.981e-03, eta: 1 day, 2:03:29, time: 0.587, data_time: 0.105, memory: 2576, loss_rpn_cls: 0.0387, loss_rpn_bbox: 0.0221, loss_cls: 0.3252, acc: 94.9102, loss_bbox: 0.1931, loss: 0.5790
2020-10-29 11:10:49,954 - mmdet - INFO - Epoch [1][500/6207]	lr: 9.980e-03, eta: 1 day, 2:09:45, time: 0.659, data_time: 0.127, memory: 2576, loss_rpn_cls: 0.0395, loss_rpn_bbox: 0.0242, loss_cls: 0.2971, acc: 94.4751, loss_bbox: 0.2135, loss: 0.5743
2020-10-29 11:11:21,655 - mmdet - INFO - Epoch [1][550/6207]	lr: 1.000e-02, eta: 1 day, 2:09:01, time: 0.633, data_time: 0.140, memory: 2576, loss_rpn_cls: 0.0312, loss_rpn_bbox: 0.0190, loss_cls: 0.2482, acc: 94.9780, loss_bbox: 0.1922, loss: 0.4906
2020-10-29 11:11:53,263 - mmdet - INFO - Epoch [1][600/6207]	lr: 1.000e-02, eta: 1 day, 2:08:04, time: 0.632, data_time: 0.131, memory: 2576, loss_rpn_cls: 0.0330, loss_rpn_bbox: 0.0207, loss_cls: 0.2609, acc: 94.7544, loss_bbox: 0.1964, loss: 0.5110
2020-10-29 11:12:25,056 - mmdet - INFO - Epoch [1][650/6207]	lr: 1.000e-02, eta: 1 day, 2:07:44, time: 0.635, data_time: 0.110, memory: 2576, loss_rpn_cls: 0.0397, loss_rpn_bbox: 0.0220, loss_cls: 0.2541, acc: 94.8403, loss_bbox: 0.1925, loss: 0.5084
2020-10-29 11:12:56,939 - mmdet - INFO - Epoch [1][700/6207]	lr: 1.000e-02, eta: 1 day, 2:07:42, time: 0.637, data_time: 0.125, memory: 2576, loss_rpn_cls: 0.0305, loss_rpn_bbox: 0.0218, loss_cls: 0.2498, acc: 94.1499, loss_bbox: 0.2163, loss: 0.5184
2020-10-29 11:13:29,162 - mmdet - INFO - Epoch [1][750/6207]	lr: 1.000e-02, eta: 1 day, 2:08:39, time: 0.643, data_time: 0.128, memory: 2576, loss_rpn_cls: 0.0311, loss_rpn_bbox: 0.0212, loss_cls: 0.2419, acc: 94.3984, loss_bbox: 0.2028, loss: 0.4971
2020-10-29 11:14:01,191 - mmdet - INFO - Epoch [1][800/6207]	lr: 1.000e-02, eta: 1 day, 2:09:10, time: 0.642, data_time: 0.135, memory: 2576, loss_rpn_cls: 0.0333, loss_rpn_bbox: 0.0223, loss_cls: 0.2468, acc: 94.5498, loss_bbox: 0.2083, loss: 0.5108
2020-10-29 11:14:33,477 - mmdet - INFO - Epoch [1][850/6207]	lr: 1.000e-02, eta: 1 day, 2:10:08, time: 0.646, data_time: 0.128, memory: 2576, loss_rpn_cls: 0.0358, loss_rpn_bbox: 0.0206, loss_cls: 0.2542, acc: 94.6870, loss_bbox: 0.1933, loss: 0.5038
2020-10-29 11:15:05,497 - mmdet - INFO - Epoch [1][900/6207]	lr: 1.000e-02, eta: 1 day, 2:10:17, time: 0.641, data_time: 0.096, memory: 2576, loss_rpn_cls: 0.0261, loss_rpn_bbox: 0.0178, loss_cls: 0.2386, acc: 94.5195, loss_bbox: 0.1998, loss: 0.4823
2020-10-29 11:15:38,455 - mmdet - INFO - Epoch [1][950/6207]	lr: 1.000e-02, eta: 1 day, 2:12:54, time: 0.661, data_time: 0.107, memory: 2576, loss_rpn_cls: 0.0236, loss_rpn_bbox: 0.0187, loss_cls: 0.2368, acc: 94.3369, loss_bbox: 0.2102, loss: 0.4893
2020-10-29 11:16:09,789 - mmdet - INFO - Exp name: faster_rcnn_r50_fpn_2x_voc.py
2020-10-29 11:16:09,789 - mmdet - INFO - Epoch [1][1000/6207]	lr: 1.000e-02, eta: 1 day, 2:10:51, time: 0.625, data_time: 0.112, memory: 2576, loss_rpn_cls: 0.0317, loss_rpn_bbox: 0.0214, loss_cls: 0.2366, acc: 94.3560, loss_bbox: 0.2036, loss: 0.4932
2020-10-29 11:16:42,861 - mmdet - INFO - Epoch [1][1050/6207]	lr: 1.000e-02, eta: 1 day, 2:13:22, time: 0.663, data_time: 0.109, memory: 2576, loss_rpn_cls: 0.0299, loss_rpn_bbox: 0.0213, loss_cls: 0.2227, acc: 94.1777, loss_bbox: 0.2161, loss: 0.4900
2020-10-29 11:17:15,573 - mmdet - INFO - Epoch [1][1100/6207]	lr: 1.000e-02, eta: 1 day, 2:14:20, time: 0.651, data_time: 0.099, memory: 2576, loss_rpn_cls: 0.0309, loss_rpn_bbox: 0.0214, loss_cls: 0.1939, acc: 94.9243, loss_bbox: 0.1852, loss: 0.4313
2020-10-29 11:17:47,287 - mmdet - INFO - Epoch [1][1150/6207]	lr: 1.000e-02, eta: 1 day, 2:13:16, time: 0.634, data_time: 0.109, memory: 2576, loss_rpn_cls: 0.0300, loss_rpn_bbox: 0.0203, loss_cls: 0.2162, acc: 94.3262, loss_bbox: 0.2026, loss: 0.4691
2020-10-29 11:18:18,977 - mmdet - INFO - Epoch [1][1200/6207]	lr: 1.000e-02, eta: 1 day, 2:12:32, time: 0.637, data_time: 0.119, memory: 2576, loss_rpn_cls: 0.0264, loss_rpn_bbox: 0.0214, loss_cls: 0.2081, acc: 94.2080, loss_bbox: 0.2104, loss: 0.4662
2020-10-29 11:18:52,445 - mmdet - INFO - Epoch [1][1250/6207]	lr: 1.000e-02, eta: 1 day, 2:14:54, time: 0.668, data_time: 0.118, memory: 2576, loss_rpn_cls: 0.0278, loss_rpn_bbox: 0.0215, loss_cls: 0.2104, acc: 94.0796, loss_bbox: 0.2194, loss: 0.4792
2020-10-29 11:19:25,410 - mmdet - INFO - Epoch [1][1300/6207]	lr: 1.000e-02, eta: 1 day, 2:16:21, time: 0.661, data_time: 0.111, memory: 2576, loss_rpn_cls: 0.0230, loss_rpn_bbox: 0.0193, loss_cls: 0.1855, acc: 94.6938, loss_bbox: 0.1982, loss: 0.4260
2020-10-29 11:19:58,201 - mmdet - INFO - Epoch [1][1350/6207]	lr: 1.000e-02, eta: 1 day, 2:16:53, time: 0.652, data_time: 0.115, memory: 2576, loss_rpn_cls: 0.0276, loss_rpn_bbox: 0.0192, loss_cls: 0.1862, acc: 94.6172, loss_bbox: 0.1975, loss: 0.4305
2020-10-29 11:20:27,545 - mmdet - INFO - Epoch [1][1400/6207]	lr: 1.000e-02, eta: 1 day, 2:11:37, time: 0.587, data_time: 0.104, memory: 2576, loss_rpn_cls: 0.0307, loss_rpn_bbox: 0.0206, loss_cls: 0.1986, acc: 94.2783, loss_bbox: 0.2091, loss: 0.4591
2020-10-29 11:20:58,099 - mmdet - INFO - Epoch [1][1450/6207]	lr: 1.000e-02, eta: 1 day, 2:08:49, time: 0.612, data_time: 0.112, memory: 2576, loss_rpn_cls: 0.0282, loss_rpn_bbox: 0.0200, loss_cls: 0.1968, acc: 94.1558, loss_bbox: 0.2133, loss: 0.4584
2020-10-29 11:21:28,184 - mmdet - INFO - Epoch [1][1500/6207]	lr: 1.000e-02, eta: 1 day, 2:05:22, time: 0.602, data_time: 0.118, memory: 2576, loss_rpn_cls: 0.0228, loss_rpn_bbox: 0.0187, loss_cls: 0.1868, acc: 94.5205, loss_bbox: 0.2006, loss: 0.4290
2020-10-29 11:22:01,616 - mmdet - INFO - Epoch [1][1550/6207]	lr: 1.000e-02, eta: 1 day, 2:07:17, time: 0.668, data_time: 0.108, memory: 2576, loss_rpn_cls: 0.0216, loss_rpn_bbox: 0.0188, loss_cls: 0.1836, acc: 94.3477, loss_bbox: 0.2070, loss: 0.4310
2020-10-29 11:22:35,063 - mmdet - INFO - Epoch [1][1600/6207]	lr: 1.000e-02, eta: 1 day, 2:09:11, time: 0.670, data_time: 0.116, memory: 2576, loss_rpn_cls: 0.0208, loss_rpn_bbox: 0.0190, loss_cls: 0.1613, acc: 95.2998, loss_bbox: 0.1793, loss: 0.3803
2020-10-29 11:23:05,733 - mmdet - INFO - Epoch [1][1650/6207]	lr: 1.000e-02, eta: 1 day, 2:06:41, time: 0.612, data_time: 0.110, memory: 2576, loss_rpn_cls: 0.0228, loss_rpn_bbox: 0.0181, loss_cls: 0.1674, acc: 94.9355, loss_bbox: 0.1891, loss: 0.3974
2020-10-29 11:23:36,154 - mmdet - INFO - Epoch [1][1700/6207]	lr: 1.000e-02, eta: 1 day, 2:04:00, time: 0.608, data_time: 0.126, memory: 2576, loss_rpn_cls: 0.0201, loss_rpn_bbox: 0.0162, loss_cls: 0.1726, acc: 94.6870, loss_bbox: 0.1925, loss: 0.4013
2020-10-29 11:24:07,831 - mmdet - INFO - Epoch [1][1750/6207]	lr: 1.000e-02, eta: 1 day, 2:03:21, time: 0.635, data_time: 0.115, memory: 2577, loss_rpn_cls: 0.0204, loss_rpn_bbox: 0.0181, loss_cls: 0.1749, acc: 94.6768, loss_bbox: 0.1973, loss: 0.4106
2020-10-29 11:24:40,904 - mmdet - INFO - Epoch [1][1800/6207]	lr: 1.000e-02, eta: 1 day, 2:04:25, time: 0.661, data_time: 0.107, memory: 2577, loss_rpn_cls: 0.0226, loss_rpn_bbox: 0.0172, loss_cls: 0.1821, acc: 94.7803, loss_bbox: 0.1907, loss: 0.4126
2020-10-29 11:25:13,611 - mmdet - INFO - Epoch [1][1850/6207]	lr: 1.000e-02, eta: 1 day, 2:04:51, time: 0.652, data_time: 0.112, memory: 2577, loss_rpn_cls: 0.0223, loss_rpn_bbox: 0.0202, loss_cls: 0.1747, acc: 94.7095, loss_bbox: 0.1971, loss: 0.4143
2020-10-29 11:25:46,450 - mmdet - INFO - Epoch [1][1900/6207]	lr: 1.000e-02, eta: 1 day, 2:05:40, time: 0.659, data_time: 0.117, memory: 2577, loss_rpn_cls: 0.0227, loss_rpn_bbox: 0.0181, loss_cls: 0.1635, acc: 95.2803, loss_bbox: 0.1734, loss: 0.3778
2020-10-29 11:26:19,633 - mmdet - INFO - Epoch [1][1950/6207]	lr: 1.000e-02, eta: 1 day, 2:06:45, time: 0.665, data_time: 0.115, memory: 2577, loss_rpn_cls: 0.0264, loss_rpn_bbox: 0.0216, loss_cls: 0.1762, acc: 94.5132, loss_bbox: 0.2024, loss: 0.4265
2020-10-29 11:26:52,785 - mmdet - INFO - Exp name: faster_rcnn_r50_fpn_2x_voc.py
2020-10-29 11:26:52,785 - mmdet - INFO - Epoch [1][2000/6207]	lr: 1.000e-02, eta: 1 day, 2:07:30, time: 0.660, data_time: 0.115, memory: 2577, loss_rpn_cls: 0.0224, loss_rpn_bbox: 0.0172, loss_cls: 0.1682, acc: 94.8413, loss_bbox: 0.1910, loss: 0.3988
2020-10-29 11:27:25,052 - mmdet - INFO - Epoch [1][2050/6207]	lr: 1.000e-02, eta: 1 day, 2:07:20, time: 0.646, data_time: 0.115, memory: 2577, loss_rpn_cls: 0.0266, loss_rpn_bbox: 0.0200, loss_cls: 0.1799, acc: 94.3291, loss_bbox: 0.2069, loss: 0.4334
2020-10-29 11:27:48,075 - mmdet - INFO - Epoch [1][2100/6207]	lr: 1.000e-02, eta: 1 day, 1:56:18, time: 0.460, data_time: 0.109, memory: 2577, loss_rpn_cls: 0.0203, loss_rpn_bbox: 0.0173, loss_cls: 0.1693, acc: 94.6812, loss_bbox: 0.1951, loss: 0.4020
2020-10-29 11:28:10,233 - mmdet - INFO - Epoch [1][2150/6207]	lr: 1.000e-02, eta: 1 day, 1:44:55, time: 0.445, data_time: 0.111, memory: 2577, loss_rpn_cls: 0.0221, loss_rpn_bbox: 0.0163, loss_cls: 0.1607, acc: 95.1284, loss_bbox: 0.1835, loss: 0.3826
2020-10-29 11:28:32,407 - mmdet - INFO - Epoch [1][2200/6207]	lr: 1.000e-02, eta: 1 day, 1:33:52, time: 0.442, data_time: 0.112, memory: 2577, loss_rpn_cls: 0.0232, loss_rpn_bbox: 0.0190, loss_cls: 0.1853, acc: 94.5142, loss_bbox: 0.1964, loss: 0.4238
2020-10-29 11:28:54,810 - mmdet - INFO - Epoch [1][2250/6207]	lr: 1.000e-02, eta: 1 day, 1:23:40, time: 0.449, data_time: 0.110, memory: 2577, loss_rpn_cls: 0.0211, loss_rpn_bbox: 0.0201, loss_cls: 0.1650, acc: 94.9590, loss_bbox: 0.1889, loss: 0.3951
2020-10-29 11:29:17,106 - mmdet - INFO - Epoch [1][2300/6207]	lr: 1.000e-02, eta: 1 day, 1:13:38, time: 0.444, data_time: 0.114, memory: 2577, loss_rpn_cls: 0.0234, loss_rpn_bbox: 0.0171, loss_cls: 0.1638, acc: 94.9932, loss_bbox: 0.1842, loss: 0.3884
2020-10-29 11:29:39,496 - mmdet - INFO - Epoch [1][2350/6207]	lr: 1.000e-02, eta: 1 day, 1:04:15, time: 0.449, data_time: 0.111, memory: 2577, loss_rpn_cls: 0.0210, loss_rpn_bbox: 0.0201, loss_cls: 0.1712, acc: 94.4414, loss_bbox: 0.2076, loss: 0.4200
2020-10-29 11:30:01,763 - mmdet - INFO - Epoch [1][2400/6207]	lr: 1.000e-02, eta: 1 day, 0:55:08, time: 0.446, data_time: 0.117, memory: 2577, loss_rpn_cls: 0.0210, loss_rpn_bbox: 0.0159, loss_cls: 0.1487, acc: 95.3062, loss_bbox: 0.1760, loss: 0.3615
2020-10-29 11:30:23,907 - mmdet - INFO - Epoch [1][2450/6207]	lr: 1.000e-02, eta: 1 day, 0:46:11, time: 0.443, data_time: 0.110, memory: 2577, loss_rpn_cls: 0.0200, loss_rpn_bbox: 0.0187, loss_cls: 0.1622, acc: 94.7139, loss_bbox: 0.1939, loss: 0.3948
2020-10-29 11:30:47,628 - mmdet - INFO - Epoch [1][2500/6207]	lr: 1.000e-02, eta: 1 day, 0:39:09, time: 0.475, data_time: 0.117, memory: 2577, loss_rpn_cls: 0.0251, loss_rpn_bbox: 0.0191, loss_cls: 0.1660, acc: 94.7578, loss_bbox: 0.1915, loss: 0.4017
2020-10-29 11:31:20,241 - mmdet - INFO - Epoch [1][2550/6207]	lr: 1.000e-02, eta: 1 day, 0:40:48, time: 0.651, data_time: 0.097, memory: 2577, loss_rpn_cls: 0.0229, loss_rpn_bbox: 0.0174, loss_cls: 0.1577, acc: 95.1211, loss_bbox: 0.1819, loss: 0.3799
2020-10-29 11:31:52,319 - mmdet - INFO - Epoch [1][2600/6207]	lr: 1.000e-02, eta: 1 day, 0:41:55, time: 0.641, data_time: 0.109, memory: 2577, loss_rpn_cls: 0.0176, loss_rpn_bbox: 0.0164, loss_cls: 0.1500, acc: 95.1909, loss_bbox: 0.1795, loss: 0.3635
2020-10-29 11:32:23,839 - mmdet - INFO - Epoch [1][2650/6207]	lr: 1.000e-02, eta: 1 day, 0:42:24, time: 0.629, data_time: 0.108, memory: 2577, loss_rpn_cls: 0.0246, loss_rpn_bbox: 0.0191, loss_cls: 0.1726, acc: 94.6279, loss_bbox: 0.1959, loss: 0.4122
2020-10-29 11:32:55,195 - mmdet - INFO - Epoch [1][2700/6207]	lr: 1.000e-02, eta: 1 day, 0:42:54, time: 0.630, data_time: 0.109, memory: 2577, loss_rpn_cls: 0.0187, loss_rpn_bbox: 0.0176, loss_cls: 0.1601, acc: 94.9209, loss_bbox: 0.1857, loss: 0.3821
2020-10-29 11:33:26,208 - mmdet - INFO - Epoch [1][2750/6207]	lr: 1.000e-02, eta: 1 day, 0:42:50, time: 0.618, data_time: 0.109, memory: 2577, loss_rpn_cls: 0.0173, loss_rpn_bbox: 0.0167, loss_cls: 0.1530, acc: 95.2070, loss_bbox: 0.1777, loss: 0.3646
2020-10-29 11:33:58,376 - mmdet - INFO - Epoch [1][2800/6207]	lr: 1.000e-02, eta: 1 day, 0:43:49, time: 0.643, data_time: 0.121, memory: 2577, loss_rpn_cls: 0.0211, loss_rpn_bbox: 0.0175, loss_cls: 0.1537, acc: 95.0439, loss_bbox: 0.1802, loss: 0.3725
2020-10-29 11:34:30,817 - mmdet - INFO - Epoch [1][2850/6207]	lr: 1.000e-02, eta: 1 day, 0:44:58, time: 0.648, data_time: 0.118, memory: 2577, loss_rpn_cls: 0.0193, loss_rpn_bbox: 0.0182, loss_cls: 0.1700, acc: 94.6465, loss_bbox: 0.1947, loss: 0.4022
2020-10-29 11:35:02,659 - mmdet - INFO - Epoch [1][2900/6207]	lr: 1.000e-02, eta: 1 day, 0:45:41, time: 0.639, data_time: 0.116, memory: 2577, loss_rpn_cls: 0.0200, loss_rpn_bbox: 0.0184, loss_cls: 0.1609, acc: 94.7920, loss_bbox: 0.1917, loss: 0.3910
2020-10-29 11:35:33,551 - mmdet - INFO - Epoch [1][2950/6207]	lr: 1.000e-02, eta: 1 day, 0:45:31, time: 0.619, data_time: 0.110, memory: 2577, loss_rpn_cls: 0.0238, loss_rpn_bbox: 0.0177, loss_cls: 0.1614, acc: 94.9688, loss_bbox: 0.1764, loss: 0.3794
2020-10-29 11:36:05,047 - mmdet - INFO - Exp name: faster_rcnn_r50_fpn_2x_voc.py
2020-10-29 11:36:05,047 - mmdet - INFO - Epoch [1][3000/6207]	lr: 1.000e-02, eta: 1 day, 0:45:48, time: 0.630, data_time: 0.124, memory: 2577, loss_rpn_cls: 0.0193, loss_rpn_bbox: 0.0180, loss_cls: 0.1575, acc: 94.9707, loss_bbox: 0.1852, loss: 0.3801
2020-10-29 11:36:38,460 - mmdet - INFO - Epoch [1][3050/6207]	lr: 1.000e-02, eta: 1 day, 0:47:33, time: 0.667, data_time: 0.110, memory: 2577, loss_rpn_cls: 0.0201, loss_rpn_bbox: 0.0169, loss_cls: 0.1540, acc: 95.1055, loss_bbox: 0.1840, loss: 0.3750
2020-10-29 11:37:09,320 - mmdet - INFO - Epoch [1][3100/6207]	lr: 1.000e-02, eta: 1 day, 0:47:16, time: 0.617, data_time: 0.107, memory: 2577, loss_rpn_cls: 0.0195, loss_rpn_bbox: 0.0193, loss_cls: 0.1633, acc: 94.5576, loss_bbox: 0.2026, loss: 0.4048
2020-10-29 11:37:41,291 - mmdet - INFO - Epoch [1][3150/6207]	lr: 1.000e-02, eta: 1 day, 0:47:50, time: 0.640, data_time: 0.122, memory: 2577, loss_rpn_cls: 0.0221, loss_rpn_bbox: 0.0189, loss_cls: 0.1726, acc: 94.4868, loss_bbox: 0.1998, loss: 0.4134
2020-10-29 11:38:13,575 - mmdet - INFO - Epoch [1][3200/6207]	lr: 1.000e-02, eta: 1 day, 0:48:29, time: 0.643, data_time: 0.129, memory: 2577, loss_rpn_cls: 0.0187, loss_rpn_bbox: 0.0169, loss_cls: 0.1453, acc: 95.2104, loss_bbox: 0.1767, loss: 0.3576
2020-10-29 11:38:45,739 - mmdet - INFO - Epoch [1][3250/6207]	lr: 1.000e-02, eta: 1 day, 0:49:09, time: 0.644, data_time: 0.115, memory: 2577, loss_rpn_cls: 0.0197, loss_rpn_bbox: 0.0164, loss_cls: 0.1460, acc: 95.2344, loss_bbox: 0.1771, loss: 0.3592
2020-10-29 11:39:17,474 - mmdet - INFO - Epoch [1][3300/6207]	lr: 1.000e-02, eta: 1 day, 0:49:20, time: 0.632, data_time: 0.108, memory: 2577, loss_rpn_cls: 0.0160, loss_rpn_bbox: 0.0161, loss_cls: 0.1484, acc: 95.2681, loss_bbox: 0.1816, loss: 0.3621
2020-10-29 11:39:50,718 - mmdet - INFO - Epoch [1][3350/6207]	lr: 1.000e-02, eta: 1 day, 0:50:47, time: 0.667, data_time: 0.134, memory: 2577, loss_rpn_cls: 0.0173, loss_rpn_bbox: 0.0191, loss_cls: 0.1668, acc: 94.5742, loss_bbox: 0.2004, loss: 0.4037
2020-10-29 11:40:22,149 - mmdet - INFO - Epoch [1][3400/6207]	lr: 1.000e-02, eta: 1 day, 0:50:45, time: 0.628, data_time: 0.125, memory: 2577, loss_rpn_cls: 0.0164, loss_rpn_bbox: 0.0157, loss_cls: 0.1525, acc: 95.0869, loss_bbox: 0.1831, loss: 0.3677
2020-10-29 11:40:51,132 - mmdet - INFO - Epoch [1][3450/6207]	lr: 1.000e-02, eta: 1 day, 0:49:10, time: 0.584, data_time: 0.120, memory: 2577, loss_rpn_cls: 0.0200, loss_rpn_bbox: 0.0179, loss_cls: 0.1739, acc: 94.4736, loss_bbox: 0.1986, loss: 0.4105
2020-10-29 11:41:21,182 - mmdet - INFO - Epoch [1][3500/6207]	lr: 1.000e-02, eta: 1 day, 0:48:09, time: 0.600, data_time: 0.112, memory: 2577, loss_rpn_cls: 0.0199, loss_rpn_bbox: 0.0178, loss_cls: 0.1568, acc: 94.8159, loss_bbox: 0.1854, loss: 0.3799
2020-10-29 11:41:52,793 - mmdet - INFO - Epoch [1][3550/6207]	lr: 1.000e-02, eta: 1 day, 0:48:12, time: 0.630, data_time: 0.114, memory: 2577, loss_rpn_cls: 0.0202, loss_rpn_bbox: 0.0196, loss_cls: 0.1700, acc: 94.5049, loss_bbox: 0.2026, loss: 0.4124
2020-10-29 11:42:22,897 - mmdet - INFO - Epoch [1][3600/6207]	lr: 1.000e-02, eta: 1 day, 0:47:20, time: 0.604, data_time: 0.121, memory: 2577, loss_rpn_cls: 0.0195, loss_rpn_bbox: 0.0153, loss_cls: 0.1419, acc: 95.3652, loss_bbox: 0.1721, loss: 0.3489
2020-10-29 11:42:52,992 - mmdet - INFO - Epoch [1][3650/6207]	lr: 1.000e-02, eta: 1 day, 0:46:29, time: 0.604, data_time: 0.110, memory: 2577, loss_rpn_cls: 0.0215, loss_rpn_bbox: 0.0192, loss_cls: 0.1606, acc: 94.7876, loss_bbox: 0.1996, loss: 0.4008
2020-10-29 11:43:22,886 - mmdet - INFO - Epoch [1][3700/6207]	lr: 1.000e-02, eta: 1 day, 0:45:23, time: 0.596, data_time: 0.100, memory: 2577, loss_rpn_cls: 0.0173, loss_rpn_bbox: 0.0164, loss_cls: 0.1594, acc: 94.7710, loss_bbox: 0.1911, loss: 0.3842
2020-10-29 11:43:52,464 - mmdet - INFO - Epoch [1][3750/6207]	lr: 1.000e-02, eta: 1 day, 0:44:14, time: 0.594, data_time: 0.102, memory: 2577, loss_rpn_cls: 0.0162, loss_rpn_bbox: 0.0172, loss_cls: 0.1526, acc: 94.8906, loss_bbox: 0.1869, loss: 0.3729
2020-10-29 11:44:20,846 - mmdet - INFO - Epoch [1][3800/6207]	lr: 1.000e-02, eta: 1 day, 0:42:15, time: 0.567, data_time: 0.098, memory: 2577, loss_rpn_cls: 0.0177, loss_rpn_bbox: 0.0180, loss_cls: 0.1536, acc: 94.9272, loss_bbox: 0.1850, loss: 0.3744
2020-10-29 11:44:51,900 - mmdet - INFO - Epoch [1][3850/6207]	lr: 1.000e-02, eta: 1 day, 0:41:56, time: 0.618, data_time: 0.108, memory: 2577, loss_rpn_cls: 0.0223, loss_rpn_bbox: 0.0195, loss_cls: 0.1486, acc: 95.2051, loss_bbox: 0.1776, loss: 0.3680
2020-10-29 11:45:22,071 - mmdet - INFO - Epoch [1][3900/6207]	lr: 1.000e-02, eta: 1 day, 0:41:09, time: 0.604, data_time: 0.107, memory: 2577, loss_rpn_cls: 0.0175, loss_rpn_bbox: 0.0178, loss_cls: 0.1481, acc: 95.0532, loss_bbox: 0.1779, loss: 0.3613
2020-10-29 11:45:51,543 - mmdet - INFO - Epoch [1][3950/6207]	lr: 1.000e-02, eta: 1 day, 0:39:56, time: 0.590, data_time: 0.100, memory: 2577, loss_rpn_cls: 0.0184, loss_rpn_bbox: 0.0174, loss_cls: 0.1463, acc: 95.2607, loss_bbox: 0.1774, loss: 0.3595
2020-10-29 11:46:21,190 - mmdet - INFO - Exp name: faster_rcnn_r50_fpn_2x_voc.py
2020-10-29 11:46:21,191 - mmdet - INFO - Epoch [1][4000/6207]	lr: 1.000e-02, eta: 1 day, 0:38:54, time: 0.595, data_time: 0.108, memory: 2577, loss_rpn_cls: 0.0161, loss_rpn_bbox: 0.0173, loss_cls: 0.1579, acc: 94.8647, loss_bbox: 0.1950, loss: 0.3862
2020-10-29 11:46:51,566 - mmdet - INFO - Epoch [1][4050/6207]	lr: 1.000e-02, eta: 1 day, 0:38:10, time: 0.605, data_time: 0.107, memory: 2577, loss_rpn_cls: 0.0174, loss_rpn_bbox: 0.0175, loss_cls: 0.1596, acc: 94.7529, loss_bbox: 0.1905, loss: 0.3850
2020-10-29 11:47:21,928 - mmdet - INFO - Epoch [1][4100/6207]	lr: 1.000e-02, eta: 1 day, 0:37:31, time: 0.607, data_time: 0.103, memory: 2577, loss_rpn_cls: 0.0194, loss_rpn_bbox: 0.0168, loss_cls: 0.1631, acc: 94.8364, loss_bbox: 0.1852, loss: 0.3845
2020-10-29 11:47:51,056 - mmdet - INFO - Epoch [1][4150/6207]	lr: 1.000e-02, eta: 1 day, 0:36:15, time: 0.586, data_time: 0.116, memory: 2577, loss_rpn_cls: 0.0177, loss_rpn_bbox: 0.0156, loss_cls: 0.1482, acc: 95.0425, loss_bbox: 0.1832, loss: 0.3646
2020-10-29 11:48:21,397 - mmdet - INFO - Epoch [1][4200/6207]	lr: 1.000e-02, eta: 1 day, 0:35:30, time: 0.603, data_time: 0.106, memory: 2577, loss_rpn_cls: 0.0155, loss_rpn_bbox: 0.0149, loss_cls: 0.1346, acc: 95.6523, loss_bbox: 0.1611, loss: 0.3261
2020-10-29 11:48:54,049 - mmdet - INFO - Epoch [1][4250/6207]	lr: 1.000e-02, eta: 1 day, 0:36:09, time: 0.652, data_time: 0.120, memory: 2577, loss_rpn_cls: 0.0215, loss_rpn_bbox: 0.0190, loss_cls: 0.1580, acc: 94.7661, loss_bbox: 0.1969, loss: 0.3954
2020-10-29 11:49:25,728 - mmdet - INFO - Epoch [1][4300/6207]	lr: 1.000e-02, eta: 1 day, 0:36:13, time: 0.633, data_time: 0.114, memory: 2577, loss_rpn_cls: 0.0186, loss_rpn_bbox: 0.0166, loss_cls: 0.1615, acc: 94.8320, loss_bbox: 0.1843, loss: 0.3811
