2020-10-30 10:16:22,659 - mmdet - INFO - Environment info:
------------------------------------------------------------
sys.platform: linux
Python: 3.6.12 |Anaconda, Inc.| (default, Sep  8 2020, 23:10:56) [GCC 7.3.0]
CUDA available: True
GPU 0: GeForce RTX 2080 Ti
CUDA_HOME: /usr/local/cuda
NVCC: Cuda compilation tools, release 10.0, V10.0.130
GCC: gcc (Ubuntu 5.4.0-6ubuntu1~16.04.11) 5.4.0 20160609
PyTorch: 1.4.0
PyTorch compiling details: PyTorch built with:
  - GCC 7.3
  - Intel(R) Math Kernel Library Version 2020.0.2 Product Build 20200624 for Intel(R) 64 architecture applications
  - Intel(R) MKL-DNN v0.21.1 (Git Hash 7d2fd500bc78936d1d648ca713b901012f470dbc)
  - OpenMP 201511 (a.k.a. OpenMP 4.5)
  - NNPACK is enabled
  - CUDA Runtime 10.0
  - NVCC architecture flags: -gencode;arch=compute_37,code=sm_37;-gencode;arch=compute_50,code=sm_50;-gencode;arch=compute_60,code=sm_60;-gencode;arch=compute_61,code=sm_61;-gencode;arch=compute_70,code=sm_70;-gencode;arch=compute_75,code=sm_75;-gencode;arch=compute_37,code=compute_37
  - CuDNN 7.6.3
  - Magma 2.5.1
  - Build settings: BLAS=MKL, BUILD_NAMEDTENSOR=OFF, BUILD_TYPE=Release, CXX_FLAGS= -Wno-deprecated -fvisibility-inlines-hidden -fopenmp -DUSE_FBGEMM -DUSE_QNNPACK -DUSE_PYTORCH_QNNPACK -O2 -fPIC -Wno-narrowing -Wall -Wextra -Wno-missing-field-initializers -Wno-type-limits -Wno-array-bounds -Wno-unknown-pragmas -Wno-sign-compare -Wno-unused-parameter -Wno-unused-variable -Wno-unused-function -Wno-unused-result -Wno-strict-overflow -Wno-strict-aliasing -Wno-error=deprecated-declarations -Wno-stringop-overflow -Wno-error=pedantic -Wno-error=redundant-decls -Wno-error=old-style-cast -fdiagnostics-color=always -faligned-new -Wno-unused-but-set-variable -Wno-maybe-uninitialized -fno-math-errno -fno-trapping-math -Wno-stringop-overflow, DISABLE_NUMA=1, PERF_WITH_AVX=1, PERF_WITH_AVX2=1, PERF_WITH_AVX512=1, USE_CUDA=ON, USE_EXCEPTION_PTR=1, USE_GFLAGS=OFF, USE_GLOG=OFF, USE_MKL=ON, USE_MKLDNN=ON, USE_MPI=OFF, USE_NCCL=ON, USE_NNPACK=ON, USE_OPENMP=ON, USE_STATIC_DISPATCH=OFF, 

TorchVision: 0.5.0
OpenCV: 4.4.0
MMCV: 1.1.5
MMCV Compiler: GCC 7.3
MMCV CUDA Compiler: 10.0
MMDetection: 2.5.0+
------------------------------------------------------------

2020-10-30 10:16:26,281 - mmdet - INFO - Distributed training: True
2020-10-30 10:16:29,604 - mmdet - INFO - Config:
model = dict(
    type='FasterRCNN',
    pretrained='open-mmlab://detectron2/resnet50_caffe',
    backbone=dict(
        type='ResNet',
        depth=50,
        num_stages=4,
        out_indices=(0, 1, 2, 3),
        frozen_stages=1,
        norm_cfg=dict(type='BN', requires_grad=True),
        norm_eval=True,
        style='pytorch'),
    neck=dict(
        type='FPN',
        in_channels=[256, 512, 1024, 2048],
        out_channels=256,
        num_outs=5),
    rpn_head=dict(
        type='RPNHead',
        in_channels=256,
        feat_channels=256,
        anchor_generator=dict(
            type='AnchorGenerator',
            scales=[8],
            ratios=[0.5, 1.0, 2.0],
            strides=[4, 8, 16, 32, 64]),
        bbox_coder=dict(
            type='DeltaXYWHBBoxCoder',
            target_means=[0.0, 0.0, 0.0, 0.0],
            target_stds=[1.0, 1.0, 1.0, 1.0]),
        loss_cls=dict(
            type='CrossEntropyLoss', use_sigmoid=True, loss_weight=1.0),
        loss_bbox=dict(type='L1Loss', loss_weight=1.0)),
    roi_head=dict(
        type='StandardRoIHead',
        bbox_roi_extractor=dict(
            type='SingleRoIExtractor',
            roi_layer=dict(type='RoIAlign', output_size=7, sampling_ratio=0),
            out_channels=256,
            featmap_strides=[4, 8, 16, 32]),
        bbox_head=dict(
            type='Shared2FCBBoxHead',
            in_channels=256,
            fc_out_channels=1024,
            roi_feat_size=7,
            num_classes=20,
            bbox_coder=dict(
                type='DeltaXYWHBBoxCoder',
                target_means=[0.0, 0.0, 0.0, 0.0],
                target_stds=[0.1, 0.1, 0.2, 0.2]),
            reg_class_agnostic=False,
            loss_cls=dict(
                type='CrossEntropyLoss', use_sigmoid=False, loss_weight=1.0),
            loss_bbox=dict(type='L1Loss', loss_weight=1.0))))
train_cfg = dict(
    rpn=dict(
        assigner=dict(
            type='MaxIoUAssigner',
            pos_iou_thr=0.7,
            neg_iou_thr=0.3,
            min_pos_iou=0.3,
            match_low_quality=True,
            ignore_iof_thr=-1),
        sampler=dict(
            type='RandomSampler',
            num=256,
            pos_fraction=0.5,
            neg_pos_ub=-1,
            add_gt_as_proposals=False),
        allowed_border=-1,
        pos_weight=-1,
        debug=False),
    rpn_proposal=dict(
        nms_across_levels=False,
        nms_pre=2000,
        nms_post=1000,
        max_num=1000,
        nms_thr=0.7,
        min_bbox_size=0),
    rcnn=dict(
        assigner=dict(
            type='MaxIoUAssigner',
            pos_iou_thr=0.5,
            neg_iou_thr=0.5,
            min_pos_iou=0.5,
            match_low_quality=False,
            ignore_iof_thr=-1),
        sampler=dict(
            type='RandomSampler',
            num=512,
            pos_fraction=0.25,
            neg_pos_ub=-1,
            add_gt_as_proposals=True),
        pos_weight=-1,
        debug=False))
test_cfg = dict(
    rpn=dict(
        nms_across_levels=False,
        nms_pre=1000,
        nms_post=1000,
        max_num=1000,
        nms_thr=0.7,
        min_bbox_size=0),
    rcnn=dict(
        score_thr=0.05,
        nms=dict(type='nms', iou_threshold=0.5),
        max_per_img=100))
dataset_type = 'VOCDataset'
data_root = '/root/userfolder/data/voc0712/VOCdevkit/'
img_norm_cfg = dict(
    mean=[123.675, 116.28, 103.53], std=[58.395, 57.12, 57.375], to_rgb=True)
train_pipeline = [
    dict(type='LoadImageFromFile'),
    dict(type='LoadAnnotations', with_bbox=True),
    dict(type='Resize', img_scale=(1000, 600), keep_ratio=True),
    dict(type='RandomFlip', flip_ratio=0.5),
    dict(
        type='Normalize',
        mean=[123.675, 116.28, 103.53],
        std=[58.395, 57.12, 57.375],
        to_rgb=True),
    dict(type='Pad', size_divisor=32),
    dict(type='DefaultFormatBundle'),
    dict(type='Collect', keys=['img', 'gt_bboxes', 'gt_labels'])
]
test_pipeline = [
    dict(type='LoadImageFromFile'),
    dict(
        type='MultiScaleFlipAug',
        img_scale=(1000, 600),
        flip=False,
        transforms=[
            dict(type='Resize', keep_ratio=True),
            dict(type='RandomFlip'),
            dict(
                type='Normalize',
                mean=[123.675, 116.28, 103.53],
                std=[58.395, 57.12, 57.375],
                to_rgb=True),
            dict(type='Pad', size_divisor=32),
            dict(type='ImageToTensor', keys=['img']),
            dict(type='Collect', keys=['img'])
        ])
]
data = dict(
    samples_per_gpu=2,
    workers_per_gpu=0,
    train=dict(
        type='RepeatDataset',
        times=3,
        dataset=dict(
            type='VOCDataset',
            ann_file=[
                '/root/userfolder/data/voc0712/VOCdevkit/VOC2007/ImageSets/Main/trainval.txt',
                '/root/userfolder/data/voc0712/VOCdevkit/VOC2012/ImageSets/Main/trainval.txt'
            ],
            img_prefix=[
                '/root/userfolder/data/voc0712/VOCdevkit/VOC2007/',
                '/root/userfolder/data/voc0712/VOCdevkit/VOC2012/'
            ],
            pipeline=[
                dict(type='LoadImageFromFile'),
                dict(type='LoadAnnotations', with_bbox=True),
                dict(type='Resize', img_scale=(1000, 600), keep_ratio=True),
                dict(type='RandomFlip', flip_ratio=0.5),
                dict(
                    type='Normalize',
                    mean=[123.675, 116.28, 103.53],
                    std=[58.395, 57.12, 57.375],
                    to_rgb=True),
                dict(type='Pad', size_divisor=32),
                dict(type='DefaultFormatBundle'),
                dict(type='Collect', keys=['img', 'gt_bboxes', 'gt_labels'])
            ])),
    val=dict(
        type='VOCDataset',
        ann_file=
        '/root/userfolder/data/voc0712/VOCdevkit/VOC2007/ImageSets/Main/test.txt',
        img_prefix='/root/userfolder/data/voc0712/VOCdevkit/VOC2007/',
        pipeline=[
            dict(type='LoadImageFromFile'),
            dict(
                type='MultiScaleFlipAug',
                img_scale=(1000, 600),
                flip=False,
                transforms=[
                    dict(type='Resize', keep_ratio=True),
                    dict(type='RandomFlip'),
                    dict(
                        type='Normalize',
                        mean=[123.675, 116.28, 103.53],
                        std=[58.395, 57.12, 57.375],
                        to_rgb=True),
                    dict(type='Pad', size_divisor=32),
                    dict(type='ImageToTensor', keys=['img']),
                    dict(type='Collect', keys=['img'])
                ])
        ]),
    test=dict(
        type='VOCDataset',
        ann_file=
        '/root/userfolder/data/voc0712/VOCdevkit/VOC2007/ImageSets/Main/test.txt',
        img_prefix='/root/userfolder/data/voc0712/VOCdevkit/VOC2007/',
        pipeline=[
            dict(type='LoadImageFromFile'),
            dict(
                type='MultiScaleFlipAug',
                img_scale=(1000, 600),
                flip=False,
                transforms=[
                    dict(type='Resize', keep_ratio=True),
                    dict(type='RandomFlip'),
                    dict(
                        type='Normalize',
                        mean=[123.675, 116.28, 103.53],
                        std=[58.395, 57.12, 57.375],
                        to_rgb=True),
                    dict(type='Pad', size_divisor=32),
                    dict(type='ImageToTensor', keys=['img']),
                    dict(type='Collect', keys=['img'])
                ])
        ]))
evaluation = dict(interval=1, metric='mAP')
optimizer = dict(type='SGD', lr=0.01, momentum=0.9, weight_decay=0.0001)
optimizer_config = dict(grad_clip=None)
lr_config = dict(
    policy='step',
    warmup='linear',
    warmup_iters=500,
    warmup_ratio=0.001,
    step=[8, 11])
total_epochs = 12
checkpoint_config = dict(interval=1)
log_config = dict(interval=50, hooks=[dict(type='TextLoggerHook')])
dist_params = dict(backend='nccl')
log_level = 'INFO'
load_from = None
resume_from = None
workflow = [('train', 1)]
work_dir = './work_dirs/faster_rcnn_r50_fpn_1x_voc_moco_caffe'
gpu_ids = range(0, 1)

2020-10-30 10:16:30,122 - mmdet - INFO - load model from: open-mmlab://detectron2/resnet50_caffe
2020-10-30 10:16:36,365 - mmdet - WARNING - The model and loaded state dict do not match exactly

unexpected key in source state_dict: conv1.bias

2020-10-30 10:16:44,423 - mmdet - INFO - Start running, host: root@95b7482644c5, work_dir: /root/userfolder/mmdetection/work_dirs/faster_rcnn_r50_fpn_1x_voc_moco_caffe
2020-10-30 10:16:44,423 - mmdet - INFO - workflow: [('train', 1)], max: 12 epochs
2020-10-30 10:17:03,505 - mmdet - INFO - Epoch [1][50/24827]	lr: 9.890e-04, eta: 1 day, 7:33:06, time: 0.381, data_time: 0.178, memory: 2564, loss_rpn_cls: 0.2772, loss_rpn_bbox: 0.0259, loss_cls: 0.5084, acc: 91.4199, loss_bbox: 0.0871, loss: 0.8986
2020-10-30 10:17:18,779 - mmdet - INFO - Epoch [1][100/24827]	lr: 1.988e-03, eta: 1 day, 4:25:03, time: 0.306, data_time: 0.107, memory: 2564, loss_rpn_cls: 0.0962, loss_rpn_bbox: 0.0249, loss_cls: 0.3977, acc: 96.2715, loss_bbox: 0.1462, loss: 0.6650
2020-10-30 10:17:34,298 - mmdet - INFO - Epoch [1][150/24827]	lr: 2.987e-03, eta: 1 day, 3:29:47, time: 0.310, data_time: 0.107, memory: 2564, loss_rpn_cls: 0.1083, loss_rpn_bbox: 0.0349, loss_cls: 0.4472, acc: 96.0391, loss_bbox: 0.1544, loss: 0.7449
2020-10-30 10:17:49,556 - mmdet - INFO - Epoch [1][200/24827]	lr: 3.986e-03, eta: 1 day, 2:55:10, time: 0.305, data_time: 0.115, memory: 2564, loss_rpn_cls: 0.0853, loss_rpn_bbox: 0.0275, loss_cls: 0.4147, acc: 95.5273, loss_bbox: 0.1799, loss: 0.7073
2020-10-30 10:18:04,978 - mmdet - INFO - Epoch [1][250/24827]	lr: 4.985e-03, eta: 1 day, 2:38:01, time: 0.309, data_time: 0.120, memory: 2564, loss_rpn_cls: 0.0791, loss_rpn_bbox: 0.0235, loss_cls: 0.3536, acc: 96.1582, loss_bbox: 0.1546, loss: 0.6108
2020-10-30 10:18:20,859 - mmdet - INFO - Epoch [1][300/24827]	lr: 5.984e-03, eta: 1 day, 2:34:21, time: 0.318, data_time: 0.132, memory: 2564, loss_rpn_cls: 0.0802, loss_rpn_bbox: 0.0217, loss_cls: 0.3082, acc: 96.7891, loss_bbox: 0.1272, loss: 0.5372
2020-10-30 10:18:35,738 - mmdet - INFO - Epoch [1][350/24827]	lr: 6.983e-03, eta: 1 day, 2:17:09, time: 0.298, data_time: 0.092, memory: 2564, loss_rpn_cls: 0.0911, loss_rpn_bbox: 0.0276, loss_cls: 0.3314, acc: 96.4316, loss_bbox: 0.1387, loss: 0.5887
2020-10-30 10:18:50,443 - mmdet - INFO - Epoch [1][400/24827]	lr: 7.982e-03, eta: 1 day, 2:01:49, time: 0.294, data_time: 0.103, memory: 2564, loss_rpn_cls: 0.0731, loss_rpn_bbox: 0.0242, loss_cls: 0.2989, acc: 96.3457, loss_bbox: 0.1471, loss: 0.5433
2020-10-30 10:19:04,756 - mmdet - INFO - Epoch [1][450/24827]	lr: 8.981e-03, eta: 1 day, 1:45:44, time: 0.286, data_time: 0.107, memory: 2564, loss_rpn_cls: 0.0807, loss_rpn_bbox: 0.0242, loss_cls: 0.3233, acc: 95.9180, loss_bbox: 0.1598, loss: 0.5879
2020-10-30 10:19:19,538 - mmdet - INFO - Epoch [1][500/24827]	lr: 9.980e-03, eta: 1 day, 1:37:28, time: 0.296, data_time: 0.097, memory: 2564, loss_rpn_cls: 0.0630, loss_rpn_bbox: 0.0172, loss_cls: 0.2860, acc: 96.3555, loss_bbox: 0.1468, loss: 0.5130
2020-10-30 10:19:34,317 - mmdet - INFO - Epoch [1][550/24827]	lr: 1.000e-02, eta: 1 day, 1:30:37, time: 0.296, data_time: 0.091, memory: 2564, loss_rpn_cls: 0.1106, loss_rpn_bbox: 0.0345, loss_cls: 0.3058, acc: 96.0918, loss_bbox: 0.1500, loss: 0.6010
2020-10-30 10:19:49,098 - mmdet - INFO - Epoch [1][600/24827]	lr: 1.000e-02, eta: 1 day, 1:24:52, time: 0.296, data_time: 0.101, memory: 2564, loss_rpn_cls: 0.1076, loss_rpn_bbox: 0.0475, loss_cls: 0.3276, acc: 95.8711, loss_bbox: 0.1639, loss: 0.6466
2020-10-30 10:20:03,791 - mmdet - INFO - Epoch [1][650/24827]	lr: 1.000e-02, eta: 1 day, 1:19:16, time: 0.294, data_time: 0.091, memory: 2564, loss_rpn_cls: 0.1168, loss_rpn_bbox: 0.0661, loss_cls: 0.2844, acc: 97.0293, loss_bbox: 0.1190, loss: 0.5863
2020-10-30 10:20:19,560 - mmdet - INFO - Epoch [1][700/24827]	lr: 1.000e-02, eta: 1 day, 1:22:13, time: 0.316, data_time: 0.130, memory: 2564, loss_rpn_cls: 0.0740, loss_rpn_bbox: 0.0247, loss_cls: 0.2532, acc: 96.7227, loss_bbox: 0.1312, loss: 0.4831
2020-10-30 10:20:34,758 - mmdet - INFO - Epoch [1][750/24827]	lr: 1.000e-02, eta: 1 day, 1:20:48, time: 0.304, data_time: 0.123, memory: 2564, loss_rpn_cls: 0.0853, loss_rpn_bbox: 0.0315, loss_cls: 0.2990, acc: 95.5371, loss_bbox: 0.1738, loss: 0.5896
2020-10-30 10:20:49,926 - mmdet - INFO - Epoch [1][800/24827]	lr: 1.000e-02, eta: 1 day, 1:19:19, time: 0.303, data_time: 0.100, memory: 2564, loss_rpn_cls: 0.0892, loss_rpn_bbox: 0.0329, loss_cls: 0.2593, acc: 96.0703, loss_bbox: 0.1537, loss: 0.5351
2020-10-30 10:21:05,509 - mmdet - INFO - Epoch [1][850/24827]	lr: 1.000e-02, eta: 1 day, 1:20:29, time: 0.312, data_time: 0.106, memory: 2564, loss_rpn_cls: 0.0658, loss_rpn_bbox: 0.0218, loss_cls: 0.2289, acc: 96.2656, loss_bbox: 0.1484, loss: 0.4650
2020-10-30 10:21:21,513 - mmdet - INFO - Epoch [1][900/24827]	lr: 1.000e-02, eta: 1 day, 1:23:47, time: 0.320, data_time: 0.108, memory: 2564, loss_rpn_cls: 0.0905, loss_rpn_bbox: 0.0279, loss_cls: 0.2381, acc: 95.9609, loss_bbox: 0.1577, loss: 0.5142
2020-10-30 10:21:36,942 - mmdet - INFO - Epoch [1][950/24827]	lr: 1.000e-02, eta: 1 day, 1:23:42, time: 0.308, data_time: 0.112, memory: 2564, loss_rpn_cls: 0.0805, loss_rpn_bbox: 0.0259, loss_cls: 0.2651, acc: 95.9062, loss_bbox: 0.1616, loss: 0.5332
2020-10-30 10:21:52,279 - mmdet - INFO - Exp name: faster_rcnn_r50_fpn_1x_voc_moco_caffe.py
2020-10-30 10:21:52,279 - mmdet - INFO - Epoch [1][1000/24827]	lr: 1.000e-02, eta: 1 day, 1:23:10, time: 0.307, data_time: 0.101, memory: 2564, loss_rpn_cls: 0.0699, loss_rpn_bbox: 0.0247, loss_cls: 0.2876, acc: 95.5020, loss_bbox: 0.1782, loss: 0.5604
