2020-10-20 09:15:02,408 - mmdet - INFO - Environment info:
------------------------------------------------------------
sys.platform: linux
Python: 3.7.9 (default, Aug 31 2020, 12:42:55) [GCC 7.3.0]
CUDA available: True
GPU 0,1,2,3,4,5,6,7: GeForce RTX 2080 Ti
CUDA_HOME: /usr/local/cuda
NVCC: Cuda compilation tools, release 10.0, V10.0.130
GCC: gcc (Ubuntu 5.4.0-6ubuntu1~16.04.11) 5.4.0 20160609
PyTorch: 1.4.0
PyTorch compiling details: PyTorch built with:
  - GCC 7.3
  - Intel(R) Math Kernel Library Version 2020.0.2 Product Build 20200624 for Intel(R) 64 architecture applications
  - Intel(R) MKL-DNN v0.21.1 (Git Hash 7d2fd500bc78936d1d648ca713b901012f470dbc)
  - OpenMP 201511 (a.k.a. OpenMP 4.5)
  - NNPACK is enabled
  - CUDA Runtime 10.0
  - NVCC architecture flags: -gencode;arch=compute_37,code=sm_37;-gencode;arch=compute_50,code=sm_50;-gencode;arch=compute_60,code=sm_60;-gencode;arch=compute_61,code=sm_61;-gencode;arch=compute_70,code=sm_70;-gencode;arch=compute_75,code=sm_75;-gencode;arch=compute_37,code=compute_37
  - CuDNN 7.6.3
  - Magma 2.5.1
  - Build settings: BLAS=MKL, BUILD_NAMEDTENSOR=OFF, BUILD_TYPE=Release, CXX_FLAGS= -Wno-deprecated -fvisibility-inlines-hidden -fopenmp -DUSE_FBGEMM -DUSE_QNNPACK -DUSE_PYTORCH_QNNPACK -O2 -fPIC -Wno-narrowing -Wall -Wextra -Wno-missing-field-initializers -Wno-type-limits -Wno-array-bounds -Wno-unknown-pragmas -Wno-sign-compare -Wno-unused-parameter -Wno-unused-variable -Wno-unused-function -Wno-unused-result -Wno-strict-overflow -Wno-strict-aliasing -Wno-error=deprecated-declarations -Wno-stringop-overflow -Wno-error=pedantic -Wno-error=redundant-decls -Wno-error=old-style-cast -fdiagnostics-color=always -faligned-new -Wno-unused-but-set-variable -Wno-maybe-uninitialized -fno-math-errno -fno-trapping-math -Wno-stringop-overflow, DISABLE_NUMA=1, PERF_WITH_AVX=1, PERF_WITH_AVX2=1, PERF_WITH_AVX512=1, USE_CUDA=ON, USE_EXCEPTION_PTR=1, USE_GFLAGS=OFF, USE_GLOG=OFF, USE_MKL=ON, USE_MKLDNN=ON, USE_MPI=OFF, USE_NCCL=ON, USE_NNPACK=ON, USE_OPENMP=ON, USE_STATIC_DISPATCH=OFF, 

TorchVision: 0.5.0
OpenCV: 4.4.0
MMCV: 1.1.5
MMCV Compiler: GCC 7.3
MMCV CUDA Compiler: 10.0
MMDetection: 2.5.0+
------------------------------------------------------------

2020-10-20 09:15:02,795 - mmdet - INFO - Distributed training: True
2020-10-20 09:15:03,342 - mmdet - INFO - Config:
dataset_type = 'CocoDataset'
data_root = 'data/coco/'
annotations_root = 'annotations/'
image_root = '/root/userfolder/data/TCTAnnotatedData/'
classes = ('normal', 'ascus', 'asch', 'lsil', 'hsil_scc_omn',
           'agc_adenocarcinoma_em', 'vaginalis', 'monilia',
           'dysbacteriosis_herpes_act', 'ec')
img_norm_cfg = dict(
    mean=[102.9801, 115.9465, 122.7717], std=[1.0, 1.0, 1.0], to_rgb=False)
train_pipeline = [
    dict(type='LoadImageFromFile'),
    dict(type='LoadAnnotations', with_bbox=True),
    dict(
        type='Resize',
        img_scale=[(1333, 640), (1333, 800)],
        multiscale_mode='value',
        keep_ratio=True),
    dict(type='RandomFlip', flip_ratio=0.5),
    dict(
        type='Normalize',
        mean=[102.9801, 115.9465, 122.7717],
        std=[1.0, 1.0, 1.0],
        to_rgb=False),
    dict(type='Pad', size_divisor=32),
    dict(type='DefaultFormatBundle'),
    dict(type='Collect', keys=['img', 'gt_bboxes', 'gt_labels'])
]
test_pipeline = [
    dict(type='LoadImageFromFile'),
    dict(
        type='MultiScaleFlipAug',
        img_scale=(1333, 800),
        flip=False,
        transforms=[
            dict(type='Resize', keep_ratio=True),
            dict(type='RandomFlip'),
            dict(
                type='Normalize',
                mean=[102.9801, 115.9465, 122.7717],
                std=[1.0, 1.0, 1.0],
                to_rgb=False),
            dict(type='Pad', size_divisor=32),
            dict(type='ImageToTensor', keys=['img']),
            dict(type='Collect', keys=['img'])
        ])
]
data = dict(
    samples_per_gpu=4,
    workers_per_gpu=0,
    train=dict(
        type='CocoDataset',
        classes=('normal', 'ascus', 'asch', 'lsil', 'hsil_scc_omn',
                 'agc_adenocarcinoma_em', 'vaginalis', 'monilia',
                 'dysbacteriosis_herpes_act', 'ec'),
        ann_file='annotations/train30000-cat10.json',
        img_prefix='/root/userfolder/data/TCTAnnotatedData/',
        pipeline=[
            dict(type='LoadImageFromFile'),
            dict(type='LoadAnnotations', with_bbox=True),
            dict(
                type='Resize',
                img_scale=[(1333, 640), (1333, 800)],
                multiscale_mode='value',
                keep_ratio=True),
            dict(type='RandomFlip', flip_ratio=0.5),
            dict(
                type='Normalize',
                mean=[102.9801, 115.9465, 122.7717],
                std=[1.0, 1.0, 1.0],
                to_rgb=False),
            dict(type='Pad', size_divisor=32),
            dict(type='DefaultFormatBundle'),
            dict(type='Collect', keys=['img', 'gt_bboxes', 'gt_labels'])
        ]),
    val=dict(
        type='CocoDataset',
        classes=('normal', 'ascus', 'asch', 'lsil', 'hsil_scc_omn',
                 'agc_adenocarcinoma_em', 'vaginalis', 'monilia',
                 'dysbacteriosis_herpes_act', 'ec'),
        ann_file='annotations/val10000-cat10.json',
        img_prefix='/root/userfolder/data/TCTAnnotatedData/',
        pipeline=[
            dict(type='LoadImageFromFile'),
            dict(
                type='MultiScaleFlipAug',
                img_scale=(1333, 800),
                flip=False,
                transforms=[
                    dict(type='Resize', keep_ratio=True),
                    dict(type='RandomFlip'),
                    dict(
                        type='Normalize',
                        mean=[102.9801, 115.9465, 122.7717],
                        std=[1.0, 1.0, 1.0],
                        to_rgb=False),
                    dict(type='Pad', size_divisor=32),
                    dict(type='ImageToTensor', keys=['img']),
                    dict(type='Collect', keys=['img'])
                ])
        ]),
    test=dict(
        type='CocoDataset',
        classes=('normal', 'ascus', 'asch', 'lsil', 'hsil_scc_omn',
                 'agc_adenocarcinoma_em', 'vaginalis', 'monilia',
                 'dysbacteriosis_herpes_act', 'ec'),
        ann_file='annotations/test10000-cat10.json',
        img_prefix='/root/userfolder/data/TCTAnnotatedData/',
        pipeline=[
            dict(type='LoadImageFromFile'),
            dict(
                type='MultiScaleFlipAug',
                img_scale=(1333, 800),
                flip=False,
                transforms=[
                    dict(type='Resize', keep_ratio=True),
                    dict(type='RandomFlip'),
                    dict(
                        type='Normalize',
                        mean=[102.9801, 115.9465, 122.7717],
                        std=[1.0, 1.0, 1.0],
                        to_rgb=False),
                    dict(type='Pad', size_divisor=32),
                    dict(type='ImageToTensor', keys=['img']),
                    dict(type='Collect', keys=['img'])
                ])
        ]))
evaluation = dict(interval=1, metric='bbox')
optimizer = dict(
    type='SGD',
    lr=0.01,
    momentum=0.9,
    weight_decay=0.0001,
    paramwise_cfg=dict(bias_lr_mult=2.0, bias_decay_mult=0.0))
optimizer_config = dict(grad_clip=dict(max_norm=35, norm_type=2))
lr_config = dict(
    policy='step',
    warmup='constant',
    warmup_iters=500,
    warmup_ratio=0.3333333333333333,
    step=[16, 22])
total_epochs = 24
checkpoint_config = dict(interval=1)
log_config = dict(interval=50, hooks=[dict(type='TextLoggerHook')])
dist_params = dict(backend='nccl')
log_level = 'INFO'
load_from = None
resume_from = None
workflow = [('train', 1)]
model = dict(
    type='FCOS',
    pretrained='open-mmlab://detectron/resnet50_caffe',
    backbone=dict(
        type='ResNet',
        depth=50,
        num_stages=4,
        out_indices=(0, 1, 2, 3),
        frozen_stages=1,
        norm_cfg=dict(type='BN', requires_grad=False),
        norm_eval=True,
        style='caffe'),
    neck=dict(
        type='FPN',
        in_channels=[256, 512, 1024, 2048],
        out_channels=256,
        start_level=1,
        add_extra_convs=True,
        extra_convs_on_inputs=False,
        num_outs=5,
        relu_before_extra_convs=True),
    bbox_head=dict(
        type='FCOSHead',
        num_classes=10,
        in_channels=256,
        stacked_convs=4,
        feat_channels=256,
        strides=[8, 16, 32, 64, 128],
        loss_cls=dict(
            type='FocalLoss',
            use_sigmoid=True,
            gamma=2.0,
            alpha=0.25,
            loss_weight=1.0),
        loss_bbox=dict(type='IoULoss', loss_weight=1.0),
        loss_centerness=dict(
            type='CrossEntropyLoss', use_sigmoid=True, loss_weight=1.0)))
train_cfg = dict(
    assigner=dict(
        type='MaxIoUAssigner',
        pos_iou_thr=0.5,
        neg_iou_thr=0.4,
        min_pos_iou=0,
        ignore_iof_thr=-1),
    allowed_border=-1,
    pos_weight=-1,
    debug=False)
test_cfg = dict(
    nms_pre=1000,
    min_bbox_size=0,
    score_thr=0.05,
    nms=dict(type='nms', iou_threshold=0.5),
    max_per_img=100)
work_dir = './work_dirs/fcos_r50_caffe_fpn_gn-head_mstrain_640-800_4x4_2x_coco'
gpu_ids = range(0, 1)

2020-10-20 09:15:03,684 - mmdet - INFO - load model from: open-mmlab://detectron/resnet50_caffe
2020-10-20 09:15:09,687 - mmdet - WARNING - The model and loaded state dict do not match exactly

unexpected key in source state_dict: conv1.bias, layer1.0.conv1.bias, layer1.0.conv2.bias, layer1.0.conv3.bias, layer1.0.downsample.0.bias, layer1.1.conv1.bias, layer1.1.conv2.bias, layer1.1.conv3.bias, layer1.2.conv1.bias, layer1.2.conv2.bias, layer1.2.conv3.bias, layer2.0.conv1.bias, layer2.0.conv2.bias, layer2.0.conv3.bias, layer2.0.downsample.0.bias, layer2.1.conv1.bias, layer2.1.conv2.bias, layer2.1.conv3.bias, layer2.2.conv1.bias, layer2.2.conv2.bias, layer2.2.conv3.bias, layer2.3.conv1.bias, layer2.3.conv2.bias, layer2.3.conv3.bias, layer3.0.conv1.bias, layer3.0.conv2.bias, layer3.0.conv3.bias, layer3.0.downsample.0.bias, layer3.1.conv1.bias, layer3.1.conv2.bias, layer3.1.conv3.bias, layer3.2.conv1.bias, layer3.2.conv2.bias, layer3.2.conv3.bias, layer3.3.conv1.bias, layer3.3.conv2.bias, layer3.3.conv3.bias, layer3.4.conv1.bias, layer3.4.conv2.bias, layer3.4.conv3.bias, layer3.5.conv1.bias, layer3.5.conv2.bias, layer3.5.conv3.bias, layer4.0.conv1.bias, layer4.0.conv2.bias, layer4.0.conv3.bias, layer4.0.downsample.0.bias, layer4.1.conv1.bias, layer4.1.conv2.bias, layer4.1.conv3.bias, layer4.2.conv1.bias, layer4.2.conv2.bias, layer4.2.conv3.bias

2020-10-20 09:15:12,426 - mmdet - INFO - Start running, host: root@c29bb9d22aa7, work_dir: /root/userfolder/mmdetection/work_dirs/fcos_r50_caffe_fpn_gn-head_mstrain_640-800_4x4_2x_coco
2020-10-20 09:15:12,427 - mmdet - INFO - workflow: [('train', 1)], max: 24 epochs
2020-10-20 09:16:26,039 - mmdet - INFO - Epoch [1][50/938]	lr: 3.333e-03, eta: 9:11:07, time: 1.472, data_time: 0.905, memory: 6007, loss_cls: 0.7588, loss_bbox: 1.6939, loss_centerness: 0.6426, loss: 3.0953, grad_norm: 16.3707
2020-10-20 09:17:36,885 - mmdet - INFO - Epoch [1][100/938]	lr: 3.333e-03, eta: 8:59:35, time: 1.417, data_time: 0.851, memory: 6015, loss_cls: 0.5903, loss_bbox: 0.8224, loss_centerness: 0.6210, loss: 2.0338, grad_norm: 4.8869
2020-10-20 09:18:47,773 - mmdet - INFO - Epoch [1][150/938]	lr: 3.333e-03, eta: 8:55:03, time: 1.418, data_time: 0.869, memory: 6021, loss_cls: 0.5449, loss_bbox: 0.6701, loss_centerness: 0.6108, loss: 1.8258, grad_norm: 5.8550
2020-10-20 09:19:58,385 - mmdet - INFO - Epoch [1][200/938]	lr: 3.333e-03, eta: 8:51:41, time: 1.412, data_time: 0.878, memory: 6021, loss_cls: 0.5059, loss_bbox: 0.6080, loss_centerness: 0.6061, loss: 1.7199, grad_norm: 6.1010
2020-10-20 09:21:09,014 - mmdet - INFO - Epoch [1][250/938]	lr: 3.333e-03, eta: 8:49:12, time: 1.413, data_time: 0.878, memory: 6021, loss_cls: 0.4937, loss_bbox: 0.5754, loss_centerness: 0.6036, loss: 1.6727, grad_norm: 5.6074
2020-10-20 09:22:19,927 - mmdet - INFO - Epoch [1][300/938]	lr: 3.333e-03, eta: 8:47:31, time: 1.418, data_time: 0.875, memory: 6021, loss_cls: 0.4919, loss_bbox: 0.5717, loss_centerness: 0.6016, loss: 1.6652, grad_norm: 6.3098
2020-10-20 09:23:30,534 - mmdet - INFO - Epoch [1][350/938]	lr: 3.333e-03, eta: 8:45:39, time: 1.412, data_time: 0.860, memory: 6021, loss_cls: 0.4797, loss_bbox: 0.5591, loss_centerness: 0.6013, loss: 1.6401, grad_norm: 6.4743
2020-10-20 09:24:40,873 - mmdet - INFO - Epoch [1][400/938]	lr: 3.333e-03, eta: 8:43:43, time: 1.407, data_time: 0.868, memory: 6021, loss_cls: 0.4592, loss_bbox: 0.5466, loss_centerness: 0.5980, loss: 1.6038, grad_norm: 6.4125
2020-10-20 09:25:51,387 - mmdet - INFO - Epoch [1][450/938]	lr: 3.333e-03, eta: 8:42:05, time: 1.410, data_time: 0.873, memory: 6021, loss_cls: 0.4488, loss_bbox: 0.5475, loss_centerness: 0.5987, loss: 1.5950, grad_norm: 6.4610
2020-10-20 09:27:02,083 - mmdet - INFO - Epoch [1][500/938]	lr: 3.333e-03, eta: 8:40:41, time: 1.414, data_time: 0.861, memory: 6021, loss_cls: 0.4433, loss_bbox: 0.5106, loss_centerness: 0.5967, loss: 1.5507, grad_norm: 4.9181
2020-10-20 09:28:12,383 - mmdet - INFO - Epoch [1][550/938]	lr: 1.000e-02, eta: 8:39:04, time: 1.406, data_time: 0.876, memory: 6021, loss_cls: 0.5775, loss_bbox: 0.8320, loss_centerness: 0.6015, loss: 2.0110, grad_norm: 9.4733
2020-10-20 09:29:22,652 - mmdet - INFO - Epoch [1][600/938]	lr: 1.000e-02, eta: 8:37:29, time: 1.405, data_time: 0.863, memory: 6021, loss_cls: 0.4821, loss_bbox: 0.7173, loss_centerness: 0.5992, loss: 1.7987, grad_norm: 8.5847
2020-10-20 09:30:34,868 - mmdet - INFO - Epoch [1][650/938]	lr: 1.000e-02, eta: 8:37:04, time: 1.444, data_time: 0.864, memory: 6021, loss_cls: 0.4769, loss_bbox: 0.6461, loss_centerness: 0.6008, loss: 1.7238, grad_norm: 6.9138
2020-10-20 09:31:50,311 - mmdet - INFO - Epoch [1][700/938]	lr: 1.000e-02, eta: 8:38:13, time: 1.509, data_time: 0.860, memory: 6021, loss_cls: 0.4424, loss_bbox: 0.6652, loss_centerness: 0.5965, loss: 1.7042, grad_norm: 8.0002
2020-10-20 09:33:08,008 - mmdet - INFO - Epoch [1][750/938]	lr: 1.000e-02, eta: 8:40:08, time: 1.554, data_time: 0.899, memory: 6024, loss_cls: 0.4317, loss_bbox: 0.6360, loss_centerness: 0.5951, loss: 1.6628, grad_norm: 7.0056
2020-10-20 09:34:25,823 - mmdet - INFO - Epoch [1][800/938]	lr: 1.000e-02, eta: 8:41:42, time: 1.556, data_time: 0.899, memory: 6024, loss_cls: 0.4217, loss_bbox: 0.5742, loss_centerness: 0.5927, loss: 1.5887, grad_norm: 6.9129
2020-10-20 09:35:43,281 - mmdet - INFO - Epoch [1][850/938]	lr: 1.000e-02, eta: 8:42:47, time: 1.549, data_time: 0.888, memory: 6024, loss_cls: 0.4223, loss_bbox: 0.5969, loss_centerness: 0.5920, loss: 1.6111, grad_norm: 7.0701
2020-10-20 09:37:00,390 - mmdet - INFO - Epoch [1][900/938]	lr: 1.000e-02, eta: 8:43:28, time: 1.542, data_time: 0.894, memory: 6024, loss_cls: 0.4109, loss_bbox: 0.5281, loss_centerness: 0.5932, loss: 1.5321, grad_norm: 6.2497
2020-10-20 09:37:57,601 - mmdet - INFO - Saving checkpoint at 1 epochs
2020-10-20 09:43:57,218 - mmdet - INFO - Evaluating bbox...
2020-10-20 09:46:23,959 - mmdet - INFO - Exp name: fcos_r50_caffe_fpn_gn-head_mstrain_640-800_4x4_2x_coco.py
2020-10-20 09:46:23,960 - mmdet - INFO - Epoch(val) [1][938]	bbox_mAP: 0.0840, bbox_mAP_50: 0.2270, bbox_mAP_75: 0.0400, bbox_mAP_s: -1.0000, bbox_mAP_m: 0.0070, bbox_mAP_l: 0.0920, bbox_mAP_copypaste: 0.084 0.227 0.040 -1.000 0.007 0.092
2020-10-20 09:47:40,141 - mmdet - INFO - Epoch [2][50/938]	lr: 1.000e-02, eta: 8:22:33, time: 1.523, data_time: 0.722, memory: 6024, loss_cls: 0.4132, loss_bbox: 0.5397, loss_centerness: 0.5918, loss: 1.5447, grad_norm: 6.6356
