2020-10-17 10:40:44,572 - mmdet - INFO - Environment info:
------------------------------------------------------------
sys.platform: linux
Python: 3.7.9 (default, Aug 31 2020, 12:42:55) [GCC 7.3.0]
CUDA available: True
GPU 0,1,2,3,4,5,6,7: GeForce RTX 2080 Ti
CUDA_HOME: /usr/local/cuda
NVCC: Cuda compilation tools, release 10.0, V10.0.130
GCC: gcc (Ubuntu 5.4.0-6ubuntu1~16.04.11) 5.4.0 20160609
PyTorch: 1.4.0
PyTorch compiling details: PyTorch built with:
  - GCC 7.3
  - Intel(R) Math Kernel Library Version 2020.0.2 Product Build 20200624 for Intel(R) 64 architecture applications
  - Intel(R) MKL-DNN v0.21.1 (Git Hash 7d2fd500bc78936d1d648ca713b901012f470dbc)
  - OpenMP 201511 (a.k.a. OpenMP 4.5)
  - NNPACK is enabled
  - CUDA Runtime 10.0
  - NVCC architecture flags: -gencode;arch=compute_37,code=sm_37;-gencode;arch=compute_50,code=sm_50;-gencode;arch=compute_60,code=sm_60;-gencode;arch=compute_61,code=sm_61;-gencode;arch=compute_70,code=sm_70;-gencode;arch=compute_75,code=sm_75;-gencode;arch=compute_37,code=compute_37
  - CuDNN 7.6.3
  - Magma 2.5.1
  - Build settings: BLAS=MKL, BUILD_NAMEDTENSOR=OFF, BUILD_TYPE=Release, CXX_FLAGS= -Wno-deprecated -fvisibility-inlines-hidden -fopenmp -DUSE_FBGEMM -DUSE_QNNPACK -DUSE_PYTORCH_QNNPACK -O2 -fPIC -Wno-narrowing -Wall -Wextra -Wno-missing-field-initializers -Wno-type-limits -Wno-array-bounds -Wno-unknown-pragmas -Wno-sign-compare -Wno-unused-parameter -Wno-unused-variable -Wno-unused-function -Wno-unused-result -Wno-strict-overflow -Wno-strict-aliasing -Wno-error=deprecated-declarations -Wno-stringop-overflow -Wno-error=pedantic -Wno-error=redundant-decls -Wno-error=old-style-cast -fdiagnostics-color=always -faligned-new -Wno-unused-but-set-variable -Wno-maybe-uninitialized -fno-math-errno -fno-trapping-math -Wno-stringop-overflow, DISABLE_NUMA=1, PERF_WITH_AVX=1, PERF_WITH_AVX2=1, PERF_WITH_AVX512=1, USE_CUDA=ON, USE_EXCEPTION_PTR=1, USE_GFLAGS=OFF, USE_GLOG=OFF, USE_MKL=ON, USE_MKLDNN=ON, USE_MPI=OFF, USE_NCCL=ON, USE_NNPACK=ON, USE_OPENMP=ON, USE_STATIC_DISPATCH=OFF, 

TorchVision: 0.5.0
OpenCV: 4.4.0
MMCV: 1.1.5
MMCV Compiler: GCC 7.3
MMCV CUDA Compiler: 10.0
MMDetection: 2.5.0+
------------------------------------------------------------

2020-10-17 10:40:44,970 - mmdet - INFO - Distributed training: True
2020-10-17 10:40:45,451 - mmdet - INFO - Config:
dataset_type = 'CocoDataset'
data_root = 'data/coco/'
annotations_root = 'annotations/'
image_root = '/root/userfolder/data/TCTAnnotatedData/'
classes = ('normal', 'ascus', 'asch', 'lsil', 'hsil_scc_omn',
           'agc_adenocarcinoma_em', 'vaginalis', 'monilia',
           'dysbacteriosis_herpes_act', 'ec')
img_norm_cfg = dict(
    mean=[102.9801, 115.9465, 122.7717], std=[1.0, 1.0, 1.0], to_rgb=False)
train_pipeline = [
    dict(type='LoadImageFromFile'),
    dict(type='LoadAnnotations', with_bbox=True),
    dict(
        type='Resize',
        img_scale=[(1333, 640), (1333, 800)],
        multiscale_mode='value',
        keep_ratio=True),
    dict(type='RandomFlip', flip_ratio=0.5),
    dict(
        type='Normalize',
        mean=[102.9801, 115.9465, 122.7717],
        std=[1.0, 1.0, 1.0],
        to_rgb=False),
    dict(type='Pad', size_divisor=32),
    dict(type='DefaultFormatBundle'),
    dict(type='Collect', keys=['img', 'gt_bboxes', 'gt_labels'])
]
test_pipeline = [
    dict(type='LoadImageFromFile'),
    dict(
        type='MultiScaleFlipAug',
        img_scale=(1333, 800),
        flip=False,
        transforms=[
            dict(type='Resize', keep_ratio=True),
            dict(type='RandomFlip'),
            dict(
                type='Normalize',
                mean=[102.9801, 115.9465, 122.7717],
                std=[1.0, 1.0, 1.0],
                to_rgb=False),
            dict(type='Pad', size_divisor=32),
            dict(type='ImageToTensor', keys=['img']),
            dict(type='Collect', keys=['img'])
        ])
]
data = dict(
    samples_per_gpu=4,
    workers_per_gpu=4,
    train=dict(
        type='CocoDataset',
        classes=('normal', 'ascus', 'asch', 'lsil', 'hsil_scc_omn',
                 'agc_adenocarcinoma_em', 'vaginalis', 'monilia',
                 'dysbacteriosis_herpes_act', 'ec'),
        ann_file='annotations/train30000-cat10.json',
        img_prefix='/root/userfolder/data/TCTAnnotatedData/',
        pipeline=[
            dict(type='LoadImageFromFile'),
            dict(type='LoadAnnotations', with_bbox=True),
            dict(
                type='Resize',
                img_scale=[(1333, 640), (1333, 800)],
                multiscale_mode='value',
                keep_ratio=True),
            dict(type='RandomFlip', flip_ratio=0.5),
            dict(
                type='Normalize',
                mean=[102.9801, 115.9465, 122.7717],
                std=[1.0, 1.0, 1.0],
                to_rgb=False),
            dict(type='Pad', size_divisor=32),
            dict(type='DefaultFormatBundle'),
            dict(type='Collect', keys=['img', 'gt_bboxes', 'gt_labels'])
        ]),
    val=dict(
        type='CocoDataset',
        classes=('normal', 'ascus', 'asch', 'lsil', 'hsil_scc_omn',
                 'agc_adenocarcinoma_em', 'vaginalis', 'monilia',
                 'dysbacteriosis_herpes_act', 'ec'),
        ann_file='annotations/val10000-cat10.json',
        img_prefix='/root/userfolder/data/TCTAnnotatedData/',
        pipeline=[
            dict(type='LoadImageFromFile'),
            dict(
                type='MultiScaleFlipAug',
                img_scale=(1333, 800),
                flip=False,
                transforms=[
                    dict(type='Resize', keep_ratio=True),
                    dict(type='RandomFlip'),
                    dict(
                        type='Normalize',
                        mean=[102.9801, 115.9465, 122.7717],
                        std=[1.0, 1.0, 1.0],
                        to_rgb=False),
                    dict(type='Pad', size_divisor=32),
                    dict(type='ImageToTensor', keys=['img']),
                    dict(type='Collect', keys=['img'])
                ])
        ]),
    test=dict(
        type='CocoDataset',
        classes=('normal', 'ascus', 'asch', 'lsil', 'hsil_scc_omn',
                 'agc_adenocarcinoma_em', 'vaginalis', 'monilia',
                 'dysbacteriosis_herpes_act', 'ec'),
        ann_file='annotations/test10000-cat10.json',
        img_prefix='/root/userfolder/data/TCTAnnotatedData/',
        pipeline=[
            dict(type='LoadImageFromFile'),
            dict(
                type='MultiScaleFlipAug',
                img_scale=(1333, 800),
                flip=False,
                transforms=[
                    dict(type='Resize', keep_ratio=True),
                    dict(type='RandomFlip'),
                    dict(
                        type='Normalize',
                        mean=[102.9801, 115.9465, 122.7717],
                        std=[1.0, 1.0, 1.0],
                        to_rgb=False),
                    dict(type='Pad', size_divisor=32),
                    dict(type='ImageToTensor', keys=['img']),
                    dict(type='Collect', keys=['img'])
                ])
        ]))
evaluation = dict(interval=1, metric='bbox')
optimizer = dict(
    type='SGD',
    lr=0.01,
    momentum=0.9,
    weight_decay=0.0001,
    paramwise_cfg=dict(bias_lr_mult=2.0, bias_decay_mult=0.0))
optimizer_config = dict(grad_clip=dict(max_norm=35, norm_type=2))
lr_config = dict(
    policy='step',
    warmup='constant',
    warmup_iters=500,
    warmup_ratio=0.3333333333333333,
    step=[16, 22])
total_epochs = 24
checkpoint_config = dict(interval=1)
log_config = dict(interval=50, hooks=[dict(type='TextLoggerHook')])
dist_params = dict(backend='nccl')
log_level = 'INFO'
load_from = None
resume_from = None
workflow = [('train', 1)]
model = dict(
    type='FCOS',
    pretrained='open-mmlab://detectron/resnet50_caffe',
    backbone=dict(
        type='ResNet',
        depth=50,
        num_stages=4,
        out_indices=(0, 1, 2, 3),
        frozen_stages=1,
        norm_cfg=dict(type='BN', requires_grad=False),
        norm_eval=True,
        style='caffe'),
    neck=dict(
        type='FPN',
        in_channels=[256, 512, 1024, 2048],
        out_channels=256,
        start_level=1,
        add_extra_convs=True,
        extra_convs_on_inputs=False,
        num_outs=5,
        relu_before_extra_convs=True),
    bbox_head=dict(
        type='FCOSHead',
        num_classes=10,
        in_channels=256,
        stacked_convs=4,
        feat_channels=256,
        strides=[8, 16, 32, 64, 128],
        loss_cls=dict(
            type='FocalLoss',
            use_sigmoid=True,
            gamma=2.0,
            alpha=0.25,
            loss_weight=1.0),
        loss_bbox=dict(type='IoULoss', loss_weight=1.0),
        loss_centerness=dict(
            type='CrossEntropyLoss', use_sigmoid=True, loss_weight=1.0)))
train_cfg = dict(
    assigner=dict(
        type='MaxIoUAssigner',
        pos_iou_thr=0.5,
        neg_iou_thr=0.4,
        min_pos_iou=0,
        ignore_iof_thr=-1),
    allowed_border=-1,
    pos_weight=-1,
    debug=False)
test_cfg = dict(
    nms_pre=1000,
    min_bbox_size=0,
    score_thr=0.05,
    nms=dict(type='nms', iou_threshold=0.5),
    max_per_img=100)
work_dir = './work_dirs/fcos_r50_caffe_fpn_gn-head_mstrain_640-800_4x4_2x_coco'
gpu_ids = range(0, 1)

2020-10-17 10:40:45,790 - mmdet - INFO - load model from: open-mmlab://detectron/resnet50_caffe
2020-10-17 10:40:51,126 - mmdet - WARNING - The model and loaded state dict do not match exactly

unexpected key in source state_dict: conv1.bias, layer1.0.conv1.bias, layer1.0.conv2.bias, layer1.0.conv3.bias, layer1.0.downsample.0.bias, layer1.1.conv1.bias, layer1.1.conv2.bias, layer1.1.conv3.bias, layer1.2.conv1.bias, layer1.2.conv2.bias, layer1.2.conv3.bias, layer2.0.conv1.bias, layer2.0.conv2.bias, layer2.0.conv3.bias, layer2.0.downsample.0.bias, layer2.1.conv1.bias, layer2.1.conv2.bias, layer2.1.conv3.bias, layer2.2.conv1.bias, layer2.2.conv2.bias, layer2.2.conv3.bias, layer2.3.conv1.bias, layer2.3.conv2.bias, layer2.3.conv3.bias, layer3.0.conv1.bias, layer3.0.conv2.bias, layer3.0.conv3.bias, layer3.0.downsample.0.bias, layer3.1.conv1.bias, layer3.1.conv2.bias, layer3.1.conv3.bias, layer3.2.conv1.bias, layer3.2.conv2.bias, layer3.2.conv3.bias, layer3.3.conv1.bias, layer3.3.conv2.bias, layer3.3.conv3.bias, layer3.4.conv1.bias, layer3.4.conv2.bias, layer3.4.conv3.bias, layer3.5.conv1.bias, layer3.5.conv2.bias, layer3.5.conv3.bias, layer4.0.conv1.bias, layer4.0.conv2.bias, layer4.0.conv3.bias, layer4.0.downsample.0.bias, layer4.1.conv1.bias, layer4.1.conv2.bias, layer4.1.conv3.bias, layer4.2.conv1.bias, layer4.2.conv2.bias, layer4.2.conv3.bias

2020-10-17 10:40:53,780 - mmdet - INFO - Start running, host: root@c29bb9d22aa7, work_dir: /root/userfolder/mmdetection/work_dirs/fcos_r50_caffe_fpn_gn-head_mstrain_640-800_4x4_2x_coco
2020-10-17 10:40:53,780 - mmdet - INFO - workflow: [('train', 1)], max: 24 epochs
2020-10-17 10:41:42,274 - mmdet - INFO - Epoch [1][50/938]	lr: 3.333e-03, eta: 6:02:52, time: 0.969, data_time: 0.425, memory: 6007, loss_cls: 0.8733, loss_bbox: 1.5657, loss_centerness: 0.6531, loss: 3.0921, grad_norm: 16.4350
2020-10-17 10:42:08,951 - mmdet - INFO - Epoch [1][100/938]	lr: 3.333e-03, eta: 4:40:46, time: 0.534, data_time: 0.029, memory: 6011, loss_cls: 0.6433, loss_bbox: 0.7700, loss_centerness: 0.6360, loss: 2.0493, grad_norm: 5.6765
2020-10-17 10:42:35,364 - mmdet - INFO - Epoch [1][150/938]	lr: 3.333e-03, eta: 4:12:22, time: 0.528, data_time: 0.026, memory: 6018, loss_cls: 0.5938, loss_bbox: 0.6654, loss_centerness: 0.6166, loss: 1.8759, grad_norm: 6.3094
2020-10-17 10:43:01,718 - mmdet - INFO - Epoch [1][200/938]	lr: 3.333e-03, eta: 3:57:50, time: 0.527, data_time: 0.027, memory: 6018, loss_cls: 0.5459, loss_bbox: 0.6052, loss_centerness: 0.6133, loss: 1.7644, grad_norm: 5.4194
2020-10-17 10:43:28,004 - mmdet - INFO - Epoch [1][250/938]	lr: 3.333e-03, eta: 3:48:52, time: 0.526, data_time: 0.027, memory: 6024, loss_cls: 0.5160, loss_bbox: 0.5892, loss_centerness: 0.6069, loss: 1.7120, grad_norm: 5.7232
2020-10-17 10:43:54,173 - mmdet - INFO - Epoch [1][300/938]	lr: 3.333e-03, eta: 3:42:35, time: 0.523, data_time: 0.024, memory: 6024, loss_cls: 0.5114, loss_bbox: 0.6016, loss_centerness: 0.6040, loss: 1.7171, grad_norm: 7.0347
2020-10-17 10:44:20,303 - mmdet - INFO - Epoch [1][350/938]	lr: 3.333e-03, eta: 3:37:56, time: 0.523, data_time: 0.023, memory: 6024, loss_cls: 0.4934, loss_bbox: 0.5669, loss_centerness: 0.6018, loss: 1.6621, grad_norm: 5.9777
2020-10-17 10:44:46,302 - mmdet - INFO - Epoch [1][400/938]	lr: 3.333e-03, eta: 3:34:13, time: 0.520, data_time: 0.021, memory: 6024, loss_cls: 0.4762, loss_bbox: 0.5341, loss_centerness: 0.5986, loss: 1.6088, grad_norm: 5.0372
2020-10-17 10:45:12,465 - mmdet - INFO - Epoch [1][450/938]	lr: 3.333e-03, eta: 3:31:21, time: 0.523, data_time: 0.022, memory: 6024, loss_cls: 0.4619, loss_bbox: 0.5331, loss_centerness: 0.5996, loss: 1.5946, grad_norm: 5.2693
2020-10-17 10:45:38,763 - mmdet - INFO - Epoch [1][500/938]	lr: 3.333e-03, eta: 3:29:05, time: 0.526, data_time: 0.024, memory: 6024, loss_cls: 0.4558, loss_bbox: 0.5086, loss_centerness: 0.5985, loss: 1.5629, grad_norm: 4.7672
2020-10-17 10:46:04,829 - mmdet - INFO - Epoch [1][550/938]	lr: 1.000e-02, eta: 3:27:00, time: 0.521, data_time: 0.022, memory: 6024, loss_cls: 0.4959, loss_bbox: 0.8122, loss_centerness: 0.6021, loss: 1.9101, grad_norm: 8.6443
2020-10-17 10:46:30,983 - mmdet - INFO - Epoch [1][600/938]	lr: 1.000e-02, eta: 3:25:14, time: 0.523, data_time: 0.024, memory: 6024, loss_cls: 0.4803, loss_bbox: 0.8552, loss_centerness: 0.5991, loss: 1.9346, grad_norm: 8.7817
2020-10-17 10:46:57,130 - mmdet - INFO - Epoch [1][650/938]	lr: 1.000e-02, eta: 3:23:40, time: 0.523, data_time: 0.022, memory: 6024, loss_cls: 0.4830, loss_bbox: 0.6759, loss_centerness: 0.6019, loss: 1.7607, grad_norm: 7.6093
2020-10-17 10:47:23,232 - mmdet - INFO - Epoch [1][700/938]	lr: 1.000e-02, eta: 3:22:14, time: 0.522, data_time: 0.023, memory: 6024, loss_cls: 0.4539, loss_bbox: 0.5821, loss_centerness: 0.5970, loss: 1.6330, grad_norm: 6.4666
2020-10-17 10:47:49,245 - mmdet - INFO - Epoch [1][750/938]	lr: 1.000e-02, eta: 3:20:54, time: 0.520, data_time: 0.023, memory: 6024, loss_cls: 0.4396, loss_bbox: 0.8107, loss_centerness: 0.5965, loss: 1.8468, grad_norm: 7.5485
2020-10-17 10:48:15,277 - mmdet - INFO - Epoch [1][800/938]	lr: 1.000e-02, eta: 3:19:41, time: 0.521, data_time: 0.022, memory: 6024, loss_cls: 0.4307, loss_bbox: 0.5150, loss_centerness: 0.5929, loss: 1.5386, grad_norm: 5.1207
2020-10-17 10:48:41,348 - mmdet - INFO - Epoch [1][850/938]	lr: 1.000e-02, eta: 3:18:35, time: 0.521, data_time: 0.023, memory: 6024, loss_cls: 0.4377, loss_bbox: 0.5517, loss_centerness: 0.5923, loss: 1.5818, grad_norm: 6.4825
2020-10-17 10:49:07,472 - mmdet - INFO - Epoch [1][900/938]	lr: 1.000e-02, eta: 3:17:34, time: 0.523, data_time: 0.021, memory: 6024, loss_cls: 0.4156, loss_bbox: 0.5213, loss_centerness: 0.5919, loss: 1.5288, grad_norm: 6.0601
2020-10-17 10:49:29,345 - mmdet - INFO - Saving checkpoint at 1 epochs
2020-10-17 10:51:43,907 - mmdet - INFO - Evaluating bbox...
2020-10-17 10:54:05,528 - mmdet - INFO - Exp name: fcos_r50_caffe_fpn_gn-head_mstrain_640-800_4x4_2x_coco.py
2020-10-17 10:54:05,529 - mmdet - INFO - Epoch(val) [1][938]	bbox_mAP: 0.0980, bbox_mAP_50: 0.2400, bbox_mAP_75: 0.0580, bbox_mAP_s: -1.0000, bbox_mAP_m: 0.0120, bbox_mAP_l: 0.1080, bbox_mAP_copypaste: 0.098 0.240 0.058 -1.000 0.012 0.108
2020-10-17 10:54:49,289 - mmdet - INFO - Epoch [2][50/938]	lr: 1.000e-02, eta: 3:15:07, time: 0.874, data_time: 0.369, memory: 6024, loss_cls: 0.4068, loss_bbox: 0.5188, loss_centerness: 0.5909, loss: 1.5165, grad_norm: 6.0811
2020-10-17 10:55:16,122 - mmdet - INFO - Epoch [2][100/938]	lr: 1.000e-02, eta: 3:14:32, time: 0.537, data_time: 0.031, memory: 6024, loss_cls: 0.4187, loss_bbox: 0.5358, loss_centerness: 0.5913, loss: 1.5458, grad_norm: 6.2850
2020-10-17 10:55:42,881 - mmdet - INFO - Epoch [2][150/938]	lr: 1.000e-02, eta: 3:13:57, time: 0.535, data_time: 0.030, memory: 6024, loss_cls: 0.4044, loss_bbox: 0.4512, loss_centerness: 0.5919, loss: 1.4476, grad_norm: 5.1718
2020-10-17 10:56:09,520 - mmdet - INFO - Epoch [2][200/938]	lr: 1.000e-02, eta: 3:13:20, time: 0.533, data_time: 0.029, memory: 6024, loss_cls: 0.4138, loss_bbox: 0.4678, loss_centerness: 0.5907, loss: 1.4723, grad_norm: 5.3282
2020-10-17 10:56:36,218 - mmdet - INFO - Epoch [2][250/938]	lr: 1.000e-02, eta: 3:12:45, time: 0.534, data_time: 0.028, memory: 6024, loss_cls: 0.3999, loss_bbox: 0.4403, loss_centerness: 0.5904, loss: 1.4306, grad_norm: 5.0276
2020-10-17 10:57:02,552 - mmdet - INFO - Epoch [2][300/938]	lr: 1.000e-02, eta: 3:12:04, time: 0.527, data_time: 0.026, memory: 6024, loss_cls: 0.3976, loss_bbox: 0.4472, loss_centerness: 0.5899, loss: 1.4347, grad_norm: 5.1381
2020-10-17 10:57:28,723 - mmdet - INFO - Epoch [2][350/938]	lr: 1.000e-02, eta: 3:11:22, time: 0.523, data_time: 0.023, memory: 6024, loss_cls: 0.3897, loss_bbox: 0.4263, loss_centerness: 0.5887, loss: 1.4047, grad_norm: 4.7576
2020-10-17 10:57:54,872 - mmdet - INFO - Epoch [2][400/938]	lr: 1.000e-02, eta: 3:10:41, time: 0.523, data_time: 0.023, memory: 6024, loss_cls: 0.3912, loss_bbox: 0.4298, loss_centerness: 0.5882, loss: 1.4092, grad_norm: 5.2430
2020-10-17 10:58:20,952 - mmdet - INFO - Epoch [2][450/938]	lr: 1.000e-02, eta: 3:10:00, time: 0.522, data_time: 0.023, memory: 6024, loss_cls: 0.3800, loss_bbox: 0.5090, loss_centerness: 0.5885, loss: 1.4776, grad_norm: 6.0512
2020-10-17 10:58:47,062 - mmdet - INFO - Epoch [2][500/938]	lr: 1.000e-02, eta: 3:09:20, time: 0.522, data_time: 0.024, memory: 6024, loss_cls: 0.3865, loss_bbox: 0.4600, loss_centerness: 0.5880, loss: 1.4345, grad_norm: 5.3159
2020-10-17 10:59:13,218 - mmdet - INFO - Epoch [2][550/938]	lr: 1.000e-02, eta: 3:08:41, time: 0.523, data_time: 0.024, memory: 6024, loss_cls: 0.3802, loss_bbox: 0.5053, loss_centerness: 0.5884, loss: 1.4739, grad_norm: 5.7864
2020-10-17 10:59:39,359 - mmdet - INFO - Epoch [2][600/938]	lr: 1.000e-02, eta: 3:08:04, time: 0.523, data_time: 0.023, memory: 6024, loss_cls: 0.3730, loss_bbox: 0.4556, loss_centerness: 0.5874, loss: 1.4160, grad_norm: 5.3621
2020-10-17 11:00:05,503 - mmdet - INFO - Epoch [2][650/938]	lr: 1.000e-02, eta: 3:07:27, time: 0.523, data_time: 0.022, memory: 6024, loss_cls: 0.3865, loss_bbox: 0.4604, loss_centerness: 0.5888, loss: 1.4357, grad_norm: 5.4707
2020-10-17 11:00:31,699 - mmdet - INFO - Epoch [2][700/938]	lr: 1.000e-02, eta: 3:06:51, time: 0.524, data_time: 0.023, memory: 6024, loss_cls: 0.3772, loss_bbox: 0.4111, loss_centerness: 0.5868, loss: 1.3752, grad_norm: 4.5889
2020-10-17 11:00:57,891 - mmdet - INFO - Epoch [2][750/938]	lr: 1.000e-02, eta: 3:06:16, time: 0.524, data_time: 0.022, memory: 6024, loss_cls: 0.3725, loss_bbox: 0.3864, loss_centerness: 0.5875, loss: 1.3464, grad_norm: 3.6359
2020-10-17 11:01:24,117 - mmdet - INFO - Epoch [2][800/938]	lr: 1.000e-02, eta: 3:05:42, time: 0.524, data_time: 0.024, memory: 6024, loss_cls: 0.3684, loss_bbox: 0.4153, loss_centerness: 0.5868, loss: 1.3704, grad_norm: 4.8714
2020-10-17 11:01:50,143 - mmdet - INFO - Epoch [2][850/938]	lr: 1.000e-02, eta: 3:05:06, time: 0.520, data_time: 0.023, memory: 6024, loss_cls: 0.3617, loss_bbox: 0.4751, loss_centerness: 0.5867, loss: 1.4235, grad_norm: 5.8371
2020-10-17 11:02:16,328 - mmdet - INFO - Epoch [2][900/938]	lr: 1.000e-02, eta: 3:04:33, time: 0.524, data_time: 0.024, memory: 6024, loss_cls: 0.3729, loss_bbox: 0.4044, loss_centerness: 0.5858, loss: 1.3632, grad_norm: 4.5141
2020-10-17 11:02:38,140 - mmdet - INFO - Saving checkpoint at 2 epochs
2020-10-17 11:04:49,088 - mmdet - INFO - Evaluating bbox...
2020-10-17 11:07:07,374 - mmdet - INFO - Exp name: fcos_r50_caffe_fpn_gn-head_mstrain_640-800_4x4_2x_coco.py
2020-10-17 11:07:07,374 - mmdet - INFO - Epoch(val) [2][938]	bbox_mAP: 0.1470, bbox_mAP_50: 0.3180, bbox_mAP_75: 0.1140, bbox_mAP_s: -1.0000, bbox_mAP_m: 0.0270, bbox_mAP_l: 0.1590, bbox_mAP_copypaste: 0.147 0.318 0.114 -1.000 0.027 0.159
2020-10-17 11:07:52,942 - mmdet - INFO - Epoch [3][50/938]	lr: 1.000e-02, eta: 3:03:28, time: 0.911, data_time: 0.399, memory: 6024, loss_cls: 0.3599, loss_bbox: 0.3795, loss_centerness: 0.5869, loss: 1.3264, grad_norm: 3.6380
2020-10-17 11:08:21,663 - mmdet - INFO - Epoch [3][100/938]	lr: 1.000e-02, eta: 3:03:22, time: 0.575, data_time: 0.060, memory: 6024, loss_cls: 0.3614, loss_bbox: 0.3730, loss_centerness: 0.5842, loss: 1.3185, grad_norm: 3.9659
2020-10-17 11:08:50,275 - mmdet - INFO - Epoch [3][150/938]	lr: 1.000e-02, eta: 3:03:14, time: 0.572, data_time: 0.057, memory: 6024, loss_cls: 0.3591, loss_bbox: 0.5010, loss_centerness: 0.5843, loss: 1.4445, grad_norm: 5.8863
2020-10-17 11:09:18,891 - mmdet - INFO - Epoch [3][200/938]	lr: 1.000e-02, eta: 3:03:05, time: 0.572, data_time: 0.055, memory: 6024, loss_cls: 0.3545, loss_bbox: 0.4539, loss_centerness: 0.5857, loss: 1.3941, grad_norm: 5.3034
2020-10-17 11:09:47,565 - mmdet - INFO - Epoch [3][250/938]	lr: 1.000e-02, eta: 3:02:55, time: 0.573, data_time: 0.056, memory: 6024, loss_cls: 0.3548, loss_bbox: 0.3840, loss_centerness: 0.5839, loss: 1.3226, grad_norm: 3.7893
2020-10-17 11:10:16,226 - mmdet - INFO - Epoch [3][300/938]	lr: 1.000e-02, eta: 3:02:44, time: 0.573, data_time: 0.056, memory: 6024, loss_cls: 0.3513, loss_bbox: 0.3930, loss_centerness: 0.5837, loss: 1.3280, grad_norm: 4.2735
2020-10-17 11:10:45,021 - mmdet - INFO - Epoch [3][350/938]	lr: 1.000e-02, eta: 3:02:34, time: 0.576, data_time: 0.051, memory: 6024, loss_cls: 0.3542, loss_bbox: 0.3721, loss_centerness: 0.5842, loss: 1.3105, grad_norm: 3.8063
2020-10-17 11:11:14,499 - mmdet - INFO - Epoch [3][400/938]	lr: 1.000e-02, eta: 3:02:29, time: 0.590, data_time: 0.056, memory: 6024, loss_cls: 0.3584, loss_bbox: 0.4052, loss_centerness: 0.5853, loss: 1.3489, grad_norm: 4.6409
2020-10-17 11:11:42,944 - mmdet - INFO - Epoch [3][450/938]	lr: 1.000e-02, eta: 3:02:14, time: 0.569, data_time: 0.049, memory: 6024, loss_cls: 0.3556, loss_bbox: 0.3619, loss_centerness: 0.5852, loss: 1.3026, grad_norm: 3.4802
2020-10-17 11:12:11,165 - mmdet - INFO - Epoch [3][500/938]	lr: 1.000e-02, eta: 3:01:57, time: 0.564, data_time: 0.050, memory: 6024, loss_cls: 0.3535, loss_bbox: 0.3691, loss_centerness: 0.5849, loss: 1.3075, grad_norm: 3.8236
2020-10-17 11:12:39,143 - mmdet - INFO - Epoch [3][550/938]	lr: 1.000e-02, eta: 3:01:37, time: 0.560, data_time: 0.045, memory: 6024, loss_cls: 0.3579, loss_bbox: 0.3550, loss_centerness: 0.5836, loss: 1.2965, grad_norm: 3.3226
2020-10-17 11:13:07,076 - mmdet - INFO - Epoch [3][600/938]	lr: 1.000e-02, eta: 3:01:16, time: 0.559, data_time: 0.047, memory: 6024, loss_cls: 0.3545, loss_bbox: 0.4084, loss_centerness: 0.5852, loss: 1.3481, grad_norm: 4.8219
2020-10-17 11:13:34,988 - mmdet - INFO - Epoch [3][650/938]	lr: 1.000e-02, eta: 3:00:55, time: 0.558, data_time: 0.047, memory: 6029, loss_cls: 0.3489, loss_bbox: 0.3965, loss_centerness: 0.5856, loss: 1.3311, grad_norm: 4.4995
2020-10-17 11:14:02,953 - mmdet - INFO - Epoch [3][700/938]	lr: 1.000e-02, eta: 3:00:34, time: 0.559, data_time: 0.048, memory: 6029, loss_cls: 0.3466, loss_bbox: 0.3534, loss_centerness: 0.5844, loss: 1.2844, grad_norm: 3.3402
2020-10-17 11:14:30,890 - mmdet - INFO - Epoch [3][750/938]	lr: 1.000e-02, eta: 3:00:13, time: 0.559, data_time: 0.049, memory: 6029, loss_cls: 0.3356, loss_bbox: 0.3486, loss_centerness: 0.5826, loss: 1.2668, grad_norm: 3.2193
2020-10-17 11:14:58,765 - mmdet - INFO - Epoch [3][800/938]	lr: 1.000e-02, eta: 2:59:51, time: 0.558, data_time: 0.047, memory: 6029, loss_cls: 0.3440, loss_bbox: 0.3493, loss_centerness: 0.5835, loss: 1.2768, grad_norm: 3.3958
2020-10-17 11:15:26,654 - mmdet - INFO - Epoch [3][850/938]	lr: 1.000e-02, eta: 2:59:28, time: 0.558, data_time: 0.046, memory: 6029, loss_cls: 0.3471, loss_bbox: 0.4144, loss_centerness: 0.5847, loss: 1.3462, grad_norm: 4.9797
2020-10-17 11:15:54,710 - mmdet - INFO - Epoch [3][900/938]	lr: 1.000e-02, eta: 2:59:07, time: 0.561, data_time: 0.050, memory: 6029, loss_cls: 0.3449, loss_bbox: 0.3759, loss_centerness: 0.5851, loss: 1.3060, grad_norm: 4.1821
2020-10-17 11:16:17,732 - mmdet - INFO - Saving checkpoint at 3 epochs
