2021-05-10 12:13:14,164 - mmdet - INFO - Environment info:
------------------------------------------------------------
sys.platform: linux
Python: 3.7.9 (default, Aug 31 2020, 12:42:55) [GCC 7.3.0]
CUDA available: True
GPU 0,1,2,3,4,5,6,7: GeForce RTX 2080 Ti
CUDA_HOME: None
GCC: gcc (GCC) 4.8.5 20150623 (Red Hat 4.8.5-44)
PyTorch: 1.6.0
PyTorch compiling details: PyTorch built with:
  - GCC 7.3
  - C++ Version: 201402
  - Intel(R) Math Kernel Library Version 2020.0.2 Product Build 20200624 for Intel(R) 64 architecture applications
  - Intel(R) MKL-DNN v1.5.0 (Git Hash e2ac1fac44c5078ca927cb9b90e1b3066a0b2ed0)
  - OpenMP 201511 (a.k.a. OpenMP 4.5)
  - NNPACK is enabled
  - CPU capability usage: AVX2
  - CUDA Runtime 10.2
  - NVCC architecture flags: -gencode;arch=compute_37,code=sm_37;-gencode;arch=compute_50,code=sm_50;-gencode;arch=compute_60,code=sm_60;-gencode;arch=compute_61,code=sm_61;-gencode;arch=compute_70,code=sm_70;-gencode;arch=compute_75,code=sm_75;-gencode;arch=compute_37,code=compute_37
  - CuDNN 7.6.5
  - Magma 2.5.2
  - Build settings: BLAS=MKL, BUILD_TYPE=Release, CXX_FLAGS= -Wno-deprecated -fvisibility-inlines-hidden -DUSE_PTHREADPOOL -fopenmp -DNDEBUG -DUSE_FBGEMM -DUSE_QNNPACK -DUSE_PYTORCH_QNNPACK -DUSE_XNNPACK -DUSE_VULKAN_WRAPPER -O2 -fPIC -Wno-narrowing -Wall -Wextra -Werror=return-type -Wno-missing-field-initializers -Wno-type-limits -Wno-array-bounds -Wno-unknown-pragmas -Wno-sign-compare -Wno-unused-parameter -Wno-unused-variable -Wno-unused-function -Wno-unused-result -Wno-unused-local-typedefs -Wno-strict-overflow -Wno-strict-aliasing -Wno-error=deprecated-declarations -Wno-stringop-overflow -Wno-error=pedantic -Wno-error=redundant-decls -Wno-error=old-style-cast -fdiagnostics-color=always -faligned-new -Wno-unused-but-set-variable -Wno-maybe-uninitialized -fno-math-errno -fno-trapping-math -Werror=format -Wno-stringop-overflow, PERF_WITH_AVX=1, PERF_WITH_AVX2=1, PERF_WITH_AVX512=1, USE_CUDA=ON, USE_EXCEPTION_PTR=1, USE_GFLAGS=OFF, USE_GLOG=OFF, USE_MKL=ON, USE_MKLDNN=ON, USE_MPI=OFF, USE_NCCL=ON, USE_NNPACK=ON, USE_OPENMP=ON, USE_STATIC_DISPATCH=OFF, 

TorchVision: 0.7.0
OpenCV: 4.4.0
MMCV: 1.3.3
MMCV Compiler: GCC 7.3
MMCV CUDA Compiler: 10.2
MMDetection: 2.12.0+
------------------------------------------------------------

2021-05-10 12:13:14,578 - mmdet - INFO - Distributed training: True
2021-05-10 12:13:14,913 - mmdet - INFO - Config:
model = dict(
    type='FasterRCNN',
    pretrained=
    'work_dirs/ipth/imagenet_resnet50_carafed_3_kernelexp_pretrained_ep90.pth',
    backbone=dict(
        type='ResNet_carafed_3_kernelexp',
        depth=50,
        num_stages=4,
        out_indices=(0, 1, 2, 3),
        frozen_stages=1,
        norm_cfg=dict(type='BN', requires_grad=True),
        norm_eval=True,
        style='pytorch'),
    neck=dict(
        type='FPN_CARAFE_3_kernelexp',
        in_channels=[256, 512, 1024, 2048],
        out_channels=256,
        num_outs=5,
        upsample_cfg=dict(
            type='carafe',
            up_kernel=5,
            up_group=1,
            encoder_kernel=3,
            encoder_dilation=1,
            compressed_channels=64)),
    rpn_head=dict(
        type='RPNHead',
        in_channels=256,
        feat_channels=256,
        anchor_generator=dict(
            type='AnchorGenerator',
            scales=[8],
            ratios=[0.5, 1.0, 2.0],
            strides=[4, 8, 16, 32, 64]),
        bbox_coder=dict(
            type='DeltaXYWHBBoxCoder',
            target_means=[0.0, 0.0, 0.0, 0.0],
            target_stds=[1.0, 1.0, 1.0, 1.0]),
        loss_cls=dict(
            type='CrossEntropyLoss', use_sigmoid=True, loss_weight=1.0),
        loss_bbox=dict(type='L1Loss', loss_weight=1.0)),
    roi_head=dict(
        type='StandardRoIHead',
        bbox_roi_extractor=dict(
            type='SingleRoIExtractor',
            roi_layer=dict(type='RoIAlign', output_size=7, sampling_ratio=0),
            out_channels=256,
            featmap_strides=[4, 8, 16, 32]),
        bbox_head=dict(
            type='Shared2FCBBoxHead',
            in_channels=256,
            fc_out_channels=1024,
            roi_feat_size=7,
            num_classes=80,
            bbox_coder=dict(
                type='DeltaXYWHBBoxCoder',
                target_means=[0.0, 0.0, 0.0, 0.0],
                target_stds=[0.1, 0.1, 0.2, 0.2]),
            reg_class_agnostic=False,
            loss_cls=dict(
                type='CrossEntropyLoss', use_sigmoid=False, loss_weight=1.0),
            loss_bbox=dict(type='L1Loss', loss_weight=1.0))))
train_cfg = dict(
    rpn=dict(
        assigner=dict(
            type='MaxIoUAssigner',
            pos_iou_thr=0.7,
            neg_iou_thr=0.3,
            min_pos_iou=0.3,
            match_low_quality=True,
            ignore_iof_thr=-1),
        sampler=dict(
            type='RandomSampler',
            num=256,
            pos_fraction=0.5,
            neg_pos_ub=-1,
            add_gt_as_proposals=False),
        allowed_border=-1,
        pos_weight=-1,
        debug=False),
    rpn_proposal=dict(
        nms_across_levels=False,
        nms_pre=2000,
        nms_post=1000,
        max_num=1000,
        nms_thr=0.7,
        min_bbox_size=0),
    rcnn=dict(
        assigner=dict(
            type='MaxIoUAssigner',
            pos_iou_thr=0.5,
            neg_iou_thr=0.5,
            min_pos_iou=0.5,
            match_low_quality=False,
            ignore_iof_thr=-1),
        sampler=dict(
            type='RandomSampler',
            num=512,
            pos_fraction=0.25,
            neg_pos_ub=-1,
            add_gt_as_proposals=True),
        pos_weight=-1,
        debug=False))
test_cfg = dict(
    rpn=dict(
        nms_across_levels=False,
        nms_pre=1000,
        nms_post=1000,
        max_num=1000,
        nms_thr=0.7,
        min_bbox_size=0),
    rcnn=dict(
        score_thr=0.05,
        nms=dict(type='nms', iou_threshold=0.5),
        max_per_img=100))
dataset_type = 'CocoDataset'
data_root = '../data/coco/'
annotations_root = '../data/coco/annotations/'
image_root = '../data/coco/'
img_scale = (1333, 800)
img_norm_cfg = dict(
    mean=[123.675, 116.28, 103.53], std=[58.395, 57.12, 57.375], to_rgb=True)
train_pipeline = [
    dict(type='LoadImageFromFile'),
    dict(type='LoadAnnotations', with_bbox=True),
    dict(type='Resize', img_scale=(1333, 800), keep_ratio=True),
    dict(type='RandomFlip', flip_ratio=0.5),
    dict(
        type='Normalize',
        mean=[123.675, 116.28, 103.53],
        std=[58.395, 57.12, 57.375],
        to_rgb=True),
    dict(type='Pad', size_divisor=32),
    dict(type='DefaultFormatBundle'),
    dict(type='Collect', keys=['img', 'gt_bboxes', 'gt_labels'])
]
test_pipeline = [
    dict(type='LoadImageFromFile'),
    dict(
        type='MultiScaleFlipAug',
        img_scale=(1333, 800),
        flip=False,
        transforms=[
            dict(type='Resize', keep_ratio=True),
            dict(type='RandomFlip'),
            dict(
                type='Normalize',
                mean=[123.675, 116.28, 103.53],
                std=[58.395, 57.12, 57.375],
                to_rgb=True),
            dict(type='Pad', size_divisor=32),
            dict(type='ImageToTensor', keys=['img']),
            dict(type='Collect', keys=['img'])
        ])
]
data = dict(
    samples_per_gpu=2,
    workers_per_gpu=0,
    train=dict(
        type='CocoDataset',
        ann_file='../data/coco/annotations/instances_train2017.json',
        img_prefix='../data/coco/train2017',
        pipeline=[
            dict(type='LoadImageFromFile'),
            dict(type='LoadAnnotations', with_bbox=True),
            dict(type='Resize', img_scale=(1333, 800), keep_ratio=True),
            dict(type='RandomFlip', flip_ratio=0.5),
            dict(
                type='Normalize',
                mean=[123.675, 116.28, 103.53],
                std=[58.395, 57.12, 57.375],
                to_rgb=True),
            dict(type='Pad', size_divisor=32),
            dict(type='DefaultFormatBundle'),
            dict(type='Collect', keys=['img', 'gt_bboxes', 'gt_labels'])
        ]),
    val=dict(
        type='CocoDataset',
        ann_file='../data/coco/annotations/instances_val2017.json',
        img_prefix='../data/coco/val2017',
        pipeline=[
            dict(type='LoadImageFromFile'),
            dict(
                type='MultiScaleFlipAug',
                img_scale=(1333, 800),
                flip=False,
                transforms=[
                    dict(type='Resize', keep_ratio=True),
                    dict(type='RandomFlip'),
                    dict(
                        type='Normalize',
                        mean=[123.675, 116.28, 103.53],
                        std=[58.395, 57.12, 57.375],
                        to_rgb=True),
                    dict(type='Pad', size_divisor=32),
                    dict(type='ImageToTensor', keys=['img']),
                    dict(type='Collect', keys=['img'])
                ])
        ]),
    test=dict(
        type='CocoDataset',
        ann_file='../data/coco/annotations/image_info_test-dev2017.json',
        img_prefix='../data/coco/test2017/',
        pipeline=[
            dict(type='LoadImageFromFile'),
            dict(
                type='MultiScaleFlipAug',
                img_scale=(1333, 800),
                flip=False,
                transforms=[
                    dict(type='Resize', keep_ratio=True),
                    dict(type='RandomFlip'),
                    dict(
                        type='Normalize',
                        mean=[123.675, 116.28, 103.53],
                        std=[58.395, 57.12, 57.375],
                        to_rgb=True),
                    dict(type='Pad', size_divisor=32),
                    dict(type='ImageToTensor', keys=['img']),
                    dict(type='Collect', keys=['img'])
                ])
        ]))
evaluation = dict(interval=1, metric='bbox')
optimizer = dict(type='SGD', lr=0.02, momentum=0.9, weight_decay=0.0001)
optimizer_config = dict(grad_clip=None)
lr_config = dict(
    policy='step',
    warmup='linear',
    warmup_iters=500,
    warmup_ratio=0.001,
    step=[8, 11])
runner = dict(type='EpochBasedRunner', max_epochs=12)
checkpoint_config = dict(interval=1)
log_config = dict(interval=50, hooks=[dict(type='TextLoggerHook')])
custom_hooks = [dict(type='NumClassCheckHook')]
dist_params = dict(backend='nccl')
log_level = 'INFO'
load_from = None
resume_from = None
workflow = [('train', 1)]
work_dir = './work_dirs/carafepp_coco_faster_r50_1x_3_kernelexp'
gpu_ids = range(0, 8)

2021-05-10 12:13:43,021 - mmdet - INFO - Start running, host: lishengqi_0902170602@node06, work_dir: /home/lishengqi_0902170602/container/mmdetection/work_dirs/carafepp_coco_faster_r50_1x_3_kernelexp
2021-05-10 12:13:43,021 - mmdet - INFO - workflow: [('train', 1)], max: 12 epochs
2021-05-10 12:14:25,202 - mmdet - INFO - Epoch [1][50/7330]	lr: 1.978e-03, eta: 20:34:56, time: 0.843, data_time: 0.293, memory: 8826, loss_rpn_cls: 0.4773, loss_rpn_bbox: 0.1036, loss_cls: 1.1436, acc: 87.4207, loss_bbox: 0.1383, loss: 1.8628
2021-05-10 12:15:01,133 - mmdet - INFO - Epoch [1][100/7330]	lr: 3.976e-03, eta: 19:03:02, time: 0.718, data_time: 0.208, memory: 8826, loss_rpn_cls: 0.2557, loss_rpn_bbox: 0.0942, loss_cls: 0.4872, acc: 94.7979, loss_bbox: 0.1914, loss: 1.0284
2021-05-10 12:15:37,657 - mmdet - INFO - Epoch [1][150/7330]	lr: 5.974e-03, eta: 18:38:17, time: 0.731, data_time: 0.219, memory: 8826, loss_rpn_cls: 0.2198, loss_rpn_bbox: 0.0926, loss_cls: 0.4559, acc: 94.4143, loss_bbox: 0.2008, loss: 0.9691
2021-05-10 12:16:13,425 - mmdet - INFO - Epoch [1][200/7330]	lr: 7.972e-03, eta: 18:19:32, time: 0.715, data_time: 0.207, memory: 8826, loss_rpn_cls: 0.2021, loss_rpn_bbox: 0.0963, loss_cls: 0.4573, acc: 93.9482, loss_bbox: 0.2166, loss: 0.9723
2021-05-10 12:16:49,400 - mmdet - INFO - Epoch [1][250/7330]	lr: 9.970e-03, eta: 18:09:41, time: 0.720, data_time: 0.201, memory: 8826, loss_rpn_cls: 0.1649, loss_rpn_bbox: 0.0976, loss_cls: 0.4436, acc: 93.3804, loss_bbox: 0.2357, loss: 0.9418
2021-05-10 12:17:25,289 - mmdet - INFO - Epoch [1][300/7330]	lr: 1.197e-02, eta: 18:02:20, time: 0.718, data_time: 0.200, memory: 8826, loss_rpn_cls: 0.1343, loss_rpn_bbox: 0.0919, loss_cls: 0.4500, acc: 92.8657, loss_bbox: 0.2581, loss: 0.9343
2021-05-10 12:18:00,466 - mmdet - INFO - Epoch [1][350/7330]	lr: 1.397e-02, eta: 17:53:48, time: 0.703, data_time: 0.213, memory: 8826, loss_rpn_cls: 0.1282, loss_rpn_bbox: 0.0894, loss_cls: 0.4393, acc: 93.0913, loss_bbox: 0.2528, loss: 0.9097
2021-05-10 12:18:34,841 - mmdet - INFO - Epoch [1][400/7330]	lr: 1.596e-02, eta: 17:44:30, time: 0.688, data_time: 0.195, memory: 8826, loss_rpn_cls: 0.1306, loss_rpn_bbox: 0.0911, loss_cls: 0.4690, acc: 92.1394, loss_bbox: 0.2880, loss: 0.9787
2021-05-10 12:19:08,976 - mmdet - INFO - Epoch [1][450/7330]	lr: 1.796e-02, eta: 17:36:22, time: 0.683, data_time: 0.191, memory: 8826, loss_rpn_cls: 0.1161, loss_rpn_bbox: 0.0881, loss_cls: 0.4710, acc: 91.6885, loss_bbox: 0.3113, loss: 0.9866
2021-05-10 12:19:44,042 - mmdet - INFO - Epoch [1][500/7330]	lr: 1.996e-02, eta: 17:32:22, time: 0.701, data_time: 0.193, memory: 8826, loss_rpn_cls: 0.1115, loss_rpn_bbox: 0.0866, loss_cls: 0.4937, acc: 91.0483, loss_bbox: 0.3376, loss: 1.0294
2021-05-10 12:20:18,515 - mmdet - INFO - Epoch [1][550/7330]	lr: 2.000e-02, eta: 17:27:25, time: 0.689, data_time: 0.195, memory: 8826, loss_rpn_cls: 0.1075, loss_rpn_bbox: 0.0834, loss_cls: 0.5084, acc: 90.7048, loss_bbox: 0.3460, loss: 1.0453
2021-05-10 12:20:54,193 - mmdet - INFO - Epoch [1][600/7330]	lr: 2.000e-02, eta: 17:26:11, time: 0.714, data_time: 0.203, memory: 8826, loss_rpn_cls: 0.1021, loss_rpn_bbox: 0.0835, loss_cls: 0.4920, acc: 90.5073, loss_bbox: 0.3606, loss: 1.0382
2021-05-10 12:21:29,256 - mmdet - INFO - Epoch [1][650/7330]	lr: 2.000e-02, eta: 17:23:36, time: 0.701, data_time: 0.210, memory: 8826, loss_rpn_cls: 0.0964, loss_rpn_bbox: 0.0867, loss_cls: 0.4750, acc: 90.3235, loss_bbox: 0.3673, loss: 1.0254
2021-05-10 12:22:04,034 - mmdet - INFO - Epoch [1][700/7330]	lr: 2.000e-02, eta: 17:20:49, time: 0.696, data_time: 0.200, memory: 8826, loss_rpn_cls: 0.0888, loss_rpn_bbox: 0.0846, loss_cls: 0.4696, acc: 89.6746, loss_bbox: 0.3866, loss: 1.0296
2021-05-10 12:22:38,826 - mmdet - INFO - Epoch [1][750/7330]	lr: 2.000e-02, eta: 17:18:16, time: 0.695, data_time: 0.206, memory: 8826, loss_rpn_cls: 0.0873, loss_rpn_bbox: 0.0841, loss_cls: 0.4535, acc: 90.0066, loss_bbox: 0.3707, loss: 0.9956
2021-05-10 12:23:11,438 - mmdet - INFO - Epoch [1][800/7330]	lr: 2.000e-02, eta: 17:12:06, time: 0.653, data_time: 0.181, memory: 8826, loss_rpn_cls: 0.0856, loss_rpn_bbox: 0.0828, loss_cls: 0.4668, acc: 89.8440, loss_bbox: 0.3733, loss: 1.0085
2021-05-10 12:23:46,378 - mmdet - INFO - Epoch [1][850/7330]	lr: 2.000e-02, eta: 17:10:29, time: 0.699, data_time: 0.198, memory: 8826, loss_rpn_cls: 0.0810, loss_rpn_bbox: 0.0798, loss_cls: 0.4326, acc: 90.2493, loss_bbox: 0.3584, loss: 0.9518
2021-05-10 12:24:20,267 - mmdet - INFO - Epoch [1][900/7330]	lr: 2.000e-02, eta: 17:07:18, time: 0.678, data_time: 0.202, memory: 8826, loss_rpn_cls: 0.0777, loss_rpn_bbox: 0.0783, loss_cls: 0.4463, acc: 89.7522, loss_bbox: 0.3778, loss: 0.9801
2021-05-10 12:24:54,589 - mmdet - INFO - Epoch [1][950/7330]	lr: 2.000e-02, eta: 17:05:02, time: 0.686, data_time: 0.196, memory: 8826, loss_rpn_cls: 0.0805, loss_rpn_bbox: 0.0761, loss_cls: 0.4590, acc: 89.8066, loss_bbox: 0.3719, loss: 0.9876
2021-05-10 12:25:29,559 - mmdet - INFO - Exp name: carafepp_coco_faster_r50_1x_3_kernelexp.py
2021-05-10 12:25:29,560 - mmdet - INFO - Epoch [1][1000/7330]	lr: 2.000e-02, eta: 17:03:54, time: 0.699, data_time: 0.189, memory: 8826, loss_rpn_cls: 0.0774, loss_rpn_bbox: 0.0769, loss_cls: 0.4202, acc: 89.8489, loss_bbox: 0.3701, loss: 0.9446
2021-05-10 12:26:03,874 - mmdet - INFO - Epoch [1][1050/7330]	lr: 2.000e-02, eta: 17:01:56, time: 0.686, data_time: 0.187, memory: 8826, loss_rpn_cls: 0.0738, loss_rpn_bbox: 0.0751, loss_cls: 0.4244, acc: 89.7754, loss_bbox: 0.3714, loss: 0.9447
2021-05-10 12:26:37,840 - mmdet - INFO - Epoch [1][1100/7330]	lr: 2.000e-02, eta: 16:59:38, time: 0.680, data_time: 0.194, memory: 8826, loss_rpn_cls: 0.0673, loss_rpn_bbox: 0.0721, loss_cls: 0.4027, acc: 89.9766, loss_bbox: 0.3685, loss: 0.9106
2021-05-10 12:27:12,969 - mmdet - INFO - Epoch [1][1150/7330]	lr: 2.000e-02, eta: 16:58:56, time: 0.703, data_time: 0.199, memory: 8826, loss_rpn_cls: 0.0709, loss_rpn_bbox: 0.0795, loss_cls: 0.4220, acc: 89.4094, loss_bbox: 0.3814, loss: 0.9537
2021-05-10 12:27:49,205 - mmdet - INFO - Epoch [1][1200/7330]	lr: 2.000e-02, eta: 16:59:34, time: 0.724, data_time: 0.212, memory: 8826, loss_rpn_cls: 0.0780, loss_rpn_bbox: 0.0807, loss_cls: 0.4154, acc: 89.5439, loss_bbox: 0.3813, loss: 0.9554
2021-05-10 12:28:24,367 - mmdet - INFO - Epoch [1][1250/7330]	lr: 2.000e-02, eta: 16:58:53, time: 0.704, data_time: 0.207, memory: 8826, loss_rpn_cls: 0.0693, loss_rpn_bbox: 0.0725, loss_cls: 0.4031, acc: 90.0525, loss_bbox: 0.3623, loss: 0.9072
2021-05-10 12:28:57,935 - mmdet - INFO - Epoch [1][1300/7330]	lr: 2.000e-02, eta: 16:56:25, time: 0.671, data_time: 0.185, memory: 8826, loss_rpn_cls: 0.0687, loss_rpn_bbox: 0.0725, loss_cls: 0.3829, acc: 90.2378, loss_bbox: 0.3514, loss: 0.8756
2021-05-10 12:29:32,645 - mmdet - INFO - Epoch [1][1350/7330]	lr: 2.000e-02, eta: 16:55:18, time: 0.694, data_time: 0.191, memory: 8826, loss_rpn_cls: 0.0782, loss_rpn_bbox: 0.0802, loss_cls: 0.4004, acc: 89.6658, loss_bbox: 0.3621, loss: 0.9208
2021-05-10 12:30:06,581 - mmdet - INFO - Epoch [1][1400/7330]	lr: 2.000e-02, eta: 16:53:27, time: 0.679, data_time: 0.188, memory: 8826, loss_rpn_cls: 0.0651, loss_rpn_bbox: 0.0713, loss_cls: 0.3791, acc: 90.2188, loss_bbox: 0.3517, loss: 0.8672
2021-05-10 12:30:42,214 - mmdet - INFO - Epoch [1][1450/7330]	lr: 2.000e-02, eta: 16:53:24, time: 0.713, data_time: 0.198, memory: 8826, loss_rpn_cls: 0.0653, loss_rpn_bbox: 0.0726, loss_cls: 0.3947, acc: 89.5259, loss_bbox: 0.3777, loss: 0.9103
2021-05-10 12:31:19,239 - mmdet - INFO - Epoch [1][1500/7330]	lr: 2.000e-02, eta: 16:54:37, time: 0.740, data_time: 0.231, memory: 8826, loss_rpn_cls: 0.0763, loss_rpn_bbox: 0.0794, loss_cls: 0.3786, acc: 90.0376, loss_bbox: 0.3560, loss: 0.8903
2021-05-10 12:31:56,062 - mmdet - INFO - Epoch [1][1550/7330]	lr: 2.000e-02, eta: 16:55:33, time: 0.737, data_time: 0.210, memory: 8826, loss_rpn_cls: 0.0639, loss_rpn_bbox: 0.0720, loss_cls: 0.3798, acc: 89.9573, loss_bbox: 0.3577, loss: 0.8734
2021-05-10 12:32:30,470 - mmdet - INFO - Epoch [1][1600/7330]	lr: 2.000e-02, eta: 16:54:11, time: 0.688, data_time: 0.187, memory: 8826, loss_rpn_cls: 0.0686, loss_rpn_bbox: 0.0746, loss_cls: 0.3754, acc: 89.9929, loss_bbox: 0.3540, loss: 0.8726
2021-05-10 12:33:07,364 - mmdet - INFO - Epoch [1][1650/7330]	lr: 2.000e-02, eta: 16:55:02, time: 0.738, data_time: 0.212, memory: 8826, loss_rpn_cls: 0.0647, loss_rpn_bbox: 0.0747, loss_cls: 0.3643, acc: 90.3032, loss_bbox: 0.3447, loss: 0.8484
2021-05-10 12:33:42,521 - mmdet - INFO - Epoch [1][1700/7330]	lr: 2.000e-02, eta: 16:54:21, time: 0.703, data_time: 0.208, memory: 8826, loss_rpn_cls: 0.0680, loss_rpn_bbox: 0.0689, loss_cls: 0.3769, acc: 90.0396, loss_bbox: 0.3509, loss: 0.8647
2021-05-10 12:34:18,802 - mmdet - INFO - Epoch [1][1750/7330]	lr: 2.000e-02, eta: 16:54:35, time: 0.725, data_time: 0.204, memory: 8826, loss_rpn_cls: 0.0697, loss_rpn_bbox: 0.0739, loss_cls: 0.3867, acc: 89.6897, loss_bbox: 0.3605, loss: 0.8908
2021-05-10 12:34:54,167 - mmdet - INFO - Epoch [1][1800/7330]	lr: 2.000e-02, eta: 16:54:01, time: 0.707, data_time: 0.203, memory: 8826, loss_rpn_cls: 0.0644, loss_rpn_bbox: 0.0754, loss_cls: 0.3699, acc: 90.2109, loss_bbox: 0.3511, loss: 0.8607
2021-05-10 12:35:29,193 - mmdet - INFO - Epoch [1][1850/7330]	lr: 2.000e-02, eta: 16:53:14, time: 0.701, data_time: 0.198, memory: 8826, loss_rpn_cls: 0.0661, loss_rpn_bbox: 0.0737, loss_cls: 0.3796, acc: 89.7861, loss_bbox: 0.3584, loss: 0.8778
2021-05-10 12:36:04,454 - mmdet - INFO - Epoch [1][1900/7330]	lr: 2.000e-02, eta: 16:52:38, time: 0.705, data_time: 0.199, memory: 8826, loss_rpn_cls: 0.0639, loss_rpn_bbox: 0.0715, loss_cls: 0.3534, acc: 90.3591, loss_bbox: 0.3405, loss: 0.8292
2021-05-10 12:36:38,997 - mmdet - INFO - Epoch [1][1950/7330]	lr: 2.000e-02, eta: 16:51:28, time: 0.690, data_time: 0.205, memory: 8826, loss_rpn_cls: 0.0597, loss_rpn_bbox: 0.0725, loss_cls: 0.3482, acc: 90.3081, loss_bbox: 0.3410, loss: 0.8214
2021-05-10 12:37:14,375 - mmdet - INFO - Exp name: carafepp_coco_faster_r50_1x_3_kernelexp.py
2021-05-10 12:37:14,401 - mmdet - INFO - Epoch [1][2000/7330]	lr: 2.000e-02, eta: 16:50:57, time: 0.707, data_time: 0.207, memory: 8826, loss_rpn_cls: 0.0612, loss_rpn_bbox: 0.0694, loss_cls: 0.3730, acc: 89.9382, loss_bbox: 0.3474, loss: 0.8510
2021-05-10 12:37:51,998 - mmdet - INFO - Epoch [1][2050/7330]	lr: 2.000e-02, eta: 16:51:59, time: 0.752, data_time: 0.243, memory: 8826, loss_rpn_cls: 0.0623, loss_rpn_bbox: 0.0717, loss_cls: 0.3660, acc: 89.9119, loss_bbox: 0.3538, loss: 0.8538
2021-05-10 12:38:28,620 - mmdet - INFO - Epoch [1][2100/7330]	lr: 2.000e-02, eta: 16:52:17, time: 0.733, data_time: 0.253, memory: 8826, loss_rpn_cls: 0.0600, loss_rpn_bbox: 0.0672, loss_cls: 0.3468, acc: 90.3508, loss_bbox: 0.3402, loss: 0.8143
2021-05-10 12:39:05,232 - mmdet - INFO - Epoch [1][2150/7330]	lr: 2.000e-02, eta: 16:52:30, time: 0.732, data_time: 0.209, memory: 8826, loss_rpn_cls: 0.0614, loss_rpn_bbox: 0.0685, loss_cls: 0.3458, acc: 90.2412, loss_bbox: 0.3401, loss: 0.8158
2021-05-10 12:39:41,698 - mmdet - INFO - Epoch [1][2200/7330]	lr: 2.000e-02, eta: 16:52:37, time: 0.730, data_time: 0.238, memory: 8826, loss_rpn_cls: 0.0661, loss_rpn_bbox: 0.0730, loss_cls: 0.3557, acc: 90.2583, loss_bbox: 0.3363, loss: 0.8311
2021-05-10 12:40:19,875 - mmdet - INFO - Epoch [1][2250/7330]	lr: 2.000e-02, eta: 16:53:47, time: 0.764, data_time: 0.249, memory: 8826, loss_rpn_cls: 0.0570, loss_rpn_bbox: 0.0698, loss_cls: 0.3466, acc: 90.4043, loss_bbox: 0.3306, loss: 0.8039
2021-05-10 12:40:55,909 - mmdet - INFO - Epoch [1][2300/7330]	lr: 2.000e-02, eta: 16:53:31, time: 0.720, data_time: 0.226, memory: 8826, loss_rpn_cls: 0.0623, loss_rpn_bbox: 0.0714, loss_cls: 0.3508, acc: 90.1514, loss_bbox: 0.3497, loss: 0.8342
2021-05-10 12:41:33,910 - mmdet - INFO - Epoch [1][2350/7330]	lr: 2.000e-02, eta: 16:54:27, time: 0.760, data_time: 0.230, memory: 8826, loss_rpn_cls: 0.0587, loss_rpn_bbox: 0.0700, loss_cls: 0.3480, acc: 90.3572, loss_bbox: 0.3355, loss: 0.8122
2021-05-10 12:42:11,726 - mmdet - INFO - Epoch [1][2400/7330]	lr: 2.000e-02, eta: 16:55:12, time: 0.756, data_time: 0.230, memory: 8826, loss_rpn_cls: 0.0604, loss_rpn_bbox: 0.0710, loss_cls: 0.3436, acc: 90.4111, loss_bbox: 0.3326, loss: 0.8076
2021-05-10 12:42:48,095 - mmdet - INFO - Epoch [1][2450/7330]	lr: 2.000e-02, eta: 16:55:04, time: 0.728, data_time: 0.218, memory: 8826, loss_rpn_cls: 0.0655, loss_rpn_bbox: 0.0685, loss_cls: 0.3529, acc: 90.0662, loss_bbox: 0.3433, loss: 0.8303
2021-05-10 12:43:26,044 - mmdet - INFO - Epoch [1][2500/7330]	lr: 2.000e-02, eta: 16:55:49, time: 0.759, data_time: 0.224, memory: 8826, loss_rpn_cls: 0.0568, loss_rpn_bbox: 0.0677, loss_cls: 0.3452, acc: 90.3545, loss_bbox: 0.3334, loss: 0.8030
2021-05-10 12:44:02,806 - mmdet - INFO - Epoch [1][2550/7330]	lr: 2.000e-02, eta: 16:55:50, time: 0.735, data_time: 0.211, memory: 8826, loss_rpn_cls: 0.0588, loss_rpn_bbox: 0.0672, loss_cls: 0.3443, acc: 90.2456, loss_bbox: 0.3411, loss: 0.8115
2021-05-10 12:44:41,048 - mmdet - INFO - Epoch [1][2600/7330]	lr: 2.000e-02, eta: 16:56:38, time: 0.765, data_time: 0.218, memory: 8826, loss_rpn_cls: 0.0560, loss_rpn_bbox: 0.0658, loss_cls: 0.3474, acc: 89.9539, loss_bbox: 0.3430, loss: 0.8121
2021-05-10 12:45:17,623 - mmdet - INFO - Epoch [1][2650/7330]	lr: 2.000e-02, eta: 16:56:29, time: 0.731, data_time: 0.215, memory: 8826, loss_rpn_cls: 0.0577, loss_rpn_bbox: 0.0696, loss_cls: 0.3509, acc: 89.8267, loss_bbox: 0.3509, loss: 0.8290
2021-05-10 12:45:53,233 - mmdet - INFO - Epoch [1][2700/7330]	lr: 2.000e-02, eta: 16:55:48, time: 0.712, data_time: 0.207, memory: 8826, loss_rpn_cls: 0.0583, loss_rpn_bbox: 0.0707, loss_cls: 0.3514, acc: 90.0120, loss_bbox: 0.3452, loss: 0.8256
2021-05-10 12:46:28,390 - mmdet - INFO - Epoch [1][2750/7330]	lr: 2.000e-02, eta: 16:54:56, time: 0.704, data_time: 0.202, memory: 8826, loss_rpn_cls: 0.0590, loss_rpn_bbox: 0.0660, loss_cls: 0.3397, acc: 90.4846, loss_bbox: 0.3335, loss: 0.7982
2021-05-10 12:47:04,046 - mmdet - INFO - Epoch [1][2800/7330]	lr: 2.000e-02, eta: 16:54:17, time: 0.713, data_time: 0.210, memory: 8826, loss_rpn_cls: 0.0566, loss_rpn_bbox: 0.0663, loss_cls: 0.3288, acc: 90.5786, loss_bbox: 0.3271, loss: 0.7787
2021-05-10 12:47:39,780 - mmdet - INFO - Epoch [1][2850/7330]	lr: 2.000e-02, eta: 16:53:42, time: 0.715, data_time: 0.213, memory: 8826, loss_rpn_cls: 0.0562, loss_rpn_bbox: 0.0689, loss_cls: 0.3318, acc: 90.4307, loss_bbox: 0.3358, loss: 0.7927
2021-05-10 12:48:15,484 - mmdet - INFO - Epoch [1][2900/7330]	lr: 2.000e-02, eta: 16:53:05, time: 0.714, data_time: 0.199, memory: 8826, loss_rpn_cls: 0.0530, loss_rpn_bbox: 0.0658, loss_cls: 0.3393, acc: 90.2393, loss_bbox: 0.3384, loss: 0.7965
2021-05-10 12:48:50,817 - mmdet - INFO - Epoch [1][2950/7330]	lr: 2.000e-02, eta: 16:52:18, time: 0.707, data_time: 0.210, memory: 8826, loss_rpn_cls: 0.0550, loss_rpn_bbox: 0.0700, loss_cls: 0.3357, acc: 90.4609, loss_bbox: 0.3263, loss: 0.7870
2021-05-10 12:49:27,656 - mmdet - INFO - Exp name: carafepp_coco_faster_r50_1x_3_kernelexp.py
2021-05-10 12:49:27,657 - mmdet - INFO - Epoch [1][3000/7330]	lr: 2.000e-02, eta: 16:52:12, time: 0.735, data_time: 0.218, memory: 8826, loss_rpn_cls: 0.0609, loss_rpn_bbox: 0.0728, loss_cls: 0.3396, acc: 90.4744, loss_bbox: 0.3298, loss: 0.8031
2021-05-10 12:50:03,344 - mmdet - INFO - Epoch [1][3050/7330]	lr: 2.000e-02, eta: 16:51:35, time: 0.714, data_time: 0.204, memory: 8826, loss_rpn_cls: 0.0607, loss_rpn_bbox: 0.0670, loss_cls: 0.3495, acc: 89.8884, loss_bbox: 0.3411, loss: 0.8183
2021-05-10 12:50:38,778 - mmdet - INFO - Epoch [1][3100/7330]	lr: 2.000e-02, eta: 16:50:52, time: 0.709, data_time: 0.220, memory: 8826, loss_rpn_cls: 0.0560, loss_rpn_bbox: 0.0652, loss_cls: 0.3395, acc: 90.2004, loss_bbox: 0.3396, loss: 0.8002
2021-05-10 12:51:13,551 - mmdet - INFO - Epoch [1][3150/7330]	lr: 2.000e-02, eta: 16:49:50, time: 0.695, data_time: 0.214, memory: 8826, loss_rpn_cls: 0.0537, loss_rpn_bbox: 0.0681, loss_cls: 0.3254, acc: 90.6318, loss_bbox: 0.3245, loss: 0.7717
2021-05-10 12:51:47,156 - mmdet - INFO - Epoch [1][3200/7330]	lr: 2.000e-02, eta: 16:48:19, time: 0.673, data_time: 0.196, memory: 8826, loss_rpn_cls: 0.0591, loss_rpn_bbox: 0.0672, loss_cls: 0.3356, acc: 90.4436, loss_bbox: 0.3286, loss: 0.7905
2021-05-10 12:52:23,226 - mmdet - INFO - Epoch [1][3250/7330]	lr: 2.000e-02, eta: 16:47:53, time: 0.721, data_time: 0.210, memory: 8826, loss_rpn_cls: 0.0522, loss_rpn_bbox: 0.0654, loss_cls: 0.3461, acc: 89.8635, loss_bbox: 0.3399, loss: 0.8036
2021-05-10 12:52:59,640 - mmdet - INFO - Epoch [1][3300/7330]	lr: 2.000e-02, eta: 16:47:35, time: 0.727, data_time: 0.209, memory: 8826, loss_rpn_cls: 0.0567, loss_rpn_bbox: 0.0685, loss_cls: 0.3385, acc: 90.2561, loss_bbox: 0.3340, loss: 0.7977
2021-05-10 12:53:35,993 - mmdet - INFO - Epoch [1][3350/7330]	lr: 2.000e-02, eta: 16:47:17, time: 0.728, data_time: 0.206, memory: 8826, loss_rpn_cls: 0.0601, loss_rpn_bbox: 0.0635, loss_cls: 0.3278, acc: 90.5935, loss_bbox: 0.3175, loss: 0.7690
2021-05-10 12:54:11,751 - mmdet - INFO - Epoch [1][3400/7330]	lr: 2.000e-02, eta: 16:46:41, time: 0.715, data_time: 0.197, memory: 8826, loss_rpn_cls: 0.0595, loss_rpn_bbox: 0.0711, loss_cls: 0.3163, acc: 90.6829, loss_bbox: 0.3251, loss: 0.7720
2021-05-10 12:54:45,721 - mmdet - INFO - Epoch [1][3450/7330]	lr: 2.000e-02, eta: 16:45:23, time: 0.680, data_time: 0.210, memory: 8826, loss_rpn_cls: 0.0565, loss_rpn_bbox: 0.0695, loss_cls: 0.3362, acc: 90.3008, loss_bbox: 0.3297, loss: 0.7920
2021-05-10 12:55:19,827 - mmdet - INFO - Epoch [1][3500/7330]	lr: 2.000e-02, eta: 16:44:09, time: 0.681, data_time: 0.209, memory: 8826, loss_rpn_cls: 0.0558, loss_rpn_bbox: 0.0656, loss_cls: 0.3245, acc: 90.6011, loss_bbox: 0.3237, loss: 0.7696
2021-05-10 12:55:53,245 - mmdet - INFO - Epoch [1][3550/7330]	lr: 2.000e-02, eta: 16:42:40, time: 0.669, data_time: 0.211, memory: 8826, loss_rpn_cls: 0.0518, loss_rpn_bbox: 0.0654, loss_cls: 0.3303, acc: 90.2925, loss_bbox: 0.3308, loss: 0.7783
2021-05-10 12:56:26,643 - mmdet - INFO - Epoch [1][3600/7330]	lr: 2.000e-02, eta: 16:41:10, time: 0.666, data_time: 0.197, memory: 8826, loss_rpn_cls: 0.0555, loss_rpn_bbox: 0.0636, loss_cls: 0.3300, acc: 90.2888, loss_bbox: 0.3304, loss: 0.7795
2021-05-10 12:57:00,251 - mmdet - INFO - Epoch [1][3650/7330]	lr: 2.000e-02, eta: 16:39:50, time: 0.673, data_time: 0.204, memory: 8826, loss_rpn_cls: 0.0557, loss_rpn_bbox: 0.0689, loss_cls: 0.3299, acc: 90.2747, loss_bbox: 0.3339, loss: 0.7885
2021-05-10 12:57:34,005 - mmdet - INFO - Epoch [1][3700/7330]	lr: 2.000e-02, eta: 16:38:33, time: 0.675, data_time: 0.201, memory: 8826, loss_rpn_cls: 0.0529, loss_rpn_bbox: 0.0670, loss_cls: 0.3231, acc: 90.3611, loss_bbox: 0.3303, loss: 0.7734
2021-05-10 12:58:08,355 - mmdet - INFO - Epoch [1][3750/7330]	lr: 2.000e-02, eta: 16:37:30, time: 0.686, data_time: 0.205, memory: 8826, loss_rpn_cls: 0.0570, loss_rpn_bbox: 0.0716, loss_cls: 0.3383, acc: 89.9980, loss_bbox: 0.3428, loss: 0.8097
2021-05-10 12:58:43,190 - mmdet - INFO - Epoch [1][3800/7330]	lr: 2.000e-02, eta: 16:36:39, time: 0.697, data_time: 0.211, memory: 8826, loss_rpn_cls: 0.0509, loss_rpn_bbox: 0.0657, loss_cls: 0.3379, acc: 90.3152, loss_bbox: 0.3289, loss: 0.7833
2021-05-10 12:59:18,514 - mmdet - INFO - Epoch [1][3850/7330]	lr: 2.000e-02, eta: 16:35:59, time: 0.706, data_time: 0.202, memory: 8826, loss_rpn_cls: 0.0570, loss_rpn_bbox: 0.0686, loss_cls: 0.3305, acc: 90.4031, loss_bbox: 0.3249, loss: 0.7810
2021-05-10 12:59:53,899 - mmdet - INFO - Epoch [1][3900/7330]	lr: 2.000e-02, eta: 16:35:21, time: 0.708, data_time: 0.215, memory: 8826, loss_rpn_cls: 0.0510, loss_rpn_bbox: 0.0637, loss_cls: 0.3331, acc: 90.1633, loss_bbox: 0.3348, loss: 0.7825
2021-05-10 13:00:28,111 - mmdet - INFO - Epoch [1][3950/7330]	lr: 2.000e-02, eta: 16:34:18, time: 0.685, data_time: 0.212, memory: 8826, loss_rpn_cls: 0.0512, loss_rpn_bbox: 0.0629, loss_cls: 0.3192, acc: 90.7292, loss_bbox: 0.3216, loss: 0.7549
2021-05-10 13:01:03,724 - mmdet - INFO - Exp name: carafepp_coco_faster_r50_1x_3_kernelexp.py
2021-05-10 13:01:03,725 - mmdet - INFO - Epoch [1][4000/7330]	lr: 2.000e-02, eta: 16:33:44, time: 0.712, data_time: 0.217, memory: 8826, loss_rpn_cls: 0.0502, loss_rpn_bbox: 0.0649, loss_cls: 0.3190, acc: 90.6243, loss_bbox: 0.3198, loss: 0.7540
2021-05-10 13:01:38,658 - mmdet - INFO - Epoch [1][4050/7330]	lr: 2.000e-02, eta: 16:32:57, time: 0.698, data_time: 0.195, memory: 8826, loss_rpn_cls: 0.0505, loss_rpn_bbox: 0.0650, loss_cls: 0.3088, acc: 90.8562, loss_bbox: 0.3136, loss: 0.7380
2021-05-10 13:02:12,223 - mmdet - INFO - Epoch [1][4100/7330]	lr: 2.000e-02, eta: 16:31:41, time: 0.671, data_time: 0.195, memory: 8826, loss_rpn_cls: 0.0550, loss_rpn_bbox: 0.0659, loss_cls: 0.3091, acc: 90.9380, loss_bbox: 0.3109, loss: 0.7409
2021-05-10 13:02:47,220 - mmdet - INFO - Epoch [1][4150/7330]	lr: 2.000e-02, eta: 16:30:56, time: 0.700, data_time: 0.205, memory: 8826, loss_rpn_cls: 0.0540, loss_rpn_bbox: 0.0649, loss_cls: 0.3243, acc: 90.2637, loss_bbox: 0.3269, loss: 0.7701
2021-05-10 13:03:21,225 - mmdet - INFO - Epoch [1][4200/7330]	lr: 2.000e-02, eta: 16:29:52, time: 0.681, data_time: 0.207, memory: 8826, loss_rpn_cls: 0.0539, loss_rpn_bbox: 0.0627, loss_cls: 0.3205, acc: 90.7593, loss_bbox: 0.3204, loss: 0.7575
2021-05-10 13:03:57,305 - mmdet - INFO - Epoch [1][4250/7330]	lr: 2.000e-02, eta: 16:29:28, time: 0.721, data_time: 0.211, memory: 8826, loss_rpn_cls: 0.0523, loss_rpn_bbox: 0.0653, loss_cls: 0.3195, acc: 90.5571, loss_bbox: 0.3203, loss: 0.7574
2021-05-10 13:04:31,634 - mmdet - INFO - Epoch [1][4300/7330]	lr: 2.000e-02, eta: 16:28:31, time: 0.687, data_time: 0.197, memory: 8826, loss_rpn_cls: 0.0514, loss_rpn_bbox: 0.0633, loss_cls: 0.3138, acc: 90.5581, loss_bbox: 0.3281, loss: 0.7566
2021-05-10 13:05:05,640 - mmdet - INFO - Epoch [1][4350/7330]	lr: 2.000e-02, eta: 16:27:28, time: 0.680, data_time: 0.196, memory: 8826, loss_rpn_cls: 0.0513, loss_rpn_bbox: 0.0604, loss_cls: 0.3033, acc: 91.0051, loss_bbox: 0.3034, loss: 0.7184
2021-05-10 13:05:39,592 - mmdet - INFO - Epoch [1][4400/7330]	lr: 2.000e-02, eta: 16:26:24, time: 0.679, data_time: 0.197, memory: 8826, loss_rpn_cls: 0.0552, loss_rpn_bbox: 0.0647, loss_cls: 0.3137, acc: 90.7859, loss_bbox: 0.3132, loss: 0.7468
2021-05-10 13:06:14,200 - mmdet - INFO - Epoch [1][4450/7330]	lr: 2.000e-02, eta: 16:25:34, time: 0.693, data_time: 0.201, memory: 8826, loss_rpn_cls: 0.0540, loss_rpn_bbox: 0.0614, loss_cls: 0.3175, acc: 90.5063, loss_bbox: 0.3174, loss: 0.7503
2021-05-10 13:06:49,236 - mmdet - INFO - Epoch [1][4500/7330]	lr: 2.000e-02, eta: 16:24:52, time: 0.700, data_time: 0.208, memory: 8826, loss_rpn_cls: 0.0474, loss_rpn_bbox: 0.0638, loss_cls: 0.3051, acc: 90.7739, loss_bbox: 0.3153, loss: 0.7315
2021-05-10 13:07:22,502 - mmdet - INFO - Epoch [1][4550/7330]	lr: 2.000e-02, eta: 16:23:37, time: 0.666, data_time: 0.203, memory: 8826, loss_rpn_cls: 0.0494, loss_rpn_bbox: 0.0612, loss_cls: 0.2953, acc: 91.2322, loss_bbox: 0.2978, loss: 0.7038
2021-05-10 13:07:56,859 - mmdet - INFO - Epoch [1][4600/7330]	lr: 2.000e-02, eta: 16:22:43, time: 0.686, data_time: 0.190, memory: 8826, loss_rpn_cls: 0.0497, loss_rpn_bbox: 0.0615, loss_cls: 0.3045, acc: 91.1101, loss_bbox: 0.3000, loss: 0.7157
2021-05-10 13:08:31,096 - mmdet - INFO - Epoch [1][4650/7330]	lr: 2.000e-02, eta: 16:21:47, time: 0.685, data_time: 0.195, memory: 8826, loss_rpn_cls: 0.0563, loss_rpn_bbox: 0.0660, loss_cls: 0.3127, acc: 90.7664, loss_bbox: 0.3129, loss: 0.7479
2021-05-10 13:09:06,018 - mmdet - INFO - Epoch [1][4700/7330]	lr: 2.000e-02, eta: 16:21:04, time: 0.698, data_time: 0.214, memory: 8826, loss_rpn_cls: 0.0510, loss_rpn_bbox: 0.0600, loss_cls: 0.3152, acc: 90.7278, loss_bbox: 0.3151, loss: 0.7413
2021-05-10 13:09:41,120 - mmdet - INFO - Epoch [1][4750/7330]	lr: 2.000e-02, eta: 16:20:25, time: 0.703, data_time: 0.201, memory: 8826, loss_rpn_cls: 0.0576, loss_rpn_bbox: 0.0667, loss_cls: 0.3178, acc: 90.4956, loss_bbox: 0.3194, loss: 0.7614
2021-05-10 13:10:14,858 - mmdet - INFO - Epoch [1][4800/7330]	lr: 2.000e-02, eta: 16:19:21, time: 0.674, data_time: 0.179, memory: 8826, loss_rpn_cls: 0.0571, loss_rpn_bbox: 0.0661, loss_cls: 0.3032, acc: 91.0483, loss_bbox: 0.3019, loss: 0.7283
2021-05-10 13:10:48,894 - mmdet - INFO - Epoch [1][4850/7330]	lr: 2.000e-02, eta: 16:18:24, time: 0.681, data_time: 0.208, memory: 8826, loss_rpn_cls: 0.0551, loss_rpn_bbox: 0.0632, loss_cls: 0.3116, acc: 90.7373, loss_bbox: 0.3153, loss: 0.7452
2021-05-10 13:11:23,523 - mmdet - INFO - Epoch [1][4900/7330]	lr: 2.000e-02, eta: 16:17:37, time: 0.693, data_time: 0.206, memory: 8826, loss_rpn_cls: 0.0573, loss_rpn_bbox: 0.0674, loss_cls: 0.3091, acc: 90.7771, loss_bbox: 0.3142, loss: 0.7480
2021-05-10 13:11:57,846 - mmdet - INFO - Epoch [1][4950/7330]	lr: 2.000e-02, eta: 16:16:45, time: 0.686, data_time: 0.190, memory: 8826, loss_rpn_cls: 0.0545, loss_rpn_bbox: 0.0659, loss_cls: 0.3109, acc: 90.7178, loss_bbox: 0.3125, loss: 0.7438
2021-05-10 13:12:31,259 - mmdet - INFO - Exp name: carafepp_coco_faster_r50_1x_3_kernelexp.py
2021-05-10 13:12:31,260 - mmdet - INFO - Epoch [1][5000/7330]	lr: 2.000e-02, eta: 16:15:38, time: 0.669, data_time: 0.188, memory: 8826, loss_rpn_cls: 0.0506, loss_rpn_bbox: 0.0586, loss_cls: 0.2914, acc: 91.3594, loss_bbox: 0.2958, loss: 0.6964
2021-05-10 13:13:06,472 - mmdet - INFO - Epoch [1][5050/7330]	lr: 2.000e-02, eta: 16:15:02, time: 0.704, data_time: 0.211, memory: 8826, loss_rpn_cls: 0.0520, loss_rpn_bbox: 0.0629, loss_cls: 0.3132, acc: 90.5684, loss_bbox: 0.3192, loss: 0.7473
2021-05-10 13:13:42,868 - mmdet - INFO - Epoch [1][5100/7330]	lr: 2.000e-02, eta: 16:14:45, time: 0.727, data_time: 0.214, memory: 8826, loss_rpn_cls: 0.0516, loss_rpn_bbox: 0.0594, loss_cls: 0.3190, acc: 90.7095, loss_bbox: 0.3077, loss: 0.7376
2021-05-10 13:14:18,482 - mmdet - INFO - Epoch [1][5150/7330]	lr: 2.000e-02, eta: 16:14:15, time: 0.713, data_time: 0.218, memory: 8826, loss_rpn_cls: 0.0525, loss_rpn_bbox: 0.0640, loss_cls: 0.3041, acc: 90.7344, loss_bbox: 0.3191, loss: 0.7395
2021-05-10 13:14:52,459 - mmdet - INFO - Epoch [1][5200/7330]	lr: 2.000e-02, eta: 16:13:19, time: 0.680, data_time: 0.200, memory: 8826, loss_rpn_cls: 0.0549, loss_rpn_bbox: 0.0652, loss_cls: 0.3090, acc: 90.5845, loss_bbox: 0.3213, loss: 0.7504
2021-05-10 13:15:26,287 - mmdet - INFO - Epoch [1][5250/7330]	lr: 2.000e-02, eta: 16:12:21, time: 0.677, data_time: 0.202, memory: 8826, loss_rpn_cls: 0.0528, loss_rpn_bbox: 0.0633, loss_cls: 0.3162, acc: 90.5188, loss_bbox: 0.3208, loss: 0.7530
2021-05-10 13:16:00,708 - mmdet - INFO - Epoch [1][5300/7330]	lr: 2.000e-02, eta: 16:11:31, time: 0.688, data_time: 0.195, memory: 8826, loss_rpn_cls: 0.0525, loss_rpn_bbox: 0.0639, loss_cls: 0.3133, acc: 90.4043, loss_bbox: 0.3213, loss: 0.7511
2021-05-10 13:16:34,547 - mmdet - INFO - Epoch [1][5350/7330]	lr: 2.000e-02, eta: 16:10:35, time: 0.677, data_time: 0.190, memory: 8826, loss_rpn_cls: 0.0494, loss_rpn_bbox: 0.0629, loss_cls: 0.3219, acc: 90.3677, loss_bbox: 0.3248, loss: 0.7590
2021-05-10 13:17:09,028 - mmdet - INFO - Epoch [1][5400/7330]	lr: 2.000e-02, eta: 16:09:48, time: 0.690, data_time: 0.210, memory: 8826, loss_rpn_cls: 0.0526, loss_rpn_bbox: 0.0605, loss_cls: 0.3092, acc: 90.7939, loss_bbox: 0.3108, loss: 0.7331
2021-05-10 13:17:42,998 - mmdet - INFO - Epoch [1][5450/7330]	lr: 2.000e-02, eta: 16:08:53, time: 0.679, data_time: 0.203, memory: 8826, loss_rpn_cls: 0.0511, loss_rpn_bbox: 0.0659, loss_cls: 0.2951, acc: 91.1208, loss_bbox: 0.3048, loss: 0.7169
2021-05-10 13:18:15,971 - mmdet - INFO - Epoch [1][5500/7330]	lr: 2.000e-02, eta: 16:07:44, time: 0.659, data_time: 0.192, memory: 8826, loss_rpn_cls: 0.0483, loss_rpn_bbox: 0.0643, loss_cls: 0.2914, acc: 91.1565, loss_bbox: 0.3093, loss: 0.7132
2021-05-10 13:18:49,152 - mmdet - INFO - Epoch [1][5550/7330]	lr: 2.000e-02, eta: 16:06:39, time: 0.664, data_time: 0.202, memory: 8826, loss_rpn_cls: 0.0486, loss_rpn_bbox: 0.0640, loss_cls: 0.3097, acc: 90.6128, loss_bbox: 0.3213, loss: 0.7435
2021-05-10 13:19:23,585 - mmdet - INFO - Epoch [1][5600/7330]	lr: 2.000e-02, eta: 16:05:53, time: 0.689, data_time: 0.212, memory: 8826, loss_rpn_cls: 0.0509, loss_rpn_bbox: 0.0597, loss_cls: 0.2952, acc: 91.0703, loss_bbox: 0.3058, loss: 0.7116
2021-05-10 13:19:57,863 - mmdet - INFO - Epoch [1][5650/7330]	lr: 2.000e-02, eta: 16:05:04, time: 0.685, data_time: 0.214, memory: 8826, loss_rpn_cls: 0.0530, loss_rpn_bbox: 0.0666, loss_cls: 0.3151, acc: 90.5764, loss_bbox: 0.3142, loss: 0.7490
2021-05-10 13:20:31,498 - mmdet - INFO - Epoch [1][5700/7330]	lr: 2.000e-02, eta: 16:04:07, time: 0.673, data_time: 0.192, memory: 8826, loss_rpn_cls: 0.0488, loss_rpn_bbox: 0.0611, loss_cls: 0.3021, acc: 90.6382, loss_bbox: 0.3172, loss: 0.7291
2021-05-10 13:21:05,162 - mmdet - INFO - Epoch [1][5750/7330]	lr: 2.000e-02, eta: 16:03:10, time: 0.673, data_time: 0.199, memory: 8826, loss_rpn_cls: 0.0504, loss_rpn_bbox: 0.0639, loss_cls: 0.3068, acc: 90.9429, loss_bbox: 0.3067, loss: 0.7278
2021-05-10 13:21:38,982 - mmdet - INFO - Epoch [1][5800/7330]	lr: 2.000e-02, eta: 16:02:16, time: 0.676, data_time: 0.194, memory: 8826, loss_rpn_cls: 0.0511, loss_rpn_bbox: 0.0667, loss_cls: 0.3248, acc: 90.3416, loss_bbox: 0.3210, loss: 0.7635
2021-05-10 13:22:12,734 - mmdet - INFO - Epoch [1][5850/7330]	lr: 2.000e-02, eta: 16:01:22, time: 0.675, data_time: 0.202, memory: 8826, loss_rpn_cls: 0.0502, loss_rpn_bbox: 0.0602, loss_cls: 0.2881, acc: 91.1150, loss_bbox: 0.3019, loss: 0.7003
2021-05-10 13:22:46,434 - mmdet - INFO - Epoch [1][5900/7330]	lr: 2.000e-02, eta: 16:00:26, time: 0.673, data_time: 0.197, memory: 8826, loss_rpn_cls: 0.0501, loss_rpn_bbox: 0.0671, loss_cls: 0.3163, acc: 90.4006, loss_bbox: 0.3261, loss: 0.7595
2021-05-10 13:23:19,868 - mmdet - INFO - Epoch [1][5950/7330]	lr: 2.000e-02, eta: 15:59:28, time: 0.669, data_time: 0.198, memory: 8826, loss_rpn_cls: 0.0457, loss_rpn_bbox: 0.0595, loss_cls: 0.2941, acc: 90.9089, loss_bbox: 0.3084, loss: 0.7077
2021-05-10 13:23:54,202 - mmdet - INFO - Exp name: carafepp_coco_faster_r50_1x_3_kernelexp.py
2021-05-10 13:23:54,203 - mmdet - INFO - Epoch [1][6000/7330]	lr: 2.000e-02, eta: 15:58:43, time: 0.687, data_time: 0.204, memory: 8826, loss_rpn_cls: 0.0481, loss_rpn_bbox: 0.0606, loss_cls: 0.3025, acc: 91.0059, loss_bbox: 0.3030, loss: 0.7142
2021-05-10 13:24:29,098 - mmdet - INFO - Epoch [1][6050/7330]	lr: 2.000e-02, eta: 15:58:05, time: 0.698, data_time: 0.197, memory: 8826, loss_rpn_cls: 0.0517, loss_rpn_bbox: 0.0622, loss_cls: 0.2992, acc: 90.7927, loss_bbox: 0.3071, loss: 0.7202
2021-05-10 13:25:03,757 - mmdet - INFO - Epoch [1][6100/7330]	lr: 2.000e-02, eta: 15:57:24, time: 0.693, data_time: 0.205, memory: 8826, loss_rpn_cls: 0.0496, loss_rpn_bbox: 0.0614, loss_cls: 0.2865, acc: 91.2654, loss_bbox: 0.2916, loss: 0.6891
2021-05-10 13:25:36,692 - mmdet - INFO - Epoch [1][6150/7330]	lr: 2.000e-02, eta: 15:56:21, time: 0.659, data_time: 0.185, memory: 8826, loss_rpn_cls: 0.0482, loss_rpn_bbox: 0.0575, loss_cls: 0.2891, acc: 91.2480, loss_bbox: 0.2993, loss: 0.6942
2021-05-10 13:26:10,860 - mmdet - INFO - Epoch [1][6200/7330]	lr: 2.000e-02, eta: 15:55:33, time: 0.683, data_time: 0.197, memory: 8826, loss_rpn_cls: 0.0494, loss_rpn_bbox: 0.0672, loss_cls: 0.3036, acc: 90.7410, loss_bbox: 0.3121, loss: 0.7323
2021-05-10 13:26:45,626 - mmdet - INFO - Epoch [1][6250/7330]	lr: 2.000e-02, eta: 15:54:55, time: 0.696, data_time: 0.208, memory: 8826, loss_rpn_cls: 0.0458, loss_rpn_bbox: 0.0618, loss_cls: 0.2934, acc: 91.1416, loss_bbox: 0.2963, loss: 0.6973
2021-05-10 13:27:19,232 - mmdet - INFO - Epoch [1][6300/7330]	lr: 2.000e-02, eta: 15:54:01, time: 0.672, data_time: 0.194, memory: 8826, loss_rpn_cls: 0.0491, loss_rpn_bbox: 0.0607, loss_cls: 0.2983, acc: 91.0398, loss_bbox: 0.3027, loss: 0.7108
2021-05-10 13:27:53,242 - mmdet - INFO - Epoch [1][6350/7330]	lr: 2.000e-02, eta: 15:53:12, time: 0.680, data_time: 0.205, memory: 8826, loss_rpn_cls: 0.0496, loss_rpn_bbox: 0.0627, loss_cls: 0.3002, acc: 91.0698, loss_bbox: 0.2956, loss: 0.7081
2021-05-10 13:28:27,619 - mmdet - INFO - Epoch [1][6400/7330]	lr: 2.000e-02, eta: 15:52:29, time: 0.688, data_time: 0.218, memory: 8826, loss_rpn_cls: 0.0489, loss_rpn_bbox: 0.0588, loss_cls: 0.2811, acc: 91.4270, loss_bbox: 0.2946, loss: 0.6835
2021-05-10 13:29:02,133 - mmdet - INFO - Epoch [1][6450/7330]	lr: 2.000e-02, eta: 15:51:47, time: 0.690, data_time: 0.204, memory: 8826, loss_rpn_cls: 0.0483, loss_rpn_bbox: 0.0579, loss_cls: 0.2860, acc: 91.2192, loss_bbox: 0.3019, loss: 0.6941
2021-05-10 13:29:35,461 - mmdet - INFO - Epoch [1][6500/7330]	lr: 2.000e-02, eta: 15:50:51, time: 0.667, data_time: 0.204, memory: 8826, loss_rpn_cls: 0.0454, loss_rpn_bbox: 0.0615, loss_cls: 0.2967, acc: 90.9255, loss_bbox: 0.3082, loss: 0.7119
2021-05-10 13:30:09,136 - mmdet - INFO - Epoch [1][6550/7330]	lr: 2.000e-02, eta: 15:49:59, time: 0.674, data_time: 0.208, memory: 8826, loss_rpn_cls: 0.0463, loss_rpn_bbox: 0.0608, loss_cls: 0.2872, acc: 91.4077, loss_bbox: 0.2936, loss: 0.6879
2021-05-10 13:30:42,454 - mmdet - INFO - Epoch [1][6600/7330]	lr: 2.000e-02, eta: 15:49:03, time: 0.666, data_time: 0.202, memory: 8826, loss_rpn_cls: 0.0466, loss_rpn_bbox: 0.0607, loss_cls: 0.3010, acc: 90.8301, loss_bbox: 0.3045, loss: 0.7128
2021-05-10 13:31:16,507 - mmdet - INFO - Epoch [1][6650/7330]	lr: 2.000e-02, eta: 15:48:17, time: 0.681, data_time: 0.198, memory: 8826, loss_rpn_cls: 0.0467, loss_rpn_bbox: 0.0610, loss_cls: 0.2964, acc: 91.0439, loss_bbox: 0.3063, loss: 0.7104
2021-05-10 13:31:50,966 - mmdet - INFO - Epoch [1][6700/7330]	lr: 2.000e-02, eta: 15:47:35, time: 0.689, data_time: 0.202, memory: 8826, loss_rpn_cls: 0.0494, loss_rpn_bbox: 0.0639, loss_cls: 0.2937, acc: 91.0547, loss_bbox: 0.3046, loss: 0.7117
2021-05-10 13:32:25,961 - mmdet - INFO - Epoch [1][6750/7330]	lr: 2.000e-02, eta: 15:47:00, time: 0.700, data_time: 0.211, memory: 8826, loss_rpn_cls: 0.0518, loss_rpn_bbox: 0.0615, loss_cls: 0.3080, acc: 90.6248, loss_bbox: 0.3121, loss: 0.7335
2021-05-10 13:33:01,892 - mmdet - INFO - Epoch [1][6800/7330]	lr: 2.000e-02, eta: 15:46:37, time: 0.719, data_time: 0.216, memory: 8826, loss_rpn_cls: 0.0494, loss_rpn_bbox: 0.0662, loss_cls: 0.3072, acc: 90.7207, loss_bbox: 0.3118, loss: 0.7345
2021-05-10 13:33:36,284 - mmdet - INFO - Epoch [1][6850/7330]	lr: 2.000e-02, eta: 15:45:54, time: 0.687, data_time: 0.211, memory: 8826, loss_rpn_cls: 0.0550, loss_rpn_bbox: 0.0633, loss_cls: 0.3042, acc: 90.6138, loss_bbox: 0.3168, loss: 0.7393
2021-05-10 13:34:11,062 - mmdet - INFO - Epoch [1][6900/7330]	lr: 2.000e-02, eta: 15:45:17, time: 0.696, data_time: 0.198, memory: 8826, loss_rpn_cls: 0.0477, loss_rpn_bbox: 0.0635, loss_cls: 0.2858, acc: 91.3677, loss_bbox: 0.2909, loss: 0.6880
2021-05-10 13:34:44,693 - mmdet - INFO - Epoch [1][6950/7330]	lr: 2.000e-02, eta: 15:44:26, time: 0.673, data_time: 0.193, memory: 8826, loss_rpn_cls: 0.0419, loss_rpn_bbox: 0.0584, loss_cls: 0.2993, acc: 90.9658, loss_bbox: 0.3092, loss: 0.7089
2021-05-10 13:35:18,413 - mmdet - INFO - Exp name: carafepp_coco_faster_r50_1x_3_kernelexp.py
2021-05-10 13:35:18,413 - mmdet - INFO - Epoch [1][7000/7330]	lr: 2.000e-02, eta: 15:43:37, time: 0.674, data_time: 0.197, memory: 8826, loss_rpn_cls: 0.0495, loss_rpn_bbox: 0.0635, loss_cls: 0.2944, acc: 91.0381, loss_bbox: 0.3064, loss: 0.7137
2021-05-10 13:35:52,539 - mmdet - INFO - Epoch [1][7050/7330]	lr: 2.000e-02, eta: 15:42:52, time: 0.683, data_time: 0.208, memory: 8826, loss_rpn_cls: 0.0502, loss_rpn_bbox: 0.0622, loss_cls: 0.2992, acc: 90.9170, loss_bbox: 0.3057, loss: 0.7172
2021-05-10 13:36:25,822 - mmdet - INFO - Epoch [1][7100/7330]	lr: 2.000e-02, eta: 15:41:58, time: 0.666, data_time: 0.191, memory: 8826, loss_rpn_cls: 0.0457, loss_rpn_bbox: 0.0576, loss_cls: 0.2970, acc: 90.9436, loss_bbox: 0.3056, loss: 0.7059
2021-05-10 13:36:59,495 - mmdet - INFO - Epoch [1][7150/7330]	lr: 2.000e-02, eta: 15:41:09, time: 0.673, data_time: 0.209, memory: 8826, loss_rpn_cls: 0.0470, loss_rpn_bbox: 0.0625, loss_cls: 0.2913, acc: 90.8928, loss_bbox: 0.3111, loss: 0.7118
2021-05-10 13:37:35,095 - mmdet - INFO - Epoch [1][7200/7330]	lr: 2.000e-02, eta: 15:40:41, time: 0.712, data_time: 0.205, memory: 8826, loss_rpn_cls: 0.0477, loss_rpn_bbox: 0.0600, loss_cls: 0.2876, acc: 91.3767, loss_bbox: 0.2945, loss: 0.6898
2021-05-10 13:38:09,139 - mmdet - INFO - Epoch [1][7250/7330]	lr: 2.000e-02, eta: 15:39:56, time: 0.681, data_time: 0.189, memory: 8826, loss_rpn_cls: 0.0506, loss_rpn_bbox: 0.0589, loss_cls: 0.2783, acc: 91.3787, loss_bbox: 0.2896, loss: 0.6773
2021-05-10 13:38:42,971 - mmdet - INFO - Epoch [1][7300/7330]	lr: 2.000e-02, eta: 15:39:09, time: 0.676, data_time: 0.190, memory: 8826, loss_rpn_cls: 0.0487, loss_rpn_bbox: 0.0608, loss_cls: 0.2971, acc: 90.9241, loss_bbox: 0.3049, loss: 0.7114
2021-05-10 13:39:03,149 - mmdet - INFO - Saving checkpoint at 1 epochs
2021-05-10 13:40:53,055 - mmdet - INFO - Evaluating bbox...
2021-05-10 13:41:48,635 - mmdet - INFO - Exp name: carafepp_coco_faster_r50_1x_3_kernelexp.py
2021-05-10 13:41:48,636 - mmdet - INFO - Epoch(val) [1][7330]	bbox_mAP: 0.2160, bbox_mAP_50: 0.4160, bbox_mAP_75: 0.2020, bbox_mAP_s: 0.1140, bbox_mAP_m: 0.2410, bbox_mAP_l: 0.2870, bbox_mAP_copypaste: 0.216 0.416 0.202 0.114 0.241 0.287
2021-05-10 13:42:29,267 - mmdet - INFO - Epoch [2][50/7330]	lr: 2.000e-02, eta: 15:35:26, time: 0.812, data_time: 0.311, memory: 8826, loss_rpn_cls: 0.0448, loss_rpn_bbox: 0.0609, loss_cls: 0.2946, acc: 90.9392, loss_bbox: 0.3085, loss: 0.7088
2021-05-10 13:43:02,864 - mmdet - INFO - Epoch [2][100/7330]	lr: 2.000e-02, eta: 15:34:38, time: 0.672, data_time: 0.187, memory: 8826, loss_rpn_cls: 0.0448, loss_rpn_bbox: 0.0621, loss_cls: 0.2840, acc: 91.1851, loss_bbox: 0.3028, loss: 0.6937
2021-05-10 13:43:36,673 - mmdet - INFO - Epoch [2][150/7330]	lr: 2.000e-02, eta: 15:33:52, time: 0.677, data_time: 0.204, memory: 8826, loss_rpn_cls: 0.0443, loss_rpn_bbox: 0.0619, loss_cls: 0.2922, acc: 90.9041, loss_bbox: 0.3168, loss: 0.7152
2021-05-10 13:44:11,289 - mmdet - INFO - Epoch [2][200/7330]	lr: 2.000e-02, eta: 15:33:15, time: 0.692, data_time: 0.200, memory: 8826, loss_rpn_cls: 0.0447, loss_rpn_bbox: 0.0627, loss_cls: 0.2916, acc: 90.9158, loss_bbox: 0.3079, loss: 0.7069
2021-05-10 13:44:46,449 - mmdet - INFO - Epoch [2][250/7330]	lr: 2.000e-02, eta: 15:32:44, time: 0.704, data_time: 0.216, memory: 8826, loss_rpn_cls: 0.0439, loss_rpn_bbox: 0.0627, loss_cls: 0.2802, acc: 91.2041, loss_bbox: 0.2993, loss: 0.6860
2021-05-10 13:45:19,341 - mmdet - INFO - Epoch [2][300/7330]	lr: 2.000e-02, eta: 15:31:49, time: 0.658, data_time: 0.183, memory: 8826, loss_rpn_cls: 0.0483, loss_rpn_bbox: 0.0606, loss_cls: 0.2776, acc: 91.3093, loss_bbox: 0.2933, loss: 0.6798
2021-05-10 13:45:54,483 - mmdet - INFO - Epoch [2][350/7330]	lr: 2.000e-02, eta: 15:31:18, time: 0.702, data_time: 0.208, memory: 8826, loss_rpn_cls: 0.0418, loss_rpn_bbox: 0.0575, loss_cls: 0.2816, acc: 91.1379, loss_bbox: 0.3027, loss: 0.6836
2021-05-10 13:46:29,908 - mmdet - INFO - Epoch [2][400/7330]	lr: 2.000e-02, eta: 15:30:49, time: 0.709, data_time: 0.211, memory: 8826, loss_rpn_cls: 0.0430, loss_rpn_bbox: 0.0569, loss_cls: 0.2844, acc: 91.3286, loss_bbox: 0.2982, loss: 0.6825
2021-05-10 13:47:05,647 - mmdet - INFO - Epoch [2][450/7330]	lr: 2.000e-02, eta: 15:30:24, time: 0.715, data_time: 0.208, memory: 8826, loss_rpn_cls: 0.0459, loss_rpn_bbox: 0.0606, loss_cls: 0.2947, acc: 90.8557, loss_bbox: 0.3102, loss: 0.7114
2021-05-10 13:47:38,468 - mmdet - INFO - Epoch [2][500/7330]	lr: 2.000e-02, eta: 15:29:29, time: 0.655, data_time: 0.188, memory: 8826, loss_rpn_cls: 0.0438, loss_rpn_bbox: 0.0575, loss_cls: 0.2826, acc: 91.2505, loss_bbox: 0.2930, loss: 0.6770
2021-05-10 13:48:12,141 - mmdet - INFO - Epoch [2][550/7330]	lr: 2.000e-02, eta: 15:28:43, time: 0.675, data_time: 0.188, memory: 8826, loss_rpn_cls: 0.0441, loss_rpn_bbox: 0.0595, loss_cls: 0.2731, acc: 91.4441, loss_bbox: 0.2917, loss: 0.6684
2021-05-10 13:48:48,734 - mmdet - INFO - Epoch [2][600/7330]	lr: 2.000e-02, eta: 15:28:26, time: 0.731, data_time: 0.207, memory: 8826, loss_rpn_cls: 0.0466, loss_rpn_bbox: 0.0641, loss_cls: 0.2865, acc: 90.9397, loss_bbox: 0.3038, loss: 0.7009
2021-05-10 13:49:24,779 - mmdet - INFO - Epoch [2][650/7330]	lr: 2.000e-02, eta: 15:28:04, time: 0.722, data_time: 0.207, memory: 8826, loss_rpn_cls: 0.0441, loss_rpn_bbox: 0.0582, loss_cls: 0.2850, acc: 91.0510, loss_bbox: 0.3011, loss: 0.6884
2021-05-10 13:50:01,883 - mmdet - INFO - Epoch [2][700/7330]	lr: 2.000e-02, eta: 15:27:52, time: 0.742, data_time: 0.226, memory: 8826, loss_rpn_cls: 0.0440, loss_rpn_bbox: 0.0569, loss_cls: 0.2785, acc: 91.3379, loss_bbox: 0.2955, loss: 0.6749
2021-05-10 13:50:39,005 - mmdet - INFO - Epoch [2][750/7330]	lr: 2.000e-02, eta: 15:27:40, time: 0.742, data_time: 0.214, memory: 8826, loss_rpn_cls: 0.0415, loss_rpn_bbox: 0.0555, loss_cls: 0.2734, acc: 91.3557, loss_bbox: 0.2949, loss: 0.6653
2021-05-10 13:51:15,546 - mmdet - INFO - Epoch [2][800/7330]	lr: 2.000e-02, eta: 15:27:22, time: 0.731, data_time: 0.245, memory: 8826, loss_rpn_cls: 0.0486, loss_rpn_bbox: 0.0586, loss_cls: 0.2821, acc: 91.1514, loss_bbox: 0.3018, loss: 0.6910
2021-05-10 13:51:52,136 - mmdet - INFO - Epoch [2][850/7330]	lr: 2.000e-02, eta: 15:27:04, time: 0.732, data_time: 0.225, memory: 8826, loss_rpn_cls: 0.0430, loss_rpn_bbox: 0.0593, loss_cls: 0.2805, acc: 91.2000, loss_bbox: 0.2963, loss: 0.6791
2021-05-10 13:52:26,691 - mmdet - INFO - Epoch [2][900/7330]	lr: 2.000e-02, eta: 15:26:26, time: 0.691, data_time: 0.195, memory: 8826, loss_rpn_cls: 0.0423, loss_rpn_bbox: 0.0581, loss_cls: 0.2787, acc: 91.2046, loss_bbox: 0.2984, loss: 0.6775
2021-05-10 13:53:01,607 - mmdet - INFO - Epoch [2][950/7330]	lr: 2.000e-02, eta: 15:25:52, time: 0.699, data_time: 0.210, memory: 8826, loss_rpn_cls: 0.0430, loss_rpn_bbox: 0.0581, loss_cls: 0.2817, acc: 91.2366, loss_bbox: 0.3015, loss: 0.6842
2021-05-10 13:53:35,632 - mmdet - INFO - Epoch [2][1000/7330]	lr: 2.000e-02, eta: 15:25:09, time: 0.681, data_time: 0.218, memory: 8826, loss_rpn_cls: 0.0412, loss_rpn_bbox: 0.0566, loss_cls: 0.2793, acc: 91.2068, loss_bbox: 0.2954, loss: 0.6725
2021-05-10 13:54:09,043 - mmdet - INFO - Epoch [2][1050/7330]	lr: 2.000e-02, eta: 15:24:20, time: 0.668, data_time: 0.193, memory: 8826, loss_rpn_cls: 0.0470, loss_rpn_bbox: 0.0598, loss_cls: 0.2862, acc: 90.8940, loss_bbox: 0.3122, loss: 0.7052
2021-05-10 13:54:42,119 - mmdet - INFO - Epoch [2][1100/7330]	lr: 2.000e-02, eta: 15:23:29, time: 0.662, data_time: 0.193, memory: 8826, loss_rpn_cls: 0.0422, loss_rpn_bbox: 0.0586, loss_cls: 0.2852, acc: 91.0562, loss_bbox: 0.2992, loss: 0.6852
2021-05-10 13:55:16,160 - mmdet - INFO - Epoch [2][1150/7330]	lr: 2.000e-02, eta: 15:22:46, time: 0.681, data_time: 0.206, memory: 8826, loss_rpn_cls: 0.0416, loss_rpn_bbox: 0.0568, loss_cls: 0.2720, acc: 91.6362, loss_bbox: 0.2837, loss: 0.6541
2021-05-10 13:55:50,742 - mmdet - INFO - Epoch [2][1200/7330]	lr: 2.000e-02, eta: 15:22:09, time: 0.692, data_time: 0.199, memory: 8826, loss_rpn_cls: 0.0452, loss_rpn_bbox: 0.0568, loss_cls: 0.2767, acc: 91.2329, loss_bbox: 0.2973, loss: 0.6761
2021-05-10 13:56:24,009 - mmdet - INFO - Epoch [2][1250/7330]	lr: 2.000e-02, eta: 15:21:20, time: 0.665, data_time: 0.201, memory: 8826, loss_rpn_cls: 0.0475, loss_rpn_bbox: 0.0628, loss_cls: 0.2948, acc: 90.7705, loss_bbox: 0.3104, loss: 0.7155
2021-05-10 13:56:57,793 - mmdet - INFO - Epoch [2][1300/7330]	lr: 2.000e-02, eta: 15:20:35, time: 0.675, data_time: 0.207, memory: 8826, loss_rpn_cls: 0.0443, loss_rpn_bbox: 0.0577, loss_cls: 0.2898, acc: 91.0315, loss_bbox: 0.3002, loss: 0.6921
2021-05-10 13:57:32,739 - mmdet - INFO - Epoch [2][1350/7330]	lr: 2.000e-02, eta: 15:20:02, time: 0.700, data_time: 0.212, memory: 8826, loss_rpn_cls: 0.0447, loss_rpn_bbox: 0.0601, loss_cls: 0.2804, acc: 91.2437, loss_bbox: 0.2995, loss: 0.6847
2021-05-10 13:58:06,018 - mmdet - INFO - Epoch [2][1400/7330]	lr: 2.000e-02, eta: 15:19:13, time: 0.665, data_time: 0.193, memory: 8826, loss_rpn_cls: 0.0441, loss_rpn_bbox: 0.0589, loss_cls: 0.2767, acc: 91.3201, loss_bbox: 0.2914, loss: 0.6711
2021-05-10 13:58:39,912 - mmdet - INFO - Epoch [2][1450/7330]	lr: 2.000e-02, eta: 15:18:30, time: 0.678, data_time: 0.204, memory: 8826, loss_rpn_cls: 0.0489, loss_rpn_bbox: 0.0622, loss_cls: 0.2820, acc: 91.0830, loss_bbox: 0.3012, loss: 0.6943
2021-05-10 13:59:16,072 - mmdet - INFO - Epoch [2][1500/7330]	lr: 2.000e-02, eta: 15:18:07, time: 0.722, data_time: 0.216, memory: 8826, loss_rpn_cls: 0.0471, loss_rpn_bbox: 0.0631, loss_cls: 0.2870, acc: 90.8105, loss_bbox: 0.3098, loss: 0.7069
2021-05-10 13:59:50,006 - mmdet - INFO - Epoch [2][1550/7330]	lr: 2.000e-02, eta: 15:17:25, time: 0.680, data_time: 0.199, memory: 8826, loss_rpn_cls: 0.0428, loss_rpn_bbox: 0.0559, loss_cls: 0.2830, acc: 91.2268, loss_bbox: 0.2947, loss: 0.6764
2021-05-10 14:00:23,471 - mmdet - INFO - Epoch [2][1600/7330]	lr: 2.000e-02, eta: 15:16:38, time: 0.669, data_time: 0.189, memory: 8826, loss_rpn_cls: 0.0429, loss_rpn_bbox: 0.0597, loss_cls: 0.2785, acc: 91.1873, loss_bbox: 0.2986, loss: 0.6797
2021-05-10 14:00:57,709 - mmdet - INFO - Epoch [2][1650/7330]	lr: 2.000e-02, eta: 15:15:58, time: 0.684, data_time: 0.191, memory: 8826, loss_rpn_cls: 0.0418, loss_rpn_bbox: 0.0580, loss_cls: 0.2741, acc: 91.5132, loss_bbox: 0.2893, loss: 0.6634
2021-05-10 14:01:32,012 - mmdet - INFO - Epoch [2][1700/7330]	lr: 2.000e-02, eta: 15:15:19, time: 0.687, data_time: 0.204, memory: 8826, loss_rpn_cls: 0.0493, loss_rpn_bbox: 0.0594, loss_cls: 0.2700, acc: 91.5750, loss_bbox: 0.2866, loss: 0.6653
2021-05-10 14:02:07,365 - mmdet - INFO - Epoch [2][1750/7330]	lr: 2.000e-02, eta: 15:14:49, time: 0.706, data_time: 0.214, memory: 8826, loss_rpn_cls: 0.0440, loss_rpn_bbox: 0.0604, loss_cls: 0.2822, acc: 91.1309, loss_bbox: 0.3027, loss: 0.6893
2021-05-10 14:02:43,986 - mmdet - INFO - Epoch [2][1800/7330]	lr: 2.000e-02, eta: 15:14:31, time: 0.733, data_time: 0.215, memory: 8826, loss_rpn_cls: 0.0466, loss_rpn_bbox: 0.0630, loss_cls: 0.2865, acc: 90.9951, loss_bbox: 0.2998, loss: 0.6959
2021-05-10 14:03:18,371 - mmdet - INFO - Epoch [2][1850/7330]	lr: 2.000e-02, eta: 15:13:52, time: 0.687, data_time: 0.211, memory: 8826, loss_rpn_cls: 0.0436, loss_rpn_bbox: 0.0571, loss_cls: 0.2772, acc: 91.6426, loss_bbox: 0.2834, loss: 0.6614
2021-05-10 14:03:53,425 - mmdet - INFO - Epoch [2][1900/7330]	lr: 2.000e-02, eta: 15:13:19, time: 0.701, data_time: 0.207, memory: 8826, loss_rpn_cls: 0.0478, loss_rpn_bbox: 0.0606, loss_cls: 0.2758, acc: 91.4229, loss_bbox: 0.2878, loss: 0.6720
2021-05-10 14:04:27,245 - mmdet - INFO - Epoch [2][1950/7330]	lr: 2.000e-02, eta: 15:12:36, time: 0.677, data_time: 0.195, memory: 8826, loss_rpn_cls: 0.0460, loss_rpn_bbox: 0.0605, loss_cls: 0.2756, acc: 91.4734, loss_bbox: 0.2833, loss: 0.6654
2021-05-10 14:05:03,341 - mmdet - INFO - Epoch [2][2000/7330]	lr: 2.000e-02, eta: 15:12:13, time: 0.722, data_time: 0.208, memory: 8826, loss_rpn_cls: 0.0435, loss_rpn_bbox: 0.0614, loss_cls: 0.2846, acc: 90.9519, loss_bbox: 0.3078, loss: 0.6972
2021-05-10 14:05:38,007 - mmdet - INFO - Epoch [2][2050/7330]	lr: 2.000e-02, eta: 15:11:37, time: 0.693, data_time: 0.201, memory: 8826, loss_rpn_cls: 0.0405, loss_rpn_bbox: 0.0588, loss_cls: 0.2804, acc: 91.1687, loss_bbox: 0.2901, loss: 0.6698
2021-05-10 14:06:14,003 - mmdet - INFO - Epoch [2][2100/7330]	lr: 2.000e-02, eta: 15:11:12, time: 0.720, data_time: 0.204, memory: 8826, loss_rpn_cls: 0.0434, loss_rpn_bbox: 0.0605, loss_cls: 0.2798, acc: 91.2742, loss_bbox: 0.2917, loss: 0.6754
2021-05-10 14:06:49,070 - mmdet - INFO - Epoch [2][2150/7330]	lr: 2.000e-02, eta: 15:10:39, time: 0.701, data_time: 0.198, memory: 8826, loss_rpn_cls: 0.0446, loss_rpn_bbox: 0.0626, loss_cls: 0.2771, acc: 91.2939, loss_bbox: 0.2973, loss: 0.6816
2021-05-10 14:07:23,572 - mmdet - INFO - Epoch [2][2200/7330]	lr: 2.000e-02, eta: 15:10:02, time: 0.691, data_time: 0.197, memory: 8826, loss_rpn_cls: 0.0428, loss_rpn_bbox: 0.0578, loss_cls: 0.2600, acc: 91.7468, loss_bbox: 0.2834, loss: 0.6441
2021-05-10 14:07:59,525 - mmdet - INFO - Epoch [2][2250/7330]	lr: 2.000e-02, eta: 15:09:36, time: 0.718, data_time: 0.213, memory: 8826, loss_rpn_cls: 0.0452, loss_rpn_bbox: 0.0605, loss_cls: 0.2824, acc: 91.2007, loss_bbox: 0.2968, loss: 0.6848
2021-05-10 14:08:33,786 - mmdet - INFO - Epoch [2][2300/7330]	lr: 2.000e-02, eta: 15:08:57, time: 0.686, data_time: 0.201, memory: 8826, loss_rpn_cls: 0.0469, loss_rpn_bbox: 0.0583, loss_cls: 0.2886, acc: 90.7815, loss_bbox: 0.3087, loss: 0.7025
2021-05-10 14:09:07,321 - mmdet - INFO - Epoch [2][2350/7330]	lr: 2.000e-02, eta: 15:08:11, time: 0.670, data_time: 0.186, memory: 8826, loss_rpn_cls: 0.0430, loss_rpn_bbox: 0.0582, loss_cls: 0.2787, acc: 91.3743, loss_bbox: 0.2913, loss: 0.6712
2021-05-10 14:09:41,796 - mmdet - INFO - Epoch [2][2400/7330]	lr: 2.000e-02, eta: 15:07:34, time: 0.690, data_time: 0.202, memory: 8826, loss_rpn_cls: 0.0420, loss_rpn_bbox: 0.0566, loss_cls: 0.2685, acc: 91.7305, loss_bbox: 0.2800, loss: 0.6471
2021-05-10 14:10:16,599 - mmdet - INFO - Epoch [2][2450/7330]	lr: 2.000e-02, eta: 15:06:59, time: 0.695, data_time: 0.221, memory: 8826, loss_rpn_cls: 0.0454, loss_rpn_bbox: 0.0589, loss_cls: 0.2759, acc: 91.5312, loss_bbox: 0.2895, loss: 0.6697
2021-05-10 14:10:51,420 - mmdet - INFO - Epoch [2][2500/7330]	lr: 2.000e-02, eta: 15:06:25, time: 0.697, data_time: 0.207, memory: 8826, loss_rpn_cls: 0.0420, loss_rpn_bbox: 0.0579, loss_cls: 0.2720, acc: 91.4609, loss_bbox: 0.2903, loss: 0.6623
2021-05-10 14:11:25,132 - mmdet - INFO - Epoch [2][2550/7330]	lr: 2.000e-02, eta: 15:05:41, time: 0.674, data_time: 0.194, memory: 8826, loss_rpn_cls: 0.0454, loss_rpn_bbox: 0.0572, loss_cls: 0.2714, acc: 91.6313, loss_bbox: 0.2887, loss: 0.6626
2021-05-10 14:11:59,861 - mmdet - INFO - Epoch [2][2600/7330]	lr: 2.000e-02, eta: 15:05:06, time: 0.695, data_time: 0.217, memory: 8826, loss_rpn_cls: 0.0488, loss_rpn_bbox: 0.0596, loss_cls: 0.2839, acc: 91.2773, loss_bbox: 0.2908, loss: 0.6832
2021-05-10 14:12:34,549 - mmdet - INFO - Epoch [2][2650/7330]	lr: 2.000e-02, eta: 15:04:30, time: 0.693, data_time: 0.198, memory: 8826, loss_rpn_cls: 0.0465, loss_rpn_bbox: 0.0592, loss_cls: 0.2781, acc: 91.2668, loss_bbox: 0.2896, loss: 0.6735
2021-05-10 14:13:10,357 - mmdet - INFO - Epoch [2][2700/7330]	lr: 2.000e-02, eta: 15:04:03, time: 0.716, data_time: 0.213, memory: 8826, loss_rpn_cls: 0.0461, loss_rpn_bbox: 0.0603, loss_cls: 0.2790, acc: 91.1895, loss_bbox: 0.2973, loss: 0.6827
2021-05-10 14:13:45,679 - mmdet - INFO - Epoch [2][2750/7330]	lr: 2.000e-02, eta: 15:03:33, time: 0.707, data_time: 0.205, memory: 8826, loss_rpn_cls: 0.0413, loss_rpn_bbox: 0.0589, loss_cls: 0.2723, acc: 91.3552, loss_bbox: 0.2887, loss: 0.6612
2021-05-10 14:14:23,978 - mmdet - INFO - Epoch [2][2800/7330]	lr: 2.000e-02, eta: 15:03:24, time: 0.766, data_time: 0.238, memory: 8826, loss_rpn_cls: 0.0441, loss_rpn_bbox: 0.0573, loss_cls: 0.2826, acc: 91.3604, loss_bbox: 0.2895, loss: 0.6736
2021-05-10 14:15:00,537 - mmdet - INFO - Epoch [2][2850/7330]	lr: 2.000e-02, eta: 15:03:03, time: 0.731, data_time: 0.239, memory: 8826, loss_rpn_cls: 0.0408, loss_rpn_bbox: 0.0599, loss_cls: 0.2875, acc: 91.0925, loss_bbox: 0.2962, loss: 0.6844
2021-05-10 14:15:37,068 - mmdet - INFO - Epoch [2][2900/7330]	lr: 2.000e-02, eta: 15:02:41, time: 0.731, data_time: 0.239, memory: 8826, loss_rpn_cls: 0.0446, loss_rpn_bbox: 0.0604, loss_cls: 0.2700, acc: 91.4346, loss_bbox: 0.2901, loss: 0.6652
2021-05-10 14:16:14,075 - mmdet - INFO - Epoch [2][2950/7330]	lr: 2.000e-02, eta: 15:02:23, time: 0.740, data_time: 0.231, memory: 8826, loss_rpn_cls: 0.0478, loss_rpn_bbox: 0.0621, loss_cls: 0.2877, acc: 91.1919, loss_bbox: 0.2965, loss: 0.6941
2021-05-10 14:16:50,034 - mmdet - INFO - Epoch [2][3000/7330]	lr: 2.000e-02, eta: 15:01:56, time: 0.719, data_time: 0.232, memory: 8826, loss_rpn_cls: 0.0444, loss_rpn_bbox: 0.0599, loss_cls: 0.2783, acc: 91.2690, loss_bbox: 0.2955, loss: 0.6781
2021-05-10 14:17:28,315 - mmdet - INFO - Epoch [2][3050/7330]	lr: 2.000e-02, eta: 15:01:47, time: 0.765, data_time: 0.241, memory: 8826, loss_rpn_cls: 0.0416, loss_rpn_bbox: 0.0597, loss_cls: 0.2812, acc: 91.1462, loss_bbox: 0.2978, loss: 0.6803
2021-05-10 14:18:04,365 - mmdet - INFO - Epoch [2][3100/7330]	lr: 2.000e-02, eta: 15:01:21, time: 0.721, data_time: 0.211, memory: 8826, loss_rpn_cls: 0.0440, loss_rpn_bbox: 0.0584, loss_cls: 0.2721, acc: 91.4592, loss_bbox: 0.2915, loss: 0.6660
2021-05-10 14:18:42,260 - mmdet - INFO - Epoch [2][3150/7330]	lr: 2.000e-02, eta: 15:01:08, time: 0.758, data_time: 0.241, memory: 8826, loss_rpn_cls: 0.0423, loss_rpn_bbox: 0.0573, loss_cls: 0.2745, acc: 91.3748, loss_bbox: 0.2918, loss: 0.6659
2021-05-10 14:19:20,755 - mmdet - INFO - Epoch [2][3200/7330]	lr: 2.000e-02, eta: 15:01:00, time: 0.770, data_time: 0.234, memory: 8826, loss_rpn_cls: 0.0391, loss_rpn_bbox: 0.0566, loss_cls: 0.2703, acc: 91.7014, loss_bbox: 0.2792, loss: 0.6451
2021-05-10 14:19:59,704 - mmdet - INFO - Epoch [2][3250/7330]	lr: 2.000e-02, eta: 15:00:54, time: 0.778, data_time: 0.225, memory: 8826, loss_rpn_cls: 0.0438, loss_rpn_bbox: 0.0579, loss_cls: 0.2712, acc: 91.4104, loss_bbox: 0.2888, loss: 0.6617
2021-05-10 14:20:38,880 - mmdet - INFO - Epoch [2][3300/7330]	lr: 2.000e-02, eta: 15:00:50, time: 0.783, data_time: 0.243, memory: 8826, loss_rpn_cls: 0.0433, loss_rpn_bbox: 0.0565, loss_cls: 0.2678, acc: 91.6484, loss_bbox: 0.2800, loss: 0.6476
2021-05-10 14:21:14,794 - mmdet - INFO - Epoch [2][3350/7330]	lr: 2.000e-02, eta: 15:00:22, time: 0.718, data_time: 0.215, memory: 8826, loss_rpn_cls: 0.0425, loss_rpn_bbox: 0.0586, loss_cls: 0.2887, acc: 91.0549, loss_bbox: 0.2957, loss: 0.6855
2021-05-10 14:21:49,515 - mmdet - INFO - Epoch [2][3400/7330]	lr: 2.000e-02, eta: 14:59:46, time: 0.695, data_time: 0.213, memory: 8826, loss_rpn_cls: 0.0453, loss_rpn_bbox: 0.0590, loss_cls: 0.2788, acc: 91.4019, loss_bbox: 0.2862, loss: 0.6694
2021-05-10 14:22:25,170 - mmdet - INFO - Epoch [2][3450/7330]	lr: 2.000e-02, eta: 14:59:16, time: 0.713, data_time: 0.216, memory: 8826, loss_rpn_cls: 0.0417, loss_rpn_bbox: 0.0539, loss_cls: 0.2619, acc: 91.9663, loss_bbox: 0.2691, loss: 0.6267
2021-05-10 14:23:00,949 - mmdet - INFO - Epoch [2][3500/7330]	lr: 2.000e-02, eta: 14:58:47, time: 0.715, data_time: 0.216, memory: 8826, loss_rpn_cls: 0.0467, loss_rpn_bbox: 0.0620, loss_cls: 0.2874, acc: 90.8516, loss_bbox: 0.3070, loss: 0.7031
2021-05-10 14:23:34,199 - mmdet - INFO - Epoch [2][3550/7330]	lr: 2.000e-02, eta: 14:58:00, time: 0.665, data_time: 0.200, memory: 8826, loss_rpn_cls: 0.0448, loss_rpn_bbox: 0.0604, loss_cls: 0.2802, acc: 91.0916, loss_bbox: 0.2970, loss: 0.6823
2021-05-10 14:24:08,174 - mmdet - INFO - Epoch [2][3600/7330]	lr: 2.000e-02, eta: 14:57:18, time: 0.680, data_time: 0.203, memory: 8826, loss_rpn_cls: 0.0413, loss_rpn_bbox: 0.0552, loss_cls: 0.2651, acc: 91.6555, loss_bbox: 0.2819, loss: 0.6436
2021-05-10 14:24:43,327 - mmdet - INFO - Epoch [2][3650/7330]	lr: 2.000e-02, eta: 14:56:44, time: 0.703, data_time: 0.200, memory: 8826, loss_rpn_cls: 0.0452, loss_rpn_bbox: 0.0608, loss_cls: 0.2726, acc: 91.3306, loss_bbox: 0.2878, loss: 0.6663
2021-05-10 14:25:18,562 - mmdet - INFO - Epoch [2][3700/7330]	lr: 2.000e-02, eta: 14:56:11, time: 0.704, data_time: 0.199, memory: 8826, loss_rpn_cls: 0.0419, loss_rpn_bbox: 0.0567, loss_cls: 0.2771, acc: 91.2546, loss_bbox: 0.2872, loss: 0.6628
2021-05-10 14:25:56,284 - mmdet - INFO - Epoch [2][3750/7330]	lr: 2.000e-02, eta: 14:55:56, time: 0.755, data_time: 0.225, memory: 8826, loss_rpn_cls: 0.0428, loss_rpn_bbox: 0.0581, loss_cls: 0.2735, acc: 91.3792, loss_bbox: 0.2868, loss: 0.6612
2021-05-10 14:26:30,548 - mmdet - INFO - Epoch [2][3800/7330]	lr: 2.000e-02, eta: 14:55:16, time: 0.685, data_time: 0.204, memory: 8826, loss_rpn_cls: 0.0451, loss_rpn_bbox: 0.0622, loss_cls: 0.2812, acc: 91.0930, loss_bbox: 0.2962, loss: 0.6848
2021-05-10 14:27:05,617 - mmdet - INFO - Epoch [2][3850/7330]	lr: 2.000e-02, eta: 14:54:42, time: 0.701, data_time: 0.196, memory: 8826, loss_rpn_cls: 0.0417, loss_rpn_bbox: 0.0589, loss_cls: 0.2716, acc: 91.5032, loss_bbox: 0.2869, loss: 0.6590
2021-05-10 14:27:41,067 - mmdet - INFO - Epoch [2][3900/7330]	lr: 2.000e-02, eta: 14:54:10, time: 0.709, data_time: 0.203, memory: 8826, loss_rpn_cls: 0.0430, loss_rpn_bbox: 0.0595, loss_cls: 0.2823, acc: 91.1985, loss_bbox: 0.2949, loss: 0.6798
2021-05-10 14:28:15,152 - mmdet - INFO - Epoch [2][3950/7330]	lr: 2.000e-02, eta: 14:53:29, time: 0.681, data_time: 0.195, memory: 8826, loss_rpn_cls: 0.0473, loss_rpn_bbox: 0.0608, loss_cls: 0.2807, acc: 91.0688, loss_bbox: 0.3030, loss: 0.6918
2021-05-10 14:28:50,324 - mmdet - INFO - Epoch [2][4000/7330]	lr: 2.000e-02, eta: 14:52:56, time: 0.703, data_time: 0.208, memory: 8826, loss_rpn_cls: 0.0451, loss_rpn_bbox: 0.0599, loss_cls: 0.2723, acc: 91.5100, loss_bbox: 0.2824, loss: 0.6597
2021-05-10 14:29:24,509 - mmdet - INFO - Epoch [2][4050/7330]	lr: 2.000e-02, eta: 14:52:15, time: 0.684, data_time: 0.196, memory: 8826, loss_rpn_cls: 0.0439, loss_rpn_bbox: 0.0575, loss_cls: 0.2681, acc: 91.4851, loss_bbox: 0.2871, loss: 0.6566
2021-05-10 14:29:57,816 - mmdet - INFO - Epoch [2][4100/7330]	lr: 2.000e-02, eta: 14:51:29, time: 0.666, data_time: 0.201, memory: 8826, loss_rpn_cls: 0.0450, loss_rpn_bbox: 0.0573, loss_cls: 0.2632, acc: 91.5383, loss_bbox: 0.2813, loss: 0.6467
2021-05-10 14:30:32,175 - mmdet - INFO - Epoch [2][4150/7330]	lr: 2.000e-02, eta: 14:50:51, time: 0.688, data_time: 0.196, memory: 8826, loss_rpn_cls: 0.0408, loss_rpn_bbox: 0.0557, loss_cls: 0.2658, acc: 91.7378, loss_bbox: 0.2767, loss: 0.6390
2021-05-10 14:31:08,710 - mmdet - INFO - Epoch [2][4200/7330]	lr: 2.000e-02, eta: 14:50:26, time: 0.730, data_time: 0.211, memory: 8826, loss_rpn_cls: 0.0431, loss_rpn_bbox: 0.0621, loss_cls: 0.2733, acc: 91.3604, loss_bbox: 0.2925, loss: 0.6710
2021-05-10 14:31:47,243 - mmdet - INFO - Epoch [2][4250/7330]	lr: 2.000e-02, eta: 14:50:15, time: 0.771, data_time: 0.235, memory: 8826, loss_rpn_cls: 0.0426, loss_rpn_bbox: 0.0557, loss_cls: 0.2654, acc: 91.8027, loss_bbox: 0.2781, loss: 0.6418
2021-05-10 14:32:25,629 - mmdet - INFO - Epoch [2][4300/7330]	lr: 2.000e-02, eta: 14:50:02, time: 0.767, data_time: 0.223, memory: 8826, loss_rpn_cls: 0.0460, loss_rpn_bbox: 0.0630, loss_cls: 0.2891, acc: 90.8660, loss_bbox: 0.3030, loss: 0.7010
2021-05-10 14:33:01,152 - mmdet - INFO - Epoch [2][4350/7330]	lr: 2.000e-02, eta: 14:49:31, time: 0.711, data_time: 0.207, memory: 8826, loss_rpn_cls: 0.0458, loss_rpn_bbox: 0.0581, loss_cls: 0.2677, acc: 91.4016, loss_bbox: 0.2893, loss: 0.6609
2021-05-10 14:33:36,349 - mmdet - INFO - Epoch [2][4400/7330]	lr: 2.000e-02, eta: 14:48:57, time: 0.703, data_time: 0.213, memory: 8826, loss_rpn_cls: 0.0429, loss_rpn_bbox: 0.0575, loss_cls: 0.2767, acc: 91.4482, loss_bbox: 0.2887, loss: 0.6658
2021-05-10 14:34:14,066 - mmdet - INFO - Epoch [2][4450/7330]	lr: 2.000e-02, eta: 14:48:40, time: 0.755, data_time: 0.252, memory: 8826, loss_rpn_cls: 0.0428, loss_rpn_bbox: 0.0582, loss_cls: 0.2783, acc: 91.1260, loss_bbox: 0.2984, loss: 0.6777
2021-05-10 14:34:50,943 - mmdet - INFO - Epoch [2][4500/7330]	lr: 2.000e-02, eta: 14:48:17, time: 0.737, data_time: 0.228, memory: 8826, loss_rpn_cls: 0.0395, loss_rpn_bbox: 0.0562, loss_cls: 0.2576, acc: 91.8679, loss_bbox: 0.2798, loss: 0.6330
2021-05-10 14:35:27,870 - mmdet - INFO - Epoch [2][4550/7330]	lr: 2.000e-02, eta: 14:47:54, time: 0.738, data_time: 0.226, memory: 8826, loss_rpn_cls: 0.0463, loss_rpn_bbox: 0.0612, loss_cls: 0.2859, acc: 91.0735, loss_bbox: 0.2975, loss: 0.6908
2021-05-10 14:36:03,832 - mmdet - INFO - Epoch [2][4600/7330]	lr: 2.000e-02, eta: 14:47:25, time: 0.720, data_time: 0.216, memory: 8826, loss_rpn_cls: 0.0439, loss_rpn_bbox: 0.0589, loss_cls: 0.2849, acc: 91.2043, loss_bbox: 0.2947, loss: 0.6823
2021-05-10 14:36:39,281 - mmdet - INFO - Epoch [2][4650/7330]	lr: 2.000e-02, eta: 14:46:53, time: 0.709, data_time: 0.206, memory: 8826, loss_rpn_cls: 0.0479, loss_rpn_bbox: 0.0580, loss_cls: 0.2803, acc: 91.1067, loss_bbox: 0.2984, loss: 0.6845
2021-05-10 14:37:13,779 - mmdet - INFO - Epoch [2][4700/7330]	lr: 2.000e-02, eta: 14:46:15, time: 0.690, data_time: 0.208, memory: 8826, loss_rpn_cls: 0.0419, loss_rpn_bbox: 0.0568, loss_cls: 0.2766, acc: 91.4019, loss_bbox: 0.2866, loss: 0.6619
2021-05-10 14:37:49,234 - mmdet - INFO - Epoch [2][4750/7330]	lr: 2.000e-02, eta: 14:45:42, time: 0.709, data_time: 0.211, memory: 8826, loss_rpn_cls: 0.0448, loss_rpn_bbox: 0.0571, loss_cls: 0.2740, acc: 91.4236, loss_bbox: 0.2886, loss: 0.6646
2021-05-10 14:38:27,075 - mmdet - INFO - Epoch [2][4800/7330]	lr: 2.000e-02, eta: 14:45:25, time: 0.757, data_time: 0.214, memory: 8826, loss_rpn_cls: 0.0420, loss_rpn_bbox: 0.0570, loss_cls: 0.2588, acc: 91.9355, loss_bbox: 0.2740, loss: 0.6319
2021-05-10 14:39:03,040 - mmdet - INFO - Epoch [2][4850/7330]	lr: 2.000e-02, eta: 14:44:56, time: 0.719, data_time: 0.222, memory: 8826, loss_rpn_cls: 0.0426, loss_rpn_bbox: 0.0572, loss_cls: 0.2673, acc: 91.7361, loss_bbox: 0.2763, loss: 0.6434
2021-05-10 14:39:38,443 - mmdet - INFO - Epoch [2][4900/7330]	lr: 2.000e-02, eta: 14:44:23, time: 0.708, data_time: 0.196, memory: 8826, loss_rpn_cls: 0.0436, loss_rpn_bbox: 0.0583, loss_cls: 0.2814, acc: 91.1855, loss_bbox: 0.2928, loss: 0.6761
2021-05-10 14:40:12,130 - mmdet - INFO - Epoch [2][4950/7330]	lr: 2.000e-02, eta: 14:43:40, time: 0.673, data_time: 0.202, memory: 8826, loss_rpn_cls: 0.0408, loss_rpn_bbox: 0.0557, loss_cls: 0.2724, acc: 91.3354, loss_bbox: 0.2907, loss: 0.6596
2021-05-10 14:40:45,078 - mmdet - INFO - Epoch [2][5000/7330]	lr: 2.000e-02, eta: 14:42:52, time: 0.659, data_time: 0.186, memory: 8826, loss_rpn_cls: 0.0446, loss_rpn_bbox: 0.0565, loss_cls: 0.2742, acc: 91.2961, loss_bbox: 0.2970, loss: 0.6723
2021-05-10 14:41:20,363 - mmdet - INFO - Epoch [2][5050/7330]	lr: 2.000e-02, eta: 14:42:19, time: 0.706, data_time: 0.215, memory: 8826, loss_rpn_cls: 0.0416, loss_rpn_bbox: 0.0588, loss_cls: 0.2656, acc: 91.5083, loss_bbox: 0.2829, loss: 0.6489
2021-05-10 14:41:54,445 - mmdet - INFO - Epoch [2][5100/7330]	lr: 2.000e-02, eta: 14:41:38, time: 0.682, data_time: 0.191, memory: 8826, loss_rpn_cls: 0.0440, loss_rpn_bbox: 0.0555, loss_cls: 0.2700, acc: 91.4568, loss_bbox: 0.2897, loss: 0.6591
2021-05-10 14:42:28,672 - mmdet - INFO - Epoch [2][5150/7330]	lr: 2.000e-02, eta: 14:40:58, time: 0.685, data_time: 0.205, memory: 8826, loss_rpn_cls: 0.0442, loss_rpn_bbox: 0.0573, loss_cls: 0.2841, acc: 91.0554, loss_bbox: 0.2947, loss: 0.6804
2021-05-10 14:43:06,883 - mmdet - INFO - Epoch [2][5200/7330]	lr: 2.000e-02, eta: 14:40:42, time: 0.764, data_time: 0.242, memory: 8826, loss_rpn_cls: 0.0455, loss_rpn_bbox: 0.0595, loss_cls: 0.2887, acc: 90.9727, loss_bbox: 0.2930, loss: 0.6867
2021-05-10 14:43:42,980 - mmdet - INFO - Epoch [2][5250/7330]	lr: 2.000e-02, eta: 14:40:14, time: 0.722, data_time: 0.213, memory: 8826, loss_rpn_cls: 0.0463, loss_rpn_bbox: 0.0617, loss_cls: 0.2841, acc: 91.1597, loss_bbox: 0.2958, loss: 0.6879
2021-05-10 14:44:18,776 - mmdet - INFO - Epoch [2][5300/7330]	lr: 2.000e-02, eta: 14:39:43, time: 0.716, data_time: 0.204, memory: 8826, loss_rpn_cls: 0.0441, loss_rpn_bbox: 0.0588, loss_cls: 0.2676, acc: 91.4006, loss_bbox: 0.2922, loss: 0.6627
2021-05-10 14:44:54,238 - mmdet - INFO - Epoch [2][5350/7330]	lr: 2.000e-02, eta: 14:39:11, time: 0.709, data_time: 0.214, memory: 8826, loss_rpn_cls: 0.0442, loss_rpn_bbox: 0.0605, loss_cls: 0.2706, acc: 91.2842, loss_bbox: 0.2920, loss: 0.6672
2021-05-10 14:45:30,254 - mmdet - INFO - Epoch [2][5400/7330]	lr: 2.000e-02, eta: 14:38:41, time: 0.720, data_time: 0.225, memory: 8826, loss_rpn_cls: 0.0384, loss_rpn_bbox: 0.0557, loss_cls: 0.2746, acc: 91.3347, loss_bbox: 0.2845, loss: 0.6532
2021-05-10 14:46:04,865 - mmdet - INFO - Epoch [2][5450/7330]	lr: 2.000e-02, eta: 14:38:04, time: 0.693, data_time: 0.204, memory: 8826, loss_rpn_cls: 0.0457, loss_rpn_bbox: 0.0601, loss_cls: 0.2780, acc: 91.2222, loss_bbox: 0.2879, loss: 0.6717
2021-05-10 14:46:39,764 - mmdet - INFO - Epoch [2][5500/7330]	lr: 2.000e-02, eta: 14:37:28, time: 0.698, data_time: 0.196, memory: 8826, loss_rpn_cls: 0.0441, loss_rpn_bbox: 0.0592, loss_cls: 0.2807, acc: 91.0923, loss_bbox: 0.2985, loss: 0.6825
2021-05-10 14:47:12,378 - mmdet - INFO - Epoch [2][5550/7330]	lr: 2.000e-02, eta: 14:36:39, time: 0.652, data_time: 0.196, memory: 8826, loss_rpn_cls: 0.0444, loss_rpn_bbox: 0.0589, loss_cls: 0.2757, acc: 91.2559, loss_bbox: 0.2965, loss: 0.6755
2021-05-10 14:47:46,064 - mmdet - INFO - Epoch [2][5600/7330]	lr: 2.000e-02, eta: 14:35:56, time: 0.674, data_time: 0.199, memory: 8826, loss_rpn_cls: 0.0457, loss_rpn_bbox: 0.0620, loss_cls: 0.2859, acc: 91.1646, loss_bbox: 0.2940, loss: 0.6875
2021-05-10 14:48:19,812 - mmdet - INFO - Epoch [2][5650/7330]	lr: 2.000e-02, eta: 14:35:14, time: 0.675, data_time: 0.194, memory: 8826, loss_rpn_cls: 0.0421, loss_rpn_bbox: 0.0552, loss_cls: 0.2668, acc: 91.6809, loss_bbox: 0.2805, loss: 0.6446
2021-05-10 14:48:54,349 - mmdet - INFO - Epoch [2][5700/7330]	lr: 2.000e-02, eta: 14:34:36, time: 0.691, data_time: 0.207, memory: 8826, loss_rpn_cls: 0.0428, loss_rpn_bbox: 0.0588, loss_cls: 0.2829, acc: 91.1677, loss_bbox: 0.2934, loss: 0.6779
2021-05-10 14:49:29,154 - mmdet - INFO - Epoch [2][5750/7330]	lr: 2.000e-02, eta: 14:34:00, time: 0.697, data_time: 0.206, memory: 8826, loss_rpn_cls: 0.0434, loss_rpn_bbox: 0.0585, loss_cls: 0.2770, acc: 91.2947, loss_bbox: 0.2866, loss: 0.6654
2021-05-10 14:50:04,106 - mmdet - INFO - Epoch [2][5800/7330]	lr: 2.000e-02, eta: 14:33:24, time: 0.699, data_time: 0.201, memory: 8826, loss_rpn_cls: 0.0405, loss_rpn_bbox: 0.0606, loss_cls: 0.2788, acc: 91.1089, loss_bbox: 0.2920, loss: 0.6718
2021-05-10 14:50:40,230 - mmdet - INFO - Epoch [2][5850/7330]	lr: 2.000e-02, eta: 14:32:55, time: 0.722, data_time: 0.207, memory: 8826, loss_rpn_cls: 0.0453, loss_rpn_bbox: 0.0597, loss_cls: 0.2687, acc: 91.5845, loss_bbox: 0.2808, loss: 0.6545
2021-05-10 14:51:12,885 - mmdet - INFO - Epoch [2][5900/7330]	lr: 2.000e-02, eta: 14:32:07, time: 0.653, data_time: 0.186, memory: 8826, loss_rpn_cls: 0.0453, loss_rpn_bbox: 0.0571, loss_cls: 0.2744, acc: 91.3198, loss_bbox: 0.2899, loss: 0.6667
2021-05-10 14:51:46,993 - mmdet - INFO - Epoch [2][5950/7330]	lr: 2.000e-02, eta: 14:31:27, time: 0.682, data_time: 0.199, memory: 8826, loss_rpn_cls: 0.0417, loss_rpn_bbox: 0.0564, loss_cls: 0.2703, acc: 91.5464, loss_bbox: 0.2846, loss: 0.6530
2021-05-10 14:52:20,528 - mmdet - INFO - Epoch [2][6000/7330]	lr: 2.000e-02, eta: 14:30:44, time: 0.671, data_time: 0.188, memory: 8826, loss_rpn_cls: 0.0439, loss_rpn_bbox: 0.0586, loss_cls: 0.2769, acc: 91.3740, loss_bbox: 0.2870, loss: 0.6663
2021-05-10 14:52:54,764 - mmdet - INFO - Epoch [2][6050/7330]	lr: 2.000e-02, eta: 14:30:04, time: 0.685, data_time: 0.196, memory: 8826, loss_rpn_cls: 0.0418, loss_rpn_bbox: 0.0590, loss_cls: 0.2657, acc: 91.5955, loss_bbox: 0.2771, loss: 0.6436
2021-05-10 14:53:30,167 - mmdet - INFO - Epoch [2][6100/7330]	lr: 2.000e-02, eta: 14:29:32, time: 0.708, data_time: 0.205, memory: 8826, loss_rpn_cls: 0.0402, loss_rpn_bbox: 0.0548, loss_cls: 0.2691, acc: 91.3860, loss_bbox: 0.2863, loss: 0.6504
2021-05-10 14:54:06,651 - mmdet - INFO - Epoch [2][6150/7330]	lr: 2.000e-02, eta: 14:29:05, time: 0.730, data_time: 0.220, memory: 8826, loss_rpn_cls: 0.0422, loss_rpn_bbox: 0.0599, loss_cls: 0.2686, acc: 91.4695, loss_bbox: 0.2858, loss: 0.6565
2021-05-10 14:54:41,206 - mmdet - INFO - Epoch [2][6200/7330]	lr: 2.000e-02, eta: 14:28:28, time: 0.691, data_time: 0.204, memory: 8826, loss_rpn_cls: 0.0446, loss_rpn_bbox: 0.0579, loss_cls: 0.2866, acc: 90.9895, loss_bbox: 0.2944, loss: 0.6835
2021-05-10 14:55:14,589 - mmdet - INFO - Epoch [2][6250/7330]	lr: 2.000e-02, eta: 14:27:43, time: 0.667, data_time: 0.185, memory: 8826, loss_rpn_cls: 0.0457, loss_rpn_bbox: 0.0604, loss_cls: 0.2726, acc: 91.3750, loss_bbox: 0.2912, loss: 0.6699
2021-05-10 14:55:50,584 - mmdet - INFO - Epoch [2][6300/7330]	lr: 2.000e-02, eta: 14:27:14, time: 0.720, data_time: 0.215, memory: 8826, loss_rpn_cls: 0.0429, loss_rpn_bbox: 0.0595, loss_cls: 0.2645, acc: 91.6929, loss_bbox: 0.2796, loss: 0.6465
2021-05-10 14:56:25,385 - mmdet - INFO - Epoch [2][6350/7330]	lr: 2.000e-02, eta: 14:26:38, time: 0.696, data_time: 0.203, memory: 8826, loss_rpn_cls: 0.0447, loss_rpn_bbox: 0.0562, loss_cls: 0.2790, acc: 91.3896, loss_bbox: 0.2799, loss: 0.6598
2021-05-10 14:57:00,760 - mmdet - INFO - Epoch [2][6400/7330]	lr: 2.000e-02, eta: 14:26:05, time: 0.708, data_time: 0.205, memory: 8826, loss_rpn_cls: 0.0421, loss_rpn_bbox: 0.0613, loss_cls: 0.2861, acc: 90.9875, loss_bbox: 0.2994, loss: 0.6889
2021-05-10 14:57:35,046 - mmdet - INFO - Epoch [2][6450/7330]	lr: 2.000e-02, eta: 14:25:26, time: 0.685, data_time: 0.197, memory: 8826, loss_rpn_cls: 0.0395, loss_rpn_bbox: 0.0553, loss_cls: 0.2521, acc: 92.0923, loss_bbox: 0.2650, loss: 0.6118
2021-05-10 14:58:10,225 - mmdet - INFO - Epoch [2][6500/7330]	lr: 2.000e-02, eta: 14:24:52, time: 0.703, data_time: 0.195, memory: 8826, loss_rpn_cls: 0.0447, loss_rpn_bbox: 0.0603, loss_cls: 0.2688, acc: 91.4023, loss_bbox: 0.2865, loss: 0.6604
2021-05-10 14:58:45,211 - mmdet - INFO - Epoch [2][6550/7330]	lr: 2.000e-02, eta: 14:24:17, time: 0.700, data_time: 0.193, memory: 8826, loss_rpn_cls: 0.0422, loss_rpn_bbox: 0.0562, loss_cls: 0.2692, acc: 91.6631, loss_bbox: 0.2749, loss: 0.6425
2021-05-10 14:59:19,982 - mmdet - INFO - Epoch [2][6600/7330]	lr: 2.000e-02, eta: 14:23:41, time: 0.695, data_time: 0.202, memory: 8826, loss_rpn_cls: 0.0451, loss_rpn_bbox: 0.0550, loss_cls: 0.2635, acc: 91.6506, loss_bbox: 0.2804, loss: 0.6441
2021-05-10 14:59:54,634 - mmdet - INFO - Epoch [2][6650/7330]	lr: 2.000e-02, eta: 14:23:04, time: 0.693, data_time: 0.203, memory: 8826, loss_rpn_cls: 0.0417, loss_rpn_bbox: 0.0594, loss_cls: 0.2800, acc: 91.0876, loss_bbox: 0.2962, loss: 0.6772
2021-05-10 15:00:30,252 - mmdet - INFO - Epoch [2][6700/7330]	lr: 2.000e-02, eta: 14:22:32, time: 0.712, data_time: 0.189, memory: 8826, loss_rpn_cls: 0.0455, loss_rpn_bbox: 0.0574, loss_cls: 0.2807, acc: 91.1731, loss_bbox: 0.3006, loss: 0.6841
2021-05-10 15:01:07,922 - mmdet - INFO - Epoch [2][6750/7330]	lr: 2.000e-02, eta: 14:22:11, time: 0.753, data_time: 0.218, memory: 8826, loss_rpn_cls: 0.0429, loss_rpn_bbox: 0.0590, loss_cls: 0.2675, acc: 91.5120, loss_bbox: 0.2814, loss: 0.6508
2021-05-10 15:01:43,957 - mmdet - INFO - Epoch [2][6800/7330]	lr: 2.000e-02, eta: 14:21:41, time: 0.721, data_time: 0.210, memory: 8826, loss_rpn_cls: 0.0407, loss_rpn_bbox: 0.0556, loss_cls: 0.2690, acc: 91.5085, loss_bbox: 0.2807, loss: 0.6460
2021-05-10 15:02:18,692 - mmdet - INFO - Epoch [2][6850/7330]	lr: 2.000e-02, eta: 14:21:05, time: 0.694, data_time: 0.194, memory: 8826, loss_rpn_cls: 0.0433, loss_rpn_bbox: 0.0552, loss_cls: 0.2618, acc: 91.7695, loss_bbox: 0.2759, loss: 0.6362
2021-05-10 15:02:53,925 - mmdet - INFO - Epoch [2][6900/7330]	lr: 2.000e-02, eta: 14:20:31, time: 0.705, data_time: 0.210, memory: 8826, loss_rpn_cls: 0.0434, loss_rpn_bbox: 0.0577, loss_cls: 0.2705, acc: 91.4146, loss_bbox: 0.2832, loss: 0.6549
2021-05-10 15:03:28,374 - mmdet - INFO - Epoch [2][6950/7330]	lr: 2.000e-02, eta: 14:19:53, time: 0.689, data_time: 0.191, memory: 8826, loss_rpn_cls: 0.0411, loss_rpn_bbox: 0.0566, loss_cls: 0.2661, acc: 91.6831, loss_bbox: 0.2763, loss: 0.6401
2021-05-10 15:04:01,960 - mmdet - INFO - Epoch [2][7000/7330]	lr: 2.000e-02, eta: 14:19:11, time: 0.672, data_time: 0.182, memory: 8826, loss_rpn_cls: 0.0415, loss_rpn_bbox: 0.0586, loss_cls: 0.2665, acc: 91.5774, loss_bbox: 0.2858, loss: 0.6525
2021-05-10 15:04:38,478 - mmdet - INFO - Epoch [2][7050/7330]	lr: 2.000e-02, eta: 14:18:43, time: 0.730, data_time: 0.207, memory: 8826, loss_rpn_cls: 0.0389, loss_rpn_bbox: 0.0569, loss_cls: 0.2696, acc: 91.3926, loss_bbox: 0.2827, loss: 0.6480
2021-05-10 15:05:14,309 - mmdet - INFO - Epoch [2][7100/7330]	lr: 2.000e-02, eta: 14:18:13, time: 0.717, data_time: 0.212, memory: 8826, loss_rpn_cls: 0.0425, loss_rpn_bbox: 0.0578, loss_cls: 0.2689, acc: 91.4988, loss_bbox: 0.2862, loss: 0.6554
2021-05-10 15:05:50,156 - mmdet - INFO - Epoch [2][7150/7330]	lr: 2.000e-02, eta: 14:17:42, time: 0.716, data_time: 0.205, memory: 8826, loss_rpn_cls: 0.0427, loss_rpn_bbox: 0.0576, loss_cls: 0.2682, acc: 91.6218, loss_bbox: 0.2768, loss: 0.6453
2021-05-10 15:06:24,850 - mmdet - INFO - Epoch [2][7200/7330]	lr: 2.000e-02, eta: 14:17:05, time: 0.694, data_time: 0.201, memory: 8826, loss_rpn_cls: 0.0416, loss_rpn_bbox: 0.0535, loss_cls: 0.2550, acc: 91.9409, loss_bbox: 0.2709, loss: 0.6211
2021-05-10 15:06:58,187 - mmdet - INFO - Epoch [2][7250/7330]	lr: 2.000e-02, eta: 14:16:22, time: 0.667, data_time: 0.200, memory: 8826, loss_rpn_cls: 0.0438, loss_rpn_bbox: 0.0547, loss_cls: 0.2618, acc: 91.8301, loss_bbox: 0.2743, loss: 0.6346
2021-05-10 15:07:33,505 - mmdet - INFO - Epoch [2][7300/7330]	lr: 2.000e-02, eta: 14:15:48, time: 0.706, data_time: 0.206, memory: 8826, loss_rpn_cls: 0.0448, loss_rpn_bbox: 0.0566, loss_cls: 0.2650, acc: 91.7065, loss_bbox: 0.2860, loss: 0.6523
2021-05-10 15:07:55,812 - mmdet - INFO - Saving checkpoint at 2 epochs
2021-05-10 15:09:42,490 - mmdet - INFO - Evaluating bbox...
2021-05-10 15:10:33,123 - mmdet - INFO - Exp name: carafepp_coco_faster_r50_1x_3_kernelexp.py
2021-05-10 15:10:33,123 - mmdet - INFO - Epoch(val) [2][7330]	bbox_mAP: 0.2640, bbox_mAP_50: 0.4760, bbox_mAP_75: 0.2690, bbox_mAP_s: 0.1520, bbox_mAP_m: 0.2970, bbox_mAP_l: 0.3370, bbox_mAP_copypaste: 0.264 0.476 0.269 0.152 0.297 0.337
2021-05-10 15:11:11,174 - mmdet - INFO - Epoch [3][50/7330]	lr: 2.000e-02, eta: 14:13:23, time: 0.761, data_time: 0.272, memory: 8826, loss_rpn_cls: 0.0367, loss_rpn_bbox: 0.0568, loss_cls: 0.2535, acc: 91.7246, loss_bbox: 0.2770, loss: 0.6240
2021-05-10 15:11:47,489 - mmdet - INFO - Epoch [3][100/7330]	lr: 2.000e-02, eta: 14:12:54, time: 0.726, data_time: 0.210, memory: 8826, loss_rpn_cls: 0.0398, loss_rpn_bbox: 0.0571, loss_cls: 0.2557, acc: 91.7695, loss_bbox: 0.2784, loss: 0.6309
2021-05-10 15:12:22,603 - mmdet - INFO - Epoch [3][150/7330]	lr: 2.000e-02, eta: 14:12:20, time: 0.702, data_time: 0.197, memory: 8826, loss_rpn_cls: 0.0362, loss_rpn_bbox: 0.0551, loss_cls: 0.2483, acc: 91.8486, loss_bbox: 0.2719, loss: 0.6114
2021-05-10 15:13:00,030 - mmdet - INFO - Epoch [3][200/7330]	lr: 2.000e-02, eta: 14:11:57, time: 0.749, data_time: 0.218, memory: 8826, loss_rpn_cls: 0.0396, loss_rpn_bbox: 0.0574, loss_cls: 0.2588, acc: 91.4778, loss_bbox: 0.2829, loss: 0.6388
2021-05-10 15:13:34,763 - mmdet - INFO - Epoch [3][250/7330]	lr: 2.000e-02, eta: 14:11:21, time: 0.695, data_time: 0.190, memory: 8826, loss_rpn_cls: 0.0415, loss_rpn_bbox: 0.0588, loss_cls: 0.2720, acc: 91.2249, loss_bbox: 0.2923, loss: 0.6647
2021-05-10 15:14:11,112 - mmdet - INFO - Epoch [3][300/7330]	lr: 2.000e-02, eta: 14:10:53, time: 0.727, data_time: 0.202, memory: 8826, loss_rpn_cls: 0.0372, loss_rpn_bbox: 0.0528, loss_cls: 0.2519, acc: 91.8586, loss_bbox: 0.2744, loss: 0.6163
2021-05-10 15:14:45,154 - mmdet - INFO - Epoch [3][350/7330]	lr: 2.000e-02, eta: 14:10:14, time: 0.681, data_time: 0.194, memory: 8826, loss_rpn_cls: 0.0430, loss_rpn_bbox: 0.0589, loss_cls: 0.2583, acc: 91.5662, loss_bbox: 0.2896, loss: 0.6497
2021-05-10 15:15:19,427 - mmdet - INFO - Epoch [3][400/7330]	lr: 2.000e-02, eta: 14:09:35, time: 0.685, data_time: 0.193, memory: 8826, loss_rpn_cls: 0.0381, loss_rpn_bbox: 0.0532, loss_cls: 0.2519, acc: 91.7454, loss_bbox: 0.2813, loss: 0.6246
2021-05-10 15:15:53,429 - mmdet - INFO - Epoch [3][450/7330]	lr: 2.000e-02, eta: 14:08:56, time: 0.680, data_time: 0.193, memory: 8826, loss_rpn_cls: 0.0413, loss_rpn_bbox: 0.0579, loss_cls: 0.2666, acc: 91.2878, loss_bbox: 0.2890, loss: 0.6548
2021-05-10 15:16:27,554 - mmdet - INFO - Epoch [3][500/7330]	lr: 2.000e-02, eta: 14:08:17, time: 0.683, data_time: 0.199, memory: 8826, loss_rpn_cls: 0.0381, loss_rpn_bbox: 0.0549, loss_cls: 0.2637, acc: 91.6230, loss_bbox: 0.2796, loss: 0.6362
2021-05-10 15:17:01,754 - mmdet - INFO - Epoch [3][550/7330]	lr: 2.000e-02, eta: 14:07:38, time: 0.684, data_time: 0.203, memory: 8826, loss_rpn_cls: 0.0365, loss_rpn_bbox: 0.0539, loss_cls: 0.2592, acc: 91.8152, loss_bbox: 0.2751, loss: 0.6246
2021-05-10 15:17:35,506 - mmdet - INFO - Epoch [3][600/7330]	lr: 2.000e-02, eta: 14:06:57, time: 0.675, data_time: 0.189, memory: 8826, loss_rpn_cls: 0.0348, loss_rpn_bbox: 0.0545, loss_cls: 0.2570, acc: 91.8459, loss_bbox: 0.2746, loss: 0.6209
2021-05-10 15:18:09,425 - mmdet - INFO - Epoch [3][650/7330]	lr: 2.000e-02, eta: 14:06:18, time: 0.678, data_time: 0.182, memory: 8826, loss_rpn_cls: 0.0395, loss_rpn_bbox: 0.0551, loss_cls: 0.2631, acc: 91.4150, loss_bbox: 0.2897, loss: 0.6474
2021-05-10 15:18:43,809 - mmdet - INFO - Epoch [3][700/7330]	lr: 2.000e-02, eta: 14:05:40, time: 0.688, data_time: 0.185, memory: 8826, loss_rpn_cls: 0.0372, loss_rpn_bbox: 0.0546, loss_cls: 0.2539, acc: 91.7532, loss_bbox: 0.2743, loss: 0.6199
2021-05-10 15:19:18,818 - mmdet - INFO - Epoch [3][750/7330]	lr: 2.000e-02, eta: 14:05:05, time: 0.700, data_time: 0.208, memory: 8826, loss_rpn_cls: 0.0380, loss_rpn_bbox: 0.0574, loss_cls: 0.2654, acc: 91.4583, loss_bbox: 0.2820, loss: 0.6428
2021-05-10 15:19:55,161 - mmdet - INFO - Epoch [3][800/7330]	lr: 2.000e-02, eta: 14:04:37, time: 0.727, data_time: 0.200, memory: 8826, loss_rpn_cls: 0.0386, loss_rpn_bbox: 0.0553, loss_cls: 0.2577, acc: 91.6892, loss_bbox: 0.2797, loss: 0.6313
2021-05-10 15:20:27,913 - mmdet - INFO - Epoch [3][850/7330]	lr: 2.000e-02, eta: 14:03:52, time: 0.655, data_time: 0.191, memory: 8826, loss_rpn_cls: 0.0433, loss_rpn_bbox: 0.0578, loss_cls: 0.2550, acc: 91.6453, loss_bbox: 0.2797, loss: 0.6357
2021-05-10 15:21:02,261 - mmdet - INFO - Epoch [3][900/7330]	lr: 2.000e-02, eta: 14:03:14, time: 0.687, data_time: 0.210, memory: 8826, loss_rpn_cls: 0.0396, loss_rpn_bbox: 0.0572, loss_cls: 0.2563, acc: 91.6775, loss_bbox: 0.2798, loss: 0.6329
2021-05-10 15:21:36,444 - mmdet - INFO - Epoch [3][950/7330]	lr: 2.000e-02, eta: 14:02:36, time: 0.684, data_time: 0.201, memory: 8826, loss_rpn_cls: 0.0393, loss_rpn_bbox: 0.0534, loss_cls: 0.2520, acc: 91.9478, loss_bbox: 0.2713, loss: 0.6159
2021-05-10 15:22:10,467 - mmdet - INFO - Epoch [3][1000/7330]	lr: 2.000e-02, eta: 14:01:56, time: 0.681, data_time: 0.204, memory: 8826, loss_rpn_cls: 0.0391, loss_rpn_bbox: 0.0555, loss_cls: 0.2564, acc: 91.7085, loss_bbox: 0.2826, loss: 0.6336
2021-05-10 15:22:45,328 - mmdet - INFO - Epoch [3][1050/7330]	lr: 2.000e-02, eta: 14:01:21, time: 0.697, data_time: 0.190, memory: 8826, loss_rpn_cls: 0.0375, loss_rpn_bbox: 0.0554, loss_cls: 0.2569, acc: 91.7788, loss_bbox: 0.2750, loss: 0.6248
2021-05-10 15:23:19,364 - mmdet - INFO - Epoch [3][1100/7330]	lr: 2.000e-02, eta: 14:00:42, time: 0.681, data_time: 0.197, memory: 8826, loss_rpn_cls: 0.0396, loss_rpn_bbox: 0.0545, loss_cls: 0.2566, acc: 91.7495, loss_bbox: 0.2730, loss: 0.6237
2021-05-10 15:23:54,139 - mmdet - INFO - Epoch [3][1150/7330]	lr: 2.000e-02, eta: 14:00:06, time: 0.695, data_time: 0.206, memory: 8826, loss_rpn_cls: 0.0367, loss_rpn_bbox: 0.0549, loss_cls: 0.2635, acc: 91.6331, loss_bbox: 0.2786, loss: 0.6337
2021-05-10 15:24:29,872 - mmdet - INFO - Epoch [3][1200/7330]	lr: 2.000e-02, eta: 13:59:35, time: 0.715, data_time: 0.203, memory: 8826, loss_rpn_cls: 0.0379, loss_rpn_bbox: 0.0554, loss_cls: 0.2653, acc: 91.3284, loss_bbox: 0.2926, loss: 0.6512
2021-05-10 15:25:05,118 - mmdet - INFO - Epoch [3][1250/7330]	lr: 2.000e-02, eta: 13:59:01, time: 0.704, data_time: 0.215, memory: 8826, loss_rpn_cls: 0.0386, loss_rpn_bbox: 0.0563, loss_cls: 0.2604, acc: 91.6199, loss_bbox: 0.2804, loss: 0.6357
2021-05-10 15:25:40,318 - mmdet - INFO - Epoch [3][1300/7330]	lr: 2.000e-02, eta: 13:58:28, time: 0.705, data_time: 0.200, memory: 8826, loss_rpn_cls: 0.0384, loss_rpn_bbox: 0.0557, loss_cls: 0.2532, acc: 91.7952, loss_bbox: 0.2740, loss: 0.6213
2021-05-10 15:26:16,185 - mmdet - INFO - Epoch [3][1350/7330]	lr: 2.000e-02, eta: 13:57:57, time: 0.717, data_time: 0.221, memory: 8826, loss_rpn_cls: 0.0430, loss_rpn_bbox: 0.0602, loss_cls: 0.2591, acc: 91.6873, loss_bbox: 0.2750, loss: 0.6372
2021-05-10 15:26:50,371 - mmdet - INFO - Epoch [3][1400/7330]	lr: 2.000e-02, eta: 13:57:19, time: 0.683, data_time: 0.201, memory: 8826, loss_rpn_cls: 0.0412, loss_rpn_bbox: 0.0549, loss_cls: 0.2566, acc: 91.7175, loss_bbox: 0.2803, loss: 0.6331
2021-05-10 15:27:25,149 - mmdet - INFO - Epoch [3][1450/7330]	lr: 2.000e-02, eta: 13:56:43, time: 0.696, data_time: 0.207, memory: 8826, loss_rpn_cls: 0.0440, loss_rpn_bbox: 0.0608, loss_cls: 0.2688, acc: 91.3425, loss_bbox: 0.2893, loss: 0.6629
2021-05-10 15:28:00,261 - mmdet - INFO - Epoch [3][1500/7330]	lr: 2.000e-02, eta: 13:56:09, time: 0.702, data_time: 0.202, memory: 8826, loss_rpn_cls: 0.0401, loss_rpn_bbox: 0.0542, loss_cls: 0.2585, acc: 91.7246, loss_bbox: 0.2753, loss: 0.6281
2021-05-10 15:28:35,263 - mmdet - INFO - Epoch [3][1550/7330]	lr: 2.000e-02, eta: 13:55:34, time: 0.700, data_time: 0.196, memory: 8826, loss_rpn_cls: 0.0392, loss_rpn_bbox: 0.0565, loss_cls: 0.2570, acc: 91.6301, loss_bbox: 0.2765, loss: 0.6292
2021-05-10 15:29:08,653 - mmdet - INFO - Epoch [3][1600/7330]	lr: 2.000e-02, eta: 13:54:53, time: 0.668, data_time: 0.195, memory: 8826, loss_rpn_cls: 0.0427, loss_rpn_bbox: 0.0592, loss_cls: 0.2723, acc: 91.1965, loss_bbox: 0.2946, loss: 0.6687
2021-05-10 15:29:44,269 - mmdet - INFO - Epoch [3][1650/7330]	lr: 2.000e-02, eta: 13:54:21, time: 0.713, data_time: 0.205, memory: 8826, loss_rpn_cls: 0.0372, loss_rpn_bbox: 0.0544, loss_cls: 0.2641, acc: 91.4326, loss_bbox: 0.2843, loss: 0.6401
2021-05-10 15:30:19,072 - mmdet - INFO - Epoch [3][1700/7330]	lr: 2.000e-02, eta: 13:53:45, time: 0.696, data_time: 0.196, memory: 8826, loss_rpn_cls: 0.0408, loss_rpn_bbox: 0.0568, loss_cls: 0.2621, acc: 91.6125, loss_bbox: 0.2815, loss: 0.6413
2021-05-10 15:30:52,352 - mmdet - INFO - Epoch [3][1750/7330]	lr: 2.000e-02, eta: 13:53:03, time: 0.665, data_time: 0.193, memory: 8826, loss_rpn_cls: 0.0412, loss_rpn_bbox: 0.0583, loss_cls: 0.2565, acc: 91.8042, loss_bbox: 0.2766, loss: 0.6327
2021-05-10 15:31:27,048 - mmdet - INFO - Epoch [3][1800/7330]	lr: 2.000e-02, eta: 13:52:27, time: 0.694, data_time: 0.189, memory: 8826, loss_rpn_cls: 0.0398, loss_rpn_bbox: 0.0578, loss_cls: 0.2600, acc: 91.6689, loss_bbox: 0.2803, loss: 0.6379
2021-05-10 15:32:01,749 - mmdet - INFO - Epoch [3][1850/7330]	lr: 2.000e-02, eta: 13:51:51, time: 0.694, data_time: 0.206, memory: 8826, loss_rpn_cls: 0.0402, loss_rpn_bbox: 0.0563, loss_cls: 0.2671, acc: 91.4250, loss_bbox: 0.2859, loss: 0.6495
2021-05-10 15:32:36,912 - mmdet - INFO - Epoch [3][1900/7330]	lr: 2.000e-02, eta: 13:51:17, time: 0.703, data_time: 0.196, memory: 8826, loss_rpn_cls: 0.0374, loss_rpn_bbox: 0.0560, loss_cls: 0.2529, acc: 91.8127, loss_bbox: 0.2736, loss: 0.6199
2021-05-10 15:33:09,905 - mmdet - INFO - Epoch [3][1950/7330]	lr: 2.000e-02, eta: 13:50:34, time: 0.660, data_time: 0.182, memory: 8826, loss_rpn_cls: 0.0388, loss_rpn_bbox: 0.0541, loss_cls: 0.2563, acc: 91.8232, loss_bbox: 0.2694, loss: 0.6185
