2021-05-04 11:00:56,266 - mmdet - INFO - Environment info:
------------------------------------------------------------
sys.platform: linux
Python: 3.7.9 (default, Aug 31 2020, 12:42:55) [GCC 7.3.0]
CUDA available: True
GPU 0,1,2,3,4,5,6,7: GeForce RTX 2080 Ti
CUDA_HOME: /usr/local/cuda
NVCC: Cuda compilation tools, release 10.0, V10.0.130
GCC: gcc (Ubuntu 5.4.0-6ubuntu1~16.04.11) 5.4.0 20160609
PyTorch: 1.4.0
PyTorch compiling details: PyTorch built with:
  - GCC 7.3
  - Intel(R) Math Kernel Library Version 2020.0.2 Product Build 20200624 for Intel(R) 64 architecture applications
  - Intel(R) MKL-DNN v0.21.1 (Git Hash 7d2fd500bc78936d1d648ca713b901012f470dbc)
  - OpenMP 201511 (a.k.a. OpenMP 4.5)
  - NNPACK is enabled
  - CUDA Runtime 10.0
  - NVCC architecture flags: -gencode;arch=compute_37,code=sm_37;-gencode;arch=compute_50,code=sm_50;-gencode;arch=compute_60,code=sm_60;-gencode;arch=compute_61,code=sm_61;-gencode;arch=compute_70,code=sm_70;-gencode;arch=compute_75,code=sm_75;-gencode;arch=compute_37,code=compute_37
  - CuDNN 7.6.3
  - Magma 2.5.1
  - Build settings: BLAS=MKL, BUILD_NAMEDTENSOR=OFF, BUILD_TYPE=Release, CXX_FLAGS= -Wno-deprecated -fvisibility-inlines-hidden -fopenmp -DUSE_FBGEMM -DUSE_QNNPACK -DUSE_PYTORCH_QNNPACK -O2 -fPIC -Wno-narrowing -Wall -Wextra -Wno-missing-field-initializers -Wno-type-limits -Wno-array-bounds -Wno-unknown-pragmas -Wno-sign-compare -Wno-unused-parameter -Wno-unused-variable -Wno-unused-function -Wno-unused-result -Wno-strict-overflow -Wno-strict-aliasing -Wno-error=deprecated-declarations -Wno-stringop-overflow -Wno-error=pedantic -Wno-error=redundant-decls -Wno-error=old-style-cast -fdiagnostics-color=always -faligned-new -Wno-unused-but-set-variable -Wno-maybe-uninitialized -fno-math-errno -fno-trapping-math -Wno-stringop-overflow, DISABLE_NUMA=1, PERF_WITH_AVX=1, PERF_WITH_AVX2=1, PERF_WITH_AVX512=1, USE_CUDA=ON, USE_EXCEPTION_PTR=1, USE_GFLAGS=OFF, USE_GLOG=OFF, USE_MKL=ON, USE_MKLDNN=ON, USE_MPI=OFF, USE_NCCL=ON, USE_NNPACK=ON, USE_OPENMP=ON, USE_STATIC_DISPATCH=OFF, 

TorchVision: 0.5.0
OpenCV: 4.4.0
MMCV: 1.1.5
MMCV Compiler: GCC 7.3
MMCV CUDA Compiler: 10.0
MMDetection: 2.5.0+
------------------------------------------------------------

2021-05-04 11:00:56,638 - mmdet - INFO - Distributed training: True
2021-05-04 11:00:57,077 - mmdet - INFO - Config:
model = dict(
    type='MaskRCNN',
    pretrained='torchvision://resnet50',
    backbone=dict(
        type='ResNet_carafed_3_kernelexp',
        depth=50,
        num_stages=4,
        out_indices=(0, 1, 2, 3),
        frozen_stages=1,
        norm_cfg=dict(type='BN', requires_grad=True),
        norm_eval=True,
        style='pytorch'),
    neck=dict(
        type='FPN',
        in_channels=[256, 512, 1024, 2048],
        out_channels=256,
        num_outs=5),
    rpn_head=dict(
        type='RPNHead',
        in_channels=256,
        feat_channels=256,
        anchor_generator=dict(
            type='AnchorGenerator',
            scales=[8],
            ratios=[0.5, 1.0, 2.0],
            strides=[4, 8, 16, 32, 64]),
        bbox_coder=dict(
            type='DeltaXYWHBBoxCoder',
            target_means=[0.0, 0.0, 0.0, 0.0],
            target_stds=[1.0, 1.0, 1.0, 1.0]),
        loss_cls=dict(
            type='CrossEntropyLoss', use_sigmoid=True, loss_weight=1.0),
        loss_bbox=dict(type='L1Loss', loss_weight=1.0)),
    roi_head=dict(
        type='StandardRoIHead',
        bbox_roi_extractor=dict(
            type='SingleRoIExtractor',
            roi_layer=dict(type='RoIAlign', output_size=7, sampling_ratio=0),
            out_channels=256,
            featmap_strides=[4, 8, 16, 32]),
        bbox_head=dict(
            type='Shared2FCBBoxHead',
            in_channels=256,
            fc_out_channels=1024,
            roi_feat_size=7,
            num_classes=80,
            bbox_coder=dict(
                type='DeltaXYWHBBoxCoder',
                target_means=[0.0, 0.0, 0.0, 0.0],
                target_stds=[0.1, 0.1, 0.2, 0.2]),
            reg_class_agnostic=False,
            loss_cls=dict(
                type='CrossEntropyLoss', use_sigmoid=False, loss_weight=1.0),
            loss_bbox=dict(type='L1Loss', loss_weight=1.0)),
        mask_roi_extractor=dict(
            type='SingleRoIExtractor',
            roi_layer=dict(type='RoIAlign', output_size=14, sampling_ratio=0),
            out_channels=256,
            featmap_strides=[4, 8, 16, 32]),
        mask_head=dict(
            type='FCNMaskHead',
            num_convs=4,
            in_channels=256,
            conv_out_channels=256,
            num_classes=80,
            loss_mask=dict(
                type='CrossEntropyLoss', use_mask=True, loss_weight=1.0),
            upsample_cfg=dict(type='deconv', scale_factor=2))))
train_cfg = dict(
    rpn=dict(
        assigner=dict(
            type='MaxIoUAssigner',
            pos_iou_thr=0.7,
            neg_iou_thr=0.3,
            min_pos_iou=0.3,
            match_low_quality=True,
            ignore_iof_thr=-1),
        sampler=dict(
            type='RandomSampler',
            num=256,
            pos_fraction=0.5,
            neg_pos_ub=-1,
            add_gt_as_proposals=False),
        allowed_border=-1,
        pos_weight=-1,
        debug=False),
    rpn_proposal=dict(
        nms_across_levels=False,
        nms_pre=2000,
        nms_post=1000,
        max_num=1000,
        nms_thr=0.7,
        min_bbox_size=0),
    rcnn=dict(
        assigner=dict(
            type='MaxIoUAssigner',
            pos_iou_thr=0.5,
            neg_iou_thr=0.5,
            min_pos_iou=0.5,
            match_low_quality=True,
            ignore_iof_thr=-1),
        sampler=dict(
            type='RandomSampler',
            num=512,
            pos_fraction=0.25,
            neg_pos_ub=-1,
            add_gt_as_proposals=True),
        mask_size=28,
        pos_weight=-1,
        debug=False))
test_cfg = dict(
    rpn=dict(
        nms_across_levels=False,
        nms_pre=1000,
        nms_post=1000,
        max_num=1000,
        nms_thr=0.7,
        min_bbox_size=0),
    rcnn=dict(
        score_thr=0.05,
        nms=dict(type='nms', iou_threshold=0.5),
        max_per_img=100,
        mask_thr_binary=0.5))
dataset_type = 'CocoDataset'
data_root = '../data/coco/'
img_norm_cfg = dict(
    mean=[123.675, 116.28, 103.53], std=[58.395, 57.12, 57.375], to_rgb=True)
train_pipeline = [
    dict(type='LoadImageFromFile'),
    dict(type='LoadAnnotations', with_bbox=True, with_mask=True),
    dict(type='Resize', img_scale=(1333, 800), keep_ratio=True),
    dict(type='RandomFlip', flip_ratio=0.5),
    dict(
        type='Normalize',
        mean=[123.675, 116.28, 103.53],
        std=[58.395, 57.12, 57.375],
        to_rgb=True),
    dict(type='Pad', size_divisor=32),
    dict(type='DefaultFormatBundle'),
    dict(type='Collect', keys=['img', 'gt_bboxes', 'gt_labels', 'gt_masks'])
]
test_pipeline = [
    dict(type='LoadImageFromFile'),
    dict(
        type='MultiScaleFlipAug',
        img_scale=(1333, 800),
        flip=False,
        transforms=[
            dict(type='Resize', keep_ratio=True),
            dict(type='RandomFlip'),
            dict(
                type='Normalize',
                mean=[123.675, 116.28, 103.53],
                std=[58.395, 57.12, 57.375],
                to_rgb=True),
            dict(type='Pad', size_divisor=32),
            dict(type='ImageToTensor', keys=['img']),
            dict(type='Collect', keys=['img'])
        ])
]
data = dict(
    samples_per_gpu=2,
    workers_per_gpu=0,
    train=dict(
        type='CocoDataset',
        ann_file='../data/coco/annotations/instances_train2017.json',
        img_prefix='../data/coco/train2017/',
        pipeline=[
            dict(type='LoadImageFromFile'),
            dict(type='LoadAnnotations', with_bbox=True, with_mask=True),
            dict(type='Resize', img_scale=(1333, 800), keep_ratio=True),
            dict(type='RandomFlip', flip_ratio=0.5),
            dict(
                type='Normalize',
                mean=[123.675, 116.28, 103.53],
                std=[58.395, 57.12, 57.375],
                to_rgb=True),
            dict(type='Pad', size_divisor=32),
            dict(type='DefaultFormatBundle'),
            dict(
                type='Collect',
                keys=['img', 'gt_bboxes', 'gt_labels', 'gt_masks'])
        ]),
    val=dict(
        type='CocoDataset',
        ann_file='../data/coco/annotations/instances_val2017.json',
        img_prefix='../data/coco/val2017/',
        pipeline=[
            dict(type='LoadImageFromFile'),
            dict(
                type='MultiScaleFlipAug',
                img_scale=(1333, 800),
                flip=False,
                transforms=[
                    dict(type='Resize', keep_ratio=True),
                    dict(type='RandomFlip'),
                    dict(
                        type='Normalize',
                        mean=[123.675, 116.28, 103.53],
                        std=[58.395, 57.12, 57.375],
                        to_rgb=True),
                    dict(type='Pad', size_divisor=32),
                    dict(type='ImageToTensor', keys=['img']),
                    dict(type='Collect', keys=['img'])
                ])
        ]),
    test=dict(
        type='CocoDataset',
        ann_file='../data/coco/annotations/image_info_test-dev2017.json',
        img_prefix='../data/coco/test2017/',
        pipeline=[
            dict(type='LoadImageFromFile'),
            dict(
                type='MultiScaleFlipAug',
                img_scale=(1333, 800),
                flip=False,
                transforms=[
                    dict(type='Resize', keep_ratio=True),
                    dict(type='RandomFlip'),
                    dict(
                        type='Normalize',
                        mean=[123.675, 116.28, 103.53],
                        std=[58.395, 57.12, 57.375],
                        to_rgb=True),
                    dict(type='Pad', size_divisor=32),
                    dict(type='ImageToTensor', keys=['img']),
                    dict(type='Collect', keys=['img'])
                ])
        ]))
evaluation = dict(metric=['bbox', 'segm'])
optimizer = dict(type='SGD', lr=0.02, momentum=0.9, weight_decay=0.0001)
optimizer_config = dict(grad_clip=None)
lr_config = dict(
    policy='step',
    warmup='linear',
    warmup_iters=500,
    warmup_ratio=0.001,
    step=[16, 22])
total_epochs = 24
checkpoint_config = dict(interval=1)
log_config = dict(interval=50, hooks=[dict(type='TextLoggerHook')])
dist_params = dict(backend='nccl')
log_level = 'INFO'
load_from = None
resume_from = None
workflow = [('train', 1)]
work_dir = './work_dirs/carafeppp_coco_mask_r50_2x_3_kernelexp__BK'
gpu_ids = range(0, 1)

2021-05-04 11:00:57,627 - mmdet - INFO - load model from: torchvision://resnet50
2021-05-04 11:01:02,612 - mmdet - WARNING - The model and loaded state dict do not match exactly

size mismatch for layer2.0.downsample.1.weight: copying a param with shape torch.Size([512]) from checkpoint, the shape in current model is torch.Size([512, 256, 1, 1]).
size mismatch for layer3.0.downsample.1.weight: copying a param with shape torch.Size([1024]) from checkpoint, the shape in current model is torch.Size([1024, 512, 1, 1]).
size mismatch for layer4.0.downsample.1.weight: copying a param with shape torch.Size([2048]) from checkpoint, the shape in current model is torch.Size([2048, 1024, 1, 1]).
unexpected key in source state_dict: fc.weight, fc.bias, layer1.0.conv2.weight, layer1.1.conv2.weight, layer1.2.conv2.weight, layer2.0.conv2.weight, layer2.0.downsample.0.weight, layer2.0.downsample.1.running_mean, layer2.0.downsample.1.running_var, layer2.0.downsample.1.bias, layer2.1.conv2.weight, layer2.2.conv2.weight, layer2.3.conv2.weight, layer3.0.conv2.weight, layer3.0.downsample.0.weight, layer3.0.downsample.1.running_mean, layer3.0.downsample.1.running_var, layer3.0.downsample.1.bias, layer3.1.conv2.weight, layer3.2.conv2.weight, layer3.3.conv2.weight, layer3.4.conv2.weight, layer3.5.conv2.weight, layer4.0.conv2.weight, layer4.0.downsample.0.weight, layer4.0.downsample.1.running_mean, layer4.0.downsample.1.running_var, layer4.0.downsample.1.bias, layer4.1.conv2.weight, layer4.2.conv2.weight

missing keys in source state_dict: carafe.channel_compressor.weight, carafe.channel_compressor.bias, carafe.content_encoder.weight, carafe.content_encoder.bias, carafe.kernel_encoder.weight, carafe.kernel_encoder.bias, carafe.PI.conv.weight, layer1.0.conv2.0.weight, layer1.1.conv2.0.weight, layer1.2.conv2.0.weight, layer2.0.conv2.0.channel_compressor.weight, layer2.0.conv2.0.channel_compressor.bias, layer2.0.conv2.0.content_encoder.weight, layer2.0.conv2.0.content_encoder.bias, layer2.0.conv2.0.kernel_encoder.weight, layer2.0.conv2.0.kernel_encoder.bias, layer2.0.conv2.0.PI.conv.weight, layer2.0.conv2.1.weight, layer2.0.downsample.0.channel_compressor.weight, layer2.0.downsample.0.channel_compressor.bias, layer2.0.downsample.0.content_encoder.weight, layer2.0.downsample.0.content_encoder.bias, layer2.0.downsample.0.kernel_encoder.weight, layer2.0.downsample.0.kernel_encoder.bias, layer2.0.downsample.0.PI.conv.weight, layer2.0.downsample.2.weight, layer2.0.downsample.2.bias, layer2.0.downsample.2.running_mean, layer2.0.downsample.2.running_var, layer2.1.conv2.0.weight, layer2.2.conv2.0.weight, layer2.3.conv2.0.weight, layer3.0.conv2.0.channel_compressor.weight, layer3.0.conv2.0.channel_compressor.bias, layer3.0.conv2.0.content_encoder.weight, layer3.0.conv2.0.content_encoder.bias, layer3.0.conv2.0.kernel_encoder.weight, layer3.0.conv2.0.kernel_encoder.bias, layer3.0.conv2.0.PI.conv.weight, layer3.0.conv2.1.weight, layer3.0.downsample.0.channel_compressor.weight, layer3.0.downsample.0.channel_compressor.bias, layer3.0.downsample.0.content_encoder.weight, layer3.0.downsample.0.content_encoder.bias, layer3.0.downsample.0.kernel_encoder.weight, layer3.0.downsample.0.kernel_encoder.bias, layer3.0.downsample.0.PI.conv.weight, layer3.0.downsample.2.weight, layer3.0.downsample.2.bias, layer3.0.downsample.2.running_mean, layer3.0.downsample.2.running_var, layer3.1.conv2.0.weight, layer3.2.conv2.0.weight, layer3.3.conv2.0.weight, layer3.4.conv2.0.weight, layer3.5.conv2.0.weight, layer4.0.conv2.0.channel_compressor.weight, layer4.0.conv2.0.channel_compressor.bias, layer4.0.conv2.0.content_encoder.weight, layer4.0.conv2.0.content_encoder.bias, layer4.0.conv2.0.kernel_encoder.weight, layer4.0.conv2.0.kernel_encoder.bias, layer4.0.conv2.0.PI.conv.weight, layer4.0.conv2.1.weight, layer4.0.downsample.0.channel_compressor.weight, layer4.0.downsample.0.channel_compressor.bias, layer4.0.downsample.0.content_encoder.weight, layer4.0.downsample.0.content_encoder.bias, layer4.0.downsample.0.kernel_encoder.weight, layer4.0.downsample.0.kernel_encoder.bias, layer4.0.downsample.0.PI.conv.weight, layer4.0.downsample.2.weight, layer4.0.downsample.2.bias, layer4.0.downsample.2.running_mean, layer4.0.downsample.2.running_var, layer4.1.conv2.0.weight, layer4.2.conv2.0.weight

2021-05-04 11:01:23,785 - mmdet - INFO - Start running, host: root@c29bb9d22aa7, work_dir: /root/userfolder/mmdetection/work_dirs/carafeppp_coco_mask_r50_2x_3_kernelexp__BK
2021-05-04 11:01:23,785 - mmdet - INFO - workflow: [('train', 1)], max: 24 epochs
2021-05-04 11:02:13,030 - mmdet - INFO - Epoch [1][50/7330]	lr: 1.978e-03, eta: 2 days, 0:05:43, time: 0.984, data_time: 0.386, memory: 8909, loss_rpn_cls: 0.4472, loss_rpn_bbox: 0.1042, loss_cls: 1.3027, acc: 88.2053, loss_bbox: 0.1103, loss_mask: 0.7531, loss: 2.7176
2021-05-04 11:02:56,636 - mmdet - INFO - Epoch [1][100/7330]	lr: 3.976e-03, eta: 1 day, 21:19:35, time: 0.872, data_time: 0.313, memory: 8909, loss_rpn_cls: 0.2669, loss_rpn_bbox: 0.0936, loss_cls: 0.5793, acc: 94.9155, loss_bbox: 0.1682, loss_mask: 0.6838, loss: 1.7918
2021-05-04 11:03:41,178 - mmdet - INFO - Epoch [1][150/7330]	lr: 5.974e-03, eta: 1 day, 20:43:04, time: 0.891, data_time: 0.332, memory: 8909, loss_rpn_cls: 0.2655, loss_rpn_bbox: 0.0970, loss_cls: 0.5971, acc: 94.6248, loss_bbox: 0.1752, loss_mask: 0.6751, loss: 1.8100
2021-05-04 11:04:26,419 - mmdet - INFO - Epoch [1][200/7330]	lr: 7.972e-03, eta: 1 day, 20:33:37, time: 0.904, data_time: 0.332, memory: 8909, loss_rpn_cls: 0.2721, loss_rpn_bbox: 0.1003, loss_cls: 0.4982, acc: 94.1604, loss_bbox: 0.1916, loss_mask: 0.6671, loss: 1.7293
2021-05-04 11:05:11,181 - mmdet - INFO - Epoch [1][250/7330]	lr: 9.970e-03, eta: 1 day, 20:22:57, time: 0.896, data_time: 0.344, memory: 8909, loss_rpn_cls: 0.2679, loss_rpn_bbox: 0.1016, loss_cls: 0.4626, acc: 94.3613, loss_bbox: 0.1846, loss_mask: 0.6583, loss: 1.6750
2021-05-04 11:05:55,774 - mmdet - INFO - Epoch [1][300/7330]	lr: 1.197e-02, eta: 1 day, 20:13:34, time: 0.892, data_time: 0.351, memory: 8909, loss_rpn_cls: 0.2603, loss_rpn_bbox: 0.0978, loss_cls: 0.4499, acc: 94.1833, loss_bbox: 0.1946, loss_mask: 0.6519, loss: 1.6546
2021-05-04 11:06:39,514 - mmdet - INFO - Epoch [1][350/7330]	lr: 1.397e-02, eta: 1 day, 19:59:10, time: 0.874, data_time: 0.314, memory: 8909, loss_rpn_cls: 0.2421, loss_rpn_bbox: 0.0961, loss_cls: 0.4335, acc: 94.0681, loss_bbox: 0.2033, loss_mask: 0.6448, loss: 1.6197
2021-05-04 11:07:24,448 - mmdet - INFO - Epoch [1][400/7330]	lr: 1.596e-02, eta: 1 day, 19:57:27, time: 0.899, data_time: 0.340, memory: 8912, loss_rpn_cls: 0.2619, loss_rpn_bbox: 0.0990, loss_cls: 0.4640, acc: 93.9302, loss_bbox: 0.2045, loss_mask: 0.6355, loss: 1.6649
2021-05-04 11:08:08,810 - mmdet - INFO - Epoch [1][450/7330]	lr: 1.796e-02, eta: 1 day, 19:52:02, time: 0.887, data_time: 0.303, memory: 8912, loss_rpn_cls: 0.2269, loss_rpn_bbox: 0.0980, loss_cls: 0.4440, acc: 93.7915, loss_bbox: 0.2138, loss_mask: 0.6295, loss: 1.6122
2021-05-04 11:08:53,439 - mmdet - INFO - Epoch [1][500/7330]	lr: 1.996e-02, eta: 1 day, 19:48:59, time: 0.892, data_time: 0.322, memory: 8912, loss_rpn_cls: 0.2288, loss_rpn_bbox: 0.0942, loss_cls: 0.4493, acc: 93.7239, loss_bbox: 0.2157, loss_mask: 0.6273, loss: 1.6152
2021-05-04 11:09:37,058 - mmdet - INFO - Epoch [1][550/7330]	lr: 2.000e-02, eta: 1 day, 19:41:05, time: 0.872, data_time: 0.316, memory: 8912, loss_rpn_cls: 0.2213, loss_rpn_bbox: 0.0922, loss_cls: 0.4395, acc: 93.7659, loss_bbox: 0.2134, loss_mask: 0.6181, loss: 1.5845
2021-05-04 11:10:21,041 - mmdet - INFO - Epoch [1][600/7330]	lr: 2.000e-02, eta: 1 day, 19:36:18, time: 0.880, data_time: 0.313, memory: 8912, loss_rpn_cls: 0.2151, loss_rpn_bbox: 0.0947, loss_cls: 0.4367, acc: 93.6523, loss_bbox: 0.2150, loss_mask: 0.6135, loss: 1.5751
2021-05-04 11:11:05,596 - mmdet - INFO - Epoch [1][650/7330]	lr: 2.000e-02, eta: 1 day, 19:34:31, time: 0.891, data_time: 0.339, memory: 8912, loss_rpn_cls: 0.2280, loss_rpn_bbox: 0.0995, loss_cls: 0.4188, acc: 93.7969, loss_bbox: 0.2080, loss_mask: 0.6076, loss: 1.5619
2021-05-04 11:11:50,951 - mmdet - INFO - Epoch [1][700/7330]	lr: 2.000e-02, eta: 1 day, 19:36:20, time: 0.907, data_time: 0.326, memory: 8922, loss_rpn_cls: 0.2233, loss_rpn_bbox: 0.0972, loss_cls: 0.4237, acc: 93.5291, loss_bbox: 0.2166, loss_mask: 0.5931, loss: 1.5539
2021-05-04 11:12:35,676 - mmdet - INFO - Epoch [1][750/7330]	lr: 2.000e-02, eta: 1 day, 19:35:16, time: 0.894, data_time: 0.325, memory: 8922, loss_rpn_cls: 0.2239, loss_rpn_bbox: 0.0964, loss_cls: 0.4438, acc: 93.2639, loss_bbox: 0.2289, loss_mask: 0.6004, loss: 1.5934
2021-05-04 11:13:20,327 - mmdet - INFO - Epoch [1][800/7330]	lr: 2.000e-02, eta: 1 day, 19:34:04, time: 0.893, data_time: 0.323, memory: 8922, loss_rpn_cls: 0.2072, loss_rpn_bbox: 0.0964, loss_cls: 0.4405, acc: 93.2832, loss_bbox: 0.2283, loss_mask: 0.5914, loss: 1.5639
2021-05-04 11:14:05,218 - mmdet - INFO - Epoch [1][850/7330]	lr: 2.000e-02, eta: 1 day, 19:33:43, time: 0.898, data_time: 0.326, memory: 8922, loss_rpn_cls: 0.2195, loss_rpn_bbox: 0.0952, loss_cls: 0.4130, acc: 93.7671, loss_bbox: 0.2079, loss_mask: 0.5845, loss: 1.5200
2021-05-04 11:14:49,547 - mmdet - INFO - Epoch [1][900/7330]	lr: 2.000e-02, eta: 1 day, 19:31:28, time: 0.886, data_time: 0.331, memory: 8922, loss_rpn_cls: 0.2017, loss_rpn_bbox: 0.0935, loss_cls: 0.4185, acc: 93.6294, loss_bbox: 0.2132, loss_mask: 0.5912, loss: 1.5181
2021-05-04 11:15:34,591 - mmdet - INFO - Epoch [1][950/7330]	lr: 2.000e-02, eta: 1 day, 19:31:28, time: 0.900, data_time: 0.328, memory: 8922, loss_rpn_cls: 0.2028, loss_rpn_bbox: 0.0931, loss_cls: 0.4327, acc: 93.4546, loss_bbox: 0.2216, loss_mask: 0.5838, loss: 1.5340
2021-05-04 11:16:19,154 - mmdet - INFO - Exp name: carafeppp_coco_mask_r50_2x_3_kernelexp__BK.py
2021-05-04 11:16:19,154 - mmdet - INFO - Epoch [1][1000/7330]	lr: 2.000e-02, eta: 1 day, 19:30:09, time: 0.892, data_time: 0.299, memory: 9079, loss_rpn_cls: 0.2052, loss_rpn_bbox: 0.0919, loss_cls: 0.4382, acc: 93.1775, loss_bbox: 0.2299, loss_mask: 0.5803, loss: 1.5456
2021-05-04 11:17:04,110 - mmdet - INFO - Epoch [1][1050/7330]	lr: 2.000e-02, eta: 1 day, 19:29:59, time: 0.899, data_time: 0.322, memory: 9079, loss_rpn_cls: 0.1992, loss_rpn_bbox: 0.0909, loss_cls: 0.4449, acc: 93.0659, loss_bbox: 0.2331, loss_mask: 0.5752, loss: 1.5432
2021-05-04 11:17:48,046 - mmdet - INFO - Epoch [1][1100/7330]	lr: 2.000e-02, eta: 1 day, 19:26:58, time: 0.878, data_time: 0.334, memory: 9079, loss_rpn_cls: 0.1737, loss_rpn_bbox: 0.0879, loss_cls: 0.4379, acc: 93.0054, loss_bbox: 0.2393, loss_mask: 0.5759, loss: 1.5147
2021-05-04 11:18:32,909 - mmdet - INFO - Epoch [1][1150/7330]	lr: 2.000e-02, eta: 1 day, 19:26:32, time: 0.897, data_time: 0.326, memory: 9079, loss_rpn_cls: 0.1877, loss_rpn_bbox: 0.0971, loss_cls: 0.4417, acc: 93.0715, loss_bbox: 0.2343, loss_mask: 0.5710, loss: 1.5319
2021-05-04 11:19:17,905 - mmdet - INFO - Epoch [1][1200/7330]	lr: 2.000e-02, eta: 1 day, 19:26:27, time: 0.900, data_time: 0.327, memory: 9079, loss_rpn_cls: 0.1942, loss_rpn_bbox: 0.0970, loss_cls: 0.4436, acc: 92.8064, loss_bbox: 0.2401, loss_mask: 0.5657, loss: 1.5406
2021-05-04 11:20:02,237 - mmdet - INFO - Epoch [1][1250/7330]	lr: 2.000e-02, eta: 1 day, 19:24:44, time: 0.887, data_time: 0.326, memory: 9079, loss_rpn_cls: 0.1761, loss_rpn_bbox: 0.0872, loss_cls: 0.4460, acc: 92.8857, loss_bbox: 0.2417, loss_mask: 0.5619, loss: 1.5129
2021-05-04 11:20:47,135 - mmdet - INFO - Epoch [1][1300/7330]	lr: 2.000e-02, eta: 1 day, 19:24:17, time: 0.897, data_time: 0.343, memory: 9079, loss_rpn_cls: 0.1755, loss_rpn_bbox: 0.0880, loss_cls: 0.4453, acc: 92.9075, loss_bbox: 0.2395, loss_mask: 0.5510, loss: 1.4993
2021-05-04 11:21:32,408 - mmdet - INFO - Epoch [1][1350/7330]	lr: 2.000e-02, eta: 1 day, 19:24:40, time: 0.905, data_time: 0.323, memory: 9079, loss_rpn_cls: 0.1891, loss_rpn_bbox: 0.0959, loss_cls: 0.4618, acc: 92.4819, loss_bbox: 0.2544, loss_mask: 0.5563, loss: 1.5575
2021-05-04 11:22:16,130 - mmdet - INFO - Epoch [1][1400/7330]	lr: 2.000e-02, eta: 1 day, 19:21:47, time: 0.875, data_time: 0.305, memory: 9079, loss_rpn_cls: 0.1738, loss_rpn_bbox: 0.0873, loss_cls: 0.4371, acc: 92.8867, loss_bbox: 0.2401, loss_mask: 0.5453, loss: 1.4836
2021-05-04 11:23:01,062 - mmdet - INFO - Epoch [1][1450/7330]	lr: 2.000e-02, eta: 1 day, 19:21:29, time: 0.899, data_time: 0.328, memory: 9079, loss_rpn_cls: 0.1745, loss_rpn_bbox: 0.0890, loss_cls: 0.4528, acc: 92.4436, loss_bbox: 0.2559, loss_mask: 0.5488, loss: 1.5211
2021-05-04 11:23:45,835 - mmdet - INFO - Epoch [1][1500/7330]	lr: 2.000e-02, eta: 1 day, 19:20:46, time: 0.895, data_time: 0.332, memory: 9079, loss_rpn_cls: 0.1850, loss_rpn_bbox: 0.0955, loss_cls: 0.4638, acc: 92.3835, loss_bbox: 0.2562, loss_mask: 0.5480, loss: 1.5484
2021-05-04 11:24:30,240 - mmdet - INFO - Epoch [1][1550/7330]	lr: 2.000e-02, eta: 1 day, 19:19:28, time: 0.889, data_time: 0.329, memory: 9079, loss_rpn_cls: 0.1628, loss_rpn_bbox: 0.0887, loss_cls: 0.4412, acc: 92.7910, loss_bbox: 0.2419, loss_mask: 0.5469, loss: 1.4815
2021-05-04 11:25:15,171 - mmdet - INFO - Epoch [1][1600/7330]	lr: 2.000e-02, eta: 1 day, 19:19:05, time: 0.899, data_time: 0.336, memory: 9079, loss_rpn_cls: 0.1715, loss_rpn_bbox: 0.0907, loss_cls: 0.4574, acc: 92.4521, loss_bbox: 0.2536, loss_mask: 0.5416, loss: 1.5148
2021-05-04 11:25:59,915 - mmdet - INFO - Epoch [1][1650/7330]	lr: 2.000e-02, eta: 1 day, 19:18:20, time: 0.895, data_time: 0.347, memory: 9079, loss_rpn_cls: 0.1621, loss_rpn_bbox: 0.0890, loss_cls: 0.4408, acc: 92.6604, loss_bbox: 0.2437, loss_mask: 0.5425, loss: 1.4781
2021-05-04 11:26:45,257 - mmdet - INFO - Epoch [1][1700/7330]	lr: 2.000e-02, eta: 1 day, 19:18:38, time: 0.907, data_time: 0.343, memory: 9079, loss_rpn_cls: 0.1622, loss_rpn_bbox: 0.0844, loss_cls: 0.4599, acc: 92.3774, loss_bbox: 0.2532, loss_mask: 0.5461, loss: 1.5058
2021-05-04 11:27:30,194 - mmdet - INFO - Epoch [1][1750/7330]	lr: 2.000e-02, eta: 1 day, 19:18:11, time: 0.899, data_time: 0.336, memory: 9079, loss_rpn_cls: 0.1647, loss_rpn_bbox: 0.0911, loss_cls: 0.4859, acc: 91.8826, loss_bbox: 0.2714, loss_mask: 0.5338, loss: 1.5468
2021-05-04 11:28:15,067 - mmdet - INFO - Epoch [1][1800/7330]	lr: 2.000e-02, eta: 1 day, 19:17:37, time: 0.897, data_time: 0.330, memory: 9079, loss_rpn_cls: 0.1681, loss_rpn_bbox: 0.0909, loss_cls: 0.4538, acc: 92.4885, loss_bbox: 0.2492, loss_mask: 0.5382, loss: 1.5002
2021-05-04 11:29:00,060 - mmdet - INFO - Epoch [1][1850/7330]	lr: 2.000e-02, eta: 1 day, 19:17:18, time: 0.901, data_time: 0.335, memory: 9079, loss_rpn_cls: 0.1600, loss_rpn_bbox: 0.0901, loss_cls: 0.4563, acc: 92.3677, loss_bbox: 0.2538, loss_mask: 0.5282, loss: 1.4884
2021-05-04 11:29:44,821 - mmdet - INFO - Epoch [1][1900/7330]	lr: 2.000e-02, eta: 1 day, 19:16:33, time: 0.895, data_time: 0.325, memory: 9079, loss_rpn_cls: 0.1582, loss_rpn_bbox: 0.0885, loss_cls: 0.4500, acc: 92.4358, loss_bbox: 0.2506, loss_mask: 0.5278, loss: 1.4751
2021-05-04 11:30:29,419 - mmdet - INFO - Epoch [1][1950/7330]	lr: 2.000e-02, eta: 1 day, 19:15:32, time: 0.892, data_time: 0.334, memory: 9079, loss_rpn_cls: 0.1551, loss_rpn_bbox: 0.0906, loss_cls: 0.4602, acc: 91.9326, loss_bbox: 0.2682, loss_mask: 0.5268, loss: 1.5008
2021-05-04 11:31:14,073 - mmdet - INFO - Exp name: carafeppp_coco_mask_r50_2x_3_kernelexp__BK.py
2021-05-04 11:31:14,073 - mmdet - INFO - Epoch [1][2000/7330]	lr: 2.000e-02, eta: 1 day, 19:14:39, time: 0.893, data_time: 0.335, memory: 9079, loss_rpn_cls: 0.1547, loss_rpn_bbox: 0.0853, loss_cls: 0.4674, acc: 91.9326, loss_bbox: 0.2660, loss_mask: 0.5258, loss: 1.4992
2021-05-04 11:31:58,944 - mmdet - INFO - Epoch [1][2050/7330]	lr: 2.000e-02, eta: 1 day, 19:14:02, time: 0.897, data_time: 0.326, memory: 9079, loss_rpn_cls: 0.1556, loss_rpn_bbox: 0.0883, loss_cls: 0.4596, acc: 92.1670, loss_bbox: 0.2588, loss_mask: 0.5296, loss: 1.4918
2021-05-04 11:32:42,962 - mmdet - INFO - Epoch [1][2100/7330]	lr: 2.000e-02, eta: 1 day, 19:12:19, time: 0.881, data_time: 0.317, memory: 9079, loss_rpn_cls: 0.1408, loss_rpn_bbox: 0.0823, loss_cls: 0.4544, acc: 92.1133, loss_bbox: 0.2602, loss_mask: 0.5109, loss: 1.4486
2021-05-04 11:33:26,795 - mmdet - INFO - Epoch [1][2150/7330]	lr: 2.000e-02, eta: 1 day, 19:10:20, time: 0.876, data_time: 0.324, memory: 9079, loss_rpn_cls: 0.1453, loss_rpn_bbox: 0.0825, loss_cls: 0.4489, acc: 92.1091, loss_bbox: 0.2574, loss_mask: 0.5114, loss: 1.4454
2021-05-04 11:34:12,104 - mmdet - INFO - Epoch [1][2200/7330]	lr: 2.000e-02, eta: 1 day, 19:10:20, time: 0.906, data_time: 0.325, memory: 9079, loss_rpn_cls: 0.1514, loss_rpn_bbox: 0.0896, loss_cls: 0.4674, acc: 91.9546, loss_bbox: 0.2643, loss_mask: 0.5118, loss: 1.4844
2021-05-04 11:34:56,585 - mmdet - INFO - Epoch [1][2250/7330]	lr: 2.000e-02, eta: 1 day, 19:09:17, time: 0.890, data_time: 0.326, memory: 9079, loss_rpn_cls: 0.1412, loss_rpn_bbox: 0.0843, loss_cls: 0.4498, acc: 92.2566, loss_bbox: 0.2494, loss_mask: 0.5098, loss: 1.4346
2021-05-04 11:35:41,758 - mmdet - INFO - Epoch [1][2300/7330]	lr: 2.000e-02, eta: 1 day, 19:09:06, time: 0.904, data_time: 0.314, memory: 9079, loss_rpn_cls: 0.1435, loss_rpn_bbox: 0.0867, loss_cls: 0.4576, acc: 91.8516, loss_bbox: 0.2659, loss_mask: 0.5118, loss: 1.4656
2021-05-04 11:36:26,027 - mmdet - INFO - Epoch [1][2350/7330]	lr: 2.000e-02, eta: 1 day, 19:07:47, time: 0.886, data_time: 0.297, memory: 9079, loss_rpn_cls: 0.1405, loss_rpn_bbox: 0.0862, loss_cls: 0.4515, acc: 92.1367, loss_bbox: 0.2566, loss_mask: 0.5078, loss: 1.4426
2021-05-04 11:37:10,565 - mmdet - INFO - Epoch [1][2400/7330]	lr: 2.000e-02, eta: 1 day, 19:06:48, time: 0.890, data_time: 0.321, memory: 9079, loss_rpn_cls: 0.1417, loss_rpn_bbox: 0.0862, loss_cls: 0.4575, acc: 91.9048, loss_bbox: 0.2624, loss_mask: 0.5048, loss: 1.4526
2021-05-04 11:37:55,127 - mmdet - INFO - Epoch [1][2450/7330]	lr: 2.000e-02, eta: 1 day, 19:05:52, time: 0.891, data_time: 0.316, memory: 9079, loss_rpn_cls: 0.1443, loss_rpn_bbox: 0.0841, loss_cls: 0.4633, acc: 91.7280, loss_bbox: 0.2682, loss_mask: 0.5040, loss: 1.4638
2021-05-04 11:38:39,912 - mmdet - INFO - Epoch [1][2500/7330]	lr: 2.000e-02, eta: 1 day, 19:05:11, time: 0.896, data_time: 0.315, memory: 9079, loss_rpn_cls: 0.1442, loss_rpn_bbox: 0.0827, loss_cls: 0.4570, acc: 91.8979, loss_bbox: 0.2606, loss_mask: 0.4899, loss: 1.4344
2021-05-04 11:39:25,046 - mmdet - INFO - Epoch [1][2550/7330]	lr: 2.000e-02, eta: 1 day, 19:04:56, time: 0.903, data_time: 0.334, memory: 9079, loss_rpn_cls: 0.1378, loss_rpn_bbox: 0.0838, loss_cls: 0.4611, acc: 91.8765, loss_bbox: 0.2631, loss_mask: 0.5076, loss: 1.4534
2021-05-04 11:40:10,263 - mmdet - INFO - Epoch [1][2600/7330]	lr: 2.000e-02, eta: 1 day, 19:04:43, time: 0.904, data_time: 0.323, memory: 9079, loss_rpn_cls: 0.1358, loss_rpn_bbox: 0.0822, loss_cls: 0.4663, acc: 91.5859, loss_bbox: 0.2735, loss_mask: 0.4973, loss: 1.4551
2021-05-04 11:40:55,686 - mmdet - INFO - Epoch [1][2650/7330]	lr: 2.000e-02, eta: 1 day, 19:04:42, time: 0.908, data_time: 0.326, memory: 9079, loss_rpn_cls: 0.1431, loss_rpn_bbox: 0.0863, loss_cls: 0.4717, acc: 91.5208, loss_bbox: 0.2726, loss_mask: 0.4928, loss: 1.4665
2021-05-04 11:41:41,611 - mmdet - INFO - Epoch [1][2700/7330]	lr: 2.000e-02, eta: 1 day, 19:05:11, time: 0.918, data_time: 0.342, memory: 9079, loss_rpn_cls: 0.1448, loss_rpn_bbox: 0.0858, loss_cls: 0.4623, acc: 91.5403, loss_bbox: 0.2714, loss_mask: 0.4989, loss: 1.4632
2021-05-04 11:42:26,215 - mmdet - INFO - Epoch [1][2750/7330]	lr: 2.000e-02, eta: 1 day, 19:04:18, time: 0.893, data_time: 0.313, memory: 9079, loss_rpn_cls: 0.1353, loss_rpn_bbox: 0.0807, loss_cls: 0.4415, acc: 91.9219, loss_bbox: 0.2555, loss_mask: 0.4790, loss: 1.3920
2021-05-04 11:43:10,403 - mmdet - INFO - Epoch [1][2800/7330]	lr: 2.000e-02, eta: 1 day, 19:02:56, time: 0.883, data_time: 0.317, memory: 9079, loss_rpn_cls: 0.1325, loss_rpn_bbox: 0.0823, loss_cls: 0.4513, acc: 91.7571, loss_bbox: 0.2610, loss_mask: 0.4888, loss: 1.4159
2021-05-04 11:43:55,514 - mmdet - INFO - Epoch [1][2850/7330]	lr: 2.000e-02, eta: 1 day, 19:02:33, time: 0.902, data_time: 0.295, memory: 9088, loss_rpn_cls: 0.1324, loss_rpn_bbox: 0.0840, loss_cls: 0.4622, acc: 91.5083, loss_bbox: 0.2717, loss_mask: 0.4871, loss: 1.4374
2021-05-04 11:44:40,297 - mmdet - INFO - Epoch [1][2900/7330]	lr: 2.000e-02, eta: 1 day, 19:01:49, time: 0.895, data_time: 0.321, memory: 9088, loss_rpn_cls: 0.1297, loss_rpn_bbox: 0.0815, loss_cls: 0.4516, acc: 91.6624, loss_bbox: 0.2659, loss_mask: 0.4865, loss: 1.4151
2021-05-04 11:45:25,248 - mmdet - INFO - Epoch [1][2950/7330]	lr: 2.000e-02, eta: 1 day, 19:01:16, time: 0.900, data_time: 0.312, memory: 9088, loss_rpn_cls: 0.1273, loss_rpn_bbox: 0.0846, loss_cls: 0.4599, acc: 91.4465, loss_bbox: 0.2701, loss_mask: 0.4775, loss: 1.4193
2021-05-04 11:46:10,542 - mmdet - INFO - Exp name: carafeppp_coco_mask_r50_2x_3_kernelexp__BK.py
2021-05-04 11:46:10,543 - mmdet - INFO - Epoch [1][3000/7330]	lr: 2.000e-02, eta: 1 day, 19:00:58, time: 0.904, data_time: 0.308, memory: 9088, loss_rpn_cls: 0.1400, loss_rpn_bbox: 0.0900, loss_cls: 0.4537, acc: 91.6299, loss_bbox: 0.2636, loss_mask: 0.4833, loss: 1.4306
2021-05-04 11:46:55,895 - mmdet - INFO - Epoch [1][3050/7330]	lr: 2.000e-02, eta: 1 day, 19:00:49, time: 0.908, data_time: 0.336, memory: 9088, loss_rpn_cls: 0.1328, loss_rpn_bbox: 0.0826, loss_cls: 0.4724, acc: 91.1238, loss_bbox: 0.2826, loss_mask: 0.4838, loss: 1.4542
2021-05-04 11:47:41,248 - mmdet - INFO - Epoch [1][3100/7330]	lr: 2.000e-02, eta: 1 day, 19:00:35, time: 0.907, data_time: 0.320, memory: 9088, loss_rpn_cls: 0.1271, loss_rpn_bbox: 0.0800, loss_cls: 0.4450, acc: 91.6001, loss_bbox: 0.2666, loss_mask: 0.4754, loss: 1.3941
2021-05-04 11:48:25,752 - mmdet - INFO - Epoch [1][3150/7330]	lr: 2.000e-02, eta: 1 day, 18:59:33, time: 0.890, data_time: 0.321, memory: 9088, loss_rpn_cls: 0.1187, loss_rpn_bbox: 0.0835, loss_cls: 0.4550, acc: 91.5132, loss_bbox: 0.2714, loss_mask: 0.4802, loss: 1.4087
2021-05-04 11:49:10,431 - mmdet - INFO - Epoch [1][3200/7330]	lr: 2.000e-02, eta: 1 day, 18:58:44, time: 0.894, data_time: 0.321, memory: 9088, loss_rpn_cls: 0.1321, loss_rpn_bbox: 0.0831, loss_cls: 0.4547, acc: 91.5234, loss_bbox: 0.2678, loss_mask: 0.4776, loss: 1.4154
2021-05-04 11:49:55,299 - mmdet - INFO - Epoch [1][3250/7330]	lr: 2.000e-02, eta: 1 day, 18:58:03, time: 0.897, data_time: 0.323, memory: 9088, loss_rpn_cls: 0.1219, loss_rpn_bbox: 0.0800, loss_cls: 0.4764, acc: 90.8203, loss_bbox: 0.2881, loss_mask: 0.4729, loss: 1.4393
2021-05-04 11:50:40,734 - mmdet - INFO - Epoch [1][3300/7330]	lr: 2.000e-02, eta: 1 day, 18:57:50, time: 0.908, data_time: 0.323, memory: 9088, loss_rpn_cls: 0.1285, loss_rpn_bbox: 0.0851, loss_cls: 0.4670, acc: 91.1174, loss_bbox: 0.2813, loss_mask: 0.4791, loss: 1.4410
2021-05-04 11:51:24,927 - mmdet - INFO - Epoch [1][3350/7330]	lr: 2.000e-02, eta: 1 day, 18:56:36, time: 0.885, data_time: 0.329, memory: 9088, loss_rpn_cls: 0.1290, loss_rpn_bbox: 0.0774, loss_cls: 0.4568, acc: 91.5132, loss_bbox: 0.2661, loss_mask: 0.4719, loss: 1.4012
2021-05-04 11:52:10,304 - mmdet - INFO - Epoch [1][3400/7330]	lr: 2.000e-02, eta: 1 day, 18:56:20, time: 0.907, data_time: 0.340, memory: 9088, loss_rpn_cls: 0.1296, loss_rpn_bbox: 0.0858, loss_cls: 0.4429, acc: 91.4348, loss_bbox: 0.2660, loss_mask: 0.4683, loss: 1.3926
2021-05-04 11:52:54,935 - mmdet - INFO - Epoch [1][3450/7330]	lr: 2.000e-02, eta: 1 day, 18:55:27, time: 0.893, data_time: 0.302, memory: 9088, loss_rpn_cls: 0.1274, loss_rpn_bbox: 0.0854, loss_cls: 0.4597, acc: 91.1846, loss_bbox: 0.2790, loss_mask: 0.4705, loss: 1.4220
2021-05-04 11:53:39,903 - mmdet - INFO - Epoch [1][3500/7330]	lr: 2.000e-02, eta: 1 day, 18:54:49, time: 0.899, data_time: 0.334, memory: 9088, loss_rpn_cls: 0.1240, loss_rpn_bbox: 0.0796, loss_cls: 0.4540, acc: 91.0408, loss_bbox: 0.2807, loss_mask: 0.4671, loss: 1.4054
2021-05-04 11:54:24,895 - mmdet - INFO - Epoch [1][3550/7330]	lr: 2.000e-02, eta: 1 day, 18:54:16, time: 0.901, data_time: 0.333, memory: 9088, loss_rpn_cls: 0.1201, loss_rpn_bbox: 0.0808, loss_cls: 0.4669, acc: 91.0071, loss_bbox: 0.2805, loss_mask: 0.4702, loss: 1.4184
2021-05-04 11:55:10,235 - mmdet - INFO - Epoch [1][3600/7330]	lr: 2.000e-02, eta: 1 day, 18:53:53, time: 0.905, data_time: 0.323, memory: 9088, loss_rpn_cls: 0.1207, loss_rpn_bbox: 0.0774, loss_cls: 0.4526, acc: 91.1245, loss_bbox: 0.2735, loss_mask: 0.4623, loss: 1.3864
2021-05-04 11:55:56,004 - mmdet - INFO - Epoch [1][3650/7330]	lr: 2.000e-02, eta: 1 day, 18:53:56, time: 0.917, data_time: 0.341, memory: 9088, loss_rpn_cls: 0.1257, loss_rpn_bbox: 0.0847, loss_cls: 0.4556, acc: 91.1995, loss_bbox: 0.2733, loss_mask: 0.4596, loss: 1.3989
2021-05-04 11:56:41,790 - mmdet - INFO - Epoch [1][3700/7330]	lr: 2.000e-02, eta: 1 day, 18:53:56, time: 0.915, data_time: 0.335, memory: 9088, loss_rpn_cls: 0.1187, loss_rpn_bbox: 0.0818, loss_cls: 0.4539, acc: 91.0554, loss_bbox: 0.2782, loss_mask: 0.4537, loss: 1.3862
2021-05-04 11:57:26,957 - mmdet - INFO - Epoch [1][3750/7330]	lr: 2.000e-02, eta: 1 day, 18:53:25, time: 0.903, data_time: 0.336, memory: 9088, loss_rpn_cls: 0.1274, loss_rpn_bbox: 0.0863, loss_cls: 0.4641, acc: 90.9878, loss_bbox: 0.2809, loss_mask: 0.4671, loss: 1.4258
2021-05-04 11:58:11,664 - mmdet - INFO - Epoch [1][3800/7330]	lr: 2.000e-02, eta: 1 day, 18:52:34, time: 0.894, data_time: 0.326, memory: 9088, loss_rpn_cls: 0.1138, loss_rpn_bbox: 0.0795, loss_cls: 0.4552, acc: 91.0488, loss_bbox: 0.2793, loss_mask: 0.4564, loss: 1.3841
2021-05-04 11:58:57,259 - mmdet - INFO - Epoch [1][3850/7330]	lr: 2.000e-02, eta: 1 day, 18:52:24, time: 0.912, data_time: 0.333, memory: 9088, loss_rpn_cls: 0.1222, loss_rpn_bbox: 0.0821, loss_cls: 0.4587, acc: 91.0383, loss_bbox: 0.2797, loss_mask: 0.4651, loss: 1.4079
2021-05-04 11:59:42,130 - mmdet - INFO - Epoch [1][3900/7330]	lr: 2.000e-02, eta: 1 day, 18:51:39, time: 0.897, data_time: 0.320, memory: 9088, loss_rpn_cls: 0.1110, loss_rpn_bbox: 0.0769, loss_cls: 0.4665, acc: 90.6523, loss_bbox: 0.2917, loss_mask: 0.4561, loss: 1.4023
2021-05-04 12:00:26,772 - mmdet - INFO - Epoch [1][3950/7330]	lr: 2.000e-02, eta: 1 day, 18:50:46, time: 0.893, data_time: 0.316, memory: 9088, loss_rpn_cls: 0.1148, loss_rpn_bbox: 0.0772, loss_cls: 0.4399, acc: 91.4077, loss_bbox: 0.2671, loss_mask: 0.4562, loss: 1.3552
2021-05-04 12:01:11,459 - mmdet - INFO - Exp name: carafeppp_coco_mask_r50_2x_3_kernelexp__BK.py
2021-05-04 12:01:11,460 - mmdet - INFO - Epoch [1][4000/7330]	lr: 2.000e-02, eta: 1 day, 18:49:55, time: 0.894, data_time: 0.318, memory: 9088, loss_rpn_cls: 0.1134, loss_rpn_bbox: 0.0788, loss_cls: 0.4480, acc: 91.2654, loss_bbox: 0.2695, loss_mask: 0.4584, loss: 1.3683
2021-05-04 12:01:55,804 - mmdet - INFO - Epoch [1][4050/7330]	lr: 2.000e-02, eta: 1 day, 18:48:48, time: 0.887, data_time: 0.314, memory: 9088, loss_rpn_cls: 0.1167, loss_rpn_bbox: 0.0805, loss_cls: 0.4310, acc: 91.4636, loss_bbox: 0.2656, loss_mask: 0.4551, loss: 1.3489
2021-05-04 12:02:39,785 - mmdet - INFO - Epoch [1][4100/7330]	lr: 2.000e-02, eta: 1 day, 18:47:27, time: 0.880, data_time: 0.301, memory: 9088, loss_rpn_cls: 0.1177, loss_rpn_bbox: 0.0794, loss_cls: 0.4320, acc: 91.3865, loss_bbox: 0.2647, loss_mask: 0.4555, loss: 1.3493
2021-05-04 12:03:24,271 - mmdet - INFO - Epoch [1][4150/7330]	lr: 2.000e-02, eta: 1 day, 18:46:28, time: 0.890, data_time: 0.322, memory: 9088, loss_rpn_cls: 0.1188, loss_rpn_bbox: 0.0811, loss_cls: 0.4655, acc: 90.7820, loss_bbox: 0.2820, loss_mask: 0.4600, loss: 1.4074
2021-05-04 12:04:07,959 - mmdet - INFO - Epoch [1][4200/7330]	lr: 2.000e-02, eta: 1 day, 18:44:57, time: 0.874, data_time: 0.295, memory: 9088, loss_rpn_cls: 0.1167, loss_rpn_bbox: 0.0775, loss_cls: 0.4380, acc: 91.2512, loss_bbox: 0.2705, loss_mask: 0.4450, loss: 1.3477
2021-05-04 12:04:52,059 - mmdet - INFO - Epoch [1][4250/7330]	lr: 2.000e-02, eta: 1 day, 18:43:43, time: 0.882, data_time: 0.303, memory: 9100, loss_rpn_cls: 0.1184, loss_rpn_bbox: 0.0804, loss_cls: 0.4449, acc: 91.0828, loss_bbox: 0.2756, loss_mask: 0.4523, loss: 1.3715
2021-05-04 12:05:36,341 - mmdet - INFO - Epoch [1][4300/7330]	lr: 2.000e-02, eta: 1 day, 18:42:37, time: 0.886, data_time: 0.300, memory: 9100, loss_rpn_cls: 0.1194, loss_rpn_bbox: 0.0788, loss_cls: 0.4453, acc: 91.0544, loss_bbox: 0.2785, loss_mask: 0.4530, loss: 1.3750
2021-05-04 12:06:19,880 - mmdet - INFO - Epoch [1][4350/7330]	lr: 2.000e-02, eta: 1 day, 18:41:04, time: 0.871, data_time: 0.322, memory: 9100, loss_rpn_cls: 0.1133, loss_rpn_bbox: 0.0751, loss_cls: 0.4354, acc: 91.3240, loss_bbox: 0.2676, loss_mask: 0.4473, loss: 1.3387
2021-05-04 12:07:03,568 - mmdet - INFO - Epoch [1][4400/7330]	lr: 2.000e-02, eta: 1 day, 18:39:36, time: 0.874, data_time: 0.300, memory: 9100, loss_rpn_cls: 0.1132, loss_rpn_bbox: 0.0774, loss_cls: 0.4455, acc: 91.0344, loss_bbox: 0.2757, loss_mask: 0.4476, loss: 1.3595
2021-05-04 12:07:48,097 - mmdet - INFO - Epoch [1][4450/7330]	lr: 2.000e-02, eta: 1 day, 18:38:42, time: 0.891, data_time: 0.318, memory: 9100, loss_rpn_cls: 0.1174, loss_rpn_bbox: 0.0756, loss_cls: 0.4411, acc: 91.2041, loss_bbox: 0.2686, loss_mask: 0.4409, loss: 1.3437
2021-05-04 12:08:32,217 - mmdet - INFO - Epoch [1][4500/7330]	lr: 2.000e-02, eta: 1 day, 18:37:32, time: 0.882, data_time: 0.327, memory: 9100, loss_rpn_cls: 0.1148, loss_rpn_bbox: 0.0790, loss_cls: 0.4286, acc: 91.2439, loss_bbox: 0.2676, loss_mask: 0.4347, loss: 1.3248
2021-05-04 12:09:16,073 - mmdet - INFO - Epoch [1][4550/7330]	lr: 2.000e-02, eta: 1 day, 18:36:14, time: 0.878, data_time: 0.319, memory: 9100, loss_rpn_cls: 0.1114, loss_rpn_bbox: 0.0742, loss_cls: 0.4167, acc: 91.5408, loss_bbox: 0.2567, loss_mask: 0.4432, loss: 1.3022
2021-05-04 12:09:59,170 - mmdet - INFO - Epoch [1][4600/7330]	lr: 2.000e-02, eta: 1 day, 18:34:27, time: 0.862, data_time: 0.297, memory: 9100, loss_rpn_cls: 0.1049, loss_rpn_bbox: 0.0736, loss_cls: 0.4192, acc: 91.5669, loss_bbox: 0.2585, loss_mask: 0.4440, loss: 1.3002
2021-05-04 12:10:43,941 - mmdet - INFO - Epoch [1][4650/7330]	lr: 2.000e-02, eta: 1 day, 18:33:43, time: 0.895, data_time: 0.319, memory: 9100, loss_rpn_cls: 0.1159, loss_rpn_bbox: 0.0800, loss_cls: 0.4431, acc: 90.9431, loss_bbox: 0.2770, loss_mask: 0.4429, loss: 1.3589
2021-05-04 12:11:27,535 - mmdet - INFO - Epoch [1][4700/7330]	lr: 2.000e-02, eta: 1 day, 18:32:17, time: 0.872, data_time: 0.311, memory: 9100, loss_rpn_cls: 0.1088, loss_rpn_bbox: 0.0734, loss_cls: 0.4321, acc: 91.2773, loss_bbox: 0.2681, loss_mask: 0.4399, loss: 1.3224
2021-05-04 12:12:11,779 - mmdet - INFO - Epoch [1][4750/7330]	lr: 2.000e-02, eta: 1 day, 18:31:16, time: 0.886, data_time: 0.329, memory: 9100, loss_rpn_cls: 0.1168, loss_rpn_bbox: 0.0815, loss_cls: 0.4467, acc: 90.8979, loss_bbox: 0.2836, loss_mask: 0.4462, loss: 1.3748
2021-05-04 12:12:55,569 - mmdet - INFO - Epoch [1][4800/7330]	lr: 2.000e-02, eta: 1 day, 18:29:57, time: 0.875, data_time: 0.317, memory: 9100, loss_rpn_cls: 0.1100, loss_rpn_bbox: 0.0800, loss_cls: 0.4110, acc: 91.5796, loss_bbox: 0.2559, loss_mask: 0.4429, loss: 1.2999
2021-05-04 12:13:40,050 - mmdet - INFO - Epoch [1][4850/7330]	lr: 2.000e-02, eta: 1 day, 18:29:05, time: 0.890, data_time: 0.349, memory: 9100, loss_rpn_cls: 0.1160, loss_rpn_bbox: 0.0764, loss_cls: 0.4371, acc: 90.9990, loss_bbox: 0.2765, loss_mask: 0.4354, loss: 1.3414
2021-05-04 12:14:24,839 - mmdet - INFO - Epoch [1][4900/7330]	lr: 2.000e-02, eta: 1 day, 18:28:24, time: 0.896, data_time: 0.333, memory: 9100, loss_rpn_cls: 0.1131, loss_rpn_bbox: 0.0834, loss_cls: 0.4229, acc: 91.2249, loss_bbox: 0.2668, loss_mask: 0.4391, loss: 1.3254
2021-05-04 12:15:09,957 - mmdet - INFO - Epoch [1][4950/7330]	lr: 2.000e-02, eta: 1 day, 18:27:54, time: 0.902, data_time: 0.331, memory: 9100, loss_rpn_cls: 0.1156, loss_rpn_bbox: 0.0824, loss_cls: 0.4320, acc: 90.8843, loss_bbox: 0.2792, loss_mask: 0.4411, loss: 1.3502
2021-05-04 12:15:53,624 - mmdet - INFO - Exp name: carafeppp_coco_mask_r50_2x_3_kernelexp__BK.py
2021-05-04 12:15:53,624 - mmdet - INFO - Epoch [1][5000/7330]	lr: 2.000e-02, eta: 1 day, 18:26:33, time: 0.874, data_time: 0.319, memory: 9100, loss_rpn_cls: 0.1039, loss_rpn_bbox: 0.0719, loss_cls: 0.4253, acc: 91.3562, loss_bbox: 0.2637, loss_mask: 0.4316, loss: 1.2964
2021-05-04 12:16:38,028 - mmdet - INFO - Epoch [1][5050/7330]	lr: 2.000e-02, eta: 1 day, 18:25:39, time: 0.888, data_time: 0.343, memory: 9101, loss_rpn_cls: 0.1065, loss_rpn_bbox: 0.0766, loss_cls: 0.4360, acc: 90.9773, loss_bbox: 0.2777, loss_mask: 0.4327, loss: 1.3295
2021-05-04 12:17:21,844 - mmdet - INFO - Epoch [1][5100/7330]	lr: 2.000e-02, eta: 1 day, 18:24:23, time: 0.875, data_time: 0.318, memory: 9101, loss_rpn_cls: 0.1039, loss_rpn_bbox: 0.0716, loss_cls: 0.4388, acc: 91.0605, loss_bbox: 0.2735, loss_mask: 0.4344, loss: 1.3222
2021-05-04 12:18:06,344 - mmdet - INFO - Epoch [1][5150/7330]	lr: 2.000e-02, eta: 1 day, 18:23:33, time: 0.891, data_time: 0.337, memory: 9101, loss_rpn_cls: 0.1096, loss_rpn_bbox: 0.0787, loss_cls: 0.4231, acc: 91.1538, loss_bbox: 0.2721, loss_mask: 0.4358, loss: 1.3193
2021-05-04 12:18:51,321 - mmdet - INFO - Epoch [1][5200/7330]	lr: 2.000e-02, eta: 1 day, 18:22:59, time: 0.900, data_time: 0.348, memory: 9101, loss_rpn_cls: 0.1152, loss_rpn_bbox: 0.0799, loss_cls: 0.4347, acc: 90.9756, loss_bbox: 0.2696, loss_mask: 0.4334, loss: 1.3328
2021-05-04 12:19:36,472 - mmdet - INFO - Epoch [1][5250/7330]	lr: 2.000e-02, eta: 1 day, 18:22:29, time: 0.903, data_time: 0.334, memory: 9101, loss_rpn_cls: 0.1109, loss_rpn_bbox: 0.0798, loss_cls: 0.4477, acc: 90.7368, loss_bbox: 0.2832, loss_mask: 0.4402, loss: 1.3617
2021-05-04 12:20:21,367 - mmdet - INFO - Epoch [1][5300/7330]	lr: 2.000e-02, eta: 1 day, 18:21:49, time: 0.897, data_time: 0.343, memory: 9101, loss_rpn_cls: 0.1043, loss_rpn_bbox: 0.0781, loss_cls: 0.4405, acc: 90.8687, loss_bbox: 0.2802, loss_mask: 0.4473, loss: 1.3504
2021-05-04 12:21:04,997 - mmdet - INFO - Epoch [1][5350/7330]	lr: 2.000e-02, eta: 1 day, 18:20:32, time: 0.873, data_time: 0.332, memory: 9101, loss_rpn_cls: 0.1073, loss_rpn_bbox: 0.0768, loss_cls: 0.4362, acc: 90.8792, loss_bbox: 0.2814, loss_mask: 0.4321, loss: 1.3338
2021-05-04 12:21:49,652 - mmdet - INFO - Epoch [1][5400/7330]	lr: 2.000e-02, eta: 1 day, 18:19:47, time: 0.893, data_time: 0.327, memory: 9101, loss_rpn_cls: 0.1053, loss_rpn_bbox: 0.0739, loss_cls: 0.4328, acc: 90.9863, loss_bbox: 0.2746, loss_mask: 0.4326, loss: 1.3191
2021-05-04 12:22:33,814 - mmdet - INFO - Epoch [1][5450/7330]	lr: 2.000e-02, eta: 1 day, 18:18:45, time: 0.883, data_time: 0.318, memory: 9101, loss_rpn_cls: 0.1104, loss_rpn_bbox: 0.0803, loss_cls: 0.4272, acc: 90.9521, loss_bbox: 0.2760, loss_mask: 0.4259, loss: 1.3198
2021-05-04 12:23:17,995 - mmdet - INFO - Epoch [1][5500/7330]	lr: 2.000e-02, eta: 1 day, 18:17:46, time: 0.884, data_time: 0.329, memory: 9101, loss_rpn_cls: 0.1040, loss_rpn_bbox: 0.0773, loss_cls: 0.4319, acc: 90.8103, loss_bbox: 0.2823, loss_mask: 0.4303, loss: 1.3257
2021-05-04 12:24:01,286 - mmdet - INFO - Epoch [1][5550/7330]	lr: 2.000e-02, eta: 1 day, 18:16:18, time: 0.866, data_time: 0.310, memory: 9101, loss_rpn_cls: 0.1041, loss_rpn_bbox: 0.0778, loss_cls: 0.4294, acc: 90.9539, loss_bbox: 0.2794, loss_mask: 0.4308, loss: 1.3215
2021-05-04 12:24:45,393 - mmdet - INFO - Epoch [1][5600/7330]	lr: 2.000e-02, eta: 1 day, 18:15:17, time: 0.882, data_time: 0.329, memory: 9101, loss_rpn_cls: 0.1055, loss_rpn_bbox: 0.0731, loss_cls: 0.4253, acc: 91.0593, loss_bbox: 0.2713, loss_mask: 0.4214, loss: 1.2965
2021-05-04 12:25:30,343 - mmdet - INFO - Epoch [1][5650/7330]	lr: 2.000e-02, eta: 1 day, 18:14:40, time: 0.898, data_time: 0.330, memory: 9101, loss_rpn_cls: 0.1145, loss_rpn_bbox: 0.0818, loss_cls: 0.4472, acc: 90.9084, loss_bbox: 0.2743, loss_mask: 0.4320, loss: 1.3497
2021-05-04 12:26:14,996 - mmdet - INFO - Epoch [1][5700/7330]	lr: 2.000e-02, eta: 1 day, 18:13:56, time: 0.893, data_time: 0.321, memory: 9127, loss_rpn_cls: 0.1031, loss_rpn_bbox: 0.0757, loss_cls: 0.4255, acc: 90.7473, loss_bbox: 0.2821, loss_mask: 0.4202, loss: 1.3067
2021-05-04 12:26:59,748 - mmdet - INFO - Epoch [1][5750/7330]	lr: 2.000e-02, eta: 1 day, 18:13:14, time: 0.895, data_time: 0.334, memory: 9127, loss_rpn_cls: 0.1067, loss_rpn_bbox: 0.0785, loss_cls: 0.4333, acc: 90.8157, loss_bbox: 0.2802, loss_mask: 0.4345, loss: 1.3331
2021-05-04 12:27:44,652 - mmdet - INFO - Epoch [1][5800/7330]	lr: 2.000e-02, eta: 1 day, 18:12:37, time: 0.898, data_time: 0.337, memory: 9127, loss_rpn_cls: 0.1102, loss_rpn_bbox: 0.0806, loss_cls: 0.4426, acc: 90.6335, loss_bbox: 0.2845, loss_mask: 0.4273, loss: 1.3451
2021-05-04 12:28:28,573 - mmdet - INFO - Epoch [1][5850/7330]	lr: 2.000e-02, eta: 1 day, 18:11:31, time: 0.878, data_time: 0.315, memory: 9127, loss_rpn_cls: 0.1002, loss_rpn_bbox: 0.0732, loss_cls: 0.4191, acc: 91.0320, loss_bbox: 0.2697, loss_mask: 0.4153, loss: 1.2774
2021-05-04 12:29:14,247 - mmdet - INFO - Epoch [1][5900/7330]	lr: 2.000e-02, eta: 1 day, 18:11:15, time: 0.913, data_time: 0.334, memory: 9127, loss_rpn_cls: 0.1061, loss_rpn_bbox: 0.0819, loss_cls: 0.4473, acc: 90.3601, loss_bbox: 0.2912, loss_mask: 0.4285, loss: 1.3550
2021-05-04 12:29:58,528 - mmdet - INFO - Epoch [1][5950/7330]	lr: 2.000e-02, eta: 1 day, 18:10:19, time: 0.886, data_time: 0.332, memory: 9127, loss_rpn_cls: 0.0955, loss_rpn_bbox: 0.0719, loss_cls: 0.4154, acc: 90.9226, loss_bbox: 0.2771, loss_mask: 0.4223, loss: 1.2822
2021-05-04 12:30:42,690 - mmdet - INFO - Exp name: carafeppp_coco_mask_r50_2x_3_kernelexp__BK.py
2021-05-04 12:30:42,691 - mmdet - INFO - Epoch [1][6000/7330]	lr: 2.000e-02, eta: 1 day, 18:09:21, time: 0.884, data_time: 0.331, memory: 9127, loss_rpn_cls: 0.1011, loss_rpn_bbox: 0.0737, loss_cls: 0.4320, acc: 90.8613, loss_bbox: 0.2795, loss_mask: 0.4207, loss: 1.3071
2021-05-04 12:31:27,256 - mmdet - INFO - Epoch [1][6050/7330]	lr: 2.000e-02, eta: 1 day, 18:08:34, time: 0.891, data_time: 0.333, memory: 9127, loss_rpn_cls: 0.1030, loss_rpn_bbox: 0.0755, loss_cls: 0.4287, acc: 90.7629, loss_bbox: 0.2785, loss_mask: 0.4210, loss: 1.3066
2021-05-04 12:32:11,656 - mmdet - INFO - Epoch [1][6100/7330]	lr: 2.000e-02, eta: 1 day, 18:07:41, time: 0.887, data_time: 0.332, memory: 9127, loss_rpn_cls: 0.0980, loss_rpn_bbox: 0.0760, loss_cls: 0.4192, acc: 90.8591, loss_bbox: 0.2750, loss_mask: 0.4092, loss: 1.2774
2021-05-04 12:32:55,567 - mmdet - INFO - Epoch [1][6150/7330]	lr: 2.000e-02, eta: 1 day, 18:06:37, time: 0.879, data_time: 0.328, memory: 9127, loss_rpn_cls: 0.0971, loss_rpn_bbox: 0.0708, loss_cls: 0.4118, acc: 91.1638, loss_bbox: 0.2684, loss_mask: 0.4206, loss: 1.2688
2021-05-04 12:33:40,281 - mmdet - INFO - Epoch [1][6200/7330]	lr: 2.000e-02, eta: 1 day, 18:05:53, time: 0.893, data_time: 0.342, memory: 9127, loss_rpn_cls: 0.1071, loss_rpn_bbox: 0.0814, loss_cls: 0.4318, acc: 90.7520, loss_bbox: 0.2793, loss_mask: 0.4223, loss: 1.3220
2021-05-04 12:34:24,529 - mmdet - INFO - Epoch [1][6250/7330]	lr: 2.000e-02, eta: 1 day, 18:04:58, time: 0.886, data_time: 0.339, memory: 9127, loss_rpn_cls: 0.0962, loss_rpn_bbox: 0.0748, loss_cls: 0.4223, acc: 90.9097, loss_bbox: 0.2768, loss_mask: 0.4192, loss: 1.2892
2021-05-04 12:35:08,972 - mmdet - INFO - Epoch [1][6300/7330]	lr: 2.000e-02, eta: 1 day, 18:04:08, time: 0.889, data_time: 0.326, memory: 9127, loss_rpn_cls: 0.1016, loss_rpn_bbox: 0.0727, loss_cls: 0.4243, acc: 90.9600, loss_bbox: 0.2739, loss_mask: 0.4173, loss: 1.2899
2021-05-04 12:35:52,923 - mmdet - INFO - Epoch [1][6350/7330]	lr: 2.000e-02, eta: 1 day, 18:03:05, time: 0.879, data_time: 0.315, memory: 9127, loss_rpn_cls: 0.1013, loss_rpn_bbox: 0.0758, loss_cls: 0.4172, acc: 90.9834, loss_bbox: 0.2723, loss_mask: 0.4141, loss: 1.2807
2021-05-04 12:36:36,063 - mmdet - INFO - Epoch [1][6400/7330]	lr: 2.000e-02, eta: 1 day, 18:01:41, time: 0.863, data_time: 0.321, memory: 9127, loss_rpn_cls: 0.0928, loss_rpn_bbox: 0.0729, loss_cls: 0.4022, acc: 91.3442, loss_bbox: 0.2656, loss_mask: 0.4197, loss: 1.2532
2021-05-04 12:37:27,537 - mmdet - INFO - Epoch [1][6450/7330]	lr: 2.000e-02, eta: 1 day, 18:03:55, time: 1.029, data_time: 0.427, memory: 9127, loss_rpn_cls: 0.0987, loss_rpn_bbox: 0.0705, loss_cls: 0.4059, acc: 91.1211, loss_bbox: 0.2729, loss_mask: 0.4109, loss: 1.2589
2021-05-04 12:38:16,088 - mmdet - INFO - Epoch [1][6500/7330]	lr: 2.000e-02, eta: 1 day, 18:04:52, time: 0.971, data_time: 0.386, memory: 9127, loss_rpn_cls: 0.0974, loss_rpn_bbox: 0.0752, loss_cls: 0.4190, acc: 90.8650, loss_bbox: 0.2781, loss_mask: 0.4113, loss: 1.2809
2021-05-04 12:38:59,781 - mmdet - INFO - Epoch [1][6550/7330]	lr: 2.000e-02, eta: 1 day, 18:03:41, time: 0.874, data_time: 0.330, memory: 9127, loss_rpn_cls: 0.0963, loss_rpn_bbox: 0.0731, loss_cls: 0.3990, acc: 91.3472, loss_bbox: 0.2649, loss_mask: 0.4187, loss: 1.2519
2021-05-04 12:39:44,568 - mmdet - INFO - Epoch [1][6600/7330]	lr: 2.000e-02, eta: 1 day, 18:02:59, time: 0.896, data_time: 0.328, memory: 9127, loss_rpn_cls: 0.0966, loss_rpn_bbox: 0.0732, loss_cls: 0.4119, acc: 90.9500, loss_bbox: 0.2778, loss_mask: 0.4137, loss: 1.2732
2021-05-04 12:40:29,020 - mmdet - INFO - Epoch [1][6650/7330]	lr: 2.000e-02, eta: 1 day, 18:02:08, time: 0.889, data_time: 0.335, memory: 9127, loss_rpn_cls: 0.0987, loss_rpn_bbox: 0.0756, loss_cls: 0.4164, acc: 90.9067, loss_bbox: 0.2776, loss_mask: 0.4141, loss: 1.2824
2021-05-04 12:41:13,067 - mmdet - INFO - Epoch [1][6700/7330]	lr: 2.000e-02, eta: 1 day, 18:01:06, time: 0.880, data_time: 0.321, memory: 9127, loss_rpn_cls: 0.0992, loss_rpn_bbox: 0.0788, loss_cls: 0.4129, acc: 91.0623, loss_bbox: 0.2735, loss_mask: 0.4172, loss: 1.2815
2021-05-04 12:41:58,000 - mmdet - INFO - Epoch [1][6750/7330]	lr: 2.000e-02, eta: 1 day, 18:00:28, time: 0.899, data_time: 0.350, memory: 9127, loss_rpn_cls: 0.1018, loss_rpn_bbox: 0.0750, loss_cls: 0.4261, acc: 90.6045, loss_bbox: 0.2807, loss_mask: 0.4109, loss: 1.2944
2021-05-04 12:42:42,823 - mmdet - INFO - Epoch [1][6800/7330]	lr: 2.000e-02, eta: 1 day, 17:59:46, time: 0.897, data_time: 0.326, memory: 9127, loss_rpn_cls: 0.0988, loss_rpn_bbox: 0.0791, loss_cls: 0.4281, acc: 90.7029, loss_bbox: 0.2862, loss_mask: 0.4181, loss: 1.3102
2021-05-04 12:43:28,517 - mmdet - INFO - Epoch [1][6850/7330]	lr: 2.000e-02, eta: 1 day, 17:59:25, time: 0.913, data_time: 0.353, memory: 9127, loss_rpn_cls: 0.1030, loss_rpn_bbox: 0.0758, loss_cls: 0.4329, acc: 90.2676, loss_bbox: 0.2931, loss_mask: 0.4089, loss: 1.3137
2021-05-04 12:44:13,038 - mmdet - INFO - Epoch [1][6900/7330]	lr: 2.000e-02, eta: 1 day, 17:58:37, time: 0.891, data_time: 0.332, memory: 9127, loss_rpn_cls: 0.0962, loss_rpn_bbox: 0.0773, loss_cls: 0.4126, acc: 90.9709, loss_bbox: 0.2702, loss_mask: 0.4076, loss: 1.2638
2021-05-04 12:44:57,087 - mmdet - INFO - Epoch [1][6950/7330]	lr: 2.000e-02, eta: 1 day, 17:57:36, time: 0.881, data_time: 0.338, memory: 9127, loss_rpn_cls: 0.0919, loss_rpn_bbox: 0.0717, loss_cls: 0.4194, acc: 90.6753, loss_bbox: 0.2862, loss_mask: 0.4055, loss: 1.2746
2021-05-04 12:45:41,515 - mmdet - INFO - Exp name: carafeppp_coco_mask_r50_2x_3_kernelexp__BK.py
2021-05-04 12:45:41,516 - mmdet - INFO - Epoch [1][7000/7330]	lr: 2.000e-02, eta: 1 day, 17:56:45, time: 0.889, data_time: 0.340, memory: 9127, loss_rpn_cls: 0.1000, loss_rpn_bbox: 0.0781, loss_cls: 0.4055, acc: 91.1921, loss_bbox: 0.2703, loss_mask: 0.4100, loss: 1.2640
2021-05-04 12:46:25,815 - mmdet - INFO - Epoch [1][7050/7330]	lr: 2.000e-02, eta: 1 day, 17:55:50, time: 0.886, data_time: 0.331, memory: 9127, loss_rpn_cls: 0.0971, loss_rpn_bbox: 0.0751, loss_cls: 0.4221, acc: 90.6785, loss_bbox: 0.2825, loss_mask: 0.4112, loss: 1.2880
2021-05-04 12:47:09,738 - mmdet - INFO - Epoch [1][7100/7330]	lr: 2.000e-02, eta: 1 day, 17:54:47, time: 0.878, data_time: 0.343, memory: 9127, loss_rpn_cls: 0.0916, loss_rpn_bbox: 0.0703, loss_cls: 0.4210, acc: 90.7717, loss_bbox: 0.2767, loss_mask: 0.4031, loss: 1.2626
2021-05-04 12:47:53,590 - mmdet - INFO - Epoch [1][7150/7330]	lr: 2.000e-02, eta: 1 day, 17:53:43, time: 0.877, data_time: 0.332, memory: 9127, loss_rpn_cls: 0.0953, loss_rpn_bbox: 0.0767, loss_cls: 0.4150, acc: 90.7173, loss_bbox: 0.2814, loss_mask: 0.4192, loss: 1.2877
2021-05-04 12:48:34,762 - mmdet - INFO - Epoch [1][7200/7330]	lr: 2.000e-02, eta: 1 day, 17:51:36, time: 0.823, data_time: 0.274, memory: 9127, loss_rpn_cls: 0.0963, loss_rpn_bbox: 0.0728, loss_cls: 0.4126, acc: 90.9258, loss_bbox: 0.2740, loss_mask: 0.4030, loss: 1.2587
2021-05-04 12:49:16,580 - mmdet - INFO - Epoch [1][7250/7330]	lr: 2.000e-02, eta: 1 day, 17:49:45, time: 0.836, data_time: 0.276, memory: 9127, loss_rpn_cls: 0.0966, loss_rpn_bbox: 0.0719, loss_cls: 0.4054, acc: 91.1074, loss_bbox: 0.2690, loss_mask: 0.4084, loss: 1.2513
2021-05-04 12:50:00,890 - mmdet - INFO - Epoch [1][7300/7330]	lr: 2.000e-02, eta: 1 day, 17:48:52, time: 0.886, data_time: 0.332, memory: 9127, loss_rpn_cls: 0.0929, loss_rpn_bbox: 0.0740, loss_cls: 0.4225, acc: 90.5510, loss_bbox: 0.2866, loss_mask: 0.4101, loss: 1.2861
2021-05-04 12:50:27,030 - mmdet - INFO - Saving checkpoint at 1 epochs
2021-05-04 12:52:22,778 - mmdet - INFO - Evaluating bbox...
2021-05-04 12:53:19,014 - mmdet - INFO - Evaluating segm...
2021-05-04 12:54:15,177 - mmdet - INFO - Exp name: carafeppp_coco_mask_r50_2x_3_kernelexp__BK.py
2021-05-04 12:54:15,178 - mmdet - INFO - Epoch(val) [1][7330]	bbox_mAP: 0.0560, bbox_mAP_50: 0.1160, bbox_mAP_75: 0.0500, bbox_mAP_s: 0.0240, bbox_mAP_m: 0.0590, bbox_mAP_l: 0.0810, bbox_mAP_copypaste: 0.056 0.116 0.050 0.024 0.059 0.081, segm_mAP: 0.0540, segm_mAP_50: 0.1060, segm_mAP_75: 0.0500, segm_mAP_s: 0.0190, segm_mAP_m: 0.0580, segm_mAP_l: 0.0810, segm_mAP_copypaste: 0.054 0.106 0.050 0.019 0.058 0.081
2021-05-04 12:55:03,009 - mmdet - INFO - Epoch [2][50/7330]	lr: 2.000e-02, eta: 1 day, 17:38:41, time: 0.956, data_time: 0.394, memory: 9127, loss_rpn_cls: 0.0985, loss_rpn_bbox: 0.0756, loss_cls: 0.4279, acc: 90.6379, loss_bbox: 0.2823, loss_mask: 0.4077, loss: 1.2920
2021-05-04 12:55:46,871 - mmdet - INFO - Epoch [2][100/7330]	lr: 2.000e-02, eta: 1 day, 17:37:43, time: 0.877, data_time: 0.335, memory: 9127, loss_rpn_cls: 0.0949, loss_rpn_bbox: 0.0760, loss_cls: 0.4207, acc: 90.6775, loss_bbox: 0.2808, loss_mask: 0.4039, loss: 1.2763
2021-05-04 12:56:31,811 - mmdet - INFO - Epoch [2][150/7330]	lr: 2.000e-02, eta: 1 day, 17:37:09, time: 0.899, data_time: 0.327, memory: 9127, loss_rpn_cls: 0.0988, loss_rpn_bbox: 0.0759, loss_cls: 0.4194, acc: 90.6282, loss_bbox: 0.2876, loss_mask: 0.4065, loss: 1.2883
