2021-05-07 19:15:49,485 - mmdet - INFO - Environment info:
------------------------------------------------------------
sys.platform: linux
Python: 3.7.9 (default, Aug 31 2020, 12:42:55) [GCC 7.3.0]
CUDA available: True
GPU 0,1,2,3,4,5,6,7: GeForce RTX 2080 Ti
CUDA_HOME: None
GCC: gcc (GCC) 4.8.5 20150623 (Red Hat 4.8.5-44)
PyTorch: 1.6.0
PyTorch compiling details: PyTorch built with:
  - GCC 7.3
  - C++ Version: 201402
  - Intel(R) Math Kernel Library Version 2020.0.2 Product Build 20200624 for Intel(R) 64 architecture applications
  - Intel(R) MKL-DNN v1.5.0 (Git Hash e2ac1fac44c5078ca927cb9b90e1b3066a0b2ed0)
  - OpenMP 201511 (a.k.a. OpenMP 4.5)
  - NNPACK is enabled
  - CPU capability usage: AVX2
  - CUDA Runtime 10.2
  - NVCC architecture flags: -gencode;arch=compute_37,code=sm_37;-gencode;arch=compute_50,code=sm_50;-gencode;arch=compute_60,code=sm_60;-gencode;arch=compute_61,code=sm_61;-gencode;arch=compute_70,code=sm_70;-gencode;arch=compute_75,code=sm_75;-gencode;arch=compute_37,code=compute_37
  - CuDNN 7.6.5
  - Magma 2.5.2
  - Build settings: BLAS=MKL, BUILD_TYPE=Release, CXX_FLAGS= -Wno-deprecated -fvisibility-inlines-hidden -DUSE_PTHREADPOOL -fopenmp -DNDEBUG -DUSE_FBGEMM -DUSE_QNNPACK -DUSE_PYTORCH_QNNPACK -DUSE_XNNPACK -DUSE_VULKAN_WRAPPER -O2 -fPIC -Wno-narrowing -Wall -Wextra -Werror=return-type -Wno-missing-field-initializers -Wno-type-limits -Wno-array-bounds -Wno-unknown-pragmas -Wno-sign-compare -Wno-unused-parameter -Wno-unused-variable -Wno-unused-function -Wno-unused-result -Wno-unused-local-typedefs -Wno-strict-overflow -Wno-strict-aliasing -Wno-error=deprecated-declarations -Wno-stringop-overflow -Wno-error=pedantic -Wno-error=redundant-decls -Wno-error=old-style-cast -fdiagnostics-color=always -faligned-new -Wno-unused-but-set-variable -Wno-maybe-uninitialized -fno-math-errno -fno-trapping-math -Werror=format -Wno-stringop-overflow, PERF_WITH_AVX=1, PERF_WITH_AVX2=1, PERF_WITH_AVX512=1, USE_CUDA=ON, USE_EXCEPTION_PTR=1, USE_GFLAGS=OFF, USE_GLOG=OFF, USE_MKL=ON, USE_MKLDNN=ON, USE_MPI=OFF, USE_NCCL=ON, USE_NNPACK=ON, USE_OPENMP=ON, USE_STATIC_DISPATCH=OFF, 

TorchVision: 0.7.0
OpenCV: 4.4.0
MMCV: 1.3.3
MMCV Compiler: GCC 7.3
MMCV CUDA Compiler: 10.2
MMDetection: 2.12.0+
------------------------------------------------------------

2021-05-07 19:15:49,913 - mmdet - INFO - Distributed training: True
2021-05-07 19:15:50,291 - mmdet - INFO - Config:
model = dict(
    type='FasterRCNN',
    pretrained='work_dirs/ipth/imagenet_resnet50_carafed_pretrained.pth',
    backbone=dict(
        type='ResNet_carafed',
        depth=50,
        num_stages=4,
        out_indices=(0, 1, 2, 3),
        frozen_stages=1,
        norm_cfg=dict(type='BN', requires_grad=True),
        norm_eval=True,
        style='pytorch'),
    neck=dict(
        type='FPN_CARAFE',
        in_channels=[256, 512, 1024, 2048],
        out_channels=256,
        num_outs=5,
        upsample_cfg=dict(
            type='carafe',
            up_kernel=5,
            up_group=1,
            encoder_kernel=3,
            encoder_dilation=1,
            compressed_channels=64)),
    rpn_head=dict(
        type='RPNHead',
        in_channels=256,
        feat_channels=256,
        anchor_generator=dict(
            type='AnchorGenerator',
            scales=[8],
            ratios=[0.5, 1.0, 2.0],
            strides=[4, 8, 16, 32, 64]),
        bbox_coder=dict(
            type='DeltaXYWHBBoxCoder',
            target_means=[0.0, 0.0, 0.0, 0.0],
            target_stds=[1.0, 1.0, 1.0, 1.0]),
        loss_cls=dict(
            type='CrossEntropyLoss', use_sigmoid=True, loss_weight=1.0),
        loss_bbox=dict(type='L1Loss', loss_weight=1.0)),
    roi_head=dict(
        type='StandardRoIHead',
        bbox_roi_extractor=dict(
            type='SingleRoIExtractor',
            roi_layer=dict(type='RoIAlign', output_size=7, sampling_ratio=0),
            out_channels=256,
            featmap_strides=[4, 8, 16, 32]),
        bbox_head=dict(
            type='Shared2FCBBoxHead',
            in_channels=256,
            fc_out_channels=1024,
            roi_feat_size=7,
            num_classes=80,
            bbox_coder=dict(
                type='DeltaXYWHBBoxCoder',
                target_means=[0.0, 0.0, 0.0, 0.0],
                target_stds=[0.1, 0.1, 0.2, 0.2]),
            reg_class_agnostic=False,
            loss_cls=dict(
                type='CrossEntropyLoss', use_sigmoid=False, loss_weight=1.0),
            loss_bbox=dict(type='L1Loss', loss_weight=1.0))))
train_cfg = dict(
    rpn=dict(
        assigner=dict(
            type='MaxIoUAssigner',
            pos_iou_thr=0.7,
            neg_iou_thr=0.3,
            min_pos_iou=0.3,
            match_low_quality=True,
            ignore_iof_thr=-1),
        sampler=dict(
            type='RandomSampler',
            num=256,
            pos_fraction=0.5,
            neg_pos_ub=-1,
            add_gt_as_proposals=False),
        allowed_border=-1,
        pos_weight=-1,
        debug=False),
    rpn_proposal=dict(
        nms_across_levels=False,
        nms_pre=2000,
        nms_post=1000,
        max_num=1000,
        nms_thr=0.7,
        min_bbox_size=0),
    rcnn=dict(
        assigner=dict(
            type='MaxIoUAssigner',
            pos_iou_thr=0.5,
            neg_iou_thr=0.5,
            min_pos_iou=0.5,
            match_low_quality=False,
            ignore_iof_thr=-1),
        sampler=dict(
            type='RandomSampler',
            num=512,
            pos_fraction=0.25,
            neg_pos_ub=-1,
            add_gt_as_proposals=True),
        pos_weight=-1,
        debug=False))
test_cfg = dict(
    rpn=dict(
        nms_across_levels=False,
        nms_pre=1000,
        nms_post=1000,
        max_num=1000,
        nms_thr=0.7,
        min_bbox_size=0),
    rcnn=dict(
        score_thr=0.05,
        nms=dict(type='nms', iou_threshold=0.5),
        max_per_img=100))
dataset_type = 'CocoDataset'
data_root = '../data/coco/'
annotations_root = '../data/coco/annotations/'
image_root = '../data/coco/'
img_scale = (1333, 800)
img_norm_cfg = dict(
    mean=[123.675, 116.28, 103.53], std=[58.395, 57.12, 57.375], to_rgb=True)
train_pipeline = [
    dict(type='LoadImageFromFile'),
    dict(type='LoadAnnotations', with_bbox=True),
    dict(type='Resize', img_scale=(1333, 800), keep_ratio=True),
    dict(type='RandomFlip', flip_ratio=0.5),
    dict(
        type='Normalize',
        mean=[123.675, 116.28, 103.53],
        std=[58.395, 57.12, 57.375],
        to_rgb=True),
    dict(type='Pad', size_divisor=32),
    dict(type='DefaultFormatBundle'),
    dict(type='Collect', keys=['img', 'gt_bboxes', 'gt_labels'])
]
test_pipeline = [
    dict(type='LoadImageFromFile'),
    dict(
        type='MultiScaleFlipAug',
        img_scale=(1333, 800),
        flip=False,
        transforms=[
            dict(type='Resize', keep_ratio=True),
            dict(type='RandomFlip'),
            dict(
                type='Normalize',
                mean=[123.675, 116.28, 103.53],
                std=[58.395, 57.12, 57.375],
                to_rgb=True),
            dict(type='Pad', size_divisor=32),
            dict(type='ImageToTensor', keys=['img']),
            dict(type='Collect', keys=['img'])
        ])
]
data = dict(
    samples_per_gpu=2,
    workers_per_gpu=0,
    train=dict(
        type='CocoDataset',
        ann_file='../data/coco/annotations/instances_train2017.json',
        img_prefix='../data/coco/train2017',
        pipeline=[
            dict(type='LoadImageFromFile'),
            dict(type='LoadAnnotations', with_bbox=True),
            dict(type='Resize', img_scale=(1333, 800), keep_ratio=True),
            dict(type='RandomFlip', flip_ratio=0.5),
            dict(
                type='Normalize',
                mean=[123.675, 116.28, 103.53],
                std=[58.395, 57.12, 57.375],
                to_rgb=True),
            dict(type='Pad', size_divisor=32),
            dict(type='DefaultFormatBundle'),
            dict(type='Collect', keys=['img', 'gt_bboxes', 'gt_labels'])
        ]),
    val=dict(
        type='CocoDataset',
        ann_file='../data/coco/annotations/instances_val2017.json',
        img_prefix='../data/coco/val2017',
        pipeline=[
            dict(type='LoadImageFromFile'),
            dict(
                type='MultiScaleFlipAug',
                img_scale=(1333, 800),
                flip=False,
                transforms=[
                    dict(type='Resize', keep_ratio=True),
                    dict(type='RandomFlip'),
                    dict(
                        type='Normalize',
                        mean=[123.675, 116.28, 103.53],
                        std=[58.395, 57.12, 57.375],
                        to_rgb=True),
                    dict(type='Pad', size_divisor=32),
                    dict(type='ImageToTensor', keys=['img']),
                    dict(type='Collect', keys=['img'])
                ])
        ]),
    test=dict(
        type='CocoDataset',
        ann_file='../data/coco/annotations/image_info_test-dev2017.json',
        img_prefix='../data/coco/test2017/',
        pipeline=[
            dict(type='LoadImageFromFile'),
            dict(
                type='MultiScaleFlipAug',
                img_scale=(1333, 800),
                flip=False,
                transforms=[
                    dict(type='Resize', keep_ratio=True),
                    dict(type='RandomFlip'),
                    dict(
                        type='Normalize',
                        mean=[123.675, 116.28, 103.53],
                        std=[58.395, 57.12, 57.375],
                        to_rgb=True),
                    dict(type='Pad', size_divisor=32),
                    dict(type='ImageToTensor', keys=['img']),
                    dict(type='Collect', keys=['img'])
                ])
        ]))
evaluation = dict(interval=1, metric='bbox')
optimizer = dict(type='SGD', lr=0.02, momentum=0.9, weight_decay=0.0001)
optimizer_config = dict(grad_clip=None)
lr_config = dict(
    policy='step',
    warmup='linear',
    warmup_iters=500,
    warmup_ratio=0.001,
    step=[8, 11])
runner = dict(type='EpochBasedRunner', max_epochs=12)
checkpoint_config = dict(interval=1)
log_config = dict(interval=50, hooks=[dict(type='TextLoggerHook')])
custom_hooks = [dict(type='NumClassCheckHook')]
dist_params = dict(backend='nccl')
log_level = 'INFO'
load_from = None
resume_from = None
workflow = [('train', 1)]
work_dir = './work_dirs/carafepp_coco_faster_r50_1x'
gpu_ids = range(0, 8)

2021-05-07 19:16:18,878 - mmdet - INFO - Start running, host: lishengqi_0902170602@node07, work_dir: /home/lishengqi_0902170602/container/mmdetection/work_dirs/carafepp_coco_faster_r50_1x
2021-05-07 19:16:18,879 - mmdet - INFO - workflow: [('train', 1)], max: 12 epochs
2021-05-07 19:16:55,927 - mmdet - INFO - Epoch [1][50/7330]	lr: 1.978e-03, eta: 18:03:50, time: 0.740, data_time: 0.244, memory: 8797, loss_rpn_cls: 0.4572, loss_rpn_bbox: 0.1024, loss_cls: 1.1489, acc: 89.9697, loss_bbox: 0.0926, loss: 1.8012
2021-05-07 19:17:27,962 - mmdet - INFO - Epoch [1][100/7330]	lr: 3.976e-03, eta: 16:50:28, time: 0.640, data_time: 0.182, memory: 8797, loss_rpn_cls: 0.2504, loss_rpn_bbox: 0.0946, loss_cls: 0.4945, acc: 94.7974, loss_bbox: 0.1944, loss: 1.0339
2021-05-07 19:17:59,933 - mmdet - INFO - Epoch [1][150/7330]	lr: 5.974e-03, eta: 16:25:45, time: 0.641, data_time: 0.181, memory: 8797, loss_rpn_cls: 0.2211, loss_rpn_bbox: 0.0933, loss_cls: 0.4689, acc: 94.3137, loss_bbox: 0.2064, loss: 0.9898
2021-05-07 19:18:32,029 - mmdet - INFO - Epoch [1][200/7330]	lr: 7.972e-03, eta: 16:13:16, time: 0.641, data_time: 0.184, memory: 8797, loss_rpn_cls: 0.2032, loss_rpn_bbox: 0.0962, loss_cls: 0.4463, acc: 93.8064, loss_bbox: 0.2209, loss: 0.9666
2021-05-07 19:19:03,982 - mmdet - INFO - Epoch [1][250/7330]	lr: 9.970e-03, eta: 16:05:11, time: 0.640, data_time: 0.182, memory: 8797, loss_rpn_cls: 0.1610, loss_rpn_bbox: 0.0974, loss_cls: 0.4267, acc: 93.4810, loss_bbox: 0.2320, loss: 0.9171
2021-05-07 19:19:35,945 - mmdet - INFO - Epoch [1][300/7330]	lr: 1.197e-02, eta: 15:59:29, time: 0.639, data_time: 0.185, memory: 8797, loss_rpn_cls: 0.1380, loss_rpn_bbox: 0.0917, loss_cls: 0.4474, acc: 92.8472, loss_bbox: 0.2612, loss: 0.9383
2021-05-07 19:20:07,951 - mmdet - INFO - Epoch [1][350/7330]	lr: 1.397e-02, eta: 15:55:18, time: 0.639, data_time: 0.181, memory: 8797, loss_rpn_cls: 0.1214, loss_rpn_bbox: 0.0889, loss_cls: 0.4416, acc: 92.7302, loss_bbox: 0.2704, loss: 0.9223
2021-05-07 19:20:39,994 - mmdet - INFO - Epoch [1][400/7330]	lr: 1.596e-02, eta: 15:52:23, time: 0.641, data_time: 0.182, memory: 8797, loss_rpn_cls: 0.1266, loss_rpn_bbox: 0.0903, loss_cls: 0.4799, acc: 91.5903, loss_bbox: 0.3130, loss: 1.0097
2021-05-07 19:21:12,074 - mmdet - INFO - Epoch [1][450/7330]	lr: 1.796e-02, eta: 15:50:06, time: 0.642, data_time: 0.183, memory: 8797, loss_rpn_cls: 0.1161, loss_rpn_bbox: 0.0878, loss_cls: 0.4822, acc: 91.2866, loss_bbox: 0.3307, loss: 1.0168
2021-05-07 19:21:44,056 - mmdet - INFO - Epoch [1][500/7330]	lr: 1.996e-02, eta: 15:47:51, time: 0.640, data_time: 0.186, memory: 8797, loss_rpn_cls: 0.1143, loss_rpn_bbox: 0.0860, loss_cls: 0.4916, acc: 91.1377, loss_bbox: 0.3379, loss: 1.0297
2021-05-07 19:22:16,044 - mmdet - INFO - Epoch [1][550/7330]	lr: 2.000e-02, eta: 15:45:51, time: 0.639, data_time: 0.185, memory: 8797, loss_rpn_cls: 0.1085, loss_rpn_bbox: 0.0825, loss_cls: 0.4851, acc: 90.8806, loss_bbox: 0.3418, loss: 1.0179
2021-05-07 19:22:48,219 - mmdet - INFO - Epoch [1][600/7330]	lr: 2.000e-02, eta: 15:44:39, time: 0.644, data_time: 0.189, memory: 8797, loss_rpn_cls: 0.1016, loss_rpn_bbox: 0.0829, loss_cls: 0.4819, acc: 90.2576, loss_bbox: 0.3671, loss: 1.0334
2021-05-07 19:23:20,298 - mmdet - INFO - Epoch [1][650/7330]	lr: 2.000e-02, eta: 15:43:19, time: 0.642, data_time: 0.182, memory: 8797, loss_rpn_cls: 0.0993, loss_rpn_bbox: 0.0881, loss_cls: 0.4691, acc: 90.2805, loss_bbox: 0.3673, loss: 1.0237
2021-05-07 19:23:52,539 - mmdet - INFO - Epoch [1][700/7330]	lr: 2.000e-02, eta: 15:42:25, time: 0.645, data_time: 0.180, memory: 8797, loss_rpn_cls: 0.0929, loss_rpn_bbox: 0.0843, loss_cls: 0.4690, acc: 89.6006, loss_bbox: 0.3939, loss: 1.0400
2021-05-07 19:24:24,704 - mmdet - INFO - Epoch [1][750/7330]	lr: 2.000e-02, eta: 15:41:23, time: 0.643, data_time: 0.188, memory: 8797, loss_rpn_cls: 0.0847, loss_rpn_bbox: 0.0845, loss_cls: 0.4476, acc: 89.9146, loss_bbox: 0.3783, loss: 0.9951
2021-05-07 19:24:56,900 - mmdet - INFO - Epoch [1][800/7330]	lr: 2.000e-02, eta: 15:40:34, time: 0.645, data_time: 0.186, memory: 8797, loss_rpn_cls: 0.0858, loss_rpn_bbox: 0.0833, loss_cls: 0.4536, acc: 89.8164, loss_bbox: 0.3778, loss: 1.0005
2021-05-07 19:25:28,962 - mmdet - INFO - Epoch [1][850/7330]	lr: 2.000e-02, eta: 15:39:29, time: 0.641, data_time: 0.184, memory: 8797, loss_rpn_cls: 0.0789, loss_rpn_bbox: 0.0797, loss_cls: 0.4359, acc: 89.8884, loss_bbox: 0.3747, loss: 0.9692
2021-05-07 19:26:01,036 - mmdet - INFO - Epoch [1][900/7330]	lr: 2.000e-02, eta: 15:38:26, time: 0.641, data_time: 0.187, memory: 8797, loss_rpn_cls: 0.0772, loss_rpn_bbox: 0.0795, loss_cls: 0.4429, acc: 89.7012, loss_bbox: 0.3848, loss: 0.9844
2021-05-07 19:26:33,191 - mmdet - INFO - Epoch [1][950/7330]	lr: 2.000e-02, eta: 15:37:37, time: 0.643, data_time: 0.186, memory: 8797, loss_rpn_cls: 0.0810, loss_rpn_bbox: 0.0779, loss_cls: 0.4333, acc: 89.9104, loss_bbox: 0.3706, loss: 0.9628
2021-05-07 19:27:05,130 - mmdet - INFO - Exp name: carafepp_coco_faster_r50_1x.py
2021-05-07 19:27:05,131 - mmdet - INFO - Epoch [1][1000/7330]	lr: 2.000e-02, eta: 15:36:32, time: 0.639, data_time: 0.181, memory: 8797, loss_rpn_cls: 0.0783, loss_rpn_bbox: 0.0778, loss_cls: 0.4224, acc: 89.7219, loss_bbox: 0.3711, loss: 0.9496
2021-05-07 19:27:37,273 - mmdet - INFO - Epoch [1][1050/7330]	lr: 2.000e-02, eta: 15:35:46, time: 0.643, data_time: 0.182, memory: 8797, loss_rpn_cls: 0.0736, loss_rpn_bbox: 0.0755, loss_cls: 0.4187, acc: 89.7930, loss_bbox: 0.3708, loss: 0.9385
2021-05-07 19:28:09,306 - mmdet - INFO - Epoch [1][1100/7330]	lr: 2.000e-02, eta: 15:34:52, time: 0.641, data_time: 0.186, memory: 8797, loss_rpn_cls: 0.0663, loss_rpn_bbox: 0.0731, loss_cls: 0.3929, acc: 90.2214, loss_bbox: 0.3604, loss: 0.8928
2021-05-07 19:28:41,463 - mmdet - INFO - Epoch [1][1150/7330]	lr: 2.000e-02, eta: 15:34:09, time: 0.643, data_time: 0.189, memory: 8797, loss_rpn_cls: 0.0728, loss_rpn_bbox: 0.0806, loss_cls: 0.4092, acc: 89.7483, loss_bbox: 0.3745, loss: 0.9370
2021-05-07 19:29:13,696 - mmdet - INFO - Epoch [1][1200/7330]	lr: 2.000e-02, eta: 15:33:34, time: 0.645, data_time: 0.190, memory: 8797, loss_rpn_cls: 0.0756, loss_rpn_bbox: 0.0805, loss_cls: 0.4016, acc: 89.7910, loss_bbox: 0.3735, loss: 0.9313
2021-05-07 19:29:45,924 - mmdet - INFO - Epoch [1][1250/7330]	lr: 2.000e-02, eta: 15:32:58, time: 0.645, data_time: 0.185, memory: 8797, loss_rpn_cls: 0.0659, loss_rpn_bbox: 0.0719, loss_cls: 0.3865, acc: 90.2888, loss_bbox: 0.3523, loss: 0.8766
2021-05-07 19:30:18,592 - mmdet - INFO - Epoch [1][1300/7330]	lr: 2.000e-02, eta: 15:32:51, time: 0.653, data_time: 0.192, memory: 8797, loss_rpn_cls: 0.0684, loss_rpn_bbox: 0.0733, loss_cls: 0.3809, acc: 90.1609, loss_bbox: 0.3525, loss: 0.8751
2021-05-07 19:30:54,678 - mmdet - INFO - Epoch [1][1350/7330]	lr: 2.000e-02, eta: 15:36:21, time: 0.721, data_time: 0.229, memory: 8797, loss_rpn_cls: 0.0783, loss_rpn_bbox: 0.0771, loss_cls: 0.3926, acc: 89.7266, loss_bbox: 0.3682, loss: 0.9161
2021-05-07 19:31:29,407 - mmdet - INFO - Epoch [1][1400/7330]	lr: 2.000e-02, eta: 15:38:11, time: 0.695, data_time: 0.200, memory: 8797, loss_rpn_cls: 0.0675, loss_rpn_bbox: 0.0714, loss_cls: 0.3663, acc: 90.4375, loss_bbox: 0.3486, loss: 0.8538
2021-05-07 19:32:01,976 - mmdet - INFO - Epoch [1][1450/7330]	lr: 2.000e-02, eta: 15:37:43, time: 0.652, data_time: 0.193, memory: 8797, loss_rpn_cls: 0.0649, loss_rpn_bbox: 0.0725, loss_cls: 0.3827, acc: 89.7422, loss_bbox: 0.3735, loss: 0.8937
2021-05-07 19:32:34,292 - mmdet - INFO - Epoch [1][1500/7330]	lr: 2.000e-02, eta: 15:36:57, time: 0.646, data_time: 0.186, memory: 8797, loss_rpn_cls: 0.0711, loss_rpn_bbox: 0.0790, loss_cls: 0.3720, acc: 90.0676, loss_bbox: 0.3564, loss: 0.8785
2021-05-07 19:33:06,444 - mmdet - INFO - Epoch [1][1550/7330]	lr: 2.000e-02, eta: 15:36:06, time: 0.643, data_time: 0.191, memory: 8797, loss_rpn_cls: 0.0620, loss_rpn_bbox: 0.0713, loss_cls: 0.3644, acc: 90.0967, loss_bbox: 0.3543, loss: 0.8520
2021-05-07 19:33:38,634 - mmdet - INFO - Epoch [1][1600/7330]	lr: 2.000e-02, eta: 15:35:16, time: 0.644, data_time: 0.187, memory: 8797, loss_rpn_cls: 0.0645, loss_rpn_bbox: 0.0733, loss_cls: 0.3678, acc: 90.1340, loss_bbox: 0.3528, loss: 0.8585
2021-05-07 19:34:10,864 - mmdet - INFO - Epoch [1][1650/7330]	lr: 2.000e-02, eta: 15:34:29, time: 0.644, data_time: 0.188, memory: 8797, loss_rpn_cls: 0.0639, loss_rpn_bbox: 0.0738, loss_cls: 0.3563, acc: 90.3979, loss_bbox: 0.3406, loss: 0.8345
2021-05-07 19:34:42,896 - mmdet - INFO - Epoch [1][1700/7330]	lr: 2.000e-02, eta: 15:33:35, time: 0.641, data_time: 0.189, memory: 8797, loss_rpn_cls: 0.0658, loss_rpn_bbox: 0.0692, loss_cls: 0.3720, acc: 90.0181, loss_bbox: 0.3512, loss: 0.8581
2021-05-07 19:35:15,029 - mmdet - INFO - Epoch [1][1750/7330]	lr: 2.000e-02, eta: 15:32:46, time: 0.643, data_time: 0.181, memory: 8797, loss_rpn_cls: 0.0674, loss_rpn_bbox: 0.0730, loss_cls: 0.3741, acc: 89.7820, loss_bbox: 0.3628, loss: 0.8773
2021-05-07 19:35:47,198 - mmdet - INFO - Epoch [1][1800/7330]	lr: 2.000e-02, eta: 15:31:58, time: 0.643, data_time: 0.189, memory: 8797, loss_rpn_cls: 0.0619, loss_rpn_bbox: 0.0745, loss_cls: 0.3603, acc: 90.3083, loss_bbox: 0.3470, loss: 0.8438
2021-05-07 19:36:19,233 - mmdet - INFO - Epoch [1][1850/7330]	lr: 2.000e-02, eta: 15:31:08, time: 0.641, data_time: 0.182, memory: 8797, loss_rpn_cls: 0.0621, loss_rpn_bbox: 0.0740, loss_cls: 0.3676, acc: 89.7717, loss_bbox: 0.3568, loss: 0.8605
2021-05-07 19:36:51,338 - mmdet - INFO - Epoch [1][1900/7330]	lr: 2.000e-02, eta: 15:30:21, time: 0.643, data_time: 0.185, memory: 8797, loss_rpn_cls: 0.0619, loss_rpn_bbox: 0.0707, loss_cls: 0.3497, acc: 90.3462, loss_bbox: 0.3414, loss: 0.8236
2021-05-07 19:37:23,469 - mmdet - INFO - Epoch [1][1950/7330]	lr: 2.000e-02, eta: 15:29:34, time: 0.642, data_time: 0.186, memory: 8797, loss_rpn_cls: 0.0595, loss_rpn_bbox: 0.0738, loss_cls: 0.3462, acc: 90.3032, loss_bbox: 0.3366, loss: 0.8161
2021-05-07 19:37:55,703 - mmdet - INFO - Exp name: carafepp_coco_faster_r50_1x.py
2021-05-07 19:37:55,703 - mmdet - INFO - Epoch [1][2000/7330]	lr: 2.000e-02, eta: 15:28:54, time: 0.645, data_time: 0.188, memory: 8797, loss_rpn_cls: 0.0586, loss_rpn_bbox: 0.0697, loss_cls: 0.3700, acc: 90.0647, loss_bbox: 0.3467, loss: 0.8450
2021-05-07 19:38:27,836 - mmdet - INFO - Epoch [1][2050/7330]	lr: 2.000e-02, eta: 15:28:08, time: 0.642, data_time: 0.184, memory: 8797, loss_rpn_cls: 0.0572, loss_rpn_bbox: 0.0706, loss_cls: 0.3604, acc: 89.8601, loss_bbox: 0.3588, loss: 0.8471
2021-05-07 19:39:00,088 - mmdet - INFO - Epoch [1][2100/7330]	lr: 2.000e-02, eta: 15:27:30, time: 0.645, data_time: 0.186, memory: 8797, loss_rpn_cls: 0.0561, loss_rpn_bbox: 0.0663, loss_cls: 0.3427, acc: 90.2837, loss_bbox: 0.3413, loss: 0.8063
2021-05-07 19:39:32,224 - mmdet - INFO - Epoch [1][2150/7330]	lr: 2.000e-02, eta: 15:26:46, time: 0.642, data_time: 0.188, memory: 8797, loss_rpn_cls: 0.0601, loss_rpn_bbox: 0.0680, loss_cls: 0.3400, acc: 90.3638, loss_bbox: 0.3368, loss: 0.8049
