2020-10-24 13:40:46,835 - mmdet - INFO - Environment info:
------------------------------------------------------------
sys.platform: linux
Python: 3.7.9 (default, Aug 31 2020, 12:42:55) [GCC 7.3.0]
CUDA available: True
GPU 0,1,2,3: GeForce RTX 2080 Ti
CUDA_HOME: /usr/local/cuda
NVCC: Cuda compilation tools, release 10.0, V10.0.130
GCC: gcc (Ubuntu 5.4.0-6ubuntu1~16.04.11) 5.4.0 20160609
PyTorch: 1.4.0
PyTorch compiling details: PyTorch built with:
  - GCC 7.3
  - Intel(R) Math Kernel Library Version 2020.0.2 Product Build 20200624 for Intel(R) 64 architecture applications
  - Intel(R) MKL-DNN v0.21.1 (Git Hash 7d2fd500bc78936d1d648ca713b901012f470dbc)
  - OpenMP 201511 (a.k.a. OpenMP 4.5)
  - NNPACK is enabled
  - CUDA Runtime 10.0
  - NVCC architecture flags: -gencode;arch=compute_37,code=sm_37;-gencode;arch=compute_50,code=sm_50;-gencode;arch=compute_60,code=sm_60;-gencode;arch=compute_61,code=sm_61;-gencode;arch=compute_70,code=sm_70;-gencode;arch=compute_75,code=sm_75;-gencode;arch=compute_37,code=compute_37
  - CuDNN 7.6.3
  - Magma 2.5.1
  - Build settings: BLAS=MKL, BUILD_NAMEDTENSOR=OFF, BUILD_TYPE=Release, CXX_FLAGS= -Wno-deprecated -fvisibility-inlines-hidden -fopenmp -DUSE_FBGEMM -DUSE_QNNPACK -DUSE_PYTORCH_QNNPACK -O2 -fPIC -Wno-narrowing -Wall -Wextra -Wno-missing-field-initializers -Wno-type-limits -Wno-array-bounds -Wno-unknown-pragmas -Wno-sign-compare -Wno-unused-parameter -Wno-unused-variable -Wno-unused-function -Wno-unused-result -Wno-strict-overflow -Wno-strict-aliasing -Wno-error=deprecated-declarations -Wno-stringop-overflow -Wno-error=pedantic -Wno-error=redundant-decls -Wno-error=old-style-cast -fdiagnostics-color=always -faligned-new -Wno-unused-but-set-variable -Wno-maybe-uninitialized -fno-math-errno -fno-trapping-math -Wno-stringop-overflow, DISABLE_NUMA=1, PERF_WITH_AVX=1, PERF_WITH_AVX2=1, PERF_WITH_AVX512=1, USE_CUDA=ON, USE_EXCEPTION_PTR=1, USE_GFLAGS=OFF, USE_GLOG=OFF, USE_MKL=ON, USE_MKLDNN=ON, USE_MPI=OFF, USE_NCCL=ON, USE_NNPACK=ON, USE_OPENMP=ON, USE_STATIC_DISPATCH=OFF, 

TorchVision: 0.5.0
OpenCV: 4.4.0
MMCV: 1.1.5
MMCV Compiler: GCC 7.3
MMCV CUDA Compiler: 10.0
MMDetection: 2.5.0+
------------------------------------------------------------

2020-10-24 13:40:48,939 - mmdet - INFO - Distributed training: True
2020-10-24 13:40:51,126 - mmdet - INFO - Config:
model = dict(
    type='FasterRCNN',
    pretrained='icode/moco_v2_800ep_pretrain_rename.pth',
    backbone=dict(
        type='ResNet',
        depth=50,
        num_stages=4,
        out_indices=(0, 1, 2, 3),
        frozen_stages=1,
        norm_cfg=dict(type='BN', requires_grad=False),
        norm_eval=True,
        style='caffe'),
    neck=dict(
        type='FPN',
        in_channels=[256, 512, 1024, 2048],
        out_channels=256,
        num_outs=5),
    rpn_head=dict(
        type='RPNHead',
        in_channels=256,
        feat_channels=256,
        anchor_generator=dict(
            type='AnchorGenerator',
            scales=[8],
            ratios=[0.5, 1.0, 2.0],
            strides=[4, 8, 16, 32, 64]),
        bbox_coder=dict(
            type='DeltaXYWHBBoxCoder',
            target_means=[0.0, 0.0, 0.0, 0.0],
            target_stds=[1.0, 1.0, 1.0, 1.0]),
        loss_cls=dict(
            type='CrossEntropyLoss', use_sigmoid=True, loss_weight=1.0),
        loss_bbox=dict(type='L1Loss', loss_weight=1.0)),
    roi_head=dict(
        type='StandardRoIHead',
        bbox_roi_extractor=dict(
            type='SingleRoIExtractor',
            roi_layer=dict(type='RoIAlign', output_size=7, sampling_ratio=0),
            out_channels=256,
            featmap_strides=[4, 8, 16, 32]),
        bbox_head=dict(
            type='Shared2FCBBoxHead',
            in_channels=256,
            fc_out_channels=1024,
            roi_feat_size=7,
            num_classes=20,
            bbox_coder=dict(
                type='DeltaXYWHBBoxCoder',
                target_means=[0.0, 0.0, 0.0, 0.0],
                target_stds=[0.1, 0.1, 0.2, 0.2]),
            reg_class_agnostic=False,
            loss_cls=dict(
                type='CrossEntropyLoss', use_sigmoid=False, loss_weight=1.0),
            loss_bbox=dict(type='L1Loss', loss_weight=1.0))))
train_cfg = dict(
    rpn=dict(
        assigner=dict(
            type='MaxIoUAssigner',
            pos_iou_thr=0.7,
            neg_iou_thr=0.3,
            min_pos_iou=0.3,
            match_low_quality=True,
            ignore_iof_thr=-1),
        sampler=dict(
            type='RandomSampler',
            num=256,
            pos_fraction=0.5,
            neg_pos_ub=-1,
            add_gt_as_proposals=False),
        allowed_border=-1,
        pos_weight=-1,
        debug=False),
    rpn_proposal=dict(
        nms_across_levels=False,
        nms_pre=2000,
        nms_post=1000,
        max_num=1000,
        nms_thr=0.7,
        min_bbox_size=0),
    rcnn=dict(
        assigner=dict(
            type='MaxIoUAssigner',
            pos_iou_thr=0.5,
            neg_iou_thr=0.5,
            min_pos_iou=0.5,
            match_low_quality=False,
            ignore_iof_thr=-1),
        sampler=dict(
            type='RandomSampler',
            num=512,
            pos_fraction=0.25,
            neg_pos_ub=-1,
            add_gt_as_proposals=True),
        pos_weight=-1,
        debug=False))
test_cfg = dict(
    rpn=dict(
        nms_across_levels=False,
        nms_pre=1000,
        nms_post=1000,
        max_num=1000,
        nms_thr=0.7,
        min_bbox_size=0),
    rcnn=dict(
        score_thr=0.05,
        nms=dict(type='nms', iou_threshold=0.5),
        max_per_img=100))
dataset_type = 'VOCDataset'
data_root = '/root/userfolder/data/voc0712/VOCdevkit/'
img_norm_cfg = dict(
    mean=[103.53, 116.28, 123.675], std=[1.0, 1.0, 1.0], to_rgb=False)
train_pipeline = [
    dict(type='LoadImageFromFile'),
    dict(type='LoadAnnotations', with_bbox=True),
    dict(type='Resize', img_scale=(1333, 800), keep_ratio=True),
    dict(type='RandomFlip', flip_ratio=0.5),
    dict(
        type='Normalize',
        mean=[103.53, 116.28, 123.675],
        std=[1.0, 1.0, 1.0],
        to_rgb=False),
    dict(type='Pad', size_divisor=32),
    dict(type='DefaultFormatBundle'),
    dict(type='Collect', keys=['img', 'gt_bboxes', 'gt_labels'])
]
test_pipeline = [
    dict(type='LoadImageFromFile'),
    dict(
        type='MultiScaleFlipAug',
        img_scale=(1333, 800),
        flip=False,
        transforms=[
            dict(type='Resize', keep_ratio=True),
            dict(type='RandomFlip'),
            dict(
                type='Normalize',
                mean=[103.53, 116.28, 123.675],
                std=[1.0, 1.0, 1.0],
                to_rgb=False),
            dict(type='Pad', size_divisor=32),
            dict(type='ImageToTensor', keys=['img']),
            dict(type='Collect', keys=['img'])
        ])
]
data = dict(
    samples_per_gpu=2,
    workers_per_gpu=0,
    train=dict(
        type='RepeatDataset',
        times=3,
        dataset=dict(
            type='VOCDataset',
            ann_file=[
                '/root/userfolder/data/voc0712/VOCdevkit/VOC2007/ImageSets/Main/trainval.txt',
                '/root/userfolder/data/voc0712/VOCdevkit/VOC2012/ImageSets/Main/trainval.txt'
            ],
            img_prefix=[
                '/root/userfolder/data/voc0712/VOCdevkit/VOC2007/',
                '/root/userfolder/data/voc0712/VOCdevkit/VOC2012/'
            ],
            pipeline=[
                dict(type='LoadImageFromFile'),
                dict(type='LoadAnnotations', with_bbox=True),
                dict(type='Resize', img_scale=(1000, 600), keep_ratio=True),
                dict(type='RandomFlip', flip_ratio=0.5),
                dict(
                    type='Normalize',
                    mean=[123.675, 116.28, 103.53],
                    std=[58.395, 57.12, 57.375],
                    to_rgb=True),
                dict(type='Pad', size_divisor=32),
                dict(type='DefaultFormatBundle'),
                dict(type='Collect', keys=['img', 'gt_bboxes', 'gt_labels'])
            ]),
        pipeline=[
            dict(type='LoadImageFromFile'),
            dict(type='LoadAnnotations', with_bbox=True),
            dict(type='Resize', img_scale=(1333, 800), keep_ratio=True),
            dict(type='RandomFlip', flip_ratio=0.5),
            dict(
                type='Normalize',
                mean=[103.53, 116.28, 123.675],
                std=[1.0, 1.0, 1.0],
                to_rgb=False),
            dict(type='Pad', size_divisor=32),
            dict(type='DefaultFormatBundle'),
            dict(type='Collect', keys=['img', 'gt_bboxes', 'gt_labels'])
        ]),
    val=dict(
        type='VOCDataset',
        ann_file=
        '/root/userfolder/data/voc0712/VOCdevkit/VOC2007/ImageSets/Main/test.txt',
        img_prefix='/root/userfolder/data/voc0712/VOCdevkit/VOC2007/',
        pipeline=[
            dict(type='LoadImageFromFile'),
            dict(
                type='MultiScaleFlipAug',
                img_scale=(1333, 800),
                flip=False,
                transforms=[
                    dict(type='Resize', keep_ratio=True),
                    dict(type='RandomFlip'),
                    dict(
                        type='Normalize',
                        mean=[103.53, 116.28, 123.675],
                        std=[1.0, 1.0, 1.0],
                        to_rgb=False),
                    dict(type='Pad', size_divisor=32),
                    dict(type='ImageToTensor', keys=['img']),
                    dict(type='Collect', keys=['img'])
                ])
        ]),
    test=dict(
        type='VOCDataset',
        ann_file=
        '/root/userfolder/data/voc0712/VOCdevkit/VOC2007/ImageSets/Main/test.txt',
        img_prefix='/root/userfolder/data/voc0712/VOCdevkit/VOC2007/',
        pipeline=[
            dict(type='LoadImageFromFile'),
            dict(
                type='MultiScaleFlipAug',
                img_scale=(1333, 800),
                flip=False,
                transforms=[
                    dict(type='Resize', keep_ratio=True),
                    dict(type='RandomFlip'),
                    dict(
                        type='Normalize',
                        mean=[103.53, 116.28, 123.675],
                        std=[1.0, 1.0, 1.0],
                        to_rgb=False),
                    dict(type='Pad', size_divisor=32),
                    dict(type='ImageToTensor', keys=['img']),
                    dict(type='Collect', keys=['img'])
                ])
        ]))
evaluation = dict(interval=1, metric='mAP')
checkpoint_config = dict(interval=1)
log_config = dict(interval=50, hooks=[dict(type='TextLoggerHook')])
dist_params = dict(backend='nccl')
log_level = 'INFO'
load_from = None
resume_from = None
workflow = [('train', 1)]
optimizer = dict(type='SGD', lr=0.01, momentum=0.9, weight_decay=0.0001)
optimizer_config = dict(grad_clip=None)
lr_config = dict(
    policy='step',
    warmup='linear',
    warmup_iters=500,
    warmup_ratio=0.001,
    step=[16, 22])
total_epochs = 24
work_dir = './work_dirs/faster_rcnn_r50_caffe_fpn_2x_coco_voc'
gpu_ids = range(0, 1)

2020-10-24 13:40:51,481 - mmdet - INFO - load model from: icode/moco_v2_800ep_pretrain_rename.pth
2020-10-24 13:40:51,573 - mmdet - WARNING - The model and loaded state dict do not match exactly

unexpected key in source state_dict: fc.0.weight, fc.0.bias, fc.2.weight, fc.2.bias

2020-10-24 13:41:12,039 - mmdet - INFO - Start running, host: root@c29bb9d22aa7, work_dir: /root/userfolder/mmdetection/work_dirs/faster_rcnn_r50_caffe_fpn_2x_coco_voc
2020-10-24 13:41:12,040 - mmdet - INFO - workflow: [('train', 1)], max: 24 epochs
2020-10-24 13:42:12,156 - mmdet - INFO - Epoch [1][50/6207]	lr: 9.890e-04, eta: 2 days, 1:25:48, time: 1.195, data_time: 0.151, memory: 2471, loss_rpn_cls: 0.5948, loss_rpn_bbox: 0.0244, loss_cls: 2.0064, acc: 74.8042, loss_bbox: 0.0251, loss: 2.6508
2020-10-24 13:42:58,349 - mmdet - INFO - Epoch [1][100/6207]	lr: 1.988e-03, eta: 1 day, 19:47:26, time: 0.923, data_time: 0.076, memory: 2471, loss_rpn_cls: 0.0993, loss_rpn_bbox: 0.0249, loss_cls: 0.3939, acc: 96.2827, loss_bbox: 0.1466, loss: 0.6647
2020-10-24 13:43:44,515 - mmdet - INFO - Epoch [1][150/6207]	lr: 2.987e-03, eta: 1 day, 17:53:38, time: 0.922, data_time: 0.074, memory: 2471, loss_rpn_cls: 0.0819, loss_rpn_bbox: 0.0212, loss_cls: 0.3397, acc: 96.2139, loss_bbox: 0.1482, loss: 0.5911
2020-10-24 13:44:30,621 - mmdet - INFO - Epoch [1][200/6207]	lr: 3.986e-03, eta: 1 day, 16:57:14, time: 0.924, data_time: 0.093, memory: 2471, loss_rpn_cls: 0.0726, loss_rpn_bbox: 0.0201, loss_cls: 0.3121, acc: 95.9268, loss_bbox: 0.1617, loss: 0.5666
2020-10-24 13:45:17,159 - mmdet - INFO - Epoch [1][250/6207]	lr: 4.985e-03, eta: 1 day, 16:26:21, time: 0.930, data_time: 0.085, memory: 2471, loss_rpn_cls: 0.0795, loss_rpn_bbox: 0.0241, loss_cls: 0.2850, acc: 95.8984, loss_bbox: 0.1606, loss: 0.5492
2020-10-24 13:46:03,207 - mmdet - INFO - Epoch [1][300/6207]	lr: 5.984e-03, eta: 1 day, 16:01:40, time: 0.921, data_time: 0.089, memory: 2471, loss_rpn_cls: 0.0727, loss_rpn_bbox: 0.0201, loss_cls: 0.2823, acc: 96.0938, loss_bbox: 0.1548, loss: 0.5299
2020-10-24 13:46:49,120 - mmdet - INFO - Epoch [1][350/6207]	lr: 6.983e-03, eta: 1 day, 15:42:51, time: 0.918, data_time: 0.070, memory: 2471, loss_rpn_cls: 0.0714, loss_rpn_bbox: 0.0232, loss_cls: 0.2968, acc: 95.4663, loss_bbox: 0.1795, loss: 0.5709
2020-10-24 13:47:35,571 - mmdet - INFO - Epoch [1][400/6207]	lr: 7.982e-03, eta: 1 day, 15:31:46, time: 0.929, data_time: 0.079, memory: 2471, loss_rpn_cls: 0.0701, loss_rpn_bbox: 0.0212, loss_cls: 0.2804, acc: 95.7666, loss_bbox: 0.1665, loss: 0.5382
2020-10-24 13:48:21,427 - mmdet - INFO - Epoch [1][450/6207]	lr: 8.981e-03, eta: 1 day, 15:19:46, time: 0.917, data_time: 0.076, memory: 2471, loss_rpn_cls: 0.0667, loss_rpn_bbox: 0.0215, loss_cls: 0.2878, acc: 95.6675, loss_bbox: 0.1703, loss: 0.5463
2020-10-24 13:49:07,752 - mmdet - INFO - Epoch [1][500/6207]	lr: 9.980e-03, eta: 1 day, 15:12:22, time: 0.927, data_time: 0.086, memory: 2471, loss_rpn_cls: 0.0687, loss_rpn_bbox: 0.0248, loss_cls: 0.2899, acc: 95.3691, loss_bbox: 0.1822, loss: 0.5656
2020-10-24 13:49:53,550 - mmdet - INFO - Epoch [1][550/6207]	lr: 1.000e-02, eta: 1 day, 15:03:46, time: 0.916, data_time: 0.079, memory: 2471, loss_rpn_cls: 0.0529, loss_rpn_bbox: 0.0191, loss_cls: 0.2623, acc: 95.7363, loss_bbox: 0.1676, loss: 0.5019
2020-10-24 13:50:39,531 - mmdet - INFO - Epoch [1][600/6207]	lr: 1.000e-02, eta: 1 day, 14:57:13, time: 0.920, data_time: 0.071, memory: 2471, loss_rpn_cls: 0.0530, loss_rpn_bbox: 0.0212, loss_cls: 0.2768, acc: 95.4541, loss_bbox: 0.1772, loss: 0.5282
2020-10-24 13:51:25,477 - mmdet - INFO - Epoch [1][650/6207]	lr: 1.000e-02, eta: 1 day, 14:51:25, time: 0.919, data_time: 0.082, memory: 2471, loss_rpn_cls: 0.0636, loss_rpn_bbox: 0.0228, loss_cls: 0.2605, acc: 95.8052, loss_bbox: 0.1623, loss: 0.5092
2020-10-24 13:52:11,263 - mmdet - INFO - Epoch [1][700/6207]	lr: 1.000e-02, eta: 1 day, 14:45:46, time: 0.916, data_time: 0.073, memory: 2471, loss_rpn_cls: 0.0540, loss_rpn_bbox: 0.0226, loss_cls: 0.2698, acc: 95.5688, loss_bbox: 0.1724, loss: 0.5188
2020-10-24 13:52:57,301 - mmdet - INFO - Epoch [1][750/6207]	lr: 1.000e-02, eta: 1 day, 14:41:42, time: 0.921, data_time: 0.081, memory: 2471, loss_rpn_cls: 0.0496, loss_rpn_bbox: 0.0216, loss_cls: 0.2892, acc: 95.1377, loss_bbox: 0.1890, loss: 0.5494
2020-10-24 13:53:43,024 - mmdet - INFO - Epoch [1][800/6207]	lr: 1.000e-02, eta: 1 day, 14:36:59, time: 0.914, data_time: 0.086, memory: 2471, loss_rpn_cls: 0.0526, loss_rpn_bbox: 0.0228, loss_cls: 0.2694, acc: 95.0815, loss_bbox: 0.1873, loss: 0.5320
2020-10-24 13:54:28,798 - mmdet - INFO - Epoch [1][850/6207]	lr: 1.000e-02, eta: 1 day, 14:32:52, time: 0.915, data_time: 0.090, memory: 2471, loss_rpn_cls: 0.0547, loss_rpn_bbox: 0.0220, loss_cls: 0.2735, acc: 95.3438, loss_bbox: 0.1765, loss: 0.5267
2020-10-24 13:55:14,816 - mmdet - INFO - Epoch [1][900/6207]	lr: 1.000e-02, eta: 1 day, 14:29:49, time: 0.920, data_time: 0.086, memory: 2471, loss_rpn_cls: 0.0429, loss_rpn_bbox: 0.0194, loss_cls: 0.2689, acc: 95.1689, loss_bbox: 0.1835, loss: 0.5147
2020-10-24 13:56:00,634 - mmdet - INFO - Epoch [1][950/6207]	lr: 1.000e-02, eta: 1 day, 14:26:28, time: 0.916, data_time: 0.084, memory: 2471, loss_rpn_cls: 0.0405, loss_rpn_bbox: 0.0202, loss_cls: 0.2597, acc: 95.1396, loss_bbox: 0.1821, loss: 0.5026
2020-10-24 13:56:46,414 - mmdet - INFO - Exp name: faster_rcnn_r50_caffe_fpn_2x_coco_voc.py
2020-10-24 13:56:46,415 - mmdet - INFO - Epoch [1][1000/6207]	lr: 1.000e-02, eta: 1 day, 14:23:20, time: 0.916, data_time: 0.073, memory: 2471, loss_rpn_cls: 0.0510, loss_rpn_bbox: 0.0226, loss_cls: 0.2852, acc: 95.0581, loss_bbox: 0.1844, loss: 0.5431
2020-10-24 13:57:32,705 - mmdet - INFO - Epoch [1][1050/6207]	lr: 1.000e-02, eta: 1 day, 14:21:33, time: 0.925, data_time: 0.086, memory: 2471, loss_rpn_cls: 0.0482, loss_rpn_bbox: 0.0233, loss_cls: 0.2861, acc: 94.5562, loss_bbox: 0.2005, loss: 0.5581
2020-10-24 13:58:18,717 - mmdet - INFO - Epoch [1][1100/6207]	lr: 1.000e-02, eta: 1 day, 14:19:18, time: 0.920, data_time: 0.076, memory: 2471, loss_rpn_cls: 0.0513, loss_rpn_bbox: 0.0225, loss_cls: 0.2677, acc: 95.0986, loss_bbox: 0.1791, loss: 0.5207
2020-10-24 13:59:04,330 - mmdet - INFO - Epoch [1][1150/6207]	lr: 1.000e-02, eta: 1 day, 14:16:21, time: 0.913, data_time: 0.088, memory: 2471, loss_rpn_cls: 0.0445, loss_rpn_bbox: 0.0220, loss_cls: 0.2837, acc: 94.7329, loss_bbox: 0.1927, loss: 0.5430
2020-10-24 13:59:50,593 - mmdet - INFO - Epoch [1][1200/6207]	lr: 1.000e-02, eta: 1 day, 14:14:49, time: 0.925, data_time: 0.086, memory: 2471, loss_rpn_cls: 0.0449, loss_rpn_bbox: 0.0231, loss_cls: 0.2826, acc: 94.5190, loss_bbox: 0.1991, loss: 0.5497
2020-10-24 14:00:36,816 - mmdet - INFO - Epoch [1][1250/6207]	lr: 1.000e-02, eta: 1 day, 14:13:18, time: 0.924, data_time: 0.080, memory: 2471, loss_rpn_cls: 0.0431, loss_rpn_bbox: 0.0231, loss_cls: 0.3033, acc: 94.1914, loss_bbox: 0.2118, loss: 0.5813
2020-10-24 14:01:22,835 - mmdet - INFO - Epoch [1][1300/6207]	lr: 1.000e-02, eta: 1 day, 14:11:29, time: 0.920, data_time: 0.082, memory: 2471, loss_rpn_cls: 0.0369, loss_rpn_bbox: 0.0210, loss_cls: 0.2696, acc: 94.8442, loss_bbox: 0.1880, loss: 0.5154
2020-10-24 14:02:08,645 - mmdet - INFO - Epoch [1][1350/6207]	lr: 1.000e-02, eta: 1 day, 14:09:23, time: 0.917, data_time: 0.076, memory: 2471, loss_rpn_cls: 0.0418, loss_rpn_bbox: 0.0206, loss_cls: 0.2625, acc: 94.7075, loss_bbox: 0.1904, loss: 0.5152
2020-10-24 14:02:54,736 - mmdet - INFO - Epoch [1][1400/6207]	lr: 1.000e-02, eta: 1 day, 14:07:50, time: 0.922, data_time: 0.088, memory: 2471, loss_rpn_cls: 0.0446, loss_rpn_bbox: 0.0221, loss_cls: 0.2768, acc: 94.4258, loss_bbox: 0.2005, loss: 0.5441
2020-10-24 14:03:40,873 - mmdet - INFO - Epoch [1][1450/6207]	lr: 1.000e-02, eta: 1 day, 14:06:26, time: 0.923, data_time: 0.083, memory: 2471, loss_rpn_cls: 0.0410, loss_rpn_bbox: 0.0211, loss_cls: 0.2709, acc: 94.3208, loss_bbox: 0.1985, loss: 0.5316
2020-10-24 14:04:26,733 - mmdet - INFO - Epoch [1][1500/6207]	lr: 1.000e-02, eta: 1 day, 14:04:35, time: 0.917, data_time: 0.083, memory: 2471, loss_rpn_cls: 0.0395, loss_rpn_bbox: 0.0206, loss_cls: 0.2593, acc: 94.6445, loss_bbox: 0.1904, loss: 0.5098
2020-10-24 14:05:12,724 - mmdet - INFO - Epoch [1][1550/6207]	lr: 1.000e-02, eta: 1 day, 14:03:02, time: 0.920, data_time: 0.070, memory: 2471, loss_rpn_cls: 0.0370, loss_rpn_bbox: 0.0204, loss_cls: 0.2634, acc: 94.4458, loss_bbox: 0.1955, loss: 0.5163
2020-10-24 14:05:59,002 - mmdet - INFO - Epoch [1][1600/6207]	lr: 1.000e-02, eta: 1 day, 14:01:59, time: 0.926, data_time: 0.079, memory: 2471, loss_rpn_cls: 0.0343, loss_rpn_bbox: 0.0202, loss_cls: 0.2413, acc: 94.8926, loss_bbox: 0.1779, loss: 0.4737
2020-10-24 14:06:44,857 - mmdet - INFO - Epoch [1][1650/6207]	lr: 1.000e-02, eta: 1 day, 14:00:21, time: 0.918, data_time: 0.077, memory: 2471, loss_rpn_cls: 0.0339, loss_rpn_bbox: 0.0198, loss_cls: 0.2469, acc: 94.6689, loss_bbox: 0.1847, loss: 0.4854
2020-10-24 14:07:30,856 - mmdet - INFO - Epoch [1][1700/6207]	lr: 1.000e-02, eta: 1 day, 13:58:54, time: 0.919, data_time: 0.071, memory: 2471, loss_rpn_cls: 0.0309, loss_rpn_bbox: 0.0178, loss_cls: 0.2485, acc: 94.5591, loss_bbox: 0.1864, loss: 0.4836
2020-10-24 14:08:17,038 - mmdet - INFO - Epoch [1][1750/6207]	lr: 1.000e-02, eta: 1 day, 13:57:49, time: 0.924, data_time: 0.078, memory: 2471, loss_rpn_cls: 0.0348, loss_rpn_bbox: 0.0198, loss_cls: 0.2584, acc: 94.3081, loss_bbox: 0.1955, loss: 0.5084
2020-10-24 14:09:03,068 - mmdet - INFO - Epoch [1][1800/6207]	lr: 1.000e-02, eta: 1 day, 13:56:31, time: 0.921, data_time: 0.073, memory: 2471, loss_rpn_cls: 0.0337, loss_rpn_bbox: 0.0185, loss_cls: 0.2546, acc: 94.4082, loss_bbox: 0.1935, loss: 0.5003
2020-10-24 14:09:49,237 - mmdet - INFO - Epoch [1][1850/6207]	lr: 1.000e-02, eta: 1 day, 13:55:25, time: 0.923, data_time: 0.074, memory: 2471, loss_rpn_cls: 0.0359, loss_rpn_bbox: 0.0218, loss_cls: 0.2565, acc: 94.1436, loss_bbox: 0.2014, loss: 0.5156
2020-10-24 14:10:35,080 - mmdet - INFO - Epoch [1][1900/6207]	lr: 1.000e-02, eta: 1 day, 13:53:54, time: 0.917, data_time: 0.077, memory: 2471, loss_rpn_cls: 0.0346, loss_rpn_bbox: 0.0187, loss_cls: 0.2391, acc: 94.9238, loss_bbox: 0.1701, loss: 0.4625
2020-10-24 14:11:21,173 - mmdet - INFO - Epoch [1][1950/6207]	lr: 1.000e-02, eta: 1 day, 13:52:47, time: 0.922, data_time: 0.075, memory: 2471, loss_rpn_cls: 0.0429, loss_rpn_bbox: 0.0228, loss_cls: 0.2619, acc: 94.0811, loss_bbox: 0.2004, loss: 0.5280
2020-10-24 14:12:07,237 - mmdet - INFO - Exp name: faster_rcnn_r50_caffe_fpn_2x_coco_voc.py
2020-10-24 14:12:07,237 - mmdet - INFO - Epoch [1][2000/6207]	lr: 1.000e-02, eta: 1 day, 13:51:38, time: 0.921, data_time: 0.073, memory: 2471, loss_rpn_cls: 0.0338, loss_rpn_bbox: 0.0189, loss_cls: 0.2441, acc: 94.4360, loss_bbox: 0.1862, loss: 0.4830
2020-10-24 14:12:53,525 - mmdet - INFO - Epoch [1][2050/6207]	lr: 1.000e-02, eta: 1 day, 13:50:41, time: 0.925, data_time: 0.072, memory: 2471, loss_rpn_cls: 0.0408, loss_rpn_bbox: 0.0220, loss_cls: 0.2741, acc: 93.7769, loss_bbox: 0.2061, loss: 0.5429
2020-10-24 14:13:39,365 - mmdet - INFO - Epoch [1][2100/6207]	lr: 1.000e-02, eta: 1 day, 13:49:22, time: 0.918, data_time: 0.074, memory: 2471, loss_rpn_cls: 0.0329, loss_rpn_bbox: 0.0188, loss_cls: 0.2411, acc: 94.3130, loss_bbox: 0.1892, loss: 0.4820
2020-10-24 14:14:25,305 - mmdet - INFO - Epoch [1][2150/6207]	lr: 1.000e-02, eta: 1 day, 13:48:07, time: 0.919, data_time: 0.091, memory: 2471, loss_rpn_cls: 0.0338, loss_rpn_bbox: 0.0174, loss_cls: 0.2484, acc: 94.5625, loss_bbox: 0.1837, loss: 0.4833
2020-10-24 14:15:11,034 - mmdet - INFO - Epoch [1][2200/6207]	lr: 1.000e-02, eta: 1 day, 13:46:40, time: 0.915, data_time: 0.085, memory: 2471, loss_rpn_cls: 0.0315, loss_rpn_bbox: 0.0198, loss_cls: 0.2457, acc: 94.2402, loss_bbox: 0.1926, loss: 0.4897
2020-10-24 14:15:56,949 - mmdet - INFO - Epoch [1][2250/6207]	lr: 1.000e-02, eta: 1 day, 13:45:26, time: 0.918, data_time: 0.085, memory: 2471, loss_rpn_cls: 0.0330, loss_rpn_bbox: 0.0212, loss_cls: 0.2507, acc: 94.3008, loss_bbox: 0.1917, loss: 0.4966
2020-10-24 14:16:43,317 - mmdet - INFO - Epoch [1][2300/6207]	lr: 1.000e-02, eta: 1 day, 13:44:43, time: 0.927, data_time: 0.091, memory: 2471, loss_rpn_cls: 0.0309, loss_rpn_bbox: 0.0184, loss_cls: 0.2303, acc: 94.4707, loss_bbox: 0.1829, loss: 0.4624
2020-10-24 14:17:29,833 - mmdet - INFO - Epoch [1][2350/6207]	lr: 1.000e-02, eta: 1 day, 13:44:08, time: 0.930, data_time: 0.076, memory: 2471, loss_rpn_cls: 0.0337, loss_rpn_bbox: 0.0216, loss_cls: 0.2486, acc: 93.9233, loss_bbox: 0.2039, loss: 0.5078
2020-10-24 14:18:15,823 - mmdet - INFO - Epoch [1][2400/6207]	lr: 1.000e-02, eta: 1 day, 13:43:01, time: 0.920, data_time: 0.081, memory: 2471, loss_rpn_cls: 0.0292, loss_rpn_bbox: 0.0168, loss_cls: 0.2218, acc: 94.7559, loss_bbox: 0.1773, loss: 0.4451
2020-10-24 14:19:01,672 - mmdet - INFO - Epoch [1][2450/6207]	lr: 1.000e-02, eta: 1 day, 13:41:46, time: 0.917, data_time: 0.084, memory: 2471, loss_rpn_cls: 0.0329, loss_rpn_bbox: 0.0201, loss_cls: 0.2416, acc: 94.3193, loss_bbox: 0.1887, loss: 0.4833
2020-10-24 14:19:47,516 - mmdet - INFO - Epoch [1][2500/6207]	lr: 1.000e-02, eta: 1 day, 13:40:33, time: 0.917, data_time: 0.074, memory: 2471, loss_rpn_cls: 0.0330, loss_rpn_bbox: 0.0213, loss_cls: 0.2434, acc: 94.1919, loss_bbox: 0.1954, loss: 0.4931
2020-10-24 14:20:33,669 - mmdet - INFO - Epoch [1][2550/6207]	lr: 1.000e-02, eta: 1 day, 13:39:37, time: 0.923, data_time: 0.073, memory: 2471, loss_rpn_cls: 0.0333, loss_rpn_bbox: 0.0191, loss_cls: 0.2365, acc: 94.4468, loss_bbox: 0.1860, loss: 0.4749
2020-10-24 14:21:19,472 - mmdet - INFO - Epoch [1][2600/6207]	lr: 1.000e-02, eta: 1 day, 13:38:25, time: 0.917, data_time: 0.084, memory: 2471, loss_rpn_cls: 0.0275, loss_rpn_bbox: 0.0183, loss_cls: 0.2195, acc: 94.6699, loss_bbox: 0.1760, loss: 0.4414
2020-10-24 14:22:05,482 - mmdet - INFO - Epoch [1][2650/6207]	lr: 1.000e-02, eta: 1 day, 13:37:22, time: 0.920, data_time: 0.084, memory: 2471, loss_rpn_cls: 0.0327, loss_rpn_bbox: 0.0200, loss_cls: 0.2578, acc: 93.9727, loss_bbox: 0.1990, loss: 0.5095
2020-10-24 14:22:51,378 - mmdet - INFO - Epoch [1][2700/6207]	lr: 1.000e-02, eta: 1 day, 13:36:15, time: 0.918, data_time: 0.090, memory: 2471, loss_rpn_cls: 0.0262, loss_rpn_bbox: 0.0184, loss_cls: 0.2246, acc: 94.4243, loss_bbox: 0.1829, loss: 0.4522
2020-10-24 14:23:37,119 - mmdet - INFO - Epoch [1][2750/6207]	lr: 1.000e-02, eta: 1 day, 13:35:00, time: 0.915, data_time: 0.087, memory: 2471, loss_rpn_cls: 0.0276, loss_rpn_bbox: 0.0181, loss_cls: 0.2178, acc: 94.7773, loss_bbox: 0.1743, loss: 0.4378
2020-10-24 14:24:22,960 - mmdet - INFO - Epoch [1][2800/6207]	lr: 1.000e-02, eta: 1 day, 13:33:51, time: 0.916, data_time: 0.073, memory: 2471, loss_rpn_cls: 0.0277, loss_rpn_bbox: 0.0181, loss_cls: 0.2257, acc: 94.5654, loss_bbox: 0.1794, loss: 0.4510
2020-10-24 14:25:08,643 - mmdet - INFO - Epoch [1][2850/6207]	lr: 1.000e-02, eta: 1 day, 13:32:36, time: 0.914, data_time: 0.084, memory: 2471, loss_rpn_cls: 0.0302, loss_rpn_bbox: 0.0190, loss_cls: 0.2401, acc: 94.1489, loss_bbox: 0.1940, loss: 0.4833
2020-10-24 14:25:54,599 - mmdet - INFO - Epoch [1][2900/6207]	lr: 1.000e-02, eta: 1 day, 13:31:35, time: 0.919, data_time: 0.085, memory: 2471, loss_rpn_cls: 0.0293, loss_rpn_bbox: 0.0195, loss_cls: 0.2278, acc: 94.3345, loss_bbox: 0.1834, loss: 0.4600
2020-10-24 14:26:40,819 - mmdet - INFO - Epoch [1][2950/6207]	lr: 1.000e-02, eta: 1 day, 13:30:47, time: 0.924, data_time: 0.089, memory: 2471, loss_rpn_cls: 0.0311, loss_rpn_bbox: 0.0189, loss_cls: 0.2260, acc: 94.6387, loss_bbox: 0.1775, loss: 0.4534
2020-10-24 14:27:26,743 - mmdet - INFO - Exp name: faster_rcnn_r50_caffe_fpn_2x_coco_voc.py
2020-10-24 14:27:26,743 - mmdet - INFO - Epoch [1][3000/6207]	lr: 1.000e-02, eta: 1 day, 13:29:45, time: 0.918, data_time: 0.083, memory: 2471, loss_rpn_cls: 0.0289, loss_rpn_bbox: 0.0188, loss_cls: 0.2262, acc: 94.2461, loss_bbox: 0.1844, loss: 0.4583
2020-10-24 14:28:12,615 - mmdet - INFO - Epoch [1][3050/6207]	lr: 1.000e-02, eta: 1 day, 13:28:42, time: 0.918, data_time: 0.087, memory: 2471, loss_rpn_cls: 0.0293, loss_rpn_bbox: 0.0187, loss_cls: 0.2148, acc: 94.5342, loss_bbox: 0.1816, loss: 0.4444
2020-10-24 14:28:58,612 - mmdet - INFO - Epoch [1][3100/6207]	lr: 1.000e-02, eta: 1 day, 13:27:45, time: 0.920, data_time: 0.088, memory: 2471, loss_rpn_cls: 0.0305, loss_rpn_bbox: 0.0211, loss_cls: 0.2412, acc: 94.0537, loss_bbox: 0.1975, loss: 0.4904
2020-10-24 14:29:44,602 - mmdet - INFO - Epoch [1][3150/6207]	lr: 1.000e-02, eta: 1 day, 13:26:47, time: 0.919, data_time: 0.087, memory: 2471, loss_rpn_cls: 0.0324, loss_rpn_bbox: 0.0205, loss_cls: 0.2492, acc: 94.0576, loss_bbox: 0.1926, loss: 0.4947
2020-10-24 14:30:30,740 - mmdet - INFO - Epoch [1][3200/6207]	lr: 1.000e-02, eta: 1 day, 13:25:57, time: 0.923, data_time: 0.075, memory: 2471, loss_rpn_cls: 0.0281, loss_rpn_bbox: 0.0186, loss_cls: 0.2065, acc: 94.6270, loss_bbox: 0.1757, loss: 0.4289
2020-10-24 14:31:16,773 - mmdet - INFO - Epoch [1][3250/6207]	lr: 1.000e-02, eta: 1 day, 13:25:02, time: 0.921, data_time: 0.075, memory: 2471, loss_rpn_cls: 0.0295, loss_rpn_bbox: 0.0175, loss_cls: 0.2077, acc: 94.6523, loss_bbox: 0.1737, loss: 0.4284
2020-10-24 14:32:02,831 - mmdet - INFO - Epoch [1][3300/6207]	lr: 1.000e-02, eta: 1 day, 13:24:09, time: 0.921, data_time: 0.076, memory: 2471, loss_rpn_cls: 0.0232, loss_rpn_bbox: 0.0175, loss_cls: 0.2188, acc: 94.3604, loss_bbox: 0.1817, loss: 0.4412
2020-10-24 14:32:48,707 - mmdet - INFO - Epoch [1][3350/6207]	lr: 1.000e-02, eta: 1 day, 13:23:08, time: 0.918, data_time: 0.080, memory: 2471, loss_rpn_cls: 0.0287, loss_rpn_bbox: 0.0207, loss_cls: 0.2327, acc: 93.9629, loss_bbox: 0.2006, loss: 0.4827
2020-10-24 14:33:34,768 - mmdet - INFO - Epoch [1][3400/6207]	lr: 1.000e-02, eta: 1 day, 13:22:15, time: 0.921, data_time: 0.076, memory: 2471, loss_rpn_cls: 0.0258, loss_rpn_bbox: 0.0177, loss_cls: 0.2136, acc: 94.7290, loss_bbox: 0.1779, loss: 0.4350
2020-10-24 14:34:21,146 - mmdet - INFO - Epoch [1][3450/6207]	lr: 1.000e-02, eta: 1 day, 13:21:34, time: 0.927, data_time: 0.078, memory: 2471, loss_rpn_cls: 0.0286, loss_rpn_bbox: 0.0193, loss_cls: 0.2391, acc: 93.9058, loss_bbox: 0.2007, loss: 0.4876
2020-10-24 14:35:07,036 - mmdet - INFO - Epoch [1][3500/6207]	lr: 1.000e-02, eta: 1 day, 13:20:36, time: 0.919, data_time: 0.090, memory: 2471, loss_rpn_cls: 0.0281, loss_rpn_bbox: 0.0186, loss_cls: 0.2203, acc: 94.3311, loss_bbox: 0.1870, loss: 0.4540
2020-10-24 14:35:52,899 - mmdet - INFO - Epoch [1][3550/6207]	lr: 1.000e-02, eta: 1 day, 13:19:36, time: 0.917, data_time: 0.086, memory: 2471, loss_rpn_cls: 0.0299, loss_rpn_bbox: 0.0214, loss_cls: 0.2486, acc: 93.8975, loss_bbox: 0.1972, loss: 0.4971
2020-10-24 14:36:38,527 - mmdet - INFO - Epoch [1][3600/6207]	lr: 1.000e-02, eta: 1 day, 13:18:26, time: 0.913, data_time: 0.081, memory: 2471, loss_rpn_cls: 0.0290, loss_rpn_bbox: 0.0164, loss_cls: 0.1960, acc: 94.8711, loss_bbox: 0.1699, loss: 0.4113
2020-10-24 14:37:24,308 - mmdet - INFO - Epoch [1][3650/6207]	lr: 1.000e-02, eta: 1 day, 13:17:23, time: 0.915, data_time: 0.090, memory: 2471, loss_rpn_cls: 0.0324, loss_rpn_bbox: 0.0214, loss_cls: 0.2355, acc: 93.9888, loss_bbox: 0.1990, loss: 0.4884
2020-10-24 14:38:10,365 - mmdet - INFO - Epoch [1][3700/6207]	lr: 1.000e-02, eta: 1 day, 13:16:32, time: 0.921, data_time: 0.089, memory: 2471, loss_rpn_cls: 0.0239, loss_rpn_bbox: 0.0180, loss_cls: 0.2227, acc: 94.1152, loss_bbox: 0.1910, loss: 0.4557
2020-10-24 14:38:56,298 - mmdet - INFO - Epoch [1][3750/6207]	lr: 1.000e-02, eta: 1 day, 13:15:36, time: 0.919, data_time: 0.082, memory: 2471, loss_rpn_cls: 0.0260, loss_rpn_bbox: 0.0188, loss_cls: 0.2241, acc: 94.1069, loss_bbox: 0.1905, loss: 0.4594
2020-10-24 14:39:42,341 - mmdet - INFO - Epoch [1][3800/6207]	lr: 1.000e-02, eta: 1 day, 13:14:45, time: 0.921, data_time: 0.090, memory: 2471, loss_rpn_cls: 0.0274, loss_rpn_bbox: 0.0193, loss_cls: 0.2202, acc: 94.3242, loss_bbox: 0.1852, loss: 0.4521
2020-10-24 14:40:28,392 - mmdet - INFO - Epoch [1][3850/6207]	lr: 1.000e-02, eta: 1 day, 13:13:54, time: 0.921, data_time: 0.090, memory: 2471, loss_rpn_cls: 0.0323, loss_rpn_bbox: 0.0213, loss_cls: 0.2144, acc: 94.4478, loss_bbox: 0.1801, loss: 0.4482
2020-10-24 14:41:14,632 - mmdet - INFO - Epoch [1][3900/6207]	lr: 1.000e-02, eta: 1 day, 13:13:10, time: 0.925, data_time: 0.085, memory: 2471, loss_rpn_cls: 0.0243, loss_rpn_bbox: 0.0184, loss_cls: 0.2110, acc: 94.2764, loss_bbox: 0.1828, loss: 0.4364
2020-10-24 14:42:00,374 - mmdet - INFO - Epoch [1][3950/6207]	lr: 1.000e-02, eta: 1 day, 13:12:07, time: 0.914, data_time: 0.080, memory: 2471, loss_rpn_cls: 0.0259, loss_rpn_bbox: 0.0185, loss_cls: 0.2172, acc: 94.4888, loss_bbox: 0.1782, loss: 0.4398
2020-10-24 14:42:46,278 - mmdet - INFO - Exp name: faster_rcnn_r50_caffe_fpn_2x_coco_voc.py
2020-10-24 14:42:46,278 - mmdet - INFO - Epoch [1][4000/6207]	lr: 1.000e-02, eta: 1 day, 13:11:11, time: 0.918, data_time: 0.074, memory: 2471, loss_rpn_cls: 0.0249, loss_rpn_bbox: 0.0187, loss_cls: 0.2237, acc: 94.0518, loss_bbox: 0.1947, loss: 0.4620
2020-10-24 14:43:32,366 - mmdet - INFO - Epoch [1][4050/6207]	lr: 1.000e-02, eta: 1 day, 13:10:21, time: 0.921, data_time: 0.072, memory: 2471, loss_rpn_cls: 0.0282, loss_rpn_bbox: 0.0190, loss_cls: 0.2205, acc: 94.1411, loss_bbox: 0.1941, loss: 0.4618
2020-10-24 14:44:18,457 - mmdet - INFO - Epoch [1][4100/6207]	lr: 1.000e-02, eta: 1 day, 13:09:33, time: 0.922, data_time: 0.083, memory: 2471, loss_rpn_cls: 0.0278, loss_rpn_bbox: 0.0181, loss_cls: 0.2222, acc: 94.1860, loss_bbox: 0.1860, loss: 0.4541
2020-10-24 14:45:04,293 - mmdet - INFO - Epoch [1][4150/6207]	lr: 1.000e-02, eta: 1 day, 13:08:35, time: 0.917, data_time: 0.078, memory: 2471, loss_rpn_cls: 0.0261, loss_rpn_bbox: 0.0170, loss_cls: 0.2197, acc: 94.1973, loss_bbox: 0.1886, loss: 0.4514
2020-10-24 14:45:50,172 - mmdet - INFO - Epoch [1][4200/6207]	lr: 1.000e-02, eta: 1 day, 13:07:39, time: 0.918, data_time: 0.092, memory: 2471, loss_rpn_cls: 0.0221, loss_rpn_bbox: 0.0155, loss_cls: 0.1972, acc: 94.7412, loss_bbox: 0.1713, loss: 0.4060
2020-10-24 14:46:36,321 - mmdet - INFO - Epoch [1][4250/6207]	lr: 1.000e-02, eta: 1 day, 13:06:52, time: 0.923, data_time: 0.108, memory: 2471, loss_rpn_cls: 0.0284, loss_rpn_bbox: 0.0202, loss_cls: 0.2075, acc: 94.1309, loss_bbox: 0.1967, loss: 0.4528
2020-10-24 14:47:22,270 - mmdet - INFO - Epoch [1][4300/6207]	lr: 1.000e-02, eta: 1 day, 13:05:56, time: 0.917, data_time: 0.096, memory: 2471, loss_rpn_cls: 0.0246, loss_rpn_bbox: 0.0179, loss_cls: 0.1982, acc: 94.5737, loss_bbox: 0.1782, loss: 0.4190
2020-10-24 14:48:08,222 - mmdet - INFO - Epoch [1][4350/6207]	lr: 1.000e-02, eta: 1 day, 13:05:05, time: 0.921, data_time: 0.092, memory: 2471, loss_rpn_cls: 0.0261, loss_rpn_bbox: 0.0178, loss_cls: 0.1942, acc: 94.9111, loss_bbox: 0.1641, loss: 0.4022
2020-10-24 14:48:54,200 - mmdet - INFO - Epoch [1][4400/6207]	lr: 1.000e-02, eta: 1 day, 13:04:14, time: 0.920, data_time: 0.080, memory: 2471, loss_rpn_cls: 0.0231, loss_rpn_bbox: 0.0175, loss_cls: 0.2005, acc: 94.4980, loss_bbox: 0.1822, loss: 0.4233
2020-10-24 14:49:40,326 - mmdet - INFO - Epoch [1][4450/6207]	lr: 1.000e-02, eta: 1 day, 13:03:27, time: 0.923, data_time: 0.089, memory: 2471, loss_rpn_cls: 0.0241, loss_rpn_bbox: 0.0172, loss_cls: 0.2131, acc: 94.2656, loss_bbox: 0.1839, loss: 0.4383
2020-10-24 14:50:26,609 - mmdet - INFO - Epoch [1][4500/6207]	lr: 1.000e-02, eta: 1 day, 13:02:44, time: 0.926, data_time: 0.101, memory: 2471, loss_rpn_cls: 0.0273, loss_rpn_bbox: 0.0182, loss_cls: 0.2021, acc: 94.4800, loss_bbox: 0.1811, loss: 0.4287
2020-10-24 14:51:12,664 - mmdet - INFO - Epoch [1][4550/6207]	lr: 1.000e-02, eta: 1 day, 13:01:55, time: 0.921, data_time: 0.089, memory: 2471, loss_rpn_cls: 0.0263, loss_rpn_bbox: 0.0176, loss_cls: 0.2093, acc: 94.2520, loss_bbox: 0.1882, loss: 0.4414
2020-10-24 14:51:58,780 - mmdet - INFO - Epoch [1][4600/6207]	lr: 1.000e-02, eta: 1 day, 13:01:07, time: 0.922, data_time: 0.095, memory: 2471, loss_rpn_cls: 0.0265, loss_rpn_bbox: 0.0180, loss_cls: 0.2129, acc: 94.2539, loss_bbox: 0.1899, loss: 0.4473
2020-10-24 14:52:44,602 - mmdet - INFO - Epoch [1][4650/6207]	lr: 1.000e-02, eta: 1 day, 13:00:12, time: 0.917, data_time: 0.098, memory: 2471, loss_rpn_cls: 0.0263, loss_rpn_bbox: 0.0208, loss_cls: 0.2049, acc: 94.3892, loss_bbox: 0.1817, loss: 0.4337
2020-10-24 14:53:30,665 - mmdet - INFO - Epoch [1][4700/6207]	lr: 1.000e-02, eta: 1 day, 12:59:22, time: 0.921, data_time: 0.092, memory: 2471, loss_rpn_cls: 0.0253, loss_rpn_bbox: 0.0170, loss_cls: 0.2066, acc: 94.2998, loss_bbox: 0.1850, loss: 0.4339
2020-10-24 14:54:16,652 - mmdet - INFO - Epoch [1][4750/6207]	lr: 1.000e-02, eta: 1 day, 12:58:31, time: 0.920, data_time: 0.093, memory: 2471, loss_rpn_cls: 0.0271, loss_rpn_bbox: 0.0193, loss_cls: 0.2091, acc: 94.2124, loss_bbox: 0.1878, loss: 0.4434
2020-10-24 14:55:02,398 - mmdet - INFO - Epoch [1][4800/6207]	lr: 1.000e-02, eta: 1 day, 12:57:33, time: 0.915, data_time: 0.090, memory: 2471, loss_rpn_cls: 0.0231, loss_rpn_bbox: 0.0166, loss_cls: 0.1911, acc: 94.7246, loss_bbox: 0.1750, loss: 0.4058
2020-10-24 14:55:48,247 - mmdet - INFO - Epoch [1][4850/6207]	lr: 1.000e-02, eta: 1 day, 12:56:38, time: 0.917, data_time: 0.094, memory: 2471, loss_rpn_cls: 0.0203, loss_rpn_bbox: 0.0157, loss_cls: 0.1944, acc: 94.5327, loss_bbox: 0.1763, loss: 0.4068
2020-10-24 14:56:34,320 - mmdet - INFO - Epoch [1][4900/6207]	lr: 1.000e-02, eta: 1 day, 12:55:49, time: 0.921, data_time: 0.088, memory: 2471, loss_rpn_cls: 0.0212, loss_rpn_bbox: 0.0168, loss_cls: 0.1961, acc: 94.4673, loss_bbox: 0.1857, loss: 0.4197
2020-10-24 14:57:20,047 - mmdet - INFO - Epoch [1][4950/6207]	lr: 1.000e-02, eta: 1 day, 12:54:51, time: 0.915, data_time: 0.091, memory: 2471, loss_rpn_cls: 0.0221, loss_rpn_bbox: 0.0158, loss_cls: 0.1880, acc: 94.7715, loss_bbox: 0.1668, loss: 0.3927
2020-10-24 14:58:05,710 - mmdet - INFO - Exp name: faster_rcnn_r50_caffe_fpn_2x_coco_voc.py
2020-10-24 14:58:05,710 - mmdet - INFO - Epoch [1][5000/6207]	lr: 1.000e-02, eta: 1 day, 12:53:51, time: 0.913, data_time: 0.082, memory: 2471, loss_rpn_cls: 0.0254, loss_rpn_bbox: 0.0189, loss_cls: 0.1882, acc: 94.8511, loss_bbox: 0.1684, loss: 0.4008
2020-10-24 14:58:51,486 - mmdet - INFO - Epoch [1][5050/6207]	lr: 1.000e-02, eta: 1 day, 12:52:55, time: 0.915, data_time: 0.086, memory: 2471, loss_rpn_cls: 0.0244, loss_rpn_bbox: 0.0168, loss_cls: 0.1957, acc: 94.5986, loss_bbox: 0.1761, loss: 0.4130
2020-10-24 14:59:37,578 - mmdet - INFO - Epoch [1][5100/6207]	lr: 1.000e-02, eta: 1 day, 12:52:08, time: 0.922, data_time: 0.087, memory: 2472, loss_rpn_cls: 0.0262, loss_rpn_bbox: 0.0174, loss_cls: 0.2182, acc: 94.0205, loss_bbox: 0.1913, loss: 0.4532
2020-10-24 15:00:23,501 - mmdet - INFO - Epoch [1][5150/6207]	lr: 1.000e-02, eta: 1 day, 12:51:16, time: 0.918, data_time: 0.077, memory: 2472, loss_rpn_cls: 0.0263, loss_rpn_bbox: 0.0184, loss_cls: 0.2119, acc: 94.0459, loss_bbox: 0.1946, loss: 0.4512
2020-10-24 15:01:09,339 - mmdet - INFO - Epoch [1][5200/6207]	lr: 1.000e-02, eta: 1 day, 12:50:22, time: 0.917, data_time: 0.099, memory: 2472, loss_rpn_cls: 0.0263, loss_rpn_bbox: 0.0174, loss_cls: 0.2057, acc: 94.4707, loss_bbox: 0.1801, loss: 0.4295
2020-10-24 15:01:55,669 - mmdet - INFO - Epoch [1][5250/6207]	lr: 1.000e-02, eta: 1 day, 12:49:41, time: 0.926, data_time: 0.090, memory: 2472, loss_rpn_cls: 0.0266, loss_rpn_bbox: 0.0185, loss_cls: 0.1961, acc: 94.5312, loss_bbox: 0.1787, loss: 0.4199
2020-10-24 15:02:41,797 - mmdet - INFO - Epoch [1][5300/6207]	lr: 1.000e-02, eta: 1 day, 12:48:55, time: 0.922, data_time: 0.087, memory: 2472, loss_rpn_cls: 0.0214, loss_rpn_bbox: 0.0181, loss_cls: 0.2123, acc: 93.9370, loss_bbox: 0.2004, loss: 0.4522
2020-10-24 15:03:27,713 - mmdet - INFO - Epoch [1][5350/6207]	lr: 1.000e-02, eta: 1 day, 12:48:03, time: 0.918, data_time: 0.083, memory: 2472, loss_rpn_cls: 0.0231, loss_rpn_bbox: 0.0176, loss_cls: 0.1854, acc: 94.6611, loss_bbox: 0.1764, loss: 0.4025
2020-10-24 15:04:13,567 - mmdet - INFO - Epoch [1][5400/6207]	lr: 1.000e-02, eta: 1 day, 12:47:10, time: 0.917, data_time: 0.091, memory: 2472, loss_rpn_cls: 0.0208, loss_rpn_bbox: 0.0162, loss_cls: 0.1868, acc: 94.6255, loss_bbox: 0.1761, loss: 0.3999
2020-10-24 15:04:59,455 - mmdet - INFO - Epoch [1][5450/6207]	lr: 1.000e-02, eta: 1 day, 12:46:18, time: 0.918, data_time: 0.091, memory: 2472, loss_rpn_cls: 0.0213, loss_rpn_bbox: 0.0183, loss_cls: 0.1897, acc: 94.4536, loss_bbox: 0.1812, loss: 0.4105
2020-10-24 15:05:45,245 - mmdet - INFO - Epoch [1][5500/6207]	lr: 1.000e-02, eta: 1 day, 12:45:23, time: 0.916, data_time: 0.087, memory: 2472, loss_rpn_cls: 0.0222, loss_rpn_bbox: 0.0176, loss_cls: 0.1802, acc: 94.8501, loss_bbox: 0.1736, loss: 0.3937
2020-10-24 15:06:30,909 - mmdet - INFO - Epoch [1][5550/6207]	lr: 1.000e-02, eta: 1 day, 12:44:26, time: 0.913, data_time: 0.082, memory: 2472, loss_rpn_cls: 0.0233, loss_rpn_bbox: 0.0157, loss_cls: 0.1822, acc: 94.9097, loss_bbox: 0.1671, loss: 0.3884
2020-10-24 15:07:16,819 - mmdet - INFO - Epoch [1][5600/6207]	lr: 1.000e-02, eta: 1 day, 12:43:34, time: 0.918, data_time: 0.090, memory: 2472, loss_rpn_cls: 0.0218, loss_rpn_bbox: 0.0161, loss_cls: 0.1922, acc: 94.5610, loss_bbox: 0.1816, loss: 0.4117
2020-10-24 15:08:02,891 - mmdet - INFO - Epoch [1][5650/6207]	lr: 1.000e-02, eta: 1 day, 12:42:47, time: 0.922, data_time: 0.083, memory: 2472, loss_rpn_cls: 0.0227, loss_rpn_bbox: 0.0184, loss_cls: 0.2007, acc: 94.2256, loss_bbox: 0.1884, loss: 0.4302
2020-10-24 15:08:48,946 - mmdet - INFO - Epoch [1][5700/6207]	lr: 1.000e-02, eta: 1 day, 12:41:59, time: 0.921, data_time: 0.090, memory: 2472, loss_rpn_cls: 0.0253, loss_rpn_bbox: 0.0159, loss_cls: 0.1797, acc: 94.9316, loss_bbox: 0.1715, loss: 0.3924
2020-10-24 15:09:34,861 - mmdet - INFO - Epoch [1][5750/6207]	lr: 1.000e-02, eta: 1 day, 12:41:09, time: 0.918, data_time: 0.086, memory: 2472, loss_rpn_cls: 0.0209, loss_rpn_bbox: 0.0179, loss_cls: 0.1957, acc: 94.4971, loss_bbox: 0.1782, loss: 0.4128
2020-10-24 15:10:20,878 - mmdet - INFO - Epoch [1][5800/6207]	lr: 1.000e-02, eta: 1 day, 12:40:20, time: 0.920, data_time: 0.080, memory: 2472, loss_rpn_cls: 0.0218, loss_rpn_bbox: 0.0169, loss_cls: 0.1939, acc: 94.2920, loss_bbox: 0.1914, loss: 0.4239
2020-10-24 15:11:06,403 - mmdet - INFO - Epoch [1][5850/6207]	lr: 1.000e-02, eta: 1 day, 12:39:20, time: 0.910, data_time: 0.094, memory: 2472, loss_rpn_cls: 0.0220, loss_rpn_bbox: 0.0163, loss_cls: 0.1778, acc: 94.9712, loss_bbox: 0.1692, loss: 0.3853
2020-10-24 15:11:52,714 - mmdet - INFO - Epoch [1][5900/6207]	lr: 1.000e-02, eta: 1 day, 12:38:36, time: 0.924, data_time: 0.090, memory: 2472, loss_rpn_cls: 0.0247, loss_rpn_bbox: 0.0178, loss_cls: 0.1939, acc: 94.3218, loss_bbox: 0.1860, loss: 0.4224
2020-10-24 15:12:38,466 - mmdet - INFO - Epoch [1][5950/6207]	lr: 1.000e-02, eta: 1 day, 12:37:44, time: 0.917, data_time: 0.085, memory: 2472, loss_rpn_cls: 0.0242, loss_rpn_bbox: 0.0161, loss_cls: 0.1825, acc: 94.8423, loss_bbox: 0.1658, loss: 0.3887
2020-10-24 15:13:24,635 - mmdet - INFO - Exp name: faster_rcnn_r50_caffe_fpn_2x_coco_voc.py
2020-10-24 15:13:24,635 - mmdet - INFO - Epoch [1][6000/6207]	lr: 1.000e-02, eta: 1 day, 12:37:00, time: 0.923, data_time: 0.079, memory: 2472, loss_rpn_cls: 0.0243, loss_rpn_bbox: 0.0175, loss_cls: 0.1797, acc: 94.7012, loss_bbox: 0.1755, loss: 0.3971
2020-10-24 15:14:10,697 - mmdet - INFO - Epoch [1][6050/6207]	lr: 1.000e-02, eta: 1 day, 12:36:13, time: 0.921, data_time: 0.083, memory: 2472, loss_rpn_cls: 0.0228, loss_rpn_bbox: 0.0181, loss_cls: 0.1942, acc: 94.2705, loss_bbox: 0.1840, loss: 0.4191
2020-10-24 15:14:56,879 - mmdet - INFO - Epoch [1][6100/6207]	lr: 1.000e-02, eta: 1 day, 12:35:28, time: 0.923, data_time: 0.075, memory: 2472, loss_rpn_cls: 0.0262, loss_rpn_bbox: 0.0192, loss_cls: 0.1936, acc: 94.3882, loss_bbox: 0.1825, loss: 0.4215
2020-10-24 15:15:42,977 - mmdet - INFO - Epoch [1][6150/6207]	lr: 1.000e-02, eta: 1 day, 12:34:42, time: 0.922, data_time: 0.086, memory: 2472, loss_rpn_cls: 0.0209, loss_rpn_bbox: 0.0156, loss_cls: 0.1798, acc: 94.8052, loss_bbox: 0.1703, loss: 0.3867
2020-10-24 15:16:28,846 - mmdet - INFO - Epoch [1][6200/6207]	lr: 1.000e-02, eta: 1 day, 12:33:51, time: 0.917, data_time: 0.089, memory: 2472, loss_rpn_cls: 0.0287, loss_rpn_bbox: 0.0193, loss_cls: 0.2072, acc: 94.1294, loss_bbox: 0.1885, loss: 0.4437
2020-10-24 15:16:34,915 - mmdet - INFO - Saving checkpoint at 1 epochs
2020-10-24 15:21:27,124 - mmdet - INFO - 
+-------------+------+--------+--------+-------+
| class       | gts  | dets   | recall | ap    |
+-------------+------+--------+--------+-------+
| aeroplane   | 285  | 0      | 0.000  | 0.000 |
| bicycle     | 337  | 0      | 0.000  | 0.000 |
| bird        | 459  | 0      | 0.000  | 0.000 |
| boat        | 263  | 0      | 0.000  | 0.000 |
| bottle      | 469  | 45     | 0.000  | 0.000 |
| bus         | 213  | 122    | 0.000  | 0.000 |
| car         | 1201 | 12990  | 0.228  | 0.024 |
| cat         | 358  | 0      | 0.000  | 0.000 |
| chair       | 756  | 5      | 0.000  | 0.000 |
| cow         | 244  | 0      | 0.000  | 0.000 |
| diningtable | 206  | 0      | 0.000  | 0.000 |
| dog         | 489  | 88     | 0.004  | 0.006 |
| horse       | 348  | 0      | 0.000  | 0.000 |
| motorbike   | 325  | 5240   | 0.249  | 0.035 |
| person      | 4528 | 140748 | 0.361  | 0.022 |
| pottedplant | 480  | 2      | 0.000  | 0.000 |
| sheep       | 242  | 0      | 0.000  | 0.000 |
| sofa        | 239  | 0      | 0.000  | 0.000 |
| train       | 282  | 0      | 0.000  | 0.000 |
| tvmonitor   | 308  | 558    | 0.010  | 0.023 |
+-------------+------+--------+--------+-------+
| mAP         |      |        |        | 0.006 |
+-------------+------+--------+--------+-------+
2020-10-24 15:21:27,152 - mmdet - INFO - Exp name: faster_rcnn_r50_caffe_fpn_2x_coco_voc.py
2020-10-24 15:21:27,152 - mmdet - INFO - Epoch(val) [1][6207]	mAP: 0.0055
2020-10-24 15:22:15,543 - mmdet - INFO - Epoch [2][50/6207]	lr: 1.000e-02, eta: 1 day, 12:31:14, time: 0.960, data_time: 0.134, memory: 2472, loss_rpn_cls: 0.0263, loss_rpn_bbox: 0.0187, loss_cls: 0.2017, acc: 94.1934, loss_bbox: 0.1892, loss: 0.4358
2020-10-24 15:23:01,400 - mmdet - INFO - Epoch [2][100/6207]	lr: 1.000e-02, eta: 1 day, 12:30:24, time: 0.917, data_time: 0.093, memory: 2472, loss_rpn_cls: 0.0216, loss_rpn_bbox: 0.0166, loss_cls: 0.1768, acc: 94.7583, loss_bbox: 0.1682, loss: 0.3832
2020-10-24 15:23:47,457 - mmdet - INFO - Epoch [2][150/6207]	lr: 1.000e-02, eta: 1 day, 12:29:38, time: 0.921, data_time: 0.078, memory: 2472, loss_rpn_cls: 0.0204, loss_rpn_bbox: 0.0164, loss_cls: 0.1745, acc: 94.8716, loss_bbox: 0.1754, loss: 0.3867
2020-10-24 15:24:33,341 - mmdet - INFO - Epoch [2][200/6207]	lr: 1.000e-02, eta: 1 day, 12:28:47, time: 0.918, data_time: 0.083, memory: 2472, loss_rpn_cls: 0.0187, loss_rpn_bbox: 0.0150, loss_cls: 0.1770, acc: 94.7891, loss_bbox: 0.1697, loss: 0.3804
2020-10-24 15:25:19,431 - mmdet - INFO - Epoch [2][250/6207]	lr: 1.000e-02, eta: 1 day, 12:28:02, time: 0.922, data_time: 0.088, memory: 2472, loss_rpn_cls: 0.0205, loss_rpn_bbox: 0.0178, loss_cls: 0.1905, acc: 94.2646, loss_bbox: 0.1931, loss: 0.4219
2020-10-24 15:26:05,436 - mmdet - INFO - Epoch [2][300/6207]	lr: 1.000e-02, eta: 1 day, 12:27:15, time: 0.920, data_time: 0.082, memory: 2472, loss_rpn_cls: 0.0207, loss_rpn_bbox: 0.0164, loss_cls: 0.1897, acc: 94.6387, loss_bbox: 0.1805, loss: 0.4073
2020-10-24 15:26:51,609 - mmdet - INFO - Epoch [2][350/6207]	lr: 1.000e-02, eta: 1 day, 12:26:31, time: 0.923, data_time: 0.077, memory: 2472, loss_rpn_cls: 0.0251, loss_rpn_bbox: 0.0175, loss_cls: 0.1851, acc: 94.5493, loss_bbox: 0.1810, loss: 0.4088
2020-10-24 15:27:37,544 - mmdet - INFO - Epoch [2][400/6207]	lr: 1.000e-02, eta: 1 day, 12:25:43, time: 0.919, data_time: 0.078, memory: 2472, loss_rpn_cls: 0.0186, loss_rpn_bbox: 0.0149, loss_cls: 0.1813, acc: 94.8877, loss_bbox: 0.1685, loss: 0.3833
2020-10-24 15:28:23,247 - mmdet - INFO - Epoch [2][450/6207]	lr: 1.000e-02, eta: 1 day, 12:24:49, time: 0.914, data_time: 0.079, memory: 2472, loss_rpn_cls: 0.0196, loss_rpn_bbox: 0.0145, loss_cls: 0.1798, acc: 94.9458, loss_bbox: 0.1645, loss: 0.3784
2020-10-24 15:29:09,057 - mmdet - INFO - Epoch [2][500/6207]	lr: 1.000e-02, eta: 1 day, 12:23:58, time: 0.916, data_time: 0.086, memory: 2472, loss_rpn_cls: 0.0209, loss_rpn_bbox: 0.0165, loss_cls: 0.1693, acc: 94.9688, loss_bbox: 0.1673, loss: 0.3740
2020-10-24 15:29:54,938 - mmdet - INFO - Epoch [2][550/6207]	lr: 1.000e-02, eta: 1 day, 12:23:08, time: 0.917, data_time: 0.091, memory: 2472, loss_rpn_cls: 0.0230, loss_rpn_bbox: 0.0185, loss_cls: 0.1870, acc: 94.3789, loss_bbox: 0.1932, loss: 0.4217
2020-10-24 15:30:41,066 - mmdet - INFO - Epoch [2][600/6207]	lr: 1.000e-02, eta: 1 day, 12:22:24, time: 0.923, data_time: 0.087, memory: 2472, loss_rpn_cls: 0.0211, loss_rpn_bbox: 0.0167, loss_cls: 0.1679, acc: 94.9844, loss_bbox: 0.1707, loss: 0.3764
2020-10-24 15:31:27,015 - mmdet - INFO - Epoch [2][650/6207]	lr: 1.000e-02, eta: 1 day, 12:21:35, time: 0.918, data_time: 0.086, memory: 2472, loss_rpn_cls: 0.0199, loss_rpn_bbox: 0.0167, loss_cls: 0.1711, acc: 94.8555, loss_bbox: 0.1729, loss: 0.3807
2020-10-24 15:32:13,350 - mmdet - INFO - Epoch [2][700/6207]	lr: 1.000e-02, eta: 1 day, 12:20:54, time: 0.927, data_time: 0.079, memory: 2472, loss_rpn_cls: 0.0291, loss_rpn_bbox: 0.0198, loss_cls: 0.1949, acc: 94.4814, loss_bbox: 0.1841, loss: 0.4280
2020-10-24 15:32:59,452 - mmdet - INFO - Epoch [2][750/6207]	lr: 1.000e-02, eta: 1 day, 12:20:10, time: 0.922, data_time: 0.096, memory: 2472, loss_rpn_cls: 0.0221, loss_rpn_bbox: 0.0168, loss_cls: 0.1747, acc: 94.8418, loss_bbox: 0.1713, loss: 0.3849
2020-10-24 15:33:45,366 - mmdet - INFO - Epoch [2][800/6207]	lr: 1.000e-02, eta: 1 day, 12:19:21, time: 0.918, data_time: 0.106, memory: 2472, loss_rpn_cls: 0.0192, loss_rpn_bbox: 0.0159, loss_cls: 0.1713, acc: 94.9849, loss_bbox: 0.1684, loss: 0.3748
2020-10-24 15:34:31,091 - mmdet - INFO - Epoch [2][850/6207]	lr: 1.000e-02, eta: 1 day, 12:18:28, time: 0.914, data_time: 0.087, memory: 2472, loss_rpn_cls: 0.0195, loss_rpn_bbox: 0.0160, loss_cls: 0.1782, acc: 94.7178, loss_bbox: 0.1819, loss: 0.3956
2020-10-24 15:35:17,198 - mmdet - INFO - Epoch [2][900/6207]	lr: 1.000e-02, eta: 1 day, 12:17:43, time: 0.922, data_time: 0.079, memory: 2472, loss_rpn_cls: 0.0210, loss_rpn_bbox: 0.0175, loss_cls: 0.1860, acc: 94.5581, loss_bbox: 0.1752, loss: 0.3997
2020-10-24 15:36:03,171 - mmdet - INFO - Epoch [2][950/6207]	lr: 1.000e-02, eta: 1 day, 12:16:55, time: 0.919, data_time: 0.080, memory: 2472, loss_rpn_cls: 0.0217, loss_rpn_bbox: 0.0183, loss_cls: 0.1857, acc: 94.5220, loss_bbox: 0.1803, loss: 0.4060
2020-10-24 15:36:49,482 - mmdet - INFO - Epoch [2][1000/6207]	lr: 1.000e-02, eta: 1 day, 12:16:14, time: 0.926, data_time: 0.087, memory: 2472, loss_rpn_cls: 0.0213, loss_rpn_bbox: 0.0159, loss_cls: 0.1774, acc: 94.5820, loss_bbox: 0.1748, loss: 0.3894
2020-10-24 15:37:35,492 - mmdet - INFO - Epoch [2][1050/6207]	lr: 1.000e-02, eta: 1 day, 12:15:27, time: 0.920, data_time: 0.081, memory: 2472, loss_rpn_cls: 0.0208, loss_rpn_bbox: 0.0158, loss_cls: 0.1830, acc: 94.8599, loss_bbox: 0.1658, loss: 0.3854
2020-10-24 15:38:21,384 - mmdet - INFO - Epoch [2][1100/6207]	lr: 1.000e-02, eta: 1 day, 12:14:38, time: 0.918, data_time: 0.095, memory: 2472, loss_rpn_cls: 0.0224, loss_rpn_bbox: 0.0177, loss_cls: 0.1898, acc: 94.3540, loss_bbox: 0.1896, loss: 0.4196
2020-10-24 15:39:07,317 - mmdet - INFO - Epoch [2][1150/6207]	lr: 1.000e-02, eta: 1 day, 12:13:50, time: 0.918, data_time: 0.097, memory: 2472, loss_rpn_cls: 0.0199, loss_rpn_bbox: 0.0155, loss_cls: 0.1850, acc: 94.5806, loss_bbox: 0.1738, loss: 0.3941
2020-10-24 15:39:53,365 - mmdet - INFO - Epoch [2][1200/6207]	lr: 1.000e-02, eta: 1 day, 12:13:04, time: 0.921, data_time: 0.083, memory: 2472, loss_rpn_cls: 0.0198, loss_rpn_bbox: 0.0153, loss_cls: 0.1805, acc: 94.6904, loss_bbox: 0.1757, loss: 0.3913
2020-10-24 15:40:39,475 - mmdet - INFO - Epoch [2][1250/6207]	lr: 1.000e-02, eta: 1 day, 12:12:19, time: 0.922, data_time: 0.080, memory: 2472, loss_rpn_cls: 0.0230, loss_rpn_bbox: 0.0169, loss_cls: 0.1820, acc: 94.6562, loss_bbox: 0.1761, loss: 0.3981
2020-10-24 15:41:25,451 - mmdet - INFO - Epoch [2][1300/6207]	lr: 1.000e-02, eta: 1 day, 12:11:31, time: 0.919, data_time: 0.082, memory: 2472, loss_rpn_cls: 0.0227, loss_rpn_bbox: 0.0173, loss_cls: 0.1831, acc: 94.4912, loss_bbox: 0.1787, loss: 0.4018
2020-10-24 15:42:11,331 - mmdet - INFO - Epoch [2][1350/6207]	lr: 1.000e-02, eta: 1 day, 12:10:42, time: 0.918, data_time: 0.079, memory: 2472, loss_rpn_cls: 0.0163, loss_rpn_bbox: 0.0152, loss_cls: 0.1744, acc: 94.8159, loss_bbox: 0.1736, loss: 0.3795
2020-10-24 15:42:57,433 - mmdet - INFO - Epoch [2][1400/6207]	lr: 1.000e-02, eta: 1 day, 12:09:57, time: 0.922, data_time: 0.095, memory: 2472, loss_rpn_cls: 0.0236, loss_rpn_bbox: 0.0180, loss_cls: 0.1939, acc: 94.3467, loss_bbox: 0.1830, loss: 0.4185
2020-10-24 15:43:43,344 - mmdet - INFO - Epoch [2][1450/6207]	lr: 1.000e-02, eta: 1 day, 12:09:07, time: 0.917, data_time: 0.094, memory: 2472, loss_rpn_cls: 0.0221, loss_rpn_bbox: 0.0181, loss_cls: 0.1787, acc: 94.7617, loss_bbox: 0.1746, loss: 0.3935
2020-10-24 15:44:29,637 - mmdet - INFO - Epoch [2][1500/6207]	lr: 1.000e-02, eta: 1 day, 12:08:26, time: 0.927, data_time: 0.083, memory: 2472, loss_rpn_cls: 0.0221, loss_rpn_bbox: 0.0172, loss_cls: 0.1937, acc: 94.2632, loss_bbox: 0.1913, loss: 0.4243
2020-10-24 15:45:15,638 - mmdet - INFO - Epoch [2][1550/6207]	lr: 1.000e-02, eta: 1 day, 12:07:39, time: 0.920, data_time: 0.081, memory: 2472, loss_rpn_cls: 0.0198, loss_rpn_bbox: 0.0168, loss_cls: 0.1830, acc: 94.6318, loss_bbox: 0.1792, loss: 0.3988
2020-10-24 15:46:01,739 - mmdet - INFO - Epoch [2][1600/6207]	lr: 1.000e-02, eta: 1 day, 12:06:54, time: 0.922, data_time: 0.089, memory: 2472, loss_rpn_cls: 0.0235, loss_rpn_bbox: 0.0167, loss_cls: 0.1765, acc: 95.0264, loss_bbox: 0.1615, loss: 0.3781
2020-10-24 15:46:47,803 - mmdet - INFO - Epoch [2][1650/6207]	lr: 1.000e-02, eta: 1 day, 12:06:08, time: 0.921, data_time: 0.084, memory: 2472, loss_rpn_cls: 0.0208, loss_rpn_bbox: 0.0163, loss_cls: 0.1785, acc: 94.6602, loss_bbox: 0.1737, loss: 0.3893
2020-10-24 15:47:33,779 - mmdet - INFO - Epoch [2][1700/6207]	lr: 1.000e-02, eta: 1 day, 12:05:21, time: 0.920, data_time: 0.081, memory: 2472, loss_rpn_cls: 0.0211, loss_rpn_bbox: 0.0171, loss_cls: 0.1749, acc: 94.5977, loss_bbox: 0.1767, loss: 0.3898
2020-10-24 15:48:20,419 - mmdet - INFO - Epoch [2][1750/6207]	lr: 1.000e-02, eta: 1 day, 12:04:45, time: 0.933, data_time: 0.083, memory: 2472, loss_rpn_cls: 0.0230, loss_rpn_bbox: 0.0175, loss_cls: 0.1697, acc: 94.9609, loss_bbox: 0.1665, loss: 0.3767
2020-10-24 15:49:06,295 - mmdet - INFO - Epoch [2][1800/6207]	lr: 1.000e-02, eta: 1 day, 12:03:56, time: 0.918, data_time: 0.088, memory: 2472, loss_rpn_cls: 0.0224, loss_rpn_bbox: 0.0173, loss_cls: 0.1702, acc: 94.8984, loss_bbox: 0.1692, loss: 0.3791
2020-10-24 15:49:52,474 - mmdet - INFO - Epoch [2][1850/6207]	lr: 1.000e-02, eta: 1 day, 12:03:12, time: 0.924, data_time: 0.091, memory: 2472, loss_rpn_cls: 0.0202, loss_rpn_bbox: 0.0157, loss_cls: 0.1703, acc: 94.9351, loss_bbox: 0.1696, loss: 0.3759
2020-10-24 15:50:38,296 - mmdet - INFO - Epoch [2][1900/6207]	lr: 1.000e-02, eta: 1 day, 12:02:22, time: 0.916, data_time: 0.078, memory: 2472, loss_rpn_cls: 0.0194, loss_rpn_bbox: 0.0160, loss_cls: 0.1640, acc: 95.0669, loss_bbox: 0.1651, loss: 0.3644
2020-10-24 15:51:24,378 - mmdet - INFO - Epoch [2][1950/6207]	lr: 1.000e-02, eta: 1 day, 12:01:37, time: 0.922, data_time: 0.091, memory: 2472, loss_rpn_cls: 0.0217, loss_rpn_bbox: 0.0166, loss_cls: 0.1828, acc: 94.6387, loss_bbox: 0.1762, loss: 0.3973
2020-10-24 15:52:10,447 - mmdet - INFO - Epoch [2][2000/6207]	lr: 1.000e-02, eta: 1 day, 12:00:51, time: 0.922, data_time: 0.089, memory: 2472, loss_rpn_cls: 0.0190, loss_rpn_bbox: 0.0166, loss_cls: 0.1622, acc: 95.1235, loss_bbox: 0.1646, loss: 0.3624
2020-10-24 15:52:56,412 - mmdet - INFO - Epoch [2][2050/6207]	lr: 1.000e-02, eta: 1 day, 12:00:03, time: 0.919, data_time: 0.088, memory: 2472, loss_rpn_cls: 0.0211, loss_rpn_bbox: 0.0166, loss_cls: 0.1608, acc: 95.2100, loss_bbox: 0.1588, loss: 0.3574
2020-10-24 15:53:42,299 - mmdet - INFO - Epoch [2][2100/6207]	lr: 1.000e-02, eta: 1 day, 11:59:14, time: 0.918, data_time: 0.077, memory: 2472, loss_rpn_cls: 0.0202, loss_rpn_bbox: 0.0186, loss_cls: 0.1731, acc: 94.7769, loss_bbox: 0.1748, loss: 0.3867
2020-10-24 15:54:27,967 - mmdet - INFO - Epoch [2][2150/6207]	lr: 1.000e-02, eta: 1 day, 11:58:22, time: 0.913, data_time: 0.072, memory: 2472, loss_rpn_cls: 0.0187, loss_rpn_bbox: 0.0180, loss_cls: 0.1682, acc: 94.7969, loss_bbox: 0.1773, loss: 0.3822
2020-10-24 15:55:13,930 - mmdet - INFO - Epoch [2][2200/6207]	lr: 1.000e-02, eta: 1 day, 11:57:34, time: 0.919, data_time: 0.088, memory: 2472, loss_rpn_cls: 0.0222, loss_rpn_bbox: 0.0156, loss_cls: 0.1696, acc: 95.0654, loss_bbox: 0.1642, loss: 0.3716
2020-10-24 15:55:59,820 - mmdet - INFO - Epoch [2][2250/6207]	lr: 1.000e-02, eta: 1 day, 11:56:46, time: 0.918, data_time: 0.078, memory: 2472, loss_rpn_cls: 0.0210, loss_rpn_bbox: 0.0163, loss_cls: 0.1656, acc: 95.1118, loss_bbox: 0.1661, loss: 0.3690
2020-10-24 15:56:45,790 - mmdet - INFO - Epoch [2][2300/6207]	lr: 1.000e-02, eta: 1 day, 11:55:59, time: 0.920, data_time: 0.084, memory: 2472, loss_rpn_cls: 0.0210, loss_rpn_bbox: 0.0169, loss_cls: 0.1726, acc: 94.8970, loss_bbox: 0.1722, loss: 0.3827
2020-10-24 15:57:31,632 - mmdet - INFO - Epoch [2][2350/6207]	lr: 1.000e-02, eta: 1 day, 11:55:09, time: 0.917, data_time: 0.093, memory: 2472, loss_rpn_cls: 0.0201, loss_rpn_bbox: 0.0159, loss_cls: 0.1586, acc: 95.0864, loss_bbox: 0.1648, loss: 0.3594
2020-10-24 15:58:17,526 - mmdet - INFO - Epoch [2][2400/6207]	lr: 1.000e-02, eta: 1 day, 11:54:20, time: 0.918, data_time: 0.080, memory: 2472, loss_rpn_cls: 0.0178, loss_rpn_bbox: 0.0157, loss_cls: 0.1462, acc: 95.4863, loss_bbox: 0.1561, loss: 0.3358
2020-10-24 15:59:03,896 - mmdet - INFO - Epoch [2][2450/6207]	lr: 1.000e-02, eta: 1 day, 11:53:40, time: 0.928, data_time: 0.078, memory: 2472, loss_rpn_cls: 0.0179, loss_rpn_bbox: 0.0172, loss_cls: 0.1690, acc: 94.8188, loss_bbox: 0.1727, loss: 0.3769
2020-10-24 15:59:50,044 - mmdet - INFO - Epoch [2][2500/6207]	lr: 1.000e-02, eta: 1 day, 11:52:55, time: 0.923, data_time: 0.074, memory: 2472, loss_rpn_cls: 0.0225, loss_rpn_bbox: 0.0172, loss_cls: 0.1679, acc: 94.9702, loss_bbox: 0.1676, loss: 0.3751
2020-10-24 16:00:35,933 - mmdet - INFO - Epoch [2][2550/6207]	lr: 1.000e-02, eta: 1 day, 11:52:07, time: 0.918, data_time: 0.082, memory: 2472, loss_rpn_cls: 0.0207, loss_rpn_bbox: 0.0166, loss_cls: 0.1624, acc: 95.0791, loss_bbox: 0.1694, loss: 0.3691
2020-10-24 16:01:21,716 - mmdet - INFO - Epoch [2][2600/6207]	lr: 1.000e-02, eta: 1 day, 11:51:17, time: 0.916, data_time: 0.078, memory: 2472, loss_rpn_cls: 0.0191, loss_rpn_bbox: 0.0165, loss_cls: 0.1658, acc: 94.9893, loss_bbox: 0.1745, loss: 0.3759
2020-10-24 16:02:07,906 - mmdet - INFO - Epoch [2][2650/6207]	lr: 1.000e-02, eta: 1 day, 11:50:33, time: 0.924, data_time: 0.092, memory: 2472, loss_rpn_cls: 0.0184, loss_rpn_bbox: 0.0182, loss_cls: 0.1797, acc: 94.5020, loss_bbox: 0.1852, loss: 0.4015
2020-10-24 16:02:53,775 - mmdet - INFO - Epoch [2][2700/6207]	lr: 1.000e-02, eta: 1 day, 11:49:44, time: 0.917, data_time: 0.093, memory: 2472, loss_rpn_cls: 0.0196, loss_rpn_bbox: 0.0162, loss_cls: 0.1733, acc: 94.8101, loss_bbox: 0.1691, loss: 0.3782
2020-10-24 16:03:39,925 - mmdet - INFO - Epoch [2][2750/6207]	lr: 1.000e-02, eta: 1 day, 11:48:59, time: 0.923, data_time: 0.097, memory: 2472, loss_rpn_cls: 0.0215, loss_rpn_bbox: 0.0159, loss_cls: 0.1711, acc: 94.8140, loss_bbox: 0.1708, loss: 0.3792
2020-10-24 16:04:25,932 - mmdet - INFO - Epoch [2][2800/6207]	lr: 1.000e-02, eta: 1 day, 11:48:12, time: 0.920, data_time: 0.096, memory: 2472, loss_rpn_cls: 0.0192, loss_rpn_bbox: 0.0154, loss_cls: 0.1753, acc: 94.5923, loss_bbox: 0.1787, loss: 0.3887
2020-10-24 16:05:11,829 - mmdet - INFO - Epoch [2][2850/6207]	lr: 1.000e-02, eta: 1 day, 11:47:24, time: 0.918, data_time: 0.078, memory: 2472, loss_rpn_cls: 0.0179, loss_rpn_bbox: 0.0147, loss_cls: 0.1629, acc: 94.8979, loss_bbox: 0.1734, loss: 0.3688
2020-10-24 16:05:57,851 - mmdet - INFO - Epoch [2][2900/6207]	lr: 1.000e-02, eta: 1 day, 11:46:38, time: 0.921, data_time: 0.078, memory: 2472, loss_rpn_cls: 0.0180, loss_rpn_bbox: 0.0173, loss_cls: 0.1769, acc: 94.5801, loss_bbox: 0.1801, loss: 0.3922
2020-10-24 16:06:43,672 - mmdet - INFO - Epoch [2][2950/6207]	lr: 1.000e-02, eta: 1 day, 11:45:48, time: 0.916, data_time: 0.077, memory: 2472, loss_rpn_cls: 0.0186, loss_rpn_bbox: 0.0164, loss_cls: 0.1715, acc: 94.8027, loss_bbox: 0.1718, loss: 0.3783
2020-10-24 16:07:29,430 - mmdet - INFO - Epoch [2][3000/6207]	lr: 1.000e-02, eta: 1 day, 11:44:58, time: 0.915, data_time: 0.078, memory: 2472, loss_rpn_cls: 0.0207, loss_rpn_bbox: 0.0184, loss_cls: 0.1799, acc: 94.5186, loss_bbox: 0.1842, loss: 0.4032
2020-10-24 16:08:15,287 - mmdet - INFO - Epoch [2][3050/6207]	lr: 1.000e-02, eta: 1 day, 11:44:09, time: 0.917, data_time: 0.086, memory: 2472, loss_rpn_cls: 0.0167, loss_rpn_bbox: 0.0153, loss_cls: 0.1686, acc: 94.7305, loss_bbox: 0.1769, loss: 0.3776
2020-10-24 16:09:01,208 - mmdet - INFO - Epoch [2][3100/6207]	lr: 1.000e-02, eta: 1 day, 11:43:21, time: 0.918, data_time: 0.082, memory: 2472, loss_rpn_cls: 0.0162, loss_rpn_bbox: 0.0156, loss_cls: 0.1760, acc: 94.7637, loss_bbox: 0.1747, loss: 0.3825
2020-10-24 16:09:47,129 - mmdet - INFO - Epoch [2][3150/6207]	lr: 1.000e-02, eta: 1 day, 11:42:33, time: 0.918, data_time: 0.093, memory: 2472, loss_rpn_cls: 0.0200, loss_rpn_bbox: 0.0165, loss_cls: 0.1636, acc: 94.9780, loss_bbox: 0.1708, loss: 0.3709
2020-10-24 16:10:33,408 - mmdet - INFO - Epoch [2][3200/6207]	lr: 1.000e-02, eta: 1 day, 11:41:51, time: 0.926, data_time: 0.091, memory: 2472, loss_rpn_cls: 0.0197, loss_rpn_bbox: 0.0173, loss_cls: 0.1731, acc: 94.6782, loss_bbox: 0.1848, loss: 0.3949
2020-10-24 16:11:19,376 - mmdet - INFO - Epoch [2][3250/6207]	lr: 1.000e-02, eta: 1 day, 11:41:04, time: 0.920, data_time: 0.077, memory: 2472, loss_rpn_cls: 0.0197, loss_rpn_bbox: 0.0183, loss_cls: 0.1674, acc: 94.8325, loss_bbox: 0.1779, loss: 0.3833
2020-10-24 16:12:05,360 - mmdet - INFO - Epoch [2][3300/6207]	lr: 1.000e-02, eta: 1 day, 11:40:17, time: 0.920, data_time: 0.080, memory: 2472, loss_rpn_cls: 0.0190, loss_rpn_bbox: 0.0167, loss_cls: 0.1678, acc: 94.7822, loss_bbox: 0.1642, loss: 0.3678
2020-10-24 16:12:51,269 - mmdet - INFO - Epoch [2][3350/6207]	lr: 1.000e-02, eta: 1 day, 11:39:29, time: 0.918, data_time: 0.076, memory: 2472, loss_rpn_cls: 0.0192, loss_rpn_bbox: 0.0180, loss_cls: 0.1807, acc: 94.3975, loss_bbox: 0.1869, loss: 0.4048
2020-10-24 16:13:37,063 - mmdet - INFO - Epoch [2][3400/6207]	lr: 1.000e-02, eta: 1 day, 11:38:39, time: 0.916, data_time: 0.080, memory: 2472, loss_rpn_cls: 0.0193, loss_rpn_bbox: 0.0161, loss_cls: 0.1754, acc: 94.6416, loss_bbox: 0.1776, loss: 0.3883
2020-10-24 16:14:23,344 - mmdet - INFO - Epoch [2][3450/6207]	lr: 1.000e-02, eta: 1 day, 11:37:57, time: 0.926, data_time: 0.076, memory: 2472, loss_rpn_cls: 0.0213, loss_rpn_bbox: 0.0168, loss_cls: 0.1830, acc: 94.5127, loss_bbox: 0.1831, loss: 0.4042
2020-10-24 16:15:09,542 - mmdet - INFO - Epoch [2][3500/6207]	lr: 1.000e-02, eta: 1 day, 11:37:13, time: 0.924, data_time: 0.080, memory: 2472, loss_rpn_cls: 0.0188, loss_rpn_bbox: 0.0172, loss_cls: 0.1746, acc: 94.7686, loss_bbox: 0.1779, loss: 0.3886
2020-10-24 16:15:55,521 - mmdet - INFO - Epoch [2][3550/6207]	lr: 1.000e-02, eta: 1 day, 11:36:26, time: 0.920, data_time: 0.083, memory: 2472, loss_rpn_cls: 0.0222, loss_rpn_bbox: 0.0160, loss_cls: 0.1693, acc: 94.8608, loss_bbox: 0.1711, loss: 0.3786
2020-10-24 16:16:41,838 - mmdet - INFO - Epoch [2][3600/6207]	lr: 1.000e-02, eta: 1 day, 11:35:44, time: 0.926, data_time: 0.087, memory: 2472, loss_rpn_cls: 0.0243, loss_rpn_bbox: 0.0178, loss_cls: 0.1762, acc: 94.7402, loss_bbox: 0.1724, loss: 0.3907
2020-10-24 16:17:27,711 - mmdet - INFO - Epoch [2][3650/6207]	lr: 1.000e-02, eta: 1 day, 11:34:56, time: 0.918, data_time: 0.094, memory: 2472, loss_rpn_cls: 0.0180, loss_rpn_bbox: 0.0153, loss_cls: 0.1575, acc: 95.0957, loss_bbox: 0.1667, loss: 0.3575
2020-10-24 16:18:13,546 - mmdet - INFO - Epoch [2][3700/6207]	lr: 1.000e-02, eta: 1 day, 11:34:06, time: 0.916, data_time: 0.082, memory: 2472, loss_rpn_cls: 0.0239, loss_rpn_bbox: 0.0179, loss_cls: 0.1761, acc: 94.7954, loss_bbox: 0.1641, loss: 0.3819
2020-10-24 16:19:00,000 - mmdet - INFO - Epoch [2][3750/6207]	lr: 1.000e-02, eta: 1 day, 11:33:26, time: 0.929, data_time: 0.076, memory: 2472, loss_rpn_cls: 0.0196, loss_rpn_bbox: 0.0159, loss_cls: 0.1674, acc: 94.9614, loss_bbox: 0.1729, loss: 0.3758
2020-10-24 16:19:45,832 - mmdet - INFO - Epoch [2][3800/6207]	lr: 1.000e-02, eta: 1 day, 11:32:37, time: 0.917, data_time: 0.080, memory: 2472, loss_rpn_cls: 0.0185, loss_rpn_bbox: 0.0147, loss_cls: 0.1582, acc: 95.1870, loss_bbox: 0.1638, loss: 0.3552
2020-10-24 16:20:31,955 - mmdet - INFO - Epoch [2][3850/6207]	lr: 1.000e-02, eta: 1 day, 11:31:52, time: 0.922, data_time: 0.078, memory: 2472, loss_rpn_cls: 0.0194, loss_rpn_bbox: 0.0153, loss_cls: 0.1693, acc: 94.8223, loss_bbox: 0.1739, loss: 0.3780
2020-10-24 16:21:17,939 - mmdet - INFO - Epoch [2][3900/6207]	lr: 1.000e-02, eta: 1 day, 11:31:06, time: 0.920, data_time: 0.076, memory: 2472, loss_rpn_cls: 0.0198, loss_rpn_bbox: 0.0156, loss_cls: 0.1653, acc: 94.8726, loss_bbox: 0.1651, loss: 0.3658
2020-10-24 16:22:03,667 - mmdet - INFO - Epoch [2][3950/6207]	lr: 1.000e-02, eta: 1 day, 11:30:15, time: 0.915, data_time: 0.091, memory: 2472, loss_rpn_cls: 0.0169, loss_rpn_bbox: 0.0144, loss_cls: 0.1596, acc: 95.1382, loss_bbox: 0.1611, loss: 0.3519
2020-10-24 16:22:49,658 - mmdet - INFO - Epoch [2][4000/6207]	lr: 1.000e-02, eta: 1 day, 11:29:29, time: 0.920, data_time: 0.092, memory: 2472, loss_rpn_cls: 0.0173, loss_rpn_bbox: 0.0160, loss_cls: 0.1666, acc: 94.8501, loss_bbox: 0.1758, loss: 0.3757
2020-10-24 16:23:35,633 - mmdet - INFO - Epoch [2][4050/6207]	lr: 1.000e-02, eta: 1 day, 11:28:42, time: 0.919, data_time: 0.089, memory: 2472, loss_rpn_cls: 0.0163, loss_rpn_bbox: 0.0151, loss_cls: 0.1586, acc: 95.1743, loss_bbox: 0.1647, loss: 0.3546
2020-10-24 16:24:21,503 - mmdet - INFO - Epoch [2][4100/6207]	lr: 1.000e-02, eta: 1 day, 11:27:53, time: 0.917, data_time: 0.095, memory: 2472, loss_rpn_cls: 0.0189, loss_rpn_bbox: 0.0157, loss_cls: 0.1696, acc: 94.7446, loss_bbox: 0.1760, loss: 0.3803
2020-10-24 16:25:07,488 - mmdet - INFO - Epoch [2][4150/6207]	lr: 1.000e-02, eta: 1 day, 11:27:06, time: 0.920, data_time: 0.082, memory: 2472, loss_rpn_cls: 0.0215, loss_rpn_bbox: 0.0172, loss_cls: 0.1741, acc: 94.6558, loss_bbox: 0.1788, loss: 0.3917
2020-10-24 16:25:53,203 - mmdet - INFO - Epoch [2][4200/6207]	lr: 1.000e-02, eta: 1 day, 11:26:16, time: 0.914, data_time: 0.078, memory: 2472, loss_rpn_cls: 0.0163, loss_rpn_bbox: 0.0146, loss_cls: 0.1523, acc: 95.3979, loss_bbox: 0.1588, loss: 0.3419
2020-10-24 16:26:39,482 - mmdet - INFO - Epoch [2][4250/6207]	lr: 1.000e-02, eta: 1 day, 11:25:33, time: 0.926, data_time: 0.078, memory: 2472, loss_rpn_cls: 0.0188, loss_rpn_bbox: 0.0160, loss_cls: 0.1685, acc: 95.1382, loss_bbox: 0.1651, loss: 0.3683
2020-10-24 16:27:25,397 - mmdet - INFO - Epoch [2][4300/6207]	lr: 1.000e-02, eta: 1 day, 11:24:46, time: 0.918, data_time: 0.090, memory: 2472, loss_rpn_cls: 0.0166, loss_rpn_bbox: 0.0144, loss_cls: 0.1523, acc: 95.1733, loss_bbox: 0.1610, loss: 0.3442
2020-10-24 16:28:11,234 - mmdet - INFO - Epoch [2][4350/6207]	lr: 1.000e-02, eta: 1 day, 11:23:56, time: 0.916, data_time: 0.085, memory: 2472, loss_rpn_cls: 0.0188, loss_rpn_bbox: 0.0151, loss_cls: 0.1554, acc: 95.3564, loss_bbox: 0.1541, loss: 0.3435
2020-10-24 16:28:57,057 - mmdet - INFO - Epoch [2][4400/6207]	lr: 1.000e-02, eta: 1 day, 11:23:09, time: 0.918, data_time: 0.080, memory: 2472, loss_rpn_cls: 0.0212, loss_rpn_bbox: 0.0157, loss_cls: 0.1700, acc: 94.9453, loss_bbox: 0.1706, loss: 0.3776
2020-10-24 16:29:42,932 - mmdet - INFO - Epoch [2][4450/6207]	lr: 1.000e-02, eta: 1 day, 11:22:20, time: 0.917, data_time: 0.089, memory: 2472, loss_rpn_cls: 0.0189, loss_rpn_bbox: 0.0151, loss_cls: 0.1583, acc: 95.2227, loss_bbox: 0.1624, loss: 0.3547
2020-10-24 16:30:28,855 - mmdet - INFO - Epoch [2][4500/6207]	lr: 1.000e-02, eta: 1 day, 11:21:33, time: 0.918, data_time: 0.077, memory: 2472, loss_rpn_cls: 0.0171, loss_rpn_bbox: 0.0156, loss_cls: 0.1646, acc: 94.8765, loss_bbox: 0.1725, loss: 0.3699
2020-10-24 16:31:14,790 - mmdet - INFO - Epoch [2][4550/6207]	lr: 1.000e-02, eta: 1 day, 11:20:45, time: 0.919, data_time: 0.097, memory: 2472, loss_rpn_cls: 0.0180, loss_rpn_bbox: 0.0155, loss_cls: 0.1695, acc: 94.7456, loss_bbox: 0.1703, loss: 0.3732
2020-10-24 16:32:00,976 - mmdet - INFO - Epoch [2][4600/6207]	lr: 1.000e-02, eta: 1 day, 11:20:01, time: 0.924, data_time: 0.086, memory: 2472, loss_rpn_cls: 0.0193, loss_rpn_bbox: 0.0166, loss_cls: 0.1643, acc: 94.8623, loss_bbox: 0.1748, loss: 0.3749
2020-10-24 16:32:47,019 - mmdet - INFO - Epoch [2][4650/6207]	lr: 1.000e-02, eta: 1 day, 11:19:16, time: 0.921, data_time: 0.079, memory: 2472, loss_rpn_cls: 0.0194, loss_rpn_bbox: 0.0146, loss_cls: 0.1562, acc: 95.1201, loss_bbox: 0.1659, loss: 0.3561
2020-10-24 16:33:33,064 - mmdet - INFO - Epoch [2][4700/6207]	lr: 1.000e-02, eta: 1 day, 11:18:30, time: 0.921, data_time: 0.085, memory: 2472, loss_rpn_cls: 0.0166, loss_rpn_bbox: 0.0139, loss_cls: 0.1506, acc: 95.4648, loss_bbox: 0.1512, loss: 0.3323
2020-10-24 16:34:18,992 - mmdet - INFO - Epoch [2][4750/6207]	lr: 1.000e-02, eta: 1 day, 11:17:42, time: 0.918, data_time: 0.080, memory: 2472, loss_rpn_cls: 0.0174, loss_rpn_bbox: 0.0150, loss_cls: 0.1557, acc: 95.2666, loss_bbox: 0.1628, loss: 0.3509
2020-10-24 16:35:05,024 - mmdet - INFO - Epoch [2][4800/6207]	lr: 1.000e-02, eta: 1 day, 11:16:56, time: 0.921, data_time: 0.077, memory: 2472, loss_rpn_cls: 0.0185, loss_rpn_bbox: 0.0163, loss_cls: 0.1686, acc: 94.7651, loss_bbox: 0.1790, loss: 0.3825
2020-10-24 16:35:50,752 - mmdet - INFO - Epoch [2][4850/6207]	lr: 1.000e-02, eta: 1 day, 11:16:06, time: 0.914, data_time: 0.077, memory: 2472, loss_rpn_cls: 0.0175, loss_rpn_bbox: 0.0149, loss_cls: 0.1605, acc: 95.0239, loss_bbox: 0.1664, loss: 0.3593
2020-10-24 16:36:36,659 - mmdet - INFO - Epoch [2][4900/6207]	lr: 1.000e-02, eta: 1 day, 11:15:19, time: 0.919, data_time: 0.090, memory: 2472, loss_rpn_cls: 0.0167, loss_rpn_bbox: 0.0157, loss_cls: 0.1619, acc: 94.9956, loss_bbox: 0.1699, loss: 0.3642
2020-10-24 16:37:22,302 - mmdet - INFO - Epoch [2][4950/6207]	lr: 1.000e-02, eta: 1 day, 11:14:28, time: 0.913, data_time: 0.077, memory: 2472, loss_rpn_cls: 0.0166, loss_rpn_bbox: 0.0139, loss_cls: 0.1465, acc: 95.4834, loss_bbox: 0.1534, loss: 0.3305
2020-10-24 16:38:08,440 - mmdet - INFO - Epoch [2][5000/6207]	lr: 1.000e-02, eta: 1 day, 11:13:43, time: 0.922, data_time: 0.072, memory: 2472, loss_rpn_cls: 0.0204, loss_rpn_bbox: 0.0183, loss_cls: 0.1596, acc: 95.0239, loss_bbox: 0.1804, loss: 0.3786
2020-10-24 16:38:54,436 - mmdet - INFO - Epoch [2][5050/6207]	lr: 1.000e-02, eta: 1 day, 11:12:57, time: 0.920, data_time: 0.079, memory: 2472, loss_rpn_cls: 0.0190, loss_rpn_bbox: 0.0161, loss_cls: 0.1626, acc: 94.9595, loss_bbox: 0.1747, loss: 0.3724
2020-10-24 16:39:40,730 - mmdet - INFO - Epoch [2][5100/6207]	lr: 1.000e-02, eta: 1 day, 11:12:14, time: 0.926, data_time: 0.079, memory: 2472, loss_rpn_cls: 0.0204, loss_rpn_bbox: 0.0172, loss_cls: 0.1748, acc: 94.5430, loss_bbox: 0.1782, loss: 0.3906
2020-10-24 16:40:26,450 - mmdet - INFO - Epoch [2][5150/6207]	lr: 1.000e-02, eta: 1 day, 11:11:24, time: 0.915, data_time: 0.086, memory: 2472, loss_rpn_cls: 0.0193, loss_rpn_bbox: 0.0165, loss_cls: 0.1644, acc: 94.8857, loss_bbox: 0.1718, loss: 0.3720
2020-10-24 16:41:12,505 - mmdet - INFO - Epoch [2][5200/6207]	lr: 1.000e-02, eta: 1 day, 11:10:38, time: 0.921, data_time: 0.080, memory: 2472, loss_rpn_cls: 0.0164, loss_rpn_bbox: 0.0167, loss_cls: 0.1739, acc: 94.6182, loss_bbox: 0.1760, loss: 0.3830
2020-10-24 16:41:58,513 - mmdet - INFO - Epoch [2][5250/6207]	lr: 1.000e-02, eta: 1 day, 11:09:52, time: 0.920, data_time: 0.081, memory: 2472, loss_rpn_cls: 0.0167, loss_rpn_bbox: 0.0156, loss_cls: 0.1644, acc: 94.9609, loss_bbox: 0.1758, loss: 0.3725
2020-10-24 16:42:44,252 - mmdet - INFO - Epoch [2][5300/6207]	lr: 1.000e-02, eta: 1 day, 11:09:03, time: 0.915, data_time: 0.081, memory: 2472, loss_rpn_cls: 0.0177, loss_rpn_bbox: 0.0141, loss_cls: 0.1673, acc: 94.9150, loss_bbox: 0.1670, loss: 0.3661
2020-10-24 16:43:30,099 - mmdet - INFO - Epoch [2][5350/6207]	lr: 1.000e-02, eta: 1 day, 11:08:14, time: 0.917, data_time: 0.092, memory: 2472, loss_rpn_cls: 0.0193, loss_rpn_bbox: 0.0159, loss_cls: 0.1650, acc: 94.8848, loss_bbox: 0.1702, loss: 0.3705
2020-10-24 16:44:15,952 - mmdet - INFO - Epoch [2][5400/6207]	lr: 1.000e-02, eta: 1 day, 11:07:26, time: 0.917, data_time: 0.091, memory: 2472, loss_rpn_cls: 0.0190, loss_rpn_bbox: 0.0159, loss_cls: 0.1638, acc: 94.8110, loss_bbox: 0.1703, loss: 0.3689
2020-10-24 16:45:02,028 - mmdet - INFO - Epoch [2][5450/6207]	lr: 1.000e-02, eta: 1 day, 11:06:41, time: 0.922, data_time: 0.091, memory: 2472, loss_rpn_cls: 0.0177, loss_rpn_bbox: 0.0162, loss_cls: 0.1636, acc: 94.9639, loss_bbox: 0.1693, loss: 0.3668
2020-10-24 16:45:47,735 - mmdet - INFO - Epoch [2][5500/6207]	lr: 1.000e-02, eta: 1 day, 11:05:51, time: 0.914, data_time: 0.078, memory: 2472, loss_rpn_cls: 0.0191, loss_rpn_bbox: 0.0144, loss_cls: 0.1636, acc: 95.0591, loss_bbox: 0.1613, loss: 0.3585
2020-10-24 16:46:33,428 - mmdet - INFO - Epoch [2][5550/6207]	lr: 1.000e-02, eta: 1 day, 11:05:01, time: 0.914, data_time: 0.089, memory: 2472, loss_rpn_cls: 0.0175, loss_rpn_bbox: 0.0151, loss_cls: 0.1501, acc: 95.2446, loss_bbox: 0.1570, loss: 0.3397
2020-10-24 16:47:19,337 - mmdet - INFO - Epoch [2][5600/6207]	lr: 1.000e-02, eta: 1 day, 11:04:14, time: 0.918, data_time: 0.092, memory: 2472, loss_rpn_cls: 0.0170, loss_rpn_bbox: 0.0155, loss_cls: 0.1531, acc: 95.3228, loss_bbox: 0.1594, loss: 0.3450
2020-10-24 16:48:05,351 - mmdet - INFO - Epoch [2][5650/6207]	lr: 1.000e-02, eta: 1 day, 11:03:28, time: 0.921, data_time: 0.084, memory: 2472, loss_rpn_cls: 0.0178, loss_rpn_bbox: 0.0150, loss_cls: 0.1523, acc: 95.3970, loss_bbox: 0.1570, loss: 0.3422
2020-10-24 16:48:51,214 - mmdet - INFO - Epoch [2][5700/6207]	lr: 1.000e-02, eta: 1 day, 11:02:40, time: 0.917, data_time: 0.100, memory: 2472, loss_rpn_cls: 0.0163, loss_rpn_bbox: 0.0145, loss_cls: 0.1563, acc: 95.0366, loss_bbox: 0.1636, loss: 0.3507
2020-10-24 16:49:37,075 - mmdet - INFO - Epoch [2][5750/6207]	lr: 1.000e-02, eta: 1 day, 11:01:52, time: 0.918, data_time: 0.077, memory: 2472, loss_rpn_cls: 0.0186, loss_rpn_bbox: 0.0173, loss_cls: 0.1673, acc: 94.7837, loss_bbox: 0.1730, loss: 0.3762
2020-10-24 16:50:22,952 - mmdet - INFO - Epoch [2][5800/6207]	lr: 1.000e-02, eta: 1 day, 11:01:04, time: 0.918, data_time: 0.087, memory: 2472, loss_rpn_cls: 0.0189, loss_rpn_bbox: 0.0143, loss_cls: 0.1528, acc: 95.2959, loss_bbox: 0.1562, loss: 0.3421
2020-10-24 16:51:08,904 - mmdet - INFO - Epoch [2][5850/6207]	lr: 1.000e-02, eta: 1 day, 11:00:17, time: 0.919, data_time: 0.084, memory: 2472, loss_rpn_cls: 0.0167, loss_rpn_bbox: 0.0156, loss_cls: 0.1556, acc: 95.0571, loss_bbox: 0.1690, loss: 0.3569
2020-10-24 16:51:54,895 - mmdet - INFO - Epoch [2][5900/6207]	lr: 1.000e-02, eta: 1 day, 10:59:30, time: 0.919, data_time: 0.076, memory: 2472, loss_rpn_cls: 0.0179, loss_rpn_bbox: 0.0153, loss_cls: 0.1529, acc: 95.1611, loss_bbox: 0.1651, loss: 0.3512
2020-10-24 16:52:40,969 - mmdet - INFO - Epoch [2][5950/6207]	lr: 1.000e-02, eta: 1 day, 10:58:45, time: 0.922, data_time: 0.083, memory: 2472, loss_rpn_cls: 0.0160, loss_rpn_bbox: 0.0152, loss_cls: 0.1561, acc: 94.9966, loss_bbox: 0.1692, loss: 0.3564
2020-10-24 16:53:27,160 - mmdet - INFO - Epoch [2][6000/6207]	lr: 1.000e-02, eta: 1 day, 10:58:01, time: 0.923, data_time: 0.091, memory: 2472, loss_rpn_cls: 0.0179, loss_rpn_bbox: 0.0157, loss_cls: 0.1660, acc: 94.8882, loss_bbox: 0.1675, loss: 0.3670
