2021-01-11 20:56:46,303 - mmdet - INFO - Environment info:
------------------------------------------------------------
sys.platform: linux
Python: 3.6.12 |Anaconda, Inc.| (default, Sep  8 2020, 23:10:56) [GCC 7.3.0]
CUDA available: True
GPU 0,1,2,3: GeForce RTX 2080 Ti
CUDA_HOME: /usr/local/cuda
NVCC: Cuda compilation tools, release 10.0, V10.0.130
GCC: gcc (Ubuntu 5.4.0-6ubuntu1~16.04.11) 5.4.0 20160609
PyTorch: 1.4.0
PyTorch compiling details: PyTorch built with:
  - GCC 7.3
  - Intel(R) Math Kernel Library Version 2020.0.2 Product Build 20200624 for Intel(R) 64 architecture applications
  - Intel(R) MKL-DNN v0.21.1 (Git Hash 7d2fd500bc78936d1d648ca713b901012f470dbc)
  - OpenMP 201511 (a.k.a. OpenMP 4.5)
  - NNPACK is enabled
  - CUDA Runtime 10.0
  - NVCC architecture flags: -gencode;arch=compute_37,code=sm_37;-gencode;arch=compute_50,code=sm_50;-gencode;arch=compute_60,code=sm_60;-gencode;arch=compute_61,code=sm_61;-gencode;arch=compute_70,code=sm_70;-gencode;arch=compute_75,code=sm_75;-gencode;arch=compute_37,code=compute_37
  - CuDNN 7.6.3
  - Magma 2.5.1
  - Build settings: BLAS=MKL, BUILD_NAMEDTENSOR=OFF, BUILD_TYPE=Release, CXX_FLAGS= -Wno-deprecated -fvisibility-inlines-hidden -fopenmp -DUSE_FBGEMM -DUSE_QNNPACK -DUSE_PYTORCH_QNNPACK -O2 -fPIC -Wno-narrowing -Wall -Wextra -Wno-missing-field-initializers -Wno-type-limits -Wno-array-bounds -Wno-unknown-pragmas -Wno-sign-compare -Wno-unused-parameter -Wno-unused-variable -Wno-unused-function -Wno-unused-result -Wno-strict-overflow -Wno-strict-aliasing -Wno-error=deprecated-declarations -Wno-stringop-overflow -Wno-error=pedantic -Wno-error=redundant-decls -Wno-error=old-style-cast -fdiagnostics-color=always -faligned-new -Wno-unused-but-set-variable -Wno-maybe-uninitialized -fno-math-errno -fno-trapping-math -Wno-stringop-overflow, DISABLE_NUMA=1, PERF_WITH_AVX=1, PERF_WITH_AVX2=1, PERF_WITH_AVX512=1, USE_CUDA=ON, USE_EXCEPTION_PTR=1, USE_GFLAGS=OFF, USE_GLOG=OFF, USE_MKL=ON, USE_MKLDNN=ON, USE_MPI=OFF, USE_NCCL=ON, USE_NNPACK=ON, USE_OPENMP=ON, USE_STATIC_DISPATCH=OFF, 

TorchVision: 0.5.0
OpenCV: 4.4.0
MMCV: 1.1.5
MMCV Compiler: GCC 7.3
MMCV CUDA Compiler: 10.0
MMDetection: 2.5.0+
------------------------------------------------------------

2021-01-11 20:56:46,706 - mmdet - INFO - Distributed training: True
2021-01-11 20:56:47,146 - mmdet - INFO - Config:
model = dict(
    type='FasterRCNN',
    pretrained='torchvision://resnet50',
    backbone=dict(
        type='ResNet',
        depth=50,
        num_stages=4,
        out_indices=(0, 1, 2, 3),
        frozen_stages=1,
        norm_cfg=dict(type='BN', requires_grad=True),
        norm_eval=True,
        style='pytorch'),
    neck=dict(
        type='FPN_CARAFE_2',
        in_channels=[256, 512, 1024, 2048],
        out_channels=256,
        num_outs=5,
        start_level=0,
        end_level=-1,
        norm_cfg=None,
        act_cfg=None,
        order=('conv', 'norm', 'act'),
        upsample_cfg=dict(
            type='carafe',
            up_kernel=5,
            up_group=1,
            encoder_kernel=3,
            encoder_dilation=1,
            compressed_channels=64)),
    rpn_head=dict(
        type='RPNHead',
        in_channels=256,
        feat_channels=256,
        anchor_generator=dict(
            type='AnchorGenerator',
            scales=[8],
            ratios=[0.5, 1.0, 2.0],
            strides=[4, 8, 16, 32, 64]),
        bbox_coder=dict(
            type='DeltaXYWHBBoxCoder',
            target_means=[0.0, 0.0, 0.0, 0.0],
            target_stds=[1.0, 1.0, 1.0, 1.0]),
        loss_cls=dict(
            type='CrossEntropyLoss', use_sigmoid=True, loss_weight=1.0),
        loss_bbox=dict(type='L1Loss', loss_weight=1.0)),
    roi_head=dict(
        type='StandardRoIHead',
        bbox_roi_extractor=dict(
            type='SingleRoIExtractor',
            roi_layer=dict(type='RoIAlign', output_size=7, sampling_ratio=0),
            out_channels=256,
            featmap_strides=[4, 8, 16, 32]),
        bbox_head=dict(
            type='Shared2FCBBoxHead',
            in_channels=256,
            fc_out_channels=1024,
            roi_feat_size=7,
            num_classes=20,
            bbox_coder=dict(
                type='DeltaXYWHBBoxCoder',
                target_means=[0.0, 0.0, 0.0, 0.0],
                target_stds=[0.1, 0.1, 0.2, 0.2]),
            reg_class_agnostic=False,
            loss_cls=dict(
                type='CrossEntropyLoss', use_sigmoid=False, loss_weight=1.0),
            loss_bbox=dict(type='L1Loss', loss_weight=1.0))))
train_cfg = dict(
    rpn=dict(
        assigner=dict(
            type='MaxIoUAssigner',
            pos_iou_thr=0.7,
            neg_iou_thr=0.3,
            min_pos_iou=0.3,
            match_low_quality=True,
            ignore_iof_thr=-1),
        sampler=dict(
            type='RandomSampler',
            num=256,
            pos_fraction=0.5,
            neg_pos_ub=-1,
            add_gt_as_proposals=False),
        allowed_border=-1,
        pos_weight=-1,
        debug=False),
    rpn_proposal=dict(
        nms_across_levels=False,
        nms_pre=2000,
        nms_post=1000,
        max_num=1000,
        nms_thr=0.7,
        min_bbox_size=0),
    rcnn=dict(
        assigner=dict(
            type='MaxIoUAssigner',
            pos_iou_thr=0.5,
            neg_iou_thr=0.5,
            min_pos_iou=0.5,
            match_low_quality=False,
            ignore_iof_thr=-1),
        sampler=dict(
            type='RandomSampler',
            num=512,
            pos_fraction=0.25,
            neg_pos_ub=-1,
            add_gt_as_proposals=True),
        pos_weight=-1,
        debug=False))
test_cfg = dict(
    rpn=dict(
        nms_across_levels=False,
        nms_pre=1000,
        nms_post=1000,
        max_num=1000,
        nms_thr=0.7,
        min_bbox_size=0),
    rcnn=dict(
        score_thr=0.05,
        nms=dict(type='nms', iou_threshold=0.5),
        max_per_img=100))
dataset_type = 'VOCDataset'
data_root = '../data/voc0712/VOCdevkit/'
img_norm_cfg = dict(
    mean=[123.675, 116.28, 103.53], std=[58.395, 57.12, 57.375], to_rgb=True)
train_pipeline = [
    dict(type='LoadImageFromFile'),
    dict(type='LoadAnnotations', with_bbox=True),
    dict(type='Resize', img_scale=(1333, 800), keep_ratio=True),
    dict(type='RandomFlip', flip_ratio=0.5),
    dict(
        type='Normalize',
        mean=[123.675, 116.28, 103.53],
        std=[58.395, 57.12, 57.375],
        to_rgb=True),
    dict(type='Pad', size_divisor=64),
    dict(type='DefaultFormatBundle'),
    dict(type='Collect', keys=['img', 'gt_bboxes', 'gt_labels'])
]
test_pipeline = [
    dict(type='LoadImageFromFile'),
    dict(
        type='MultiScaleFlipAug',
        img_scale=(1333, 800),
        flip=False,
        transforms=[
            dict(type='Resize', keep_ratio=True),
            dict(type='RandomFlip'),
            dict(
                type='Normalize',
                mean=[123.675, 116.28, 103.53],
                std=[58.395, 57.12, 57.375],
                to_rgb=True),
            dict(type='Pad', size_divisor=64),
            dict(type='ImageToTensor', keys=['img']),
            dict(type='Collect', keys=['img'])
        ])
]
data = dict(
    samples_per_gpu=2,
    workers_per_gpu=0,
    train=dict(
        type='RepeatDataset',
        times=3,
        dataset=dict(
            type='VOCDataset',
            ann_file=[
                '../data/voc0712/VOCdevkit/VOC2007/ImageSets/Main/trainval.txt',
                '../data/voc0712/VOCdevkit/VOC2012/ImageSets/Main/trainval.txt'
            ],
            img_prefix=[
                '../data/voc0712/VOCdevkit/VOC2007/',
                '../data/voc0712/VOCdevkit/VOC2012/'
            ],
            pipeline=[
                dict(type='LoadImageFromFile'),
                dict(type='LoadAnnotations', with_bbox=True),
                dict(type='Resize', img_scale=(1000, 600), keep_ratio=True),
                dict(type='RandomFlip', flip_ratio=0.5),
                dict(
                    type='Normalize',
                    mean=[123.675, 116.28, 103.53],
                    std=[58.395, 57.12, 57.375],
                    to_rgb=True),
                dict(type='Pad', size_divisor=32),
                dict(type='DefaultFormatBundle'),
                dict(type='Collect', keys=['img', 'gt_bboxes', 'gt_labels'])
            ]),
        pipeline=[
            dict(type='LoadImageFromFile'),
            dict(type='LoadAnnotations', with_bbox=True),
            dict(type='Resize', img_scale=(1333, 800), keep_ratio=True),
            dict(type='RandomFlip', flip_ratio=0.5),
            dict(
                type='Normalize',
                mean=[123.675, 116.28, 103.53],
                std=[58.395, 57.12, 57.375],
                to_rgb=True),
            dict(type='Pad', size_divisor=64),
            dict(type='DefaultFormatBundle'),
            dict(type='Collect', keys=['img', 'gt_bboxes', 'gt_labels'])
        ]),
    val=dict(
        type='VOCDataset',
        ann_file='../data/voc0712/VOCdevkit/VOC2007/ImageSets/Main/test.txt',
        img_prefix='../data/voc0712/VOCdevkit/VOC2007/',
        pipeline=[
            dict(type='LoadImageFromFile'),
            dict(
                type='MultiScaleFlipAug',
                img_scale=(1333, 800),
                flip=False,
                transforms=[
                    dict(type='Resize', keep_ratio=True),
                    dict(type='RandomFlip'),
                    dict(
                        type='Normalize',
                        mean=[123.675, 116.28, 103.53],
                        std=[58.395, 57.12, 57.375],
                        to_rgb=True),
                    dict(type='Pad', size_divisor=64),
                    dict(type='ImageToTensor', keys=['img']),
                    dict(type='Collect', keys=['img'])
                ])
        ]),
    test=dict(
        type='VOCDataset',
        ann_file='../data/voc0712/VOCdevkit/VOC2007/ImageSets/Main/test.txt',
        img_prefix='../data/voc0712/VOCdevkit/VOC2007/',
        pipeline=[
            dict(type='LoadImageFromFile'),
            dict(
                type='MultiScaleFlipAug',
                img_scale=(1333, 800),
                flip=False,
                transforms=[
                    dict(type='Resize', keep_ratio=True),
                    dict(type='RandomFlip'),
                    dict(
                        type='Normalize',
                        mean=[123.675, 116.28, 103.53],
                        std=[58.395, 57.12, 57.375],
                        to_rgb=True),
                    dict(type='Pad', size_divisor=64),
                    dict(type='ImageToTensor', keys=['img']),
                    dict(type='Collect', keys=['img'])
                ])
        ]))
evaluation = dict(interval=1, metric='mAP')
optimizer = dict(type='SGD', lr=0.02, momentum=0.9, weight_decay=0.0001)
optimizer_config = dict(grad_clip=None)
lr_config = dict(
    policy='step',
    warmup='linear',
    warmup_iters=500,
    warmup_ratio=0.001,
    step=[8, 11])
total_epochs = 12
checkpoint_config = dict(interval=1)
log_config = dict(interval=50, hooks=[dict(type='TextLoggerHook')])
dist_params = dict(backend='nccl')
log_level = 'INFO'
load_from = None
resume_from = None
workflow = [('train', 1)]
work_dir = './work_dirs/carafe2_voc'
gpu_ids = range(0, 1)

2021-01-11 20:56:47,525 - mmdet - INFO - load model from: torchvision://resnet50
2021-01-11 20:56:51,989 - mmdet - WARNING - The model and loaded state dict do not match exactly

unexpected key in source state_dict: fc.weight, fc.bias

2021-01-11 20:56:54,713 - mmdet - INFO - Start running, host: root@cdbb6ec1461b, work_dir: /root/userfolder/mmdetection/work_dirs/carafe2_voc
2021-01-11 20:56:54,713 - mmdet - INFO - workflow: [('train', 1)], max: 12 epochs
2021-01-11 20:57:16,152 - mmdet - INFO - Epoch [1][50/6207]	lr: 1.978e-03, eta: 8:48:58, time: 0.426, data_time: 0.148, memory: 2702, loss_rpn_cls: 0.3634, loss_rpn_bbox: 0.0266, loss_cls: 1.0028, acc: 89.5498, loss_bbox: 0.0351, loss: 1.4279
2021-01-11 20:57:33,660 - mmdet - INFO - Epoch [1][100/6207]	lr: 3.976e-03, eta: 8:01:11, time: 0.350, data_time: 0.096, memory: 2702, loss_rpn_cls: 0.0938, loss_rpn_bbox: 0.0243, loss_cls: 0.4534, acc: 96.0991, loss_bbox: 0.1537, loss: 0.7251
2021-01-11 20:57:51,127 - mmdet - INFO - Epoch [1][150/6207]	lr: 5.974e-03, eta: 7:44:52, time: 0.349, data_time: 0.094, memory: 2702, loss_rpn_cls: 0.0691, loss_rpn_bbox: 0.0210, loss_cls: 0.3721, acc: 95.7925, loss_bbox: 0.1672, loss: 0.6293
2021-01-11 20:58:08,715 - mmdet - INFO - Epoch [1][200/6207]	lr: 7.972e-03, eta: 7:37:17, time: 0.352, data_time: 0.097, memory: 2702, loss_rpn_cls: 0.0517, loss_rpn_bbox: 0.0205, loss_cls: 0.3643, acc: 95.2183, loss_bbox: 0.1922, loss: 0.6286
2021-01-11 20:58:26,181 - mmdet - INFO - Epoch [1][250/6207]	lr: 9.970e-03, eta: 7:32:01, time: 0.349, data_time: 0.092, memory: 2702, loss_rpn_cls: 0.0552, loss_rpn_bbox: 0.0247, loss_cls: 0.3239, acc: 95.1846, loss_bbox: 0.1914, loss: 0.5952
2021-01-11 20:58:43,613 - mmdet - INFO - Epoch [1][300/6207]	lr: 1.197e-02, eta: 7:28:18, time: 0.349, data_time: 0.095, memory: 2702, loss_rpn_cls: 0.0387, loss_rpn_bbox: 0.0198, loss_cls: 0.3310, acc: 95.2168, loss_bbox: 0.1895, loss: 0.5791
2021-01-11 20:59:01,020 - mmdet - INFO - Epoch [1][350/6207]	lr: 1.397e-02, eta: 7:25:25, time: 0.348, data_time: 0.094, memory: 2702, loss_rpn_cls: 0.0411, loss_rpn_bbox: 0.0231, loss_cls: 0.3037, acc: 94.5591, loss_bbox: 0.2178, loss: 0.5857
2021-01-11 20:59:18,548 - mmdet - INFO - Epoch [1][400/6207]	lr: 1.596e-02, eta: 7:23:35, time: 0.351, data_time: 0.096, memory: 2702, loss_rpn_cls: 0.0360, loss_rpn_bbox: 0.0220, loss_cls: 0.2672, acc: 94.7104, loss_bbox: 0.2056, loss: 0.5308
2021-01-11 20:59:36,019 - mmdet - INFO - Epoch [1][450/6207]	lr: 1.796e-02, eta: 7:21:56, time: 0.349, data_time: 0.094, memory: 2702, loss_rpn_cls: 0.0555, loss_rpn_bbox: 0.0223, loss_cls: 0.3157, acc: 94.6216, loss_bbox: 0.1946, loss: 0.5882
2021-01-11 20:59:53,544 - mmdet - INFO - Epoch [1][500/6207]	lr: 1.996e-02, eta: 7:20:41, time: 0.350, data_time: 0.096, memory: 2702, loss_rpn_cls: 0.0464, loss_rpn_bbox: 0.0253, loss_cls: 0.2953, acc: 94.0918, loss_bbox: 0.2212, loss: 0.5882
2021-01-11 21:00:10,928 - mmdet - INFO - Epoch [1][550/6207]	lr: 2.000e-02, eta: 7:19:16, time: 0.347, data_time: 0.095, memory: 2702, loss_rpn_cls: 0.0348, loss_rpn_bbox: 0.0187, loss_cls: 0.2485, acc: 94.7539, loss_bbox: 0.2023, loss: 0.5042
2021-01-11 21:00:28,442 - mmdet - INFO - Epoch [1][600/6207]	lr: 2.000e-02, eta: 7:18:22, time: 0.351, data_time: 0.096, memory: 2702, loss_rpn_cls: 0.0345, loss_rpn_bbox: 0.0201, loss_cls: 0.2588, acc: 94.2471, loss_bbox: 0.2149, loss: 0.5283
2021-01-11 21:00:46,013 - mmdet - INFO - Epoch [1][650/6207]	lr: 2.000e-02, eta: 7:17:37, time: 0.351, data_time: 0.092, memory: 2702, loss_rpn_cls: 0.0417, loss_rpn_bbox: 0.0228, loss_cls: 0.2484, acc: 94.4438, loss_bbox: 0.2071, loss: 0.5200
2021-01-11 21:01:03,464 - mmdet - INFO - Epoch [1][700/6207]	lr: 2.000e-02, eta: 7:16:44, time: 0.349, data_time: 0.094, memory: 2702, loss_rpn_cls: 0.0323, loss_rpn_bbox: 0.0218, loss_cls: 0.2512, acc: 94.1421, loss_bbox: 0.2082, loss: 0.5135
2021-01-11 21:01:20,969 - mmdet - INFO - Epoch [1][750/6207]	lr: 2.000e-02, eta: 7:16:03, time: 0.350, data_time: 0.093, memory: 2702, loss_rpn_cls: 0.0304, loss_rpn_bbox: 0.0207, loss_cls: 0.2504, acc: 94.1348, loss_bbox: 0.2145, loss: 0.5160
2021-01-11 21:01:38,500 - mmdet - INFO - Epoch [1][800/6207]	lr: 2.000e-02, eta: 7:15:25, time: 0.351, data_time: 0.093, memory: 2702, loss_rpn_cls: 0.0328, loss_rpn_bbox: 0.0213, loss_cls: 0.2298, acc: 94.1484, loss_bbox: 0.2171, loss: 0.5010
2021-01-11 21:01:55,965 - mmdet - INFO - Epoch [1][850/6207]	lr: 2.000e-02, eta: 7:14:44, time: 0.349, data_time: 0.095, memory: 2702, loss_rpn_cls: 0.0320, loss_rpn_bbox: 0.0206, loss_cls: 0.2307, acc: 94.4570, loss_bbox: 0.1979, loss: 0.4812
2021-01-11 21:02:13,393 - mmdet - INFO - Epoch [1][900/6207]	lr: 2.000e-02, eta: 7:14:02, time: 0.348, data_time: 0.090, memory: 2702, loss_rpn_cls: 0.0268, loss_rpn_bbox: 0.0185, loss_cls: 0.2203, acc: 94.6577, loss_bbox: 0.1912, loss: 0.4567
2021-01-11 21:02:30,824 - mmdet - INFO - Epoch [1][950/6207]	lr: 2.000e-02, eta: 7:13:26, time: 0.349, data_time: 0.093, memory: 2702, loss_rpn_cls: 0.0236, loss_rpn_bbox: 0.0192, loss_cls: 0.2261, acc: 94.1562, loss_bbox: 0.2174, loss: 0.4862
2021-01-11 21:02:48,340 - mmdet - INFO - Exp name: carafe2_voc.py
2021-01-11 21:02:48,340 - mmdet - INFO - Epoch [1][1000/6207]	lr: 2.000e-02, eta: 7:12:56, time: 0.350, data_time: 0.092, memory: 2702, loss_rpn_cls: 0.0293, loss_rpn_bbox: 0.0200, loss_cls: 0.2393, acc: 93.8638, loss_bbox: 0.2179, loss: 0.5065
2021-01-11 21:03:05,840 - mmdet - INFO - Epoch [1][1050/6207]	lr: 2.000e-02, eta: 7:12:25, time: 0.350, data_time: 0.092, memory: 2702, loss_rpn_cls: 0.0315, loss_rpn_bbox: 0.0211, loss_cls: 0.2318, acc: 93.8779, loss_bbox: 0.2267, loss: 0.5111
2021-01-11 21:03:23,338 - mmdet - INFO - Epoch [1][1100/6207]	lr: 2.000e-02, eta: 7:11:56, time: 0.350, data_time: 0.094, memory: 2702, loss_rpn_cls: 0.0298, loss_rpn_bbox: 0.0218, loss_cls: 0.2130, acc: 94.2520, loss_bbox: 0.1962, loss: 0.4609
2021-01-11 21:03:40,916 - mmdet - INFO - Epoch [1][1150/6207]	lr: 2.000e-02, eta: 7:11:34, time: 0.352, data_time: 0.096, memory: 2702, loss_rpn_cls: 0.0286, loss_rpn_bbox: 0.0197, loss_cls: 0.2344, acc: 93.7144, loss_bbox: 0.2219, loss: 0.5046
2021-01-11 21:03:58,354 - mmdet - INFO - Epoch [1][1200/6207]	lr: 2.000e-02, eta: 7:11:03, time: 0.349, data_time: 0.092, memory: 2702, loss_rpn_cls: 0.0250, loss_rpn_bbox: 0.0206, loss_cls: 0.2162, acc: 93.9326, loss_bbox: 0.2237, loss: 0.4855
2021-01-11 21:04:15,896 - mmdet - INFO - Epoch [1][1250/6207]	lr: 2.000e-02, eta: 7:10:39, time: 0.351, data_time: 0.093, memory: 2702, loss_rpn_cls: 0.0274, loss_rpn_bbox: 0.0219, loss_cls: 0.2217, acc: 93.6860, loss_bbox: 0.2269, loss: 0.4979
2021-01-11 21:04:33,406 - mmdet - INFO - Epoch [1][1300/6207]	lr: 2.000e-02, eta: 7:10:14, time: 0.350, data_time: 0.092, memory: 2702, loss_rpn_cls: 0.0220, loss_rpn_bbox: 0.0184, loss_cls: 0.2002, acc: 94.2725, loss_bbox: 0.2054, loss: 0.4460
2021-01-11 21:04:50,814 - mmdet - INFO - Epoch [1][1350/6207]	lr: 2.000e-02, eta: 7:09:44, time: 0.348, data_time: 0.093, memory: 2702, loss_rpn_cls: 0.0238, loss_rpn_bbox: 0.0184, loss_cls: 0.2050, acc: 93.9673, loss_bbox: 0.2197, loss: 0.4669
2021-01-11 21:05:08,224 - mmdet - INFO - Epoch [1][1400/6207]	lr: 2.000e-02, eta: 7:09:15, time: 0.348, data_time: 0.097, memory: 2702, loss_rpn_cls: 0.0295, loss_rpn_bbox: 0.0206, loss_cls: 0.2102, acc: 93.9697, loss_bbox: 0.2201, loss: 0.4804
2021-01-11 21:05:25,623 - mmdet - INFO - Epoch [1][1450/6207]	lr: 2.000e-02, eta: 7:08:46, time: 0.348, data_time: 0.095, memory: 2702, loss_rpn_cls: 0.0248, loss_rpn_bbox: 0.0195, loss_cls: 0.2067, acc: 94.0718, loss_bbox: 0.2110, loss: 0.4620
2021-01-11 21:05:43,081 - mmdet - INFO - Epoch [1][1500/6207]	lr: 2.000e-02, eta: 7:08:20, time: 0.349, data_time: 0.092, memory: 2702, loss_rpn_cls: 0.0243, loss_rpn_bbox: 0.0178, loss_cls: 0.2012, acc: 94.3281, loss_bbox: 0.2095, loss: 0.4528
2021-01-11 21:06:00,496 - mmdet - INFO - Epoch [1][1550/6207]	lr: 2.000e-02, eta: 7:07:54, time: 0.349, data_time: 0.097, memory: 2702, loss_rpn_cls: 0.0221, loss_rpn_bbox: 0.0180, loss_cls: 0.2077, acc: 93.9316, loss_bbox: 0.2208, loss: 0.4685
2021-01-11 21:06:18,027 - mmdet - INFO - Epoch [1][1600/6207]	lr: 2.000e-02, eta: 7:07:33, time: 0.351, data_time: 0.093, memory: 2702, loss_rpn_cls: 0.0215, loss_rpn_bbox: 0.0180, loss_cls: 0.1801, acc: 94.7642, loss_bbox: 0.1925, loss: 0.4120
2021-01-11 21:06:35,527 - mmdet - INFO - Epoch [1][1650/6207]	lr: 2.000e-02, eta: 7:07:11, time: 0.350, data_time: 0.094, memory: 2702, loss_rpn_cls: 0.0217, loss_rpn_bbox: 0.0176, loss_cls: 0.1763, acc: 94.6108, loss_bbox: 0.2007, loss: 0.4161
2021-01-11 21:06:53,018 - mmdet - INFO - Epoch [1][1700/6207]	lr: 2.000e-02, eta: 7:06:49, time: 0.350, data_time: 0.095, memory: 2702, loss_rpn_cls: 0.0186, loss_rpn_bbox: 0.0155, loss_cls: 0.1941, acc: 94.1475, loss_bbox: 0.2130, loss: 0.4413
2021-01-11 21:07:10,461 - mmdet - INFO - Epoch [1][1750/6207]	lr: 2.000e-02, eta: 7:06:25, time: 0.349, data_time: 0.094, memory: 2702, loss_rpn_cls: 0.0205, loss_rpn_bbox: 0.0175, loss_cls: 0.1853, acc: 94.4375, loss_bbox: 0.2034, loss: 0.4266
2021-01-11 21:07:27,914 - mmdet - INFO - Epoch [1][1800/6207]	lr: 2.000e-02, eta: 7:06:02, time: 0.349, data_time: 0.091, memory: 2702, loss_rpn_cls: 0.0223, loss_rpn_bbox: 0.0162, loss_cls: 0.1897, acc: 94.4976, loss_bbox: 0.1931, loss: 0.4213
2021-01-11 21:07:45,375 - mmdet - INFO - Epoch [1][1850/6207]	lr: 2.000e-02, eta: 7:05:39, time: 0.349, data_time: 0.095, memory: 2703, loss_rpn_cls: 0.0218, loss_rpn_bbox: 0.0194, loss_cls: 0.1916, acc: 94.2026, loss_bbox: 0.2099, loss: 0.4427
2021-01-11 21:08:02,823 - mmdet - INFO - Epoch [1][1900/6207]	lr: 2.000e-02, eta: 7:05:17, time: 0.349, data_time: 0.091, memory: 2703, loss_rpn_cls: 0.0207, loss_rpn_bbox: 0.0174, loss_cls: 0.1741, acc: 95.0386, loss_bbox: 0.1794, loss: 0.3917
2021-01-11 21:08:20,373 - mmdet - INFO - Epoch [1][1950/6207]	lr: 2.000e-02, eta: 7:04:58, time: 0.351, data_time: 0.097, memory: 2703, loss_rpn_cls: 0.0260, loss_rpn_bbox: 0.0211, loss_cls: 0.2035, acc: 93.8647, loss_bbox: 0.2139, loss: 0.4646
2021-01-11 21:08:37,871 - mmdet - INFO - Exp name: carafe2_voc.py
2021-01-11 21:08:37,872 - mmdet - INFO - Epoch [1][2000/6207]	lr: 2.000e-02, eta: 7:04:38, time: 0.350, data_time: 0.096, memory: 2703, loss_rpn_cls: 0.0213, loss_rpn_bbox: 0.0162, loss_cls: 0.1824, acc: 94.4941, loss_bbox: 0.1980, loss: 0.4179
2021-01-11 21:08:55,438 - mmdet - INFO - Epoch [1][2050/6207]	lr: 2.000e-02, eta: 7:04:20, time: 0.351, data_time: 0.091, memory: 2703, loss_rpn_cls: 0.0245, loss_rpn_bbox: 0.0194, loss_cls: 0.1920, acc: 94.0884, loss_bbox: 0.2146, loss: 0.4505
2021-01-11 21:09:12,860 - mmdet - INFO - Epoch [1][2100/6207]	lr: 2.000e-02, eta: 7:03:57, time: 0.349, data_time: 0.094, memory: 2703, loss_rpn_cls: 0.0197, loss_rpn_bbox: 0.0165, loss_cls: 0.1724, acc: 94.6201, loss_bbox: 0.2046, loss: 0.4132
2021-01-11 21:09:30,252 - mmdet - INFO - Epoch [1][2150/6207]	lr: 2.000e-02, eta: 7:03:33, time: 0.348, data_time: 0.098, memory: 2703, loss_rpn_cls: 0.0200, loss_rpn_bbox: 0.0156, loss_cls: 0.1821, acc: 94.5933, loss_bbox: 0.1981, loss: 0.4158
2021-01-11 21:09:47,560 - mmdet - INFO - Epoch [1][2200/6207]	lr: 2.000e-02, eta: 7:03:07, time: 0.346, data_time: 0.090, memory: 2703, loss_rpn_cls: 0.0191, loss_rpn_bbox: 0.0175, loss_cls: 0.1930, acc: 94.2471, loss_bbox: 0.2103, loss: 0.4399
2021-01-11 21:10:05,017 - mmdet - INFO - Epoch [1][2250/6207]	lr: 2.000e-02, eta: 7:02:46, time: 0.349, data_time: 0.095, memory: 2703, loss_rpn_cls: 0.0206, loss_rpn_bbox: 0.0189, loss_cls: 0.1788, acc: 94.5601, loss_bbox: 0.1961, loss: 0.4145
2021-01-11 21:10:22,538 - mmdet - INFO - Epoch [1][2300/6207]	lr: 2.000e-02, eta: 7:02:27, time: 0.350, data_time: 0.093, memory: 2703, loss_rpn_cls: 0.0194, loss_rpn_bbox: 0.0168, loss_cls: 0.1751, acc: 94.7119, loss_bbox: 0.1870, loss: 0.3982
2021-01-11 21:10:39,973 - mmdet - INFO - Epoch [1][2350/6207]	lr: 2.000e-02, eta: 7:02:07, time: 0.349, data_time: 0.093, memory: 2703, loss_rpn_cls: 0.0206, loss_rpn_bbox: 0.0193, loss_cls: 0.1858, acc: 94.1548, loss_bbox: 0.2138, loss: 0.4395
2021-01-11 21:10:57,442 - mmdet - INFO - Epoch [1][2400/6207]	lr: 2.000e-02, eta: 7:01:46, time: 0.349, data_time: 0.093, memory: 2703, loss_rpn_cls: 0.0201, loss_rpn_bbox: 0.0149, loss_cls: 0.1652, acc: 94.9619, loss_bbox: 0.1831, loss: 0.3833
2021-01-11 21:11:14,932 - mmdet - INFO - Epoch [1][2450/6207]	lr: 2.000e-02, eta: 7:01:27, time: 0.350, data_time: 0.094, memory: 2703, loss_rpn_cls: 0.0174, loss_rpn_bbox: 0.0176, loss_cls: 0.1696, acc: 94.6602, loss_bbox: 0.1974, loss: 0.4020
2021-01-11 21:11:32,447 - mmdet - INFO - Epoch [1][2500/6207]	lr: 2.000e-02, eta: 7:01:08, time: 0.350, data_time: 0.092, memory: 2703, loss_rpn_cls: 0.0221, loss_rpn_bbox: 0.0189, loss_cls: 0.1676, acc: 94.7373, loss_bbox: 0.1916, loss: 0.4002
2021-01-11 21:11:49,846 - mmdet - INFO - Epoch [1][2550/6207]	lr: 2.000e-02, eta: 7:00:46, time: 0.348, data_time: 0.096, memory: 2703, loss_rpn_cls: 0.0225, loss_rpn_bbox: 0.0165, loss_cls: 0.1731, acc: 94.8003, loss_bbox: 0.1858, loss: 0.3978
2021-01-11 21:12:07,372 - mmdet - INFO - Epoch [1][2600/6207]	lr: 2.000e-02, eta: 7:00:28, time: 0.351, data_time: 0.093, memory: 2703, loss_rpn_cls: 0.0171, loss_rpn_bbox: 0.0156, loss_cls: 0.1603, acc: 95.1313, loss_bbox: 0.1833, loss: 0.3763
2021-01-11 21:12:24,936 - mmdet - INFO - Epoch [1][2650/6207]	lr: 2.000e-02, eta: 7:00:11, time: 0.351, data_time: 0.091, memory: 2703, loss_rpn_cls: 0.0229, loss_rpn_bbox: 0.0187, loss_cls: 0.1890, acc: 94.1826, loss_bbox: 0.2094, loss: 0.4400
2021-01-11 21:12:42,312 - mmdet - INFO - Epoch [1][2700/6207]	lr: 2.000e-02, eta: 6:59:49, time: 0.348, data_time: 0.092, memory: 2703, loss_rpn_cls: 0.0164, loss_rpn_bbox: 0.0169, loss_cls: 0.1670, acc: 94.8823, loss_bbox: 0.1831, loss: 0.3833
2021-01-11 21:12:59,772 - mmdet - INFO - Epoch [1][2750/6207]	lr: 2.000e-02, eta: 6:59:29, time: 0.349, data_time: 0.095, memory: 2703, loss_rpn_cls: 0.0176, loss_rpn_bbox: 0.0164, loss_cls: 0.1617, acc: 95.0415, loss_bbox: 0.1801, loss: 0.3757
2021-01-11 21:13:17,250 - mmdet - INFO - Epoch [1][2800/6207]	lr: 2.000e-02, eta: 6:59:10, time: 0.349, data_time: 0.093, memory: 2703, loss_rpn_cls: 0.0189, loss_rpn_bbox: 0.0167, loss_cls: 0.1587, acc: 95.0425, loss_bbox: 0.1834, loss: 0.3777
2021-01-11 21:13:34,786 - mmdet - INFO - Epoch [1][2850/6207]	lr: 2.000e-02, eta: 6:58:52, time: 0.351, data_time: 0.097, memory: 2703, loss_rpn_cls: 0.0175, loss_rpn_bbox: 0.0175, loss_cls: 0.1771, acc: 94.5288, loss_bbox: 0.1974, loss: 0.4095
2021-01-11 21:13:52,442 - mmdet - INFO - Epoch [1][2900/6207]	lr: 2.000e-02, eta: 6:58:37, time: 0.353, data_time: 0.092, memory: 2703, loss_rpn_cls: 0.0195, loss_rpn_bbox: 0.0181, loss_cls: 0.1696, acc: 94.7124, loss_bbox: 0.1899, loss: 0.3972
2021-01-11 21:14:09,919 - mmdet - INFO - Epoch [1][2950/6207]	lr: 2.000e-02, eta: 6:58:18, time: 0.350, data_time: 0.095, memory: 2703, loss_rpn_cls: 0.0230, loss_rpn_bbox: 0.0169, loss_cls: 0.1670, acc: 94.9165, loss_bbox: 0.1854, loss: 0.3922
2021-01-11 21:14:27,367 - mmdet - INFO - Exp name: carafe2_voc.py
2021-01-11 21:14:27,367 - mmdet - INFO - Epoch [1][3000/6207]	lr: 2.000e-02, eta: 6:57:58, time: 0.349, data_time: 0.096, memory: 2703, loss_rpn_cls: 0.0194, loss_rpn_bbox: 0.0167, loss_cls: 0.1672, acc: 94.7363, loss_bbox: 0.1922, loss: 0.3955
2021-01-11 21:14:44,914 - mmdet - INFO - Epoch [1][3050/6207]	lr: 2.000e-02, eta: 6:57:41, time: 0.351, data_time: 0.095, memory: 2703, loss_rpn_cls: 0.0194, loss_rpn_bbox: 0.0165, loss_cls: 0.1585, acc: 94.8350, loss_bbox: 0.1897, loss: 0.3841
2021-01-11 21:15:02,319 - mmdet - INFO - Epoch [1][3100/6207]	lr: 2.000e-02, eta: 6:57:20, time: 0.348, data_time: 0.089, memory: 2703, loss_rpn_cls: 0.0189, loss_rpn_bbox: 0.0194, loss_cls: 0.1734, acc: 94.4165, loss_bbox: 0.2068, loss: 0.4184
2021-01-11 21:15:19,872 - mmdet - INFO - Epoch [1][3150/6207]	lr: 2.000e-02, eta: 6:57:03, time: 0.351, data_time: 0.092, memory: 2703, loss_rpn_cls: 0.0195, loss_rpn_bbox: 0.0188, loss_cls: 0.1854, acc: 94.3687, loss_bbox: 0.2041, loss: 0.4278
2021-01-11 21:15:37,312 - mmdet - INFO - Epoch [1][3200/6207]	lr: 2.000e-02, eta: 6:56:43, time: 0.348, data_time: 0.095, memory: 2703, loss_rpn_cls: 0.0178, loss_rpn_bbox: 0.0158, loss_cls: 0.1546, acc: 94.9287, loss_bbox: 0.1841, loss: 0.3723
2021-01-11 21:15:54,647 - mmdet - INFO - Epoch [1][3250/6207]	lr: 2.000e-02, eta: 6:56:21, time: 0.347, data_time: 0.094, memory: 2703, loss_rpn_cls: 0.0185, loss_rpn_bbox: 0.0160, loss_cls: 0.1518, acc: 95.0259, loss_bbox: 0.1792, loss: 0.3655
2021-01-11 21:16:12,129 - mmdet - INFO - Epoch [1][3300/6207]	lr: 2.000e-02, eta: 6:56:02, time: 0.350, data_time: 0.092, memory: 2703, loss_rpn_cls: 0.0153, loss_rpn_bbox: 0.0154, loss_cls: 0.1592, acc: 95.0312, loss_bbox: 0.1830, loss: 0.3729
2021-01-11 21:16:29,522 - mmdet - INFO - Epoch [1][3350/6207]	lr: 2.000e-02, eta: 6:55:42, time: 0.348, data_time: 0.092, memory: 2703, loss_rpn_cls: 0.0183, loss_rpn_bbox: 0.0187, loss_cls: 0.1787, acc: 94.3540, loss_bbox: 0.2077, loss: 0.4234
2021-01-11 21:16:46,979 - mmdet - INFO - Epoch [1][3400/6207]	lr: 2.000e-02, eta: 6:55:23, time: 0.349, data_time: 0.097, memory: 2703, loss_rpn_cls: 0.0165, loss_rpn_bbox: 0.0151, loss_cls: 0.1585, acc: 95.0059, loss_bbox: 0.1838, loss: 0.3739
2021-01-11 21:17:04,450 - mmdet - INFO - Epoch [1][3450/6207]	lr: 2.000e-02, eta: 6:55:04, time: 0.349, data_time: 0.091, memory: 2703, loss_rpn_cls: 0.0177, loss_rpn_bbox: 0.0169, loss_cls: 0.1796, acc: 94.3906, loss_bbox: 0.1985, loss: 0.4126
2021-01-11 21:17:22,046 - mmdet - INFO - Epoch [1][3500/6207]	lr: 2.000e-02, eta: 6:54:48, time: 0.352, data_time: 0.093, memory: 2703, loss_rpn_cls: 0.0194, loss_rpn_bbox: 0.0166, loss_cls: 0.1687, acc: 94.7217, loss_bbox: 0.1909, loss: 0.3957
2021-01-11 21:17:39,537 - mmdet - INFO - Epoch [1][3550/6207]	lr: 2.000e-02, eta: 6:54:29, time: 0.350, data_time: 0.092, memory: 2703, loss_rpn_cls: 0.0197, loss_rpn_bbox: 0.0189, loss_cls: 0.1765, acc: 94.4834, loss_bbox: 0.2042, loss: 0.4192
2021-01-11 21:17:56,962 - mmdet - INFO - Epoch [1][3600/6207]	lr: 2.000e-02, eta: 6:54:10, time: 0.349, data_time: 0.093, memory: 2703, loss_rpn_cls: 0.0189, loss_rpn_bbox: 0.0149, loss_cls: 0.1560, acc: 95.1143, loss_bbox: 0.1787, loss: 0.3686
2021-01-11 21:18:14,361 - mmdet - INFO - Epoch [1][3650/6207]	lr: 2.000e-02, eta: 6:53:50, time: 0.348, data_time: 0.092, memory: 2703, loss_rpn_cls: 0.0200, loss_rpn_bbox: 0.0186, loss_cls: 0.1742, acc: 94.5513, loss_bbox: 0.2028, loss: 0.4157
2021-01-11 21:18:31,866 - mmdet - INFO - Epoch [1][3700/6207]	lr: 2.000e-02, eta: 6:53:32, time: 0.350, data_time: 0.096, memory: 2703, loss_rpn_cls: 0.0157, loss_rpn_bbox: 0.0161, loss_cls: 0.1724, acc: 94.4292, loss_bbox: 0.1956, loss: 0.3997
2021-01-11 21:18:49,388 - mmdet - INFO - Epoch [1][3750/6207]	lr: 2.000e-02, eta: 6:53:14, time: 0.350, data_time: 0.096, memory: 2703, loss_rpn_cls: 0.0152, loss_rpn_bbox: 0.0164, loss_cls: 0.1664, acc: 94.6938, loss_bbox: 0.1908, loss: 0.3888
2021-01-11 21:19:06,814 - mmdet - INFO - Epoch [1][3800/6207]	lr: 2.000e-02, eta: 6:52:55, time: 0.349, data_time: 0.095, memory: 2703, loss_rpn_cls: 0.0166, loss_rpn_bbox: 0.0169, loss_cls: 0.1632, acc: 94.6440, loss_bbox: 0.1952, loss: 0.3919
2021-01-11 21:19:24,284 - mmdet - INFO - Epoch [1][3850/6207]	lr: 2.000e-02, eta: 6:52:36, time: 0.349, data_time: 0.093, memory: 2703, loss_rpn_cls: 0.0221, loss_rpn_bbox: 0.0192, loss_cls: 0.1576, acc: 95.1221, loss_bbox: 0.1765, loss: 0.3755
2021-01-11 21:19:41,694 - mmdet - INFO - Epoch [1][3900/6207]	lr: 2.000e-02, eta: 6:52:17, time: 0.348, data_time: 0.094, memory: 2703, loss_rpn_cls: 0.0158, loss_rpn_bbox: 0.0172, loss_cls: 0.1511, acc: 94.9897, loss_bbox: 0.1788, loss: 0.3629
2021-01-11 21:19:59,216 - mmdet - INFO - Epoch [1][3950/6207]	lr: 2.000e-02, eta: 6:51:59, time: 0.350, data_time: 0.097, memory: 2703, loss_rpn_cls: 0.0161, loss_rpn_bbox: 0.0163, loss_cls: 0.1515, acc: 95.2163, loss_bbox: 0.1772, loss: 0.3611
2021-01-11 21:20:16,685 - mmdet - INFO - Exp name: carafe2_voc.py
2021-01-11 21:20:16,686 - mmdet - INFO - Epoch [1][4000/6207]	lr: 2.000e-02, eta: 6:51:41, time: 0.350, data_time: 0.096, memory: 2703, loss_rpn_cls: 0.0142, loss_rpn_bbox: 0.0170, loss_cls: 0.1703, acc: 94.5952, loss_bbox: 0.1929, loss: 0.3944
2021-01-11 21:20:34,177 - mmdet - INFO - Epoch [1][4050/6207]	lr: 2.000e-02, eta: 6:51:23, time: 0.350, data_time: 0.097, memory: 2703, loss_rpn_cls: 0.0174, loss_rpn_bbox: 0.0170, loss_cls: 0.1702, acc: 94.5762, loss_bbox: 0.1902, loss: 0.3949
2021-01-11 21:20:51,685 - mmdet - INFO - Epoch [1][4100/6207]	lr: 2.000e-02, eta: 6:51:05, time: 0.350, data_time: 0.097, memory: 2703, loss_rpn_cls: 0.0172, loss_rpn_bbox: 0.0167, loss_cls: 0.1698, acc: 94.8042, loss_bbox: 0.1872, loss: 0.3909
2021-01-11 21:21:09,094 - mmdet - INFO - Epoch [1][4150/6207]	lr: 2.000e-02, eta: 6:50:45, time: 0.348, data_time: 0.095, memory: 2703, loss_rpn_cls: 0.0171, loss_rpn_bbox: 0.0152, loss_cls: 0.1638, acc: 94.7471, loss_bbox: 0.1925, loss: 0.3885
2021-01-11 21:21:26,474 - mmdet - INFO - Epoch [1][4200/6207]	lr: 2.000e-02, eta: 6:50:26, time: 0.348, data_time: 0.096, memory: 2703, loss_rpn_cls: 0.0152, loss_rpn_bbox: 0.0143, loss_cls: 0.1435, acc: 95.2983, loss_bbox: 0.1719, loss: 0.3448
2021-01-11 21:21:43,903 - mmdet - INFO - Epoch [1][4250/6207]	lr: 2.000e-02, eta: 6:50:06, time: 0.348, data_time: 0.098, memory: 2703, loss_rpn_cls: 0.0173, loss_rpn_bbox: 0.0186, loss_cls: 0.1606, acc: 94.7095, loss_bbox: 0.1983, loss: 0.3948
2021-01-11 21:22:01,422 - mmdet - INFO - Epoch [1][4300/6207]	lr: 2.000e-02, eta: 6:49:48, time: 0.350, data_time: 0.091, memory: 2703, loss_rpn_cls: 0.0155, loss_rpn_bbox: 0.0159, loss_cls: 0.1584, acc: 94.9995, loss_bbox: 0.1755, loss: 0.3652
2021-01-11 21:22:19,009 - mmdet - INFO - Epoch [1][4350/6207]	lr: 2.000e-02, eta: 6:49:32, time: 0.352, data_time: 0.096, memory: 2703, loss_rpn_cls: 0.0132, loss_rpn_bbox: 0.0157, loss_cls: 0.1397, acc: 95.4062, loss_bbox: 0.1679, loss: 0.3364
2021-01-11 21:22:36,528 - mmdet - INFO - Epoch [1][4400/6207]	lr: 2.000e-02, eta: 6:49:15, time: 0.351, data_time: 0.093, memory: 2703, loss_rpn_cls: 0.0138, loss_rpn_bbox: 0.0154, loss_cls: 0.1481, acc: 95.1025, loss_bbox: 0.1844, loss: 0.3618
2021-01-11 21:22:53,996 - mmdet - INFO - Epoch [1][4450/6207]	lr: 2.000e-02, eta: 6:48:57, time: 0.349, data_time: 0.100, memory: 2703, loss_rpn_cls: 0.0163, loss_rpn_bbox: 0.0150, loss_cls: 0.1611, acc: 94.9072, loss_bbox: 0.1797, loss: 0.3722
2021-01-11 21:23:11,481 - mmdet - INFO - Epoch [1][4500/6207]	lr: 2.000e-02, eta: 6:48:39, time: 0.350, data_time: 0.093, memory: 2703, loss_rpn_cls: 0.0147, loss_rpn_bbox: 0.0160, loss_cls: 0.1515, acc: 95.1489, loss_bbox: 0.1752, loss: 0.3574
2021-01-11 21:23:29,011 - mmdet - INFO - Epoch [1][4550/6207]	lr: 2.000e-02, eta: 6:48:21, time: 0.351, data_time: 0.094, memory: 2703, loss_rpn_cls: 0.0166, loss_rpn_bbox: 0.0160, loss_cls: 0.1605, acc: 94.8589, loss_bbox: 0.1848, loss: 0.3779
2021-01-11 21:23:46,469 - mmdet - INFO - Epoch [1][4600/6207]	lr: 2.000e-02, eta: 6:48:03, time: 0.349, data_time: 0.096, memory: 2703, loss_rpn_cls: 0.0189, loss_rpn_bbox: 0.0166, loss_cls: 0.1643, acc: 94.8228, loss_bbox: 0.1894, loss: 0.3891
2021-01-11 21:24:03,931 - mmdet - INFO - Epoch [1][4650/6207]	lr: 2.000e-02, eta: 6:47:44, time: 0.349, data_time: 0.093, memory: 2703, loss_rpn_cls: 0.0154, loss_rpn_bbox: 0.0182, loss_cls: 0.1444, acc: 95.2227, loss_bbox: 0.1742, loss: 0.3521
2021-01-11 21:24:21,368 - mmdet - INFO - Epoch [1][4700/6207]	lr: 2.000e-02, eta: 6:47:26, time: 0.349, data_time: 0.096, memory: 2703, loss_rpn_cls: 0.0153, loss_rpn_bbox: 0.0154, loss_cls: 0.1494, acc: 95.0591, loss_bbox: 0.1817, loss: 0.3618
2021-01-11 21:24:38,818 - mmdet - INFO - Epoch [1][4750/6207]	lr: 2.000e-02, eta: 6:47:07, time: 0.349, data_time: 0.092, memory: 2703, loss_rpn_cls: 0.0175, loss_rpn_bbox: 0.0167, loss_cls: 0.1538, acc: 95.1206, loss_bbox: 0.1853, loss: 0.3733
2021-01-11 21:24:56,298 - mmdet - INFO - Epoch [1][4800/6207]	lr: 2.000e-02, eta: 6:46:49, time: 0.349, data_time: 0.089, memory: 2703, loss_rpn_cls: 0.0148, loss_rpn_bbox: 0.0147, loss_cls: 0.1507, acc: 95.1865, loss_bbox: 0.1759, loss: 0.3561
2021-01-11 21:25:13,662 - mmdet - INFO - Epoch [1][4850/6207]	lr: 2.000e-02, eta: 6:46:30, time: 0.347, data_time: 0.091, memory: 2703, loss_rpn_cls: 0.0136, loss_rpn_bbox: 0.0140, loss_cls: 0.1429, acc: 95.1978, loss_bbox: 0.1738, loss: 0.3444
2021-01-11 21:25:31,109 - mmdet - INFO - Epoch [1][4900/6207]	lr: 2.000e-02, eta: 6:46:11, time: 0.349, data_time: 0.094, memory: 2703, loss_rpn_cls: 0.0133, loss_rpn_bbox: 0.0149, loss_cls: 0.1417, acc: 95.2461, loss_bbox: 0.1784, loss: 0.3482
2021-01-11 21:25:48,684 - mmdet - INFO - Epoch [1][4950/6207]	lr: 2.000e-02, eta: 6:45:54, time: 0.351, data_time: 0.095, memory: 2703, loss_rpn_cls: 0.0141, loss_rpn_bbox: 0.0139, loss_cls: 0.1359, acc: 95.5142, loss_bbox: 0.1651, loss: 0.3290
2021-01-11 21:26:06,141 - mmdet - INFO - Exp name: carafe2_voc.py
2021-01-11 21:26:06,141 - mmdet - INFO - Epoch [1][5000/6207]	lr: 2.000e-02, eta: 6:45:36, time: 0.350, data_time: 0.096, memory: 2703, loss_rpn_cls: 0.0159, loss_rpn_bbox: 0.0166, loss_cls: 0.1484, acc: 95.2905, loss_bbox: 0.1666, loss: 0.3476
2021-01-11 21:26:23,645 - mmdet - INFO - Epoch [1][5050/6207]	lr: 2.000e-02, eta: 6:45:18, time: 0.350, data_time: 0.093, memory: 2703, loss_rpn_cls: 0.0154, loss_rpn_bbox: 0.0151, loss_cls: 0.1487, acc: 95.1777, loss_bbox: 0.1802, loss: 0.3594
2021-01-11 21:26:41,101 - mmdet - INFO - Epoch [1][5100/6207]	lr: 2.000e-02, eta: 6:45:00, time: 0.349, data_time: 0.093, memory: 2703, loss_rpn_cls: 0.0157, loss_rpn_bbox: 0.0159, loss_cls: 0.1650, acc: 94.6748, loss_bbox: 0.1926, loss: 0.3891
2021-01-11 21:26:58,528 - mmdet - INFO - Epoch [1][5150/6207]	lr: 2.000e-02, eta: 6:44:42, time: 0.349, data_time: 0.094, memory: 2703, loss_rpn_cls: 0.0158, loss_rpn_bbox: 0.0163, loss_cls: 0.1615, acc: 94.6567, loss_bbox: 0.1899, loss: 0.3834
2021-01-11 21:27:15,999 - mmdet - INFO - Epoch [1][5200/6207]	lr: 2.000e-02, eta: 6:44:24, time: 0.349, data_time: 0.093, memory: 2703, loss_rpn_cls: 0.0163, loss_rpn_bbox: 0.0153, loss_cls: 0.1521, acc: 95.0879, loss_bbox: 0.1770, loss: 0.3607
2021-01-11 21:27:33,525 - mmdet - INFO - Epoch [1][5250/6207]	lr: 2.000e-02, eta: 6:44:06, time: 0.350, data_time: 0.098, memory: 2703, loss_rpn_cls: 0.0153, loss_rpn_bbox: 0.0158, loss_cls: 0.1408, acc: 95.3032, loss_bbox: 0.1779, loss: 0.3499
2021-01-11 21:27:50,956 - mmdet - INFO - Epoch [1][5300/6207]	lr: 2.000e-02, eta: 6:43:48, time: 0.349, data_time: 0.093, memory: 2703, loss_rpn_cls: 0.0132, loss_rpn_bbox: 0.0161, loss_cls: 0.1497, acc: 94.8735, loss_bbox: 0.1965, loss: 0.3755
2021-01-11 21:28:08,514 - mmdet - INFO - Epoch [1][5350/6207]	lr: 2.000e-02, eta: 6:43:31, time: 0.351, data_time: 0.097, memory: 2703, loss_rpn_cls: 0.0124, loss_rpn_bbox: 0.0155, loss_cls: 0.1375, acc: 95.2979, loss_bbox: 0.1736, loss: 0.3391
2021-01-11 21:28:25,990 - mmdet - INFO - Epoch [1][5400/6207]	lr: 2.000e-02, eta: 6:43:13, time: 0.350, data_time: 0.094, memory: 2703, loss_rpn_cls: 0.0136, loss_rpn_bbox: 0.0144, loss_cls: 0.1513, acc: 95.1084, loss_bbox: 0.1796, loss: 0.3588
2021-01-11 21:28:43,355 - mmdet - INFO - Epoch [1][5450/6207]	lr: 2.000e-02, eta: 6:42:53, time: 0.347, data_time: 0.089, memory: 2703, loss_rpn_cls: 0.0149, loss_rpn_bbox: 0.0164, loss_cls: 0.1520, acc: 94.9385, loss_bbox: 0.1806, loss: 0.3639
2021-01-11 21:29:00,875 - mmdet - INFO - Epoch [1][5500/6207]	lr: 2.000e-02, eta: 6:42:36, time: 0.350, data_time: 0.093, memory: 2703, loss_rpn_cls: 0.0120, loss_rpn_bbox: 0.0155, loss_cls: 0.1363, acc: 95.3896, loss_bbox: 0.1723, loss: 0.3362
2021-01-11 21:29:18,238 - mmdet - INFO - Epoch [1][5550/6207]	lr: 2.000e-02, eta: 6:42:17, time: 0.348, data_time: 0.096, memory: 2703, loss_rpn_cls: 0.0156, loss_rpn_bbox: 0.0142, loss_cls: 0.1407, acc: 95.4268, loss_bbox: 0.1710, loss: 0.3415
2021-01-11 21:29:35,794 - mmdet - INFO - Epoch [1][5600/6207]	lr: 2.000e-02, eta: 6:42:00, time: 0.351, data_time: 0.094, memory: 2703, loss_rpn_cls: 0.0148, loss_rpn_bbox: 0.0144, loss_cls: 0.1477, acc: 95.1743, loss_bbox: 0.1767, loss: 0.3537
2021-01-11 21:29:53,174 - mmdet - INFO - Epoch [1][5650/6207]	lr: 2.000e-02, eta: 6:41:41, time: 0.348, data_time: 0.092, memory: 2703, loss_rpn_cls: 0.0137, loss_rpn_bbox: 0.0164, loss_cls: 0.1487, acc: 95.0205, loss_bbox: 0.1814, loss: 0.3603
2021-01-11 21:30:10,630 - mmdet - INFO - Epoch [1][5700/6207]	lr: 2.000e-02, eta: 6:41:23, time: 0.349, data_time: 0.089, memory: 2703, loss_rpn_cls: 0.0141, loss_rpn_bbox: 0.0148, loss_cls: 0.1320, acc: 95.6318, loss_bbox: 0.1619, loss: 0.3227
2021-01-11 21:30:28,139 - mmdet - INFO - Epoch [1][5750/6207]	lr: 2.000e-02, eta: 6:41:05, time: 0.350, data_time: 0.096, memory: 2703, loss_rpn_cls: 0.0129, loss_rpn_bbox: 0.0155, loss_cls: 0.1370, acc: 95.6431, loss_bbox: 0.1688, loss: 0.3341
2021-01-11 21:30:45,499 - mmdet - INFO - Epoch [1][5800/6207]	lr: 2.000e-02, eta: 6:40:46, time: 0.347, data_time: 0.092, memory: 2703, loss_rpn_cls: 0.0129, loss_rpn_bbox: 0.0147, loss_cls: 0.1562, acc: 94.7637, loss_bbox: 0.1907, loss: 0.3745
2021-01-11 21:31:02,957 - mmdet - INFO - Epoch [1][5850/6207]	lr: 2.000e-02, eta: 6:40:28, time: 0.349, data_time: 0.096, memory: 2703, loss_rpn_cls: 0.0141, loss_rpn_bbox: 0.0149, loss_cls: 0.1363, acc: 95.4253, loss_bbox: 0.1629, loss: 0.3282
2021-01-11 21:31:20,513 - mmdet - INFO - Epoch [1][5900/6207]	lr: 2.000e-02, eta: 6:40:11, time: 0.351, data_time: 0.097, memory: 2703, loss_rpn_cls: 0.0169, loss_rpn_bbox: 0.0154, loss_cls: 0.1439, acc: 95.1636, loss_bbox: 0.1805, loss: 0.3568
2021-01-11 21:31:37,999 - mmdet - INFO - Epoch [1][5950/6207]	lr: 2.000e-02, eta: 6:39:53, time: 0.350, data_time: 0.096, memory: 2703, loss_rpn_cls: 0.0145, loss_rpn_bbox: 0.0147, loss_cls: 0.1343, acc: 95.5205, loss_bbox: 0.1634, loss: 0.3269
2021-01-11 21:31:55,384 - mmdet - INFO - Exp name: carafe2_voc.py
2021-01-11 21:31:55,384 - mmdet - INFO - Epoch [1][6000/6207]	lr: 2.000e-02, eta: 6:39:34, time: 0.348, data_time: 0.094, memory: 2703, loss_rpn_cls: 0.0145, loss_rpn_bbox: 0.0153, loss_cls: 0.1361, acc: 95.3027, loss_bbox: 0.1772, loss: 0.3430
2021-01-11 21:32:12,838 - mmdet - INFO - Epoch [1][6050/6207]	lr: 2.000e-02, eta: 6:39:16, time: 0.349, data_time: 0.095, memory: 2703, loss_rpn_cls: 0.0144, loss_rpn_bbox: 0.0160, loss_cls: 0.1408, acc: 95.2554, loss_bbox: 0.1798, loss: 0.3510
2021-01-11 21:32:30,239 - mmdet - INFO - Epoch [1][6100/6207]	lr: 2.000e-02, eta: 6:38:58, time: 0.348, data_time: 0.093, memory: 2703, loss_rpn_cls: 0.0176, loss_rpn_bbox: 0.0170, loss_cls: 0.1506, acc: 95.0112, loss_bbox: 0.1805, loss: 0.3658
2021-01-11 21:32:47,687 - mmdet - INFO - Epoch [1][6150/6207]	lr: 2.000e-02, eta: 6:38:39, time: 0.349, data_time: 0.093, memory: 2703, loss_rpn_cls: 0.0118, loss_rpn_bbox: 0.0137, loss_cls: 0.1391, acc: 95.3521, loss_bbox: 0.1714, loss: 0.3359
2021-01-11 21:33:05,199 - mmdet - INFO - Epoch [1][6200/6207]	lr: 2.000e-02, eta: 6:38:22, time: 0.350, data_time: 0.093, memory: 2703, loss_rpn_cls: 0.0143, loss_rpn_bbox: 0.0172, loss_cls: 0.1516, acc: 94.8560, loss_bbox: 0.1887, loss: 0.3718
2021-01-11 21:33:07,661 - mmdet - INFO - Saving checkpoint at 1 epochs
2021-01-11 21:35:09,653 - mmdet - INFO - 
+-------------+------+-------+--------+-------+
| class       | gts  | dets  | recall | ap    |
+-------------+------+-------+--------+-------+
| aeroplane   | 285  | 822   | 0.860  | 0.702 |
| bicycle     | 337  | 1071  | 0.890  | 0.722 |
| bird        | 459  | 2342  | 0.863  | 0.671 |
| boat        | 263  | 1707  | 0.795  | 0.509 |
| bottle      | 469  | 2076  | 0.755  | 0.542 |
| bus         | 213  | 1039  | 0.897  | 0.686 |
| car         | 1201 | 5425  | 0.939  | 0.807 |
| cat         | 358  | 2223  | 0.955  | 0.787 |
| chair       | 756  | 6932  | 0.827  | 0.497 |
| cow         | 244  | 1477  | 0.926  | 0.707 |
| diningtable | 206  | 1628  | 0.820  | 0.576 |
| dog         | 489  | 3261  | 0.961  | 0.664 |
| horse       | 348  | 2163  | 0.957  | 0.779 |
| motorbike   | 325  | 949   | 0.855  | 0.696 |
| person      | 4528 | 20283 | 0.931  | 0.780 |
| pottedplant | 480  | 3293  | 0.673  | 0.380 |
| sheep       | 242  | 794   | 0.810  | 0.675 |
| sofa        | 239  | 3279  | 0.946  | 0.658 |
| train       | 282  | 2198  | 0.933  | 0.716 |
| tvmonitor   | 308  | 1031  | 0.799  | 0.631 |
+-------------+------+-------+--------+-------+
| mAP         |      |       |        | 0.659 |
+-------------+------+-------+--------+-------+
2021-01-11 21:35:09,695 - mmdet - INFO - Exp name: carafe2_voc.py
2021-01-11 21:35:09,696 - mmdet - INFO - Epoch(val) [1][6207]	mAP: 0.6593
2021-01-11 21:35:30,047 - mmdet - INFO - Epoch [2][50/6207]	lr: 2.000e-02, eta: 6:38:05, time: 0.404, data_time: 0.148, memory: 2703, loss_rpn_cls: 0.0163, loss_rpn_bbox: 0.0168, loss_cls: 0.1519, acc: 94.8911, loss_bbox: 0.1871, loss: 0.3721
2021-01-11 21:35:47,512 - mmdet - INFO - Epoch [2][100/6207]	lr: 2.000e-02, eta: 6:37:47, time: 0.350, data_time: 0.093, memory: 2703, loss_rpn_cls: 0.0154, loss_rpn_bbox: 0.0148, loss_cls: 0.1369, acc: 95.3535, loss_bbox: 0.1673, loss: 0.3344
2021-01-11 21:36:04,954 - mmdet - INFO - Epoch [2][150/6207]	lr: 2.000e-02, eta: 6:37:29, time: 0.349, data_time: 0.095, memory: 2703, loss_rpn_cls: 0.0119, loss_rpn_bbox: 0.0143, loss_cls: 0.1300, acc: 95.5474, loss_bbox: 0.1680, loss: 0.3242
2021-01-11 21:36:22,404 - mmdet - INFO - Epoch [2][200/6207]	lr: 2.000e-02, eta: 6:37:11, time: 0.349, data_time: 0.093, memory: 2703, loss_rpn_cls: 0.0104, loss_rpn_bbox: 0.0133, loss_cls: 0.1218, acc: 95.7700, loss_bbox: 0.1618, loss: 0.3073
2021-01-11 21:36:39,853 - mmdet - INFO - Epoch [2][250/6207]	lr: 2.000e-02, eta: 6:36:53, time: 0.349, data_time: 0.098, memory: 2703, loss_rpn_cls: 0.0129, loss_rpn_bbox: 0.0161, loss_cls: 0.1387, acc: 95.2520, loss_bbox: 0.1824, loss: 0.3502
2021-01-11 21:36:57,380 - mmdet - INFO - Epoch [2][300/6207]	lr: 2.000e-02, eta: 6:36:36, time: 0.351, data_time: 0.097, memory: 2703, loss_rpn_cls: 0.0116, loss_rpn_bbox: 0.0145, loss_cls: 0.1443, acc: 95.2148, loss_bbox: 0.1753, loss: 0.3457
2021-01-11 21:37:14,843 - mmdet - INFO - Epoch [2][350/6207]	lr: 2.000e-02, eta: 6:36:18, time: 0.349, data_time: 0.097, memory: 2703, loss_rpn_cls: 0.0150, loss_rpn_bbox: 0.0156, loss_cls: 0.1346, acc: 95.2856, loss_bbox: 0.1742, loss: 0.3394
2021-01-11 21:37:32,368 - mmdet - INFO - Epoch [2][400/6207]	lr: 2.000e-02, eta: 6:36:00, time: 0.351, data_time: 0.095, memory: 2703, loss_rpn_cls: 0.0111, loss_rpn_bbox: 0.0129, loss_cls: 0.1355, acc: 95.5850, loss_bbox: 0.1613, loss: 0.3208
2021-01-11 21:37:49,741 - mmdet - INFO - Epoch [2][450/6207]	lr: 2.000e-02, eta: 6:35:42, time: 0.348, data_time: 0.094, memory: 2703, loss_rpn_cls: 0.0109, loss_rpn_bbox: 0.0125, loss_cls: 0.1255, acc: 95.7095, loss_bbox: 0.1569, loss: 0.3059
2021-01-11 21:38:07,183 - mmdet - INFO - Epoch [2][500/6207]	lr: 2.000e-02, eta: 6:35:23, time: 0.348, data_time: 0.096, memory: 2703, loss_rpn_cls: 0.0119, loss_rpn_bbox: 0.0136, loss_cls: 0.1281, acc: 95.6870, loss_bbox: 0.1639, loss: 0.3174
2021-01-11 21:38:24,665 - mmdet - INFO - Epoch [2][550/6207]	lr: 2.000e-02, eta: 6:35:06, time: 0.350, data_time: 0.094, memory: 2703, loss_rpn_cls: 0.0148, loss_rpn_bbox: 0.0164, loss_cls: 0.1396, acc: 95.0342, loss_bbox: 0.1875, loss: 0.3583
2021-01-11 21:38:42,073 - mmdet - INFO - Epoch [2][600/6207]	lr: 2.000e-02, eta: 6:34:47, time: 0.348, data_time: 0.092, memory: 2703, loss_rpn_cls: 0.0127, loss_rpn_bbox: 0.0156, loss_cls: 0.1239, acc: 95.7363, loss_bbox: 0.1614, loss: 0.3136
2021-01-11 21:38:59,531 - mmdet - INFO - Epoch [2][650/6207]	lr: 2.000e-02, eta: 6:34:29, time: 0.349, data_time: 0.096, memory: 2703, loss_rpn_cls: 0.0127, loss_rpn_bbox: 0.0143, loss_cls: 0.1281, acc: 95.7188, loss_bbox: 0.1701, loss: 0.3253
2021-01-11 21:39:16,984 - mmdet - INFO - Epoch [2][700/6207]	lr: 2.000e-02, eta: 6:34:11, time: 0.349, data_time: 0.093, memory: 2703, loss_rpn_cls: 0.0166, loss_rpn_bbox: 0.0169, loss_cls: 0.1433, acc: 95.1152, loss_bbox: 0.1827, loss: 0.3596
2021-01-11 21:39:34,469 - mmdet - INFO - Epoch [2][750/6207]	lr: 2.000e-02, eta: 6:33:54, time: 0.350, data_time: 0.093, memory: 2703, loss_rpn_cls: 0.0129, loss_rpn_bbox: 0.0149, loss_cls: 0.1273, acc: 95.6226, loss_bbox: 0.1688, loss: 0.3240
2021-01-11 21:39:51,952 - mmdet - INFO - Epoch [2][800/6207]	lr: 2.000e-02, eta: 6:33:36, time: 0.349, data_time: 0.093, memory: 2703, loss_rpn_cls: 0.0098, loss_rpn_bbox: 0.0145, loss_cls: 0.1286, acc: 95.6255, loss_bbox: 0.1616, loss: 0.3145
2021-01-11 21:40:09,415 - mmdet - INFO - Epoch [2][850/6207]	lr: 2.000e-02, eta: 6:33:18, time: 0.350, data_time: 0.095, memory: 2703, loss_rpn_cls: 0.0115, loss_rpn_bbox: 0.0144, loss_cls: 0.1408, acc: 95.3682, loss_bbox: 0.1758, loss: 0.3424
2021-01-11 21:40:26,981 - mmdet - INFO - Epoch [2][900/6207]	lr: 2.000e-02, eta: 6:33:01, time: 0.351, data_time: 0.094, memory: 2703, loss_rpn_cls: 0.0127, loss_rpn_bbox: 0.0156, loss_cls: 0.1390, acc: 95.2651, loss_bbox: 0.1756, loss: 0.3429
2021-01-11 21:40:44,375 - mmdet - INFO - Epoch [2][950/6207]	lr: 2.000e-02, eta: 6:32:43, time: 0.348, data_time: 0.090, memory: 2703, loss_rpn_cls: 0.0139, loss_rpn_bbox: 0.0163, loss_cls: 0.1402, acc: 95.2900, loss_bbox: 0.1739, loss: 0.3444
2021-01-11 21:41:01,817 - mmdet - INFO - Epoch [2][1000/6207]	lr: 2.000e-02, eta: 6:32:25, time: 0.349, data_time: 0.092, memory: 2703, loss_rpn_cls: 0.0128, loss_rpn_bbox: 0.0141, loss_cls: 0.1326, acc: 95.5171, loss_bbox: 0.1708, loss: 0.3302
2021-01-11 21:41:19,288 - mmdet - INFO - Epoch [2][1050/6207]	lr: 2.000e-02, eta: 6:32:07, time: 0.350, data_time: 0.094, memory: 2703, loss_rpn_cls: 0.0126, loss_rpn_bbox: 0.0135, loss_cls: 0.1325, acc: 95.5864, loss_bbox: 0.1592, loss: 0.3178
2021-01-11 21:41:36,702 - mmdet - INFO - Epoch [2][1100/6207]	lr: 2.000e-02, eta: 6:31:49, time: 0.348, data_time: 0.090, memory: 2703, loss_rpn_cls: 0.0138, loss_rpn_bbox: 0.0164, loss_cls: 0.1463, acc: 95.1152, loss_bbox: 0.1776, loss: 0.3541
2021-01-11 21:41:54,230 - mmdet - INFO - Epoch [2][1150/6207]	lr: 2.000e-02, eta: 6:31:32, time: 0.351, data_time: 0.094, memory: 2703, loss_rpn_cls: 0.0127, loss_rpn_bbox: 0.0135, loss_cls: 0.1373, acc: 95.4141, loss_bbox: 0.1683, loss: 0.3318
2021-01-11 21:42:11,660 - mmdet - INFO - Epoch [2][1200/6207]	lr: 2.000e-02, eta: 6:31:13, time: 0.348, data_time: 0.095, memory: 2703, loss_rpn_cls: 0.0123, loss_rpn_bbox: 0.0132, loss_cls: 0.1322, acc: 95.4751, loss_bbox: 0.1660, loss: 0.3237
2021-01-11 21:42:29,242 - mmdet - INFO - Epoch [2][1250/6207]	lr: 2.000e-02, eta: 6:30:57, time: 0.352, data_time: 0.093, memory: 2703, loss_rpn_cls: 0.0150, loss_rpn_bbox: 0.0148, loss_cls: 0.1368, acc: 95.3765, loss_bbox: 0.1720, loss: 0.3386
2021-01-11 21:42:46,736 - mmdet - INFO - Epoch [2][1300/6207]	lr: 2.000e-02, eta: 6:30:39, time: 0.350, data_time: 0.093, memory: 2703, loss_rpn_cls: 0.0149, loss_rpn_bbox: 0.0156, loss_cls: 0.1339, acc: 95.3398, loss_bbox: 0.1718, loss: 0.3362
2021-01-11 21:43:04,326 - mmdet - INFO - Epoch [2][1350/6207]	lr: 2.000e-02, eta: 6:30:22, time: 0.352, data_time: 0.096, memory: 2703, loss_rpn_cls: 0.0091, loss_rpn_bbox: 0.0131, loss_cls: 0.1263, acc: 95.5923, loss_bbox: 0.1701, loss: 0.3186
2021-01-11 21:43:21,854 - mmdet - INFO - Epoch [2][1400/6207]	lr: 2.000e-02, eta: 6:30:05, time: 0.350, data_time: 0.093, memory: 2703, loss_rpn_cls: 0.0125, loss_rpn_bbox: 0.0159, loss_cls: 0.1372, acc: 95.2700, loss_bbox: 0.1753, loss: 0.3410
2021-01-11 21:43:39,395 - mmdet - INFO - Epoch [2][1450/6207]	lr: 2.000e-02, eta: 6:29:48, time: 0.351, data_time: 0.093, memory: 2703, loss_rpn_cls: 0.0130, loss_rpn_bbox: 0.0156, loss_cls: 0.1287, acc: 95.4810, loss_bbox: 0.1713, loss: 0.3287
2021-01-11 21:43:56,768 - mmdet - INFO - Epoch [2][1500/6207]	lr: 2.000e-02, eta: 6:29:29, time: 0.347, data_time: 0.092, memory: 2703, loss_rpn_cls: 0.0127, loss_rpn_bbox: 0.0149, loss_cls: 0.1428, acc: 95.1377, loss_bbox: 0.1891, loss: 0.3595
2021-01-11 21:44:14,266 - mmdet - INFO - Epoch [2][1550/6207]	lr: 2.000e-02, eta: 6:29:12, time: 0.350, data_time: 0.095, memory: 2703, loss_rpn_cls: 0.0117, loss_rpn_bbox: 0.0148, loss_cls: 0.1330, acc: 95.4961, loss_bbox: 0.1721, loss: 0.3316
2021-01-11 21:44:31,708 - mmdet - INFO - Epoch [2][1600/6207]	lr: 2.000e-02, eta: 6:28:54, time: 0.349, data_time: 0.095, memory: 2703, loss_rpn_cls: 0.0134, loss_rpn_bbox: 0.0146, loss_cls: 0.1291, acc: 95.6069, loss_bbox: 0.1561, loss: 0.3132
2021-01-11 21:44:49,127 - mmdet - INFO - Epoch [2][1650/6207]	lr: 2.000e-02, eta: 6:28:36, time: 0.348, data_time: 0.093, memory: 2703, loss_rpn_cls: 0.0116, loss_rpn_bbox: 0.0145, loss_cls: 0.1356, acc: 95.3813, loss_bbox: 0.1729, loss: 0.3346
2021-01-11 21:45:06,590 - mmdet - INFO - Epoch [2][1700/6207]	lr: 2.000e-02, eta: 6:28:18, time: 0.349, data_time: 0.095, memory: 2703, loss_rpn_cls: 0.0138, loss_rpn_bbox: 0.0146, loss_cls: 0.1266, acc: 95.6401, loss_bbox: 0.1629, loss: 0.3180
2021-01-11 21:45:24,014 - mmdet - INFO - Epoch [2][1750/6207]	lr: 2.000e-02, eta: 6:28:00, time: 0.348, data_time: 0.098, memory: 2703, loss_rpn_cls: 0.0131, loss_rpn_bbox: 0.0149, loss_cls: 0.1265, acc: 95.6577, loss_bbox: 0.1636, loss: 0.3182
2021-01-11 21:45:41,523 - mmdet - INFO - Epoch [2][1800/6207]	lr: 2.000e-02, eta: 6:27:42, time: 0.350, data_time: 0.090, memory: 2703, loss_rpn_cls: 0.0104, loss_rpn_bbox: 0.0153, loss_cls: 0.1210, acc: 95.8198, loss_bbox: 0.1613, loss: 0.3079
2021-01-11 21:45:58,974 - mmdet - INFO - Epoch [2][1850/6207]	lr: 2.000e-02, eta: 6:27:25, time: 0.349, data_time: 0.094, memory: 2703, loss_rpn_cls: 0.0120, loss_rpn_bbox: 0.0145, loss_cls: 0.1266, acc: 95.6265, loss_bbox: 0.1614, loss: 0.3145
2021-01-11 21:46:16,430 - mmdet - INFO - Epoch [2][1900/6207]	lr: 2.000e-02, eta: 6:27:07, time: 0.349, data_time: 0.092, memory: 2703, loss_rpn_cls: 0.0097, loss_rpn_bbox: 0.0136, loss_cls: 0.1179, acc: 95.9033, loss_bbox: 0.1629, loss: 0.3041
2021-01-11 21:46:33,860 - mmdet - INFO - Epoch [2][1950/6207]	lr: 2.000e-02, eta: 6:26:49, time: 0.348, data_time: 0.094, memory: 2703, loss_rpn_cls: 0.0145, loss_rpn_bbox: 0.0150, loss_cls: 0.1347, acc: 95.4746, loss_bbox: 0.1705, loss: 0.3347
2021-01-11 21:46:51,326 - mmdet - INFO - Epoch [2][2000/6207]	lr: 2.000e-02, eta: 6:26:31, time: 0.349, data_time: 0.093, memory: 2703, loss_rpn_cls: 0.0117, loss_rpn_bbox: 0.0148, loss_cls: 0.1239, acc: 95.7773, loss_bbox: 0.1645, loss: 0.3149
2021-01-11 21:47:08,822 - mmdet - INFO - Epoch [2][2050/6207]	lr: 2.000e-02, eta: 6:26:13, time: 0.350, data_time: 0.094, memory: 2703, loss_rpn_cls: 0.0122, loss_rpn_bbox: 0.0144, loss_cls: 0.1162, acc: 95.9961, loss_bbox: 0.1512, loss: 0.2940
2021-01-11 21:47:26,361 - mmdet - INFO - Epoch [2][2100/6207]	lr: 2.000e-02, eta: 6:25:56, time: 0.351, data_time: 0.092, memory: 2703, loss_rpn_cls: 0.0120, loss_rpn_bbox: 0.0162, loss_cls: 0.1235, acc: 95.7593, loss_bbox: 0.1649, loss: 0.3166
2021-01-11 21:47:43,843 - mmdet - INFO - Epoch [2][2150/6207]	lr: 2.000e-02, eta: 6:25:39, time: 0.350, data_time: 0.095, memory: 2703, loss_rpn_cls: 0.0125, loss_rpn_bbox: 0.0155, loss_cls: 0.1203, acc: 95.7979, loss_bbox: 0.1614, loss: 0.3096
2021-01-11 21:48:01,315 - mmdet - INFO - Epoch [2][2200/6207]	lr: 2.000e-02, eta: 6:25:21, time: 0.349, data_time: 0.095, memory: 2703, loss_rpn_cls: 0.0120, loss_rpn_bbox: 0.0133, loss_cls: 0.1230, acc: 95.8623, loss_bbox: 0.1562, loss: 0.3045
2021-01-11 21:48:18,724 - mmdet - INFO - Epoch [2][2250/6207]	lr: 2.000e-02, eta: 6:25:03, time: 0.348, data_time: 0.090, memory: 2703, loss_rpn_cls: 0.0113, loss_rpn_bbox: 0.0140, loss_cls: 0.1224, acc: 95.7803, loss_bbox: 0.1645, loss: 0.3121
2021-01-11 21:48:36,133 - mmdet - INFO - Epoch [2][2300/6207]	lr: 2.000e-02, eta: 6:24:45, time: 0.348, data_time: 0.094, memory: 2703, loss_rpn_cls: 0.0135, loss_rpn_bbox: 0.0156, loss_cls: 0.1323, acc: 95.4941, loss_bbox: 0.1623, loss: 0.3237
2021-01-11 21:48:53,656 - mmdet - INFO - Epoch [2][2350/6207]	lr: 2.000e-02, eta: 6:24:27, time: 0.351, data_time: 0.093, memory: 2703, loss_rpn_cls: 0.0111, loss_rpn_bbox: 0.0141, loss_cls: 0.1181, acc: 95.8770, loss_bbox: 0.1569, loss: 0.3002
2021-01-11 21:49:11,065 - mmdet - INFO - Epoch [2][2400/6207]	lr: 2.000e-02, eta: 6:24:09, time: 0.348, data_time: 0.096, memory: 2703, loss_rpn_cls: 0.0091, loss_rpn_bbox: 0.0133, loss_cls: 0.1085, acc: 96.2769, loss_bbox: 0.1466, loss: 0.2775
2021-01-11 21:49:28,521 - mmdet - INFO - Epoch [2][2450/6207]	lr: 2.000e-02, eta: 6:23:51, time: 0.349, data_time: 0.093, memory: 2703, loss_rpn_cls: 0.0102, loss_rpn_bbox: 0.0154, loss_cls: 0.1242, acc: 95.8022, loss_bbox: 0.1620, loss: 0.3118
2021-01-11 21:49:46,004 - mmdet - INFO - Epoch [2][2500/6207]	lr: 2.000e-02, eta: 6:23:34, time: 0.350, data_time: 0.095, memory: 2703, loss_rpn_cls: 0.0109, loss_rpn_bbox: 0.0149, loss_cls: 0.1265, acc: 95.7212, loss_bbox: 0.1576, loss: 0.3099
2021-01-11 21:50:03,444 - mmdet - INFO - Epoch [2][2550/6207]	lr: 2.000e-02, eta: 6:23:16, time: 0.349, data_time: 0.097, memory: 2703, loss_rpn_cls: 0.0113, loss_rpn_bbox: 0.0147, loss_cls: 0.1257, acc: 95.7437, loss_bbox: 0.1669, loss: 0.3186
2021-01-11 21:50:20,890 - mmdet - INFO - Epoch [2][2600/6207]	lr: 2.000e-02, eta: 6:22:58, time: 0.349, data_time: 0.095, memory: 2703, loss_rpn_cls: 0.0105, loss_rpn_bbox: 0.0146, loss_cls: 0.1247, acc: 95.6738, loss_bbox: 0.1648, loss: 0.3146
2021-01-11 21:50:38,312 - mmdet - INFO - Epoch [2][2650/6207]	lr: 2.000e-02, eta: 6:22:40, time: 0.348, data_time: 0.094, memory: 2703, loss_rpn_cls: 0.0098, loss_rpn_bbox: 0.0158, loss_cls: 0.1299, acc: 95.4385, loss_bbox: 0.1757, loss: 0.3312
2021-01-11 21:50:55,776 - mmdet - INFO - Epoch [2][2700/6207]	lr: 2.000e-02, eta: 6:22:22, time: 0.349, data_time: 0.097, memory: 2703, loss_rpn_cls: 0.0136, loss_rpn_bbox: 0.0157, loss_cls: 0.1370, acc: 95.4697, loss_bbox: 0.1676, loss: 0.3339
2021-01-11 21:51:13,261 - mmdet - INFO - Epoch [2][2750/6207]	lr: 2.000e-02, eta: 6:22:05, time: 0.350, data_time: 0.094, memory: 2703, loss_rpn_cls: 0.0136, loss_rpn_bbox: 0.0138, loss_cls: 0.1360, acc: 95.5415, loss_bbox: 0.1675, loss: 0.3310
2021-01-11 21:51:30,797 - mmdet - INFO - Epoch [2][2800/6207]	lr: 2.000e-02, eta: 6:21:47, time: 0.350, data_time: 0.093, memory: 2703, loss_rpn_cls: 0.0111, loss_rpn_bbox: 0.0138, loss_cls: 0.1359, acc: 95.3296, loss_bbox: 0.1713, loss: 0.3321
2021-01-11 21:51:48,294 - mmdet - INFO - Epoch [2][2850/6207]	lr: 2.000e-02, eta: 6:21:30, time: 0.350, data_time: 0.092, memory: 2703, loss_rpn_cls: 0.0097, loss_rpn_bbox: 0.0130, loss_cls: 0.1213, acc: 95.7578, loss_bbox: 0.1664, loss: 0.3104
2021-01-11 21:52:05,769 - mmdet - INFO - Epoch [2][2900/6207]	lr: 2.000e-02, eta: 6:21:12, time: 0.349, data_time: 0.092, memory: 2703, loss_rpn_cls: 0.0103, loss_rpn_bbox: 0.0154, loss_cls: 0.1313, acc: 95.3428, loss_bbox: 0.1761, loss: 0.3331
2021-01-11 21:52:23,173 - mmdet - INFO - Epoch [2][2950/6207]	lr: 2.000e-02, eta: 6:20:54, time: 0.348, data_time: 0.089, memory: 2703, loss_rpn_cls: 0.0103, loss_rpn_bbox: 0.0147, loss_cls: 0.1268, acc: 95.4624, loss_bbox: 0.1691, loss: 0.3210
2021-01-11 21:52:40,726 - mmdet - INFO - Epoch [2][3000/6207]	lr: 2.000e-02, eta: 6:20:37, time: 0.351, data_time: 0.091, memory: 2703, loss_rpn_cls: 0.0112, loss_rpn_bbox: 0.0158, loss_cls: 0.1279, acc: 95.4927, loss_bbox: 0.1699, loss: 0.3247
2021-01-11 21:52:58,079 - mmdet - INFO - Epoch [2][3050/6207]	lr: 2.000e-02, eta: 6:20:19, time: 0.347, data_time: 0.094, memory: 2703, loss_rpn_cls: 0.0098, loss_rpn_bbox: 0.0137, loss_cls: 0.1282, acc: 95.4946, loss_bbox: 0.1673, loss: 0.3191
2021-01-11 21:53:15,590 - mmdet - INFO - Epoch [2][3100/6207]	lr: 2.000e-02, eta: 6:20:01, time: 0.350, data_time: 0.094, memory: 2703, loss_rpn_cls: 0.0092, loss_rpn_bbox: 0.0137, loss_cls: 0.1260, acc: 95.5674, loss_bbox: 0.1687, loss: 0.3176
2021-01-11 21:53:33,054 - mmdet - INFO - Epoch [2][3150/6207]	lr: 2.000e-02, eta: 6:19:44, time: 0.349, data_time: 0.097, memory: 2703, loss_rpn_cls: 0.0116, loss_rpn_bbox: 0.0150, loss_cls: 0.1257, acc: 95.7310, loss_bbox: 0.1660, loss: 0.3183
2021-01-11 21:53:50,486 - mmdet - INFO - Epoch [2][3200/6207]	lr: 2.000e-02, eta: 6:19:26, time: 0.349, data_time: 0.096, memory: 2703, loss_rpn_cls: 0.0118, loss_rpn_bbox: 0.0153, loss_cls: 0.1373, acc: 95.1528, loss_bbox: 0.1795, loss: 0.3439
2021-01-11 21:54:07,902 - mmdet - INFO - Epoch [2][3250/6207]	lr: 2.000e-02, eta: 6:19:08, time: 0.348, data_time: 0.095, memory: 2703, loss_rpn_cls: 0.0100, loss_rpn_bbox: 0.0158, loss_cls: 0.1275, acc: 95.6650, loss_bbox: 0.1723, loss: 0.3256
2021-01-11 21:54:25,421 - mmdet - INFO - Epoch [2][3300/6207]	lr: 2.000e-02, eta: 6:18:50, time: 0.350, data_time: 0.092, memory: 2703, loss_rpn_cls: 0.0118, loss_rpn_bbox: 0.0151, loss_cls: 0.1272, acc: 95.6069, loss_bbox: 0.1649, loss: 0.3190
2021-01-11 21:54:42,934 - mmdet - INFO - Epoch [2][3350/6207]	lr: 2.000e-02, eta: 6:18:33, time: 0.351, data_time: 0.095, memory: 2703, loss_rpn_cls: 0.0118, loss_rpn_bbox: 0.0161, loss_cls: 0.1459, acc: 95.0562, loss_bbox: 0.1761, loss: 0.3500
2021-01-11 21:55:00,358 - mmdet - INFO - Epoch [2][3400/6207]	lr: 2.000e-02, eta: 6:18:15, time: 0.349, data_time: 0.099, memory: 2703, loss_rpn_cls: 0.0122, loss_rpn_bbox: 0.0142, loss_cls: 0.1329, acc: 95.4805, loss_bbox: 0.1694, loss: 0.3287
2021-01-11 21:55:17,823 - mmdet - INFO - Epoch [2][3450/6207]	lr: 2.000e-02, eta: 6:17:58, time: 0.349, data_time: 0.094, memory: 2703, loss_rpn_cls: 0.0114, loss_rpn_bbox: 0.0146, loss_cls: 0.1365, acc: 95.2686, loss_bbox: 0.1713, loss: 0.3338
2021-01-11 21:55:35,373 - mmdet - INFO - Epoch [2][3500/6207]	lr: 2.000e-02, eta: 6:17:40, time: 0.351, data_time: 0.098, memory: 2703, loss_rpn_cls: 0.0115, loss_rpn_bbox: 0.0153, loss_cls: 0.1306, acc: 95.5835, loss_bbox: 0.1718, loss: 0.3292
2021-01-11 21:55:52,846 - mmdet - INFO - Epoch [2][3550/6207]	lr: 2.000e-02, eta: 6:17:23, time: 0.350, data_time: 0.097, memory: 2703, loss_rpn_cls: 0.0140, loss_rpn_bbox: 0.0139, loss_cls: 0.1351, acc: 95.4443, loss_bbox: 0.1654, loss: 0.3284
2021-01-11 21:56:10,291 - mmdet - INFO - Epoch [2][3600/6207]	lr: 2.000e-02, eta: 6:17:05, time: 0.348, data_time: 0.095, memory: 2703, loss_rpn_cls: 0.0146, loss_rpn_bbox: 0.0162, loss_cls: 0.1391, acc: 95.3540, loss_bbox: 0.1713, loss: 0.3411
2021-01-11 21:56:27,855 - mmdet - INFO - Epoch [2][3650/6207]	lr: 2.000e-02, eta: 6:16:48, time: 0.351, data_time: 0.092, memory: 2703, loss_rpn_cls: 0.0110, loss_rpn_bbox: 0.0132, loss_cls: 0.1131, acc: 96.0405, loss_bbox: 0.1587, loss: 0.2959
2021-01-11 21:56:45,266 - mmdet - INFO - Epoch [2][3700/6207]	lr: 2.000e-02, eta: 6:16:30, time: 0.348, data_time: 0.091, memory: 2703, loss_rpn_cls: 0.0134, loss_rpn_bbox: 0.0156, loss_cls: 0.1324, acc: 95.3979, loss_bbox: 0.1667, loss: 0.3281
2021-01-11 21:57:02,736 - mmdet - INFO - Epoch [2][3750/6207]	lr: 2.000e-02, eta: 6:16:12, time: 0.350, data_time: 0.098, memory: 2703, loss_rpn_cls: 0.0112, loss_rpn_bbox: 0.0145, loss_cls: 0.1270, acc: 95.6836, loss_bbox: 0.1647, loss: 0.3175
2021-01-11 21:57:20,256 - mmdet - INFO - Epoch [2][3800/6207]	lr: 2.000e-02, eta: 6:15:55, time: 0.351, data_time: 0.096, memory: 2703, loss_rpn_cls: 0.0096, loss_rpn_bbox: 0.0130, loss_cls: 0.1127, acc: 95.9453, loss_bbox: 0.1590, loss: 0.2943
2021-01-11 21:57:37,716 - mmdet - INFO - Epoch [2][3850/6207]	lr: 2.000e-02, eta: 6:15:37, time: 0.349, data_time: 0.097, memory: 2703, loss_rpn_cls: 0.0110, loss_rpn_bbox: 0.0142, loss_cls: 0.1325, acc: 95.5015, loss_bbox: 0.1669, loss: 0.3247
2021-01-11 21:57:55,229 - mmdet - INFO - Epoch [2][3900/6207]	lr: 2.000e-02, eta: 6:15:20, time: 0.350, data_time: 0.094, memory: 2703, loss_rpn_cls: 0.0101, loss_rpn_bbox: 0.0136, loss_cls: 0.1270, acc: 95.5840, loss_bbox: 0.1589, loss: 0.3096
2021-01-11 21:58:12,722 - mmdet - INFO - Epoch [2][3950/6207]	lr: 2.000e-02, eta: 6:15:02, time: 0.350, data_time: 0.097, memory: 2703, loss_rpn_cls: 0.0106, loss_rpn_bbox: 0.0129, loss_cls: 0.1177, acc: 95.9678, loss_bbox: 0.1530, loss: 0.2942
2021-01-11 21:58:30,219 - mmdet - INFO - Epoch [2][4000/6207]	lr: 2.000e-02, eta: 6:14:45, time: 0.350, data_time: 0.099, memory: 2703, loss_rpn_cls: 0.0089, loss_rpn_bbox: 0.0142, loss_cls: 0.1186, acc: 95.7817, loss_bbox: 0.1639, loss: 0.3056
2021-01-11 21:58:47,761 - mmdet - INFO - Epoch [2][4050/6207]	lr: 2.000e-02, eta: 6:14:28, time: 0.351, data_time: 0.095, memory: 2703, loss_rpn_cls: 0.0096, loss_rpn_bbox: 0.0133, loss_cls: 0.1218, acc: 95.8511, loss_bbox: 0.1530, loss: 0.2978
2021-01-11 21:59:05,381 - mmdet - INFO - Epoch [2][4100/6207]	lr: 2.000e-02, eta: 6:14:11, time: 0.352, data_time: 0.093, memory: 2703, loss_rpn_cls: 0.0098, loss_rpn_bbox: 0.0137, loss_cls: 0.1231, acc: 95.6523, loss_bbox: 0.1660, loss: 0.3126
2021-01-11 21:59:22,841 - mmdet - INFO - Epoch [2][4150/6207]	lr: 2.000e-02, eta: 6:13:53, time: 0.349, data_time: 0.091, memory: 2703, loss_rpn_cls: 0.0121, loss_rpn_bbox: 0.0149, loss_cls: 0.1361, acc: 95.3252, loss_bbox: 0.1718, loss: 0.3349
2021-01-11 21:59:40,252 - mmdet - INFO - Epoch [2][4200/6207]	lr: 2.000e-02, eta: 6:13:35, time: 0.348, data_time: 0.092, memory: 2703, loss_rpn_cls: 0.0101, loss_rpn_bbox: 0.0130, loss_cls: 0.1209, acc: 95.9282, loss_bbox: 0.1518, loss: 0.2958
2021-01-11 21:59:57,664 - mmdet - INFO - Epoch [2][4250/6207]	lr: 2.000e-02, eta: 6:13:17, time: 0.348, data_time: 0.085, memory: 2703, loss_rpn_cls: 0.0122, loss_rpn_bbox: 0.0141, loss_cls: 0.1310, acc: 95.6421, loss_bbox: 0.1654, loss: 0.3228
2021-01-11 22:00:15,103 - mmdet - INFO - Epoch [2][4300/6207]	lr: 2.000e-02, eta: 6:13:00, time: 0.349, data_time: 0.096, memory: 2703, loss_rpn_cls: 0.0102, loss_rpn_bbox: 0.0126, loss_cls: 0.1145, acc: 95.8623, loss_bbox: 0.1569, loss: 0.2942
2021-01-11 22:00:32,451 - mmdet - INFO - Epoch [2][4350/6207]	lr: 2.000e-02, eta: 6:12:41, time: 0.347, data_time: 0.093, memory: 2703, loss_rpn_cls: 0.0104, loss_rpn_bbox: 0.0138, loss_cls: 0.1134, acc: 96.1538, loss_bbox: 0.1483, loss: 0.2860
2021-01-11 22:00:49,974 - mmdet - INFO - Epoch [2][4400/6207]	lr: 2.000e-02, eta: 6:12:24, time: 0.351, data_time: 0.090, memory: 2703, loss_rpn_cls: 0.0126, loss_rpn_bbox: 0.0139, loss_cls: 0.1220, acc: 95.7832, loss_bbox: 0.1639, loss: 0.3124
2021-01-11 22:01:07,378 - mmdet - INFO - Epoch [2][4450/6207]	lr: 2.000e-02, eta: 6:12:06, time: 0.348, data_time: 0.096, memory: 2703, loss_rpn_cls: 0.0110, loss_rpn_bbox: 0.0130, loss_cls: 0.1155, acc: 95.9961, loss_bbox: 0.1543, loss: 0.2937
2021-01-11 22:01:24,897 - mmdet - INFO - Epoch [2][4500/6207]	lr: 2.000e-02, eta: 6:11:49, time: 0.351, data_time: 0.095, memory: 2703, loss_rpn_cls: 0.0104, loss_rpn_bbox: 0.0135, loss_cls: 0.1223, acc: 95.7256, loss_bbox: 0.1609, loss: 0.3071
2021-01-11 22:01:42,314 - mmdet - INFO - Epoch [2][4550/6207]	lr: 2.000e-02, eta: 6:11:31, time: 0.348, data_time: 0.093, memory: 2703, loss_rpn_cls: 0.0106, loss_rpn_bbox: 0.0131, loss_cls: 0.1209, acc: 95.8286, loss_bbox: 0.1541, loss: 0.2986
2021-01-11 22:01:59,672 - mmdet - INFO - Epoch [2][4600/6207]	lr: 2.000e-02, eta: 6:11:13, time: 0.347, data_time: 0.096, memory: 2703, loss_rpn_cls: 0.0122, loss_rpn_bbox: 0.0144, loss_cls: 0.1229, acc: 95.7139, loss_bbox: 0.1620, loss: 0.3115
2021-01-11 22:02:17,124 - mmdet - INFO - Epoch [2][4650/6207]	lr: 2.000e-02, eta: 6:10:55, time: 0.348, data_time: 0.092, memory: 2703, loss_rpn_cls: 0.0121, loss_rpn_bbox: 0.0131, loss_cls: 0.1233, acc: 95.7759, loss_bbox: 0.1597, loss: 0.3082
2021-01-11 22:02:34,607 - mmdet - INFO - Epoch [2][4700/6207]	lr: 2.000e-02, eta: 6:10:37, time: 0.350, data_time: 0.096, memory: 2703, loss_rpn_cls: 0.0085, loss_rpn_bbox: 0.0123, loss_cls: 0.1199, acc: 95.8867, loss_bbox: 0.1505, loss: 0.2913
2021-01-11 22:02:52,141 - mmdet - INFO - Epoch [2][4750/6207]	lr: 2.000e-02, eta: 6:10:20, time: 0.350, data_time: 0.098, memory: 2703, loss_rpn_cls: 0.0104, loss_rpn_bbox: 0.0133, loss_cls: 0.1183, acc: 95.9736, loss_bbox: 0.1529, loss: 0.2948
2021-01-11 22:03:09,683 - mmdet - INFO - Epoch [2][4800/6207]	lr: 2.000e-02, eta: 6:10:03, time: 0.351, data_time: 0.093, memory: 2703, loss_rpn_cls: 0.0097, loss_rpn_bbox: 0.0142, loss_cls: 0.1279, acc: 95.5854, loss_bbox: 0.1711, loss: 0.3229
2021-01-11 22:03:27,093 - mmdet - INFO - Epoch [2][4850/6207]	lr: 2.000e-02, eta: 6:09:45, time: 0.348, data_time: 0.097, memory: 2703, loss_rpn_cls: 0.0100, loss_rpn_bbox: 0.0133, loss_cls: 0.1256, acc: 95.7803, loss_bbox: 0.1619, loss: 0.3108
2021-01-11 22:03:44,562 - mmdet - INFO - Epoch [2][4900/6207]	lr: 2.000e-02, eta: 6:09:27, time: 0.349, data_time: 0.095, memory: 2703, loss_rpn_cls: 0.0094, loss_rpn_bbox: 0.0139, loss_cls: 0.1193, acc: 95.8857, loss_bbox: 0.1586, loss: 0.3012
2021-01-11 22:04:01,938 - mmdet - INFO - Epoch [2][4950/6207]	lr: 2.000e-02, eta: 6:09:09, time: 0.348, data_time: 0.092, memory: 2703, loss_rpn_cls: 0.0078, loss_rpn_bbox: 0.0123, loss_cls: 0.1067, acc: 96.2554, loss_bbox: 0.1460, loss: 0.2728
2021-01-11 22:04:19,461 - mmdet - INFO - Epoch [2][5000/6207]	lr: 2.000e-02, eta: 6:08:52, time: 0.350, data_time: 0.097, memory: 2703, loss_rpn_cls: 0.0126, loss_rpn_bbox: 0.0163, loss_cls: 0.1268, acc: 95.6353, loss_bbox: 0.1738, loss: 0.3295
2021-01-11 22:04:36,885 - mmdet - INFO - Epoch [2][5050/6207]	lr: 2.000e-02, eta: 6:08:34, time: 0.348, data_time: 0.092, memory: 2703, loss_rpn_cls: 0.0109, loss_rpn_bbox: 0.0137, loss_cls: 0.1301, acc: 95.4985, loss_bbox: 0.1718, loss: 0.3265
2021-01-11 22:04:54,458 - mmdet - INFO - Epoch [2][5100/6207]	lr: 2.000e-02, eta: 6:08:17, time: 0.351, data_time: 0.091, memory: 2703, loss_rpn_cls: 0.0111, loss_rpn_bbox: 0.0150, loss_cls: 0.1324, acc: 95.4727, loss_bbox: 0.1738, loss: 0.3323
2021-01-11 22:05:11,939 - mmdet - INFO - Epoch [2][5150/6207]	lr: 2.000e-02, eta: 6:07:59, time: 0.350, data_time: 0.097, memory: 2703, loss_rpn_cls: 0.0102, loss_rpn_bbox: 0.0141, loss_cls: 0.1290, acc: 95.5562, loss_bbox: 0.1643, loss: 0.3177
2021-01-11 22:05:29,381 - mmdet - INFO - Epoch [2][5200/6207]	lr: 2.000e-02, eta: 6:07:42, time: 0.349, data_time: 0.091, memory: 2703, loss_rpn_cls: 0.0090, loss_rpn_bbox: 0.0143, loss_cls: 0.1219, acc: 95.7363, loss_bbox: 0.1668, loss: 0.3121
2021-01-11 22:05:46,873 - mmdet - INFO - Epoch [2][5250/6207]	lr: 2.000e-02, eta: 6:07:24, time: 0.350, data_time: 0.092, memory: 2703, loss_rpn_cls: 0.0081, loss_rpn_bbox: 0.0135, loss_cls: 0.1257, acc: 95.6099, loss_bbox: 0.1654, loss: 0.3127
2021-01-11 22:06:04,332 - mmdet - INFO - Epoch [2][5300/6207]	lr: 2.000e-02, eta: 6:07:07, time: 0.349, data_time: 0.095, memory: 2703, loss_rpn_cls: 0.0106, loss_rpn_bbox: 0.0125, loss_cls: 0.1330, acc: 95.5361, loss_bbox: 0.1579, loss: 0.3140
2021-01-11 22:06:21,858 - mmdet - INFO - Epoch [2][5350/6207]	lr: 2.000e-02, eta: 6:06:49, time: 0.350, data_time: 0.093, memory: 2703, loss_rpn_cls: 0.0106, loss_rpn_bbox: 0.0136, loss_cls: 0.1228, acc: 95.7568, loss_bbox: 0.1616, loss: 0.3086
2021-01-11 22:06:39,396 - mmdet - INFO - Epoch [2][5400/6207]	lr: 2.000e-02, eta: 6:06:32, time: 0.351, data_time: 0.096, memory: 2703, loss_rpn_cls: 0.0111, loss_rpn_bbox: 0.0141, loss_cls: 0.1236, acc: 95.6792, loss_bbox: 0.1638, loss: 0.3126
2021-01-11 22:06:56,834 - mmdet - INFO - Epoch [2][5450/6207]	lr: 2.000e-02, eta: 6:06:14, time: 0.349, data_time: 0.098, memory: 2703, loss_rpn_cls: 0.0102, loss_rpn_bbox: 0.0141, loss_cls: 0.1147, acc: 95.9912, loss_bbox: 0.1565, loss: 0.2955
2021-01-11 22:07:14,293 - mmdet - INFO - Epoch [2][5500/6207]	lr: 2.000e-02, eta: 6:05:57, time: 0.349, data_time: 0.094, memory: 2703, loss_rpn_cls: 0.0099, loss_rpn_bbox: 0.0121, loss_cls: 0.1181, acc: 95.9956, loss_bbox: 0.1524, loss: 0.2925
2021-01-11 22:07:31,713 - mmdet - INFO - Epoch [2][5550/6207]	lr: 2.000e-02, eta: 6:05:39, time: 0.348, data_time: 0.097, memory: 2703, loss_rpn_cls: 0.0101, loss_rpn_bbox: 0.0132, loss_cls: 0.1120, acc: 96.1108, loss_bbox: 0.1488, loss: 0.2842
2021-01-11 22:07:49,154 - mmdet - INFO - Epoch [2][5600/6207]	lr: 2.000e-02, eta: 6:05:21, time: 0.349, data_time: 0.091, memory: 2703, loss_rpn_cls: 0.0099, loss_rpn_bbox: 0.0136, loss_cls: 0.1219, acc: 95.7378, loss_bbox: 0.1546, loss: 0.3000
2021-01-11 22:08:06,649 - mmdet - INFO - Epoch [2][5650/6207]	lr: 2.000e-02, eta: 6:05:04, time: 0.350, data_time: 0.092, memory: 2703, loss_rpn_cls: 0.0088, loss_rpn_bbox: 0.0131, loss_cls: 0.1100, acc: 96.1479, loss_bbox: 0.1501, loss: 0.2819
2021-01-11 22:08:24,118 - mmdet - INFO - Epoch [2][5700/6207]	lr: 2.000e-02, eta: 6:04:46, time: 0.349, data_time: 0.093, memory: 2703, loss_rpn_cls: 0.0085, loss_rpn_bbox: 0.0129, loss_cls: 0.1129, acc: 96.0039, loss_bbox: 0.1507, loss: 0.2850
2021-01-11 22:08:41,593 - mmdet - INFO - Epoch [2][5750/6207]	lr: 2.000e-02, eta: 6:04:28, time: 0.350, data_time: 0.092, memory: 2703, loss_rpn_cls: 0.0102, loss_rpn_bbox: 0.0145, loss_cls: 0.1230, acc: 95.7202, loss_bbox: 0.1678, loss: 0.3155
2021-01-11 22:08:58,958 - mmdet - INFO - Epoch [2][5800/6207]	lr: 2.000e-02, eta: 6:04:10, time: 0.347, data_time: 0.091, memory: 2703, loss_rpn_cls: 0.0077, loss_rpn_bbox: 0.0120, loss_cls: 0.1129, acc: 96.0625, loss_bbox: 0.1438, loss: 0.2764
2021-01-11 22:09:16,506 - mmdet - INFO - Epoch [2][5850/6207]	lr: 2.000e-02, eta: 6:03:53, time: 0.351, data_time: 0.093, memory: 2703, loss_rpn_cls: 0.0083, loss_rpn_bbox: 0.0131, loss_cls: 0.1076, acc: 96.1802, loss_bbox: 0.1548, loss: 0.2838
2021-01-11 22:09:34,006 - mmdet - INFO - Epoch [2][5900/6207]	lr: 2.000e-02, eta: 6:03:36, time: 0.350, data_time: 0.093, memory: 2703, loss_rpn_cls: 0.0096, loss_rpn_bbox: 0.0129, loss_cls: 0.1157, acc: 96.0190, loss_bbox: 0.1517, loss: 0.2899
2021-01-11 22:09:51,447 - mmdet - INFO - Epoch [2][5950/6207]	lr: 2.000e-02, eta: 6:03:18, time: 0.349, data_time: 0.094, memory: 2703, loss_rpn_cls: 0.0088, loss_rpn_bbox: 0.0131, loss_cls: 0.1133, acc: 96.0176, loss_bbox: 0.1575, loss: 0.2927
2021-01-11 22:10:08,942 - mmdet - INFO - Epoch [2][6000/6207]	lr: 2.000e-02, eta: 6:03:00, time: 0.350, data_time: 0.094, memory: 2703, loss_rpn_cls: 0.0096, loss_rpn_bbox: 0.0136, loss_cls: 0.1210, acc: 95.8281, loss_bbox: 0.1560, loss: 0.3003
2021-01-11 22:10:26,395 - mmdet - INFO - Epoch [2][6050/6207]	lr: 2.000e-02, eta: 6:02:43, time: 0.349, data_time: 0.099, memory: 2703, loss_rpn_cls: 0.0081, loss_rpn_bbox: 0.0127, loss_cls: 0.1094, acc: 96.1694, loss_bbox: 0.1477, loss: 0.2780
2021-01-11 22:10:43,791 - mmdet - INFO - Epoch [2][6100/6207]	lr: 2.000e-02, eta: 6:02:25, time: 0.348, data_time: 0.092, memory: 2703, loss_rpn_cls: 0.0094, loss_rpn_bbox: 0.0127, loss_cls: 0.1094, acc: 96.1035, loss_bbox: 0.1511, loss: 0.2825
2021-01-11 22:11:01,209 - mmdet - INFO - Epoch [2][6150/6207]	lr: 2.000e-02, eta: 6:02:07, time: 0.349, data_time: 0.097, memory: 2703, loss_rpn_cls: 0.0085, loss_rpn_bbox: 0.0146, loss_cls: 0.1091, acc: 96.1367, loss_bbox: 0.1484, loss: 0.2806
2021-01-11 22:11:18,727 - mmdet - INFO - Epoch [2][6200/6207]	lr: 2.000e-02, eta: 6:01:50, time: 0.350, data_time: 0.089, memory: 2703, loss_rpn_cls: 0.0099, loss_rpn_bbox: 0.0144, loss_cls: 0.1074, acc: 96.0713, loss_bbox: 0.1544, loss: 0.2861
2021-01-11 22:11:21,146 - mmdet - INFO - Saving checkpoint at 2 epochs
