2021-01-11 20:51:40,744 - mmdet - INFO - Environment info:
------------------------------------------------------------
sys.platform: linux
Python: 3.6.12 |Anaconda, Inc.| (default, Sep  8 2020, 23:10:56) [GCC 7.3.0]
CUDA available: True
GPU 0,1,2,3: GeForce RTX 2080 Ti
CUDA_HOME: /usr/local/cuda
NVCC: Cuda compilation tools, release 10.0, V10.0.130
GCC: gcc (Ubuntu 5.4.0-6ubuntu1~16.04.11) 5.4.0 20160609
PyTorch: 1.4.0
PyTorch compiling details: PyTorch built with:
  - GCC 7.3
  - Intel(R) Math Kernel Library Version 2020.0.2 Product Build 20200624 for Intel(R) 64 architecture applications
  - Intel(R) MKL-DNN v0.21.1 (Git Hash 7d2fd500bc78936d1d648ca713b901012f470dbc)
  - OpenMP 201511 (a.k.a. OpenMP 4.5)
  - NNPACK is enabled
  - CUDA Runtime 10.0
  - NVCC architecture flags: -gencode;arch=compute_37,code=sm_37;-gencode;arch=compute_50,code=sm_50;-gencode;arch=compute_60,code=sm_60;-gencode;arch=compute_61,code=sm_61;-gencode;arch=compute_70,code=sm_70;-gencode;arch=compute_75,code=sm_75;-gencode;arch=compute_37,code=compute_37
  - CuDNN 7.6.3
  - Magma 2.5.1
  - Build settings: BLAS=MKL, BUILD_NAMEDTENSOR=OFF, BUILD_TYPE=Release, CXX_FLAGS= -Wno-deprecated -fvisibility-inlines-hidden -fopenmp -DUSE_FBGEMM -DUSE_QNNPACK -DUSE_PYTORCH_QNNPACK -O2 -fPIC -Wno-narrowing -Wall -Wextra -Wno-missing-field-initializers -Wno-type-limits -Wno-array-bounds -Wno-unknown-pragmas -Wno-sign-compare -Wno-unused-parameter -Wno-unused-variable -Wno-unused-function -Wno-unused-result -Wno-strict-overflow -Wno-strict-aliasing -Wno-error=deprecated-declarations -Wno-stringop-overflow -Wno-error=pedantic -Wno-error=redundant-decls -Wno-error=old-style-cast -fdiagnostics-color=always -faligned-new -Wno-unused-but-set-variable -Wno-maybe-uninitialized -fno-math-errno -fno-trapping-math -Wno-stringop-overflow, DISABLE_NUMA=1, PERF_WITH_AVX=1, PERF_WITH_AVX2=1, PERF_WITH_AVX512=1, USE_CUDA=ON, USE_EXCEPTION_PTR=1, USE_GFLAGS=OFF, USE_GLOG=OFF, USE_MKL=ON, USE_MKLDNN=ON, USE_MPI=OFF, USE_NCCL=ON, USE_NNPACK=ON, USE_OPENMP=ON, USE_STATIC_DISPATCH=OFF, 

TorchVision: 0.5.0
OpenCV: 4.4.0
MMCV: 1.1.5
MMCV Compiler: GCC 7.3
MMCV CUDA Compiler: 10.0
MMDetection: 2.5.0+
------------------------------------------------------------

2021-01-11 20:51:41,149 - mmdet - INFO - Distributed training: True
2021-01-11 20:51:41,553 - mmdet - INFO - Config:
model = dict(
    type='FasterRCNN',
    pretrained='torchvision://resnet50',
    backbone=dict(
        type='ResNet',
        depth=50,
        num_stages=4,
        out_indices=(0, 1, 2, 3),
        frozen_stages=1,
        norm_cfg=dict(type='BN', requires_grad=True),
        norm_eval=True,
        style='pytorch'),
    neck=dict(
        type='FPN_CARAFE_2',
        in_channels=[256, 512, 1024, 2048],
        out_channels=256,
        num_outs=5,
        start_level=0,
        end_level=-1,
        norm_cfg=None,
        act_cfg=None,
        order=('conv', 'norm', 'act'),
        upsample_cfg=dict(
            type='carafe',
            up_kernel=5,
            up_group=1,
            encoder_kernel=3,
            encoder_dilation=1,
            compressed_channels=64)),
    rpn_head=dict(
        type='RPNHead',
        in_channels=256,
        feat_channels=256,
        anchor_generator=dict(
            type='AnchorGenerator',
            scales=[8],
            ratios=[0.5, 1.0, 2.0],
            strides=[4, 8, 16, 32, 64]),
        bbox_coder=dict(
            type='DeltaXYWHBBoxCoder',
            target_means=[0.0, 0.0, 0.0, 0.0],
            target_stds=[1.0, 1.0, 1.0, 1.0]),
        loss_cls=dict(
            type='CrossEntropyLoss', use_sigmoid=True, loss_weight=1.0),
        loss_bbox=dict(type='L1Loss', loss_weight=1.0)),
    roi_head=dict(
        type='StandardRoIHead',
        bbox_roi_extractor=dict(
            type='SingleRoIExtractor',
            roi_layer=dict(type='RoIAlign', output_size=7, sampling_ratio=0),
            out_channels=256,
            featmap_strides=[4, 8, 16, 32]),
        bbox_head=dict(
            type='Shared2FCBBoxHead',
            in_channels=256,
            fc_out_channels=1024,
            roi_feat_size=7,
            num_classes=20,
            bbox_coder=dict(
                type='DeltaXYWHBBoxCoder',
                target_means=[0.0, 0.0, 0.0, 0.0],
                target_stds=[0.1, 0.1, 0.2, 0.2]),
            reg_class_agnostic=False,
            loss_cls=dict(
                type='CrossEntropyLoss', use_sigmoid=False, loss_weight=1.0),
            loss_bbox=dict(type='L1Loss', loss_weight=1.0))))
train_cfg = dict(
    rpn=dict(
        assigner=dict(
            type='MaxIoUAssigner',
            pos_iou_thr=0.7,
            neg_iou_thr=0.3,
            min_pos_iou=0.3,
            match_low_quality=True,
            ignore_iof_thr=-1),
        sampler=dict(
            type='RandomSampler',
            num=256,
            pos_fraction=0.5,
            neg_pos_ub=-1,
            add_gt_as_proposals=False),
        allowed_border=-1,
        pos_weight=-1,
        debug=False),
    rpn_proposal=dict(
        nms_across_levels=False,
        nms_pre=2000,
        nms_post=1000,
        max_num=1000,
        nms_thr=0.7,
        min_bbox_size=0),
    rcnn=dict(
        assigner=dict(
            type='MaxIoUAssigner',
            pos_iou_thr=0.5,
            neg_iou_thr=0.5,
            min_pos_iou=0.5,
            match_low_quality=False,
            ignore_iof_thr=-1),
        sampler=dict(
            type='RandomSampler',
            num=512,
            pos_fraction=0.25,
            neg_pos_ub=-1,
            add_gt_as_proposals=True),
        pos_weight=-1,
        debug=False))
test_cfg = dict(
    rpn=dict(
        nms_across_levels=False,
        nms_pre=1000,
        nms_post=1000,
        max_num=1000,
        nms_thr=0.7,
        min_bbox_size=0),
    rcnn=dict(
        score_thr=0.05,
        nms=dict(type='nms', iou_threshold=0.5),
        max_per_img=100))
dataset_type = 'VOCDataset'
data_root = '../data/voc0712/VOCdevkit/'
img_norm_cfg = dict(
    mean=[123.675, 116.28, 103.53], std=[58.395, 57.12, 57.375], to_rgb=True)
train_pipeline = [
    dict(type='LoadImageFromFile'),
    dict(type='LoadAnnotations', with_bbox=True),
    dict(type='Resize', img_scale=(1333, 800), keep_ratio=True),
    dict(type='RandomFlip', flip_ratio=0.5),
    dict(
        type='Normalize',
        mean=[123.675, 116.28, 103.53],
        std=[58.395, 57.12, 57.375],
        to_rgb=True),
    dict(type='Pad', size_divisor=64),
    dict(type='DefaultFormatBundle'),
    dict(type='Collect', keys=['img', 'gt_bboxes', 'gt_labels'])
]
test_pipeline = [
    dict(type='LoadImageFromFile'),
    dict(
        type='MultiScaleFlipAug',
        img_scale=(1333, 800),
        flip=False,
        transforms=[
            dict(type='Resize', keep_ratio=True),
            dict(type='RandomFlip'),
            dict(
                type='Normalize',
                mean=[123.675, 116.28, 103.53],
                std=[58.395, 57.12, 57.375],
                to_rgb=True),
            dict(type='Pad', size_divisor=64),
            dict(type='ImageToTensor', keys=['img']),
            dict(type='Collect', keys=['img'])
        ])
]
data = dict(
    samples_per_gpu=2,
    workers_per_gpu=0,
    train=dict(
        type='RepeatDataset',
        times=3,
        dataset=dict(
            type='VOCDataset',
            ann_file=[
                '../data/voc0712/VOCdevkit/VOC2007/ImageSets/Main/trainval.txt',
                '../data/voc0712/VOCdevkit/VOC2012/ImageSets/Main/trainval.txt'
            ],
            img_prefix=[
                '../data/voc0712/VOCdevkit/VOC2007/',
                '../data/voc0712/VOCdevkit/VOC2012/'
            ],
            pipeline=[
                dict(type='LoadImageFromFile'),
                dict(type='LoadAnnotations', with_bbox=True),
                dict(type='Resize', img_scale=(1000, 600), keep_ratio=True),
                dict(type='RandomFlip', flip_ratio=0.5),
                dict(
                    type='Normalize',
                    mean=[123.675, 116.28, 103.53],
                    std=[58.395, 57.12, 57.375],
                    to_rgb=True),
                dict(type='Pad', size_divisor=32),
                dict(type='DefaultFormatBundle'),
                dict(type='Collect', keys=['img', 'gt_bboxes', 'gt_labels'])
            ]),
        pipeline=[
            dict(type='LoadImageFromFile'),
            dict(type='LoadAnnotations', with_bbox=True),
            dict(type='Resize', img_scale=(1333, 800), keep_ratio=True),
            dict(type='RandomFlip', flip_ratio=0.5),
            dict(
                type='Normalize',
                mean=[123.675, 116.28, 103.53],
                std=[58.395, 57.12, 57.375],
                to_rgb=True),
            dict(type='Pad', size_divisor=64),
            dict(type='DefaultFormatBundle'),
            dict(type='Collect', keys=['img', 'gt_bboxes', 'gt_labels'])
        ]),
    val=dict(
        type='VOCDataset',
        ann_file='../data/voc0712/VOCdevkit/VOC2007/ImageSets/Main/test.txt',
        img_prefix='../data/voc0712/VOCdevkit/VOC2007/',
        pipeline=[
            dict(type='LoadImageFromFile'),
            dict(
                type='MultiScaleFlipAug',
                img_scale=(1333, 800),
                flip=False,
                transforms=[
                    dict(type='Resize', keep_ratio=True),
                    dict(type='RandomFlip'),
                    dict(
                        type='Normalize',
                        mean=[123.675, 116.28, 103.53],
                        std=[58.395, 57.12, 57.375],
                        to_rgb=True),
                    dict(type='Pad', size_divisor=64),
                    dict(type='ImageToTensor', keys=['img']),
                    dict(type='Collect', keys=['img'])
                ])
        ]),
    test=dict(
        type='VOCDataset',
        ann_file='../data/voc0712/VOCdevkit/VOC2007/ImageSets/Main/test.txt',
        img_prefix='../data/voc0712/VOCdevkit/VOC2007/',
        pipeline=[
            dict(type='LoadImageFromFile'),
            dict(
                type='MultiScaleFlipAug',
                img_scale=(1333, 800),
                flip=False,
                transforms=[
                    dict(type='Resize', keep_ratio=True),
                    dict(type='RandomFlip'),
                    dict(
                        type='Normalize',
                        mean=[123.675, 116.28, 103.53],
                        std=[58.395, 57.12, 57.375],
                        to_rgb=True),
                    dict(type='Pad', size_divisor=64),
                    dict(type='ImageToTensor', keys=['img']),
                    dict(type='Collect', keys=['img'])
                ])
        ]))
evaluation = dict(interval=1, metric='mAP')
optimizer = dict(type='SGD', lr=0.02, momentum=0.9, weight_decay=0.0001)
optimizer_config = dict(grad_clip=None)
lr_config = dict(
    policy='step',
    warmup='linear',
    warmup_iters=500,
    warmup_ratio=0.001,
    step=[8, 11])
total_epochs = 12
checkpoint_config = dict(interval=1)
log_config = dict(interval=50, hooks=[dict(type='TextLoggerHook')])
dist_params = dict(backend='nccl')
log_level = 'INFO'
load_from = None
resume_from = None
workflow = [('train', 1)]
work_dir = './work_dirs/carafe2_voc'
gpu_ids = range(0, 1)

2021-01-11 20:51:41,908 - mmdet - INFO - load model from: torchvision://resnet50
2021-01-11 20:51:45,660 - mmdet - WARNING - The model and loaded state dict do not match exactly

unexpected key in source state_dict: fc.weight, fc.bias

2021-01-11 20:51:48,776 - mmdet - INFO - Start running, host: root@cdbb6ec1461b, work_dir: /root/userfolder/mmdetection/work_dirs/carafe2_voc
2021-01-11 20:51:48,777 - mmdet - INFO - workflow: [('train', 1)], max: 12 epochs
2021-01-11 20:52:09,724 - mmdet - INFO - Epoch [1][50/6207]	lr: 1.978e-03, eta: 8:36:48, time: 0.417, data_time: 0.153, memory: 2703, loss_rpn_cls: 0.3716, loss_rpn_bbox: 0.0248, loss_cls: 0.9754, acc: 87.8887, loss_bbox: 0.0616, loss: 1.4336
2021-01-11 20:52:27,200 - mmdet - INFO - Epoch [1][100/6207]	lr: 3.976e-03, eta: 7:54:35, time: 0.349, data_time: 0.093, memory: 2704, loss_rpn_cls: 0.0918, loss_rpn_bbox: 0.0242, loss_cls: 0.4132, acc: 96.1523, loss_bbox: 0.1514, loss: 0.6807
2021-01-11 20:52:44,671 - mmdet - INFO - Epoch [1][150/6207]	lr: 5.974e-03, eta: 7:40:34, time: 0.350, data_time: 0.090, memory: 2704, loss_rpn_cls: 0.0691, loss_rpn_bbox: 0.0214, loss_cls: 0.3575, acc: 95.8564, loss_bbox: 0.1646, loss: 0.6126
2021-01-11 20:53:02,211 - mmdet - INFO - Epoch [1][200/6207]	lr: 7.972e-03, eta: 7:33:50, time: 0.351, data_time: 0.092, memory: 2704, loss_rpn_cls: 0.0518, loss_rpn_bbox: 0.0206, loss_cls: 0.3530, acc: 95.3701, loss_bbox: 0.1850, loss: 0.6104
2021-01-11 20:53:19,686 - mmdet - INFO - Epoch [1][250/6207]	lr: 9.970e-03, eta: 7:29:11, time: 0.349, data_time: 0.092, memory: 2704, loss_rpn_cls: 0.0543, loss_rpn_bbox: 0.0247, loss_cls: 0.3187, acc: 95.1953, loss_bbox: 0.1890, loss: 0.5867
2021-01-11 20:53:37,166 - mmdet - INFO - Epoch [1][300/6207]	lr: 1.197e-02, eta: 7:26:10, time: 0.350, data_time: 0.097, memory: 2704, loss_rpn_cls: 0.0391, loss_rpn_bbox: 0.0201, loss_cls: 0.3107, acc: 95.3311, loss_bbox: 0.1876, loss: 0.5576
2021-01-11 20:53:54,640 - mmdet - INFO - Epoch [1][350/6207]	lr: 1.397e-02, eta: 7:23:49, time: 0.349, data_time: 0.095, memory: 2704, loss_rpn_cls: 0.0450, loss_rpn_bbox: 0.0233, loss_cls: 0.3126, acc: 94.5254, loss_bbox: 0.2181, loss: 0.5991
2021-01-11 20:54:12,183 - mmdet - INFO - Epoch [1][400/6207]	lr: 1.596e-02, eta: 7:22:15, time: 0.351, data_time: 0.096, memory: 2704, loss_rpn_cls: 0.0411, loss_rpn_bbox: 0.0220, loss_cls: 0.2677, acc: 94.6699, loss_bbox: 0.2030, loss: 0.5338
2021-01-11 20:54:29,581 - mmdet - INFO - Epoch [1][450/6207]	lr: 1.796e-02, eta: 7:20:34, time: 0.348, data_time: 0.091, memory: 2704, loss_rpn_cls: 0.0432, loss_rpn_bbox: 0.0217, loss_cls: 0.2873, acc: 94.4800, loss_bbox: 0.2033, loss: 0.5556
2021-01-11 20:54:46,966 - mmdet - INFO - Epoch [1][500/6207]	lr: 1.996e-02, eta: 7:19:07, time: 0.348, data_time: 0.093, memory: 2704, loss_rpn_cls: 0.0442, loss_rpn_bbox: 0.0250, loss_cls: 0.2618, acc: 94.3408, loss_bbox: 0.2101, loss: 0.5411
2021-01-11 20:55:04,491 - mmdet - INFO - Epoch [1][550/6207]	lr: 2.000e-02, eta: 7:18:11, time: 0.350, data_time: 0.096, memory: 2704, loss_rpn_cls: 0.0322, loss_rpn_bbox: 0.0189, loss_cls: 0.2415, acc: 94.7515, loss_bbox: 0.1984, loss: 0.4909
2021-01-11 20:55:22,118 - mmdet - INFO - Epoch [1][600/6207]	lr: 2.000e-02, eta: 7:17:34, time: 0.353, data_time: 0.089, memory: 2704, loss_rpn_cls: 0.0333, loss_rpn_bbox: 0.0202, loss_cls: 0.2407, acc: 94.4399, loss_bbox: 0.2093, loss: 0.5035
2021-01-11 20:55:39,720 - mmdet - INFO - Epoch [1][650/6207]	lr: 2.000e-02, eta: 7:16:57, time: 0.352, data_time: 0.092, memory: 2704, loss_rpn_cls: 0.0417, loss_rpn_bbox: 0.0220, loss_cls: 0.2427, acc: 94.4473, loss_bbox: 0.2020, loss: 0.5085
2021-01-11 20:55:57,210 - mmdet - INFO - Epoch [1][700/6207]	lr: 2.000e-02, eta: 7:16:10, time: 0.350, data_time: 0.095, memory: 2704, loss_rpn_cls: 0.0300, loss_rpn_bbox: 0.0221, loss_cls: 0.2440, acc: 94.2427, loss_bbox: 0.2114, loss: 0.5075
